#
# A fatal error has been detected by the Java Runtime Environment:
#
#  SIGSEGV (0xb) at pc=0x690088b7, pid=5535, tid=1762593600
#
# JRE version: 6.0_27-b27
# Java VM: OpenJDK Server VM (20.0-b12 mixed mode linux-x86 )
# Derivative: IcedTea6 1.12.6
# Distribution: Ubuntu 12.04 LTS, package 6b27-1.12.6-1ubuntu0.12.04.4
# Problematic frame:
# C  [libsynergy2416.so+0x48b7]  _get_enroll_count+0x22
#
# If you would like to submit a bug report, please include
# instructions how to reproduce the bug and visit:
#   https://bugs.launchpad.net/ubuntu/+source/openjdk-6/
# The crash happened outside the Java Virtual Machine in native code.
# See problematic frame for where to report the bug.
#

---------------  T H R E A D  ---------------

Current thread (0x68d25000):  JavaThread "AWT-EventQueue-0" [_thread_in_native, id=5560, stack(0x690a0000,0x690f1000)]

siginfo:si_signo=SIGSEGV: si_errno=0, si_code=1 (SEGV_MAPERR), si_addr=0x00000000

Registers:
EAX=0x00000000, EBX=0x6bf8e308, ECX=0x68d25120, EDX=0x00000000
ESP=0x690ef400, EBP=0x690ef410, ESI=0x6bf8e308, EDI=0x68d25000
EIP=0x690088b7, EFLAGS=0x00210297, CR2=0x00000000

Top of Stack: (sp=0x690ef400)
0x690ef400:   b6c34d60 69502664 00000000 00000000
0x690ef410:   690ef418 69009261 690ef458 69007fc3
0x690ef420:   690ef4d0 690ef4a0 b35a07d4 b3590688
0x690ef430:   00000000 690ef4c0 690ef4a0 00000000
0x690ef440:   00000000 6bf8e308 68d25000 690ef490
0x690ef450:   b3598548 68d25000 690ef490 b359864a
0x690ef460:   68d25120 690ef498 690ef4d0 690ef4d0
0x690ef470:   690ef470 6bf8e308 690ef49c 6bf8f0c8 

Instructions: (pc=0x690088b7)
0x69008897:   e5 83 ec 10 c7 45 f8 00 00 00 00 c7 45 fc 00 00
0x690088a7:   00 00 eb 1b 8b 15 e4 da 00 69 8b 45 fc 8d 04 02
0x690088b7:   0f b6 00 84 c0 74 04 83 45 f8 01 83 45 fc 01 a1
0x690088c7:   10 d0 00 69 39 45 fc 7c db 8b 45 f8 c9 c3 55 89 

Register to memory mapping:

EAX=0x00000000 is an unknown value
EBX=0x6bf8e308 is an oop
{method} 
 - klass: {other class}
ECX=0x68d25120 is an unknown value
EDX=0x00000000 is an unknown value
ESP=0x690ef400 is pointing into the stack for thread: 0x68d25000
EBP=0x690ef410 is pointing into the stack for thread: 0x68d25000
ESI=0x6bf8e308 is an oop
{method} 
 - klass: {other class}
EDI=0x68d25000 is a thread


Stack: [0x690a0000,0x690f1000],  sp=0x690ef400,  free space=317k
Native frames: (J=compiled Java code, j=interpreted, Vv=VM code, C=native code)
C  [libsynergy2416.so+0x48b7]  _get_enroll_count+0x22
C  [libsynergy2416.so+0x5261]  hlpGetEnrollCount+0x8
C  [libsynergy2416.so+0x3fc3]  Java_com_adp_clocks_synergy2416_demo_FPU_FP_1IDENTIFY_1EMPLOYEE+0x19
j  com.adp.clocks.synergy2416.demo.FPU.FP_IDENTIFY_EMPLOYEE()I+0
j  com.adp.clocks.synergy2416.demo.FPU.identifyEmployee()Ljava/lang/String;+0
j  com.adp.clocks.synergy2416.demo.WelcomeForm$IdentifyEmployee.doInBackground()Ljava/lang/String;+0
j  com.adp.clocks.synergy2416.demo.WelcomeForm$IdentifyEmployee.doInBackground()Ljava/lang/Object;+1
j  javax.swing.SwingWorker$1.call()Ljava/lang/Object;+14
j  java.util.concurrent.FutureTask$Sync.innerRun()V+29
j  java.util.concurrent.FutureTask.run()V+4
j  javax.swing.SwingWorker.run()V+4
j  com.adp.clocks.synergy2416.demo.WelcomeForm.IdentifyEmp()V+31
j  com.adp.clocks.synergy2416.demo.EventController.loadWelcomeForm()V+53
j  com.adp.clocks.synergy2416.demo.EventController.returnToMain()V+155
j  com.adp.clocks.synergy2416.demo.EventController.clockStatusChanged(Lcom/adp/clocks/synergy2416/demo/ClockEventDispatcher$CLOCK_STATUS;)V+32
j  com.adp.clocks.synergy2416.demo.ClockEventDispatcher.emit(Lcom/adp/clocks/synergy2416/demo/ClockEventDispatcher$CLOCK_STATUS;)V+25
j  com.adp.clocks.synergy2416.demo.ClockEventDispatcher.diffAndEmit(Lcom/adp/clocks/synergy2416/demo/ClockEventDispatcher$CLOCK_STATUS;)V+13
j  com.adp.clocks.synergy2416.demo.ClockEventDispatcher.initialize()V+26
j  com.adp.clocks.synergy2416.demo.MainWindow.startMainThread()V+56
j  com.adp.clocks.synergy2416.demo.MainWindow.access$0()V+0
j  com.adp.clocks.synergy2416.demo.MainWindow$1.run()V+0
j  java.awt.event.InvocationEvent.dispatch()V+11
j  java.awt.EventQueue.dispatchEventImpl(Ljava/awt/AWTEvent;Ljava/lang/Object;)V+21
j  java.awt.EventQueue.access$300(Ljava/awt/EventQueue;Ljava/awt/AWTEvent;Ljava/lang/Object;)V+3
j  java.awt.EventQueue$2.run()Ljava/lang/Void;+12
j  java.awt.EventQueue$2.run()Ljava/lang/Object;+1
v  ~StubRoutines::call_stub
V  [libjvm.so+0x39b846]  JavaCalls::call_helper(JavaValue*, methodHandle*, JavaCallArguments*, Thread*)+0x2c6

Java frames: (J=compiled Java code, j=interpreted, Vv=VM code)
j  com.adp.clocks.synergy2416.demo.FPU.FP_IDENTIFY_EMPLOYEE()I+0
j  com.adp.clocks.synergy2416.demo.FPU.identifyEmployee()Ljava/lang/String;+0
j  com.adp.clocks.synergy2416.demo.WelcomeForm$IdentifyEmployee.doInBackground()Ljava/lang/String;+0
j  com.adp.clocks.synergy2416.demo.WelcomeForm$IdentifyEmployee.doInBackground()Ljava/lang/Object;+1
j  javax.swing.SwingWorker$1.call()Ljava/lang/Object;+14
j  java.util.concurrent.FutureTask$Sync.innerRun()V+29
j  java.util.concurrent.FutureTask.run()V+4
j  javax.swing.SwingWorker.run()V+4
j  com.adp.clocks.synergy2416.demo.WelcomeForm.IdentifyEmp()V+31
j  com.adp.clocks.synergy2416.demo.EventController.loadWelcomeForm()V+53
j  com.adp.clocks.synergy2416.demo.EventController.returnToMain()V+155
j  com.adp.clocks.synergy2416.demo.EventController.clockStatusChanged(Lcom/adp/clocks/synergy2416/demo/ClockEventDispatcher$CLOCK_STATUS;)V+32
j  com.adp.clocks.synergy2416.demo.ClockEventDispatcher.emit(Lcom/adp/clocks/synergy2416/demo/ClockEventDispatcher$CLOCK_STATUS;)V+25
j  com.adp.clocks.synergy2416.demo.ClockEventDispatcher.diffAndEmit(Lcom/adp/clocks/synergy2416/demo/ClockEventDispatcher$CLOCK_STATUS;)V+13
j  com.adp.clocks.synergy2416.demo.ClockEventDispatcher.initialize()V+26
j  com.adp.clocks.synergy2416.demo.MainWindow.startMainThread()V+56
j  com.adp.clocks.synergy2416.demo.MainWindow.access$0()V+0
j  com.adp.clocks.synergy2416.demo.MainWindow$1.run()V+0
j  java.awt.event.InvocationEvent.dispatch()V+11
j  java.awt.EventQueue.dispatchEventImpl(Ljava/awt/AWTEvent;Ljava/lang/Object;)V+21
j  java.awt.EventQueue.access$300(Ljava/awt/EventQueue;Ljava/awt/AWTEvent;Ljava/lang/Object;)V+3
j  java.awt.EventQueue$2.run()Ljava/lang/Void;+12
j  java.awt.EventQueue$2.run()Ljava/lang/Object;+1
v  ~StubRoutines::call_stub
j  java.security.AccessController.doPrivileged(Ljava/security/PrivilegedAction;Ljava/security/AccessControlContext;)Ljava/lang/Object;+0
j  java.security.AccessControlContext$1.doIntersectionPrivilege(Ljava/security/PrivilegedAction;Ljava/security/AccessControlContext;Ljava/security/AccessControlContext;)Ljava/lang/Object;+28
j  java.awt.EventQueue.dispatchEvent(Ljava/awt/AWTEvent;)V+46
j  java.awt.EventDispatchThread.pumpOneEventForFilters(I)Z+192
j  java.awt.EventDispatchThread.pumpEventsForFilter(ILjava/awt/Conditional;Ljava/awt/EventFilter;)V+30
j  java.awt.EventDispatchThread.pumpEventsForHierarchy(ILjava/awt/Conditional;Ljava/awt/Component;)V+11
j  java.awt.EventDispatchThread.pumpEvents(ILjava/awt/Conditional;)V+4
j  java.awt.EventDispatchThread.pumpEvents(Ljava/awt/Conditional;)V+3
j  java.awt.EventDispatchThread.run()V+9
v  ~StubRoutines::call_stub

---------------  P R O C E S S  ---------------

Java Threads: ( => current thread )
  0x687cc400 JavaThread "pool-1-thread-1" [_thread_in_native, id=5564, stack(0x6880d000,0x6885e000)]
  0x6876b000 JavaThread "Timer-0" [_thread_blocked, id=5563, stack(0x6885e000,0x688af000)]
  0x68757400 JavaThread "TimerQueue" daemon [_thread_blocked, id=5562, stack(0x688af000,0x68900000)]
  0x69bbc000 JavaThread "Image Fetcher 0" daemon [_thread_blocked, id=5561, stack(0x68c1f000,0x68c70000)]
=>0x68d25000 JavaThread "AWT-EventQueue-0" [_thread_in_native, id=5560, stack(0x690a0000,0x690f1000)]
  0x68d24400 JavaThread "AWT-Shutdown" [_thread_blocked, id=5559, stack(0x6962e000,0x6967f000)]
  0x68d23800 JavaThread "AWT-XAWT" daemon [_thread_in_native, id=5558, stack(0x69e19000,0x69e6a000)]
  0x69782c00 JavaThread "Java2D Disposer" daemon [_thread_blocked, id=5557, stack(0x6a22e000,0x6a27f000)]
  0x69706400 JavaThread "Low Memory Detector" daemon [_thread_blocked, id=5555, stack(0x6a82e000,0x6a87f000)]
  0x69704800 JavaThread "C2 CompilerThread1" daemon [_thread_blocked, id=5554, stack(0x6967f000,0x69700000)]
  0x69702800 JavaThread "C2 CompilerThread0" daemon [_thread_blocked, id=5553, stack(0x69e6a000,0x69eeb000)]
  0x69701400 JavaThread "Signal Dispatcher" daemon [_thread_blocked, id=5552, stack(0x6aa2e000,0x6aa7f000)]
  0xb66f0c00 JavaThread "Finalizer" daemon [_thread_blocked, id=5551, stack(0x6ac2e000,0x6ac7f000)]
  0xb66ef400 JavaThread "Reference Handler" daemon [_thread_blocked, id=5550, stack(0x6ae2e000,0x6ae7f000)]
  0xb6605c00 JavaThread "main" [_thread_blocked, id=5540, stack(0xb671d000,0xb676e000)]

Other Threads:
  0xb66ec800 VMThread [stack: 0x69eeb000,0x69f6c000] [id=5549]
  0x69710400 WatcherThread [stack: 0x6937f000,0x69400000] [id=5556]

VM state:not at safepoint (normal execution)

VM Mutex/Monitor currently owned by a thread: None

Heap
 PSYoungGen      total 19136K, used 8793K [0x9df70000, 0x9f4c0000, 0xb34c0000)
  eden space 16448K, 37% used [0x9df70000,0x9e566710,0x9ef80000)
  from space 2688K, 99% used [0x9ef80000,0x9f21fd48,0x9f220000)
  to   space 2688K, 0% used [0x9f220000,0x9f220000,0x9f4c0000)
 PSOldGen        total 43712K, used 494K [0x734c0000, 0x75f70000, 0x9df70000)
  object space 43712K, 1% used [0x734c0000,0x7353b810,0x75f70000)
 PSPermGen       total 16384K, used 11368K [0x6b4c0000, 0x6c4c0000, 0x734c0000)
  object space 16384K, 69% used [0x6b4c0000,0x6bfda048,0x6c4c0000)

Code Cache  [0xb358e000, 0xb37ce000, 0xb658e000)
 total_blobs=340 nmethods=108 adapters=186 free_code_cache=49695552 largest_free_block=14528

Dynamic libraries:
08048000-08051000 r-xp 00000000 08:01 1839571    /usr/lib/jvm/java-6-openjdk-i386/jre/bin/java
08051000-08052000 r--p 00008000 08:01 1839571    /usr/lib/jvm/java-6-openjdk-i386/jre/bin/java
08052000-08053000 rw-p 00009000 08:01 1839571    /usr/lib/jvm/java-6-openjdk-i386/jre/bin/java
08c6c000-08c8d000 rw-p 00000000 00:00 0          [heap]
6374b000-6374c000 ---p 00000000 00:00 0 
6374c000-63f4c000 rw-p 00000000 00:00 0          [stack:5567]
63f4c000-67f4d000 rw-s 00000000 00:12 48175      /run/shm/pulse-shm-2463612627
67f4d000-67f60000 r-xp 00000000 08:01 252403     /lib/i386-linux-gnu/libresolv-2.15.so
67f60000-67f61000 ---p 00013000 08:01 252403     /lib/i386-linux-gnu/libresolv-2.15.so
67f61000-67f62000 r--p 00013000 08:01 252403     /lib/i386-linux-gnu/libresolv-2.15.so
67f62000-67f63000 rw-p 00014000 08:01 252403     /lib/i386-linux-gnu/libresolv-2.15.so
67f63000-67f65000 rw-p 00000000 00:00 0 
67f65000-680cb000 r-xp 00000000 08:01 17364      /usr/lib/i386-linux-gnu/libvorbisenc.so.2.0.8
680cb000-680dc000 r--p 00165000 08:01 17364      /usr/lib/i386-linux-gnu/libvorbisenc.so.2.0.8
680dc000-680dd000 rw-p 00176000 08:01 17364      /usr/lib/i386-linux-gnu/libvorbisenc.so.2.0.8
680dd000-68129000 r-xp 00000000 08:01 16731      /usr/lib/i386-linux-gnu/libFLAC.so.8.2.0
68129000-6812a000 r--p 0004b000 08:01 16731      /usr/lib/i386-linux-gnu/libFLAC.so.8.2.0
6812a000-6812b000 rw-p 0004c000 08:01 16731      /usr/lib/i386-linux-gnu/libFLAC.so.8.2.0
6812b000-68197000 r-xp 00000000 08:01 17307      /usr/lib/i386-linux-gnu/libsndfile.so.1.0.25
68197000-68198000 r--p 0006c000 08:01 17307      /usr/lib/i386-linux-gnu/libsndfile.so.1.0.25
68198000-68199000 rw-p 0006d000 08:01 17307      /usr/lib/i386-linux-gnu/libsndfile.so.1.0.25
68199000-6819d000 rw-p 00000000 00:00 0 
6819d000-681e4000 r-xp 00000000 08:01 252249     /lib/i386-linux-gnu/libdbus-1.so.3.5.8
681e4000-681e5000 r--p 00047000 08:01 252249     /lib/i386-linux-gnu/libdbus-1.so.3.5.8
681e5000-681e6000 rw-p 00048000 08:01 252249     /lib/i386-linux-gnu/libdbus-1.so.3.5.8
681e6000-68249000 r-xp 00000000 08:01 12624      /usr/lib/i386-linux-gnu/libpulsecommon-1.1.so
68249000-6824a000 r--p 00062000 08:01 12624      /usr/lib/i386-linux-gnu/libpulsecommon-1.1.so
6824a000-6824b000 rw-p 00063000 08:01 12624      /usr/lib/i386-linux-gnu/libpulsecommon-1.1.so
6824b000-68297000 r-xp 00000000 08:01 12623      /usr/lib/i386-linux-gnu/libpulse.so.0.13.5
68297000-68298000 r--p 0004b000 08:01 12623      /usr/lib/i386-linux-gnu/libpulse.so.0.13.5
68298000-68299000 rw-p 0004c000 08:01 12623      /usr/lib/i386-linux-gnu/libpulse.so.0.13.5
68299000-68386000 r-xp 00000000 08:01 16845      /usr/lib/i386-linux-gnu/libasound.so.2.0.0
68386000-6838a000 r--p 000ec000 08:01 16845      /usr/lib/i386-linux-gnu/libasound.so.2.0.0
6838a000-6838b000 rw-p 000f0000 08:01 16845      /usr/lib/i386-linux-gnu/libasound.so.2.0.0
6838b000-683ac000 r-xp 00000000 08:01 17358      /usr/lib/i386-linux-gnu/libv4lconvert.so.0
683ac000-683ad000 r--p 00021000 08:01 17358      /usr/lib/i386-linux-gnu/libv4lconvert.so.0
683ad000-683ae000 rw-p 00022000 08:01 17358      /usr/lib/i386-linux-gnu/libv4lconvert.so.0
683ae000-68400000 rw-p 00000000 00:00 0 
68400000-685fe000 rw-p 00000000 00:00 0 
685fe000-68600000 ---p 00000000 00:00 0 
68600000-686f4000 rw-p 00000000 00:00 0 
686f4000-68700000 ---p 00000000 00:00 0 
68700000-687e6000 rw-p 00000000 00:00 0 
687e6000-68800000 ---p 00000000 00:00 0 
6880d000-68810000 ---p 00000000 00:00 0 
68810000-6885e000 rw-p 00000000 00:00 0          [stack:5564]
6885e000-68861000 ---p 00000000 00:00 0 
68861000-688af000 rw-p 00000000 00:00 0          [stack:5563]
688af000-688b2000 ---p 00000000 00:00 0 
688b2000-68900000 rw-p 00000000 00:00 0          [stack:5562]
68900000-689dc000 rw-p 00000000 00:00 0 
689dc000-68a00000 ---p 00000000 00:00 0 
68a0b000-68a34000 r-xp 00000000 08:01 17362      /usr/lib/i386-linux-gnu/libvorbis.so.0.4.5
68a34000-68a35000 r--p 00028000 08:01 17362      /usr/lib/i386-linux-gnu/libvorbis.so.0.4.5
68a35000-68a36000 rw-p 00029000 08:01 17362      /usr/lib/i386-linux-gnu/libvorbis.so.0.4.5
68a36000-68abc000 rw-p 00000000 00:00 0 
68abc000-68ac2000 r-xp 00000000 08:01 17212      /usr/lib/i386-linux-gnu/libogg.so.0.7.1
68ac2000-68ac3000 r--p 00005000 08:01 17212      /usr/lib/i386-linux-gnu/libogg.so.0.7.1
68ac3000-68ac4000 rw-p 00006000 08:01 17212      /usr/lib/i386-linux-gnu/libogg.so.0.7.1
68ac4000-68ac9000 r-xp 00000000 08:01 16847      /usr/lib/i386-linux-gnu/libasyncns.so.0.3.1
68ac9000-68aca000 r--p 00004000 08:01 16847      /usr/lib/i386-linux-gnu/libasyncns.so.0.3.1
68aca000-68acb000 rw-p 00005000 08:01 16847      /usr/lib/i386-linux-gnu/libasyncns.so.0.3.1
68acb000-68ad3000 r-xp 00000000 08:01 252334     /lib/i386-linux-gnu/libwrap.so.0.7.6
68ad3000-68ad4000 r--p 00007000 08:01 252334     /lib/i386-linux-gnu/libwrap.so.0.7.6
68ad4000-68ad5000 rw-p 00008000 08:01 252334     /lib/i386-linux-gnu/libwrap.so.0.7.6
68add000-68ae2000 r-xp 00000000 08:01 17411      /usr/lib/i386-linux-gnu/alsa-lib/libasound_module_pcm_pulse.so
68ae2000-68ae3000 r--p 00004000 08:01 17411      /usr/lib/i386-linux-gnu/alsa-lib/libasound_module_pcm_pulse.so
68ae3000-68ae4000 rw-p 00005000 08:01 17411      /usr/lib/i386-linux-gnu/alsa-lib/libasound_module_pcm_pulse.so
68ae4000-68aeb000 r--s 00000000 08:01 14251      /usr/lib/i386-linux-gnu/gconv/gconv-modules.cache
68aeb000-68afe000 r-xp 00000000 08:01 8712       /usr/lib/libvideo.so.0
68afe000-68aff000 r--p 00012000 08:01 8712       /usr/lib/libvideo.so.0
68aff000-68b00000 rw-p 00013000 08:01 8712       /usr/lib/libvideo.so.0
68b00000-68bfe000 rw-p 00000000 00:00 0 
68bfe000-68c00000 ---p 00000000 00:00 0 
68c06000-68c0c000 r-xp 00000000 08:01 17146      /usr/lib/i386-linux-gnu/libjson.so.0.0.1
68c0c000-68c0d000 r--p 00005000 08:01 17146      /usr/lib/i386-linux-gnu/libjson.so.0.0.1
68c0d000-68c0e000 rw-p 00006000 08:01 17146      /usr/lib/i386-linux-gnu/libjson.so.0.0.1
68c0e000-68c1d000 r-xp 00000000 08:01 1839790    /usr/lib/jvm/java-6-openjdk-i386/jre/lib/i386/libjsoundalsa.so
68c1d000-68c1e000 r--p 0000e000 08:01 1839790    /usr/lib/jvm/java-6-openjdk-i386/jre/lib/i386/libjsoundalsa.so
68c1e000-68c1f000 rw-p 0000f000 08:01 1839790    /usr/lib/jvm/java-6-openjdk-i386/jre/lib/i386/libjsoundalsa.so
68c1f000-68c22000 ---p 00000000 00:00 0 
68c22000-68c70000 rw-p 00000000 00:00 0          [stack:5561]
68c70000-68cbe000 r--s 008b6000 08:01 2243423    /opt/eclipse-standard/plugins/com.ibm.icu_50.1.1.v201304230130.jar
68cbe000-68d00000 r--s 00367000 08:01 2243377    /opt/eclipse-standard/plugins/org.eclipse.ui.workbench_3.105.1.v20130821-1411.jar
68d00000-68d29000 rw-p 00000000 00:00 0 
68d29000-68e00000 ---p 00000000 00:00 0 
68e00000-68eeb000 rw-p 00000000 00:00 0 
68eeb000-68f00000 ---p 00000000 00:00 0 
68f00000-68ffd000 rw-p 00000000 00:00 0 
68ffd000-69000000 ---p 00000000 00:00 0 
69004000-6900c000 r-xp 00000000 08:01 524557     /usr/lib/jni/libsynergy2416.so
6900c000-6900d000 r--p 00007000 08:01 524557     /usr/lib/jni/libsynergy2416.so
6900d000-6900e000 rw-p 00008000 08:01 524557     /usr/lib/jni/libsynergy2416.so
6900e000-6901d000 r-xp 00000000 08:01 524448     /usr/lib/jni/libv4l4j.so
6901d000-6901e000 r--p 0000e000 08:01 524448     /usr/lib/jni/libv4l4j.so
6901e000-6901f000 rw-p 0000f000 08:01 524448     /usr/lib/jni/libv4l4j.so
6901f000-69034000 r-xp 00000000 08:01 1839614    /usr/lib/jvm/java-6-openjdk-i386/jre/lib/i386/libnet.so
69034000-69035000 r--p 00014000 08:01 1839614    /usr/lib/jvm/java-6-openjdk-i386/jre/lib/i386/libnet.so
69035000-69036000 rw-p 00015000 08:01 1839614    /usr/lib/jvm/java-6-openjdk-i386/jre/lib/i386/libnet.so
69036000-69049000 r--s 000e0000 08:01 2243213    /opt/eclipse-standard/plugins/org.eclipse.jface.text_3.8.101.v20130802-1147.jar
69049000-6908e000 r-xp 00000000 08:01 11892      /usr/lib/i386-linux-gnu/libjpeg.so.8.0.2
6908e000-6908f000 r--p 00044000 08:01 11892      /usr/lib/i386-linux-gnu/libjpeg.so.8.0.2
6908f000-69090000 rw-p 00045000 08:01 11892      /usr/lib/i386-linux-gnu/libjpeg.so.8.0.2
69090000-690a0000 rw-p 00000000 00:00 0 
690a0000-690a3000 ---p 00000000 00:00 0 
690a3000-690f1000 rw-p 00000000 00:00 0          [stack:5560]
690f1000-69186000 r-xp 00000000 08:01 16989      /usr/lib/i386-linux-gnu/libfreetype.so.6.8.0
69186000-6918a000 r--p 00094000 08:01 16989      /usr/lib/i386-linux-gnu/libfreetype.so.6.8.0
6918a000-6918b000 rw-p 00098000 08:01 16989      /usr/lib/i386-linux-gnu/libfreetype.so.6.8.0
6918b000-692bb000 r-xp 00000000 08:01 14323      /usr/lib/i386-linux-gnu/libX11.so.6.3.0
692bb000-692bc000 r--p 0012f000 08:01 14323      /usr/lib/i386-linux-gnu/libX11.so.6.3.0
692bc000-692be000 rw-p 00130000 08:01 14323      /usr/lib/i386-linux-gnu/libX11.so.6.3.0
692be000-692bf000 rw-p 00000000 00:00 0 
692bf000-69353000 r-xp 00000000 08:01 1839605    /usr/lib/jvm/java-6-openjdk-i386/jre/lib/i386/libawt.so
69353000-69354000 r--p 00093000 08:01 1839605    /usr/lib/jvm/java-6-openjdk-i386/jre/lib/i386/libawt.so
69354000-6935b000 rw-p 00094000 08:01 1839605    /usr/lib/jvm/java-6-openjdk-i386/jre/lib/i386/libawt.so
6935b000-6937f000 rw-p 00000000 00:00 0 
6937f000-69380000 ---p 00000000 00:00 0 
69380000-69400000 rw-p 00000000 00:00 0          [stack:5556]
69400000-694f9000 rw-p 00000000 00:00 0 
694f9000-69500000 ---p 00000000 00:00 0 
69500000-695f9000 rw-p 00000000 00:00 0 
695f9000-69600000 ---p 00000000 00:00 0 
69604000-6962c000 r-xp 00000000 08:01 252306     /lib/i386-linux-gnu/libpng12.so.0.46.0
6962c000-6962d000 r--p 00027000 08:01 252306     /lib/i386-linux-gnu/libpng12.so.0.46.0
6962d000-6962e000 rw-p 00028000 08:01 252306     /lib/i386-linux-gnu/libpng12.so.0.46.0
6962e000-69631000 ---p 00000000 00:00 0 
69631000-6967f000 rw-p 00000000 00:00 0          [stack:5559]
6967f000-69682000 ---p 00000000 00:00 0 
69682000-69700000 rw-p 00000000 00:00 0          [stack:5554]
69700000-697fc000 rw-p 00000000 00:00 0 
697fc000-69800000 ---p 00000000 00:00 0 
69800000-69821000 rw-p 00000000 00:00 0 
69821000-69900000 ---p 00000000 00:00 0 
69900000-69b00000 r--p 00000000 08:01 19412      /usr/lib/locale/locale-archive
69b00000-69be7000 rw-p 00000000 00:00 0 
69be7000-69c00000 ---p 00000000 00:00 0 
69c00000-69c21000 rw-p 00000000 00:00 0 
69c21000-69d00000 ---p 00000000 00:00 0 
69d00000-69d5e000 rw-p 00000000 00:00 0 
69d5e000-69e00000 ---p 00000000 00:00 0 
69e02000-69e03000 r-xp 00000000 08:01 1839628    /usr/lib/jvm/java-6-openjdk-i386/jre/lib/i386/libjsound.so
69e03000-69e04000 r--p 00000000 08:01 1839628    /usr/lib/jvm/java-6-openjdk-i386/jre/lib/i386/libjsound.so
69e04000-69e05000 rw-p 00001000 08:01 1839628    /usr/lib/jvm/java-6-openjdk-i386/jre/lib/i386/libjsound.so
69e05000-69e19000 r--s 000f9000 08:01 2243526    /opt/eclipse-standard/plugins/org.eclipse.jface_3.9.1.v20130725-1141.jar
69e19000-69e1c000 ---p 00000000 00:00 0 
69e1c000-69e6a000 rw-p 00000000 00:00 0          [stack:5558]
69e6a000-69e6d000 ---p 00000000 00:00 0 
69e6d000-69eeb000 rw-p 00000000 00:00 0          [stack:5553]
69eeb000-69eec000 ---p 00000000 00:00 0 
69eec000-69f6c000 rw-p 00000000 00:00 0          [stack:5549]
69f6c000-6a100000 r--s 03822000 08:01 1839584    /usr/lib/jvm/java-6-openjdk-i386/jre/lib/rt.jar
6a100000-6a121000 rw-p 00000000 00:00 0 
6a121000-6a200000 ---p 00000000 00:00 0 
6a200000-6a208000 r-xp 00000000 08:01 1839626    /usr/lib/jvm/java-6-openjdk-i386/jre/lib/i386/libnio.so
6a208000-6a209000 r--p 00007000 08:01 1839626    /usr/lib/jvm/java-6-openjdk-i386/jre/lib/i386/libnio.so
6a209000-6a20a000 rw-p 00008000 08:01 1839626    /usr/lib/jvm/java-6-openjdk-i386/jre/lib/i386/libnio.so
6a20a000-6a20d000 r--s 0007f000 08:01 1839014    /usr/lib/jvm/java-6-openjdk-common/jre/lib/jsse.jar
6a20d000-6a210000 r--s 00019000 08:01 864259     /home/chaol/workspace-java/ADP-Demo-GUI/src/com/adp/clocks/synergy2416/res/v4l4j.jar
6a210000-6a225000 r--s 0023a000 08:01 2243675    /opt/eclipse-standard/plugins/org.eclipse.swt.gtk.linux.x86_3.102.1.v20130827-2048.jar
6a225000-6a22b000 r--s 00000000 08:01 3565       /var/cache/fontconfig/945677eb7aeaf62f1d50efc3fb3ec7d8-le32d4.cache-3
6a22b000-6a22e000 r--s 00000000 08:01 519519     /var/cache/fontconfig/99e8ed0e538f840c565b6ed5dad60d56-le32d4.cache-3
6a22e000-6a231000 ---p 00000000 00:00 0 
6a231000-6a27f000 rw-p 00000000 00:00 0          [stack:5557]
6a27f000-6a280000 ---p 00000000 00:00 0 
6a280000-6a300000 rw-p 00000000 00:00 0          [stack:5548]
6a300000-6a321000 rw-p 00000000 00:00 0 
6a321000-6a400000 ---p 00000000 00:00 0 
6a402000-6a407000 r--s 00045000 08:01 2243421    /opt/eclipse-standard/plugins/org.eclipse.ui.forms_3.6.1.v20130822-1117.jar
6a407000-6a40c000 r--s 00038000 08:01 2243571    /opt/eclipse-standard/plugins/org.eclipse.text_3.5.300.v20130515-1451.jar
6a40c000-6a40f000 r--s 0002a000 08:01 2243555    /opt/eclipse-standard/plugins/org.eclipse.equinox.registry_3.5.301.v20130717-1549.jar
6a40f000-6a417000 r-xp 00000000 08:01 1839774    /usr/lib/i386-linux-gnu/libgif.so.4.1.6
6a417000-6a418000 r--p 00007000 08:01 1839774    /usr/lib/i386-linux-gnu/libgif.so.4.1.6
6a418000-6a419000 rw-p 00008000 08:01 1839774    /usr/lib/i386-linux-gnu/libgif.so.4.1.6
6a41b000-6a42f000 r--s 00140000 08:01 2243684    /opt/eclipse-standard/plugins/org.eclipse.osgi_3.9.1.v20130814-1242.jar
6a42f000-6a433000 r-xp 00000000 08:01 13641      /usr/lib/i386-linux-gnu/libXfixes.so.3.1.0
6a433000-6a434000 r--p 00004000 08:01 13641      /usr/lib/i386-linux-gnu/libXfixes.so.3.1.0
6a434000-6a435000 rw-p 00005000 08:01 13641      /usr/lib/i386-linux-gnu/libXfixes.so.3.1.0
6a435000-6a47d000 r-xp 00000000 08:01 1839595    /usr/lib/jvm/java-6-openjdk-i386/jre/lib/i386/libfontmanager.so
6a47d000-6a47e000 r--p 00048000 08:01 1839595    /usr/lib/jvm/java-6-openjdk-i386/jre/lib/i386/libfontmanager.so
6a47e000-6a47f000 rw-p 00049000 08:01 1839595    /usr/lib/jvm/java-6-openjdk-i386/jre/lib/i386/libfontmanager.so
6a47f000-6a480000 ---p 00000000 00:00 0 
6a480000-6a500000 rw-p 00000000 00:00 0          [stack:5547]
6a500000-6a521000 rw-p 00000000 00:00 0 
6a521000-6a600000 ---p 00000000 00:00 0 
6a600000-6a601000 rw-p 00000000 00:00 0 
6a601000-6a602000 r--s 00000000 08:01 3570       /var/cache/fontconfig/c05880de57d1f5e948fdfacc138775d9-le32d4.cache-3
6a602000-6a605000 r--s 00000000 08:01 3552       /var/cache/fontconfig/2cd17615ca594fa2959ae173292e504c-le32d4.cache-3
6a605000-6a607000 rw-p 00000000 00:00 0 
6a607000-6a610000 r-xp 00000000 08:01 16793      /usr/lib/i386-linux-gnu/libXcursor.so.1.0.2
6a610000-6a611000 r--p 00008000 08:01 16793      /usr/lib/i386-linux-gnu/libXcursor.so.1.0.2
6a611000-6a612000 rw-p 00009000 08:01 16793      /usr/lib/i386-linux-gnu/libXcursor.so.1.0.2
6a612000-6a614000 r--s 00010000 08:01 2243198    /opt/eclipse-standard/plugins/org.eclipse.core.runtime_3.9.0.v20130326-1255.jar
6a614000-6a617000 r--s 00018000 08:01 2243752    /opt/eclipse-standard/plugins/org.eclipse.equinox.common_3.6.200.v20130402-1505.jar
6a617000-6a61a000 r--s 00018000 08:01 2243511    /opt/eclipse-standard/plugins/org.eclipse.core.commands_3.6.100.v20130515-1857.jar
6a61a000-6a61b000 rw-p 00000000 00:00 0 
6a61b000-6a624000 r-xp 00000000 08:01 1839791    /usr/lib/jvm/java-6-openjdk-i386/jre/lib/i386/libsplashscreen.so
6a624000-6a625000 r--p 00008000 08:01 1839791    /usr/lib/jvm/java-6-openjdk-i386/jre/lib/i386/libsplashscreen.so
6a625000-6a626000 rw-p 00009000 08:01 1839791    /usr/lib/jvm/java-6-openjdk-i386/jre/lib/i386/libsplashscreen.so
6a626000-6a628000 rw-p 00000000 00:00 0 
6a628000-6a62f000 r--s 000fc000 08:01 1838998    /usr/lib/jvm/java-6-openjdk-common/jre/lib/resources.jar
6a62f000-6a67b000 r-xp 00000000 08:01 1839789    /usr/lib/jvm/java-6-openjdk-i386/jre/lib/i386/xawt/libmawt.so
6a67b000-6a67c000 r--p 0004b000 08:01 1839789    /usr/lib/jvm/java-6-openjdk-i386/jre/lib/i386/xawt/libmawt.so
6a67c000-6a67e000 rw-p 0004c000 08:01 1839789    /usr/lib/jvm/java-6-openjdk-i386/jre/lib/i386/xawt/libmawt.so
6a67e000-6a67f000 rw-p 00000000 00:00 0 
6a67f000-6a680000 ---p 00000000 00:00 0 
6a680000-6a700000 rw-p 00000000 00:00 0          [stack:5546]
6a700000-6a721000 rw-p 00000000 00:00 0 
6a721000-6a800000 ---p 00000000 00:00 0 
6a800000-6a801000 r--s 00000000 08:01 3577       /var/cache/fontconfig/e7071f4a29fa870f4323321c154eba04-le32d4.cache-3
6a801000-6a802000 r--s 00000000 08:01 3550       /var/cache/fontconfig/0d8c3b2ac0904cb8a57a757ad11a4a08-le32d4.cache-3
6a802000-6a806000 r--s 00000000 08:01 3567       /var/cache/fontconfig/a755afe4a08bf5b97852ceb7400b47bc-le32d4.cache-3
6a806000-6a80d000 r--s 00000000 08:01 1579180    /var/cache/fontconfig/6d41288fd70b0be22e8c3a91e032eec0-le32d4.cache-3
6a80d000-6a818000 r--s 00000000 08:01 3549       /var/cache/fontconfig/04aabc0a78ac019cf9454389977116d2-le32d4.cache-3
6a818000-6a81b000 r--s 00000000 08:01 3555       /var/cache/fontconfig/385c0604a188198f04d133e54aba7fe7-le32d4.cache-3
6a81b000-6a81e000 r--s 00000000 08:01 3564       /var/cache/fontconfig/8801497958630a81b71ace7c5f9b32a8-le32d4.cache-3
6a81e000-6a824000 r--s 00000000 08:01 3565       /var/cache/fontconfig/945677eb7aeaf62f1d50efc3fb3ec7d8-le32d4.cache-3
6a824000-6a827000 r--s 00000000 08:01 519519     /var/cache/fontconfig/99e8ed0e538f840c565b6ed5dad60d56-le32d4.cache-3
6a827000-6a82e000 r--s 00000000 08:01 1579180    /var/cache/fontconfig/6d41288fd70b0be22e8c3a91e032eec0-le32d4.cache-3
6a82e000-6a831000 ---p 00000000 00:00 0 
6a831000-6a87f000 rw-p 00000000 00:00 0          [stack:5555]
6a87f000-6a880000 ---p 00000000 00:00 0 
6a880000-6a900000 rw-p 00000000 00:00 0          [stack:5545]
6a900000-6a921000 rw-p 00000000 00:00 0 
6a921000-6aa00000 ---p 00000000 00:00 0 
6aa00000-6aa04000 r--s 00000000 08:01 3567       /var/cache/fontconfig/a755afe4a08bf5b97852ceb7400b47bc-le32d4.cache-3
6aa04000-6aa05000 r--s 00000000 08:01 3572       /var/cache/fontconfig/4794a0821666d79190d59a36cb4f44b5-le32d4.cache-3
6aa05000-6aa09000 r--s 00000000 08:01 3553       /var/cache/fontconfig/3047814df9a2f067bd2d96a2b9c36e5a-le32d4.cache-3
6aa09000-6aa0d000 r--s 00000000 08:01 3568       /var/cache/fontconfig/b47c4e1ecd0709278f4910c18777a504-le32d4.cache-3
6aa0d000-6aa1a000 r--s 00000000 08:01 3573       /var/cache/fontconfig/d52a8644073d54c13679302ca1180695-le32d4.cache-3
6aa1a000-6aa23000 r--s 00000000 08:01 519518     /var/cache/fontconfig/089dead882dea3570ffc31a9898cfb69-le32d4.cache-3
6aa23000-6aa2b000 r--s 00000000 08:01 11176      /var/cache/fontconfig/e13b20fdb08344e0e664864cc2ede53d-le32d4.cache-3
6aa2b000-6aa2e000 r--s 00000000 08:01 519517     /var/cache/fontconfig/7ef2298fde41cc6eeb7af42e48b7d293-le32d4.cache-3
6aa2e000-6aa31000 ---p 00000000 00:00 0 
6aa31000-6aa7f000 rw-p 00000000 00:00 0          [stack:5552]
6aa7f000-6aa80000 ---p 00000000 00:00 0 
6aa80000-6ab00000 rw-p 00000000 00:00 0          [stack:5544]
6ab00000-6ab21000 rw-p 00000000 00:00 0 
6ab21000-6ac00000 ---p 00000000 00:00 0 
6ac00000-6ac01000 r--s 00000000 08:01 3558       /var/cache/fontconfig/56cf4f4769d0f4abc89a4895d7bd3ae1-le32d4.cache-3
6ac01000-6ac02000 r--s 00000000 08:01 3569       /var/cache/fontconfig/b9d506c9ac06c20b433354fa67a72993-le32d4.cache-3
6ac02000-6ac0d000 r--s 00000000 08:01 3549       /var/cache/fontconfig/04aabc0a78ac019cf9454389977116d2-le32d4.cache-3
6ac0d000-6ac2c000 r-xp 00000000 08:01 17393      /usr/lib/i386-linux-gnu/libxcb.so.1.1.0
6ac2c000-6ac2d000 r--p 0001f000 08:01 17393      /usr/lib/i386-linux-gnu/libxcb.so.1.1.0
6ac2d000-6ac2e000 rw-p 00020000 08:01 17393      /usr/lib/i386-linux-gnu/libxcb.so.1.1.0
6ac2e000-6ac31000 ---p 00000000 00:00 0 
6ac31000-6ac7f000 rw-p 00000000 00:00 0          [stack:5551]
6ac7f000-6ac80000 ---p 00000000 00:00 0 
6ac80000-6ad00000 rw-p 00000000 00:00 0          [stack:5543]
6ad00000-6ad21000 rw-p 00000000 00:00 0 
6ad21000-6ae00000 ---p 00000000 00:00 0 
6ae00000-6ae03000 r--s 00000000 08:01 3552       /var/cache/fontconfig/2cd17615ca594fa2959ae173292e504c-le32d4.cache-3
6ae03000-6ae06000 r--s 00000000 08:01 3555       /var/cache/fontconfig/385c0604a188198f04d133e54aba7fe7-le32d4.cache-3
6ae06000-6ae09000 r--s 00000000 08:01 3564       /var/cache/fontconfig/8801497958630a81b71ace7c5f9b32a8-le32d4.cache-3
6ae09000-6ae16000 r--s 00000000 08:01 3573       /var/cache/fontconfig/d52a8644073d54c13679302ca1180695-le32d4.cache-3
6ae16000-6ae1b000 r-xp 00000000 08:01 16797      /usr/lib/i386-linux-gnu/libXdmcp.so.6.0.0
6ae1b000-6ae1c000 r--p 00004000 08:01 16797      /usr/lib/i386-linux-gnu/libXdmcp.so.6.0.0
6ae1c000-6ae1d000 rw-p 00005000 08:01 16797      /usr/lib/i386-linux-gnu/libXdmcp.so.6.0.0
6ae1d000-6ae2c000 r-xp 00000000 08:01 8381       /usr/lib/i386-linux-gnu/libXi.so.6.1.0
6ae2c000-6ae2d000 r--p 0000e000 08:01 8381       /usr/lib/i386-linux-gnu/libXi.so.6.1.0
6ae2d000-6ae2e000 rw-p 0000f000 08:01 8381       /usr/lib/i386-linux-gnu/libXi.so.6.1.0
6ae2e000-6ae31000 ---p 00000000 00:00 0 
6ae31000-6ae7f000 rw-p 00000000 00:00 0          [stack:5550]
6ae7f000-6ae80000 ---p 00000000 00:00 0 
6ae80000-6af00000 rw-p 00000000 00:00 0          [stack:5542]
6af00000-6af21000 rw-p 00000000 00:00 0 
6af21000-6b000000 ---p 00000000 00:00 0 
6b000000-6b001000 r--s 00000000 08:01 3570       /var/cache/fontconfig/c05880de57d1f5e948fdfacc138775d9-le32d4.cache-3
6b001000-6b002000 r--s 00000000 08:01 3577       /var/cache/fontconfig/e7071f4a29fa870f4323321c154eba04-le32d4.cache-3
6b002000-6b006000 r--s 00000000 08:01 3553       /var/cache/fontconfig/3047814df9a2f067bd2d96a2b9c36e5a-le32d4.cache-3
6b006000-6b00b000 r-xp 00000000 08:01 16825      /usr/lib/i386-linux-gnu/libXtst.so.6.1.0
6b00b000-6b00c000 r--p 00004000 08:01 16825      /usr/lib/i386-linux-gnu/libXtst.so.6.1.0
6b00c000-6b00d000 rw-p 00005000 08:01 16825      /usr/lib/i386-linux-gnu/libXtst.so.6.1.0
6b00d000-6b01d000 r-xp 00000000 08:01 16799      /usr/lib/i386-linux-gnu/libXext.so.6.4.0
6b01d000-6b01e000 r--p 0000f000 08:01 16799      /usr/lib/i386-linux-gnu/libXext.so.6.4.0
6b01e000-6b01f000 rw-p 00010000 08:01 16799      /usr/lib/i386-linux-gnu/libXext.so.6.4.0
6b01f000-6b020000 r--s 00000000 08:01 3550       /var/cache/fontconfig/0d8c3b2ac0904cb8a57a757ad11a4a08-le32d4.cache-3
6b020000-6b024000 r--s 00000000 08:01 3568       /var/cache/fontconfig/b47c4e1ecd0709278f4910c18777a504-le32d4.cache-3
6b024000-6b02d000 r--s 00000000 08:01 519518     /var/cache/fontconfig/089dead882dea3570ffc31a9898cfb69-le32d4.cache-3
6b02d000-6b035000 r--s 00000000 08:01 11176      /var/cache/fontconfig/e13b20fdb08344e0e664864cc2ede53d-le32d4.cache-3
6b035000-6b068000 rw-p 00000000 00:00 0 
6b068000-6b069000 ---p 00000000 00:00 0 
6b069000-6b0f1000 rw-p 00000000 00:00 0          [stack:5541]
6b0f1000-6b129000 rw-p 00000000 00:00 0 
6b129000-6b13f000 rw-p 00000000 00:00 0 
6b13f000-6b27f000 rw-p 00000000 00:00 0 
6b27f000-6b287000 rw-p 00000000 00:00 0 
6b287000-6b2bf000 rw-p 00000000 00:00 0 
6b2bf000-6b2d5000 rw-p 00000000 00:00 0 
6b2d5000-6b414000 rw-p 00000000 00:00 0 
6b414000-6b41f000 rw-p 00000000 00:00 0 
6b41f000-6b4bf000 rw-p 00000000 00:00 0 
6b4bf000-6c4c0000 rw-p 00000000 00:00 0 
6c4c0000-734c0000 rw-p 00000000 00:00 0 
734c0000-75f70000 rw-p 00000000 00:00 0 
75f70000-9df70000 rw-p 00000000 00:00 0 
9df70000-9f4c0000 rw-p 00000000 00:00 0 
9f4c0000-b34c0000 rw-p 00000000 00:00 0 
b34c0000-b34c1000 r--s 00000000 08:01 3572       /var/cache/fontconfig/4794a0821666d79190d59a36cb4f44b5-le32d4.cache-3
b34c1000-b34c4000 r--s 00000000 08:01 519517     /var/cache/fontconfig/7ef2298fde41cc6eeb7af42e48b7d293-le32d4.cache-3
b34c4000-b34cc000 r-xp 00000000 08:01 16821      /usr/lib/i386-linux-gnu/libXrender.so.1.3.0
b34cc000-b34cd000 r--p 00007000 08:01 16821      /usr/lib/i386-linux-gnu/libXrender.so.1.3.0
b34cd000-b34ce000 rw-p 00008000 08:01 16821      /usr/lib/i386-linux-gnu/libXrender.so.1.3.0
b34ce000-b34d7000 rw-p 00000000 00:00 0 
b34d7000-b358e000 rw-p 00000000 00:00 0 
b358e000-b37ce000 rwxp 00000000 00:00 0 
b37ce000-b658e000 rw-p 00000000 00:00 0 
b658e000-b6599000 r-xp 00000000 08:01 255736     /lib/i386-linux-gnu/libnss_files-2.15.so
b6599000-b659a000 r--p 0000a000 08:01 255736     /lib/i386-linux-gnu/libnss_files-2.15.so
b659a000-b659b000 rw-p 0000b000 08:01 255736     /lib/i386-linux-gnu/libnss_files-2.15.so
b659b000-b65a5000 r-xp 00000000 08:01 255735     /lib/i386-linux-gnu/libnss_nis-2.15.so
b65a5000-b65a6000 r--p 00009000 08:01 255735     /lib/i386-linux-gnu/libnss_nis-2.15.so
b65a6000-b65a7000 rw-p 0000a000 08:01 255735     /lib/i386-linux-gnu/libnss_nis-2.15.so
b65a7000-b65bd000 r-xp 00000000 08:01 252399     /lib/i386-linux-gnu/libnsl-2.15.so
b65bd000-b65be000 r--p 00015000 08:01 252399     /lib/i386-linux-gnu/libnsl-2.15.so
b65be000-b65bf000 rw-p 00016000 08:01 252399     /lib/i386-linux-gnu/libnsl-2.15.so
b65bf000-b65c1000 rw-p 00000000 00:00 0 
b65c1000-b65c2000 r--s 00000000 08:01 3558       /var/cache/fontconfig/56cf4f4769d0f4abc89a4895d7bd3ae1-le32d4.cache-3
b65c2000-b65c3000 r--s 00000000 08:01 3569       /var/cache/fontconfig/b9d506c9ac06c20b433354fa67a72993-le32d4.cache-3
b65c3000-b65c5000 r-xp 00000000 08:01 16786      /usr/lib/i386-linux-gnu/libXau.so.6.0.0
b65c5000-b65c6000 r--p 00001000 08:01 16786      /usr/lib/i386-linux-gnu/libXau.so.6.0.0
b65c6000-b65c7000 rw-p 00002000 08:01 16786      /usr/lib/i386-linux-gnu/libXau.so.6.0.0
b65c7000-b65c9000 r--s 0000f000 08:01 1838988    /usr/lib/jvm/java-6-openjdk-common/jre/lib/ext/pulse-java.jar
b65c9000-b65ca000 r--s 00007000 08:01 1839824    /usr/share/java/java-atk-wrapper.jar
b65ca000-b65ce000 r--s 00039000 08:01 1838987    /usr/lib/jvm/java-6-openjdk-common/jre/lib/ext/sunpkcs11.jar
b65ce000-b65d5000 r-xp 00000000 08:01 1839612    /usr/lib/jvm/java-6-openjdk-i386/jre/lib/i386/libzip.so
b65d5000-b65d6000 r--p 00006000 08:01 1839612    /usr/lib/jvm/java-6-openjdk-i386/jre/lib/i386/libzip.so
b65d6000-b65d7000 rw-p 00007000 08:01 1839612    /usr/lib/jvm/java-6-openjdk-i386/jre/lib/i386/libzip.so
b65d7000-b65fd000 r-xp 00000000 08:01 1839598    /usr/lib/jvm/java-6-openjdk-i386/jre/lib/i386/libjava.so
b65fd000-b65fe000 r--p 00025000 08:01 1839598    /usr/lib/jvm/java-6-openjdk-i386/jre/lib/i386/libjava.so
b65fe000-b6600000 rw-p 00026000 08:01 1839598    /usr/lib/jvm/java-6-openjdk-i386/jre/lib/i386/libjava.so
b6600000-b6700000 rw-p 00000000 00:00 0 
b6700000-b6703000 r--s 00077000 08:01 1838989    /usr/lib/jvm/java-6-openjdk-common/jre/lib/ext/localedata.jar
b6703000-b670b000 rw-s 00000000 08:01 873766     /tmp/hsperfdata_chaol/5535
b670b000-b6712000 r-xp 00000000 08:01 255737     /lib/i386-linux-gnu/libnss_compat-2.15.so
b6712000-b6713000 r--p 00006000 08:01 255737     /lib/i386-linux-gnu/libnss_compat-2.15.so
b6713000-b6714000 rw-p 00007000 08:01 255737     /lib/i386-linux-gnu/libnss_compat-2.15.so
b6714000-b671b000 r-xp 00000000 08:01 252408     /lib/i386-linux-gnu/librt-2.15.so
b671b000-b671c000 r--p 00006000 08:01 252408     /lib/i386-linux-gnu/librt-2.15.so
b671c000-b671d000 rw-p 00007000 08:01 252408     /lib/i386-linux-gnu/librt-2.15.so
b671d000-b6720000 ---p 00000000 00:00 0 
b6720000-b676e000 rw-p 00000000 00:00 0          [stack:5540]
b676e000-b678a000 r-xp 00000000 08:01 252257     /lib/i386-linux-gnu/libgcc_s.so.1
b678a000-b678b000 r--p 0001b000 08:01 252257     /lib/i386-linux-gnu/libgcc_s.so.1
b678b000-b678c000 rw-p 0001c000 08:01 252257     /lib/i386-linux-gnu/libgcc_s.so.1
b678c000-b67b6000 r-xp 00000000 08:01 255734     /lib/i386-linux-gnu/libm-2.15.so
b67b6000-b67b7000 r--p 00029000 08:01 255734     /lib/i386-linux-gnu/libm-2.15.so
b67b7000-b67b8000 rw-p 0002a000 08:01 255734     /lib/i386-linux-gnu/libm-2.15.so
b67b8000-b6890000 r-xp 00000000 08:01 17329      /usr/lib/i386-linux-gnu/libstdc++.so.6.0.16
b6890000-b6891000 ---p 000d8000 08:01 17329      /usr/lib/i386-linux-gnu/libstdc++.so.6.0.16
b6891000-b6895000 r--p 000d8000 08:01 17329      /usr/lib/i386-linux-gnu/libstdc++.so.6.0.16
b6895000-b6896000 rw-p 000dc000 08:01 17329      /usr/lib/i386-linux-gnu/libstdc++.so.6.0.16
b6896000-b689d000 rw-p 00000000 00:00 0 
b689d000-b70bd000 r-xp 00000000 08:01 1839591    /usr/lib/jvm/java-6-openjdk-i386/jre/lib/i386/server/libjvm.so
b70bd000-b7102000 r--p 0081f000 08:01 1839591    /usr/lib/jvm/java-6-openjdk-i386/jre/lib/i386/server/libjvm.so
b7102000-b7111000 rw-p 00864000 08:01 1839591    /usr/lib/jvm/java-6-openjdk-i386/jre/lib/i386/server/libjvm.so
b7111000-b752d000 rw-p 00000000 00:00 0 
b752d000-b7541000 r-xp 00000000 08:01 252336     /lib/i386-linux-gnu/libz.so.1.2.3.4
b7541000-b7542000 r--p 00013000 08:01 252336     /lib/i386-linux-gnu/libz.so.1.2.3.4
b7542000-b7543000 rw-p 00014000 08:01 252336     /lib/i386-linux-gnu/libz.so.1.2.3.4
b7543000-b76e7000 r-xp 00000000 08:01 255739     /lib/i386-linux-gnu/libc-2.15.so
b76e7000-b76e9000 r--p 001a4000 08:01 255739     /lib/i386-linux-gnu/libc-2.15.so
b76e9000-b76ea000 rw-p 001a6000 08:01 255739     /lib/i386-linux-gnu/libc-2.15.so
b76ea000-b76ed000 rw-p 00000000 00:00 0 
b76ed000-b76f0000 r-xp 00000000 08:01 255738     /lib/i386-linux-gnu/libdl-2.15.so
b76f0000-b76f1000 r--p 00002000 08:01 255738     /lib/i386-linux-gnu/libdl-2.15.so
b76f1000-b76f2000 rw-p 00003000 08:01 255738     /lib/i386-linux-gnu/libdl-2.15.so
b76f2000-b76f6000 r-xp 00000000 08:01 1839611    /usr/lib/jvm/java-6-openjdk-i386/jre/lib/i386/jli/libjli.so
b76f6000-b76f7000 r--p 00003000 08:01 1839611    /usr/lib/jvm/java-6-openjdk-i386/jre/lib/i386/jli/libjli.so
b76f7000-b76f8000 rw-p 00004000 08:01 1839611    /usr/lib/jvm/java-6-openjdk-i386/jre/lib/i386/jli/libjli.so
b76f8000-b76f9000 rw-p 00000000 00:00 0 
b76f9000-b7710000 r-xp 00000000 08:01 252406     /lib/i386-linux-gnu/libpthread-2.15.so
b7710000-b7711000 r--p 00016000 08:01 252406     /lib/i386-linux-gnu/libpthread-2.15.so
b7711000-b7712000 rw-p 00017000 08:01 252406     /lib/i386-linux-gnu/libpthread-2.15.so
b7712000-b7714000 rw-p 00000000 00:00 0 
b7714000-b7716000 r--s 00001000 08:01 1838990    /usr/lib/jvm/java-6-openjdk-common/jre/lib/ext/dnsns.jar
b7716000-b7719000 r--s 00031000 08:01 1838991    /usr/lib/jvm/java-6-openjdk-common/jre/lib/ext/sunjce_provider.jar
b7719000-b771a000 r--p 005e0000 08:01 19412      /usr/lib/locale/locale-archive
b771a000-b771b000 rw-p 00000000 00:00 0 
b771b000-b771c000 r--p 00000000 00:00 0 
b771c000-b7727000 r-xp 00000000 08:01 1839627    /usr/lib/jvm/java-6-openjdk-i386/jre/lib/i386/libverify.so
b7727000-b7728000 ---p 0000b000 08:01 1839627    /usr/lib/jvm/java-6-openjdk-i386/jre/lib/i386/libverify.so
b7728000-b7729000 r--p 0000b000 08:01 1839627    /usr/lib/jvm/java-6-openjdk-i386/jre/lib/i386/libverify.so
b7729000-b772a000 rw-p 0000c000 08:01 1839627    /usr/lib/jvm/java-6-openjdk-i386/jre/lib/i386/libverify.so
b772a000-b772c000 rw-p 00000000 00:00 0 
b772c000-b772d000 r-xp 00000000 00:00 0          [vdso]
b772d000-b774d000 r-xp 00000000 08:01 252407     /lib/i386-linux-gnu/ld-2.15.so
b774d000-b774e000 r--p 0001f000 08:01 252407     /lib/i386-linux-gnu/ld-2.15.so
b774e000-b774f000 rw-p 00020000 08:01 252407     /lib/i386-linux-gnu/ld-2.15.so
bf851000-bf873000 rw-p 00000000 00:00 0          [stack]

VM Arguments:
jvm_args: -Dfile.encoding=UTF-8 
java_command: com.adp.clocks.synergy2416.demo.MainWindow psplash:res/Background.png
Launcher Type: SUN_STANDARD

Environment Variables:
PATH=/usr/lib/lightdm/lightdm:/usr/local/sbin:/usr/local/bin:/usr/sbin:/usr/bin:/sbin:/bin:/usr/games
LD_LIBRARY_PATH=/usr/lib/jvm/java-6-openjdk-i386/jre/lib/i386/server:/usr/lib/jvm/java-6-openjdk-i386/jre/lib/i386:/usr/lib/jvm/java-6-openjdk-i386/jre/../lib/i386:/usr/lib/jni
SHELL=/bin/bash
DISPLAY=:0

Signal Handlers:
SIGSEGV: [libjvm.so+0x66e740], sa_mask[0]=0x7ffbfeff, sa_flags=0x10000004
SIGBUS: [libjvm.so+0x66e740], sa_mask[0]=0x7ffbfeff, sa_flags=0x10000004
SIGFPE: [libjvm.so+0x530480], sa_mask[0]=0x7ffbfeff, sa_flags=0x10000004
SIGPIPE: [libjvm.so+0x530480], sa_mask[0]=0x7ffbfeff, sa_flags=0x10000004
SIGXFSZ: [libjvm.so+0x530480], sa_mask[0]=0x7ffbfeff, sa_flags=0x10000004
SIGILL: [libjvm.so+0x530480], sa_mask[0]=0x7ffbfeff, sa_flags=0x10000004
SIGUSR1: SIG_DFL, sa_mask[0]=0x00000000, sa_flags=0x00000000
SIGUSR2: [libjvm.so+0x530310], sa_mask[0]=0x00000004, sa_flags=0x10000004
SIGHUP: [libjvm.so+0x5332a0], sa_mask[0]=0x7ffbfeff, sa_flags=0x10000004
SIGINT: [libjvm.so+0x5332a0], sa_mask[0]=0x7ffbfeff, sa_flags=0x10000004
SIGTERM: [libjvm.so+0x5332a0], sa_mask[0]=0x7ffbfeff, sa_flags=0x10000004
SIGQUIT: [libjvm.so+0x5332a0], sa_mask[0]=0x7ffbfeff, sa_flags=0x10000004


---------------  S Y S T E M  ---------------

OS:Ubuntu 12.04 (precise)
uname:Linux 3.8.0-35-generic #52~precise1-Ubuntu SMP Thu Jan 30 17:27:28 UTC 2014 i686
libc:glibc 2.15 NPTL 2.15 
rlimit: STACK 8192k, CORE 0k, NPROC 64475, NOFILE 4096, AS infinity
load average:0.46 0.28 0.27

/proc/meminfo:
MemTotal:        8269392 kB
MemFree:         5486356 kB
Buffers:          543468 kB
Cached:           874856 kB
SwapCached:            0 kB
Active:          1605804 kB
Inactive:         945072 kB
Active(anon):    1133560 kB
Inactive(anon):    12664 kB
Active(file):     472244 kB
Inactive(file):   932408 kB
Unevictable:           0 kB
Mlocked:               0 kB
HighTotal:       7457720 kB
HighFree:        5418916 kB
LowTotal:         811672 kB
LowFree:           67440 kB
SwapTotal:             0 kB
SwapFree:              0 kB
Dirty:               196 kB
Writeback:             0 kB
AnonPages:       1132884 kB
Mapped:           239420 kB
Shmem:             13668 kB
Slab:             126044 kB
SReclaimable:     100852 kB
SUnreclaim:        25192 kB
KernelStack:        5320 kB
PageTables:        11868 kB
NFS_Unstable:          0 kB
Bounce:                0 kB
WritebackTmp:          0 kB
CommitLimit:     4134696 kB
Committed_AS:    4385052 kB
VmallocTotal:     122880 kB
VmallocUsed:       53304 kB
VmallocChunk:      57332 kB
HardwareCorrupted:     0 kB
AnonHugePages:         0 kB
HugePages_Total:       0
HugePages_Free:        0
HugePages_Rsvd:        0
HugePages_Surp:        0
Hugepagesize:       2048 kB
DirectMap4k:      147448 kB
DirectMap2M:      765952 kB


CPU:total 8 (4 cores per cpu, 2 threads per core) family 6 model 42 stepping 7, cmov, cx8, fxsr, mmx, sse, sse2, sse3, ssse3, sse4.1, sse4.2, popcnt, ht

Memory: 4k page, physical 8269392k(5486356k free), swap 0k(0k free)

vm_info: OpenJDK Server VM (20.0-b12) for linux-x86 JRE (1.6.0_27-b27), built on Nov 16 2013 15:21:31 by "buildd" with gcc 4.6.3

time: Mon Feb 17 09:56:10 2014
elapsed time: 0 seconds

