#
# A fatal error has been detected by the Java Runtime Environment:
#
#  SIGSEGV (0xb) at pc=0xb36158b7, pid=2832, tid=3010321216
#
# JRE version: 6.0_27-b27
# Java VM: OpenJDK Client VM (20.0-b12 mixed mode, sharing linux-x86 )
# Derivative: IcedTea6 1.12.6
# Distribution: Ubuntu 12.04 LTS, package 6b27-1.12.6-1ubuntu0.12.04.4
# Problematic frame:
# C  [libsynergy2416.so+0x48b7]  _get_enroll_count+0x22
#
# If you would like to submit a bug report, please include
# instructions how to reproduce the bug and visit:
#   https://bugs.launchpad.net/ubuntu/+source/openjdk-6/
# The crash happened outside the Java Virtual Machine in native code.
# See problematic frame for where to report the bug.
#

---------------  T H R E A D  ---------------

Current thread (0x08956400):  JavaThread "SwingWorker-pool-3-thread-1" [_thread_in_native, id=2865, stack(0xb368d000,0xb36de000)]

siginfo:si_signo=SIGSEGV: si_errno=0, si_code=1 (SEGV_MAPERR), si_addr=0x00000000

Registers:
EAX=0x00000000, EBX=0x8eba6100, ECX=0x08956520, EDX=0x00000000
ESP=0xb36dcc10, EBP=0xb36dcc20, ESI=0x8eba6100, EDI=0x08956400
EIP=0xb36158b7, EFLAGS=0x00210297, CR2=0x00000000

Top of Stack: (sp=0xb36dcc10)
0xb36dcc10:   b6e2cbe0 088f0514 00000000 00000000
0xb36dcc20:   b36dcc28 b3616261 b36dcc68 b3614fc3
0xb36dcc30:   b36dcce0 b36dccb0 b4910264 b4902608
0xb36dcc40:   00000000 b36dccd0 b36dccb0 00000000
0xb36dcc50:   00000000 8eba6100 08956400 b36dcca0
0xb36dcc60:   b4909fdb 08956400 b36dcca0 b490a0dd
0xb36dcc70:   08956520 b36dcca8 b36dcce0 b36dcce0
0xb36dcc80:   b36dcc80 8eba6100 b36dccac 8eba6ec0 

Instructions: (pc=0xb36158b7)
0xb3615897:   e5 83 ec 10 c7 45 f8 00 00 00 00 c7 45 fc 00 00
0xb36158a7:   00 00 eb 1b 8b 15 e4 aa 61 b3 8b 45 fc 8d 04 02
0xb36158b7:   0f b6 00 84 c0 74 04 83 45 f8 01 83 45 fc 01 a1
0xb36158c7:   10 a0 61 b3 39 45 fc 7c db 8b 45 f8 c9 c3 55 89 

Register to memory mapping:

EAX=0x00000000 is an unknown value
EBX=0x8eba6100 is an oop
{method} 
 - klass: {other class}
ECX=0x08956520 is an unknown value
EDX=0x00000000 is an unknown value
ESP=0xb36dcc10 is pointing into the stack for thread: 0x08956400
EBP=0xb36dcc20 is pointing into the stack for thread: 0x08956400
ESI=0x8eba6100 is an oop
{method} 
 - klass: {other class}
EDI=0x08956400 is a thread


Stack: [0xb368d000,0xb36de000],  sp=0xb36dcc10,  free space=319k
Native frames: (J=compiled Java code, j=interpreted, Vv=VM code, C=native code)
C  [libsynergy2416.so+0x48b7]  _get_enroll_count+0x22
C  [libsynergy2416.so+0x5261]  hlpGetEnrollCount+0x8
C  [libsynergy2416.so+0x3fc3]  Java_com_adp_clocks_synergy2416_demo_FPU_FP_1IDENTIFY_1EMPLOYEE+0x19
j  com.adp.clocks.synergy2416.demo.FPU.FP_IDENTIFY_EMPLOYEE()I+0
j  com.adp.clocks.synergy2416.demo.FPU.identifyEmployee()Ljava/lang/String;+0
j  com.adp.clocks.synergy2416.demo.WelcomeForm$IdentifyEmployee.doInBackground()Ljava/lang/String;+11
j  com.adp.clocks.synergy2416.demo.WelcomeForm$IdentifyEmployee.doInBackground()Ljava/lang/Object;+1
j  javax.swing.SwingWorker$1.call()Ljava/lang/Object;+14
j  java.util.concurrent.FutureTask$Sync.innerRun()V+29
j  java.util.concurrent.FutureTask.run()V+4
j  javax.swing.SwingWorker.run()V+4
j  java.util.concurrent.ThreadPoolExecutor.runWorker(Ljava/util/concurrent/ThreadPoolExecutor$Worker;)V+95
j  java.util.concurrent.ThreadPoolExecutor$Worker.run()V+5
j  java.lang.Thread.run()V+11
v  ~StubRoutines::call_stub
V  [libjvm.so+0x2116b6]  JavaCalls::call_helper(JavaValue*, methodHandle*, JavaCallArguments*, Thread*)+0x2c6

Java frames: (J=compiled Java code, j=interpreted, Vv=VM code)
j  com.adp.clocks.synergy2416.demo.FPU.FP_IDENTIFY_EMPLOYEE()I+0
j  com.adp.clocks.synergy2416.demo.FPU.identifyEmployee()Ljava/lang/String;+0
j  com.adp.clocks.synergy2416.demo.WelcomeForm$IdentifyEmployee.doInBackground()Ljava/lang/String;+11
j  com.adp.clocks.synergy2416.demo.WelcomeForm$IdentifyEmployee.doInBackground()Ljava/lang/Object;+1
j  javax.swing.SwingWorker$1.call()Ljava/lang/Object;+14
j  java.util.concurrent.FutureTask$Sync.innerRun()V+29
j  java.util.concurrent.FutureTask.run()V+4
j  javax.swing.SwingWorker.run()V+4
j  java.util.concurrent.ThreadPoolExecutor.runWorker(Ljava/util/concurrent/ThreadPoolExecutor$Worker;)V+95
j  java.util.concurrent.ThreadPoolExecutor$Worker.run()V+5
j  java.lang.Thread.run()V+11
v  ~StubRoutines::call_stub

---------------  P R O C E S S  ---------------

Java Threads: ( => current thread )
=>0x08956400 JavaThread "SwingWorker-pool-3-thread-1" [_thread_in_native, id=2865, stack(0xb368d000,0xb36de000)]
  0xb6951800 JavaThread "PulseAudio Eventloop Thread" daemon [_thread_in_native, id=2864, stack(0xb2cbf000,0xb2d10000)]
  0xb6905c00 JavaThread "DestroyJavaVM" [_thread_blocked, id=2833, stack(0xb6a9f000,0xb6af0000)]
  0x089b5800 JavaThread "pool-1-thread-1" [_thread_blocked, id=2855, stack(0xb3429000,0xb347a000)]
  0x0899a000 JavaThread "pool-2-thread-1 - v4l4j push source" [_thread_in_native, id=2853, stack(0xb324f000,0xb32a0000)]
  0x0895c000 JavaThread "Timer-0" [_thread_blocked, id=2852, stack(0xb33d8000,0xb3429000)]
  0x08955400 JavaThread "TimerQueue" daemon [_thread_blocked, id=2850, stack(0xb361b000,0xb366c000)]
  0xb69a3800 JavaThread "AWT-EventQueue-0" [_thread_in_vm, id=2848, stack(0xb382b000,0xb387c000)]
  0xb69a2400 JavaThread "AWT-Shutdown" [_thread_blocked, id=2847, stack(0xb387c000,0xb38cd000)]
  0xb69a1400 JavaThread "AWT-XAWT" daemon [_thread_in_native, id=2846, stack(0xb38cd000,0xb391e000)]
  0xb696d400 JavaThread "Java2D Disposer" daemon [_thread_blocked, id=2845, stack(0xb3a02000,0xb3a53000)]
  0xb693cc00 JavaThread "Low Memory Detector" daemon [_thread_blocked, id=2843, stack(0xb3e2e000,0xb3e7f000)]
  0xb693ac00 JavaThread "C1 CompilerThread0" daemon [_thread_blocked, id=2842, stack(0xb3e7f000,0xb3f00000)]
  0xb6939400 JavaThread "Signal Dispatcher" daemon [_thread_blocked, id=2841, stack(0xb420d000,0xb425e000)]
  0xb6935400 JavaThread "Finalizer" daemon [_thread_blocked, id=2840, stack(0xb425e000,0xb42af000)]
  0xb6933c00 JavaThread "Reference Handler" daemon [_thread_blocked, id=2839, stack(0xb42af000,0xb4300000)]

Other Threads:
  0xb6932000 VMThread [stack: 0xb4440000,0xb44c1000] [id=2838]
  0xb693f000 WatcherThread [stack: 0xb3dad000,0xb3e2e000] [id=2844]

VM state:not at safepoint (normal execution)

VM Mutex/Monitor currently owned by a thread: None

Heap
 def new generation   total 4928K, used 1898K [0x6ea40000, 0x6ef90000, 0x794e0000)
  eden space 4416K,  31% used [0x6ea40000, 0x6eb9a9e8, 0x6ee90000)
  from space 512K, 100% used [0x6ef10000, 0x6ef90000, 0x6ef90000)
  to   space 512K,   0% used [0x6ee90000, 0x6ee90000, 0x6ef10000)
 tenured generation   total 10944K, used 2417K [0x794e0000, 0x79f90000, 0x8ea40000)
   the space 10944K,  22% used [0x794e0000, 0x7973c580, 0x7973c600, 0x79f90000)
 compacting perm gen  total 12288K, used 2325K [0x8ea40000, 0x8f640000, 0x92a40000)
   the space 12288K,  18% used [0x8ea40000, 0x8ec857c0, 0x8ec85800, 0x8f640000)
    ro space 10240K,  74% used [0x92a40000, 0x931a8b40, 0x931a8c00, 0x93440000)
    rw space 12288K,  60% used [0x93440000, 0x93b8ee48, 0x93b8f000, 0x94040000)

Code Cache  [0xb4900000, 0xb4a00000, 0xb6900000)
 total_blobs=564 nmethods=304 adapters=196 free_code_cache=32561600 largest_free_block=45248

Dynamic libraries:
08048000-08051000 r-xp 00000000 08:01 1839571    /usr/lib/jvm/java-6-openjdk-i386/jre/bin/java
08051000-08052000 r--p 00008000 08:01 1839571    /usr/lib/jvm/java-6-openjdk-i386/jre/bin/java
08052000-08053000 rw-p 00009000 08:01 1839571    /usr/lib/jvm/java-6-openjdk-i386/jre/bin/java
0884d000-089da000 rw-p 00000000 00:00 0          [heap]
6ea40000-6ef90000 rw-p 00000000 00:00 0 
6ef90000-794e0000 rw-p 00000000 00:00 0 
794e0000-79f90000 rw-p 00000000 00:00 0 
79f90000-8ea40000 rw-p 00000000 00:00 0 
8ea40000-8f640000 rw-p 00000000 00:00 0 
8f640000-92a40000 rw-p 00000000 00:00 0 
92a40000-931a9000 r--s 00001000 08:01 1839781    /usr/lib/jvm/java-6-openjdk-i386/jre/lib/i386/client/classes.jsa
931a9000-93440000 rw-p 00000000 00:00 0 
93440000-93b8f000 rw-p 0076a000 08:01 1839781    /usr/lib/jvm/java-6-openjdk-i386/jre/lib/i386/client/classes.jsa
93b8f000-94040000 rw-p 00000000 00:00 0 
94040000-9413d000 rw-p 00eb9000 08:01 1839781    /usr/lib/jvm/java-6-openjdk-i386/jre/lib/i386/client/classes.jsa
9413d000-94440000 rw-p 00000000 00:00 0 
94440000-94448000 r-xs 00fb6000 08:01 1839781    /usr/lib/jvm/java-6-openjdk-i386/jre/lib/i386/client/classes.jsa
94448000-94840000 rw-p 00000000 00:00 0 
aa50d000-ae50e000 rw-s 00000000 00:12 17243      /run/shm/pulse-shm-1898420644
ae50e000-ae50f000 ---p 00000000 00:00 0 
ae50f000-aed0f000 rw-p 00000000 00:00 0 
b2cbf000-b2cc2000 ---p 00000000 00:00 0 
b2cc2000-b2d10000 rw-p 00000000 00:00 0          [stack:2864]
b2d10000-b2d5b000 rw-s 00000000 00:04 655372     /SYSV00000000 (deleted)
b2d5b000-b2d6e000 r-xp 00000000 08:01 252403     /lib/i386-linux-gnu/libresolv-2.15.so
b2d6e000-b2d6f000 ---p 00013000 08:01 252403     /lib/i386-linux-gnu/libresolv-2.15.so
b2d6f000-b2d70000 r--p 00013000 08:01 252403     /lib/i386-linux-gnu/libresolv-2.15.so
b2d70000-b2d71000 rw-p 00014000 08:01 252403     /lib/i386-linux-gnu/libresolv-2.15.so
b2d71000-b2d73000 rw-p 00000000 00:00 0 
b2d73000-b2d79000 r-xp 00000000 08:01 17212      /usr/lib/i386-linux-gnu/libogg.so.0.7.1
b2d79000-b2d7a000 r--p 00005000 08:01 17212      /usr/lib/i386-linux-gnu/libogg.so.0.7.1
b2d7a000-b2d7b000 rw-p 00006000 08:01 17212      /usr/lib/i386-linux-gnu/libogg.so.0.7.1
b2d7b000-b2da4000 r-xp 00000000 08:01 17362      /usr/lib/i386-linux-gnu/libvorbis.so.0.4.5
b2da4000-b2da5000 r--p 00028000 08:01 17362      /usr/lib/i386-linux-gnu/libvorbis.so.0.4.5
b2da5000-b2da6000 rw-p 00029000 08:01 17362      /usr/lib/i386-linux-gnu/libvorbis.so.0.4.5
b2da6000-b2f0c000 r-xp 00000000 08:01 17364      /usr/lib/i386-linux-gnu/libvorbisenc.so.2.0.8
b2f0c000-b2f1d000 r--p 00165000 08:01 17364      /usr/lib/i386-linux-gnu/libvorbisenc.so.2.0.8
b2f1d000-b2f1e000 rw-p 00176000 08:01 17364      /usr/lib/i386-linux-gnu/libvorbisenc.so.2.0.8
b2f1e000-b2f6a000 r-xp 00000000 08:01 16731      /usr/lib/i386-linux-gnu/libFLAC.so.8.2.0
b2f6a000-b2f6b000 r--p 0004b000 08:01 16731      /usr/lib/i386-linux-gnu/libFLAC.so.8.2.0
b2f6b000-b2f6c000 rw-p 0004c000 08:01 16731      /usr/lib/i386-linux-gnu/libFLAC.so.8.2.0
b2f6c000-b2f71000 r-xp 00000000 08:01 16847      /usr/lib/i386-linux-gnu/libasyncns.so.0.3.1
b2f71000-b2f72000 r--p 00004000 08:01 16847      /usr/lib/i386-linux-gnu/libasyncns.so.0.3.1
b2f72000-b2f73000 rw-p 00005000 08:01 16847      /usr/lib/i386-linux-gnu/libasyncns.so.0.3.1
b2f73000-b2fdf000 r-xp 00000000 08:01 17307      /usr/lib/i386-linux-gnu/libsndfile.so.1.0.25
b2fdf000-b2fe0000 r--p 0006c000 08:01 17307      /usr/lib/i386-linux-gnu/libsndfile.so.1.0.25
b2fe0000-b2fe1000 rw-p 0006d000 08:01 17307      /usr/lib/i386-linux-gnu/libsndfile.so.1.0.25
b2fe1000-b2fe5000 rw-p 00000000 00:00 0 
b2fe5000-b2fed000 r-xp 00000000 08:01 252334     /lib/i386-linux-gnu/libwrap.so.0.7.6
b2fed000-b2fee000 r--p 00007000 08:01 252334     /lib/i386-linux-gnu/libwrap.so.0.7.6
b2fee000-b2fef000 rw-p 00008000 08:01 252334     /lib/i386-linux-gnu/libwrap.so.0.7.6
b2fef000-b3036000 r-xp 00000000 08:01 252249     /lib/i386-linux-gnu/libdbus-1.so.3.5.8
b3036000-b3037000 r--p 00047000 08:01 252249     /lib/i386-linux-gnu/libdbus-1.so.3.5.8
b3037000-b3038000 rw-p 00048000 08:01 252249     /lib/i386-linux-gnu/libdbus-1.so.3.5.8
b3038000-b309b000 r-xp 00000000 08:01 12624      /usr/lib/i386-linux-gnu/libpulsecommon-1.1.so
b309b000-b309c000 r--p 00062000 08:01 12624      /usr/lib/i386-linux-gnu/libpulsecommon-1.1.so
b309c000-b309d000 rw-p 00063000 08:01 12624      /usr/lib/i386-linux-gnu/libpulsecommon-1.1.so
b309d000-b30e9000 r-xp 00000000 08:01 12623      /usr/lib/i386-linux-gnu/libpulse.so.0.13.5
b30e9000-b30ea000 r--p 0004b000 08:01 12623      /usr/lib/i386-linux-gnu/libpulse.so.0.13.5
b30ea000-b30eb000 rw-p 0004c000 08:01 12623      /usr/lib/i386-linux-gnu/libpulse.so.0.13.5
b30eb000-b3136000 rw-s 00000000 00:04 622603     /SYSV00000000 (deleted)
b3136000-b3223000 r-xp 00000000 08:01 16845      /usr/lib/i386-linux-gnu/libasound.so.2.0.0
b3223000-b3227000 r--p 000ec000 08:01 16845      /usr/lib/i386-linux-gnu/libasound.so.2.0.0
b3227000-b3228000 rw-p 000f0000 08:01 16845      /usr/lib/i386-linux-gnu/libasound.so.2.0.0
b3228000-b3235000 r-xp 00000000 08:01 1839792    /usr/lib/jvm/java-6-openjdk-i386/jre/lib/i386/libpulse-java.so
b3235000-b3236000 r--p 0000c000 08:01 1839792    /usr/lib/jvm/java-6-openjdk-i386/jre/lib/i386/libpulse-java.so
b3236000-b3237000 rw-p 0000d000 08:01 1839792    /usr/lib/jvm/java-6-openjdk-i386/jre/lib/i386/libpulse-java.so
b3237000-b323c000 r-xp 00000000 08:01 17411      /usr/lib/i386-linux-gnu/alsa-lib/libasound_module_pcm_pulse.so
b323c000-b323d000 r--p 00004000 08:01 17411      /usr/lib/i386-linux-gnu/alsa-lib/libasound_module_pcm_pulse.so
b323d000-b323e000 rw-p 00005000 08:01 17411      /usr/lib/i386-linux-gnu/alsa-lib/libasound_module_pcm_pulse.so
b323e000-b324d000 r-xp 00000000 08:01 1839790    /usr/lib/jvm/java-6-openjdk-i386/jre/lib/i386/libjsoundalsa.so
b324d000-b324e000 r--p 0000e000 08:01 1839790    /usr/lib/jvm/java-6-openjdk-i386/jre/lib/i386/libjsoundalsa.so
b324e000-b324f000 rw-p 0000f000 08:01 1839790    /usr/lib/jvm/java-6-openjdk-i386/jre/lib/i386/libjsoundalsa.so
b324f000-b3252000 ---p 00000000 00:00 0 
b3252000-b32a0000 rw-p 00000000 00:00 0          [stack:2853]
b32a0000-b32c6000 rw-s 00072000 00:05 8562       /dev/video0
b32c6000-b32ec000 rw-s 0004c000 00:05 8562       /dev/video0
b32ec000-b3312000 rw-s 00026000 00:05 8562       /dev/video0
b3312000-b3338000 rw-s 00000000 00:05 8562       /dev/video0
b3338000-b3359000 r-xp 00000000 08:01 17358      /usr/lib/i386-linux-gnu/libv4lconvert.so.0
b3359000-b335a000 r--p 00021000 08:01 17358      /usr/lib/i386-linux-gnu/libv4lconvert.so.0
b335a000-b335b000 rw-p 00022000 08:01 17358      /usr/lib/i386-linux-gnu/libv4lconvert.so.0
b335b000-b33ad000 rw-p 00000000 00:00 0 
b33ad000-b33c0000 r-xp 00000000 08:01 8712       /usr/lib/libvideo.so.0
b33c0000-b33c1000 r--p 00012000 08:01 8712       /usr/lib/libvideo.so.0
b33c1000-b33c2000 rw-p 00013000 08:01 8712       /usr/lib/libvideo.so.0
b33c3000-b33c9000 r-xp 00000000 08:01 17146      /usr/lib/i386-linux-gnu/libjson.so.0.0.1
b33c9000-b33ca000 r--p 00005000 08:01 17146      /usr/lib/i386-linux-gnu/libjson.so.0.0.1
b33ca000-b33cb000 rw-p 00006000 08:01 17146      /usr/lib/i386-linux-gnu/libjson.so.0.0.1
b33ce000-b33cf000 r-xp 00000000 08:01 1839628    /usr/lib/jvm/java-6-openjdk-i386/jre/lib/i386/libjsound.so
b33cf000-b33d0000 r--p 00000000 08:01 1839628    /usr/lib/jvm/java-6-openjdk-i386/jre/lib/i386/libjsound.so
b33d0000-b33d1000 rw-p 00001000 08:01 1839628    /usr/lib/jvm/java-6-openjdk-i386/jre/lib/i386/libjsound.so
b33d1000-b33d8000 r--s 00000000 08:01 14251      /usr/lib/i386-linux-gnu/gconv/gconv-modules.cache
b33d8000-b33db000 ---p 00000000 00:00 0 
b33db000-b3429000 rw-p 00000000 00:00 0          [stack:2852]
b3429000-b342c000 ---p 00000000 00:00 0 
b342c000-b3500000 rw-p 00000000 00:00 0          [stack:2855]
b3500000-b354d000 rw-p 00000000 00:00 0 
b354d000-b3600000 ---p 00000000 00:00 0 
b3600000-b360f000 r-xp 00000000 08:01 524448     /usr/lib/jni/libv4l4j.so
b360f000-b3610000 r--p 0000e000 08:01 524448     /usr/lib/jni/libv4l4j.so
b3610000-b3611000 rw-p 0000f000 08:01 524448     /usr/lib/jni/libv4l4j.so
b3611000-b3619000 r-xp 00000000 08:01 524557     /usr/lib/jni/libsynergy2416.so
b3619000-b361a000 r--p 00007000 08:01 524557     /usr/lib/jni/libsynergy2416.so
b361a000-b361b000 rw-p 00008000 08:01 524557     /usr/lib/jni/libsynergy2416.so
b361b000-b361e000 ---p 00000000 00:00 0 
b361e000-b366c000 rw-p 00000000 00:00 0          [stack:2850]
b366c000-b3674000 r-xp 00000000 08:01 1839626    /usr/lib/jvm/java-6-openjdk-i386/jre/lib/i386/libnio.so
b3674000-b3675000 r--p 00007000 08:01 1839626    /usr/lib/jvm/java-6-openjdk-i386/jre/lib/i386/libnio.so
b3675000-b3676000 rw-p 00008000 08:01 1839626    /usr/lib/jvm/java-6-openjdk-i386/jre/lib/i386/libnio.so
b3676000-b368b000 r-xp 00000000 08:01 1839614    /usr/lib/jvm/java-6-openjdk-i386/jre/lib/i386/libnet.so
b368b000-b368c000 r--p 00014000 08:01 1839614    /usr/lib/jvm/java-6-openjdk-i386/jre/lib/i386/libnet.so
b368c000-b368d000 rw-p 00015000 08:01 1839614    /usr/lib/jvm/java-6-openjdk-i386/jre/lib/i386/libnet.so
b368d000-b3690000 ---p 00000000 00:00 0 
b3690000-b36de000 rw-p 00000000 00:00 0          [stack:2865]
b36de000-b372c000 r--s 008b6000 08:01 2243423    /opt/eclipse-standard/plugins/com.ibm.icu_50.1.1.v201304230130.jar
b372c000-b376e000 r--s 00367000 08:01 2243377    /opt/eclipse-standard/plugins/org.eclipse.ui.workbench_3.105.1.v20130821-1411.jar
b376e000-b3781000 r--s 000e0000 08:01 2243213    /opt/eclipse-standard/plugins/org.eclipse.jface.text_3.8.101.v20130802-1147.jar
b3781000-b3795000 r--s 000f9000 08:01 2243526    /opt/eclipse-standard/plugins/org.eclipse.jface_3.9.1.v20130725-1141.jar
b3795000-b37aa000 r--s 0023a000 08:01 2243675    /opt/eclipse-standard/plugins/org.eclipse.swt.gtk.linux.x86_3.102.1.v20130827-2048.jar
b37aa000-b37ef000 r-xp 00000000 08:01 11892      /usr/lib/i386-linux-gnu/libjpeg.so.8.0.2
b37ef000-b37f0000 r--p 00044000 08:01 11892      /usr/lib/i386-linux-gnu/libjpeg.so.8.0.2
b37f0000-b37f1000 rw-p 00045000 08:01 11892      /usr/lib/i386-linux-gnu/libjpeg.so.8.0.2
b37f1000-b3801000 rw-p 00000000 00:00 0 
b3801000-b3829000 r-xp 00000000 08:01 252306     /lib/i386-linux-gnu/libpng12.so.0.46.0
b3829000-b382a000 r--p 00027000 08:01 252306     /lib/i386-linux-gnu/libpng12.so.0.46.0
b382a000-b382b000 rw-p 00028000 08:01 252306     /lib/i386-linux-gnu/libpng12.so.0.46.0
b382b000-b382e000 ---p 00000000 00:00 0 
b382e000-b387c000 rw-p 00000000 00:00 0          [stack:2848]
b387c000-b387f000 ---p 00000000 00:00 0 
b387f000-b38cd000 rw-p 00000000 00:00 0          [stack:2847]
b38cd000-b38d0000 ---p 00000000 00:00 0 
b38d0000-b391e000 rw-p 00000000 00:00 0          [stack:2846]
b391e000-b391f000 r--s 00000000 08:01 3570       /var/cache/fontconfig/c05880de57d1f5e948fdfacc138775d9-le32d4.cache-3
b391f000-b3925000 r--s 00000000 08:01 3565       /var/cache/fontconfig/945677eb7aeaf62f1d50efc3fb3ec7d8-le32d4.cache-3
b3925000-b3928000 r--s 00000000 08:01 519519     /var/cache/fontconfig/99e8ed0e538f840c565b6ed5dad60d56-le32d4.cache-3
b3928000-b392b000 r--s 00000000 08:01 3552       /var/cache/fontconfig/2cd17615ca594fa2959ae173292e504c-le32d4.cache-3
b392b000-b392c000 r--s 00000000 08:01 3577       /var/cache/fontconfig/e7071f4a29fa870f4323321c154eba04-le32d4.cache-3
b392c000-b392d000 r--s 00000000 08:01 3550       /var/cache/fontconfig/0d8c3b2ac0904cb8a57a757ad11a4a08-le32d4.cache-3
b392d000-b3931000 r--s 00000000 08:01 3567       /var/cache/fontconfig/a755afe4a08bf5b97852ceb7400b47bc-le32d4.cache-3
b3931000-b3938000 r--s 00000000 08:01 1579180    /var/cache/fontconfig/6d41288fd70b0be22e8c3a91e032eec0-le32d4.cache-3
b3938000-b3943000 r--s 00000000 08:01 3549       /var/cache/fontconfig/04aabc0a78ac019cf9454389977116d2-le32d4.cache-3
b3943000-b3946000 r--s 00000000 08:01 3555       /var/cache/fontconfig/385c0604a188198f04d133e54aba7fe7-le32d4.cache-3
b3946000-b3947000 r--s 00000000 08:01 3572       /var/cache/fontconfig/4794a0821666d79190d59a36cb4f44b5-le32d4.cache-3
b3947000-b394b000 r--s 00000000 08:01 3553       /var/cache/fontconfig/3047814df9a2f067bd2d96a2b9c36e5a-le32d4.cache-3
b394b000-b3950000 r--s 00045000 08:01 2243421    /opt/eclipse-standard/plugins/org.eclipse.ui.forms_3.6.1.v20130822-1117.jar
b3950000-b3955000 r--s 00038000 08:01 2243571    /opt/eclipse-standard/plugins/org.eclipse.text_3.5.300.v20130515-1451.jar
b3955000-b395d000 r-xp 00000000 08:01 1839774    /usr/lib/i386-linux-gnu/libgif.so.4.1.6
b395d000-b395e000 r--p 00007000 08:01 1839774    /usr/lib/i386-linux-gnu/libgif.so.4.1.6
b395e000-b395f000 rw-p 00008000 08:01 1839774    /usr/lib/i386-linux-gnu/libgif.so.4.1.6
b395f000-b3961000 rw-p 00000000 00:00 0 
b3961000-b3975000 r--s 00140000 08:01 2243684    /opt/eclipse-standard/plugins/org.eclipse.osgi_3.9.1.v20130814-1242.jar
b3975000-b3976000 r--s 00000000 08:01 3570       /var/cache/fontconfig/c05880de57d1f5e948fdfacc138775d9-le32d4.cache-3
b3976000-b397c000 r--s 00000000 08:01 3565       /var/cache/fontconfig/945677eb7aeaf62f1d50efc3fb3ec7d8-le32d4.cache-3
b397c000-b397f000 r--s 00000000 08:01 519519     /var/cache/fontconfig/99e8ed0e538f840c565b6ed5dad60d56-le32d4.cache-3
b397f000-b3982000 r--s 00000000 08:01 3552       /var/cache/fontconfig/2cd17615ca594fa2959ae173292e504c-le32d4.cache-3
b3982000-b3983000 r--s 00000000 08:01 3577       /var/cache/fontconfig/e7071f4a29fa870f4323321c154eba04-le32d4.cache-3
b3983000-b3987000 r--s 00000000 08:01 3567       /var/cache/fontconfig/a755afe4a08bf5b97852ceb7400b47bc-le32d4.cache-3
b3987000-b398e000 r--s 00000000 08:01 1579180    /var/cache/fontconfig/6d41288fd70b0be22e8c3a91e032eec0-le32d4.cache-3
b398e000-b3999000 r--s 00000000 08:01 3549       /var/cache/fontconfig/04aabc0a78ac019cf9454389977116d2-le32d4.cache-3
b3999000-b399c000 r--s 00000000 08:01 3555       /var/cache/fontconfig/385c0604a188198f04d133e54aba7fe7-le32d4.cache-3
b399c000-b39a0000 r--s 00000000 08:01 3553       /var/cache/fontconfig/3047814df9a2f067bd2d96a2b9c36e5a-le32d4.cache-3
b39a0000-b39a4000 r--s 00000000 08:01 3568       /var/cache/fontconfig/b47c4e1ecd0709278f4910c18777a504-le32d4.cache-3
b39a4000-b39a7000 r--s 00000000 08:01 3564       /var/cache/fontconfig/8801497958630a81b71ace7c5f9b32a8-le32d4.cache-3
b39a7000-b39ab000 r--s 00000000 08:01 3568       /var/cache/fontconfig/b47c4e1ecd0709278f4910c18777a504-le32d4.cache-3
b39ab000-b39b8000 r--s 00000000 08:01 3573       /var/cache/fontconfig/d52a8644073d54c13679302ca1180695-le32d4.cache-3
b39b8000-b39bb000 r--s 00019000 08:01 864259     /home/chaol/workspace-java/ADP-Demo-GUI/src/com/adp/clocks/synergy2416/res/v4l4j.jar
b39bb000-b39be000 r--s 0002a000 08:01 2243555    /opt/eclipse-standard/plugins/org.eclipse.equinox.registry_3.5.301.v20130717-1549.jar
b39be000-b39c2000 r-xp 00000000 08:01 13641      /usr/lib/i386-linux-gnu/libXfixes.so.3.1.0
b39c2000-b39c3000 r--p 00004000 08:01 13641      /usr/lib/i386-linux-gnu/libXfixes.so.3.1.0
b39c3000-b39c4000 rw-p 00005000 08:01 13641      /usr/lib/i386-linux-gnu/libXfixes.so.3.1.0
b39c4000-b39cd000 r-xp 00000000 08:01 16793      /usr/lib/i386-linux-gnu/libXcursor.so.1.0.2
b39cd000-b39ce000 r--p 00008000 08:01 16793      /usr/lib/i386-linux-gnu/libXcursor.so.1.0.2
b39ce000-b39cf000 rw-p 00009000 08:01 16793      /usr/lib/i386-linux-gnu/libXcursor.so.1.0.2
b39cf000-b39d1000 r--s 00010000 08:01 2243198    /opt/eclipse-standard/plugins/org.eclipse.core.runtime_3.9.0.v20130326-1255.jar
b39d1000-b39d4000 r--s 00018000 08:01 2243752    /opt/eclipse-standard/plugins/org.eclipse.equinox.common_3.6.200.v20130402-1505.jar
b39d4000-b39d7000 r--s 00018000 08:01 2243511    /opt/eclipse-standard/plugins/org.eclipse.core.commands_3.6.100.v20130515-1857.jar
b39d7000-b39d8000 rw-p 00000000 00:00 0 
b39d8000-b39e1000 r-xp 00000000 08:01 1839791    /usr/lib/jvm/java-6-openjdk-i386/jre/lib/i386/libsplashscreen.so
b39e1000-b39e2000 r--p 00008000 08:01 1839791    /usr/lib/jvm/java-6-openjdk-i386/jre/lib/i386/libsplashscreen.so
b39e2000-b39e3000 rw-p 00009000 08:01 1839791    /usr/lib/jvm/java-6-openjdk-i386/jre/lib/i386/libsplashscreen.so
b39e3000-b39e5000 rw-p 00000000 00:00 0 
b39e5000-b39ec000 r--s 000fc000 08:01 1838998    /usr/lib/jvm/java-6-openjdk-common/jre/lib/resources.jar
b39ec000-b39ed000 r--s 00000000 08:01 3558       /var/cache/fontconfig/56cf4f4769d0f4abc89a4895d7bd3ae1-le32d4.cache-3
b39ed000-b39ee000 r--s 00000000 08:01 3569       /var/cache/fontconfig/b9d506c9ac06c20b433354fa67a72993-le32d4.cache-3
b39ee000-b39f7000 r--s 00000000 08:01 519518     /var/cache/fontconfig/089dead882dea3570ffc31a9898cfb69-le32d4.cache-3
b39f7000-b39ff000 r--s 00000000 08:01 11176      /var/cache/fontconfig/e13b20fdb08344e0e664864cc2ede53d-le32d4.cache-3
b39ff000-b3a02000 r--s 00000000 08:01 519517     /var/cache/fontconfig/7ef2298fde41cc6eeb7af42e48b7d293-le32d4.cache-3
b3a02000-b3a05000 ---p 00000000 00:00 0 
b3a05000-b3a53000 rw-p 00000000 00:00 0          [stack:2845]
b3a53000-b3ae8000 r-xp 00000000 08:01 16989      /usr/lib/i386-linux-gnu/libfreetype.so.6.8.0
b3ae8000-b3aec000 r--p 00094000 08:01 16989      /usr/lib/i386-linux-gnu/libfreetype.so.6.8.0
b3aec000-b3aed000 rw-p 00098000 08:01 16989      /usr/lib/i386-linux-gnu/libfreetype.so.6.8.0
b3aed000-b3b35000 r-xp 00000000 08:01 1839595    /usr/lib/jvm/java-6-openjdk-i386/jre/lib/i386/libfontmanager.so
b3b35000-b3b36000 r--p 00048000 08:01 1839595    /usr/lib/jvm/java-6-openjdk-i386/jre/lib/i386/libfontmanager.so
b3b36000-b3b37000 rw-p 00049000 08:01 1839595    /usr/lib/jvm/java-6-openjdk-i386/jre/lib/i386/libfontmanager.so
b3b37000-b3b56000 r-xp 00000000 08:01 17393      /usr/lib/i386-linux-gnu/libxcb.so.1.1.0
b3b56000-b3b57000 r--p 0001f000 08:01 17393      /usr/lib/i386-linux-gnu/libxcb.so.1.1.0
b3b57000-b3b58000 rw-p 00020000 08:01 17393      /usr/lib/i386-linux-gnu/libxcb.so.1.1.0
b3b58000-b3b67000 r-xp 00000000 08:01 8381       /usr/lib/i386-linux-gnu/libXi.so.6.1.0
b3b67000-b3b68000 r--p 0000e000 08:01 8381       /usr/lib/i386-linux-gnu/libXi.so.6.1.0
b3b68000-b3b69000 rw-p 0000f000 08:01 8381       /usr/lib/i386-linux-gnu/libXi.so.6.1.0
b3b69000-b3c99000 r-xp 00000000 08:01 14323      /usr/lib/i386-linux-gnu/libX11.so.6.3.0
b3c99000-b3c9a000 r--p 0012f000 08:01 14323      /usr/lib/i386-linux-gnu/libX11.so.6.3.0
b3c9a000-b3c9c000 rw-p 00130000 08:01 14323      /usr/lib/i386-linux-gnu/libX11.so.6.3.0
b3c9c000-b3c9d000 rw-p 00000000 00:00 0 
b3c9d000-b3ce9000 r-xp 00000000 08:01 1839789    /usr/lib/jvm/java-6-openjdk-i386/jre/lib/i386/xawt/libmawt.so
b3ce9000-b3cea000 r--p 0004b000 08:01 1839789    /usr/lib/jvm/java-6-openjdk-i386/jre/lib/i386/xawt/libmawt.so
b3cea000-b3cec000 rw-p 0004c000 08:01 1839789    /usr/lib/jvm/java-6-openjdk-i386/jre/lib/i386/xawt/libmawt.so
b3cec000-b3ced000 rw-p 00000000 00:00 0 
b3ced000-b3d81000 r-xp 00000000 08:01 1839605    /usr/lib/jvm/java-6-openjdk-i386/jre/lib/i386/libawt.so
b3d81000-b3d82000 r--p 00093000 08:01 1839605    /usr/lib/jvm/java-6-openjdk-i386/jre/lib/i386/libawt.so
b3d82000-b3d89000 rw-p 00094000 08:01 1839605    /usr/lib/jvm/java-6-openjdk-i386/jre/lib/i386/libawt.so
b3d89000-b3dad000 rw-p 00000000 00:00 0 
b3dad000-b3dae000 ---p 00000000 00:00 0 
b3dae000-b3e2e000 rw-p 00000000 00:00 0          [stack:2844]
b3e2e000-b3e31000 ---p 00000000 00:00 0 
b3e31000-b3e7f000 rw-p 00000000 00:00 0          [stack:2843]
b3e7f000-b3e82000 ---p 00000000 00:00 0 
b3e82000-b3f00000 rw-p 00000000 00:00 0          [stack:2842]
b3f00000-b4100000 r--p 00000000 08:01 19412      /usr/lib/locale/locale-archive
b4100000-b4144000 rw-p 00000000 00:00 0 
b4144000-b4200000 ---p 00000000 00:00 0 
b4200000-b420d000 r--s 00000000 08:01 3573       /var/cache/fontconfig/d52a8644073d54c13679302ca1180695-le32d4.cache-3
b420d000-b4210000 ---p 00000000 00:00 0 
b4210000-b425e000 rw-p 00000000 00:00 0          [stack:2841]
b425e000-b4261000 ---p 00000000 00:00 0 
b4261000-b42af000 rw-p 00000000 00:00 0          [stack:2840]
b42af000-b42b2000 ---p 00000000 00:00 0 
b42b2000-b4300000 rw-p 00000000 00:00 0          [stack:2839]
b4300000-b43fb000 rw-p 00000000 00:00 0 
b43fb000-b4400000 ---p 00000000 00:00 0 
b4400000-b4403000 r--s 00000000 08:01 3564       /var/cache/fontconfig/8801497958630a81b71ace7c5f9b32a8-le32d4.cache-3
b4403000-b4408000 r-xp 00000000 08:01 16797      /usr/lib/i386-linux-gnu/libXdmcp.so.6.0.0
b4408000-b4409000 r--p 00004000 08:01 16797      /usr/lib/i386-linux-gnu/libXdmcp.so.6.0.0
b4409000-b440a000 rw-p 00005000 08:01 16797      /usr/lib/i386-linux-gnu/libXdmcp.so.6.0.0
b440a000-b440c000 r-xp 00000000 08:01 16786      /usr/lib/i386-linux-gnu/libXau.so.6.0.0
b440c000-b440d000 r--p 00001000 08:01 16786      /usr/lib/i386-linux-gnu/libXau.so.6.0.0
b440d000-b440e000 rw-p 00002000 08:01 16786      /usr/lib/i386-linux-gnu/libXau.so.6.0.0
b440e000-b4416000 r-xp 00000000 08:01 16821      /usr/lib/i386-linux-gnu/libXrender.so.1.3.0
b4416000-b4417000 r--p 00007000 08:01 16821      /usr/lib/i386-linux-gnu/libXrender.so.1.3.0
b4417000-b4418000 rw-p 00008000 08:01 16821      /usr/lib/i386-linux-gnu/libXrender.so.1.3.0
b4418000-b4428000 r-xp 00000000 08:01 16799      /usr/lib/i386-linux-gnu/libXext.so.6.4.0
b4428000-b4429000 r--p 0000f000 08:01 16799      /usr/lib/i386-linux-gnu/libXext.so.6.4.0
b4429000-b442a000 rw-p 00010000 08:01 16799      /usr/lib/i386-linux-gnu/libXext.so.6.4.0
b442a000-b442b000 r--s 00000000 08:01 3550       /var/cache/fontconfig/0d8c3b2ac0904cb8a57a757ad11a4a08-le32d4.cache-3
b442b000-b442c000 r--s 00000000 08:01 3572       /var/cache/fontconfig/4794a0821666d79190d59a36cb4f44b5-le32d4.cache-3
b442c000-b4435000 r--s 00000000 08:01 519518     /var/cache/fontconfig/089dead882dea3570ffc31a9898cfb69-le32d4.cache-3
b4435000-b443d000 r--s 00000000 08:01 11176      /var/cache/fontconfig/e13b20fdb08344e0e664864cc2ede53d-le32d4.cache-3
b443d000-b4440000 r--s 00000000 08:01 519517     /var/cache/fontconfig/7ef2298fde41cc6eeb7af42e48b7d293-le32d4.cache-3
b4440000-b4441000 ---p 00000000 00:00 0 
b4441000-b44f4000 rw-p 00000000 00:00 0          [stack:2838]
b44f4000-b4688000 r--s 03822000 08:01 1839584    /usr/lib/jvm/java-6-openjdk-i386/jre/lib/rt.jar
b4688000-b468f000 rw-p 00000000 00:00 0 
b468f000-b46a9000 rw-p 00000000 00:00 0 
b46a9000-b46af000 rw-p 00000000 00:00 0 
b46af000-b4754000 rw-p 00000000 00:00 0 
b4754000-b4757000 rw-p 00000000 00:00 0 
b4757000-b47a9000 rw-p 00000000 00:00 0 
b47a9000-b47af000 rw-p 00000000 00:00 0 
b47af000-b4854000 rw-p 00000000 00:00 0 
b4854000-b485a000 rw-p 00000000 00:00 0 
b485a000-b4874000 rw-p 00000000 00:00 0 
b4874000-b4884000 rw-p 00000000 00:00 0 
b4884000-b4900000 rw-p 00000000 00:00 0 
b4900000-b4a00000 rwxp 00000000 00:00 0 
b4a00000-b69d8000 rw-p 00000000 00:00 0 
b69d8000-b6a00000 ---p 00000000 00:00 0 
b6a00000-b6a01000 r--s 00000000 08:01 3558       /var/cache/fontconfig/56cf4f4769d0f4abc89a4895d7bd3ae1-le32d4.cache-3
b6a01000-b6a02000 r--s 00000000 08:01 3569       /var/cache/fontconfig/b9d506c9ac06c20b433354fa67a72993-le32d4.cache-3
b6a02000-b6a07000 r-xp 00000000 08:01 16825      /usr/lib/i386-linux-gnu/libXtst.so.6.1.0
b6a07000-b6a08000 r--p 00004000 08:01 16825      /usr/lib/i386-linux-gnu/libXtst.so.6.1.0
b6a08000-b6a09000 rw-p 00005000 08:01 16825      /usr/lib/i386-linux-gnu/libXtst.so.6.1.0
b6a09000-b6a0b000 r--s 0000f000 08:01 1838988    /usr/lib/jvm/java-6-openjdk-common/jre/lib/ext/pulse-java.jar
b6a0b000-b6a0d000 r--s 00001000 08:01 1838990    /usr/lib/jvm/java-6-openjdk-common/jre/lib/ext/dnsns.jar
b6a0d000-b6a10000 r--s 00077000 08:01 1838989    /usr/lib/jvm/java-6-openjdk-common/jre/lib/ext/localedata.jar
b6a10000-b6a14000 r--s 00039000 08:01 1838987    /usr/lib/jvm/java-6-openjdk-common/jre/lib/ext/sunpkcs11.jar
b6a14000-b6a1b000 rw-p 00000000 00:00 0 
b6a1b000-b6a26000 r-xp 00000000 08:01 255736     /lib/i386-linux-gnu/libnss_files-2.15.so
b6a26000-b6a27000 r--p 0000a000 08:01 255736     /lib/i386-linux-gnu/libnss_files-2.15.so
b6a27000-b6a28000 rw-p 0000b000 08:01 255736     /lib/i386-linux-gnu/libnss_files-2.15.so
b6a28000-b6a32000 r-xp 00000000 08:01 255735     /lib/i386-linux-gnu/libnss_nis-2.15.so
b6a32000-b6a33000 r--p 00009000 08:01 255735     /lib/i386-linux-gnu/libnss_nis-2.15.so
b6a33000-b6a34000 rw-p 0000a000 08:01 255735     /lib/i386-linux-gnu/libnss_nis-2.15.so
b6a34000-b6a4a000 r-xp 00000000 08:01 252399     /lib/i386-linux-gnu/libnsl-2.15.so
b6a4a000-b6a4b000 r--p 00015000 08:01 252399     /lib/i386-linux-gnu/libnsl-2.15.so
b6a4b000-b6a4c000 rw-p 00016000 08:01 252399     /lib/i386-linux-gnu/libnsl-2.15.so
b6a4c000-b6a4e000 rw-p 00000000 00:00 0 
b6a4e000-b6a55000 r-xp 00000000 08:01 255737     /lib/i386-linux-gnu/libnss_compat-2.15.so
b6a55000-b6a56000 r--p 00006000 08:01 255737     /lib/i386-linux-gnu/libnss_compat-2.15.so
b6a56000-b6a57000 rw-p 00007000 08:01 255737     /lib/i386-linux-gnu/libnss_compat-2.15.so
b6a57000-b6a58000 r--s 00007000 08:01 1839824    /usr/share/java/java-atk-wrapper.jar
b6a58000-b6a5b000 r--s 00031000 08:01 1838991    /usr/lib/jvm/java-6-openjdk-common/jre/lib/ext/sunjce_provider.jar
b6a5b000-b6a5c000 r--p 005e0000 08:01 19412      /usr/lib/locale/locale-archive
b6a5c000-b6a63000 r-xp 00000000 08:01 1839612    /usr/lib/jvm/java-6-openjdk-i386/jre/lib/i386/libzip.so
b6a63000-b6a64000 r--p 00006000 08:01 1839612    /usr/lib/jvm/java-6-openjdk-i386/jre/lib/i386/libzip.so
b6a64000-b6a65000 rw-p 00007000 08:01 1839612    /usr/lib/jvm/java-6-openjdk-i386/jre/lib/i386/libzip.so
b6a65000-b6a6d000 rw-s 00000000 08:01 944352     /tmp/hsperfdata_chaol/2832
b6a6d000-b6a93000 r-xp 00000000 08:01 1839598    /usr/lib/jvm/java-6-openjdk-i386/jre/lib/i386/libjava.so
b6a93000-b6a94000 r--p 00025000 08:01 1839598    /usr/lib/jvm/java-6-openjdk-i386/jre/lib/i386/libjava.so
b6a94000-b6a96000 rw-p 00026000 08:01 1839598    /usr/lib/jvm/java-6-openjdk-i386/jre/lib/i386/libjava.so
b6a96000-b6a9d000 r-xp 00000000 08:01 252408     /lib/i386-linux-gnu/librt-2.15.so
b6a9d000-b6a9e000 r--p 00006000 08:01 252408     /lib/i386-linux-gnu/librt-2.15.so
b6a9e000-b6a9f000 rw-p 00007000 08:01 252408     /lib/i386-linux-gnu/librt-2.15.so
b6a9f000-b6aa2000 ---p 00000000 00:00 0 
b6aa2000-b6af0000 rw-p 00000000 00:00 0          [stack:2833]
b6af0000-b6b0c000 r-xp 00000000 08:01 252257     /lib/i386-linux-gnu/libgcc_s.so.1
b6b0c000-b6b0d000 r--p 0001b000 08:01 252257     /lib/i386-linux-gnu/libgcc_s.so.1
b6b0d000-b6b0e000 rw-p 0001c000 08:01 252257     /lib/i386-linux-gnu/libgcc_s.so.1
b6b0e000-b6b38000 r-xp 00000000 08:01 255734     /lib/i386-linux-gnu/libm-2.15.so
b6b38000-b6b39000 r--p 00029000 08:01 255734     /lib/i386-linux-gnu/libm-2.15.so
b6b39000-b6b3a000 rw-p 0002a000 08:01 255734     /lib/i386-linux-gnu/libm-2.15.so
b6b3a000-b6c12000 r-xp 00000000 08:01 17329      /usr/lib/i386-linux-gnu/libstdc++.so.6.0.16
b6c12000-b6c13000 ---p 000d8000 08:01 17329      /usr/lib/i386-linux-gnu/libstdc++.so.6.0.16
b6c13000-b6c17000 r--p 000d8000 08:01 17329      /usr/lib/i386-linux-gnu/libstdc++.so.6.0.16
b6c17000-b6c18000 rw-p 000dc000 08:01 17329      /usr/lib/i386-linux-gnu/libstdc++.so.6.0.16
b6c18000-b6c1f000 rw-p 00000000 00:00 0 
b6c1f000-b7134000 r-xp 00000000 08:01 1839604    /usr/lib/jvm/java-6-openjdk-i386/jre/lib/i386/client/libjvm.so
b7134000-b714b000 r--p 00514000 08:01 1839604    /usr/lib/jvm/java-6-openjdk-i386/jre/lib/i386/client/libjvm.so
b714b000-b7158000 rw-p 0052b000 08:01 1839604    /usr/lib/jvm/java-6-openjdk-i386/jre/lib/i386/client/libjvm.so
b7158000-b7572000 rw-p 00000000 00:00 0 
b7572000-b7586000 r-xp 00000000 08:01 252336     /lib/i386-linux-gnu/libz.so.1.2.3.4
b7586000-b7587000 r--p 00013000 08:01 252336     /lib/i386-linux-gnu/libz.so.1.2.3.4
b7587000-b7588000 rw-p 00014000 08:01 252336     /lib/i386-linux-gnu/libz.so.1.2.3.4
b7588000-b772c000 r-xp 00000000 08:01 255739     /lib/i386-linux-gnu/libc-2.15.so
b772c000-b772e000 r--p 001a4000 08:01 255739     /lib/i386-linux-gnu/libc-2.15.so
b772e000-b772f000 rw-p 001a6000 08:01 255739     /lib/i386-linux-gnu/libc-2.15.so
b772f000-b7732000 rw-p 00000000 00:00 0 
b7732000-b7735000 r-xp 00000000 08:01 255738     /lib/i386-linux-gnu/libdl-2.15.so
b7735000-b7736000 r--p 00002000 08:01 255738     /lib/i386-linux-gnu/libdl-2.15.so
b7736000-b7737000 rw-p 00003000 08:01 255738     /lib/i386-linux-gnu/libdl-2.15.so
b7737000-b773b000 r-xp 00000000 08:01 1839611    /usr/lib/jvm/java-6-openjdk-i386/jre/lib/i386/jli/libjli.so
b773b000-b773c000 r--p 00003000 08:01 1839611    /usr/lib/jvm/java-6-openjdk-i386/jre/lib/i386/jli/libjli.so
b773c000-b773d000 rw-p 00004000 08:01 1839611    /usr/lib/jvm/java-6-openjdk-i386/jre/lib/i386/jli/libjli.so
b773d000-b773e000 rw-p 00000000 00:00 0 
b773e000-b7755000 r-xp 00000000 08:01 252406     /lib/i386-linux-gnu/libpthread-2.15.so
b7755000-b7756000 r--p 00016000 08:01 252406     /lib/i386-linux-gnu/libpthread-2.15.so
b7756000-b7757000 rw-p 00017000 08:01 252406     /lib/i386-linux-gnu/libpthread-2.15.so
b7757000-b775f000 rw-p 00000000 00:00 0 
b775f000-b7760000 rw-p 00000000 00:00 0 
b7760000-b7761000 r--p 00000000 00:00 0 
b7761000-b776c000 r-xp 00000000 08:01 1839627    /usr/lib/jvm/java-6-openjdk-i386/jre/lib/i386/libverify.so
b776c000-b776d000 ---p 0000b000 08:01 1839627    /usr/lib/jvm/java-6-openjdk-i386/jre/lib/i386/libverify.so
b776d000-b776e000 r--p 0000b000 08:01 1839627    /usr/lib/jvm/java-6-openjdk-i386/jre/lib/i386/libverify.so
b776e000-b776f000 rw-p 0000c000 08:01 1839627    /usr/lib/jvm/java-6-openjdk-i386/jre/lib/i386/libverify.so
b776f000-b7771000 rw-p 00000000 00:00 0 
b7771000-b7772000 r-xp 00000000 00:00 0          [vdso]
b7772000-b7792000 r-xp 00000000 08:01 252407     /lib/i386-linux-gnu/ld-2.15.so
b7792000-b7793000 r--p 0001f000 08:01 252407     /lib/i386-linux-gnu/ld-2.15.so
b7793000-b7794000 rw-p 00020000 08:01 252407     /lib/i386-linux-gnu/ld-2.15.so
bfb96000-bfbb8000 rw-p 00000000 00:00 0          [stack]

VM Arguments:
jvm_args: -Dfile.encoding=UTF-8 
java_command: com.adp.clocks.synergy2416.demo.MainWindow psplash:res/Background.png
Launcher Type: SUN_STANDARD

Environment Variables:
PATH=/usr/lib/lightdm/lightdm:/usr/local/sbin:/usr/local/bin:/usr/sbin:/usr/bin:/sbin:/bin:/usr/games
LD_LIBRARY_PATH=/usr/lib/jvm/java-6-openjdk-i386/jre/lib/i386/client:/usr/lib/jvm/java-6-openjdk-i386/jre/lib/i386:/usr/lib/jvm/java-6-openjdk-i386/jre/../lib/i386:/usr/lib/jni
SHELL=/bin/bash
DISPLAY=:0

Signal Handlers:
SIGSEGV: [libjvm.so+0x3e8020], sa_mask[0]=0x7ffbfeff, sa_flags=0x10000004
SIGBUS: [libjvm.so+0x3e8020], sa_mask[0]=0x7ffbfeff, sa_flags=0x10000004
SIGFPE: [libjvm.so+0x304080], sa_mask[0]=0x7ffbfeff, sa_flags=0x10000004
SIGPIPE: [libjvm.so+0x304080], sa_mask[0]=0x7ffbfeff, sa_flags=0x10000004
SIGXFSZ: [libjvm.so+0x304080], sa_mask[0]=0x7ffbfeff, sa_flags=0x10000004
SIGILL: [libjvm.so+0x304080], sa_mask[0]=0x7ffbfeff, sa_flags=0x10000004
SIGUSR1: SIG_DFL, sa_mask[0]=0x00000000, sa_flags=0x00000000
SIGUSR2: [libjvm.so+0x303f10], sa_mask[0]=0x00000004, sa_flags=0x10000004
SIGHUP: [libjvm.so+0x306ea0], sa_mask[0]=0x7ffbfeff, sa_flags=0x10000004
SIGINT: [libjvm.so+0x306ea0], sa_mask[0]=0x7ffbfeff, sa_flags=0x10000004
SIGTERM: [libjvm.so+0x306ea0], sa_mask[0]=0x7ffbfeff, sa_flags=0x10000004
SIGQUIT: [libjvm.so+0x306ea0], sa_mask[0]=0x7ffbfeff, sa_flags=0x10000004


---------------  S Y S T E M  ---------------

OS:Ubuntu 12.04 (precise)
uname:Linux 3.8.0-36-generic #52~precise1-Ubuntu SMP Mon Feb 3 21:56:56 UTC 2014 i686
libc:glibc 2.15 NPTL 2.15 
rlimit: STACK 8192k, CORE 0k, NPROC 24036, NOFILE 4096, AS infinity
load average:0.55 0.65 0.32

/proc/meminfo:
MemTotal:        3093208 kB
MemFree:         1535960 kB
Buffers:           54336 kB
Cached:           857940 kB
SwapCached:            0 kB
Active:           672608 kB
Inactive:         808240 kB
Active(anon):     569556 kB
Inactive(anon):   176972 kB
Active(file):     103052 kB
Inactive(file):   631268 kB
Unevictable:           0 kB
Mlocked:               0 kB
HighTotal:       2222632 kB
HighFree:         778012 kB
LowTotal:         870576 kB
LowFree:          757948 kB
SwapTotal:             0 kB
SwapFree:              0 kB
Dirty:                28 kB
Writeback:             0 kB
AnonPages:        568744 kB
Mapped:           209204 kB
Shmem:            177976 kB
Slab:              35888 kB
SReclaimable:      19864 kB
SUnreclaim:        16024 kB
KernelStack:        4592 kB
PageTables:         9972 kB
NFS_Unstable:          0 kB
Bounce:                0 kB
WritebackTmp:          0 kB
CommitLimit:     1546604 kB
Committed_AS:    3803512 kB
VmallocTotal:     122880 kB
VmallocUsed:       33424 kB
VmallocChunk:      88152 kB
HardwareCorrupted:     0 kB
AnonHugePages:         0 kB
HugePages_Total:       0
HugePages_Free:        0
HugePages_Rsvd:        0
HugePages_Surp:        0
Hugepagesize:       2048 kB
DirectMap4k:       16376 kB
DirectMap2M:      897024 kB


CPU:total 2 (1 cores per cpu, 2 threads per core) family 15 model 4 stepping 9, cmov, cx8, fxsr, mmx, sse, sse2, sse3, ht

Memory: 4k page, physical 3093208k(1535960k free), swap 0k(0k free)

vm_info: OpenJDK Client VM (20.0-b12) for linux-x86 JRE (1.6.0_27-b27), built on Nov 16 2013 15:23:20 by "buildd" with gcc 4.6.3

time: Wed Feb 19 19:54:31 2014
elapsed time: 12 seconds

