#
# A fatal error has been detected by the Java Runtime Environment:
#
#  SIGSEGV (0xb) at pc=0x68a308b7, pid=13493, tid=1747884864
#
# JRE version: 6.0_27-b27
# Java VM: OpenJDK Server VM (20.0-b12 mixed mode linux-x86 )
# Derivative: IcedTea6 1.12.6
# Distribution: Ubuntu 12.04 LTS, package 6b27-1.12.6-1ubuntu0.12.04.4
# Problematic frame:
# C  [libsynergy2416.so+0x48b7]  _get_enroll_count+0x22
#
# If you would like to submit a bug report, please include
# instructions how to reproduce the bug and visit:
#   https://bugs.launchpad.net/ubuntu/+source/openjdk-6/
# The crash happened outside the Java Virtual Machine in native code.
# See problematic frame for where to report the bug.
#

---------------  T H R E A D  ---------------

Current thread (0x688f2c00):  JavaThread "SwingWorker-pool-2-thread-1" [_thread_in_native, id=13528, stack(0x68299000,0x682ea000)]

siginfo:si_signo=SIGSEGV: si_errno=0, si_code=1 (SEGV_MAPERR), si_addr=0x00000000

Registers:
EAX=0x00000000, EBX=0x6bf07788, ECX=0x688f2d20, EDX=0x00000000
ESP=0x682e8a10, EBP=0x682e8a20, ESI=0x6bf07788, EDI=0x688f2c00
EIP=0x68a308b7, EFLAGS=0x00210297, CR2=0x00000000

Top of Stack: (sp=0x682e8a10)
0x682e8a10:   b6c08d60 694f941c 00000000 00000000
0x682e8a20:   682e8a28 68a31261 682e8a68 68a2ffc3
0x682e8a30:   682e8ae0 682e8ab0 b35127d4 b3502688
0x682e8a40:   00000000 682e8ad0 682e8ab0 00000000
0x682e8a50:   00000000 6bf07788 688f2c00 682e8aa0
0x682e8a60:   b350a548 688f2c00 682e8aa0 b350a64a
0x682e8a70:   688f2d20 682e8aa8 682e8ae0 682e8ae0
0x682e8a80:   682e8a80 6bf07788 682e8aac 6bf08548 

Instructions: (pc=0x68a308b7)
0x68a30897:   e5 83 ec 10 c7 45 f8 00 00 00 00 c7 45 fc 00 00
0x68a308a7:   00 00 eb 1b 8b 15 e4 5a a3 68 8b 45 fc 8d 04 02
0x68a308b7:   0f b6 00 84 c0 74 04 83 45 f8 01 83 45 fc 01 a1
0x68a308c7:   10 50 a3 68 39 45 fc 7c db 8b 45 f8 c9 c3 55 89 

Register to memory mapping:

EAX=0x00000000 is an unknown value
EBX=0x6bf07788 is an oop
{method} 
 - klass: {other class}
ECX=0x688f2d20 is an unknown value
EDX=0x00000000 is an unknown value
ESP=0x682e8a10 is pointing into the stack for thread: 0x688f2c00
EBP=0x682e8a20 is pointing into the stack for thread: 0x688f2c00
ESI=0x6bf07788 is an oop
{method} 
 - klass: {other class}
EDI=0x688f2c00 is a thread


Stack: [0x68299000,0x682ea000],  sp=0x682e8a10,  free space=318k
Native frames: (J=compiled Java code, j=interpreted, Vv=VM code, C=native code)
C  [libsynergy2416.so+0x48b7]  _get_enroll_count+0x22
C  [libsynergy2416.so+0x5261]  hlpGetEnrollCount+0x8
C  [libsynergy2416.so+0x3fc3]  Java_com_adp_clocks_synergy2416_demo_FPU_FP_1IDENTIFY_1EMPLOYEE+0x19
j  com.adp.clocks.synergy2416.demo.FPU.FP_IDENTIFY_EMPLOYEE()I+0
j  com.adp.clocks.synergy2416.demo.FPU.identifyEmployee()Ljava/lang/String;+0
j  com.adp.clocks.synergy2416.demo.WelcomeForm$IdentifyEmployee.doInBackground()Ljava/lang/String;+0
j  com.adp.clocks.synergy2416.demo.WelcomeForm$IdentifyEmployee.doInBackground()Ljava/lang/Object;+1
j  javax.swing.SwingWorker$1.call()Ljava/lang/Object;+14
j  java.util.concurrent.FutureTask$Sync.innerRun()V+29
j  java.util.concurrent.FutureTask.run()V+4
j  javax.swing.SwingWorker.run()V+4
j  java.util.concurrent.ThreadPoolExecutor.runWorker(Ljava/util/concurrent/ThreadPoolExecutor$Worker;)V+95
j  java.util.concurrent.ThreadPoolExecutor$Worker.run()V+5
j  java.lang.Thread.run()V+11
v  ~StubRoutines::call_stub
V  [libjvm.so+0x39b846]  JavaCalls::call_helper(JavaValue*, methodHandle*, JavaCallArguments*, Thread*)+0x2c6

Java frames: (J=compiled Java code, j=interpreted, Vv=VM code)
j  com.adp.clocks.synergy2416.demo.FPU.FP_IDENTIFY_EMPLOYEE()I+0
j  com.adp.clocks.synergy2416.demo.FPU.identifyEmployee()Ljava/lang/String;+0
j  com.adp.clocks.synergy2416.demo.WelcomeForm$IdentifyEmployee.doInBackground()Ljava/lang/String;+0
j  com.adp.clocks.synergy2416.demo.WelcomeForm$IdentifyEmployee.doInBackground()Ljava/lang/Object;+1
j  javax.swing.SwingWorker$1.call()Ljava/lang/Object;+14
j  java.util.concurrent.FutureTask$Sync.innerRun()V+29
j  java.util.concurrent.FutureTask.run()V+4
j  javax.swing.SwingWorker.run()V+4
j  java.util.concurrent.ThreadPoolExecutor.runWorker(Ljava/util/concurrent/ThreadPoolExecutor$Worker;)V+95
j  java.util.concurrent.ThreadPoolExecutor$Worker.run()V+5
j  java.lang.Thread.run()V+11
v  ~StubRoutines::call_stub

---------------  P R O C E S S  ---------------

Java Threads: ( => current thread )
  0xb6505c00 JavaThread "DestroyJavaVM" [_thread_blocked, id=13499, stack(0xb66f1000,0xb6742000)]
=>0x688f2c00 JavaThread "SwingWorker-pool-2-thread-1" [_thread_in_native, id=13528, stack(0x68299000,0x682ea000)]
  0x6886c400 JavaThread "pool-1-thread-1 - v4l4j push source" [_thread_in_native, id=13525, stack(0x682ea000,0x6833b000)]
  0x6886a000 JavaThread "Timer-0" [_thread_blocked, id=13524, stack(0x6870d000,0x6875e000)]
  0x6882f000 JavaThread "Image Fetcher 1" daemon [_thread_blocked, id=13523, stack(0x6875e000,0x687af000)]
  0x6882e000 JavaThread "TimerQueue" daemon [_thread_blocked, id=13522, stack(0x687af000,0x68800000)]
  0x69bc9000 JavaThread "Image Fetcher 0" daemon [_thread_blocked, id=13521, stack(0x68c0a000,0x68c5b000)]
  0x68d35400 JavaThread "AWT-EventQueue-0" [_thread_in_native, id=13520, stack(0x6904f000,0x690a0000)]
  0x68d34800 JavaThread "AWT-Shutdown" [_thread_blocked, id=13519, stack(0x690a0000,0x690f1000)]
  0x68d33800 JavaThread "AWT-XAWT" daemon [_thread_in_native, id=13518, stack(0x6962e000,0x6967f000)]
  0x69791000 JavaThread "Java2D Disposer" daemon [_thread_blocked, id=13517, stack(0x69e19000,0x69e6a000)]
  0x69706400 JavaThread "Low Memory Detector" daemon [_thread_blocked, id=13514, stack(0x6a62e000,0x6a67f000)]
  0x69704800 JavaThread "C2 CompilerThread1" daemon [_thread_blocked, id=13513, stack(0x6967f000,0x69700000)]
  0x69702800 JavaThread "C2 CompilerThread0" daemon [_thread_blocked, id=13512, stack(0x69e6a000,0x69eeb000)]
  0x69701400 JavaThread "Signal Dispatcher" daemon [_thread_blocked, id=13511, stack(0x6a82e000,0x6a87f000)]
  0xb65f0c00 JavaThread "Finalizer" daemon [_thread_blocked, id=13510, stack(0x6aa2e000,0x6aa7f000)]
  0xb65ef400 JavaThread "Reference Handler" daemon [_thread_blocked, id=13509, stack(0x6ac2e000,0x6ac7f000)]

Other Threads:
  0xb65ec800 VMThread [stack: 0x69eeb000,0x69f6c000] [id=13508]
  0x69710400 WatcherThread [stack: 0x6937f000,0x69400000] [id=13515]

VM state:not at safepoint (normal execution)

VM Mutex/Monitor currently owned by a thread: None

Heap
 PSYoungGen      total 19136K, used 9024K [0x9def0000, 0x9f440000, 0xb3440000)
  eden space 16448K, 40% used [0x9def0000,0x9e5678c8,0x9ef00000)
  from space 2688K, 89% used [0x9ef00000,0x9f1587b0,0x9f1a0000)
  to   space 2688K, 0% used [0x9f1a0000,0x9f1a0000,0x9f440000)
 PSOldGen        total 43712K, used 0K [0x73440000, 0x75ef0000, 0x9def0000)
  object space 43712K, 0% used [0x73440000,0x73440000,0x75ef0000)
 PSPermGen       total 16384K, used 11261K [0x6b440000, 0x6c440000, 0x73440000)
  object space 16384K, 68% used [0x6b440000,0x6bf3f550,0x6c440000)

Code Cache  [0xb3500000, 0xb3740000, 0xb6500000)
 total_blobs=340 nmethods=107 adapters=187 free_code_cache=49682240 largest_free_block=13376

Dynamic libraries:
08048000-08051000 r-xp 00000000 08:01 1839571    /usr/lib/jvm/java-6-openjdk-i386/jre/bin/java
08051000-08052000 r--p 00008000 08:01 1839571    /usr/lib/jvm/java-6-openjdk-i386/jre/bin/java
08052000-08053000 rw-p 00009000 08:01 1839571    /usr/lib/jvm/java-6-openjdk-i386/jre/bin/java
08438000-084b7000 rw-p 00000000 00:00 0          [heap]
68100000-68158000 rw-p 00000000 00:00 0 
68158000-68200000 ---p 00000000 00:00 0 
68299000-6829c000 ---p 00000000 00:00 0 
6829c000-682ea000 rw-p 00000000 00:00 0          [stack:13528]
682ea000-682ed000 ---p 00000000 00:00 0 
682ed000-6833b000 rw-p 00000000 00:00 0          [stack:13525]
6838b000-683ac000 r-xp 00000000 08:01 17358      /usr/lib/i386-linux-gnu/libv4lconvert.so.0
683ac000-683ad000 r--p 00021000 08:01 17358      /usr/lib/i386-linux-gnu/libv4lconvert.so.0
683ad000-683ae000 rw-p 00022000 08:01 17358      /usr/lib/i386-linux-gnu/libv4lconvert.so.0
683ae000-68400000 rw-p 00000000 00:00 0 
68400000-684f7000 rw-p 00000000 00:00 0 
684f7000-68500000 ---p 00000000 00:00 0 
68500000-685dc000 rw-p 00000000 00:00 0 
685dc000-68600000 ---p 00000000 00:00 0 
68600000-686ef000 rw-p 00000000 00:00 0 
686ef000-68700000 ---p 00000000 00:00 0 
6870d000-68710000 ---p 00000000 00:00 0 
68710000-6875e000 rw-p 00000000 00:00 0          [stack:13524]
6875e000-68761000 ---p 00000000 00:00 0 
68761000-687af000 rw-p 00000000 00:00 0          [stack:13523]
687af000-687b2000 ---p 00000000 00:00 0 
687b2000-68800000 rw-p 00000000 00:00 0          [stack:13522]
68800000-688f7000 rw-p 00000000 00:00 0 
688f7000-68900000 ---p 00000000 00:00 0 
68900000-689ff000 rw-p 00000000 00:00 0 
689ff000-68a00000 ---p 00000000 00:00 0 
68a2c000-68a34000 r-xp 00000000 08:01 524557     /usr/lib/jni/libsynergy2416.so
68a34000-68a35000 r--p 00007000 08:01 524557     /usr/lib/jni/libsynergy2416.so
68a35000-68a36000 rw-p 00008000 08:01 524557     /usr/lib/jni/libsynergy2416.so
68a36000-68abc000 rw-p 00000000 00:00 0 
68abc000-68ac4000 rw-s 00018000 00:05 8893       /dev/video0
68ac4000-68ad7000 r-xp 00000000 08:01 8712       /usr/lib/libvideo.so.0
68ad7000-68ad8000 r--p 00012000 08:01 8712       /usr/lib/libvideo.so.0
68ad8000-68ad9000 rw-p 00013000 08:01 8712       /usr/lib/libvideo.so.0
68adf000-68ae7000 rw-s 00010000 00:05 8893       /dev/video0
68ae7000-68aef000 rw-s 00008000 00:05 8893       /dev/video0
68aef000-68afe000 r-xp 00000000 08:01 524448     /usr/lib/jni/libv4l4j.so
68afe000-68aff000 r--p 0000e000 08:01 524448     /usr/lib/jni/libv4l4j.so
68aff000-68b00000 rw-p 0000f000 08:01 524448     /usr/lib/jni/libv4l4j.so
68b00000-68bf2000 rw-p 00000000 00:00 0 
68bf2000-68c00000 ---p 00000000 00:00 0 
68c02000-68c0a000 rw-s 00000000 00:05 8893       /dev/video0
68c0a000-68c0d000 ---p 00000000 00:00 0 
68c0d000-68c5b000 rw-p 00000000 00:00 0          [stack:13521]
68c5b000-68ca9000 r--s 008b6000 08:01 2243423    /opt/eclipse-standard/plugins/com.ibm.icu_50.1.1.v201304230130.jar
68ca9000-68cee000 r-xp 00000000 08:01 11892      /usr/lib/i386-linux-gnu/libjpeg.so.8.0.2
68cee000-68cef000 r--p 00044000 08:01 11892      /usr/lib/i386-linux-gnu/libjpeg.so.8.0.2
68cef000-68cf0000 rw-p 00045000 08:01 11892      /usr/lib/i386-linux-gnu/libjpeg.so.8.0.2
68cf0000-68d00000 rw-p 00000000 00:00 0 
68d00000-68d37000 rw-p 00000000 00:00 0 
68d37000-68e00000 ---p 00000000 00:00 0 
68e00000-68efa000 rw-p 00000000 00:00 0 
68efa000-68f00000 ---p 00000000 00:00 0 
68f00000-68ff5000 rw-p 00000000 00:00 0 
68ff5000-69000000 ---p 00000000 00:00 0 
69003000-6900b000 r-xp 00000000 08:01 1839626    /usr/lib/jvm/java-6-openjdk-i386/jre/lib/i386/libnio.so
6900b000-6900c000 r--p 00007000 08:01 1839626    /usr/lib/jvm/java-6-openjdk-i386/jre/lib/i386/libnio.so
6900c000-6900d000 rw-p 00008000 08:01 1839626    /usr/lib/jvm/java-6-openjdk-i386/jre/lib/i386/libnio.so
6900d000-6904f000 r--s 00367000 08:01 2243377    /opt/eclipse-standard/plugins/org.eclipse.ui.workbench_3.105.1.v20130821-1411.jar
6904f000-69052000 ---p 00000000 00:00 0 
69052000-690a0000 rw-p 00000000 00:00 0          [stack:13520]
690a0000-690a3000 ---p 00000000 00:00 0 
690a3000-690f1000 rw-p 00000000 00:00 0          [stack:13519]
690f1000-69186000 r-xp 00000000 08:01 16989      /usr/lib/i386-linux-gnu/libfreetype.so.6.8.0
69186000-6918a000 r--p 00094000 08:01 16989      /usr/lib/i386-linux-gnu/libfreetype.so.6.8.0
6918a000-6918b000 rw-p 00098000 08:01 16989      /usr/lib/i386-linux-gnu/libfreetype.so.6.8.0
6918b000-692bb000 r-xp 00000000 08:01 14323      /usr/lib/i386-linux-gnu/libX11.so.6.3.0
692bb000-692bc000 r--p 0012f000 08:01 14323      /usr/lib/i386-linux-gnu/libX11.so.6.3.0
692bc000-692be000 rw-p 00130000 08:01 14323      /usr/lib/i386-linux-gnu/libX11.so.6.3.0
692be000-692bf000 rw-p 00000000 00:00 0 
692bf000-69353000 r-xp 00000000 08:01 1839605    /usr/lib/jvm/java-6-openjdk-i386/jre/lib/i386/libawt.so
69353000-69354000 r--p 00093000 08:01 1839605    /usr/lib/jvm/java-6-openjdk-i386/jre/lib/i386/libawt.so
69354000-6935b000 rw-p 00094000 08:01 1839605    /usr/lib/jvm/java-6-openjdk-i386/jre/lib/i386/libawt.so
6935b000-6937f000 rw-p 00000000 00:00 0 
6937f000-69380000 ---p 00000000 00:00 0 
69380000-69400000 rw-p 00000000 00:00 0          [stack:13515]
69400000-694fa000 rw-p 00000000 00:00 0 
694fa000-69500000 ---p 00000000 00:00 0 
69500000-695f2000 rw-p 00000000 00:00 0 
695f2000-69600000 ---p 00000000 00:00 0 
69604000-69619000 r-xp 00000000 08:01 1839614    /usr/lib/jvm/java-6-openjdk-i386/jre/lib/i386/libnet.so
69619000-6961a000 r--p 00014000 08:01 1839614    /usr/lib/jvm/java-6-openjdk-i386/jre/lib/i386/libnet.so
6961a000-6961b000 rw-p 00015000 08:01 1839614    /usr/lib/jvm/java-6-openjdk-i386/jre/lib/i386/libnet.so
6961b000-6962e000 r--s 000e0000 08:01 2243213    /opt/eclipse-standard/plugins/org.eclipse.jface.text_3.8.101.v20130802-1147.jar
6962e000-69631000 ---p 00000000 00:00 0 
69631000-6967f000 rw-p 00000000 00:00 0          [stack:13518]
6967f000-69682000 ---p 00000000 00:00 0 
69682000-69700000 rw-p 00000000 00:00 0          [stack:13513]
69700000-697fd000 rw-p 00000000 00:00 0 
697fd000-69800000 ---p 00000000 00:00 0 
69800000-69821000 rw-p 00000000 00:00 0 
69821000-69900000 ---p 00000000 00:00 0 
69900000-69b00000 r--p 00000000 08:01 19412      /usr/lib/locale/locale-archive
69b00000-69bff000 rw-p 00000000 00:00 0 
69bff000-69c00000 ---p 00000000 00:00 0 
69c00000-69c21000 rw-p 00000000 00:00 0 
69c21000-69d00000 ---p 00000000 00:00 0 
69d00000-69d40000 rw-p 00000000 00:00 0 
69d40000-69e00000 ---p 00000000 00:00 0 
69e05000-69e19000 r--s 000f9000 08:01 2243526    /opt/eclipse-standard/plugins/org.eclipse.jface_3.9.1.v20130725-1141.jar
69e19000-69e1c000 ---p 00000000 00:00 0 
69e1c000-69e6a000 rw-p 00000000 00:00 0          [stack:13517]
69e6a000-69e6d000 ---p 00000000 00:00 0 
69e6d000-69eeb000 rw-p 00000000 00:00 0          [stack:13512]
69eeb000-69eec000 ---p 00000000 00:00 0 
69eec000-69f6c000 rw-p 00000000 00:00 0          [stack:13508]
69f6c000-6a100000 r--s 03822000 08:01 1839584    /usr/lib/jvm/java-6-openjdk-i386/jre/lib/rt.jar
6a100000-6a121000 rw-p 00000000 00:00 0 
6a121000-6a200000 ---p 00000000 00:00 0 
6a201000-6a208000 r--s 00000000 08:01 14251      /usr/lib/i386-linux-gnu/gconv/gconv-modules.cache
6a208000-6a20b000 r--s 0007f000 08:01 1839014    /usr/lib/jvm/java-6-openjdk-common/jre/lib/jsse.jar
6a20b000-6a233000 r-xp 00000000 08:01 252306     /lib/i386-linux-gnu/libpng12.so.0.46.0
6a233000-6a234000 r--p 00027000 08:01 252306     /lib/i386-linux-gnu/libpng12.so.0.46.0
6a234000-6a235000 rw-p 00028000 08:01 252306     /lib/i386-linux-gnu/libpng12.so.0.46.0
6a235000-6a27d000 r-xp 00000000 08:01 1839595    /usr/lib/jvm/java-6-openjdk-i386/jre/lib/i386/libfontmanager.so
6a27d000-6a27e000 r--p 00048000 08:01 1839595    /usr/lib/jvm/java-6-openjdk-i386/jre/lib/i386/libfontmanager.so
6a27e000-6a27f000 rw-p 00049000 08:01 1839595    /usr/lib/jvm/java-6-openjdk-i386/jre/lib/i386/libfontmanager.so
6a27f000-6a280000 ---p 00000000 00:00 0 
6a280000-6a300000 rw-p 00000000 00:00 0          [stack:13507]
6a300000-6a321000 rw-p 00000000 00:00 0 
6a321000-6a400000 ---p 00000000 00:00 0 
6a401000-6a406000 r--s 00045000 08:01 2243421    /opt/eclipse-standard/plugins/org.eclipse.ui.forms_3.6.1.v20130822-1117.jar
6a406000-6a41b000 r--s 0023a000 08:01 2243675    /opt/eclipse-standard/plugins/org.eclipse.swt.gtk.linux.x86_3.102.1.v20130827-2048.jar
6a41b000-6a42f000 r--s 00140000 08:01 2243684    /opt/eclipse-standard/plugins/org.eclipse.osgi_3.9.1.v20130814-1242.jar
6a42f000-6a47b000 r-xp 00000000 08:01 1839789    /usr/lib/jvm/java-6-openjdk-i386/jre/lib/i386/xawt/libmawt.so
6a47b000-6a47c000 r--p 0004b000 08:01 1839789    /usr/lib/jvm/java-6-openjdk-i386/jre/lib/i386/xawt/libmawt.so
6a47c000-6a47e000 rw-p 0004c000 08:01 1839789    /usr/lib/jvm/java-6-openjdk-i386/jre/lib/i386/xawt/libmawt.so
6a47e000-6a47f000 rw-p 00000000 00:00 0 
6a47f000-6a480000 ---p 00000000 00:00 0 
6a480000-6a500000 rw-p 00000000 00:00 0          [stack:13506]
6a500000-6a521000 rw-p 00000000 00:00 0 
6a521000-6a600000 ---p 00000000 00:00 0 
6a600000-6a603000 r--s 00019000 08:01 864259     /home/chaol/workspace-java/ADP-Demo-GUI/src/com/adp/clocks/synergy2416/res/v4l4j.jar
6a603000-6a608000 r--s 00038000 08:01 2243571    /opt/eclipse-standard/plugins/org.eclipse.text_3.5.300.v20130515-1451.jar
6a608000-6a60b000 r--s 0002a000 08:01 2243555    /opt/eclipse-standard/plugins/org.eclipse.equinox.registry_3.5.301.v20130717-1549.jar
6a60b000-6a613000 r-xp 00000000 08:01 1839774    /usr/lib/i386-linux-gnu/libgif.so.4.1.6
6a613000-6a614000 r--p 00007000 08:01 1839774    /usr/lib/i386-linux-gnu/libgif.so.4.1.6
6a614000-6a615000 rw-p 00008000 08:01 1839774    /usr/lib/i386-linux-gnu/libgif.so.4.1.6
6a615000-6a619000 r-xp 00000000 08:01 13641      /usr/lib/i386-linux-gnu/libXfixes.so.3.1.0
6a619000-6a61a000 r--p 00004000 08:01 13641      /usr/lib/i386-linux-gnu/libXfixes.so.3.1.0
6a61a000-6a61b000 rw-p 00005000 08:01 13641      /usr/lib/i386-linux-gnu/libXfixes.so.3.1.0
6a61b000-6a621000 r--s 00000000 08:01 3565       /var/cache/fontconfig/945677eb7aeaf62f1d50efc3fb3ec7d8-le32d4.cache-3
6a621000-6a624000 r--s 00000000 08:01 519519     /var/cache/fontconfig/99e8ed0e538f840c565b6ed5dad60d56-le32d4.cache-3
6a624000-6a627000 r--s 00000000 08:01 3552       /var/cache/fontconfig/2cd17615ca594fa2959ae173292e504c-le32d4.cache-3
6a627000-6a62e000 r--s 00000000 08:01 1579180    /var/cache/fontconfig/6d41288fd70b0be22e8c3a91e032eec0-le32d4.cache-3
6a62e000-6a631000 ---p 00000000 00:00 0 
6a631000-6a67f000 rw-p 00000000 00:00 0          [stack:13514]
6a67f000-6a680000 ---p 00000000 00:00 0 
6a680000-6a700000 rw-p 00000000 00:00 0          [stack:13505]
6a700000-6a721000 rw-p 00000000 00:00 0 
6a721000-6a800000 ---p 00000000 00:00 0 
6a801000-6a802000 r--s 00000000 08:01 3570       /var/cache/fontconfig/c05880de57d1f5e948fdfacc138775d9-le32d4.cache-3
6a802000-6a803000 r--s 00000000 08:01 3577       /var/cache/fontconfig/e7071f4a29fa870f4323321c154eba04-le32d4.cache-3
6a803000-6a804000 r--s 00000000 08:01 3550       /var/cache/fontconfig/0d8c3b2ac0904cb8a57a757ad11a4a08-le32d4.cache-3
6a805000-6a806000 rw-p 00000000 00:00 0 
6a806000-6a80f000 r-xp 00000000 08:01 16793      /usr/lib/i386-linux-gnu/libXcursor.so.1.0.2
6a80f000-6a810000 r--p 00008000 08:01 16793      /usr/lib/i386-linux-gnu/libXcursor.so.1.0.2
6a810000-6a811000 rw-p 00009000 08:01 16793      /usr/lib/i386-linux-gnu/libXcursor.so.1.0.2
6a811000-6a813000 r--s 00010000 08:01 2243198    /opt/eclipse-standard/plugins/org.eclipse.core.runtime_3.9.0.v20130326-1255.jar
6a813000-6a816000 r--s 00018000 08:01 2243752    /opt/eclipse-standard/plugins/org.eclipse.equinox.common_3.6.200.v20130402-1505.jar
6a816000-6a819000 r--s 00018000 08:01 2243511    /opt/eclipse-standard/plugins/org.eclipse.core.commands_3.6.100.v20130515-1857.jar
6a819000-6a81a000 rw-p 00000000 00:00 0 
6a81a000-6a823000 r-xp 00000000 08:01 1839791    /usr/lib/jvm/java-6-openjdk-i386/jre/lib/i386/libsplashscreen.so
6a823000-6a824000 r--p 00008000 08:01 1839791    /usr/lib/jvm/java-6-openjdk-i386/jre/lib/i386/libsplashscreen.so
6a824000-6a825000 rw-p 00009000 08:01 1839791    /usr/lib/jvm/java-6-openjdk-i386/jre/lib/i386/libsplashscreen.so
6a825000-6a827000 rw-p 00000000 00:00 0 
6a827000-6a82e000 r--s 000fc000 08:01 1838998    /usr/lib/jvm/java-6-openjdk-common/jre/lib/resources.jar
6a82e000-6a831000 ---p 00000000 00:00 0 
6a831000-6a87f000 rw-p 00000000 00:00 0          [stack:13511]
6a87f000-6a880000 ---p 00000000 00:00 0 
6a880000-6a900000 rw-p 00000000 00:00 0          [stack:13504]
6a900000-6a921000 rw-p 00000000 00:00 0 
6a921000-6aa00000 ---p 00000000 00:00 0 
6aa00000-6aa04000 r--s 00000000 08:01 3567       /var/cache/fontconfig/a755afe4a08bf5b97852ceb7400b47bc-le32d4.cache-3
6aa04000-6aa0f000 r--s 00000000 08:01 3549       /var/cache/fontconfig/04aabc0a78ac019cf9454389977116d2-le32d4.cache-3
6aa0f000-6aa12000 r--s 00000000 08:01 3555       /var/cache/fontconfig/385c0604a188198f04d133e54aba7fe7-le32d4.cache-3
6aa12000-6aa13000 r--s 00000000 08:01 3572       /var/cache/fontconfig/4794a0821666d79190d59a36cb4f44b5-le32d4.cache-3
6aa13000-6aa17000 r--s 00000000 08:01 3553       /var/cache/fontconfig/3047814df9a2f067bd2d96a2b9c36e5a-le32d4.cache-3
6aa17000-6aa1d000 r--s 00000000 08:01 3565       /var/cache/fontconfig/945677eb7aeaf62f1d50efc3fb3ec7d8-le32d4.cache-3
6aa1d000-6aa20000 r--s 00000000 08:01 519519     /var/cache/fontconfig/99e8ed0e538f840c565b6ed5dad60d56-le32d4.cache-3
6aa20000-6aa23000 r--s 00000000 08:01 3552       /var/cache/fontconfig/2cd17615ca594fa2959ae173292e504c-le32d4.cache-3
6aa23000-6aa2e000 r--s 00000000 08:01 3549       /var/cache/fontconfig/04aabc0a78ac019cf9454389977116d2-le32d4.cache-3
6aa2e000-6aa31000 ---p 00000000 00:00 0 
6aa31000-6aa7f000 rw-p 00000000 00:00 0          [stack:13510]
6aa7f000-6aa80000 ---p 00000000 00:00 0 
6aa80000-6ab00000 rw-p 00000000 00:00 0          [stack:13503]
6ab00000-6ab21000 rw-p 00000000 00:00 0 
6ab21000-6ac00000 ---p 00000000 00:00 0 
6ac00000-6ac04000 r--s 00000000 08:01 3567       /var/cache/fontconfig/a755afe4a08bf5b97852ceb7400b47bc-le32d4.cache-3
6ac04000-6ac07000 r--s 00000000 08:01 3564       /var/cache/fontconfig/8801497958630a81b71ace7c5f9b32a8-le32d4.cache-3
6ac07000-6ac08000 r--s 00000000 08:01 3558       /var/cache/fontconfig/56cf4f4769d0f4abc89a4895d7bd3ae1-le32d4.cache-3
6ac08000-6ac09000 r--s 00000000 08:01 3569       /var/cache/fontconfig/b9d506c9ac06c20b433354fa67a72993-le32d4.cache-3
6ac09000-6ac0d000 r--s 00000000 08:01 3568       /var/cache/fontconfig/b47c4e1ecd0709278f4910c18777a504-le32d4.cache-3
6ac0d000-6ac1a000 r--s 00000000 08:01 3573       /var/cache/fontconfig/d52a8644073d54c13679302ca1180695-le32d4.cache-3
6ac1a000-6ac23000 r--s 00000000 08:01 519518     /var/cache/fontconfig/089dead882dea3570ffc31a9898cfb69-le32d4.cache-3
6ac23000-6ac2b000 r--s 00000000 08:01 11176      /var/cache/fontconfig/e13b20fdb08344e0e664864cc2ede53d-le32d4.cache-3
6ac2b000-6ac2e000 r--s 00000000 08:01 519517     /var/cache/fontconfig/7ef2298fde41cc6eeb7af42e48b7d293-le32d4.cache-3
6ac2e000-6ac31000 ---p 00000000 00:00 0 
6ac31000-6ac7f000 rw-p 00000000 00:00 0          [stack:13509]
6ac7f000-6ac80000 ---p 00000000 00:00 0 
6ac80000-6ad00000 rw-p 00000000 00:00 0          [stack:13502]
6ad00000-6ad21000 rw-p 00000000 00:00 0 
6ad21000-6ae00000 ---p 00000000 00:00 0 
6ae00000-6ae01000 r--s 00000000 08:01 3570       /var/cache/fontconfig/c05880de57d1f5e948fdfacc138775d9-le32d4.cache-3
6ae01000-6ae02000 r--s 00000000 08:01 3577       /var/cache/fontconfig/e7071f4a29fa870f4323321c154eba04-le32d4.cache-3
6ae02000-6ae09000 r--s 00000000 08:01 1579180    /var/cache/fontconfig/6d41288fd70b0be22e8c3a91e032eec0-le32d4.cache-3
6ae09000-6ae0c000 r--s 00000000 08:01 3555       /var/cache/fontconfig/385c0604a188198f04d133e54aba7fe7-le32d4.cache-3
6ae0c000-6ae0f000 r--s 00000000 08:01 3564       /var/cache/fontconfig/8801497958630a81b71ace7c5f9b32a8-le32d4.cache-3
6ae0f000-6ae13000 r--s 00000000 08:01 3553       /var/cache/fontconfig/3047814df9a2f067bd2d96a2b9c36e5a-le32d4.cache-3
6ae13000-6ae17000 r--s 00000000 08:01 3568       /var/cache/fontconfig/b47c4e1ecd0709278f4910c18777a504-le32d4.cache-3
6ae17000-6ae24000 r--s 00000000 08:01 3573       /var/cache/fontconfig/d52a8644073d54c13679302ca1180695-le32d4.cache-3
6ae24000-6ae29000 r-xp 00000000 08:01 16797      /usr/lib/i386-linux-gnu/libXdmcp.so.6.0.0
6ae29000-6ae2a000 r--p 00004000 08:01 16797      /usr/lib/i386-linux-gnu/libXdmcp.so.6.0.0
6ae2a000-6ae2b000 rw-p 00005000 08:01 16797      /usr/lib/i386-linux-gnu/libXdmcp.so.6.0.0
6ae2b000-6ae4a000 r-xp 00000000 08:01 17393      /usr/lib/i386-linux-gnu/libxcb.so.1.1.0
6ae4a000-6ae4b000 r--p 0001f000 08:01 17393      /usr/lib/i386-linux-gnu/libxcb.so.1.1.0
6ae4b000-6ae4c000 rw-p 00020000 08:01 17393      /usr/lib/i386-linux-gnu/libxcb.so.1.1.0
6ae4c000-6ae7f000 rw-p 00000000 00:00 0 
6ae7f000-6ae80000 ---p 00000000 00:00 0 
6ae80000-6af00000 rw-p 00000000 00:00 0          [stack:13501]
6af00000-6af21000 rw-p 00000000 00:00 0 
6af21000-6b000000 ---p 00000000 00:00 0 
6b000000-6b001000 r--s 00000000 08:01 3550       /var/cache/fontconfig/0d8c3b2ac0904cb8a57a757ad11a4a08-le32d4.cache-3
6b001000-6b002000 r--s 00000000 08:01 3572       /var/cache/fontconfig/4794a0821666d79190d59a36cb4f44b5-le32d4.cache-3
6b002000-6b004000 r-xp 00000000 08:01 16786      /usr/lib/i386-linux-gnu/libXau.so.6.0.0
6b004000-6b005000 r--p 00001000 08:01 16786      /usr/lib/i386-linux-gnu/libXau.so.6.0.0
6b005000-6b006000 rw-p 00002000 08:01 16786      /usr/lib/i386-linux-gnu/libXau.so.6.0.0
6b006000-6b015000 r-xp 00000000 08:01 8381       /usr/lib/i386-linux-gnu/libXi.so.6.1.0
6b015000-6b016000 r--p 0000e000 08:01 8381       /usr/lib/i386-linux-gnu/libXi.so.6.1.0
6b016000-6b017000 rw-p 0000f000 08:01 8381       /usr/lib/i386-linux-gnu/libXi.so.6.1.0
6b017000-6b01c000 r-xp 00000000 08:01 16825      /usr/lib/i386-linux-gnu/libXtst.so.6.1.0
6b01c000-6b01d000 r--p 00004000 08:01 16825      /usr/lib/i386-linux-gnu/libXtst.so.6.1.0
6b01d000-6b01e000 rw-p 00005000 08:01 16825      /usr/lib/i386-linux-gnu/libXtst.so.6.1.0
6b01e000-6b026000 r-xp 00000000 08:01 16821      /usr/lib/i386-linux-gnu/libXrender.so.1.3.0
6b026000-6b027000 r--p 00007000 08:01 16821      /usr/lib/i386-linux-gnu/libXrender.so.1.3.0
6b027000-6b028000 rw-p 00008000 08:01 16821      /usr/lib/i386-linux-gnu/libXrender.so.1.3.0
6b028000-6b029000 ---p 00000000 00:00 0 
6b029000-6b0bf000 rw-p 00000000 00:00 0          [stack:13500]
6b0bf000-6b1ff000 rw-p 00000000 00:00 0 
6b1ff000-6b207000 rw-p 00000000 00:00 0 
6b207000-6b23f000 rw-p 00000000 00:00 0 
6b23f000-6b255000 rw-p 00000000 00:00 0 
6b255000-6b394000 rw-p 00000000 00:00 0 
6b394000-6b39f000 rw-p 00000000 00:00 0 
6b39f000-6b43f000 rw-p 00000000 00:00 0 
6b43f000-6c440000 rw-p 00000000 00:00 0 
6c440000-73440000 rw-p 00000000 00:00 0 
73440000-75ef0000 rw-p 00000000 00:00 0 
75ef0000-9def0000 rw-p 00000000 00:00 0 
9def0000-9f440000 rw-p 00000000 00:00 0 
9f440000-b3440000 rw-p 00000000 00:00 0 
b3440000-b3449000 rw-p 00000000 00:00 0 
b3449000-b3500000 rw-p 00000000 00:00 0 
b3500000-b3740000 rwxp 00000000 00:00 0 
b3740000-b6600000 rw-p 00000000 00:00 0 
b6600000-b6610000 r-xp 00000000 08:01 16799      /usr/lib/i386-linux-gnu/libXext.so.6.4.0
b6610000-b6611000 r--p 0000f000 08:01 16799      /usr/lib/i386-linux-gnu/libXext.so.6.4.0
b6611000-b6612000 rw-p 00010000 08:01 16799      /usr/lib/i386-linux-gnu/libXext.so.6.4.0
b6612000-b6613000 r--s 00000000 08:01 3558       /var/cache/fontconfig/56cf4f4769d0f4abc89a4895d7bd3ae1-le32d4.cache-3
b6613000-b6614000 r--s 00000000 08:01 3569       /var/cache/fontconfig/b9d506c9ac06c20b433354fa67a72993-le32d4.cache-3
b6614000-b661d000 r--s 00000000 08:01 519518     /var/cache/fontconfig/089dead882dea3570ffc31a9898cfb69-le32d4.cache-3
b661d000-b6625000 r--s 00000000 08:01 11176      /var/cache/fontconfig/e13b20fdb08344e0e664864cc2ede53d-le32d4.cache-3
b6625000-b6628000 r--s 00000000 08:01 519517     /var/cache/fontconfig/7ef2298fde41cc6eeb7af42e48b7d293-le32d4.cache-3
b6628000-b662a000 r--s 0000f000 08:01 1838988    /usr/lib/jvm/java-6-openjdk-common/jre/lib/ext/pulse-java.jar
b662a000-b662d000 r--s 00077000 08:01 1838989    /usr/lib/jvm/java-6-openjdk-common/jre/lib/ext/localedata.jar
b662d000-b6635000 rw-p 00000000 00:00 0 
b6635000-b666d000 rw-p 00000000 00:00 0 
b666d000-b6678000 r-xp 00000000 08:01 255736     /lib/i386-linux-gnu/libnss_files-2.15.so
b6678000-b6679000 r--p 0000a000 08:01 255736     /lib/i386-linux-gnu/libnss_files-2.15.so
b6679000-b667a000 rw-p 0000b000 08:01 255736     /lib/i386-linux-gnu/libnss_files-2.15.so
b667a000-b6684000 r-xp 00000000 08:01 255735     /lib/i386-linux-gnu/libnss_nis-2.15.so
b6684000-b6685000 r--p 00009000 08:01 255735     /lib/i386-linux-gnu/libnss_nis-2.15.so
b6685000-b6686000 rw-p 0000a000 08:01 255735     /lib/i386-linux-gnu/libnss_nis-2.15.so
b6686000-b669c000 r-xp 00000000 08:01 252399     /lib/i386-linux-gnu/libnsl-2.15.so
b669c000-b669d000 r--p 00015000 08:01 252399     /lib/i386-linux-gnu/libnsl-2.15.so
b669d000-b669e000 rw-p 00016000 08:01 252399     /lib/i386-linux-gnu/libnsl-2.15.so
b669e000-b66a0000 rw-p 00000000 00:00 0 
b66a0000-b66a7000 r-xp 00000000 08:01 255737     /lib/i386-linux-gnu/libnss_compat-2.15.so
b66a7000-b66a8000 r--p 00006000 08:01 255737     /lib/i386-linux-gnu/libnss_compat-2.15.so
b66a8000-b66a9000 rw-p 00007000 08:01 255737     /lib/i386-linux-gnu/libnss_compat-2.15.so
b66a9000-b66aa000 r--s 00007000 08:01 1839824    /usr/share/java/java-atk-wrapper.jar
b66aa000-b66ae000 r--s 00039000 08:01 1838987    /usr/lib/jvm/java-6-openjdk-common/jre/lib/ext/sunpkcs11.jar
b66ae000-b66b5000 r-xp 00000000 08:01 1839612    /usr/lib/jvm/java-6-openjdk-i386/jre/lib/i386/libzip.so
b66b5000-b66b6000 r--p 00006000 08:01 1839612    /usr/lib/jvm/java-6-openjdk-i386/jre/lib/i386/libzip.so
b66b6000-b66b7000 rw-p 00007000 08:01 1839612    /usr/lib/jvm/java-6-openjdk-i386/jre/lib/i386/libzip.so
b66b7000-b66bf000 rw-s 00000000 08:01 873406     /tmp/hsperfdata_chaol/13493
b66bf000-b66e5000 r-xp 00000000 08:01 1839598    /usr/lib/jvm/java-6-openjdk-i386/jre/lib/i386/libjava.so
b66e5000-b66e6000 r--p 00025000 08:01 1839598    /usr/lib/jvm/java-6-openjdk-i386/jre/lib/i386/libjava.so
b66e6000-b66e8000 rw-p 00026000 08:01 1839598    /usr/lib/jvm/java-6-openjdk-i386/jre/lib/i386/libjava.so
b66e8000-b66ef000 r-xp 00000000 08:01 252408     /lib/i386-linux-gnu/librt-2.15.so
b66ef000-b66f0000 r--p 00006000 08:01 252408     /lib/i386-linux-gnu/librt-2.15.so
b66f0000-b66f1000 rw-p 00007000 08:01 252408     /lib/i386-linux-gnu/librt-2.15.so
b66f1000-b66f4000 ---p 00000000 00:00 0 
b66f4000-b6742000 rw-p 00000000 00:00 0          [stack:13499]
b6742000-b675e000 r-xp 00000000 08:01 252257     /lib/i386-linux-gnu/libgcc_s.so.1
b675e000-b675f000 r--p 0001b000 08:01 252257     /lib/i386-linux-gnu/libgcc_s.so.1
b675f000-b6760000 rw-p 0001c000 08:01 252257     /lib/i386-linux-gnu/libgcc_s.so.1
b6760000-b678a000 r-xp 00000000 08:01 255734     /lib/i386-linux-gnu/libm-2.15.so
b678a000-b678b000 r--p 00029000 08:01 255734     /lib/i386-linux-gnu/libm-2.15.so
b678b000-b678c000 rw-p 0002a000 08:01 255734     /lib/i386-linux-gnu/libm-2.15.so
b678c000-b6864000 r-xp 00000000 08:01 17329      /usr/lib/i386-linux-gnu/libstdc++.so.6.0.16
b6864000-b6865000 ---p 000d8000 08:01 17329      /usr/lib/i386-linux-gnu/libstdc++.so.6.0.16
b6865000-b6869000 r--p 000d8000 08:01 17329      /usr/lib/i386-linux-gnu/libstdc++.so.6.0.16
b6869000-b686a000 rw-p 000dc000 08:01 17329      /usr/lib/i386-linux-gnu/libstdc++.so.6.0.16
b686a000-b6871000 rw-p 00000000 00:00 0 
b6871000-b7091000 r-xp 00000000 08:01 1839591    /usr/lib/jvm/java-6-openjdk-i386/jre/lib/i386/server/libjvm.so
b7091000-b70d6000 r--p 0081f000 08:01 1839591    /usr/lib/jvm/java-6-openjdk-i386/jre/lib/i386/server/libjvm.so
b70d6000-b70e5000 rw-p 00864000 08:01 1839591    /usr/lib/jvm/java-6-openjdk-i386/jre/lib/i386/server/libjvm.so
b70e5000-b7501000 rw-p 00000000 00:00 0 
b7501000-b7515000 r-xp 00000000 08:01 252336     /lib/i386-linux-gnu/libz.so.1.2.3.4
b7515000-b7516000 r--p 00013000 08:01 252336     /lib/i386-linux-gnu/libz.so.1.2.3.4
b7516000-b7517000 rw-p 00014000 08:01 252336     /lib/i386-linux-gnu/libz.so.1.2.3.4
b7517000-b76bb000 r-xp 00000000 08:01 255739     /lib/i386-linux-gnu/libc-2.15.so
b76bb000-b76bd000 r--p 001a4000 08:01 255739     /lib/i386-linux-gnu/libc-2.15.so
b76bd000-b76be000 rw-p 001a6000 08:01 255739     /lib/i386-linux-gnu/libc-2.15.so
b76be000-b76c1000 rw-p 00000000 00:00 0 
b76c1000-b76c4000 r-xp 00000000 08:01 255738     /lib/i386-linux-gnu/libdl-2.15.so
b76c4000-b76c5000 r--p 00002000 08:01 255738     /lib/i386-linux-gnu/libdl-2.15.so
b76c5000-b76c6000 rw-p 00003000 08:01 255738     /lib/i386-linux-gnu/libdl-2.15.so
b76c6000-b76ca000 r-xp 00000000 08:01 1839611    /usr/lib/jvm/java-6-openjdk-i386/jre/lib/i386/jli/libjli.so
b76ca000-b76cb000 r--p 00003000 08:01 1839611    /usr/lib/jvm/java-6-openjdk-i386/jre/lib/i386/jli/libjli.so
b76cb000-b76cc000 rw-p 00004000 08:01 1839611    /usr/lib/jvm/java-6-openjdk-i386/jre/lib/i386/jli/libjli.so
b76cc000-b76cd000 rw-p 00000000 00:00 0 
b76cd000-b76e4000 r-xp 00000000 08:01 252406     /lib/i386-linux-gnu/libpthread-2.15.so
b76e4000-b76e5000 r--p 00016000 08:01 252406     /lib/i386-linux-gnu/libpthread-2.15.so
b76e5000-b76e6000 rw-p 00017000 08:01 252406     /lib/i386-linux-gnu/libpthread-2.15.so
b76e6000-b76e8000 rw-p 00000000 00:00 0 
b76e8000-b76ea000 r--s 00001000 08:01 1838990    /usr/lib/jvm/java-6-openjdk-common/jre/lib/ext/dnsns.jar
b76ea000-b76ed000 r--s 00031000 08:01 1838991    /usr/lib/jvm/java-6-openjdk-common/jre/lib/ext/sunjce_provider.jar
b76ed000-b76ee000 r--p 005e0000 08:01 19412      /usr/lib/locale/locale-archive
b76ee000-b76ef000 rw-p 00000000 00:00 0 
b76ef000-b76f0000 r--p 00000000 00:00 0 
b76f0000-b76fb000 r-xp 00000000 08:01 1839627    /usr/lib/jvm/java-6-openjdk-i386/jre/lib/i386/libverify.so
b76fb000-b76fc000 ---p 0000b000 08:01 1839627    /usr/lib/jvm/java-6-openjdk-i386/jre/lib/i386/libverify.so
b76fc000-b76fd000 r--p 0000b000 08:01 1839627    /usr/lib/jvm/java-6-openjdk-i386/jre/lib/i386/libverify.so
b76fd000-b76fe000 rw-p 0000c000 08:01 1839627    /usr/lib/jvm/java-6-openjdk-i386/jre/lib/i386/libverify.so
b76fe000-b7700000 rw-p 00000000 00:00 0 
b7700000-b7701000 r-xp 00000000 00:00 0          [vdso]
b7701000-b7721000 r-xp 00000000 08:01 252407     /lib/i386-linux-gnu/ld-2.15.so
b7721000-b7722000 r--p 0001f000 08:01 252407     /lib/i386-linux-gnu/ld-2.15.so
b7722000-b7723000 rw-p 00020000 08:01 252407     /lib/i386-linux-gnu/ld-2.15.so
bfede000-bff00000 rw-p 00000000 00:00 0          [stack]

VM Arguments:
jvm_args: -Dfile.encoding=UTF-8 
java_command: com.adp.clocks.synergy2416.demo.MainWindow psplash:res/Background.png
Launcher Type: SUN_STANDARD

Environment Variables:
PATH=/usr/lib/lightdm/lightdm:/usr/local/sbin:/usr/local/bin:/usr/sbin:/usr/bin:/sbin:/bin:/usr/games
LD_LIBRARY_PATH=/usr/lib/jvm/java-6-openjdk-i386/jre/lib/i386/server:/usr/lib/jvm/java-6-openjdk-i386/jre/lib/i386:/usr/lib/jvm/java-6-openjdk-i386/jre/../lib/i386:/usr/lib/jni
SHELL=/bin/bash
DISPLAY=:0

Signal Handlers:
SIGSEGV: [libjvm.so+0x66e740], sa_mask[0]=0x7ffbfeff, sa_flags=0x10000004
SIGBUS: [libjvm.so+0x66e740], sa_mask[0]=0x7ffbfeff, sa_flags=0x10000004
SIGFPE: [libjvm.so+0x530480], sa_mask[0]=0x7ffbfeff, sa_flags=0x10000004
SIGPIPE: [libjvm.so+0x530480], sa_mask[0]=0x7ffbfeff, sa_flags=0x10000004
SIGXFSZ: [libjvm.so+0x530480], sa_mask[0]=0x7ffbfeff, sa_flags=0x10000004
SIGILL: [libjvm.so+0x530480], sa_mask[0]=0x7ffbfeff, sa_flags=0x10000004
SIGUSR1: SIG_DFL, sa_mask[0]=0x00000000, sa_flags=0x00000000
SIGUSR2: [libjvm.so+0x530310], sa_mask[0]=0x00000004, sa_flags=0x10000004
SIGHUP: [libjvm.so+0x5332a0], sa_mask[0]=0x7ffbfeff, sa_flags=0x10000004
SIGINT: [libjvm.so+0x5332a0], sa_mask[0]=0x7ffbfeff, sa_flags=0x10000004
SIGTERM: [libjvm.so+0x5332a0], sa_mask[0]=0x7ffbfeff, sa_flags=0x10000004
SIGQUIT: [libjvm.so+0x5332a0], sa_mask[0]=0x7ffbfeff, sa_flags=0x10000004


---------------  S Y S T E M  ---------------

OS:Ubuntu 12.04 (precise)
uname:Linux 3.8.0-35-generic #52~precise1-Ubuntu SMP Thu Jan 30 17:27:28 UTC 2014 i686
libc:glibc 2.15 NPTL 2.15 
rlimit: STACK 8192k, CORE 0k, NPROC 64475, NOFILE 4096, AS infinity
load average:0.02 0.11 0.13

/proc/meminfo:
MemTotal:        8269392 kB
MemFree:         5350076 kB
Buffers:          501472 kB
Cached:          1251704 kB
SwapCached:            0 kB
Active:          1526464 kB
Inactive:        1163836 kB
Active(anon):     938048 kB
Inactive(anon):     2180 kB
Active(file):     588416 kB
Inactive(file):  1161656 kB
Unevictable:          16 kB
Mlocked:              16 kB
HighTotal:       7457720 kB
HighFree:        5236904 kB
LowTotal:         811672 kB
LowFree:          113172 kB
SwapTotal:             0 kB
SwapFree:              0 kB
Dirty:               260 kB
Writeback:             0 kB
AnonPages:        937728 kB
Mapped:           219412 kB
Shmem:              3104 kB
Slab:             128808 kB
SReclaimable:     102320 kB
SUnreclaim:        26488 kB
KernelStack:        5280 kB
PageTables:        12328 kB
NFS_Unstable:          0 kB
Bounce:                0 kB
WritebackTmp:          0 kB
CommitLimit:     4134696 kB
Committed_AS:    4318332 kB
VmallocTotal:     122880 kB
VmallocUsed:       53644 kB
VmallocChunk:      50676 kB
HardwareCorrupted:     0 kB
AnonHugePages:         0 kB
HugePages_Total:       0
HugePages_Free:        0
HugePages_Rsvd:        0
HugePages_Surp:        0
Hugepagesize:       2048 kB
DirectMap4k:      153592 kB
DirectMap2M:      759808 kB


CPU:total 8 (4 cores per cpu, 2 threads per core) family 6 model 42 stepping 7, cmov, cx8, fxsr, mmx, sse, sse2, sse3, ssse3, sse4.1, sse4.2, popcnt, ht

Memory: 4k page, physical 8269392k(5350076k free), swap 0k(0k free)

vm_info: OpenJDK Server VM (20.0-b12) for linux-x86 JRE (1.6.0_27-b27), built on Nov 16 2013 15:21:31 by "buildd" with gcc 4.6.3

time: Fri Feb 14 16:27:21 2014
elapsed time: 1 seconds

