#
# A fatal error has been detected by the Java Runtime Environment:
#
#  SIGSEGV (0xb) at pc=0x6891b8b7, pid=4517, tid=1748691776
#
# JRE version: 6.0_27-b27
# Java VM: OpenJDK Server VM (20.0-b12 mixed mode linux-x86 )
# Derivative: IcedTea6 1.12.6
# Distribution: Ubuntu 12.04 LTS, package 6b27-1.12.6-1ubuntu0.12.04.4
# Problematic frame:
# C  [libsynergy2416.so+0x48b7]  _get_enroll_count+0x22
#
# If you would like to submit a bug report, please include
# instructions how to reproduce the bug and visit:
#   https://bugs.launchpad.net/ubuntu/+source/openjdk-6/
# The crash happened outside the Java Virtual Machine in native code.
# See problematic frame for where to report the bug.
#

---------------  T H R E A D  ---------------

Current thread (0x68871800):  JavaThread "SwingWorker-pool-3-thread-1" [_thread_in_native, id=4550, stack(0x6835e000,0x683af000)]

siginfo:si_signo=SIGSEGV: si_errno=0, si_code=1 (SEGV_MAPERR), si_addr=0x00000000

Registers:
EAX=0x00000000, EBX=0x6c00aa98, ECX=0x68871920, EDX=0x00000000
ESP=0x683adb90, EBP=0x683adba0, ESI=0x6c00aa98, EDI=0x68871800
EIP=0x6891b8b7, EFLAGS=0x00210297, CR2=0x00000000

Top of Stack: (sp=0x683adb90)
0x683adb90:   b6c98d60 6956dccc 00000000 00000000
0x683adba0:   683adba8 6891c261 683adbe8 6891afc3
0x683adbb0:   683adc60 683adc30 b36057d4 b35f5688
0x683adbc0:   00000000 683adc50 683adc30 00000000
0x683adbd0:   00000000 6c00aa98 68871800 683adc20
0x683adbe0:   b35fd548 68871800 683adc20 b35fd64a
0x683adbf0:   68871920 683adc28 683adc60 683adc60
0x683adc00:   683adc00 6c00aa98 683adc2c 6c00b858 

Instructions: (pc=0x6891b8b7)
0x6891b897:   e5 83 ec 10 c7 45 f8 00 00 00 00 c7 45 fc 00 00
0x6891b8a7:   00 00 eb 1b 8b 15 e4 0a 92 68 8b 45 fc 8d 04 02
0x6891b8b7:   0f b6 00 84 c0 74 04 83 45 f8 01 83 45 fc 01 a1
0x6891b8c7:   10 00 92 68 39 45 fc 7c db 8b 45 f8 c9 c3 55 89 

Register to memory mapping:

EAX=0x00000000 is an unknown value
EBX=0x6c00aa98 is an oop
{method} 
 - klass: {other class}
ECX=0x68871920 is an unknown value
EDX=0x00000000 is an unknown value
ESP=0x683adb90 is pointing into the stack for thread: 0x68871800
EBP=0x683adba0 is pointing into the stack for thread: 0x68871800
ESI=0x6c00aa98 is an oop
{method} 
 - klass: {other class}
EDI=0x68871800 is a thread


Stack: [0x6835e000,0x683af000],  sp=0x683adb90,  free space=318k
Native frames: (J=compiled Java code, j=interpreted, Vv=VM code, C=native code)
C  [libsynergy2416.so+0x48b7]  _get_enroll_count+0x22
C  [libsynergy2416.so+0x5261]  hlpGetEnrollCount+0x8
C  [libsynergy2416.so+0x3fc3]  Java_com_adp_clocks_synergy2416_demo_FPU_FP_1IDENTIFY_1EMPLOYEE+0x19
j  com.adp.clocks.synergy2416.demo.FPU.FP_IDENTIFY_EMPLOYEE()I+0
j  com.adp.clocks.synergy2416.demo.FPU.identifyEmployee()Ljava/lang/String;+0
j  com.adp.clocks.synergy2416.demo.WelcomeForm$IdentifyEmployee.doInBackground()Ljava/lang/String;+0
j  com.adp.clocks.synergy2416.demo.WelcomeForm$IdentifyEmployee.doInBackground()Ljava/lang/Object;+1
j  javax.swing.SwingWorker$1.call()Ljava/lang/Object;+14
j  java.util.concurrent.FutureTask$Sync.innerRun()V+29
j  java.util.concurrent.FutureTask.run()V+4
j  javax.swing.SwingWorker.run()V+4
j  java.util.concurrent.ThreadPoolExecutor.runWorker(Ljava/util/concurrent/ThreadPoolExecutor$Worker;)V+95
j  java.util.concurrent.ThreadPoolExecutor$Worker.run()V+5
j  java.lang.Thread.run()V+11
v  ~StubRoutines::call_stub
V  [libjvm.so+0x39b846]  JavaCalls::call_helper(JavaValue*, methodHandle*, JavaCallArguments*, Thread*)+0x2c6

Java frames: (J=compiled Java code, j=interpreted, Vv=VM code)
j  com.adp.clocks.synergy2416.demo.FPU.FP_IDENTIFY_EMPLOYEE()I+0
j  com.adp.clocks.synergy2416.demo.FPU.identifyEmployee()Ljava/lang/String;+0
j  com.adp.clocks.synergy2416.demo.WelcomeForm$IdentifyEmployee.doInBackground()Ljava/lang/String;+0
j  com.adp.clocks.synergy2416.demo.WelcomeForm$IdentifyEmployee.doInBackground()Ljava/lang/Object;+1
j  javax.swing.SwingWorker$1.call()Ljava/lang/Object;+14
j  java.util.concurrent.FutureTask$Sync.innerRun()V+29
j  java.util.concurrent.FutureTask.run()V+4
j  javax.swing.SwingWorker.run()V+4
j  java.util.concurrent.ThreadPoolExecutor.runWorker(Ljava/util/concurrent/ThreadPoolExecutor$Worker;)V+95
j  java.util.concurrent.ThreadPoolExecutor$Worker.run()V+5
j  java.lang.Thread.run()V+11
v  ~StubRoutines::call_stub

---------------  P R O C E S S  ---------------

Java Threads: ( => current thread )
  0xb6605c00 JavaThread "DestroyJavaVM" [_thread_blocked, id=4518, stack(0xb6781000,0xb67d2000)]
=>0x68871800 JavaThread "SwingWorker-pool-3-thread-1" [_thread_in_native, id=4550, stack(0x6835e000,0x683af000)]
  0x68870000 JavaThread "pool-1-thread-1" [_thread_in_native, id=4549, stack(0x683af000,0x68400000)]
  0x6884e400 JavaThread "pool-2-thread-1 - v4l4j push source" [_thread_in_native, id=4546, stack(0x6853a000,0x6858b000)]
  0x6882fc00 JavaThread "Image Fetcher 1" daemon [_thread_blocked, id=4545, stack(0x68929000,0x6897a000)]
  0x6882f000 JavaThread "TimerQueue" daemon [_thread_blocked, id=4544, stack(0x68d47000,0x68d98000)]
  0x69c27000 JavaThread "Image Fetcher 0" daemon [_thread_blocked, id=4543, stack(0x68daf000,0x68e00000)]
  0x68e3e400 JavaThread "AWT-EventQueue-0" [_thread_in_vm, id=4542, stack(0x6914f000,0x691a0000)]
  0x68e3d800 JavaThread "AWT-Shutdown" [_thread_blocked, id=4541, stack(0x691a0000,0x691f1000)]
  0x68e3cc00 JavaThread "AWT-XAWT" daemon [_thread_in_Java, id=4540, stack(0x69722000,0x69773000)]
  0x69893000 JavaThread "Java2D Disposer" daemon [_thread_blocked, id=4539, stack(0x69f19000,0x69f6a000)]
  0x69806400 JavaThread "Low Memory Detector" daemon [_thread_blocked, id=4537, stack(0x6a72e000,0x6a77f000)]
  0x69804800 JavaThread "C2 CompilerThread1" daemon [_thread_blocked, id=4536, stack(0x6977f000,0x69800000)]
  0x69802800 JavaThread "C2 CompilerThread0" daemon [_thread_in_native, id=4535, stack(0x69f6a000,0x69feb000)]
  0x69801400 JavaThread "Signal Dispatcher" daemon [_thread_blocked, id=4534, stack(0x6a92e000,0x6a97f000)]
  0xb66f0c00 JavaThread "Finalizer" daemon [_thread_blocked, id=4533, stack(0x6ab2e000,0x6ab7f000)]
  0xb66ef400 JavaThread "Reference Handler" daemon [_thread_blocked, id=4532, stack(0x6ae2e000,0x6ae7f000)]

Other Threads:
  0xb66ec800 VMThread [stack: 0x69feb000,0x6a06c000] [id=4531]
  0x69810400 WatcherThread [stack: 0x6947f000,0x69500000] [id=4538]

VM state:not at safepoint (normal execution)

VM Mutex/Monitor currently owned by a thread: None

Heap
 PSYoungGen      total 19136K, used 9618K [0x9dfe0000, 0x9f530000, 0xb3530000)
  eden space 16448K, 42% used [0x9dfe0000,0x9e6bdad8,0x9eff0000)
  from space 2688K, 96% used [0x9eff0000,0x9f276f28,0x9f290000)
  to   space 2688K, 0% used [0x9f290000,0x9f290000,0x9f530000)
 PSOldGen        total 43712K, used 0K [0x73530000, 0x75fe0000, 0x9dfe0000)
  object space 43712K, 0% used [0x73530000,0x73530000,0x75fe0000)
 PSPermGen       total 16384K, used 11533K [0x6b530000, 0x6c530000, 0x73530000)
  object space 16384K, 70% used [0x6b530000,0x6c073748,0x6c530000)

Code Cache  [0xb35f3000, 0xb3833000, 0xb65f3000)
 total_blobs=336 nmethods=102 adapters=188 free_code_cache=49712384 largest_free_block=25856

Dynamic libraries:
08048000-08051000 r-xp 00000000 08:01 1839571    /usr/lib/jvm/java-6-openjdk-i386/jre/bin/java
08051000-08052000 r--p 00008000 08:01 1839571    /usr/lib/jvm/java-6-openjdk-i386/jre/bin/java
08052000-08053000 rw-p 00009000 08:01 1839571    /usr/lib/jvm/java-6-openjdk-i386/jre/bin/java
09890000-098b1000 rw-p 00000000 00:00 0          [heap]
67eeb000-68051000 r-xp 00000000 08:01 17364      /usr/lib/i386-linux-gnu/libvorbisenc.so.2.0.8
68051000-68063000 rw-p 00165000 08:01 17364      /usr/lib/i386-linux-gnu/libvorbisenc.so.2.0.8
68063000-680af000 r-xp 00000000 08:01 12623      /usr/lib/i386-linux-gnu/libpulse.so.0.13.5
680af000-680b1000 rw-p 0004b000 08:01 12623      /usr/lib/i386-linux-gnu/libpulse.so.0.13.5
680bb000-680ce000 r-xp 00000000 08:01 252403     /lib/i386-linux-gnu/libresolv-2.15.so
680ce000-680cf000 ---p 00013000 08:01 252403     /lib/i386-linux-gnu/libresolv-2.15.so
680cf000-680d0000 r--p 00013000 08:01 252403     /lib/i386-linux-gnu/libresolv-2.15.so
680d0000-680d1000 rw-p 00014000 08:01 252403     /lib/i386-linux-gnu/libresolv-2.15.so
680d1000-680d3000 rw-p 00000000 00:00 0 
680d3000-680fc000 r-xp 00000000 08:01 17362      /usr/lib/i386-linux-gnu/libvorbis.so.0.4.5
680fc000-680fd000 r--p 00028000 08:01 17362      /usr/lib/i386-linux-gnu/libvorbis.so.0.4.5
680fd000-680fe000 rw-p 00029000 08:01 17362      /usr/lib/i386-linux-gnu/libvorbis.so.0.4.5
680fe000-6814a000 r-xp 00000000 08:01 16731      /usr/lib/i386-linux-gnu/libFLAC.so.8.2.0
6814a000-6814c000 rw-p 0004b000 08:01 16731      /usr/lib/i386-linux-gnu/libFLAC.so.8.2.0
6814c000-681b8000 r-xp 00000000 08:01 17307      /usr/lib/i386-linux-gnu/libsndfile.so.1.0.25
681b8000-681ba000 rw-p 0006c000 08:01 17307      /usr/lib/i386-linux-gnu/libsndfile.so.1.0.25
681ba000-681be000 rw-p 00000000 00:00 0 
681be000-68205000 r-xp 00000000 08:01 252249     /lib/i386-linux-gnu/libdbus-1.so.3.5.8
68205000-68207000 rw-p 00047000 08:01 252249     /lib/i386-linux-gnu/libdbus-1.so.3.5.8
68207000-6826a000 r-xp 00000000 08:01 12624      /usr/lib/i386-linux-gnu/libpulsecommon-1.1.so
6826a000-6826c000 rw-p 00062000 08:01 12624      /usr/lib/i386-linux-gnu/libpulsecommon-1.1.so
6826c000-68359000 r-xp 00000000 08:01 16845      /usr/lib/i386-linux-gnu/libasound.so.2.0.0
68359000-6835d000 r--p 000ec000 08:01 16845      /usr/lib/i386-linux-gnu/libasound.so.2.0.0
6835d000-6835e000 rw-p 000f0000 08:01 16845      /usr/lib/i386-linux-gnu/libasound.so.2.0.0
6835e000-68361000 ---p 00000000 00:00 0 
68361000-683af000 rw-p 00000000 00:00 0          [stack:4550]
683af000-683b2000 ---p 00000000 00:00 0 
683b2000-68400000 rw-p 00000000 00:00 0          [stack:4549]
68400000-68500000 rw-p 00000000 00:00 0 
68503000-68509000 r-xp 00000000 08:01 17212      /usr/lib/i386-linux-gnu/libogg.so.0.7.1
68509000-6850a000 r--p 00005000 08:01 17212      /usr/lib/i386-linux-gnu/libogg.so.0.7.1
6850a000-6850b000 rw-p 00006000 08:01 17212      /usr/lib/i386-linux-gnu/libogg.so.0.7.1
6850b000-68510000 r-xp 00000000 08:01 16847      /usr/lib/i386-linux-gnu/libasyncns.so.0.3.1
68510000-68511000 r--p 00004000 08:01 16847      /usr/lib/i386-linux-gnu/libasyncns.so.0.3.1
68511000-68512000 rw-p 00005000 08:01 16847      /usr/lib/i386-linux-gnu/libasyncns.so.0.3.1
68512000-6851a000 r-xp 00000000 08:01 252334     /lib/i386-linux-gnu/libwrap.so.0.7.6
6851a000-6851c000 rw-p 00007000 08:01 252334     /lib/i386-linux-gnu/libwrap.so.0.7.6
6851c000-68522000 r-xp 00000000 08:01 17146      /usr/lib/i386-linux-gnu/libjson.so.0.0.1
68522000-68524000 rw-p 00005000 08:01 17146      /usr/lib/i386-linux-gnu/libjson.so.0.0.1
68524000-6853a000 r--p 00000000 08:01 10939      /etc/ld.so.cache
6853a000-6853d000 ---p 00000000 00:00 0 
6853d000-6858b000 rw-p 00000000 00:00 0          [stack:4546]
6858b000-685ac000 r-xp 00000000 08:01 17358      /usr/lib/i386-linux-gnu/libv4lconvert.so.0
685ac000-685ad000 r--p 00021000 08:01 17358      /usr/lib/i386-linux-gnu/libv4lconvert.so.0
685ad000-685ae000 rw-p 00022000 08:01 17358      /usr/lib/i386-linux-gnu/libv4lconvert.so.0
685ae000-68600000 rw-p 00000000 00:00 0 
68600000-686fe000 rw-p 00000000 00:00 0 
686fe000-68700000 ---p 00000000 00:00 0 
68700000-687f9000 rw-p 00000000 00:00 0 
687f9000-68800000 ---p 00000000 00:00 0 
68800000-68875000 rw-p 00000000 00:00 0 
68875000-68900000 ---p 00000000 00:00 0 
68906000-68915000 r-xp 00000000 08:01 1839790    /usr/lib/jvm/java-6-openjdk-i386/jre/lib/i386/libjsoundalsa.so
68915000-68916000 r--p 0000e000 08:01 1839790    /usr/lib/jvm/java-6-openjdk-i386/jre/lib/i386/libjsoundalsa.so
68916000-68917000 rw-p 0000f000 08:01 1839790    /usr/lib/jvm/java-6-openjdk-i386/jre/lib/i386/libjsoundalsa.so
68917000-6891f000 r-xp 00000000 08:01 524557     /usr/lib/jni/libsynergy2416.so
6891f000-68920000 r--p 00007000 08:01 524557     /usr/lib/jni/libsynergy2416.so
68920000-68921000 rw-p 00008000 08:01 524557     /usr/lib/jni/libsynergy2416.so
68921000-68929000 rw-s 00018000 00:05 206421     /dev/video0
68929000-6892c000 ---p 00000000 00:00 0 
6892c000-68a00000 rw-p 00000000 00:00 0          [stack:4545]
68a00000-68b67000 rw-p 00000000 00:00 0 
68b67000-68c00000 ---p 00000000 00:00 0 
68c00000-68cf4000 rw-p 00000000 00:00 0 
68cf4000-68d00000 ---p 00000000 00:00 0 
68d03000-68d0b000 rw-s 00010000 00:05 206421     /dev/video0
68d0b000-68d1e000 r-xp 00000000 08:01 8712       /usr/lib/libvideo.so.0
68d1e000-68d1f000 r--p 00012000 08:01 8712       /usr/lib/libvideo.so.0
68d1f000-68d20000 rw-p 00013000 08:01 8712       /usr/lib/libvideo.so.0
68d26000-68d2e000 rw-s 00008000 00:05 206421     /dev/video0
68d2e000-68d36000 rw-s 00000000 00:05 206421     /dev/video0
68d36000-68d45000 r-xp 00000000 08:01 524448     /usr/lib/jni/libv4l4j.so
68d45000-68d46000 r--p 0000e000 08:01 524448     /usr/lib/jni/libv4l4j.so
68d46000-68d47000 rw-p 0000f000 08:01 524448     /usr/lib/jni/libv4l4j.so
68d47000-68d4a000 ---p 00000000 00:00 0 
68d4a000-68d98000 rw-p 00000000 00:00 0          [stack:4544]
68d98000-68dad000 r-xp 00000000 08:01 1839614    /usr/lib/jvm/java-6-openjdk-i386/jre/lib/i386/libnet.so
68dad000-68dae000 r--p 00014000 08:01 1839614    /usr/lib/jvm/java-6-openjdk-i386/jre/lib/i386/libnet.so
68dae000-68daf000 rw-p 00015000 08:01 1839614    /usr/lib/jvm/java-6-openjdk-i386/jre/lib/i386/libnet.so
68daf000-68db2000 ---p 00000000 00:00 0 
68db2000-68e00000 rw-p 00000000 00:00 0          [stack:4543]
68e00000-68e40000 rw-p 00000000 00:00 0 
68e40000-68f00000 ---p 00000000 00:00 0 
68f06000-68f54000 r--s 008b6000 08:01 2243423    /opt/eclipse-standard/plugins/com.ibm.icu_50.1.1.v201304230130.jar
68f54000-68f96000 r--s 00367000 08:01 2243377    /opt/eclipse-standard/plugins/org.eclipse.ui.workbench_3.105.1.v20130821-1411.jar
68f96000-68fa9000 r--s 000e0000 08:01 2243213    /opt/eclipse-standard/plugins/org.eclipse.jface.text_3.8.101.v20130802-1147.jar
68fa9000-68fee000 r-xp 00000000 08:01 11892      /usr/lib/i386-linux-gnu/libjpeg.so.8.0.2
68fee000-68fef000 r--p 00044000 08:01 11892      /usr/lib/i386-linux-gnu/libjpeg.so.8.0.2
68fef000-68ff0000 rw-p 00045000 08:01 11892      /usr/lib/i386-linux-gnu/libjpeg.so.8.0.2
68ff0000-69000000 rw-p 00000000 00:00 0 
69000000-690fd000 rw-p 00000000 00:00 0 
690fd000-69100000 ---p 00000000 00:00 0 
69101000-69102000 r-xp 00000000 08:01 17403      /usr/lib/i386-linux-gnu/alsa-lib/libasound_module_conf_pulse.so
69102000-69104000 rw-p 00000000 08:01 17403      /usr/lib/i386-linux-gnu/alsa-lib/libasound_module_conf_pulse.so
69104000-69105000 r-xp 00000000 08:01 1839628    /usr/lib/jvm/java-6-openjdk-i386/jre/lib/i386/libjsound.so
69105000-69106000 r--p 00000000 08:01 1839628    /usr/lib/jvm/java-6-openjdk-i386/jre/lib/i386/libjsound.so
69106000-69107000 rw-p 00001000 08:01 1839628    /usr/lib/jvm/java-6-openjdk-i386/jre/lib/i386/libjsound.so
69107000-6910f000 r-xp 00000000 08:01 1839626    /usr/lib/jvm/java-6-openjdk-i386/jre/lib/i386/libnio.so
6910f000-69110000 r--p 00007000 08:01 1839626    /usr/lib/jvm/java-6-openjdk-i386/jre/lib/i386/libnio.so
69110000-69111000 rw-p 00008000 08:01 1839626    /usr/lib/jvm/java-6-openjdk-i386/jre/lib/i386/libnio.so
69111000-69125000 r--s 000f9000 08:01 2243526    /opt/eclipse-standard/plugins/org.eclipse.jface_3.9.1.v20130725-1141.jar
69125000-6914d000 r-xp 00000000 08:01 252306     /lib/i386-linux-gnu/libpng12.so.0.46.0
6914d000-6914e000 r--p 00027000 08:01 252306     /lib/i386-linux-gnu/libpng12.so.0.46.0
6914e000-6914f000 rw-p 00028000 08:01 252306     /lib/i386-linux-gnu/libpng12.so.0.46.0
6914f000-69152000 ---p 00000000 00:00 0 
69152000-691a0000 rw-p 00000000 00:00 0          [stack:4542]
691a0000-691a3000 ---p 00000000 00:00 0 
691a3000-691f1000 rw-p 00000000 00:00 0          [stack:4541]
691f1000-69286000 r-xp 00000000 08:01 16989      /usr/lib/i386-linux-gnu/libfreetype.so.6.8.0
69286000-6928a000 r--p 00094000 08:01 16989      /usr/lib/i386-linux-gnu/libfreetype.so.6.8.0
6928a000-6928b000 rw-p 00098000 08:01 16989      /usr/lib/i386-linux-gnu/libfreetype.so.6.8.0
6928b000-693bb000 r-xp 00000000 08:01 14323      /usr/lib/i386-linux-gnu/libX11.so.6.3.0
693bb000-693bc000 r--p 0012f000 08:01 14323      /usr/lib/i386-linux-gnu/libX11.so.6.3.0
693bc000-693be000 rw-p 00130000 08:01 14323      /usr/lib/i386-linux-gnu/libX11.so.6.3.0
693be000-693bf000 rw-p 00000000 00:00 0 
693bf000-69453000 r-xp 00000000 08:01 1839605    /usr/lib/jvm/java-6-openjdk-i386/jre/lib/i386/libawt.so
69453000-69454000 r--p 00093000 08:01 1839605    /usr/lib/jvm/java-6-openjdk-i386/jre/lib/i386/libawt.so
69454000-6945b000 rw-p 00094000 08:01 1839605    /usr/lib/jvm/java-6-openjdk-i386/jre/lib/i386/libawt.so
6945b000-6947f000 rw-p 00000000 00:00 0 
6947f000-69480000 ---p 00000000 00:00 0 
69480000-69500000 rw-p 00000000 00:00 0          [stack:4538]
69500000-695fb000 rw-p 00000000 00:00 0 
695fb000-69600000 ---p 00000000 00:00 0 
69600000-696fc000 rw-p 00000000 00:00 0 
696fc000-69700000 ---p 00000000 00:00 0 
69700000-69707000 r--s 00000000 08:01 14251      /usr/lib/i386-linux-gnu/gconv/gconv-modules.cache
69707000-6970a000 r--s 0007f000 08:01 1839014    /usr/lib/jvm/java-6-openjdk-common/jre/lib/jsse.jar
6970a000-6970d000 r--s 00019000 08:01 864259     /home/chaol/workspace-java/ADP-Demo-GUI/src/com/adp/clocks/synergy2416/res/v4l4j.jar
6970d000-69722000 r--s 0023a000 08:01 2243675    /opt/eclipse-standard/plugins/org.eclipse.swt.gtk.linux.x86_3.102.1.v20130827-2048.jar
69722000-69725000 ---p 00000000 00:00 0 
69725000-69773000 rw-p 00000000 00:00 0          [stack:4540]
69773000-69779000 r--s 00000000 08:01 3565       /var/cache/fontconfig/945677eb7aeaf62f1d50efc3fb3ec7d8-le32d4.cache-3
69779000-6977c000 r--s 00000000 08:01 519519     /var/cache/fontconfig/99e8ed0e538f840c565b6ed5dad60d56-le32d4.cache-3
6977c000-6977f000 r--s 00000000 08:01 3552       /var/cache/fontconfig/2cd17615ca594fa2959ae173292e504c-le32d4.cache-3
6977f000-69782000 ---p 00000000 00:00 0 
69782000-69800000 rw-p 00000000 00:00 0          [stack:4536]
69800000-698fb000 rw-p 00000000 00:00 0 
698fb000-69900000 ---p 00000000 00:00 0 
69900000-69921000 rw-p 00000000 00:00 0 
69921000-69a00000 ---p 00000000 00:00 0 
69a00000-69c00000 r--p 00000000 08:01 19412      /usr/lib/locale/locale-archive
69c00000-69d00000 rw-p 00000000 00:00 0 
69d00000-69d21000 rw-p 00000000 00:00 0 
69d21000-69e00000 ---p 00000000 00:00 0 
69e00000-69e40000 rw-p 00000000 00:00 0 
69e40000-69f00000 ---p 00000000 00:00 0 
69f00000-69f04000 r--s 00000000 08:01 3567       /var/cache/fontconfig/a755afe4a08bf5b97852ceb7400b47bc-le32d4.cache-3
69f04000-69f0b000 r--s 00000000 08:01 1579180    /var/cache/fontconfig/6d41288fd70b0be22e8c3a91e032eec0-le32d4.cache-3
69f0b000-69f16000 r--s 00000000 08:01 3549       /var/cache/fontconfig/04aabc0a78ac019cf9454389977116d2-le32d4.cache-3
69f16000-69f19000 r--s 00000000 08:01 3555       /var/cache/fontconfig/385c0604a188198f04d133e54aba7fe7-le32d4.cache-3
69f19000-69f1c000 ---p 00000000 00:00 0 
69f1c000-69f6a000 rw-p 00000000 00:00 0          [stack:4539]
69f6a000-69f6d000 ---p 00000000 00:00 0 
69f6d000-69feb000 rw-p 00000000 00:00 0          [stack:4535]
69feb000-69fec000 ---p 00000000 00:00 0 
69fec000-6a06c000 rw-p 00000000 00:00 0          [stack:4531]
6a06c000-6a200000 r--s 03822000 08:01 1839584    /usr/lib/jvm/java-6-openjdk-i386/jre/lib/rt.jar
6a200000-6a221000 rw-p 00000000 00:00 0 
6a221000-6a300000 ---p 00000000 00:00 0 
6a302000-6a307000 r--s 00045000 08:01 2243421    /opt/eclipse-standard/plugins/org.eclipse.ui.forms_3.6.1.v20130822-1117.jar
6a307000-6a30c000 r--s 00038000 08:01 2243571    /opt/eclipse-standard/plugins/org.eclipse.text_3.5.300.v20130515-1451.jar
6a30c000-6a30f000 r--s 0002a000 08:01 2243555    /opt/eclipse-standard/plugins/org.eclipse.equinox.registry_3.5.301.v20130717-1549.jar
6a30f000-6a317000 r-xp 00000000 08:01 1839774    /usr/lib/i386-linux-gnu/libgif.so.4.1.6
6a317000-6a318000 r--p 00007000 08:01 1839774    /usr/lib/i386-linux-gnu/libgif.so.4.1.6
6a318000-6a319000 rw-p 00008000 08:01 1839774    /usr/lib/i386-linux-gnu/libgif.so.4.1.6
6a31b000-6a32f000 r--s 00140000 08:01 2243684    /opt/eclipse-standard/plugins/org.eclipse.osgi_3.9.1.v20130814-1242.jar
6a32f000-6a333000 r-xp 00000000 08:01 13641      /usr/lib/i386-linux-gnu/libXfixes.so.3.1.0
6a333000-6a334000 r--p 00004000 08:01 13641      /usr/lib/i386-linux-gnu/libXfixes.so.3.1.0
6a334000-6a335000 rw-p 00005000 08:01 13641      /usr/lib/i386-linux-gnu/libXfixes.so.3.1.0
6a335000-6a37d000 r-xp 00000000 08:01 1839595    /usr/lib/jvm/java-6-openjdk-i386/jre/lib/i386/libfontmanager.so
6a37d000-6a37e000 r--p 00048000 08:01 1839595    /usr/lib/jvm/java-6-openjdk-i386/jre/lib/i386/libfontmanager.so
6a37e000-6a37f000 rw-p 00049000 08:01 1839595    /usr/lib/jvm/java-6-openjdk-i386/jre/lib/i386/libfontmanager.so
6a37f000-6a380000 ---p 00000000 00:00 0 
6a380000-6a400000 rw-p 00000000 00:00 0          [stack:4530]
6a400000-6a421000 rw-p 00000000 00:00 0 
6a421000-6a500000 ---p 00000000 00:00 0 
6a500000-6a501000 r--s 00000000 08:01 3570       /var/cache/fontconfig/c05880de57d1f5e948fdfacc138775d9-le32d4.cache-3
6a501000-6a505000 r--s 00000000 08:01 3553       /var/cache/fontconfig/3047814df9a2f067bd2d96a2b9c36e5a-le32d4.cache-3
6a506000-6a507000 rw-p 00000000 00:00 0 
6a507000-6a510000 r-xp 00000000 08:01 16793      /usr/lib/i386-linux-gnu/libXcursor.so.1.0.2
6a510000-6a511000 r--p 00008000 08:01 16793      /usr/lib/i386-linux-gnu/libXcursor.so.1.0.2
6a511000-6a512000 rw-p 00009000 08:01 16793      /usr/lib/i386-linux-gnu/libXcursor.so.1.0.2
6a512000-6a514000 r--s 00010000 08:01 2243198    /opt/eclipse-standard/plugins/org.eclipse.core.runtime_3.9.0.v20130326-1255.jar
6a514000-6a517000 r--s 00018000 08:01 2243752    /opt/eclipse-standard/plugins/org.eclipse.equinox.common_3.6.200.v20130402-1505.jar
6a517000-6a51a000 r--s 00018000 08:01 2243511    /opt/eclipse-standard/plugins/org.eclipse.core.commands_3.6.100.v20130515-1857.jar
6a51a000-6a51b000 rw-p 00000000 00:00 0 
6a51b000-6a524000 r-xp 00000000 08:01 1839791    /usr/lib/jvm/java-6-openjdk-i386/jre/lib/i386/libsplashscreen.so
6a524000-6a525000 r--p 00008000 08:01 1839791    /usr/lib/jvm/java-6-openjdk-i386/jre/lib/i386/libsplashscreen.so
6a525000-6a526000 rw-p 00009000 08:01 1839791    /usr/lib/jvm/java-6-openjdk-i386/jre/lib/i386/libsplashscreen.so
6a526000-6a528000 rw-p 00000000 00:00 0 
6a528000-6a52f000 r--s 000fc000 08:01 1838998    /usr/lib/jvm/java-6-openjdk-common/jre/lib/resources.jar
6a52f000-6a57b000 r-xp 00000000 08:01 1839789    /usr/lib/jvm/java-6-openjdk-i386/jre/lib/i386/xawt/libmawt.so
6a57b000-6a57c000 r--p 0004b000 08:01 1839789    /usr/lib/jvm/java-6-openjdk-i386/jre/lib/i386/xawt/libmawt.so
6a57c000-6a57e000 rw-p 0004c000 08:01 1839789    /usr/lib/jvm/java-6-openjdk-i386/jre/lib/i386/xawt/libmawt.so
6a57e000-6a57f000 rw-p 00000000 00:00 0 
6a57f000-6a580000 ---p 00000000 00:00 0 
6a580000-6a600000 rw-p 00000000 00:00 0          [stack:4529]
6a600000-6a621000 rw-p 00000000 00:00 0 
6a621000-6a700000 ---p 00000000 00:00 0 
6a700000-6a701000 r--s 00000000 08:01 3577       /var/cache/fontconfig/e7071f4a29fa870f4323321c154eba04-le32d4.cache-3
6a701000-6a702000 r--s 00000000 08:01 3550       /var/cache/fontconfig/0d8c3b2ac0904cb8a57a757ad11a4a08-le32d4.cache-3
6a702000-6a703000 r--s 00000000 08:01 3572       /var/cache/fontconfig/4794a0821666d79190d59a36cb4f44b5-le32d4.cache-3
6a703000-6a709000 r--s 00000000 08:01 3565       /var/cache/fontconfig/945677eb7aeaf62f1d50efc3fb3ec7d8-le32d4.cache-3
6a709000-6a70c000 r--s 00000000 08:01 519519     /var/cache/fontconfig/99e8ed0e538f840c565b6ed5dad60d56-le32d4.cache-3
6a70c000-6a70f000 r--s 00000000 08:01 3552       /var/cache/fontconfig/2cd17615ca594fa2959ae173292e504c-le32d4.cache-3
6a70f000-6a716000 r--s 00000000 08:01 1579180    /var/cache/fontconfig/6d41288fd70b0be22e8c3a91e032eec0-le32d4.cache-3
6a716000-6a721000 r--s 00000000 08:01 3549       /var/cache/fontconfig/04aabc0a78ac019cf9454389977116d2-le32d4.cache-3
6a721000-6a72e000 r--s 00000000 08:01 3573       /var/cache/fontconfig/d52a8644073d54c13679302ca1180695-le32d4.cache-3
6a72e000-6a731000 ---p 00000000 00:00 0 
6a731000-6a77f000 rw-p 00000000 00:00 0          [stack:4537]
6a77f000-6a780000 ---p 00000000 00:00 0 
6a780000-6a800000 rw-p 00000000 00:00 0          [stack:4528]
6a800000-6a821000 rw-p 00000000 00:00 0 
6a821000-6a900000 ---p 00000000 00:00 0 
6a900000-6a904000 r--s 00000000 08:01 3567       /var/cache/fontconfig/a755afe4a08bf5b97852ceb7400b47bc-le32d4.cache-3
6a904000-6a907000 r--s 00000000 08:01 3564       /var/cache/fontconfig/8801497958630a81b71ace7c5f9b32a8-le32d4.cache-3
6a907000-6a908000 r--s 00000000 08:01 3558       /var/cache/fontconfig/56cf4f4769d0f4abc89a4895d7bd3ae1-le32d4.cache-3
6a908000-6a909000 r--s 00000000 08:01 3569       /var/cache/fontconfig/b9d506c9ac06c20b433354fa67a72993-le32d4.cache-3
6a909000-6a90d000 r--s 00000000 08:01 3568       /var/cache/fontconfig/b47c4e1ecd0709278f4910c18777a504-le32d4.cache-3
6a90d000-6a91a000 r--s 00000000 08:01 3573       /var/cache/fontconfig/d52a8644073d54c13679302ca1180695-le32d4.cache-3
6a91a000-6a923000 r--s 00000000 08:01 519518     /var/cache/fontconfig/089dead882dea3570ffc31a9898cfb69-le32d4.cache-3
6a923000-6a92b000 r--s 00000000 08:01 11176      /var/cache/fontconfig/e13b20fdb08344e0e664864cc2ede53d-le32d4.cache-3
6a92b000-6a92e000 r--s 00000000 08:01 519517     /var/cache/fontconfig/7ef2298fde41cc6eeb7af42e48b7d293-le32d4.cache-3
6a92e000-6a931000 ---p 00000000 00:00 0 
6a931000-6a97f000 rw-p 00000000 00:00 0          [stack:4534]
6a97f000-6a980000 ---p 00000000 00:00 0 
6a980000-6aa00000 rw-p 00000000 00:00 0          [stack:4527]
6aa00000-6aa21000 rw-p 00000000 00:00 0 
6aa21000-6ab00000 ---p 00000000 00:00 0 
6ab00000-6ab01000 r--s 00000000 08:01 3570       /var/cache/fontconfig/c05880de57d1f5e948fdfacc138775d9-le32d4.cache-3
6ab01000-6ab02000 r--s 00000000 08:01 3577       /var/cache/fontconfig/e7071f4a29fa870f4323321c154eba04-le32d4.cache-3
6ab02000-6ab03000 r--s 00000000 08:01 3550       /var/cache/fontconfig/0d8c3b2ac0904cb8a57a757ad11a4a08-le32d4.cache-3
6ab03000-6ab06000 r--s 00000000 08:01 3555       /var/cache/fontconfig/385c0604a188198f04d133e54aba7fe7-le32d4.cache-3
6ab06000-6ab0b000 r-xp 00000000 08:01 16797      /usr/lib/i386-linux-gnu/libXdmcp.so.6.0.0
6ab0b000-6ab0c000 r--p 00004000 08:01 16797      /usr/lib/i386-linux-gnu/libXdmcp.so.6.0.0
6ab0c000-6ab0d000 rw-p 00005000 08:01 16797      /usr/lib/i386-linux-gnu/libXdmcp.so.6.0.0
6ab0d000-6ab2c000 r-xp 00000000 08:01 17393      /usr/lib/i386-linux-gnu/libxcb.so.1.1.0
6ab2c000-6ab2d000 r--p 0001f000 08:01 17393      /usr/lib/i386-linux-gnu/libxcb.so.1.1.0
6ab2d000-6ab2e000 rw-p 00020000 08:01 17393      /usr/lib/i386-linux-gnu/libxcb.so.1.1.0
6ab2e000-6ab31000 ---p 00000000 00:00 0 
6ab31000-6ab7f000 rw-p 00000000 00:00 0          [stack:4533]
6ab7f000-6ab80000 ---p 00000000 00:00 0 
6ab80000-6ac00000 rw-p 00000000 00:00 0          [stack:4526]
6ac00000-6ac21000 rw-p 00000000 00:00 0 
6ac21000-6ad00000 ---p 00000000 00:00 0 
6ad00000-6ad21000 rw-p 00000000 00:00 0 
6ad21000-6ae00000 ---p 00000000 00:00 0 
6ae00000-6ae01000 r--s 00000000 08:01 3572       /var/cache/fontconfig/4794a0821666d79190d59a36cb4f44b5-le32d4.cache-3
6ae01000-6ae04000 r--s 00000000 08:01 3564       /var/cache/fontconfig/8801497958630a81b71ace7c5f9b32a8-le32d4.cache-3
6ae04000-6ae13000 r-xp 00000000 08:01 8381       /usr/lib/i386-linux-gnu/libXi.so.6.1.0
6ae13000-6ae14000 r--p 0000e000 08:01 8381       /usr/lib/i386-linux-gnu/libXi.so.6.1.0
6ae14000-6ae15000 rw-p 0000f000 08:01 8381       /usr/lib/i386-linux-gnu/libXi.so.6.1.0
6ae15000-6ae1a000 r-xp 00000000 08:01 16825      /usr/lib/i386-linux-gnu/libXtst.so.6.1.0
6ae1a000-6ae1b000 r--p 00004000 08:01 16825      /usr/lib/i386-linux-gnu/libXtst.so.6.1.0
6ae1b000-6ae1c000 rw-p 00005000 08:01 16825      /usr/lib/i386-linux-gnu/libXtst.so.6.1.0
6ae1c000-6ae2c000 r-xp 00000000 08:01 16799      /usr/lib/i386-linux-gnu/libXext.so.6.4.0
6ae2c000-6ae2d000 r--p 0000f000 08:01 16799      /usr/lib/i386-linux-gnu/libXext.so.6.4.0
6ae2d000-6ae2e000 rw-p 00010000 08:01 16799      /usr/lib/i386-linux-gnu/libXext.so.6.4.0
6ae2e000-6ae31000 ---p 00000000 00:00 0 
6ae31000-6ae7f000 rw-p 00000000 00:00 0          [stack:4532]
6ae7f000-6ae80000 ---p 00000000 00:00 0 
6ae80000-6af00000 rw-p 00000000 00:00 0          [stack:4525]
6af00000-6af21000 rw-p 00000000 00:00 0 
6af21000-6b000000 ---p 00000000 00:00 0 
6b000000-6b004000 r--s 00000000 08:01 3553       /var/cache/fontconfig/3047814df9a2f067bd2d96a2b9c36e5a-le32d4.cache-3
6b004000-6b00c000 r-xp 00000000 08:01 16821      /usr/lib/i386-linux-gnu/libXrender.so.1.3.0
6b00c000-6b00d000 r--p 00007000 08:01 16821      /usr/lib/i386-linux-gnu/libXrender.so.1.3.0
6b00d000-6b00e000 rw-p 00008000 08:01 16821      /usr/lib/i386-linux-gnu/libXrender.so.1.3.0
6b00e000-6b00f000 r--s 00000000 08:01 3558       /var/cache/fontconfig/56cf4f4769d0f4abc89a4895d7bd3ae1-le32d4.cache-3
6b00f000-6b013000 r--s 00000000 08:01 3568       /var/cache/fontconfig/b47c4e1ecd0709278f4910c18777a504-le32d4.cache-3
6b013000-6b01c000 r--s 00000000 08:01 519518     /var/cache/fontconfig/089dead882dea3570ffc31a9898cfb69-le32d4.cache-3
6b01c000-6b024000 r--s 00000000 08:01 11176      /var/cache/fontconfig/e13b20fdb08344e0e664864cc2ede53d-le32d4.cache-3
6b024000-6b057000 rw-p 00000000 00:00 0 
6b057000-6b058000 ---p 00000000 00:00 0 
6b058000-6b0d8000 rw-p 00000000 00:00 0          [stack:4524]
6b0d8000-6b0d9000 ---p 00000000 00:00 0 
6b0d9000-6b161000 rw-p 00000000 00:00 0          [stack:4523]
6b161000-6b199000 rw-p 00000000 00:00 0 
6b199000-6b1af000 rw-p 00000000 00:00 0 
6b1af000-6b2ef000 rw-p 00000000 00:00 0 
6b2ef000-6b2f7000 rw-p 00000000 00:00 0 
6b2f7000-6b32f000 rw-p 00000000 00:00 0 
6b32f000-6b345000 rw-p 00000000 00:00 0 
6b345000-6b484000 rw-p 00000000 00:00 0 
6b484000-6b48f000 rw-p 00000000 00:00 0 
6b48f000-6b52f000 rw-p 00000000 00:00 0 
6b52f000-6c530000 rw-p 00000000 00:00 0 
6c530000-73530000 rw-p 00000000 00:00 0 
73530000-75fe0000 rw-p 00000000 00:00 0 
75fe0000-9dfe0000 rw-p 00000000 00:00 0 
9dfe0000-9f530000 rw-p 00000000 00:00 0 
9f530000-b3530000 rw-p 00000000 00:00 0 
b3530000-b3533000 r--s 00000000 08:01 519517     /var/cache/fontconfig/7ef2298fde41cc6eeb7af42e48b7d293-le32d4.cache-3
b3533000-b353c000 rw-p 00000000 00:00 0 
b353c000-b35f3000 rw-p 00000000 00:00 0 
b35f3000-b3833000 rwxp 00000000 00:00 0 
b3833000-b65f3000 rw-p 00000000 00:00 0 
b65f3000-b65fe000 r-xp 00000000 08:01 255736     /lib/i386-linux-gnu/libnss_files-2.15.so
b65fe000-b65ff000 r--p 0000a000 08:01 255736     /lib/i386-linux-gnu/libnss_files-2.15.so
b65ff000-b6600000 rw-p 0000b000 08:01 255736     /lib/i386-linux-gnu/libnss_files-2.15.so
b6600000-b6700000 rw-p 00000000 00:00 0 
b6700000-b6701000 r--s 00000000 08:01 3569       /var/cache/fontconfig/b9d506c9ac06c20b433354fa67a72993-le32d4.cache-3
b6701000-b6703000 r-xp 00000000 08:01 16786      /usr/lib/i386-linux-gnu/libXau.so.6.0.0
b6703000-b6704000 r--p 00001000 08:01 16786      /usr/lib/i386-linux-gnu/libXau.so.6.0.0
b6704000-b6705000 rw-p 00002000 08:01 16786      /usr/lib/i386-linux-gnu/libXau.so.6.0.0
b6705000-b6707000 r--s 0000f000 08:01 1838988    /usr/lib/jvm/java-6-openjdk-common/jre/lib/ext/pulse-java.jar
b6707000-b670a000 r--s 00077000 08:01 1838989    /usr/lib/jvm/java-6-openjdk-common/jre/lib/ext/localedata.jar
b670a000-b6714000 r-xp 00000000 08:01 255735     /lib/i386-linux-gnu/libnss_nis-2.15.so
b6714000-b6715000 r--p 00009000 08:01 255735     /lib/i386-linux-gnu/libnss_nis-2.15.so
b6715000-b6716000 rw-p 0000a000 08:01 255735     /lib/i386-linux-gnu/libnss_nis-2.15.so
b6716000-b672c000 r-xp 00000000 08:01 252399     /lib/i386-linux-gnu/libnsl-2.15.so
b672c000-b672d000 r--p 00015000 08:01 252399     /lib/i386-linux-gnu/libnsl-2.15.so
b672d000-b672e000 rw-p 00016000 08:01 252399     /lib/i386-linux-gnu/libnsl-2.15.so
b672e000-b6730000 rw-p 00000000 00:00 0 
b6730000-b6737000 r-xp 00000000 08:01 255737     /lib/i386-linux-gnu/libnss_compat-2.15.so
b6737000-b6738000 r--p 00006000 08:01 255737     /lib/i386-linux-gnu/libnss_compat-2.15.so
b6738000-b6739000 rw-p 00007000 08:01 255737     /lib/i386-linux-gnu/libnss_compat-2.15.so
b6739000-b673a000 r--s 00007000 08:01 1839824    /usr/share/java/java-atk-wrapper.jar
b673a000-b673e000 r--s 00039000 08:01 1838987    /usr/lib/jvm/java-6-openjdk-common/jre/lib/ext/sunpkcs11.jar
b673e000-b6745000 r-xp 00000000 08:01 1839612    /usr/lib/jvm/java-6-openjdk-i386/jre/lib/i386/libzip.so
b6745000-b6746000 r--p 00006000 08:01 1839612    /usr/lib/jvm/java-6-openjdk-i386/jre/lib/i386/libzip.so
b6746000-b6747000 rw-p 00007000 08:01 1839612    /usr/lib/jvm/java-6-openjdk-i386/jre/lib/i386/libzip.so
b6747000-b674f000 rw-s 00000000 08:01 874130     /tmp/hsperfdata_chaol/4517
b674f000-b6775000 r-xp 00000000 08:01 1839598    /usr/lib/jvm/java-6-openjdk-i386/jre/lib/i386/libjava.so
b6775000-b6776000 r--p 00025000 08:01 1839598    /usr/lib/jvm/java-6-openjdk-i386/jre/lib/i386/libjava.so
b6776000-b6778000 rw-p 00026000 08:01 1839598    /usr/lib/jvm/java-6-openjdk-i386/jre/lib/i386/libjava.so
b6778000-b677f000 r-xp 00000000 08:01 252408     /lib/i386-linux-gnu/librt-2.15.so
b677f000-b6780000 r--p 00006000 08:01 252408     /lib/i386-linux-gnu/librt-2.15.so
b6780000-b6781000 rw-p 00007000 08:01 252408     /lib/i386-linux-gnu/librt-2.15.so
b6781000-b6784000 ---p 00000000 00:00 0 
b6784000-b67d2000 rw-p 00000000 00:00 0          [stack:4518]
b67d2000-b67ee000 r-xp 00000000 08:01 252257     /lib/i386-linux-gnu/libgcc_s.so.1
b67ee000-b67ef000 r--p 0001b000 08:01 252257     /lib/i386-linux-gnu/libgcc_s.so.1
b67ef000-b67f0000 rw-p 0001c000 08:01 252257     /lib/i386-linux-gnu/libgcc_s.so.1
b67f0000-b681a000 r-xp 00000000 08:01 255734     /lib/i386-linux-gnu/libm-2.15.so
b681a000-b681b000 r--p 00029000 08:01 255734     /lib/i386-linux-gnu/libm-2.15.so
b681b000-b681c000 rw-p 0002a000 08:01 255734     /lib/i386-linux-gnu/libm-2.15.so
b681c000-b68f4000 r-xp 00000000 08:01 17329      /usr/lib/i386-linux-gnu/libstdc++.so.6.0.16
b68f4000-b68f5000 ---p 000d8000 08:01 17329      /usr/lib/i386-linux-gnu/libstdc++.so.6.0.16
b68f5000-b68f9000 r--p 000d8000 08:01 17329      /usr/lib/i386-linux-gnu/libstdc++.so.6.0.16
b68f9000-b68fa000 rw-p 000dc000 08:01 17329      /usr/lib/i386-linux-gnu/libstdc++.so.6.0.16
b68fa000-b6901000 rw-p 00000000 00:00 0 
b6901000-b7121000 r-xp 00000000 08:01 1839591    /usr/lib/jvm/java-6-openjdk-i386/jre/lib/i386/server/libjvm.so
b7121000-b7166000 r--p 0081f000 08:01 1839591    /usr/lib/jvm/java-6-openjdk-i386/jre/lib/i386/server/libjvm.so
b7166000-b7175000 rw-p 00864000 08:01 1839591    /usr/lib/jvm/java-6-openjdk-i386/jre/lib/i386/server/libjvm.so
b7175000-b7591000 rw-p 00000000 00:00 0 
b7591000-b75a5000 r-xp 00000000 08:01 252336     /lib/i386-linux-gnu/libz.so.1.2.3.4
b75a5000-b75a6000 r--p 00013000 08:01 252336     /lib/i386-linux-gnu/libz.so.1.2.3.4
b75a6000-b75a7000 rw-p 00014000 08:01 252336     /lib/i386-linux-gnu/libz.so.1.2.3.4
b75a7000-b774b000 r-xp 00000000 08:01 255739     /lib/i386-linux-gnu/libc-2.15.so
b774b000-b774d000 r--p 001a4000 08:01 255739     /lib/i386-linux-gnu/libc-2.15.so
b774d000-b774e000 rw-p 001a6000 08:01 255739     /lib/i386-linux-gnu/libc-2.15.so
b774e000-b7751000 rw-p 00000000 00:00 0 
b7751000-b7754000 r-xp 00000000 08:01 255738     /lib/i386-linux-gnu/libdl-2.15.so
b7754000-b7755000 r--p 00002000 08:01 255738     /lib/i386-linux-gnu/libdl-2.15.so
b7755000-b7756000 rw-p 00003000 08:01 255738     /lib/i386-linux-gnu/libdl-2.15.so
b7756000-b775a000 r-xp 00000000 08:01 1839611    /usr/lib/jvm/java-6-openjdk-i386/jre/lib/i386/jli/libjli.so
b775a000-b775b000 r--p 00003000 08:01 1839611    /usr/lib/jvm/java-6-openjdk-i386/jre/lib/i386/jli/libjli.so
b775b000-b775c000 rw-p 00004000 08:01 1839611    /usr/lib/jvm/java-6-openjdk-i386/jre/lib/i386/jli/libjli.so
b775c000-b775d000 rw-p 00000000 00:00 0 
b775d000-b7774000 r-xp 00000000 08:01 252406     /lib/i386-linux-gnu/libpthread-2.15.so
b7774000-b7775000 r--p 00016000 08:01 252406     /lib/i386-linux-gnu/libpthread-2.15.so
b7775000-b7776000 rw-p 00017000 08:01 252406     /lib/i386-linux-gnu/libpthread-2.15.so
b7776000-b7778000 rw-p 00000000 00:00 0 
b7778000-b777a000 r--s 00001000 08:01 1838990    /usr/lib/jvm/java-6-openjdk-common/jre/lib/ext/dnsns.jar
b777a000-b777d000 r--s 00031000 08:01 1838991    /usr/lib/jvm/java-6-openjdk-common/jre/lib/ext/sunjce_provider.jar
b777d000-b777e000 r--p 005e0000 08:01 19412      /usr/lib/locale/locale-archive
b777e000-b777f000 rw-p 00000000 00:00 0 
b777f000-b7780000 r--p 00000000 00:00 0 
b7780000-b778b000 r-xp 00000000 08:01 1839627    /usr/lib/jvm/java-6-openjdk-i386/jre/lib/i386/libverify.so
b778b000-b778c000 ---p 0000b000 08:01 1839627    /usr/lib/jvm/java-6-openjdk-i386/jre/lib/i386/libverify.so
b778c000-b778d000 r--p 0000b000 08:01 1839627    /usr/lib/jvm/java-6-openjdk-i386/jre/lib/i386/libverify.so
b778d000-b778e000 rw-p 0000c000 08:01 1839627    /usr/lib/jvm/java-6-openjdk-i386/jre/lib/i386/libverify.so
b778e000-b7790000 rw-p 00000000 00:00 0 
b7790000-b7791000 r-xp 00000000 00:00 0          [vdso]
b7791000-b77b1000 r-xp 00000000 08:01 252407     /lib/i386-linux-gnu/ld-2.15.so
b77b1000-b77b2000 r--p 0001f000 08:01 252407     /lib/i386-linux-gnu/ld-2.15.so
b77b2000-b77b3000 rw-p 00020000 08:01 252407     /lib/i386-linux-gnu/ld-2.15.so
bfa49000-bfa6b000 rw-p 00000000 00:00 0          [stack]

VM Arguments:
jvm_args: -Dfile.encoding=UTF-8 
java_command: com.adp.clocks.synergy2416.demo.MainWindow psplash:res/Background.png
Launcher Type: SUN_STANDARD

Environment Variables:
PATH=/usr/lib/lightdm/lightdm:/usr/local/sbin:/usr/local/bin:/usr/sbin:/usr/bin:/sbin:/bin:/usr/games
LD_LIBRARY_PATH=/usr/lib/jvm/java-6-openjdk-i386/jre/lib/i386/server:/usr/lib/jvm/java-6-openjdk-i386/jre/lib/i386:/usr/lib/jvm/java-6-openjdk-i386/jre/../lib/i386:/usr/lib/jni
SHELL=/bin/bash
DISPLAY=:0

Signal Handlers:
SIGSEGV: [libjvm.so+0x66e740], sa_mask[0]=0x7ffbfeff, sa_flags=0x10000004
SIGBUS: [libjvm.so+0x66e740], sa_mask[0]=0x7ffbfeff, sa_flags=0x10000004
SIGFPE: [libjvm.so+0x530480], sa_mask[0]=0x7ffbfeff, sa_flags=0x10000004
SIGPIPE: [libjvm.so+0x530480], sa_mask[0]=0x7ffbfeff, sa_flags=0x10000004
SIGXFSZ: [libjvm.so+0x530480], sa_mask[0]=0x7ffbfeff, sa_flags=0x10000004
SIGILL: [libjvm.so+0x530480], sa_mask[0]=0x7ffbfeff, sa_flags=0x10000004
SIGUSR1: SIG_DFL, sa_mask[0]=0x00000000, sa_flags=0x00000000
SIGUSR2: [libjvm.so+0x530310], sa_mask[0]=0x00000004, sa_flags=0x10000004
SIGHUP: [libjvm.so+0x5332a0], sa_mask[0]=0x7ffbfeff, sa_flags=0x10000004
SIGINT: [libjvm.so+0x5332a0], sa_mask[0]=0x7ffbfeff, sa_flags=0x10000004
SIGTERM: [libjvm.so+0x5332a0], sa_mask[0]=0x7ffbfeff, sa_flags=0x10000004
SIGQUIT: [libjvm.so+0x5332a0], sa_mask[0]=0x7ffbfeff, sa_flags=0x10000004


---------------  S Y S T E M  ---------------

OS:Ubuntu 12.04 (precise)
uname:Linux 3.8.0-35-generic #52~precise1-Ubuntu SMP Thu Jan 30 17:27:28 UTC 2014 i686
libc:glibc 2.15 NPTL 2.15 
rlimit: STACK 8192k, CORE 0k, NPROC 64475, NOFILE 4096, AS infinity
load average:0.15 0.16 0.18

/proc/meminfo:
MemTotal:        8269392 kB
MemFree:         5024852 kB
Buffers:          518852 kB
Cached:          1235428 kB
SwapCached:            0 kB
Active:          1989272 kB
Inactive:        1029440 kB
Active(anon):    1265632 kB
Inactive(anon):     2228 kB
Active(file):     723640 kB
Inactive(file):  1027212 kB
Unevictable:          16 kB
Mlocked:              16 kB
HighTotal:       7457720 kB
HighFree:        4920600 kB
LowTotal:         811672 kB
LowFree:          104252 kB
SwapTotal:             0 kB
SwapFree:              0 kB
Dirty:              2780 kB
Writeback:             0 kB
AnonPages:       1264608 kB
Mapped:           228504 kB
Shmem:              3316 kB
Slab:             116812 kB
SReclaimable:      88140 kB
SUnreclaim:        28672 kB
KernelStack:        5376 kB
PageTables:        17404 kB
NFS_Unstable:          0 kB
Bounce:                0 kB
WritebackTmp:          0 kB
CommitLimit:     4134696 kB
Committed_AS:    5400636 kB
VmallocTotal:     122880 kB
VmallocUsed:       53624 kB
VmallocChunk:      57332 kB
HardwareCorrupted:     0 kB
AnonHugePages:         0 kB
HugePages_Total:       0
HugePages_Free:        0
HugePages_Rsvd:        0
HugePages_Surp:        0
Hugepagesize:       2048 kB
DirectMap4k:      198648 kB
DirectMap2M:      714752 kB


CPU:total 8 (4 cores per cpu, 2 threads per core) family 6 model 42 stepping 7, cmov, cx8, fxsr, mmx, sse, sse2, sse3, ssse3, sse4.1, sse4.2, popcnt, ht

Memory: 4k page, physical 8269392k(5024852k free), swap 0k(0k free)

vm_info: OpenJDK Server VM (20.0-b12) for linux-x86 JRE (1.6.0_27-b27), built on Nov 16 2013 15:21:31 by "buildd" with gcc 4.6.3

time: Tue Feb 18 16:26:58 2014
elapsed time: 1 seconds

