#
# A fatal error has been detected by the Java Runtime Environment:
#
#  SIGSEGV (0xb) at pc=0xb36118b7, pid=3484, tid=3009973056
#
# JRE version: 6.0_27-b27
# Java VM: OpenJDK Client VM (20.0-b12 mixed mode, sharing linux-x86 )
# Derivative: IcedTea6 1.12.6
# Distribution: Ubuntu 12.04 LTS, package 6b27-1.12.6-1ubuntu0.12.04.4
# Problematic frame:
# C  [libsynergy2416.so+0x48b7]  _get_enroll_count+0x22
#
# If you would like to submit a bug report, please include
# instructions how to reproduce the bug and visit:
#   https://bugs.launchpad.net/ubuntu/+source/openjdk-6/
# The crash happened outside the Java Virtual Machine in native code.
# See problematic frame for where to report the bug.
#

---------------  T H R E A D  ---------------

Current thread (0x09747800):  JavaThread "SwingWorker-pool-3-thread-1" [_thread_in_native, id=3520, stack(0xb3638000,0xb3689000)]

siginfo:si_signo=SIGSEGV: si_errno=0, si_code=1 (SEGV_MAPERR), si_addr=0x00000000

Registers:
EAX=0x00000000, EBX=0x8eba5f08, ECX=0x09747920, EDX=0x00000000
ESP=0xb3687a90, EBP=0xb3687aa0, ESI=0x8eba5f08, EDI=0x09747800
EIP=0xb36118b7, EFLAGS=0x00210297, CR2=0x00000000

Top of Stack: (sp=0xb3687a90)
0xb3687a90:   b6dd7be0 b4389fac 00000000 00000000
0xb3687aa0:   b3687aa8 b3612261 b3687ae8 b3610fc3
0xb3687ab0:   b3687b60 b3687b30 b48d4264 b48c6608
0xb3687ac0:   00000000 b3687b50 b3687b30 00000000
0xb3687ad0:   00000000 8eba5f08 09747800 b3687b20
0xb3687ae0:   b48cdfdb 09747800 b3687b20 b48ce0dd
0xb3687af0:   09747920 b3687b28 b3687b60 b3687b60
0xb3687b00:   b3687b00 8eba5f08 b3687b2c 8eba6cc8 

Instructions: (pc=0xb36118b7)
0xb3611897:   e5 83 ec 10 c7 45 f8 00 00 00 00 c7 45 fc 00 00
0xb36118a7:   00 00 eb 1b 8b 15 e4 6a 61 b3 8b 45 fc 8d 04 02
0xb36118b7:   0f b6 00 84 c0 74 04 83 45 f8 01 83 45 fc 01 a1
0xb36118c7:   10 60 61 b3 39 45 fc 7c db 8b 45 f8 c9 c3 55 89 

Register to memory mapping:

EAX=0x00000000 is an unknown value
EBX=0x8eba5f08 is an oop
{method} 
 - klass: {other class}
ECX=0x09747920 is an unknown value
EDX=0x00000000 is an unknown value
ESP=0xb3687a90 is pointing into the stack for thread: 0x09747800
EBP=0xb3687aa0 is pointing into the stack for thread: 0x09747800
ESI=0x8eba5f08 is an oop
{method} 
 - klass: {other class}
EDI=0x09747800 is a thread


Stack: [0xb3638000,0xb3689000],  sp=0xb3687a90,  free space=318k
Native frames: (J=compiled Java code, j=interpreted, Vv=VM code, C=native code)
C  [libsynergy2416.so+0x48b7]  _get_enroll_count+0x22
C  [libsynergy2416.so+0x5261]  hlpGetEnrollCount+0x8
C  [libsynergy2416.so+0x3fc3]  Java_com_adp_clocks_synergy2416_demo_FPU_FP_1IDENTIFY_1EMPLOYEE+0x19
j  com.adp.clocks.synergy2416.demo.FPU.FP_IDENTIFY_EMPLOYEE()I+0
j  com.adp.clocks.synergy2416.demo.FPU.identifyEmployee()Ljava/lang/String;+0
j  com.adp.clocks.synergy2416.demo.WelcomeForm$IdentifyEmployee.doInBackground()Ljava/lang/String;+11
j  com.adp.clocks.synergy2416.demo.WelcomeForm$IdentifyEmployee.doInBackground()Ljava/lang/Object;+1
j  javax.swing.SwingWorker$1.call()Ljava/lang/Object;+14
j  java.util.concurrent.FutureTask$Sync.innerRun()V+29
j  java.util.concurrent.FutureTask.run()V+4
j  javax.swing.SwingWorker.run()V+4
j  java.util.concurrent.ThreadPoolExecutor.runWorker(Ljava/util/concurrent/ThreadPoolExecutor$Worker;)V+95
j  java.util.concurrent.ThreadPoolExecutor$Worker.run()V+5
j  java.lang.Thread.run()V+11
v  ~StubRoutines::call_stub
V  [libjvm.so+0x2116b6]  JavaCalls::call_helper(JavaValue*, methodHandle*, JavaCallArguments*, Thread*)+0x2c6

Java frames: (J=compiled Java code, j=interpreted, Vv=VM code)
j  com.adp.clocks.synergy2416.demo.FPU.FP_IDENTIFY_EMPLOYEE()I+0
j  com.adp.clocks.synergy2416.demo.FPU.identifyEmployee()Ljava/lang/String;+0
j  com.adp.clocks.synergy2416.demo.WelcomeForm$IdentifyEmployee.doInBackground()Ljava/lang/String;+11
j  com.adp.clocks.synergy2416.demo.WelcomeForm$IdentifyEmployee.doInBackground()Ljava/lang/Object;+1
j  javax.swing.SwingWorker$1.call()Ljava/lang/Object;+14
j  java.util.concurrent.FutureTask$Sync.innerRun()V+29
j  java.util.concurrent.FutureTask.run()V+4
j  javax.swing.SwingWorker.run()V+4
j  java.util.concurrent.ThreadPoolExecutor.runWorker(Ljava/util/concurrent/ThreadPoolExecutor$Worker;)V+95
j  java.util.concurrent.ThreadPoolExecutor$Worker.run()V+5
j  java.lang.Thread.run()V+11
v  ~StubRoutines::call_stub

---------------  P R O C E S S  ---------------

Java Threads: ( => current thread )
=>0x09747800 JavaThread "SwingWorker-pool-3-thread-1" [_thread_in_native, id=3520, stack(0xb3638000,0xb3689000)]
  0xb359d000 JavaThread "PulseAudio Eventloop Thread" daemon [_thread_in_native, id=3519, stack(0xb2c60000,0xb2cb1000)]
  0xb6905c00 JavaThread "DestroyJavaVM" [_thread_blocked, id=3490, stack(0xb6a4a000,0xb6a9b000)]
  0x09805400 JavaThread "pool-1-thread-1" [_thread_blocked, id=3510, stack(0xb3194000,0xb31e5000)]
  0x097f1c00 JavaThread "pool-2-thread-1 - v4l4j push source" [_thread_in_native, id=3509, stack(0xb31e5000,0xb3236000)]
  0x097b1400 JavaThread "Timer-0" [_thread_blocked, id=3508, stack(0xb3343000,0xb3394000)]
  0x097ad800 JavaThread "TimerQueue" daemon [_thread_blocked, id=3507, stack(0xb3394000,0xb33e5000)]
  0xb69a3800 JavaThread "AWT-EventQueue-0" [_thread_in_Java, id=3502, stack(0xb37d6000,0xb3827000)]
  0xb69a2400 JavaThread "AWT-Shutdown" [_thread_blocked, id=3501, stack(0xb3827000,0xb3878000)]
  0xb69a1400 JavaThread "AWT-XAWT" daemon [_thread_in_native, id=3500, stack(0xb3878000,0xb38c9000)]
  0xb696d800 JavaThread "Java2D Disposer" daemon [_thread_blocked, id=3499, stack(0xb39be000,0xb3a0f000)]
  0xb693cc00 JavaThread "Low Memory Detector" daemon [_thread_blocked, id=3496, stack(0xb3e2e000,0xb3e7f000)]
  0xb693ac00 JavaThread "C1 CompilerThread0" daemon [_thread_in_native, id=3495, stack(0xb3e7f000,0xb3f00000)]
  0xb6939400 JavaThread "Signal Dispatcher" daemon [_thread_blocked, id=3494, stack(0xb420d000,0xb425e000)]
  0xb6935400 JavaThread "Finalizer" daemon [_thread_blocked, id=3493, stack(0xb425e000,0xb42af000)]
  0xb6933c00 JavaThread "Reference Handler" daemon [_thread_blocked, id=3492, stack(0xb42af000,0xb4300000)]

Other Threads:
  0xb6932000 VMThread [stack: 0xb4404000,0xb4485000] [id=3491]
  0xb6947000 WatcherThread [stack: 0xb3dad000,0xb3e2e000] [id=3497]

VM state:not at safepoint (normal execution)

VM Mutex/Monitor currently owned by a thread: None

Heap
 def new generation   total 4928K, used 1755K [0x6ea40000, 0x6ef90000, 0x794e0000)
  eden space 4416K,  28% used [0x6ea40000, 0x6eb76f10, 0x6ee90000)
  from space 512K, 100% used [0x6ef10000, 0x6ef90000, 0x6ef90000)
  to   space 512K,   0% used [0x6ee90000, 0x6ee90000, 0x6ef10000)
 tenured generation   total 10944K, used 2402K [0x794e0000, 0x79f90000, 0x8ea40000)
   the space 10944K,  21% used [0x794e0000, 0x797389b8, 0x79738a00, 0x79f90000)
 compacting perm gen  total 12288K, used 2251K [0x8ea40000, 0x8f640000, 0x92a40000)
   the space 12288K,  18% used [0x8ea40000, 0x8ec72cc0, 0x8ec72e00, 0x8f640000)
    ro space 10240K,  74% used [0x92a40000, 0x931a8b40, 0x931a8c00, 0x93440000)
    rw space 12288K,  60% used [0x93440000, 0x93b8ee48, 0x93b8f000, 0x94040000)

Code Cache  [0xb48c4000, 0xb49c4000, 0xb68c4000)
 total_blobs=559 nmethods=299 adapters=196 free_code_cache=32516864 largest_free_block=64

Dynamic libraries:
08048000-08051000 r-xp 00000000 08:01 1839571    /usr/lib/jvm/java-6-openjdk-i386/jre/bin/java
08051000-08052000 r--p 00008000 08:01 1839571    /usr/lib/jvm/java-6-openjdk-i386/jre/bin/java
08052000-08053000 rw-p 00009000 08:01 1839571    /usr/lib/jvm/java-6-openjdk-i386/jre/bin/java
096a4000-09832000 rw-p 00000000 00:00 0          [heap]
6ea40000-6ef90000 rw-p 00000000 00:00 0 
6ef90000-794e0000 rw-p 00000000 00:00 0 
794e0000-79f90000 rw-p 00000000 00:00 0 
79f90000-8ea40000 rw-p 00000000 00:00 0 
8ea40000-8f640000 rw-p 00000000 00:00 0 
8f640000-92a40000 rw-p 00000000 00:00 0 
92a40000-931a9000 r--s 00001000 08:01 1839781    /usr/lib/jvm/java-6-openjdk-i386/jre/lib/i386/client/classes.jsa
931a9000-93440000 rw-p 00000000 00:00 0 
93440000-93b8f000 rw-p 0076a000 08:01 1839781    /usr/lib/jvm/java-6-openjdk-i386/jre/lib/i386/client/classes.jsa
93b8f000-94040000 rw-p 00000000 00:00 0 
94040000-9413d000 rw-p 00eb9000 08:01 1839781    /usr/lib/jvm/java-6-openjdk-i386/jre/lib/i386/client/classes.jsa
9413d000-94440000 rw-p 00000000 00:00 0 
94440000-94448000 r-xs 00fb6000 08:01 1839781    /usr/lib/jvm/java-6-openjdk-i386/jre/lib/i386/client/classes.jsa
94448000-94840000 rw-p 00000000 00:00 0 
aa463000-ae464000 rw-s 00000000 00:12 25247      /run/shm/pulse-shm-2582163275
ae464000-ae4af000 rw-s 00000000 00:04 15433747   /SYSV00000000 (deleted)
ae4af000-ae4b0000 ---p 00000000 00:00 0 
ae4b0000-aecb0000 rw-p 00000000 00:00 0 
b2c60000-b2c63000 ---p 00000000 00:00 0 
b2c63000-b2cb1000 rw-p 00000000 00:00 0          [stack:3519]
b2cb1000-b2cfc000 rw-s 00000000 00:04 15499282   /SYSV00000000 (deleted)
b2cfc000-b2d0f000 r-xp 00000000 08:01 252403     /lib/i386-linux-gnu/libresolv-2.15.so
b2d0f000-b2d10000 ---p 00013000 08:01 252403     /lib/i386-linux-gnu/libresolv-2.15.so
b2d10000-b2d11000 r--p 00013000 08:01 252403     /lib/i386-linux-gnu/libresolv-2.15.so
b2d11000-b2d12000 rw-p 00014000 08:01 252403     /lib/i386-linux-gnu/libresolv-2.15.so
b2d12000-b2d14000 rw-p 00000000 00:00 0 
b2d14000-b2d1a000 r-xp 00000000 08:01 17212      /usr/lib/i386-linux-gnu/libogg.so.0.7.1
b2d1a000-b2d1b000 r--p 00005000 08:01 17212      /usr/lib/i386-linux-gnu/libogg.so.0.7.1
b2d1b000-b2d1c000 rw-p 00006000 08:01 17212      /usr/lib/i386-linux-gnu/libogg.so.0.7.1
b2d1c000-b2d45000 r-xp 00000000 08:01 17362      /usr/lib/i386-linux-gnu/libvorbis.so.0.4.5
b2d45000-b2d46000 r--p 00028000 08:01 17362      /usr/lib/i386-linux-gnu/libvorbis.so.0.4.5
b2d46000-b2d47000 rw-p 00029000 08:01 17362      /usr/lib/i386-linux-gnu/libvorbis.so.0.4.5
b2d47000-b2ead000 r-xp 00000000 08:01 17364      /usr/lib/i386-linux-gnu/libvorbisenc.so.2.0.8
b2ead000-b2ebe000 r--p 00165000 08:01 17364      /usr/lib/i386-linux-gnu/libvorbisenc.so.2.0.8
b2ebe000-b2ebf000 rw-p 00176000 08:01 17364      /usr/lib/i386-linux-gnu/libvorbisenc.so.2.0.8
b2ebf000-b2f0b000 r-xp 00000000 08:01 16731      /usr/lib/i386-linux-gnu/libFLAC.so.8.2.0
b2f0b000-b2f0c000 r--p 0004b000 08:01 16731      /usr/lib/i386-linux-gnu/libFLAC.so.8.2.0
b2f0c000-b2f0d000 rw-p 0004c000 08:01 16731      /usr/lib/i386-linux-gnu/libFLAC.so.8.2.0
b2f0d000-b2f12000 r-xp 00000000 08:01 16847      /usr/lib/i386-linux-gnu/libasyncns.so.0.3.1
b2f12000-b2f13000 r--p 00004000 08:01 16847      /usr/lib/i386-linux-gnu/libasyncns.so.0.3.1
b2f13000-b2f14000 rw-p 00005000 08:01 16847      /usr/lib/i386-linux-gnu/libasyncns.so.0.3.1
b2f14000-b2f80000 r-xp 00000000 08:01 17307      /usr/lib/i386-linux-gnu/libsndfile.so.1.0.25
b2f80000-b2f81000 r--p 0006c000 08:01 17307      /usr/lib/i386-linux-gnu/libsndfile.so.1.0.25
b2f81000-b2f82000 rw-p 0006d000 08:01 17307      /usr/lib/i386-linux-gnu/libsndfile.so.1.0.25
b2f82000-b2f86000 rw-p 00000000 00:00 0 
b2f86000-b2f8e000 r-xp 00000000 08:01 252334     /lib/i386-linux-gnu/libwrap.so.0.7.6
b2f8e000-b2f8f000 r--p 00007000 08:01 252334     /lib/i386-linux-gnu/libwrap.so.0.7.6
b2f8f000-b2f90000 rw-p 00008000 08:01 252334     /lib/i386-linux-gnu/libwrap.so.0.7.6
b2f90000-b2fd7000 r-xp 00000000 08:01 252249     /lib/i386-linux-gnu/libdbus-1.so.3.5.8
b2fd7000-b2fd8000 r--p 00047000 08:01 252249     /lib/i386-linux-gnu/libdbus-1.so.3.5.8
b2fd8000-b2fd9000 rw-p 00048000 08:01 252249     /lib/i386-linux-gnu/libdbus-1.so.3.5.8
b2fd9000-b303c000 r-xp 00000000 08:01 12624      /usr/lib/i386-linux-gnu/libpulsecommon-1.1.so
b303c000-b303d000 r--p 00062000 08:01 12624      /usr/lib/i386-linux-gnu/libpulsecommon-1.1.so
b303d000-b303e000 rw-p 00063000 08:01 12624      /usr/lib/i386-linux-gnu/libpulsecommon-1.1.so
b303e000-b308a000 r-xp 00000000 08:01 12623      /usr/lib/i386-linux-gnu/libpulse.so.0.13.5
b308a000-b308b000 r--p 0004b000 08:01 12623      /usr/lib/i386-linux-gnu/libpulse.so.0.13.5
b308b000-b308c000 rw-p 0004c000 08:01 12623      /usr/lib/i386-linux-gnu/libpulse.so.0.13.5
b308c000-b3179000 r-xp 00000000 08:01 16845      /usr/lib/i386-linux-gnu/libasound.so.2.0.0
b3179000-b317d000 r--p 000ec000 08:01 16845      /usr/lib/i386-linux-gnu/libasound.so.2.0.0
b317d000-b317e000 rw-p 000f0000 08:01 16845      /usr/lib/i386-linux-gnu/libasound.so.2.0.0
b317e000-b318b000 r-xp 00000000 08:01 1839792    /usr/lib/jvm/java-6-openjdk-i386/jre/lib/i386/libpulse-java.so
b318b000-b318c000 r--p 0000c000 08:01 1839792    /usr/lib/jvm/java-6-openjdk-i386/jre/lib/i386/libpulse-java.so
b318c000-b318d000 rw-p 0000d000 08:01 1839792    /usr/lib/jvm/java-6-openjdk-i386/jre/lib/i386/libpulse-java.so
b318d000-b3192000 r-xp 00000000 08:01 17411      /usr/lib/i386-linux-gnu/alsa-lib/libasound_module_pcm_pulse.so
b3192000-b3193000 r--p 00004000 08:01 17411      /usr/lib/i386-linux-gnu/alsa-lib/libasound_module_pcm_pulse.so
b3193000-b3194000 rw-p 00005000 08:01 17411      /usr/lib/i386-linux-gnu/alsa-lib/libasound_module_pcm_pulse.so
b3194000-b3197000 ---p 00000000 00:00 0 
b3197000-b31e5000 rw-p 00000000 00:00 0          [stack:3510]
b31e5000-b31e8000 ---p 00000000 00:00 0 
b31e8000-b3236000 rw-p 00000000 00:00 0          [stack:3509]
b3236000-b325c000 rw-s 00072000 00:05 8562       /dev/video0
b325c000-b3282000 rw-s 0004c000 00:05 8562       /dev/video0
b3282000-b32a8000 rw-s 00026000 00:05 8562       /dev/video0
b32a8000-b32ce000 rw-s 00000000 00:05 8562       /dev/video0
b32ce000-b32ef000 r-xp 00000000 08:01 17358      /usr/lib/i386-linux-gnu/libv4lconvert.so.0
b32ef000-b32f0000 r--p 00021000 08:01 17358      /usr/lib/i386-linux-gnu/libv4lconvert.so.0
b32f0000-b32f1000 rw-p 00022000 08:01 17358      /usr/lib/i386-linux-gnu/libv4lconvert.so.0
b32f1000-b3343000 rw-p 00000000 00:00 0 
b3343000-b3346000 ---p 00000000 00:00 0 
b3346000-b3394000 rw-p 00000000 00:00 0          [stack:3508]
b3394000-b3397000 ---p 00000000 00:00 0 
b3397000-b346b000 rw-p 00000000 00:00 0          [stack:3507]
b346b000-b3471000 r-xp 00000000 08:01 17146      /usr/lib/i386-linux-gnu/libjson.so.0.0.1
b3471000-b3472000 r--p 00005000 08:01 17146      /usr/lib/i386-linux-gnu/libjson.so.0.0.1
b3472000-b3473000 rw-p 00006000 08:01 17146      /usr/lib/i386-linux-gnu/libjson.so.0.0.1
b3473000-b3486000 r-xp 00000000 08:01 8712       /usr/lib/libvideo.so.0
b3486000-b3487000 r--p 00012000 08:01 8712       /usr/lib/libvideo.so.0
b3487000-b3488000 rw-p 00013000 08:01 8712       /usr/lib/libvideo.so.0
b348d000-b349c000 r-xp 00000000 08:01 1839790    /usr/lib/jvm/java-6-openjdk-i386/jre/lib/i386/libjsoundalsa.so
b349c000-b349d000 r--p 0000e000 08:01 1839790    /usr/lib/jvm/java-6-openjdk-i386/jre/lib/i386/libjsoundalsa.so
b349d000-b349e000 rw-p 0000f000 08:01 1839790    /usr/lib/jvm/java-6-openjdk-i386/jre/lib/i386/libjsoundalsa.so
b349e000-b34ad000 r-xp 00000000 08:01 524448     /usr/lib/jni/libv4l4j.so
b34ad000-b34ae000 r--p 0000e000 08:01 524448     /usr/lib/jni/libv4l4j.so
b34ae000-b34af000 rw-p 0000f000 08:01 524448     /usr/lib/jni/libv4l4j.so
b34af000-b34b2000 ---p 00000000 00:00 0 
b34b2000-b3500000 rw-p 00000000 00:00 0 
b3500000-b35af000 rw-p 00000000 00:00 0 
b35af000-b3600000 ---p 00000000 00:00 0 
b3603000-b3604000 r-xp 00000000 08:01 1839628    /usr/lib/jvm/java-6-openjdk-i386/jre/lib/i386/libjsound.so
b3604000-b3605000 r--p 00000000 08:01 1839628    /usr/lib/jvm/java-6-openjdk-i386/jre/lib/i386/libjsound.so
b3605000-b3606000 rw-p 00001000 08:01 1839628    /usr/lib/jvm/java-6-openjdk-i386/jre/lib/i386/libjsound.so
b3606000-b360d000 r--s 00000000 08:01 14251      /usr/lib/i386-linux-gnu/gconv/gconv-modules.cache
b360d000-b3615000 r-xp 00000000 08:01 524557     /usr/lib/jni/libsynergy2416.so
b3615000-b3616000 r--p 00007000 08:01 524557     /usr/lib/jni/libsynergy2416.so
b3616000-b3617000 rw-p 00008000 08:01 524557     /usr/lib/jni/libsynergy2416.so
b3617000-b361f000 r-xp 00000000 08:01 1839626    /usr/lib/jvm/java-6-openjdk-i386/jre/lib/i386/libnio.so
b361f000-b3620000 r--p 00007000 08:01 1839626    /usr/lib/jvm/java-6-openjdk-i386/jre/lib/i386/libnio.so
b3620000-b3621000 rw-p 00008000 08:01 1839626    /usr/lib/jvm/java-6-openjdk-i386/jre/lib/i386/libnio.so
b3621000-b3636000 r-xp 00000000 08:01 1839614    /usr/lib/jvm/java-6-openjdk-i386/jre/lib/i386/libnet.so
b3636000-b3637000 r--p 00014000 08:01 1839614    /usr/lib/jvm/java-6-openjdk-i386/jre/lib/i386/libnet.so
b3637000-b3638000 rw-p 00015000 08:01 1839614    /usr/lib/jvm/java-6-openjdk-i386/jre/lib/i386/libnet.so
b3638000-b363b000 ---p 00000000 00:00 0 
b363b000-b3689000 rw-p 00000000 00:00 0          [stack:3520]
b3689000-b36d7000 r--s 008b6000 08:01 2243423    /opt/eclipse-standard/plugins/com.ibm.icu_50.1.1.v201304230130.jar
b36d7000-b3719000 r--s 00367000 08:01 2243377    /opt/eclipse-standard/plugins/org.eclipse.ui.workbench_3.105.1.v20130821-1411.jar
b3719000-b372c000 r--s 000e0000 08:01 2243213    /opt/eclipse-standard/plugins/org.eclipse.jface.text_3.8.101.v20130802-1147.jar
b372c000-b3740000 r--s 000f9000 08:01 2243526    /opt/eclipse-standard/plugins/org.eclipse.jface_3.9.1.v20130725-1141.jar
b3740000-b3755000 r--s 0023a000 08:01 2243675    /opt/eclipse-standard/plugins/org.eclipse.swt.gtk.linux.x86_3.102.1.v20130827-2048.jar
b3755000-b379a000 r-xp 00000000 08:01 11892      /usr/lib/i386-linux-gnu/libjpeg.so.8.0.2
b379a000-b379b000 r--p 00044000 08:01 11892      /usr/lib/i386-linux-gnu/libjpeg.so.8.0.2
b379b000-b379c000 rw-p 00045000 08:01 11892      /usr/lib/i386-linux-gnu/libjpeg.so.8.0.2
b379c000-b37ac000 rw-p 00000000 00:00 0 
b37ac000-b37d4000 r-xp 00000000 08:01 252306     /lib/i386-linux-gnu/libpng12.so.0.46.0
b37d4000-b37d5000 r--p 00027000 08:01 252306     /lib/i386-linux-gnu/libpng12.so.0.46.0
b37d5000-b37d6000 rw-p 00028000 08:01 252306     /lib/i386-linux-gnu/libpng12.so.0.46.0
b37d6000-b37d9000 ---p 00000000 00:00 0 
b37d9000-b3827000 rw-p 00000000 00:00 0          [stack:3502]
b3827000-b382a000 ---p 00000000 00:00 0 
b382a000-b3878000 rw-p 00000000 00:00 0          [stack:3501]
b3878000-b387b000 ---p 00000000 00:00 0 
b387b000-b38c9000 rw-p 00000000 00:00 0          [stack:3500]
b38c9000-b38ca000 r--s 00000000 08:01 3570       /var/cache/fontconfig/c05880de57d1f5e948fdfacc138775d9-le32d4.cache-3
b38ca000-b38d0000 r--s 00000000 08:01 3565       /var/cache/fontconfig/945677eb7aeaf62f1d50efc3fb3ec7d8-le32d4.cache-3
b38d0000-b38d3000 r--s 00000000 08:01 519519     /var/cache/fontconfig/99e8ed0e538f840c565b6ed5dad60d56-le32d4.cache-3
b38d3000-b38d6000 r--s 00000000 08:01 3552       /var/cache/fontconfig/2cd17615ca594fa2959ae173292e504c-le32d4.cache-3
b38d6000-b38d7000 r--s 00000000 08:01 3577       /var/cache/fontconfig/e7071f4a29fa870f4323321c154eba04-le32d4.cache-3
b38d7000-b38d8000 r--s 00000000 08:01 3550       /var/cache/fontconfig/0d8c3b2ac0904cb8a57a757ad11a4a08-le32d4.cache-3
b38d8000-b38dc000 r--s 00000000 08:01 3567       /var/cache/fontconfig/a755afe4a08bf5b97852ceb7400b47bc-le32d4.cache-3
b38dc000-b38e3000 r--s 00000000 08:01 1579180    /var/cache/fontconfig/6d41288fd70b0be22e8c3a91e032eec0-le32d4.cache-3
b38e3000-b38ee000 r--s 00000000 08:01 3549       /var/cache/fontconfig/04aabc0a78ac019cf9454389977116d2-le32d4.cache-3
b38ee000-b38f1000 r--s 00000000 08:01 3555       /var/cache/fontconfig/385c0604a188198f04d133e54aba7fe7-le32d4.cache-3
b38f1000-b38f2000 r--s 00000000 08:01 3572       /var/cache/fontconfig/4794a0821666d79190d59a36cb4f44b5-le32d4.cache-3
b38f2000-b38f6000 r--s 00000000 08:01 3553       /var/cache/fontconfig/3047814df9a2f067bd2d96a2b9c36e5a-le32d4.cache-3
b38f6000-b38fb000 r--s 00045000 08:01 2243421    /opt/eclipse-standard/plugins/org.eclipse.ui.forms_3.6.1.v20130822-1117.jar
b38fb000-b3900000 r--s 00038000 08:01 2243571    /opt/eclipse-standard/plugins/org.eclipse.text_3.5.300.v20130515-1451.jar
b3900000-b3908000 r-xp 00000000 08:01 1839774    /usr/lib/i386-linux-gnu/libgif.so.4.1.6
b3908000-b3909000 r--p 00007000 08:01 1839774    /usr/lib/i386-linux-gnu/libgif.so.4.1.6
b3909000-b390a000 rw-p 00008000 08:01 1839774    /usr/lib/i386-linux-gnu/libgif.so.4.1.6
b390a000-b390c000 rw-p 00000000 00:00 0 
b390c000-b3920000 r--s 00140000 08:01 2243684    /opt/eclipse-standard/plugins/org.eclipse.osgi_3.9.1.v20130814-1242.jar
b3920000-b3921000 r--s 00000000 08:01 3570       /var/cache/fontconfig/c05880de57d1f5e948fdfacc138775d9-le32d4.cache-3
b3921000-b3927000 r--s 00000000 08:01 3565       /var/cache/fontconfig/945677eb7aeaf62f1d50efc3fb3ec7d8-le32d4.cache-3
b3927000-b392a000 r--s 00000000 08:01 519519     /var/cache/fontconfig/99e8ed0e538f840c565b6ed5dad60d56-le32d4.cache-3
b392a000-b392d000 r--s 00000000 08:01 3552       /var/cache/fontconfig/2cd17615ca594fa2959ae173292e504c-le32d4.cache-3
b392d000-b392e000 r--s 00000000 08:01 3577       /var/cache/fontconfig/e7071f4a29fa870f4323321c154eba04-le32d4.cache-3
b392e000-b392f000 r--s 00000000 08:01 3550       /var/cache/fontconfig/0d8c3b2ac0904cb8a57a757ad11a4a08-le32d4.cache-3
b392f000-b3933000 r--s 00000000 08:01 3567       /var/cache/fontconfig/a755afe4a08bf5b97852ceb7400b47bc-le32d4.cache-3
b3933000-b393a000 r--s 00000000 08:01 1579180    /var/cache/fontconfig/6d41288fd70b0be22e8c3a91e032eec0-le32d4.cache-3
b393a000-b3945000 r--s 00000000 08:01 3549       /var/cache/fontconfig/04aabc0a78ac019cf9454389977116d2-le32d4.cache-3
b3945000-b3948000 r--s 00000000 08:01 3555       /var/cache/fontconfig/385c0604a188198f04d133e54aba7fe7-le32d4.cache-3
b3948000-b394b000 r--s 00000000 08:01 3564       /var/cache/fontconfig/8801497958630a81b71ace7c5f9b32a8-le32d4.cache-3
b394b000-b394f000 r--s 00000000 08:01 3553       /var/cache/fontconfig/3047814df9a2f067bd2d96a2b9c36e5a-le32d4.cache-3
b394f000-b3953000 r--s 00000000 08:01 3568       /var/cache/fontconfig/b47c4e1ecd0709278f4910c18777a504-le32d4.cache-3
b3953000-b3960000 r--s 00000000 08:01 3573       /var/cache/fontconfig/d52a8644073d54c13679302ca1180695-le32d4.cache-3
b3960000-b3963000 r--s 00000000 08:01 3564       /var/cache/fontconfig/8801497958630a81b71ace7c5f9b32a8-le32d4.cache-3
b3963000-b3967000 r--s 00000000 08:01 3568       /var/cache/fontconfig/b47c4e1ecd0709278f4910c18777a504-le32d4.cache-3
b3967000-b3974000 r--s 00000000 08:01 3573       /var/cache/fontconfig/d52a8644073d54c13679302ca1180695-le32d4.cache-3
b3974000-b3977000 r--s 00019000 08:01 864259     /home/chaol/workspace-java/ADP-Demo-GUI/src/com/adp/clocks/synergy2416/res/v4l4j.jar
b3977000-b397a000 r--s 0002a000 08:01 2243555    /opt/eclipse-standard/plugins/org.eclipse.equinox.registry_3.5.301.v20130717-1549.jar
b397a000-b397e000 r-xp 00000000 08:01 13641      /usr/lib/i386-linux-gnu/libXfixes.so.3.1.0
b397e000-b397f000 r--p 00004000 08:01 13641      /usr/lib/i386-linux-gnu/libXfixes.so.3.1.0
b397f000-b3980000 rw-p 00005000 08:01 13641      /usr/lib/i386-linux-gnu/libXfixes.so.3.1.0
b3980000-b3989000 r-xp 00000000 08:01 16793      /usr/lib/i386-linux-gnu/libXcursor.so.1.0.2
b3989000-b398a000 r--p 00008000 08:01 16793      /usr/lib/i386-linux-gnu/libXcursor.so.1.0.2
b398a000-b398b000 rw-p 00009000 08:01 16793      /usr/lib/i386-linux-gnu/libXcursor.so.1.0.2
b398b000-b398d000 r--s 00010000 08:01 2243198    /opt/eclipse-standard/plugins/org.eclipse.core.runtime_3.9.0.v20130326-1255.jar
b398d000-b3990000 r--s 00018000 08:01 2243752    /opt/eclipse-standard/plugins/org.eclipse.equinox.common_3.6.200.v20130402-1505.jar
b3990000-b3993000 r--s 00018000 08:01 2243511    /opt/eclipse-standard/plugins/org.eclipse.core.commands_3.6.100.v20130515-1857.jar
b3993000-b3994000 rw-p 00000000 00:00 0 
b3994000-b399d000 r-xp 00000000 08:01 1839791    /usr/lib/jvm/java-6-openjdk-i386/jre/lib/i386/libsplashscreen.so
b399d000-b399e000 r--p 00008000 08:01 1839791    /usr/lib/jvm/java-6-openjdk-i386/jre/lib/i386/libsplashscreen.so
b399e000-b399f000 rw-p 00009000 08:01 1839791    /usr/lib/jvm/java-6-openjdk-i386/jre/lib/i386/libsplashscreen.so
b399f000-b39a1000 rw-p 00000000 00:00 0 
b39a1000-b39a8000 r--s 000fc000 08:01 1838998    /usr/lib/jvm/java-6-openjdk-common/jre/lib/resources.jar
b39a8000-b39a9000 r--s 00000000 08:01 3558       /var/cache/fontconfig/56cf4f4769d0f4abc89a4895d7bd3ae1-le32d4.cache-3
b39a9000-b39aa000 r--s 00000000 08:01 3569       /var/cache/fontconfig/b9d506c9ac06c20b433354fa67a72993-le32d4.cache-3
b39aa000-b39b3000 r--s 00000000 08:01 519518     /var/cache/fontconfig/089dead882dea3570ffc31a9898cfb69-le32d4.cache-3
b39b3000-b39bb000 r--s 00000000 08:01 11176      /var/cache/fontconfig/e13b20fdb08344e0e664864cc2ede53d-le32d4.cache-3
b39bb000-b39be000 r--s 00000000 08:01 519517     /var/cache/fontconfig/7ef2298fde41cc6eeb7af42e48b7d293-le32d4.cache-3
b39be000-b39c1000 ---p 00000000 00:00 0 
b39c1000-b3a0f000 rw-p 00000000 00:00 0          [stack:3499]
b3a0f000-b3aa4000 r-xp 00000000 08:01 16989      /usr/lib/i386-linux-gnu/libfreetype.so.6.8.0
b3aa4000-b3aa8000 r--p 00094000 08:01 16989      /usr/lib/i386-linux-gnu/libfreetype.so.6.8.0
b3aa8000-b3aa9000 rw-p 00098000 08:01 16989      /usr/lib/i386-linux-gnu/libfreetype.so.6.8.0
b3aa9000-b3af1000 r-xp 00000000 08:01 1839595    /usr/lib/jvm/java-6-openjdk-i386/jre/lib/i386/libfontmanager.so
b3af1000-b3af2000 r--p 00048000 08:01 1839595    /usr/lib/jvm/java-6-openjdk-i386/jre/lib/i386/libfontmanager.so
b3af2000-b3af3000 rw-p 00049000 08:01 1839595    /usr/lib/jvm/java-6-openjdk-i386/jre/lib/i386/libfontmanager.so
b3af3000-b3af8000 r-xp 00000000 08:01 16797      /usr/lib/i386-linux-gnu/libXdmcp.so.6.0.0
b3af8000-b3af9000 r--p 00004000 08:01 16797      /usr/lib/i386-linux-gnu/libXdmcp.so.6.0.0
b3af9000-b3afa000 rw-p 00005000 08:01 16797      /usr/lib/i386-linux-gnu/libXdmcp.so.6.0.0
b3afa000-b3afc000 r-xp 00000000 08:01 16786      /usr/lib/i386-linux-gnu/libXau.so.6.0.0
b3afc000-b3afd000 r--p 00001000 08:01 16786      /usr/lib/i386-linux-gnu/libXau.so.6.0.0
b3afd000-b3afe000 rw-p 00002000 08:01 16786      /usr/lib/i386-linux-gnu/libXau.so.6.0.0
b3afe000-b3b1d000 r-xp 00000000 08:01 17393      /usr/lib/i386-linux-gnu/libxcb.so.1.1.0
b3b1d000-b3b1e000 r--p 0001f000 08:01 17393      /usr/lib/i386-linux-gnu/libxcb.so.1.1.0
b3b1e000-b3b1f000 rw-p 00020000 08:01 17393      /usr/lib/i386-linux-gnu/libxcb.so.1.1.0
b3b1f000-b3b2e000 r-xp 00000000 08:01 8381       /usr/lib/i386-linux-gnu/libXi.so.6.1.0
b3b2e000-b3b2f000 r--p 0000e000 08:01 8381       /usr/lib/i386-linux-gnu/libXi.so.6.1.0
b3b2f000-b3b30000 rw-p 0000f000 08:01 8381       /usr/lib/i386-linux-gnu/libXi.so.6.1.0
b3b30000-b3b35000 r-xp 00000000 08:01 16825      /usr/lib/i386-linux-gnu/libXtst.so.6.1.0
b3b35000-b3b36000 r--p 00004000 08:01 16825      /usr/lib/i386-linux-gnu/libXtst.so.6.1.0
b3b36000-b3b37000 rw-p 00005000 08:01 16825      /usr/lib/i386-linux-gnu/libXtst.so.6.1.0
b3b37000-b3b3f000 r-xp 00000000 08:01 16821      /usr/lib/i386-linux-gnu/libXrender.so.1.3.0
b3b3f000-b3b40000 r--p 00007000 08:01 16821      /usr/lib/i386-linux-gnu/libXrender.so.1.3.0
b3b40000-b3b41000 rw-p 00008000 08:01 16821      /usr/lib/i386-linux-gnu/libXrender.so.1.3.0
b3b41000-b3c71000 r-xp 00000000 08:01 14323      /usr/lib/i386-linux-gnu/libX11.so.6.3.0
b3c71000-b3c72000 r--p 0012f000 08:01 14323      /usr/lib/i386-linux-gnu/libX11.so.6.3.0
b3c72000-b3c74000 rw-p 00130000 08:01 14323      /usr/lib/i386-linux-gnu/libX11.so.6.3.0
b3c74000-b3c75000 rw-p 00000000 00:00 0 
b3c75000-b3c85000 r-xp 00000000 08:01 16799      /usr/lib/i386-linux-gnu/libXext.so.6.4.0
b3c85000-b3c86000 r--p 0000f000 08:01 16799      /usr/lib/i386-linux-gnu/libXext.so.6.4.0
b3c86000-b3c87000 rw-p 00010000 08:01 16799      /usr/lib/i386-linux-gnu/libXext.so.6.4.0
b3c87000-b3c88000 r--s 00000000 08:01 3572       /var/cache/fontconfig/4794a0821666d79190d59a36cb4f44b5-le32d4.cache-3
b3c88000-b3c89000 r--s 00000000 08:01 3558       /var/cache/fontconfig/56cf4f4769d0f4abc89a4895d7bd3ae1-le32d4.cache-3
b3c89000-b3c92000 r--s 00000000 08:01 519518     /var/cache/fontconfig/089dead882dea3570ffc31a9898cfb69-le32d4.cache-3
b3c92000-b3c9a000 r--s 00000000 08:01 11176      /var/cache/fontconfig/e13b20fdb08344e0e664864cc2ede53d-le32d4.cache-3
b3c9a000-b3c9d000 r--s 00000000 08:01 519517     /var/cache/fontconfig/7ef2298fde41cc6eeb7af42e48b7d293-le32d4.cache-3
b3c9d000-b3ce9000 r-xp 00000000 08:01 1839789    /usr/lib/jvm/java-6-openjdk-i386/jre/lib/i386/xawt/libmawt.so
b3ce9000-b3cea000 r--p 0004b000 08:01 1839789    /usr/lib/jvm/java-6-openjdk-i386/jre/lib/i386/xawt/libmawt.so
b3cea000-b3cec000 rw-p 0004c000 08:01 1839789    /usr/lib/jvm/java-6-openjdk-i386/jre/lib/i386/xawt/libmawt.so
b3cec000-b3ced000 rw-p 00000000 00:00 0 
b3ced000-b3d81000 r-xp 00000000 08:01 1839605    /usr/lib/jvm/java-6-openjdk-i386/jre/lib/i386/libawt.so
b3d81000-b3d82000 r--p 00093000 08:01 1839605    /usr/lib/jvm/java-6-openjdk-i386/jre/lib/i386/libawt.so
b3d82000-b3d89000 rw-p 00094000 08:01 1839605    /usr/lib/jvm/java-6-openjdk-i386/jre/lib/i386/libawt.so
b3d89000-b3dad000 rw-p 00000000 00:00 0 
b3dad000-b3dae000 ---p 00000000 00:00 0 
b3dae000-b3e2e000 rw-p 00000000 00:00 0          [stack:3497]
b3e2e000-b3e31000 ---p 00000000 00:00 0 
b3e31000-b3e7f000 rw-p 00000000 00:00 0          [stack:3496]
b3e7f000-b3e82000 ---p 00000000 00:00 0 
b3e82000-b3f00000 rw-p 00000000 00:00 0          [stack:3495]
b3f00000-b4100000 r--p 00000000 08:01 19412      /usr/lib/locale/locale-archive
b4100000-b413a000 rw-p 00000000 00:00 0 
b413a000-b4200000 ---p 00000000 00:00 0 
b4200000-b4201000 r--s 00000000 08:01 3569       /var/cache/fontconfig/b9d506c9ac06c20b433354fa67a72993-le32d4.cache-3
b4201000-b4203000 r--s 0000f000 08:01 1838988    /usr/lib/jvm/java-6-openjdk-common/jre/lib/ext/pulse-java.jar
b4203000-b4204000 r--s 00007000 08:01 1839824    /usr/share/java/java-atk-wrapper.jar
b4204000-b4206000 r--s 00001000 08:01 1838990    /usr/lib/jvm/java-6-openjdk-common/jre/lib/ext/dnsns.jar
b4206000-b4209000 r--s 00077000 08:01 1838989    /usr/lib/jvm/java-6-openjdk-common/jre/lib/ext/localedata.jar
b4209000-b420d000 r--s 00039000 08:01 1838987    /usr/lib/jvm/java-6-openjdk-common/jre/lib/ext/sunpkcs11.jar
b420d000-b4210000 ---p 00000000 00:00 0 
b4210000-b425e000 rw-p 00000000 00:00 0          [stack:3494]
b425e000-b4261000 ---p 00000000 00:00 0 
b4261000-b42af000 rw-p 00000000 00:00 0          [stack:3493]
b42af000-b42b2000 ---p 00000000 00:00 0 
b42b2000-b4300000 rw-p 00000000 00:00 0          [stack:3492]
b4300000-b43fb000 rw-p 00000000 00:00 0 
b43fb000-b4400000 ---p 00000000 00:00 0 
b4400000-b4403000 r--s 00031000 08:01 1838991    /usr/lib/jvm/java-6-openjdk-common/jre/lib/ext/sunjce_provider.jar
b4403000-b4404000 r--p 005e0000 08:01 19412      /usr/lib/locale/locale-archive
b4404000-b4405000 ---p 00000000 00:00 0 
b4405000-b44b8000 rw-p 00000000 00:00 0          [stack:3491]
b44b8000-b464c000 r--s 03822000 08:01 1839584    /usr/lib/jvm/java-6-openjdk-i386/jre/lib/rt.jar
b464c000-b4653000 rw-p 00000000 00:00 0 
b4653000-b466d000 rw-p 00000000 00:00 0 
b466d000-b4673000 rw-p 00000000 00:00 0 
b4673000-b4718000 rw-p 00000000 00:00 0 
b4718000-b471b000 rw-p 00000000 00:00 0 
b471b000-b476d000 rw-p 00000000 00:00 0 
b476d000-b4773000 rw-p 00000000 00:00 0 
b4773000-b4818000 rw-p 00000000 00:00 0 
b4818000-b481e000 rw-p 00000000 00:00 0 
b481e000-b4838000 rw-p 00000000 00:00 0 
b4838000-b4848000 rw-p 00000000 00:00 0 
b4848000-b48c4000 rw-p 00000000 00:00 0 
b48c4000-b49c4000 rwxp 00000000 00:00 0 
b49c4000-b68c4000 rw-p 00000000 00:00 0 
b68c4000-b68cf000 r-xp 00000000 08:01 255736     /lib/i386-linux-gnu/libnss_files-2.15.so
b68cf000-b68d0000 r--p 0000a000 08:01 255736     /lib/i386-linux-gnu/libnss_files-2.15.so
b68d0000-b68d1000 rw-p 0000b000 08:01 255736     /lib/i386-linux-gnu/libnss_files-2.15.so
b68d1000-b68db000 r-xp 00000000 08:01 255735     /lib/i386-linux-gnu/libnss_nis-2.15.so
b68db000-b68dc000 r--p 00009000 08:01 255735     /lib/i386-linux-gnu/libnss_nis-2.15.so
b68dc000-b68dd000 rw-p 0000a000 08:01 255735     /lib/i386-linux-gnu/libnss_nis-2.15.so
b68dd000-b68f3000 r-xp 00000000 08:01 252399     /lib/i386-linux-gnu/libnsl-2.15.so
b68f3000-b68f4000 r--p 00015000 08:01 252399     /lib/i386-linux-gnu/libnsl-2.15.so
b68f4000-b68f5000 rw-p 00016000 08:01 252399     /lib/i386-linux-gnu/libnsl-2.15.so
b68f5000-b68f7000 rw-p 00000000 00:00 0 
b68f7000-b68fe000 r-xp 00000000 08:01 255737     /lib/i386-linux-gnu/libnss_compat-2.15.so
b68fe000-b68ff000 r--p 00006000 08:01 255737     /lib/i386-linux-gnu/libnss_compat-2.15.so
b68ff000-b6900000 rw-p 00007000 08:01 255737     /lib/i386-linux-gnu/libnss_compat-2.15.so
b6900000-b69ad000 rw-p 00000000 00:00 0 
b69ad000-b6a00000 ---p 00000000 00:00 0 
b6a00000-b6a07000 rw-p 00000000 00:00 0 
b6a07000-b6a0e000 r-xp 00000000 08:01 1839612    /usr/lib/jvm/java-6-openjdk-i386/jre/lib/i386/libzip.so
b6a0e000-b6a0f000 r--p 00006000 08:01 1839612    /usr/lib/jvm/java-6-openjdk-i386/jre/lib/i386/libzip.so
b6a0f000-b6a10000 rw-p 00007000 08:01 1839612    /usr/lib/jvm/java-6-openjdk-i386/jre/lib/i386/libzip.so
b6a10000-b6a18000 rw-s 00000000 08:01 944356     /tmp/hsperfdata_chaol/3484
b6a18000-b6a3e000 r-xp 00000000 08:01 1839598    /usr/lib/jvm/java-6-openjdk-i386/jre/lib/i386/libjava.so
b6a3e000-b6a3f000 r--p 00025000 08:01 1839598    /usr/lib/jvm/java-6-openjdk-i386/jre/lib/i386/libjava.so
b6a3f000-b6a41000 rw-p 00026000 08:01 1839598    /usr/lib/jvm/java-6-openjdk-i386/jre/lib/i386/libjava.so
b6a41000-b6a48000 r-xp 00000000 08:01 252408     /lib/i386-linux-gnu/librt-2.15.so
b6a48000-b6a49000 r--p 00006000 08:01 252408     /lib/i386-linux-gnu/librt-2.15.so
b6a49000-b6a4a000 rw-p 00007000 08:01 252408     /lib/i386-linux-gnu/librt-2.15.so
b6a4a000-b6a4d000 ---p 00000000 00:00 0 
b6a4d000-b6a9b000 rw-p 00000000 00:00 0          [stack:3490]
b6a9b000-b6ab7000 r-xp 00000000 08:01 252257     /lib/i386-linux-gnu/libgcc_s.so.1
b6ab7000-b6ab8000 r--p 0001b000 08:01 252257     /lib/i386-linux-gnu/libgcc_s.so.1
b6ab8000-b6ab9000 rw-p 0001c000 08:01 252257     /lib/i386-linux-gnu/libgcc_s.so.1
b6ab9000-b6ae3000 r-xp 00000000 08:01 255734     /lib/i386-linux-gnu/libm-2.15.so
b6ae3000-b6ae4000 r--p 00029000 08:01 255734     /lib/i386-linux-gnu/libm-2.15.so
b6ae4000-b6ae5000 rw-p 0002a000 08:01 255734     /lib/i386-linux-gnu/libm-2.15.so
b6ae5000-b6bbd000 r-xp 00000000 08:01 17329      /usr/lib/i386-linux-gnu/libstdc++.so.6.0.16
b6bbd000-b6bbe000 ---p 000d8000 08:01 17329      /usr/lib/i386-linux-gnu/libstdc++.so.6.0.16
b6bbe000-b6bc2000 r--p 000d8000 08:01 17329      /usr/lib/i386-linux-gnu/libstdc++.so.6.0.16
b6bc2000-b6bc3000 rw-p 000dc000 08:01 17329      /usr/lib/i386-linux-gnu/libstdc++.so.6.0.16
b6bc3000-b6bca000 rw-p 00000000 00:00 0 
b6bca000-b70df000 r-xp 00000000 08:01 1839604    /usr/lib/jvm/java-6-openjdk-i386/jre/lib/i386/client/libjvm.so
b70df000-b70f6000 r--p 00514000 08:01 1839604    /usr/lib/jvm/java-6-openjdk-i386/jre/lib/i386/client/libjvm.so
b70f6000-b7103000 rw-p 0052b000 08:01 1839604    /usr/lib/jvm/java-6-openjdk-i386/jre/lib/i386/client/libjvm.so
b7103000-b751d000 rw-p 00000000 00:00 0 
b751d000-b7531000 r-xp 00000000 08:01 252336     /lib/i386-linux-gnu/libz.so.1.2.3.4
b7531000-b7532000 r--p 00013000 08:01 252336     /lib/i386-linux-gnu/libz.so.1.2.3.4
b7532000-b7533000 rw-p 00014000 08:01 252336     /lib/i386-linux-gnu/libz.so.1.2.3.4
b7533000-b76d7000 r-xp 00000000 08:01 255739     /lib/i386-linux-gnu/libc-2.15.so
b76d7000-b76d9000 r--p 001a4000 08:01 255739     /lib/i386-linux-gnu/libc-2.15.so
b76d9000-b76da000 rw-p 001a6000 08:01 255739     /lib/i386-linux-gnu/libc-2.15.so
b76da000-b76dd000 rw-p 00000000 00:00 0 
b76dd000-b76e0000 r-xp 00000000 08:01 255738     /lib/i386-linux-gnu/libdl-2.15.so
b76e0000-b76e1000 r--p 00002000 08:01 255738     /lib/i386-linux-gnu/libdl-2.15.so
b76e1000-b76e2000 rw-p 00003000 08:01 255738     /lib/i386-linux-gnu/libdl-2.15.so
b76e2000-b76e6000 r-xp 00000000 08:01 1839611    /usr/lib/jvm/java-6-openjdk-i386/jre/lib/i386/jli/libjli.so
b76e6000-b76e7000 r--p 00003000 08:01 1839611    /usr/lib/jvm/java-6-openjdk-i386/jre/lib/i386/jli/libjli.so
b76e7000-b76e8000 rw-p 00004000 08:01 1839611    /usr/lib/jvm/java-6-openjdk-i386/jre/lib/i386/jli/libjli.so
b76e8000-b76e9000 rw-p 00000000 00:00 0 
b76e9000-b7700000 r-xp 00000000 08:01 252406     /lib/i386-linux-gnu/libpthread-2.15.so
b7700000-b7701000 r--p 00016000 08:01 252406     /lib/i386-linux-gnu/libpthread-2.15.so
b7701000-b7702000 rw-p 00017000 08:01 252406     /lib/i386-linux-gnu/libpthread-2.15.so
b7702000-b770a000 rw-p 00000000 00:00 0 
b770a000-b770b000 rw-p 00000000 00:00 0 
b770b000-b770c000 r--p 00000000 00:00 0 
b770c000-b7717000 r-xp 00000000 08:01 1839627    /usr/lib/jvm/java-6-openjdk-i386/jre/lib/i386/libverify.so
b7717000-b7718000 ---p 0000b000 08:01 1839627    /usr/lib/jvm/java-6-openjdk-i386/jre/lib/i386/libverify.so
b7718000-b7719000 r--p 0000b000 08:01 1839627    /usr/lib/jvm/java-6-openjdk-i386/jre/lib/i386/libverify.so
b7719000-b771a000 rw-p 0000c000 08:01 1839627    /usr/lib/jvm/java-6-openjdk-i386/jre/lib/i386/libverify.so
b771a000-b771c000 rw-p 00000000 00:00 0 
b771c000-b771d000 r-xp 00000000 00:00 0          [vdso]
b771d000-b773d000 r-xp 00000000 08:01 252407     /lib/i386-linux-gnu/ld-2.15.so
b773d000-b773e000 r--p 0001f000 08:01 252407     /lib/i386-linux-gnu/ld-2.15.so
b773e000-b773f000 rw-p 00020000 08:01 252407     /lib/i386-linux-gnu/ld-2.15.so
bfae4000-bfb06000 rw-p 00000000 00:00 0          [stack]

VM Arguments:
jvm_args: -Dfile.encoding=UTF-8 
java_command: com.adp.clocks.synergy2416.demo.MainWindow psplash:res/Background.png
Launcher Type: SUN_STANDARD

Environment Variables:
PATH=/usr/lib/lightdm/lightdm:/usr/local/sbin:/usr/local/bin:/usr/sbin:/usr/bin:/sbin:/bin:/usr/games
LD_LIBRARY_PATH=/usr/lib/jvm/java-6-openjdk-i386/jre/lib/i386/client:/usr/lib/jvm/java-6-openjdk-i386/jre/lib/i386:/usr/lib/jvm/java-6-openjdk-i386/jre/../lib/i386:/usr/lib/jni
SHELL=/bin/bash
DISPLAY=:0

Signal Handlers:
SIGSEGV: [libjvm.so+0x3e8020], sa_mask[0]=0x7ffbfeff, sa_flags=0x10000004
SIGBUS: [libjvm.so+0x3e8020], sa_mask[0]=0x7ffbfeff, sa_flags=0x10000004
SIGFPE: [libjvm.so+0x304080], sa_mask[0]=0x7ffbfeff, sa_flags=0x10000004
SIGPIPE: [libjvm.so+0x304080], sa_mask[0]=0x7ffbfeff, sa_flags=0x10000004
SIGXFSZ: [libjvm.so+0x304080], sa_mask[0]=0x7ffbfeff, sa_flags=0x10000004
SIGILL: [libjvm.so+0x304080], sa_mask[0]=0x7ffbfeff, sa_flags=0x10000004
SIGUSR1: SIG_DFL, sa_mask[0]=0x00000000, sa_flags=0x00000000
SIGUSR2: [libjvm.so+0x303f10], sa_mask[0]=0x00000004, sa_flags=0x10000004
SIGHUP: [libjvm.so+0x306ea0], sa_mask[0]=0x7ffbfeff, sa_flags=0x10000004
SIGINT: [libjvm.so+0x306ea0], sa_mask[0]=0x7ffbfeff, sa_flags=0x10000004
SIGTERM: [libjvm.so+0x306ea0], sa_mask[0]=0x7ffbfeff, sa_flags=0x10000004
SIGQUIT: [libjvm.so+0x306ea0], sa_mask[0]=0x7ffbfeff, sa_flags=0x10000004


---------------  S Y S T E M  ---------------

OS:Ubuntu 12.04 (precise)
uname:Linux 3.8.0-36-generic #52~precise1-Ubuntu SMP Mon Feb 3 21:56:56 UTC 2014 i686
libc:glibc 2.15 NPTL 2.15 
rlimit: STACK 8192k, CORE 0k, NPROC 24036, NOFILE 4096, AS infinity
load average:0.44 0.42 0.34

/proc/meminfo:
MemTotal:        3093208 kB
MemFree:         1271220 kB
Buffers:           58120 kB
Cached:          1009868 kB
SwapCached:            0 kB
Active:           867980 kB
Inactive:         873112 kB
Active(anon):     674084 kB
Inactive(anon):   222932 kB
Active(file):     193896 kB
Inactive(file):   650180 kB
Unevictable:           0 kB
Mlocked:               0 kB
HighTotal:       2222632 kB
HighFree:         520588 kB
LowTotal:         870576 kB
LowFree:          750632 kB
SwapTotal:             0 kB
SwapFree:              0 kB
Dirty:               208 kB
Writeback:             0 kB
AnonPages:        673024 kB
Mapped:           209436 kB
Shmem:            223916 kB
Slab:              38240 kB
SReclaimable:      21456 kB
SUnreclaim:        16784 kB
KernelStack:        4848 kB
PageTables:        11384 kB
NFS_Unstable:          0 kB
Bounce:                0 kB
WritebackTmp:          0 kB
CommitLimit:     1546604 kB
Committed_AS:    4141400 kB
VmallocTotal:     122880 kB
VmallocUsed:       33424 kB
VmallocChunk:      87176 kB
HardwareCorrupted:     0 kB
AnonHugePages:         0 kB
HugePages_Total:       0
HugePages_Free:        0
HugePages_Rsvd:        0
HugePages_Surp:        0
Hugepagesize:       2048 kB
DirectMap4k:       16376 kB
DirectMap2M:      897024 kB


CPU:total 2 (1 cores per cpu, 2 threads per core) family 15 model 4 stepping 9, cmov, cx8, fxsr, mmx, sse, sse2, sse3, ht

Memory: 4k page, physical 3093208k(1271220k free), swap 0k(0k free)

vm_info: OpenJDK Client VM (20.0-b12) for linux-x86 JRE (1.6.0_27-b27), built on Nov 16 2013 15:23:20 by "buildd" with gcc 4.6.3

time: Wed Feb 19 20:15:34 2014
elapsed time: 7 seconds

