#
# A fatal error has been detected by the Java Runtime Environment:
#
#  SIGSEGV (0xb) at pc=0x67f588b7, pid=10088, tid=1744497472
#
# JRE version: 6.0_27-b27
# Java VM: OpenJDK Server VM (20.0-b12 mixed mode linux-x86 )
# Derivative: IcedTea6 1.12.6
# Distribution: Ubuntu 12.04 LTS, package 6b27-1.12.6-1ubuntu0.12.04.4
# Problematic frame:
# C  [libsynergy2416.so+0x48b7]  _get_enroll_count+0x22
#
# If you would like to submit a bug report, please include
# instructions how to reproduce the bug and visit:
#   https://bugs.launchpad.net/ubuntu/+source/openjdk-6/
# The crash happened outside the Java Virtual Machine in native code.
# See problematic frame for where to report the bug.
#

---------------  T H R E A D  ---------------

Current thread (0x67de0c00):  JavaThread "SwingWorker-pool-2-thread-1" [_thread_in_native, id=10124, stack(0x67f5e000,0x67faf000)]

siginfo:si_signo=SIGSEGV: si_errno=0, si_code=1 (SEGV_MAPERR), si_addr=0x00000000

Registers:
EAX=0x00000000, EBX=0x6bff0b30, ECX=0x67de0d20, EDX=0x00000000
ESP=0x67faddd0, EBP=0x67fadde0, ESI=0x6bff0b30, EDI=0x67de0c00
EIP=0x67f588b7, EFLAGS=0x00210297, CR2=0x00000000

Top of Stack: (sp=0x67faddd0)
0x67faddd0:   00fade38 67fade38 00000000 00000000
0x67fadde0:   67fadde8 67f59261 67faddf8 67f57fa8
0x67faddf0:   b35fd548 67de0c00 67fade28 b35fd64a
0x67fade00:   67de0d20 67fade30 67fade08 6bff0b30
0x67fade10:   67fade34 6bff1a88 00000000 6bff0b30
0x67fade20:   00000000 67fade38 67fade58 b35f6005
0x67fade30:   6bff1a08 b35fb4b9 67fade38 6bff10b0
0x67fade40:   67fade5c 6bff1a88 00000000 6bff10c0 

Instructions: (pc=0x67f588b7)
0x67f58897:   e5 83 ec 10 c7 45 f8 00 00 00 00 c7 45 fc 00 00
0x67f588a7:   00 00 eb 1b 8b 15 e4 da f5 67 8b 45 fc 8d 04 02
0x67f588b7:   0f b6 00 84 c0 74 04 83 45 f8 01 83 45 fc 01 a1
0x67f588c7:   10 d0 f5 67 39 45 fc 7c db 8b 45 f8 c9 c3 55 89 

Register to memory mapping:

EAX=0x00000000 is an unknown value
EBX=0x6bff0b30 is an oop
{method} 
 - klass: {other class}
ECX=0x67de0d20 is an unknown value
EDX=0x00000000 is an unknown value
ESP=0x67faddd0 is pointing into the stack for thread: 0x67de0c00
EBP=0x67fadde0 is pointing into the stack for thread: 0x67de0c00
ESI=0x6bff0b30 is an oop
{method} 
 - klass: {other class}
EDI=0x67de0c00 is a thread


Stack: [0x67f5e000,0x67faf000],  sp=0x67faddd0,  free space=319k
Native frames: (J=compiled Java code, j=interpreted, Vv=VM code, C=native code)
C  [libsynergy2416.so+0x48b7]  _get_enroll_count+0x22
C  [libsynergy2416.so+0x5261]  hlpGetEnrollCount+0x8
C  [libsynergy2416.so+0x3fa8]  Java_com_adp_clocks_synergy2416_demo_FPU_FP_1GET_1ENROLECOUNT+0xb
j  com.adp.clocks.synergy2416.demo.FPU.FP_GET_ENROLECOUNT()I+0
j  com.adp.clocks.synergy2416.demo.FPU.enrollCount()Ljava/lang/String;+0
j  com.adp.clocks.synergy2416.demo.WelcomeForm$IdentifyEmployee.doInBackground()Ljava/lang/String;+0
j  com.adp.clocks.synergy2416.demo.WelcomeForm$IdentifyEmployee.doInBackground()Ljava/lang/Object;+1
j  javax.swing.SwingWorker$1.call()Ljava/lang/Object;+14
j  java.util.concurrent.FutureTask$Sync.innerRun()V+29
j  java.util.concurrent.FutureTask.run()V+4
j  javax.swing.SwingWorker.run()V+4
j  java.util.concurrent.ThreadPoolExecutor.runWorker(Ljava/util/concurrent/ThreadPoolExecutor$Worker;)V+95
j  java.util.concurrent.ThreadPoolExecutor$Worker.run()V+5
j  java.lang.Thread.run()V+11
v  ~StubRoutines::call_stub
V  [libjvm.so+0x39b846]  JavaCalls::call_helper(JavaValue*, methodHandle*, JavaCallArguments*, Thread*)+0x2c6

Java frames: (J=compiled Java code, j=interpreted, Vv=VM code)
j  com.adp.clocks.synergy2416.demo.FPU.FP_GET_ENROLECOUNT()I+0
j  com.adp.clocks.synergy2416.demo.FPU.enrollCount()Ljava/lang/String;+0
j  com.adp.clocks.synergy2416.demo.WelcomeForm$IdentifyEmployee.doInBackground()Ljava/lang/String;+0
j  com.adp.clocks.synergy2416.demo.WelcomeForm$IdentifyEmployee.doInBackground()Ljava/lang/Object;+1
j  javax.swing.SwingWorker$1.call()Ljava/lang/Object;+14
j  java.util.concurrent.FutureTask$Sync.innerRun()V+29
j  java.util.concurrent.FutureTask.run()V+4
j  javax.swing.SwingWorker.run()V+4
j  java.util.concurrent.ThreadPoolExecutor.runWorker(Ljava/util/concurrent/ThreadPoolExecutor$Worker;)V+95
j  java.util.concurrent.ThreadPoolExecutor$Worker.run()V+5
j  java.lang.Thread.run()V+11
v  ~StubRoutines::call_stub

---------------  P R O C E S S  ---------------

Java Threads: ( => current thread )
  0xb6605c00 JavaThread "DestroyJavaVM" [_thread_blocked, id=10093, stack(0xb677a000,0xb67cb000)]
=>0x67de0c00 JavaThread "SwingWorker-pool-2-thread-1" [_thread_in_native, id=10124, stack(0x67f5e000,0x67faf000)]
  0x688a4400 JavaThread "pool-1-thread-1 - v4l4j push source" [_thread_in_native, id=10117, stack(0x67faf000,0x68000000)]
  0x6882e000 JavaThread "TimerQueue" daemon [_thread_blocked, id=10116, stack(0x68c4d000,0x68c9e000)]
  0x69cc9000 JavaThread "Image Fetcher 0" daemon [_thread_blocked, id=10115, stack(0x68cb5000,0x68d06000)]
  0x68e4d800 JavaThread "AWT-EventQueue-0" [_thread_in_vm, id=10114, stack(0x6914f000,0x691a0000)]
  0x68e4c800 JavaThread "AWT-Shutdown" [_thread_blocked, id=10113, stack(0x691a0000,0x691f1000)]
  0x68e4bc00 JavaThread "AWT-XAWT" daemon [_thread_in_native, id=10112, stack(0x6972e000,0x6977f000)]
  0x69889000 JavaThread "Java2D Disposer" daemon [_thread_blocked, id=10111, stack(0x69f19000,0x69f6a000)]
  0x69806400 JavaThread "Low Memory Detector" daemon [_thread_blocked, id=10108, stack(0x6a72e000,0x6a77f000)]
  0x69804800 JavaThread "C2 CompilerThread1" daemon [_thread_blocked, id=10107, stack(0x6977f000,0x69800000)]
  0x69802800 JavaThread "C2 CompilerThread0" daemon [_thread_blocked, id=10106, stack(0x69f6a000,0x69feb000)]
  0x69801400 JavaThread "Signal Dispatcher" daemon [_thread_blocked, id=10105, stack(0x6a92e000,0x6a97f000)]
  0xb66f0c00 JavaThread "Finalizer" daemon [_thread_blocked, id=10104, stack(0x6ab2e000,0x6ab7f000)]
  0xb66ef400 JavaThread "Reference Handler" daemon [_thread_blocked, id=10103, stack(0x6ae2e000,0x6ae7f000)]

Other Threads:
  0xb66ec800 VMThread [stack: 0x69feb000,0x6a06c000] [id=10102]
  0x69810400 WatcherThread [stack: 0x6947f000,0x69500000] [id=10109]

VM state:not at safepoint (normal execution)

VM Mutex/Monitor currently owned by a thread: None

Heap
 PSYoungGen      total 19136K, used 9457K [0x9dfe0000, 0x9f530000, 0xb3530000)
  eden space 16448K, 41% used [0x9dfe0000,0x9e67cf58,0x9eff0000)
  from space 2688K, 99% used [0x9eff0000,0x9f28f780,0x9f290000)
  to   space 2688K, 0% used [0x9f290000,0x9f290000,0x9f530000)
 PSOldGen        total 43712K, used 36K [0x73530000, 0x75fe0000, 0x9dfe0000)
  object space 43712K, 0% used [0x73530000,0x73539000,0x75fe0000)
 PSPermGen       total 16384K, used 11279K [0x6b530000, 0x6c530000, 0x73530000)
  object space 16384K, 68% used [0x6b530000,0x6c033f10,0x6c530000)

Code Cache  [0xb35f3000, 0xb3833000, 0xb65f3000)
 total_blobs=338 nmethods=107 adapters=185 free_code_cache=49666048 largest_free_block=9152

Dynamic libraries:
08048000-08051000 r-xp 00000000 08:01 1839571    /usr/lib/jvm/java-6-openjdk-i386/jre/bin/java
08051000-08052000 r--p 00008000 08:01 1839571    /usr/lib/jvm/java-6-openjdk-i386/jre/bin/java
08052000-08053000 rw-p 00009000 08:01 1839571    /usr/lib/jvm/java-6-openjdk-i386/jre/bin/java
0975b000-0977c000 rw-p 00000000 00:00 0          [heap]
67d00000-67de4000 rw-p 00000000 00:00 0 
67de4000-67e00000 ---p 00000000 00:00 0 
67e00000-67edd000 rw-p 00000000 00:00 0 
67edd000-67f00000 ---p 00000000 00:00 0 
67f54000-67f5c000 r-xp 00000000 08:01 524557     /usr/lib/jni/libsynergy2416.so
67f5c000-67f5d000 r--p 00007000 08:01 524557     /usr/lib/jni/libsynergy2416.so
67f5d000-67f5e000 rw-p 00008000 08:01 524557     /usr/lib/jni/libsynergy2416.so
67f5e000-67f61000 ---p 00000000 00:00 0 
67f61000-67faf000 rw-p 00000000 00:00 0          [stack:10124]
67faf000-67fb2000 ---p 00000000 00:00 0 
67fb2000-68000000 rw-p 00000000 00:00 0          [stack:10117]
68000000-680b8000 rw-p 00000000 00:00 0 
680b8000-68100000 ---p 00000000 00:00 0 
68100000-681eb000 rw-p 00000000 00:00 0 
681eb000-68200000 ---p 00000000 00:00 0 
68200000-682df000 rw-p 00000000 00:00 0 
682df000-68300000 ---p 00000000 00:00 0 
68300000-683ee000 rw-p 00000000 00:00 0 
683ee000-68400000 ---p 00000000 00:00 0 
68400000-684fe000 rw-p 00000000 00:00 0 
684fe000-68500000 ---p 00000000 00:00 0 
68500000-685f0000 rw-p 00000000 00:00 0 
685f0000-68600000 ---p 00000000 00:00 0 
68600000-686fe000 rw-p 00000000 00:00 0 
686fe000-68700000 ---p 00000000 00:00 0 
68700000-687f2000 rw-p 00000000 00:00 0 
687f2000-68800000 ---p 00000000 00:00 0 
68800000-688f3000 rw-p 00000000 00:00 0 
688f3000-68900000 ---p 00000000 00:00 0 
68900000-689fc000 rw-p 00000000 00:00 0 
689fc000-68a00000 ---p 00000000 00:00 0 
68a05000-68a26000 r-xp 00000000 08:01 17358      /usr/lib/i386-linux-gnu/libv4lconvert.so.0
68a26000-68a27000 r--p 00021000 08:01 17358      /usr/lib/i386-linux-gnu/libv4lconvert.so.0
68a27000-68a28000 rw-p 00022000 08:01 17358      /usr/lib/i386-linux-gnu/libv4lconvert.so.0
68a28000-68b00000 rw-p 00000000 00:00 0 
68b00000-68be6000 rw-p 00000000 00:00 0 
68be6000-68c00000 ---p 00000000 00:00 0 
68c01000-68c09000 rw-s 00018000 00:05 8893       /dev/video0
68c09000-68c11000 rw-s 00010000 00:05 8893       /dev/video0
68c11000-68c24000 r-xp 00000000 08:01 8712       /usr/lib/libvideo.so.0
68c24000-68c25000 r--p 00012000 08:01 8712       /usr/lib/libvideo.so.0
68c25000-68c26000 rw-p 00013000 08:01 8712       /usr/lib/libvideo.so.0
68c2c000-68c34000 rw-s 00008000 00:05 8893       /dev/video0
68c34000-68c3c000 rw-s 00000000 00:05 8893       /dev/video0
68c3c000-68c4b000 r-xp 00000000 08:01 524448     /usr/lib/jni/libv4l4j.so
68c4b000-68c4c000 r--p 0000e000 08:01 524448     /usr/lib/jni/libv4l4j.so
68c4c000-68c4d000 rw-p 0000f000 08:01 524448     /usr/lib/jni/libv4l4j.so
68c4d000-68c50000 ---p 00000000 00:00 0 
68c50000-68c9e000 rw-p 00000000 00:00 0          [stack:10116]
68c9e000-68cb3000 r-xp 00000000 08:01 1839614    /usr/lib/jvm/java-6-openjdk-i386/jre/lib/i386/libnet.so
68cb3000-68cb4000 r--p 00014000 08:01 1839614    /usr/lib/jvm/java-6-openjdk-i386/jre/lib/i386/libnet.so
68cb4000-68cb5000 rw-p 00015000 08:01 1839614    /usr/lib/jvm/java-6-openjdk-i386/jre/lib/i386/libnet.so
68cb5000-68cb8000 ---p 00000000 00:00 0 
68cb8000-68d06000 rw-p 00000000 00:00 0          [stack:10115]
68d06000-68d54000 r--s 008b6000 08:01 2243423    /opt/eclipse-standard/plugins/com.ibm.icu_50.1.1.v201304230130.jar
68d54000-68d96000 r--s 00367000 08:01 2243377    /opt/eclipse-standard/plugins/org.eclipse.ui.workbench_3.105.1.v20130821-1411.jar
68d96000-68da9000 r--s 000e0000 08:01 2243213    /opt/eclipse-standard/plugins/org.eclipse.jface.text_3.8.101.v20130802-1147.jar
68da9000-68dee000 r-xp 00000000 08:01 11892      /usr/lib/i386-linux-gnu/libjpeg.so.8.0.2
68dee000-68def000 r--p 00044000 08:01 11892      /usr/lib/i386-linux-gnu/libjpeg.so.8.0.2
68def000-68df0000 rw-p 00045000 08:01 11892      /usr/lib/i386-linux-gnu/libjpeg.so.8.0.2
68df0000-68e00000 rw-p 00000000 00:00 0 
68e00000-68e4f000 rw-p 00000000 00:00 0 
68e4f000-68f00000 ---p 00000000 00:00 0 
68f00000-68ffc000 rw-p 00000000 00:00 0 
68ffc000-69000000 ---p 00000000 00:00 0 
69000000-690f5000 rw-p 00000000 00:00 0 
690f5000-69100000 ---p 00000000 00:00 0 
69100000-69107000 r--s 00000000 08:01 14251      /usr/lib/i386-linux-gnu/gconv/gconv-modules.cache
69107000-6910f000 r-xp 00000000 08:01 1839626    /usr/lib/jvm/java-6-openjdk-i386/jre/lib/i386/libnio.so
6910f000-69110000 r--p 00007000 08:01 1839626    /usr/lib/jvm/java-6-openjdk-i386/jre/lib/i386/libnio.so
69110000-69111000 rw-p 00008000 08:01 1839626    /usr/lib/jvm/java-6-openjdk-i386/jre/lib/i386/libnio.so
69111000-69125000 r--s 000f9000 08:01 2243526    /opt/eclipse-standard/plugins/org.eclipse.jface_3.9.1.v20130725-1141.jar
69125000-6914d000 r-xp 00000000 08:01 252306     /lib/i386-linux-gnu/libpng12.so.0.46.0
6914d000-6914e000 r--p 00027000 08:01 252306     /lib/i386-linux-gnu/libpng12.so.0.46.0
6914e000-6914f000 rw-p 00028000 08:01 252306     /lib/i386-linux-gnu/libpng12.so.0.46.0
6914f000-69152000 ---p 00000000 00:00 0 
69152000-691a0000 rw-p 00000000 00:00 0          [stack:10114]
691a0000-691a3000 ---p 00000000 00:00 0 
691a3000-691f1000 rw-p 00000000 00:00 0          [stack:10113]
691f1000-69286000 r-xp 00000000 08:01 16989      /usr/lib/i386-linux-gnu/libfreetype.so.6.8.0
69286000-6928a000 r--p 00094000 08:01 16989      /usr/lib/i386-linux-gnu/libfreetype.so.6.8.0
6928a000-6928b000 rw-p 00098000 08:01 16989      /usr/lib/i386-linux-gnu/libfreetype.so.6.8.0
6928b000-693bb000 r-xp 00000000 08:01 14323      /usr/lib/i386-linux-gnu/libX11.so.6.3.0
693bb000-693bc000 r--p 0012f000 08:01 14323      /usr/lib/i386-linux-gnu/libX11.so.6.3.0
693bc000-693be000 rw-p 00130000 08:01 14323      /usr/lib/i386-linux-gnu/libX11.so.6.3.0
693be000-693bf000 rw-p 00000000 00:00 0 
693bf000-69453000 r-xp 00000000 08:01 1839605    /usr/lib/jvm/java-6-openjdk-i386/jre/lib/i386/libawt.so
69453000-69454000 r--p 00093000 08:01 1839605    /usr/lib/jvm/java-6-openjdk-i386/jre/lib/i386/libawt.so
69454000-6945b000 rw-p 00094000 08:01 1839605    /usr/lib/jvm/java-6-openjdk-i386/jre/lib/i386/libawt.so
6945b000-6947f000 rw-p 00000000 00:00 0 
6947f000-69480000 ---p 00000000 00:00 0 
69480000-69500000 rw-p 00000000 00:00 0          [stack:10109]
69500000-695fb000 rw-p 00000000 00:00 0 
695fb000-69600000 ---p 00000000 00:00 0 
69600000-696fd000 rw-p 00000000 00:00 0 
696fd000-69700000 ---p 00000000 00:00 0 
69702000-69705000 r--s 0007f000 08:01 1839014    /usr/lib/jvm/java-6-openjdk-common/jre/lib/jsse.jar
69705000-6971a000 r--s 0023a000 08:01 2243675    /opt/eclipse-standard/plugins/org.eclipse.swt.gtk.linux.x86_3.102.1.v20130827-2048.jar
6971a000-6972e000 r--s 00140000 08:01 2243684    /opt/eclipse-standard/plugins/org.eclipse.osgi_3.9.1.v20130814-1242.jar
6972e000-69731000 ---p 00000000 00:00 0 
69731000-6977f000 rw-p 00000000 00:00 0          [stack:10112]
6977f000-69782000 ---p 00000000 00:00 0 
69782000-69800000 rw-p 00000000 00:00 0          [stack:10107]
69800000-698fd000 rw-p 00000000 00:00 0 
698fd000-69900000 ---p 00000000 00:00 0 
69900000-69921000 rw-p 00000000 00:00 0 
69921000-69a00000 ---p 00000000 00:00 0 
69a00000-69c00000 r--p 00000000 08:01 19412      /usr/lib/locale/locale-archive
69c00000-69cff000 rw-p 00000000 00:00 0 
69cff000-69d00000 ---p 00000000 00:00 0 
69d00000-69d21000 rw-p 00000000 00:00 0 
69d21000-69e00000 ---p 00000000 00:00 0 
69e00000-69e5e000 rw-p 00000000 00:00 0 
69e5e000-69f00000 ---p 00000000 00:00 0 
69f01000-69f04000 r--s 00019000 08:01 864259     /home/chaol/workspace-java/ADP-Demo-GUI/src/com/adp/clocks/synergy2416/res/v4l4j.jar
69f04000-69f09000 r--s 00045000 08:01 2243421    /opt/eclipse-standard/plugins/org.eclipse.ui.forms_3.6.1.v20130822-1117.jar
69f09000-69f11000 r-xp 00000000 08:01 1839774    /usr/lib/i386-linux-gnu/libgif.so.4.1.6
69f11000-69f12000 r--p 00007000 08:01 1839774    /usr/lib/i386-linux-gnu/libgif.so.4.1.6
69f12000-69f13000 rw-p 00008000 08:01 1839774    /usr/lib/i386-linux-gnu/libgif.so.4.1.6
69f13000-69f19000 r--s 00000000 08:01 3565       /var/cache/fontconfig/945677eb7aeaf62f1d50efc3fb3ec7d8-le32d4.cache-3
69f19000-69f1c000 ---p 00000000 00:00 0 
69f1c000-69f6a000 rw-p 00000000 00:00 0          [stack:10111]
69f6a000-69f6d000 ---p 00000000 00:00 0 
69f6d000-69feb000 rw-p 00000000 00:00 0          [stack:10106]
69feb000-69fec000 ---p 00000000 00:00 0 
69fec000-6a06c000 rw-p 00000000 00:00 0          [stack:10102]
6a06c000-6a200000 r--s 03822000 08:01 1839584    /usr/lib/jvm/java-6-openjdk-i386/jre/lib/rt.jar
6a200000-6a221000 rw-p 00000000 00:00 0 
6a221000-6a300000 ---p 00000000 00:00 0 
6a302000-6a307000 r--s 00038000 08:01 2243571    /opt/eclipse-standard/plugins/org.eclipse.text_3.5.300.v20130515-1451.jar
6a307000-6a30b000 r-xp 00000000 08:01 13641      /usr/lib/i386-linux-gnu/libXfixes.so.3.1.0
6a30b000-6a30c000 r--p 00004000 08:01 13641      /usr/lib/i386-linux-gnu/libXfixes.so.3.1.0
6a30c000-6a30d000 rw-p 00005000 08:01 13641      /usr/lib/i386-linux-gnu/libXfixes.so.3.1.0
6a30d000-6a316000 r-xp 00000000 08:01 16793      /usr/lib/i386-linux-gnu/libXcursor.so.1.0.2
6a316000-6a317000 r--p 00008000 08:01 16793      /usr/lib/i386-linux-gnu/libXcursor.so.1.0.2
6a317000-6a318000 rw-p 00009000 08:01 16793      /usr/lib/i386-linux-gnu/libXcursor.so.1.0.2
6a318000-6a319000 rw-p 00000000 00:00 0 
6a319000-6a31b000 r--s 00010000 08:01 2243198    /opt/eclipse-standard/plugins/org.eclipse.core.runtime_3.9.0.v20130326-1255.jar
6a31b000-6a31e000 r--s 0002a000 08:01 2243555    /opt/eclipse-standard/plugins/org.eclipse.equinox.registry_3.5.301.v20130717-1549.jar
6a31e000-6a321000 r--s 00018000 08:01 2243752    /opt/eclipse-standard/plugins/org.eclipse.equinox.common_3.6.200.v20130402-1505.jar
6a321000-6a32a000 r-xp 00000000 08:01 1839791    /usr/lib/jvm/java-6-openjdk-i386/jre/lib/i386/libsplashscreen.so
6a32a000-6a32b000 r--p 00008000 08:01 1839791    /usr/lib/jvm/java-6-openjdk-i386/jre/lib/i386/libsplashscreen.so
6a32b000-6a32c000 rw-p 00009000 08:01 1839791    /usr/lib/jvm/java-6-openjdk-i386/jre/lib/i386/libsplashscreen.so
6a32c000-6a32e000 rw-p 00000000 00:00 0 
6a32e000-6a335000 r--s 000fc000 08:01 1838998    /usr/lib/jvm/java-6-openjdk-common/jre/lib/resources.jar
6a335000-6a37d000 r-xp 00000000 08:01 1839595    /usr/lib/jvm/java-6-openjdk-i386/jre/lib/i386/libfontmanager.so
6a37d000-6a37e000 r--p 00048000 08:01 1839595    /usr/lib/jvm/java-6-openjdk-i386/jre/lib/i386/libfontmanager.so
6a37e000-6a37f000 rw-p 00049000 08:01 1839595    /usr/lib/jvm/java-6-openjdk-i386/jre/lib/i386/libfontmanager.so
6a37f000-6a380000 ---p 00000000 00:00 0 
6a380000-6a400000 rw-p 00000000 00:00 0          [stack:10101]
6a400000-6a421000 rw-p 00000000 00:00 0 
6a421000-6a500000 ---p 00000000 00:00 0 
6a500000-6a503000 r--s 00018000 08:01 2243511    /opt/eclipse-standard/plugins/org.eclipse.core.commands_3.6.100.v20130515-1857.jar
6a503000-6a504000 rw-p 00000000 00:00 0 
6a504000-6a505000 r--s 00000000 08:01 3570       /var/cache/fontconfig/c05880de57d1f5e948fdfacc138775d9-le32d4.cache-3
6a505000-6a508000 r--s 00000000 08:01 519519     /var/cache/fontconfig/99e8ed0e538f840c565b6ed5dad60d56-le32d4.cache-3
6a508000-6a50b000 r--s 00000000 08:01 3552       /var/cache/fontconfig/2cd17615ca594fa2959ae173292e504c-le32d4.cache-3
6a50b000-6a50c000 r--s 00000000 08:01 3577       /var/cache/fontconfig/e7071f4a29fa870f4323321c154eba04-le32d4.cache-3
6a50c000-6a510000 r--s 00000000 08:01 3567       /var/cache/fontconfig/a755afe4a08bf5b97852ceb7400b47bc-le32d4.cache-3
6a510000-6a517000 r--s 00000000 08:01 1579180    /var/cache/fontconfig/6d41288fd70b0be22e8c3a91e032eec0-le32d4.cache-3
6a517000-6a522000 r--s 00000000 08:01 3549       /var/cache/fontconfig/04aabc0a78ac019cf9454389977116d2-le32d4.cache-3
6a522000-6a525000 r--s 00000000 08:01 3555       /var/cache/fontconfig/385c0604a188198f04d133e54aba7fe7-le32d4.cache-3
6a525000-6a529000 r--s 00000000 08:01 3553       /var/cache/fontconfig/3047814df9a2f067bd2d96a2b9c36e5a-le32d4.cache-3
6a529000-6a52f000 r--s 00000000 08:01 3565       /var/cache/fontconfig/945677eb7aeaf62f1d50efc3fb3ec7d8-le32d4.cache-3
6a52f000-6a57b000 r-xp 00000000 08:01 1839789    /usr/lib/jvm/java-6-openjdk-i386/jre/lib/i386/xawt/libmawt.so
6a57b000-6a57c000 r--p 0004b000 08:01 1839789    /usr/lib/jvm/java-6-openjdk-i386/jre/lib/i386/xawt/libmawt.so
6a57c000-6a57e000 rw-p 0004c000 08:01 1839789    /usr/lib/jvm/java-6-openjdk-i386/jre/lib/i386/xawt/libmawt.so
6a57e000-6a57f000 rw-p 00000000 00:00 0 
6a57f000-6a580000 ---p 00000000 00:00 0 
6a580000-6a600000 rw-p 00000000 00:00 0          [stack:10100]
6a600000-6a621000 rw-p 00000000 00:00 0 
6a621000-6a700000 ---p 00000000 00:00 0 
6a700000-6a701000 r--s 00000000 08:01 3550       /var/cache/fontconfig/0d8c3b2ac0904cb8a57a757ad11a4a08-le32d4.cache-3
6a701000-6a702000 r--s 00000000 08:01 3572       /var/cache/fontconfig/4794a0821666d79190d59a36cb4f44b5-le32d4.cache-3
6a702000-6a705000 r--s 00000000 08:01 519519     /var/cache/fontconfig/99e8ed0e538f840c565b6ed5dad60d56-le32d4.cache-3
6a705000-6a708000 r--s 00000000 08:01 3552       /var/cache/fontconfig/2cd17615ca594fa2959ae173292e504c-le32d4.cache-3
6a708000-6a70c000 r--s 00000000 08:01 3567       /var/cache/fontconfig/a755afe4a08bf5b97852ceb7400b47bc-le32d4.cache-3
6a70c000-6a713000 r--s 00000000 08:01 1579180    /var/cache/fontconfig/6d41288fd70b0be22e8c3a91e032eec0-le32d4.cache-3
6a713000-6a71e000 r--s 00000000 08:01 3549       /var/cache/fontconfig/04aabc0a78ac019cf9454389977116d2-le32d4.cache-3
6a71e000-6a721000 r--s 00000000 08:01 3555       /var/cache/fontconfig/385c0604a188198f04d133e54aba7fe7-le32d4.cache-3
6a721000-6a72e000 r--s 00000000 08:01 3573       /var/cache/fontconfig/d52a8644073d54c13679302ca1180695-le32d4.cache-3
6a72e000-6a731000 ---p 00000000 00:00 0 
6a731000-6a77f000 rw-p 00000000 00:00 0          [stack:10108]
6a77f000-6a780000 ---p 00000000 00:00 0 
6a780000-6a800000 rw-p 00000000 00:00 0          [stack:10099]
6a800000-6a821000 rw-p 00000000 00:00 0 
6a821000-6a900000 ---p 00000000 00:00 0 
6a900000-6a901000 r--s 00000000 08:01 3570       /var/cache/fontconfig/c05880de57d1f5e948fdfacc138775d9-le32d4.cache-3
6a901000-6a904000 r--s 00000000 08:01 3564       /var/cache/fontconfig/8801497958630a81b71ace7c5f9b32a8-le32d4.cache-3
6a904000-6a907000 r--s 00000000 08:01 3564       /var/cache/fontconfig/8801497958630a81b71ace7c5f9b32a8-le32d4.cache-3
6a907000-6a908000 r--s 00000000 08:01 3558       /var/cache/fontconfig/56cf4f4769d0f4abc89a4895d7bd3ae1-le32d4.cache-3
6a908000-6a909000 r--s 00000000 08:01 3569       /var/cache/fontconfig/b9d506c9ac06c20b433354fa67a72993-le32d4.cache-3
6a909000-6a90d000 r--s 00000000 08:01 3568       /var/cache/fontconfig/b47c4e1ecd0709278f4910c18777a504-le32d4.cache-3
6a90d000-6a91a000 r--s 00000000 08:01 3573       /var/cache/fontconfig/d52a8644073d54c13679302ca1180695-le32d4.cache-3
6a91a000-6a923000 r--s 00000000 08:01 519518     /var/cache/fontconfig/089dead882dea3570ffc31a9898cfb69-le32d4.cache-3
6a923000-6a92b000 r--s 00000000 08:01 11176      /var/cache/fontconfig/e13b20fdb08344e0e664864cc2ede53d-le32d4.cache-3
6a92b000-6a92e000 r--s 00000000 08:01 519517     /var/cache/fontconfig/7ef2298fde41cc6eeb7af42e48b7d293-le32d4.cache-3
6a92e000-6a931000 ---p 00000000 00:00 0 
6a931000-6a97f000 rw-p 00000000 00:00 0          [stack:10105]
6a97f000-6a980000 ---p 00000000 00:00 0 
6a980000-6aa00000 rw-p 00000000 00:00 0          [stack:10098]
6aa00000-6aa21000 rw-p 00000000 00:00 0 
6aa21000-6ab00000 ---p 00000000 00:00 0 
6ab00000-6ab01000 r--s 00000000 08:01 3577       /var/cache/fontconfig/e7071f4a29fa870f4323321c154eba04-le32d4.cache-3
6ab01000-6ab02000 r--s 00000000 08:01 3550       /var/cache/fontconfig/0d8c3b2ac0904cb8a57a757ad11a4a08-le32d4.cache-3
6ab02000-6ab06000 r--s 00000000 08:01 3553       /var/cache/fontconfig/3047814df9a2f067bd2d96a2b9c36e5a-le32d4.cache-3
6ab06000-6ab0b000 r-xp 00000000 08:01 16797      /usr/lib/i386-linux-gnu/libXdmcp.so.6.0.0
6ab0b000-6ab0c000 r--p 00004000 08:01 16797      /usr/lib/i386-linux-gnu/libXdmcp.so.6.0.0
6ab0c000-6ab0d000 rw-p 00005000 08:01 16797      /usr/lib/i386-linux-gnu/libXdmcp.so.6.0.0
6ab0d000-6ab2c000 r-xp 00000000 08:01 17393      /usr/lib/i386-linux-gnu/libxcb.so.1.1.0
6ab2c000-6ab2d000 r--p 0001f000 08:01 17393      /usr/lib/i386-linux-gnu/libxcb.so.1.1.0
6ab2d000-6ab2e000 rw-p 00020000 08:01 17393      /usr/lib/i386-linux-gnu/libxcb.so.1.1.0
6ab2e000-6ab31000 ---p 00000000 00:00 0 
6ab31000-6ab7f000 rw-p 00000000 00:00 0          [stack:10104]
6ab7f000-6ab80000 ---p 00000000 00:00 0 
6ab80000-6ac00000 rw-p 00000000 00:00 0          [stack:10097]
6ac00000-6ac21000 rw-p 00000000 00:00 0 
6ac21000-6ad00000 ---p 00000000 00:00 0 
6ad00000-6ad21000 rw-p 00000000 00:00 0 
6ad21000-6ae00000 ---p 00000000 00:00 0 
6ae00000-6ae04000 r--s 00000000 08:01 3568       /var/cache/fontconfig/b47c4e1ecd0709278f4910c18777a504-le32d4.cache-3
6ae04000-6ae13000 r-xp 00000000 08:01 8381       /usr/lib/i386-linux-gnu/libXi.so.6.1.0
6ae13000-6ae14000 r--p 0000e000 08:01 8381       /usr/lib/i386-linux-gnu/libXi.so.6.1.0
6ae14000-6ae15000 rw-p 0000f000 08:01 8381       /usr/lib/i386-linux-gnu/libXi.so.6.1.0
6ae15000-6ae1a000 r-xp 00000000 08:01 16825      /usr/lib/i386-linux-gnu/libXtst.so.6.1.0
6ae1a000-6ae1b000 r--p 00004000 08:01 16825      /usr/lib/i386-linux-gnu/libXtst.so.6.1.0
6ae1b000-6ae1c000 rw-p 00005000 08:01 16825      /usr/lib/i386-linux-gnu/libXtst.so.6.1.0
6ae1c000-6ae2c000 r-xp 00000000 08:01 16799      /usr/lib/i386-linux-gnu/libXext.so.6.4.0
6ae2c000-6ae2d000 r--p 0000f000 08:01 16799      /usr/lib/i386-linux-gnu/libXext.so.6.4.0
6ae2d000-6ae2e000 rw-p 00010000 08:01 16799      /usr/lib/i386-linux-gnu/libXext.so.6.4.0
6ae2e000-6ae31000 ---p 00000000 00:00 0 
6ae31000-6ae7f000 rw-p 00000000 00:00 0          [stack:10103]
6ae7f000-6ae80000 ---p 00000000 00:00 0 
6ae80000-6af00000 rw-p 00000000 00:00 0          [stack:10096]
6af00000-6af21000 rw-p 00000000 00:00 0 
6af21000-6b000000 ---p 00000000 00:00 0 
6b000000-6b002000 r-xp 00000000 08:01 16786      /usr/lib/i386-linux-gnu/libXau.so.6.0.0
6b002000-6b003000 r--p 00001000 08:01 16786      /usr/lib/i386-linux-gnu/libXau.so.6.0.0
6b003000-6b004000 rw-p 00002000 08:01 16786      /usr/lib/i386-linux-gnu/libXau.so.6.0.0
6b004000-6b00c000 r-xp 00000000 08:01 16821      /usr/lib/i386-linux-gnu/libXrender.so.1.3.0
6b00c000-6b00d000 r--p 00007000 08:01 16821      /usr/lib/i386-linux-gnu/libXrender.so.1.3.0
6b00d000-6b00e000 rw-p 00008000 08:01 16821      /usr/lib/i386-linux-gnu/libXrender.so.1.3.0
6b00e000-6b00f000 r--s 00000000 08:01 3572       /var/cache/fontconfig/4794a0821666d79190d59a36cb4f44b5-le32d4.cache-3
6b00f000-6b010000 r--s 00000000 08:01 3558       /var/cache/fontconfig/56cf4f4769d0f4abc89a4895d7bd3ae1-le32d4.cache-3
6b010000-6b019000 r--s 00000000 08:01 519518     /var/cache/fontconfig/089dead882dea3570ffc31a9898cfb69-le32d4.cache-3
6b019000-6b021000 r--s 00000000 08:01 11176      /var/cache/fontconfig/e13b20fdb08344e0e664864cc2ede53d-le32d4.cache-3
6b021000-6b024000 r--s 00000000 08:01 519517     /var/cache/fontconfig/7ef2298fde41cc6eeb7af42e48b7d293-le32d4.cache-3
6b024000-6b057000 rw-p 00000000 00:00 0 
6b057000-6b058000 ---p 00000000 00:00 0 
6b058000-6b0d8000 rw-p 00000000 00:00 0          [stack:10095]
6b0d8000-6b0d9000 ---p 00000000 00:00 0 
6b0d9000-6b161000 rw-p 00000000 00:00 0          [stack:10094]
6b161000-6b199000 rw-p 00000000 00:00 0 
6b199000-6b1af000 rw-p 00000000 00:00 0 
6b1af000-6b2ef000 rw-p 00000000 00:00 0 
6b2ef000-6b2f7000 rw-p 00000000 00:00 0 
6b2f7000-6b32f000 rw-p 00000000 00:00 0 
6b32f000-6b345000 rw-p 00000000 00:00 0 
6b345000-6b484000 rw-p 00000000 00:00 0 
6b484000-6b48f000 rw-p 00000000 00:00 0 
6b48f000-6b52f000 rw-p 00000000 00:00 0 
6b52f000-6c530000 rw-p 00000000 00:00 0 
6c530000-73530000 rw-p 00000000 00:00 0 
73530000-75fe0000 rw-p 00000000 00:00 0 
75fe0000-9dfe0000 rw-p 00000000 00:00 0 
9dfe0000-9f530000 rw-p 00000000 00:00 0 
9f530000-b3530000 rw-p 00000000 00:00 0 
b3530000-b3531000 r--s 00000000 08:01 3569       /var/cache/fontconfig/b9d506c9ac06c20b433354fa67a72993-le32d4.cache-3
b3531000-b3533000 r--s 0000f000 08:01 1838988    /usr/lib/jvm/java-6-openjdk-common/jre/lib/ext/pulse-java.jar
b3533000-b353c000 rw-p 00000000 00:00 0 
b353c000-b35f3000 rw-p 00000000 00:00 0 
b35f3000-b3833000 rwxp 00000000 00:00 0 
b3833000-b65f3000 rw-p 00000000 00:00 0 
b65f3000-b65fe000 r-xp 00000000 08:01 255736     /lib/i386-linux-gnu/libnss_files-2.15.so
b65fe000-b65ff000 r--p 0000a000 08:01 255736     /lib/i386-linux-gnu/libnss_files-2.15.so
b65ff000-b6600000 rw-p 0000b000 08:01 255736     /lib/i386-linux-gnu/libnss_files-2.15.so
b6600000-b6700000 rw-p 00000000 00:00 0 
b6700000-b6703000 r--s 00077000 08:01 1838989    /usr/lib/jvm/java-6-openjdk-common/jre/lib/ext/localedata.jar
b6703000-b670d000 r-xp 00000000 08:01 255735     /lib/i386-linux-gnu/libnss_nis-2.15.so
b670d000-b670e000 r--p 00009000 08:01 255735     /lib/i386-linux-gnu/libnss_nis-2.15.so
b670e000-b670f000 rw-p 0000a000 08:01 255735     /lib/i386-linux-gnu/libnss_nis-2.15.so
b670f000-b6725000 r-xp 00000000 08:01 252399     /lib/i386-linux-gnu/libnsl-2.15.so
b6725000-b6726000 r--p 00015000 08:01 252399     /lib/i386-linux-gnu/libnsl-2.15.so
b6726000-b6727000 rw-p 00016000 08:01 252399     /lib/i386-linux-gnu/libnsl-2.15.so
b6727000-b6729000 rw-p 00000000 00:00 0 
b6729000-b6730000 r-xp 00000000 08:01 255737     /lib/i386-linux-gnu/libnss_compat-2.15.so
b6730000-b6731000 r--p 00006000 08:01 255737     /lib/i386-linux-gnu/libnss_compat-2.15.so
b6731000-b6732000 rw-p 00007000 08:01 255737     /lib/i386-linux-gnu/libnss_compat-2.15.so
b6732000-b6733000 r--s 00007000 08:01 1839824    /usr/share/java/java-atk-wrapper.jar
b6733000-b6737000 r--s 00039000 08:01 1838987    /usr/lib/jvm/java-6-openjdk-common/jre/lib/ext/sunpkcs11.jar
b6737000-b673e000 r-xp 00000000 08:01 1839612    /usr/lib/jvm/java-6-openjdk-i386/jre/lib/i386/libzip.so
b673e000-b673f000 r--p 00006000 08:01 1839612    /usr/lib/jvm/java-6-openjdk-i386/jre/lib/i386/libzip.so
b673f000-b6740000 rw-p 00007000 08:01 1839612    /usr/lib/jvm/java-6-openjdk-i386/jre/lib/i386/libzip.so
b6740000-b6748000 rw-s 00000000 08:01 873334     /tmp/hsperfdata_chaol/10088
b6748000-b676e000 r-xp 00000000 08:01 1839598    /usr/lib/jvm/java-6-openjdk-i386/jre/lib/i386/libjava.so
b676e000-b676f000 r--p 00025000 08:01 1839598    /usr/lib/jvm/java-6-openjdk-i386/jre/lib/i386/libjava.so
b676f000-b6771000 rw-p 00026000 08:01 1839598    /usr/lib/jvm/java-6-openjdk-i386/jre/lib/i386/libjava.so
b6771000-b6778000 r-xp 00000000 08:01 252408     /lib/i386-linux-gnu/librt-2.15.so
b6778000-b6779000 r--p 00006000 08:01 252408     /lib/i386-linux-gnu/librt-2.15.so
b6779000-b677a000 rw-p 00007000 08:01 252408     /lib/i386-linux-gnu/librt-2.15.so
b677a000-b677d000 ---p 00000000 00:00 0 
b677d000-b67cb000 rw-p 00000000 00:00 0          [stack:10093]
b67cb000-b67e7000 r-xp 00000000 08:01 252257     /lib/i386-linux-gnu/libgcc_s.so.1
b67e7000-b67e8000 r--p 0001b000 08:01 252257     /lib/i386-linux-gnu/libgcc_s.so.1
b67e8000-b67e9000 rw-p 0001c000 08:01 252257     /lib/i386-linux-gnu/libgcc_s.so.1
b67e9000-b6813000 r-xp 00000000 08:01 255734     /lib/i386-linux-gnu/libm-2.15.so
b6813000-b6814000 r--p 00029000 08:01 255734     /lib/i386-linux-gnu/libm-2.15.so
b6814000-b6815000 rw-p 0002a000 08:01 255734     /lib/i386-linux-gnu/libm-2.15.so
b6815000-b68ed000 r-xp 00000000 08:01 17329      /usr/lib/i386-linux-gnu/libstdc++.so.6.0.16
b68ed000-b68ee000 ---p 000d8000 08:01 17329      /usr/lib/i386-linux-gnu/libstdc++.so.6.0.16
b68ee000-b68f2000 r--p 000d8000 08:01 17329      /usr/lib/i386-linux-gnu/libstdc++.so.6.0.16
b68f2000-b68f3000 rw-p 000dc000 08:01 17329      /usr/lib/i386-linux-gnu/libstdc++.so.6.0.16
b68f3000-b68fa000 rw-p 00000000 00:00 0 
b68fa000-b711a000 r-xp 00000000 08:01 1839591    /usr/lib/jvm/java-6-openjdk-i386/jre/lib/i386/server/libjvm.so
b711a000-b715f000 r--p 0081f000 08:01 1839591    /usr/lib/jvm/java-6-openjdk-i386/jre/lib/i386/server/libjvm.so
b715f000-b716e000 rw-p 00864000 08:01 1839591    /usr/lib/jvm/java-6-openjdk-i386/jre/lib/i386/server/libjvm.so
b716e000-b758a000 rw-p 00000000 00:00 0 
b758a000-b759e000 r-xp 00000000 08:01 252336     /lib/i386-linux-gnu/libz.so.1.2.3.4
b759e000-b759f000 r--p 00013000 08:01 252336     /lib/i386-linux-gnu/libz.so.1.2.3.4
b759f000-b75a0000 rw-p 00014000 08:01 252336     /lib/i386-linux-gnu/libz.so.1.2.3.4
b75a0000-b7744000 r-xp 00000000 08:01 255739     /lib/i386-linux-gnu/libc-2.15.so
b7744000-b7746000 r--p 001a4000 08:01 255739     /lib/i386-linux-gnu/libc-2.15.so
b7746000-b7747000 rw-p 001a6000 08:01 255739     /lib/i386-linux-gnu/libc-2.15.so
b7747000-b774a000 rw-p 00000000 00:00 0 
b774a000-b774d000 r-xp 00000000 08:01 255738     /lib/i386-linux-gnu/libdl-2.15.so
b774d000-b774e000 r--p 00002000 08:01 255738     /lib/i386-linux-gnu/libdl-2.15.so
b774e000-b774f000 rw-p 00003000 08:01 255738     /lib/i386-linux-gnu/libdl-2.15.so
b774f000-b7753000 r-xp 00000000 08:01 1839611    /usr/lib/jvm/java-6-openjdk-i386/jre/lib/i386/jli/libjli.so
b7753000-b7754000 r--p 00003000 08:01 1839611    /usr/lib/jvm/java-6-openjdk-i386/jre/lib/i386/jli/libjli.so
b7754000-b7755000 rw-p 00004000 08:01 1839611    /usr/lib/jvm/java-6-openjdk-i386/jre/lib/i386/jli/libjli.so
b7755000-b7756000 rw-p 00000000 00:00 0 
b7756000-b776d000 r-xp 00000000 08:01 252406     /lib/i386-linux-gnu/libpthread-2.15.so
b776d000-b776e000 r--p 00016000 08:01 252406     /lib/i386-linux-gnu/libpthread-2.15.so
b776e000-b776f000 rw-p 00017000 08:01 252406     /lib/i386-linux-gnu/libpthread-2.15.so
b776f000-b7771000 rw-p 00000000 00:00 0 
b7771000-b7773000 r--s 00001000 08:01 1838990    /usr/lib/jvm/java-6-openjdk-common/jre/lib/ext/dnsns.jar
b7773000-b7776000 r--s 00031000 08:01 1838991    /usr/lib/jvm/java-6-openjdk-common/jre/lib/ext/sunjce_provider.jar
b7776000-b7777000 r--p 005e0000 08:01 19412      /usr/lib/locale/locale-archive
b7777000-b7778000 rw-p 00000000 00:00 0 
b7778000-b7779000 r--p 00000000 00:00 0 
b7779000-b7784000 r-xp 00000000 08:01 1839627    /usr/lib/jvm/java-6-openjdk-i386/jre/lib/i386/libverify.so
b7784000-b7785000 ---p 0000b000 08:01 1839627    /usr/lib/jvm/java-6-openjdk-i386/jre/lib/i386/libverify.so
b7785000-b7786000 r--p 0000b000 08:01 1839627    /usr/lib/jvm/java-6-openjdk-i386/jre/lib/i386/libverify.so
b7786000-b7787000 rw-p 0000c000 08:01 1839627    /usr/lib/jvm/java-6-openjdk-i386/jre/lib/i386/libverify.so
b7787000-b7789000 rw-p 00000000 00:00 0 
b7789000-b778a000 r-xp 00000000 00:00 0          [vdso]
b778a000-b77aa000 r-xp 00000000 08:01 252407     /lib/i386-linux-gnu/ld-2.15.so
b77aa000-b77ab000 r--p 0001f000 08:01 252407     /lib/i386-linux-gnu/ld-2.15.so
b77ab000-b77ac000 rw-p 00020000 08:01 252407     /lib/i386-linux-gnu/ld-2.15.so
bfb59000-bfb7b000 rw-p 00000000 00:00 0          [stack]

VM Arguments:
jvm_args: -Dfile.encoding=UTF-8 
java_command: com.adp.clocks.synergy2416.demo.MainWindow psplash:res/Background.png
Launcher Type: SUN_STANDARD

Environment Variables:
PATH=/usr/lib/lightdm/lightdm:/usr/local/sbin:/usr/local/bin:/usr/sbin:/usr/bin:/sbin:/bin:/usr/games
LD_LIBRARY_PATH=/usr/lib/jvm/java-6-openjdk-i386/jre/lib/i386/server:/usr/lib/jvm/java-6-openjdk-i386/jre/lib/i386:/usr/lib/jvm/java-6-openjdk-i386/jre/../lib/i386:/usr/lib/jni
SHELL=/bin/bash
DISPLAY=:0

Signal Handlers:
SIGSEGV: [libjvm.so+0x66e740], sa_mask[0]=0x7ffbfeff, sa_flags=0x10000004
SIGBUS: [libjvm.so+0x66e740], sa_mask[0]=0x7ffbfeff, sa_flags=0x10000004
SIGFPE: [libjvm.so+0x530480], sa_mask[0]=0x7ffbfeff, sa_flags=0x10000004
SIGPIPE: [libjvm.so+0x530480], sa_mask[0]=0x7ffbfeff, sa_flags=0x10000004
SIGXFSZ: [libjvm.so+0x530480], sa_mask[0]=0x7ffbfeff, sa_flags=0x10000004
SIGILL: [libjvm.so+0x530480], sa_mask[0]=0x7ffbfeff, sa_flags=0x10000004
SIGUSR1: SIG_DFL, sa_mask[0]=0x00000000, sa_flags=0x00000000
SIGUSR2: [libjvm.so+0x530310], sa_mask[0]=0x00000004, sa_flags=0x10000004
SIGHUP: [libjvm.so+0x5332a0], sa_mask[0]=0x7ffbfeff, sa_flags=0x10000004
SIGINT: [libjvm.so+0x5332a0], sa_mask[0]=0x7ffbfeff, sa_flags=0x10000004
SIGTERM: [libjvm.so+0x5332a0], sa_mask[0]=0x7ffbfeff, sa_flags=0x10000004
SIGQUIT: [libjvm.so+0x5332a0], sa_mask[0]=0x7ffbfeff, sa_flags=0x10000004


---------------  S Y S T E M  ---------------

OS:Ubuntu 12.04 (precise)
uname:Linux 3.8.0-35-generic #52~precise1-Ubuntu SMP Thu Jan 30 17:27:28 UTC 2014 i686
libc:glibc 2.15 NPTL 2.15 
rlimit: STACK 8192k, CORE 0k, NPROC 64475, NOFILE 4096, AS infinity
load average:0.32 0.14 0.14

/proc/meminfo:
MemTotal:        8269392 kB
MemFree:         5487568 kB
Buffers:          493204 kB
Cached:          1204284 kB
SwapCached:            0 kB
Active:          1439384 kB
Inactive:        1113832 kB
Active(anon):     856648 kB
Inactive(anon):     2184 kB
Active(file):     582736 kB
Inactive(file):  1111648 kB
Unevictable:          16 kB
Mlocked:              16 kB
HighTotal:       7457720 kB
HighFree:        5366112 kB
LowTotal:         811672 kB
LowFree:          121456 kB
SwapTotal:             0 kB
SwapFree:              0 kB
Dirty:                60 kB
Writeback:             0 kB
AnonPages:        855708 kB
Mapped:           217728 kB
Shmem:              3104 kB
Slab:             128256 kB
SReclaimable:     101956 kB
SUnreclaim:        26300 kB
KernelStack:        5152 kB
PageTables:        11300 kB
NFS_Unstable:          0 kB
Bounce:                0 kB
WritebackTmp:          0 kB
CommitLimit:     4134696 kB
Committed_AS:    4083304 kB
VmallocTotal:     122880 kB
VmallocUsed:       53644 kB
VmallocChunk:      50676 kB
HardwareCorrupted:     0 kB
AnonHugePages:         0 kB
HugePages_Total:       0
HugePages_Free:        0
HugePages_Rsvd:        0
HugePages_Surp:        0
Hugepagesize:       2048 kB
DirectMap4k:      153592 kB
DirectMap2M:      759808 kB


CPU:total 8 (4 cores per cpu, 2 threads per core) family 6 model 42 stepping 7, cmov, cx8, fxsr, mmx, sse, sse2, sse3, ssse3, sse4.1, sse4.2, popcnt, ht

Memory: 4k page, physical 8269392k(5487568k free), swap 0k(0k free)

vm_info: OpenJDK Server VM (20.0-b12) for linux-x86 JRE (1.6.0_27-b27), built on Nov 16 2013 15:21:31 by "buildd" with gcc 4.6.3

time: Fri Feb 14 14:00:27 2014
elapsed time: 1 seconds

