#
# A fatal error has been detected by the Java Runtime Environment:
#
#  SIGSEGV (0xb) at pc=0x68bfa8b7, pid=12872, tid=1743612736
#
# JRE version: 6.0_27-b27
# Java VM: OpenJDK Server VM (20.0-b12 mixed mode linux-x86 )
# Derivative: IcedTea6 1.12.6
# Distribution: Ubuntu 12.04 LTS, package 6b27-1.12.6-1ubuntu0.12.04.4
# Problematic frame:
# C  [libsynergy2416.so+0x48b7]  _get_enroll_count+0x22
#
# If you would like to submit a bug report, please include
# instructions how to reproduce the bug and visit:
#   https://bugs.launchpad.net/ubuntu/+source/openjdk-6/
# The crash happened outside the Java Virtual Machine in native code.
# See problematic frame for where to report the bug.
#

---------------  T H R E A D  ---------------

Current thread (0x686a7c00):  JavaThread "SwingWorker-pool-2-thread-1" [_thread_in_native, id=12905, stack(0x67e86000,0x67ed7000)]

siginfo:si_signo=SIGSEGV: si_errno=0, si_code=1 (SEGV_MAPERR), si_addr=0x00000000

Registers:
EAX=0x00000000, EBX=0x6bf0e648, ECX=0x686a7d20, EDX=0x00000000
ESP=0x67ed5d10, EBP=0x67ed5d20, ESI=0x6bf0e648, EDI=0x686a7c00
EIP=0x68bfa8b7, EFLAGS=0x00210297, CR2=0x00000000

Top of Stack: (sp=0x67ed5d10)
0x67ed5d10:   b6c0ed60 6955886c 00000000 00000000
0x67ed5d20:   67ed5d28 68bfb261 67ed5d68 68bf9fc3
0x67ed5d30:   67ed5de0 67ed5db0 b35127d4 b3502688
0x67ed5d40:   00000000 67ed5dd0 67ed5db0 00000000
0x67ed5d50:   00000000 6bf0e648 686a7c00 67ed5da0
0x67ed5d60:   b350a548 686a7c00 67ed5da0 b350a64a
0x67ed5d70:   686a7d20 67ed5da8 67ed5de0 67ed5de0
0x67ed5d80:   67ed5d80 6bf0e648 67ed5dac 6bf0f408 

Instructions: (pc=0x68bfa8b7)
0x68bfa897:   e5 83 ec 10 c7 45 f8 00 00 00 00 c7 45 fc 00 00
0x68bfa8a7:   00 00 eb 1b 8b 15 e4 fa bf 68 8b 45 fc 8d 04 02
0x68bfa8b7:   0f b6 00 84 c0 74 04 83 45 f8 01 83 45 fc 01 a1
0x68bfa8c7:   10 f0 bf 68 39 45 fc 7c db 8b 45 f8 c9 c3 55 89 

Register to memory mapping:

EAX=0x00000000 is an unknown value
EBX=0x6bf0e648 is an oop
{method} 
 - klass: {other class}
ECX=0x686a7d20 is an unknown value
EDX=0x00000000 is an unknown value
ESP=0x67ed5d10 is pointing into the stack for thread: 0x686a7c00
EBP=0x67ed5d20 is pointing into the stack for thread: 0x686a7c00
ESI=0x6bf0e648 is an oop
{method} 
 - klass: {other class}
EDI=0x686a7c00 is a thread


Stack: [0x67e86000,0x67ed7000],  sp=0x67ed5d10,  free space=319k
Native frames: (J=compiled Java code, j=interpreted, Vv=VM code, C=native code)
C  [libsynergy2416.so+0x48b7]  _get_enroll_count+0x22
C  [libsynergy2416.so+0x5261]  hlpGetEnrollCount+0x8
C  [libsynergy2416.so+0x3fc3]  Java_com_adp_clocks_synergy2416_demo_FPU_FP_1IDENTIFY_1EMPLOYEE+0x19
j  com.adp.clocks.synergy2416.demo.FPU.FP_IDENTIFY_EMPLOYEE()I+0
j  com.adp.clocks.synergy2416.demo.FPU.identifyEmployee()Ljava/lang/String;+0
j  com.adp.clocks.synergy2416.demo.WelcomeForm$IdentifyEmployee.doInBackground()Ljava/lang/String;+0
j  com.adp.clocks.synergy2416.demo.WelcomeForm$IdentifyEmployee.doInBackground()Ljava/lang/Object;+1
j  javax.swing.SwingWorker$1.call()Ljava/lang/Object;+14
j  java.util.concurrent.FutureTask$Sync.innerRun()V+29
j  java.util.concurrent.FutureTask.run()V+4
j  javax.swing.SwingWorker.run()V+4
j  java.util.concurrent.ThreadPoolExecutor.runWorker(Ljava/util/concurrent/ThreadPoolExecutor$Worker;)V+95
j  java.util.concurrent.ThreadPoolExecutor$Worker.run()V+5
j  java.lang.Thread.run()V+11
v  ~StubRoutines::call_stub
V  [libjvm.so+0x39b846]  JavaCalls::call_helper(JavaValue*, methodHandle*, JavaCallArguments*, Thread*)+0x2c6

Java frames: (J=compiled Java code, j=interpreted, Vv=VM code)
j  com.adp.clocks.synergy2416.demo.FPU.FP_IDENTIFY_EMPLOYEE()I+0
j  com.adp.clocks.synergy2416.demo.FPU.identifyEmployee()Ljava/lang/String;+0
j  com.adp.clocks.synergy2416.demo.WelcomeForm$IdentifyEmployee.doInBackground()Ljava/lang/String;+0
j  com.adp.clocks.synergy2416.demo.WelcomeForm$IdentifyEmployee.doInBackground()Ljava/lang/Object;+1
j  javax.swing.SwingWorker$1.call()Ljava/lang/Object;+14
j  java.util.concurrent.FutureTask$Sync.innerRun()V+29
j  java.util.concurrent.FutureTask.run()V+4
j  javax.swing.SwingWorker.run()V+4
j  java.util.concurrent.ThreadPoolExecutor.runWorker(Ljava/util/concurrent/ThreadPoolExecutor$Worker;)V+95
j  java.util.concurrent.ThreadPoolExecutor$Worker.run()V+5
j  java.lang.Thread.run()V+11
v  ~StubRoutines::call_stub

---------------  P R O C E S S  ---------------

Java Threads: ( => current thread )
  0xb6505c00 JavaThread "DestroyJavaVM" [_thread_blocked, id=12878, stack(0xb66f7000,0xb6748000)]
=>0x686a7c00 JavaThread "SwingWorker-pool-2-thread-1" [_thread_in_native, id=12905, stack(0x67e86000,0x67ed7000)]
  0x686a5400 JavaThread "pool-1-thread-1" [_thread_in_native, id=12904, stack(0x6875e000,0x687af000)]
  0x6867b400 JavaThread "Timer-0" [_thread_blocked, id=12903, stack(0x687af000,0x68800000)]
  0x6862f000 JavaThread "Image Fetcher 1" daemon [_thread_blocked, id=12902, stack(0x68a94000,0x68ae5000)]
  0x6862e400 JavaThread "TimerQueue" daemon [_thread_blocked, id=12901, stack(0x68ae5000,0x68b36000)]
  0x69bbbc00 JavaThread "Image Fetcher 0" daemon [_thread_blocked, id=12900, stack(0x68e1f000,0x68e70000)]
  0x697ea400 JavaThread "AWT-EventQueue-0" [_thread_blocked, id=12899, stack(0x690a0000,0x690f1000)]
  0x697e9c00 JavaThread "AWT-Shutdown" [_thread_blocked, id=12898, stack(0x6962e000,0x6967f000)]
  0x697e7c00 JavaThread "AWT-XAWT" daemon [_thread_in_Java, id=12897, stack(0x69e13000,0x69e64000)]
  0x69782c00 JavaThread "Java2D Disposer" daemon [_thread_blocked, id=12895, stack(0x6a22e000,0x6a27f000)]
  0x69706400 JavaThread "Low Memory Detector" daemon [_thread_blocked, id=12893, stack(0x6a82e000,0x6a87f000)]
  0x69704800 JavaThread "C2 CompilerThread1" daemon [_thread_blocked, id=12892, stack(0x6967f000,0x69700000)]
  0x69702800 JavaThread "C2 CompilerThread0" daemon [_thread_blocked, id=12891, stack(0x69e6a000,0x69eeb000)]
  0x69701400 JavaThread "Signal Dispatcher" daemon [_thread_blocked, id=12890, stack(0x6aa2e000,0x6aa7f000)]
  0xb65f0c00 JavaThread "Finalizer" daemon [_thread_blocked, id=12889, stack(0x6ac2e000,0x6ac7f000)]
  0xb65ef400 JavaThread "Reference Handler" daemon [_thread_blocked, id=12888, stack(0x6ae2e000,0x6ae7f000)]

Other Threads:
  0xb65ec800 VMThread [stack: 0x69eeb000,0x69f6c000] [id=12887]
  0x69710400 WatcherThread [stack: 0x6937f000,0x69400000] [id=12894]

VM state:not at safepoint (normal execution)

VM Mutex/Monitor currently owned by a thread: None

Heap
 PSYoungGen      total 19136K, used 8720K [0x9def0000, 0x9f440000, 0xb3440000)
  eden space 16448K, 38% used [0x9def0000,0x9e51e8f8,0x9ef00000)
  from space 2688K, 88% used [0x9ef00000,0x9f1558f8,0x9f1a0000)
  to   space 2688K, 0% used [0x9f1a0000,0x9f1a0000,0x9f440000)
 PSOldGen        total 43712K, used 0K [0x73440000, 0x75ef0000, 0x9def0000)
  object space 43712K, 0% used [0x73440000,0x73440000,0x75ef0000)
 PSPermGen       total 16384K, used 11387K [0x6b440000, 0x6c440000, 0x73440000)
  object space 16384K, 69% used [0x6b440000,0x6bf5ecd0,0x6c440000)

Code Cache  [0xb3500000, 0xb3740000, 0xb6500000)
 total_blobs=340 nmethods=108 adapters=186 free_code_cache=49695296 largest_free_block=21120

Dynamic libraries:
08048000-08051000 r-xp 00000000 08:01 1839571    /usr/lib/jvm/java-6-openjdk-i386/jre/bin/java
08051000-08052000 r--p 00008000 08:01 1839571    /usr/lib/jvm/java-6-openjdk-i386/jre/bin/java
08052000-08053000 rw-p 00009000 08:01 1839571    /usr/lib/jvm/java-6-openjdk-i386/jre/bin/java
09480000-094a1000 rw-p 00000000 00:00 0          [heap]
67e86000-67e89000 ---p 00000000 00:00 0 
67e89000-67ed7000 rw-p 00000000 00:00 0          [stack:12905]
67ed7000-67eea000 r-xp 00000000 08:01 252403     /lib/i386-linux-gnu/libresolv-2.15.so
67eea000-67eeb000 ---p 00013000 08:01 252403     /lib/i386-linux-gnu/libresolv-2.15.so
67eeb000-67eec000 r--p 00013000 08:01 252403     /lib/i386-linux-gnu/libresolv-2.15.so
67eec000-67eed000 rw-p 00014000 08:01 252403     /lib/i386-linux-gnu/libresolv-2.15.so
67eed000-67eef000 rw-p 00000000 00:00 0 
67eef000-67f18000 r-xp 00000000 08:01 17362      /usr/lib/i386-linux-gnu/libvorbis.so.0.4.5
67f18000-67f19000 r--p 00028000 08:01 17362      /usr/lib/i386-linux-gnu/libvorbis.so.0.4.5
67f19000-67f1a000 rw-p 00029000 08:01 17362      /usr/lib/i386-linux-gnu/libvorbis.so.0.4.5
67f1a000-68080000 r-xp 00000000 08:01 17364      /usr/lib/i386-linux-gnu/libvorbisenc.so.2.0.8
68080000-68091000 r--p 00165000 08:01 17364      /usr/lib/i386-linux-gnu/libvorbisenc.so.2.0.8
68091000-68092000 rw-p 00176000 08:01 17364      /usr/lib/i386-linux-gnu/libvorbisenc.so.2.0.8
68092000-680de000 r-xp 00000000 08:01 16731      /usr/lib/i386-linux-gnu/libFLAC.so.8.2.0
680de000-680df000 r--p 0004b000 08:01 16731      /usr/lib/i386-linux-gnu/libFLAC.so.8.2.0
680df000-680e0000 rw-p 0004c000 08:01 16731      /usr/lib/i386-linux-gnu/libFLAC.so.8.2.0
680e0000-6814c000 r-xp 00000000 08:01 17307      /usr/lib/i386-linux-gnu/libsndfile.so.1.0.25
6814c000-6814d000 r--p 0006c000 08:01 17307      /usr/lib/i386-linux-gnu/libsndfile.so.1.0.25
6814d000-6814e000 rw-p 0006d000 08:01 17307      /usr/lib/i386-linux-gnu/libsndfile.so.1.0.25
6814e000-68152000 rw-p 00000000 00:00 0 
68152000-68199000 r-xp 00000000 08:01 252249     /lib/i386-linux-gnu/libdbus-1.so.3.5.8
68199000-6819a000 r--p 00047000 08:01 252249     /lib/i386-linux-gnu/libdbus-1.so.3.5.8
6819a000-6819b000 rw-p 00048000 08:01 252249     /lib/i386-linux-gnu/libdbus-1.so.3.5.8
6819b000-681fe000 r-xp 00000000 08:01 12624      /usr/lib/i386-linux-gnu/libpulsecommon-1.1.so
681fe000-681ff000 r--p 00062000 08:01 12624      /usr/lib/i386-linux-gnu/libpulsecommon-1.1.so
681ff000-68200000 rw-p 00063000 08:01 12624      /usr/lib/i386-linux-gnu/libpulsecommon-1.1.so
68200000-682fb000 rw-p 00000000 00:00 0 
682fb000-68300000 ---p 00000000 00:00 0 
68300000-683fb000 rw-p 00000000 00:00 0 
683fb000-68400000 ---p 00000000 00:00 0 
68400000-684ff000 rw-p 00000000 00:00 0 
684ff000-68500000 ---p 00000000 00:00 0 
6850e000-685fb000 r-xp 00000000 08:01 16845      /usr/lib/i386-linux-gnu/libasound.so.2.0.0
685fb000-685ff000 r--p 000ec000 08:01 16845      /usr/lib/i386-linux-gnu/libasound.so.2.0.0
685ff000-68600000 rw-p 000f0000 08:01 16845      /usr/lib/i386-linux-gnu/libasound.so.2.0.0
68600000-686aa000 rw-p 00000000 00:00 0 
686aa000-68700000 ---p 00000000 00:00 0 
68710000-6875c000 r-xp 00000000 08:01 12623      /usr/lib/i386-linux-gnu/libpulse.so.0.13.5
6875c000-6875d000 r--p 0004b000 08:01 12623      /usr/lib/i386-linux-gnu/libpulse.so.0.13.5
6875d000-6875e000 rw-p 0004c000 08:01 12623      /usr/lib/i386-linux-gnu/libpulse.so.0.13.5
6875e000-68761000 ---p 00000000 00:00 0 
68761000-687af000 rw-p 00000000 00:00 0          [stack:12904]
687af000-687b2000 ---p 00000000 00:00 0 
687b2000-68800000 rw-p 00000000 00:00 0          [stack:12903]
68800000-688fd000 rw-p 00000000 00:00 0 
688fd000-68900000 ---p 00000000 00:00 0 
68900000-68998000 rw-p 00000000 00:00 0 
68998000-68a00000 ---p 00000000 00:00 0 
68a01000-68a07000 r-xp 00000000 08:01 17212      /usr/lib/i386-linux-gnu/libogg.so.0.7.1
68a07000-68a08000 r--p 00005000 08:01 17212      /usr/lib/i386-linux-gnu/libogg.so.0.7.1
68a08000-68a09000 rw-p 00006000 08:01 17212      /usr/lib/i386-linux-gnu/libogg.so.0.7.1
68a1f000-68a40000 r-xp 00000000 08:01 17358      /usr/lib/i386-linux-gnu/libv4lconvert.so.0
68a40000-68a41000 r--p 00021000 08:01 17358      /usr/lib/i386-linux-gnu/libv4lconvert.so.0
68a41000-68a42000 rw-p 00022000 08:01 17358      /usr/lib/i386-linux-gnu/libv4lconvert.so.0
68a42000-68a94000 rw-p 00000000 00:00 0 
68a94000-68a97000 ---p 00000000 00:00 0 
68a97000-68ae5000 rw-p 00000000 00:00 0          [stack:12902]
68ae5000-68ae8000 ---p 00000000 00:00 0 
68ae8000-68bbc000 rw-p 00000000 00:00 0          [stack:12901]
68bbd000-68bc2000 r-xp 00000000 08:01 16847      /usr/lib/i386-linux-gnu/libasyncns.so.0.3.1
68bc2000-68bc3000 r--p 00004000 08:01 16847      /usr/lib/i386-linux-gnu/libasyncns.so.0.3.1
68bc3000-68bc4000 rw-p 00005000 08:01 16847      /usr/lib/i386-linux-gnu/libasyncns.so.0.3.1
68bc4000-68bd3000 r-xp 00000000 08:01 1839790    /usr/lib/jvm/java-6-openjdk-i386/jre/lib/i386/libjsoundalsa.so
68bd3000-68bd4000 r--p 0000e000 08:01 1839790    /usr/lib/jvm/java-6-openjdk-i386/jre/lib/i386/libjsoundalsa.so
68bd4000-68bd5000 rw-p 0000f000 08:01 1839790    /usr/lib/jvm/java-6-openjdk-i386/jre/lib/i386/libjsoundalsa.so
68bd5000-68be8000 r-xp 00000000 08:01 8712       /usr/lib/libvideo.so.0
68be8000-68be9000 r--p 00012000 08:01 8712       /usr/lib/libvideo.so.0
68be9000-68bea000 rw-p 00013000 08:01 8712       /usr/lib/libvideo.so.0
68bec000-68bf4000 r-xp 00000000 08:01 252334     /lib/i386-linux-gnu/libwrap.so.0.7.6
68bf4000-68bf5000 r--p 00007000 08:01 252334     /lib/i386-linux-gnu/libwrap.so.0.7.6
68bf5000-68bf6000 rw-p 00008000 08:01 252334     /lib/i386-linux-gnu/libwrap.so.0.7.6
68bf6000-68bfe000 r-xp 00000000 08:01 524557     /usr/lib/jni/libsynergy2416.so
68bfe000-68bff000 r--p 00007000 08:01 524557     /usr/lib/jni/libsynergy2416.so
68bff000-68c00000 rw-p 00008000 08:01 524557     /usr/lib/jni/libsynergy2416.so
68c00000-68ce8000 rw-p 00000000 00:00 0 
68ce8000-68d00000 ---p 00000000 00:00 0 
68d00000-68dfe000 rw-p 00000000 00:00 0 
68dfe000-68e00000 ---p 00000000 00:00 0 
68e04000-68e13000 r-xp 00000000 08:01 524448     /usr/lib/jni/libv4l4j.so
68e13000-68e14000 r--p 0000e000 08:01 524448     /usr/lib/jni/libv4l4j.so
68e14000-68e15000 rw-p 0000f000 08:01 524448     /usr/lib/jni/libv4l4j.so
68e15000-68e1d000 r-xp 00000000 08:01 1839626    /usr/lib/jvm/java-6-openjdk-i386/jre/lib/i386/libnio.so
68e1d000-68e1e000 r--p 00007000 08:01 1839626    /usr/lib/jvm/java-6-openjdk-i386/jre/lib/i386/libnio.so
68e1e000-68e1f000 rw-p 00008000 08:01 1839626    /usr/lib/jvm/java-6-openjdk-i386/jre/lib/i386/libnio.so
68e1f000-68e22000 ---p 00000000 00:00 0 
68e22000-68e70000 rw-p 00000000 00:00 0          [stack:12900]
68e70000-68ebe000 r--s 008b6000 08:01 2243423    /opt/eclipse-standard/plugins/com.ibm.icu_50.1.1.v201304230130.jar
68ebe000-68f00000 r--s 00367000 08:01 2243377    /opt/eclipse-standard/plugins/org.eclipse.ui.workbench_3.105.1.v20130821-1411.jar
68f00000-68fe9000 rw-p 00000000 00:00 0 
68fe9000-69000000 ---p 00000000 00:00 0 
69001000-69007000 r-xp 00000000 08:01 17146      /usr/lib/i386-linux-gnu/libjson.so.0.0.1
69007000-69008000 r--p 00005000 08:01 17146      /usr/lib/i386-linux-gnu/libjson.so.0.0.1
69008000-69009000 rw-p 00006000 08:01 17146      /usr/lib/i386-linux-gnu/libjson.so.0.0.1
69009000-6901e000 r-xp 00000000 08:01 1839614    /usr/lib/jvm/java-6-openjdk-i386/jre/lib/i386/libnet.so
6901e000-6901f000 r--p 00014000 08:01 1839614    /usr/lib/jvm/java-6-openjdk-i386/jre/lib/i386/libnet.so
6901f000-69020000 rw-p 00015000 08:01 1839614    /usr/lib/jvm/java-6-openjdk-i386/jre/lib/i386/libnet.so
69020000-69034000 r--s 000f9000 08:01 2243526    /opt/eclipse-standard/plugins/org.eclipse.jface_3.9.1.v20130725-1141.jar
69034000-69049000 r--s 0023a000 08:01 2243675    /opt/eclipse-standard/plugins/org.eclipse.swt.gtk.linux.x86_3.102.1.v20130827-2048.jar
69049000-6908e000 r-xp 00000000 08:01 11892      /usr/lib/i386-linux-gnu/libjpeg.so.8.0.2
6908e000-6908f000 r--p 00044000 08:01 11892      /usr/lib/i386-linux-gnu/libjpeg.so.8.0.2
6908f000-69090000 rw-p 00045000 08:01 11892      /usr/lib/i386-linux-gnu/libjpeg.so.8.0.2
69090000-690a0000 rw-p 00000000 00:00 0 
690a0000-690a3000 ---p 00000000 00:00 0 
690a3000-690f1000 rw-p 00000000 00:00 0          [stack:12899]
690f1000-69186000 r-xp 00000000 08:01 16989      /usr/lib/i386-linux-gnu/libfreetype.so.6.8.0
69186000-6918a000 r--p 00094000 08:01 16989      /usr/lib/i386-linux-gnu/libfreetype.so.6.8.0
6918a000-6918b000 rw-p 00098000 08:01 16989      /usr/lib/i386-linux-gnu/libfreetype.so.6.8.0
6918b000-692bb000 r-xp 00000000 08:01 14323      /usr/lib/i386-linux-gnu/libX11.so.6.3.0
692bb000-692bc000 r--p 0012f000 08:01 14323      /usr/lib/i386-linux-gnu/libX11.so.6.3.0
692bc000-692be000 rw-p 00130000 08:01 14323      /usr/lib/i386-linux-gnu/libX11.so.6.3.0
692be000-692bf000 rw-p 00000000 00:00 0 
692bf000-69353000 r-xp 00000000 08:01 1839605    /usr/lib/jvm/java-6-openjdk-i386/jre/lib/i386/libawt.so
69353000-69354000 r--p 00093000 08:01 1839605    /usr/lib/jvm/java-6-openjdk-i386/jre/lib/i386/libawt.so
69354000-6935b000 rw-p 00094000 08:01 1839605    /usr/lib/jvm/java-6-openjdk-i386/jre/lib/i386/libawt.so
6935b000-6937f000 rw-p 00000000 00:00 0 
6937f000-69380000 ---p 00000000 00:00 0 
69380000-69400000 rw-p 00000000 00:00 0          [stack:12894]
69400000-694f9000 rw-p 00000000 00:00 0 
694f9000-69500000 ---p 00000000 00:00 0 
69500000-69600000 rw-p 00000000 00:00 0 
69601000-69602000 r-xp 00000000 08:01 17403      /usr/lib/i386-linux-gnu/alsa-lib/libasound_module_conf_pulse.so
69602000-69603000 r--p 00000000 08:01 17403      /usr/lib/i386-linux-gnu/alsa-lib/libasound_module_conf_pulse.so
69603000-69604000 rw-p 00001000 08:01 17403      /usr/lib/i386-linux-gnu/alsa-lib/libasound_module_conf_pulse.so
69604000-6962c000 r-xp 00000000 08:01 252306     /lib/i386-linux-gnu/libpng12.so.0.46.0
6962c000-6962d000 r--p 00027000 08:01 252306     /lib/i386-linux-gnu/libpng12.so.0.46.0
6962d000-6962e000 rw-p 00028000 08:01 252306     /lib/i386-linux-gnu/libpng12.so.0.46.0
6962e000-69631000 ---p 00000000 00:00 0 
69631000-6967f000 rw-p 00000000 00:00 0          [stack:12898]
6967f000-69682000 ---p 00000000 00:00 0 
69682000-69700000 rw-p 00000000 00:00 0          [stack:12892]
69700000-697ec000 rw-p 00000000 00:00 0 
697ec000-69800000 ---p 00000000 00:00 0 
69800000-69821000 rw-p 00000000 00:00 0 
69821000-69900000 ---p 00000000 00:00 0 
69900000-69b00000 r--p 00000000 08:01 19412      /usr/lib/locale/locale-archive
69b00000-69c00000 rw-p 00000000 00:00 0 
69c00000-69c21000 rw-p 00000000 00:00 0 
69c21000-69d00000 ---p 00000000 00:00 0 
69d00000-69d36000 rw-p 00000000 00:00 0 
69d36000-69e00000 ---p 00000000 00:00 0 
69e00000-69e13000 r--s 000e0000 08:01 2243213    /opt/eclipse-standard/plugins/org.eclipse.jface.text_3.8.101.v20130802-1147.jar
69e13000-69e16000 ---p 00000000 00:00 0 
69e16000-69e64000 rw-p 00000000 00:00 0          [stack:12897]
69e64000-69e6a000 r--s 00000000 08:01 3565       /var/cache/fontconfig/945677eb7aeaf62f1d50efc3fb3ec7d8-le32d4.cache-3
69e6a000-69e6d000 ---p 00000000 00:00 0 
69e6d000-69eeb000 rw-p 00000000 00:00 0          [stack:12891]
69eeb000-69eec000 ---p 00000000 00:00 0 
69eec000-69f6c000 rw-p 00000000 00:00 0          [stack:12887]
69f6c000-6a100000 r--s 03822000 08:01 1839584    /usr/lib/jvm/java-6-openjdk-i386/jre/lib/rt.jar
6a100000-6a121000 rw-p 00000000 00:00 0 
6a121000-6a200000 ---p 00000000 00:00 0 
6a200000-6a201000 r-xp 00000000 08:01 1839628    /usr/lib/jvm/java-6-openjdk-i386/jre/lib/i386/libjsound.so
6a201000-6a202000 r--p 00000000 08:01 1839628    /usr/lib/jvm/java-6-openjdk-i386/jre/lib/i386/libjsound.so
6a202000-6a203000 rw-p 00001000 08:01 1839628    /usr/lib/jvm/java-6-openjdk-i386/jre/lib/i386/libjsound.so
6a203000-6a206000 r--s 0007f000 08:01 1839014    /usr/lib/jvm/java-6-openjdk-common/jre/lib/jsse.jar
6a206000-6a209000 r--s 00019000 08:01 864259     /home/chaol/workspace-java/ADP-Demo-GUI/src/com/adp/clocks/synergy2416/res/v4l4j.jar
6a209000-6a20e000 r--s 00045000 08:01 2243421    /opt/eclipse-standard/plugins/org.eclipse.ui.forms_3.6.1.v20130822-1117.jar
6a20e000-6a216000 r-xp 00000000 08:01 1839774    /usr/lib/i386-linux-gnu/libgif.so.4.1.6
6a216000-6a217000 r--p 00007000 08:01 1839774    /usr/lib/i386-linux-gnu/libgif.so.4.1.6
6a217000-6a218000 rw-p 00008000 08:01 1839774    /usr/lib/i386-linux-gnu/libgif.so.4.1.6
6a21a000-6a22e000 r--s 00140000 08:01 2243684    /opt/eclipse-standard/plugins/org.eclipse.osgi_3.9.1.v20130814-1242.jar
6a22e000-6a231000 ---p 00000000 00:00 0 
6a231000-6a27f000 rw-p 00000000 00:00 0          [stack:12895]
6a27f000-6a280000 ---p 00000000 00:00 0 
6a280000-6a300000 rw-p 00000000 00:00 0          [stack:12886]
6a300000-6a32b000 rw-p 00000000 00:00 0 
6a32b000-6a400000 ---p 00000000 00:00 0 
6a400000-6a405000 r--s 00038000 08:01 2243571    /opt/eclipse-standard/plugins/org.eclipse.text_3.5.300.v20130515-1451.jar
6a405000-6a407000 r--s 00010000 08:01 2243198    /opt/eclipse-standard/plugins/org.eclipse.core.runtime_3.9.0.v20130326-1255.jar
6a407000-6a40b000 r-xp 00000000 08:01 13641      /usr/lib/i386-linux-gnu/libXfixes.so.3.1.0
6a40b000-6a40c000 r--p 00004000 08:01 13641      /usr/lib/i386-linux-gnu/libXfixes.so.3.1.0
6a40c000-6a40d000 rw-p 00005000 08:01 13641      /usr/lib/i386-linux-gnu/libXfixes.so.3.1.0
6a40d000-6a416000 r-xp 00000000 08:01 16793      /usr/lib/i386-linux-gnu/libXcursor.so.1.0.2
6a416000-6a417000 r--p 00008000 08:01 16793      /usr/lib/i386-linux-gnu/libXcursor.so.1.0.2
6a417000-6a418000 rw-p 00009000 08:01 16793      /usr/lib/i386-linux-gnu/libXcursor.so.1.0.2
6a418000-6a41b000 r--s 0002a000 08:01 2243555    /opt/eclipse-standard/plugins/org.eclipse.equinox.registry_3.5.301.v20130717-1549.jar
6a41b000-6a41e000 r--s 00018000 08:01 2243752    /opt/eclipse-standard/plugins/org.eclipse.equinox.common_3.6.200.v20130402-1505.jar
6a41e000-6a421000 r--s 00018000 08:01 2243511    /opt/eclipse-standard/plugins/org.eclipse.core.commands_3.6.100.v20130515-1857.jar
6a421000-6a42a000 r-xp 00000000 08:01 1839791    /usr/lib/jvm/java-6-openjdk-i386/jre/lib/i386/libsplashscreen.so
6a42a000-6a42b000 r--p 00008000 08:01 1839791    /usr/lib/jvm/java-6-openjdk-i386/jre/lib/i386/libsplashscreen.so
6a42b000-6a42c000 rw-p 00009000 08:01 1839791    /usr/lib/jvm/java-6-openjdk-i386/jre/lib/i386/libsplashscreen.so
6a42c000-6a42e000 rw-p 00000000 00:00 0 
6a42e000-6a435000 r--s 000fc000 08:01 1838998    /usr/lib/jvm/java-6-openjdk-common/jre/lib/resources.jar
6a435000-6a47d000 r-xp 00000000 08:01 1839595    /usr/lib/jvm/java-6-openjdk-i386/jre/lib/i386/libfontmanager.so
6a47d000-6a47e000 r--p 00048000 08:01 1839595    /usr/lib/jvm/java-6-openjdk-i386/jre/lib/i386/libfontmanager.so
6a47e000-6a47f000 rw-p 00049000 08:01 1839595    /usr/lib/jvm/java-6-openjdk-i386/jre/lib/i386/libfontmanager.so
6a47f000-6a480000 ---p 00000000 00:00 0 
6a480000-6a500000 rw-p 00000000 00:00 0          [stack:12885]
6a500000-6a521000 rw-p 00000000 00:00 0 
6a521000-6a600000 ---p 00000000 00:00 0 
6a600000-6a602000 rw-p 00000000 00:00 0 
6a602000-6a603000 r--s 00000000 08:01 3570       /var/cache/fontconfig/c05880de57d1f5e948fdfacc138775d9-le32d4.cache-3
6a603000-6a606000 r--s 00000000 08:01 519519     /var/cache/fontconfig/99e8ed0e538f840c565b6ed5dad60d56-le32d4.cache-3
6a606000-6a609000 r--s 00000000 08:01 3552       /var/cache/fontconfig/2cd17615ca594fa2959ae173292e504c-le32d4.cache-3
6a609000-6a60a000 r--s 00000000 08:01 3577       /var/cache/fontconfig/e7071f4a29fa870f4323321c154eba04-le32d4.cache-3
6a60a000-6a60b000 r--s 00000000 08:01 3550       /var/cache/fontconfig/0d8c3b2ac0904cb8a57a757ad11a4a08-le32d4.cache-3
6a60b000-6a60f000 r--s 00000000 08:01 3567       /var/cache/fontconfig/a755afe4a08bf5b97852ceb7400b47bc-le32d4.cache-3
6a60f000-6a616000 r--s 00000000 08:01 1579180    /var/cache/fontconfig/6d41288fd70b0be22e8c3a91e032eec0-le32d4.cache-3
6a616000-6a621000 r--s 00000000 08:01 3549       /var/cache/fontconfig/04aabc0a78ac019cf9454389977116d2-le32d4.cache-3
6a621000-6a624000 r--s 00000000 08:01 3555       /var/cache/fontconfig/385c0604a188198f04d133e54aba7fe7-le32d4.cache-3
6a624000-6a625000 r--s 00000000 08:01 3572       /var/cache/fontconfig/4794a0821666d79190d59a36cb4f44b5-le32d4.cache-3
6a625000-6a629000 r--s 00000000 08:01 3553       /var/cache/fontconfig/3047814df9a2f067bd2d96a2b9c36e5a-le32d4.cache-3
6a629000-6a62f000 r--s 00000000 08:01 3565       /var/cache/fontconfig/945677eb7aeaf62f1d50efc3fb3ec7d8-le32d4.cache-3
6a62f000-6a67b000 r-xp 00000000 08:01 1839789    /usr/lib/jvm/java-6-openjdk-i386/jre/lib/i386/xawt/libmawt.so
6a67b000-6a67c000 r--p 0004b000 08:01 1839789    /usr/lib/jvm/java-6-openjdk-i386/jre/lib/i386/xawt/libmawt.so
6a67c000-6a67e000 rw-p 0004c000 08:01 1839789    /usr/lib/jvm/java-6-openjdk-i386/jre/lib/i386/xawt/libmawt.so
6a67e000-6a67f000 rw-p 00000000 00:00 0 
6a67f000-6a680000 ---p 00000000 00:00 0 
6a680000-6a700000 rw-p 00000000 00:00 0          [stack:12884]
6a700000-6a721000 rw-p 00000000 00:00 0 
6a721000-6a800000 ---p 00000000 00:00 0 
6a800000-6a801000 r--s 00000000 08:01 3570       /var/cache/fontconfig/c05880de57d1f5e948fdfacc138775d9-le32d4.cache-3
6a801000-6a804000 r--s 00000000 08:01 519519     /var/cache/fontconfig/99e8ed0e538f840c565b6ed5dad60d56-le32d4.cache-3
6a804000-6a807000 r--s 00000000 08:01 3552       /var/cache/fontconfig/2cd17615ca594fa2959ae173292e504c-le32d4.cache-3
6a807000-6a808000 r--s 00000000 08:01 3577       /var/cache/fontconfig/e7071f4a29fa870f4323321c154eba04-le32d4.cache-3
6a808000-6a80c000 r--s 00000000 08:01 3567       /var/cache/fontconfig/a755afe4a08bf5b97852ceb7400b47bc-le32d4.cache-3
6a80c000-6a813000 r--s 00000000 08:01 1579180    /var/cache/fontconfig/6d41288fd70b0be22e8c3a91e032eec0-le32d4.cache-3
6a813000-6a81e000 r--s 00000000 08:01 3549       /var/cache/fontconfig/04aabc0a78ac019cf9454389977116d2-le32d4.cache-3
6a81e000-6a821000 r--s 00000000 08:01 3555       /var/cache/fontconfig/385c0604a188198f04d133e54aba7fe7-le32d4.cache-3
6a821000-6a82e000 r--s 00000000 08:01 3573       /var/cache/fontconfig/d52a8644073d54c13679302ca1180695-le32d4.cache-3
6a82e000-6a831000 ---p 00000000 00:00 0 
6a831000-6a87f000 rw-p 00000000 00:00 0          [stack:12893]
6a87f000-6a880000 ---p 00000000 00:00 0 
6a880000-6a900000 rw-p 00000000 00:00 0          [stack:12883]
6a900000-6a921000 rw-p 00000000 00:00 0 
6a921000-6aa00000 ---p 00000000 00:00 0 
6aa00000-6aa04000 r--s 00000000 08:01 3553       /var/cache/fontconfig/3047814df9a2f067bd2d96a2b9c36e5a-le32d4.cache-3
6aa04000-6aa07000 r--s 00000000 08:01 3564       /var/cache/fontconfig/8801497958630a81b71ace7c5f9b32a8-le32d4.cache-3
6aa07000-6aa08000 r--s 00000000 08:01 3558       /var/cache/fontconfig/56cf4f4769d0f4abc89a4895d7bd3ae1-le32d4.cache-3
6aa08000-6aa09000 r--s 00000000 08:01 3569       /var/cache/fontconfig/b9d506c9ac06c20b433354fa67a72993-le32d4.cache-3
6aa09000-6aa0d000 r--s 00000000 08:01 3568       /var/cache/fontconfig/b47c4e1ecd0709278f4910c18777a504-le32d4.cache-3
6aa0d000-6aa1a000 r--s 00000000 08:01 3573       /var/cache/fontconfig/d52a8644073d54c13679302ca1180695-le32d4.cache-3
6aa1a000-6aa23000 r--s 00000000 08:01 519518     /var/cache/fontconfig/089dead882dea3570ffc31a9898cfb69-le32d4.cache-3
6aa23000-6aa2b000 r--s 00000000 08:01 11176      /var/cache/fontconfig/e13b20fdb08344e0e664864cc2ede53d-le32d4.cache-3
6aa2b000-6aa2e000 r--s 00000000 08:01 519517     /var/cache/fontconfig/7ef2298fde41cc6eeb7af42e48b7d293-le32d4.cache-3
6aa2e000-6aa31000 ---p 00000000 00:00 0 
6aa31000-6aa7f000 rw-p 00000000 00:00 0          [stack:12890]
6aa7f000-6aa80000 ---p 00000000 00:00 0 
6aa80000-6ab00000 rw-p 00000000 00:00 0          [stack:12882]
6ab00000-6ab21000 rw-p 00000000 00:00 0 
6ab21000-6ac00000 ---p 00000000 00:00 0 
6ac00000-6ac01000 r--s 00000000 08:01 3550       /var/cache/fontconfig/0d8c3b2ac0904cb8a57a757ad11a4a08-le32d4.cache-3
6ac01000-6ac02000 r--s 00000000 08:01 3572       /var/cache/fontconfig/4794a0821666d79190d59a36cb4f44b5-le32d4.cache-3
6ac02000-6ac06000 r--s 00000000 08:01 3568       /var/cache/fontconfig/b47c4e1ecd0709278f4910c18777a504-le32d4.cache-3
6ac06000-6ac0b000 r-xp 00000000 08:01 16797      /usr/lib/i386-linux-gnu/libXdmcp.so.6.0.0
6ac0b000-6ac0c000 r--p 00004000 08:01 16797      /usr/lib/i386-linux-gnu/libXdmcp.so.6.0.0
6ac0c000-6ac0d000 rw-p 00005000 08:01 16797      /usr/lib/i386-linux-gnu/libXdmcp.so.6.0.0
6ac0d000-6ac2c000 r-xp 00000000 08:01 17393      /usr/lib/i386-linux-gnu/libxcb.so.1.1.0
6ac2c000-6ac2d000 r--p 0001f000 08:01 17393      /usr/lib/i386-linux-gnu/libxcb.so.1.1.0
6ac2d000-6ac2e000 rw-p 00020000 08:01 17393      /usr/lib/i386-linux-gnu/libxcb.so.1.1.0
6ac2e000-6ac31000 ---p 00000000 00:00 0 
6ac31000-6ac7f000 rw-p 00000000 00:00 0          [stack:12889]
6ac7f000-6ac80000 ---p 00000000 00:00 0 
6ac80000-6ad00000 rw-p 00000000 00:00 0          [stack:12881]
6ad00000-6ad21000 rw-p 00000000 00:00 0 
6ad21000-6ae00000 ---p 00000000 00:00 0 
6ae00000-6ae02000 r-xp 00000000 08:01 16786      /usr/lib/i386-linux-gnu/libXau.so.6.0.0
6ae02000-6ae03000 r--p 00001000 08:01 16786      /usr/lib/i386-linux-gnu/libXau.so.6.0.0
6ae03000-6ae04000 rw-p 00002000 08:01 16786      /usr/lib/i386-linux-gnu/libXau.so.6.0.0
6ae04000-6ae13000 r-xp 00000000 08:01 8381       /usr/lib/i386-linux-gnu/libXi.so.6.1.0
6ae13000-6ae14000 r--p 0000e000 08:01 8381       /usr/lib/i386-linux-gnu/libXi.so.6.1.0
6ae14000-6ae15000 rw-p 0000f000 08:01 8381       /usr/lib/i386-linux-gnu/libXi.so.6.1.0
6ae15000-6ae1a000 r-xp 00000000 08:01 16825      /usr/lib/i386-linux-gnu/libXtst.so.6.1.0
6ae1a000-6ae1b000 r--p 00004000 08:01 16825      /usr/lib/i386-linux-gnu/libXtst.so.6.1.0
6ae1b000-6ae1c000 rw-p 00005000 08:01 16825      /usr/lib/i386-linux-gnu/libXtst.so.6.1.0
6ae1c000-6ae2c000 r-xp 00000000 08:01 16799      /usr/lib/i386-linux-gnu/libXext.so.6.4.0
6ae2c000-6ae2d000 r--p 0000f000 08:01 16799      /usr/lib/i386-linux-gnu/libXext.so.6.4.0
6ae2d000-6ae2e000 rw-p 00010000 08:01 16799      /usr/lib/i386-linux-gnu/libXext.so.6.4.0
6ae2e000-6ae31000 ---p 00000000 00:00 0 
6ae31000-6ae7f000 rw-p 00000000 00:00 0          [stack:12888]
6ae7f000-6ae80000 ---p 00000000 00:00 0 
6ae80000-6af00000 rw-p 00000000 00:00 0          [stack:12880]
6af00000-6af21000 rw-p 00000000 00:00 0 
6af21000-6b000000 ---p 00000000 00:00 0 
6b000000-6b003000 r--s 00000000 08:01 3564       /var/cache/fontconfig/8801497958630a81b71ace7c5f9b32a8-le32d4.cache-3
6b003000-6b00b000 r-xp 00000000 08:01 16821      /usr/lib/i386-linux-gnu/libXrender.so.1.3.0
6b00b000-6b00c000 r--p 00007000 08:01 16821      /usr/lib/i386-linux-gnu/libXrender.so.1.3.0
6b00c000-6b00d000 rw-p 00008000 08:01 16821      /usr/lib/i386-linux-gnu/libXrender.so.1.3.0
6b00d000-6b00e000 r--s 00000000 08:01 3558       /var/cache/fontconfig/56cf4f4769d0f4abc89a4895d7bd3ae1-le32d4.cache-3
6b00e000-6b00f000 r--s 00000000 08:01 3569       /var/cache/fontconfig/b9d506c9ac06c20b433354fa67a72993-le32d4.cache-3
6b00f000-6b018000 r--s 00000000 08:01 519518     /var/cache/fontconfig/089dead882dea3570ffc31a9898cfb69-le32d4.cache-3
6b018000-6b020000 r--s 00000000 08:01 11176      /var/cache/fontconfig/e13b20fdb08344e0e664864cc2ede53d-le32d4.cache-3
6b020000-6b023000 r--s 00000000 08:01 519517     /var/cache/fontconfig/7ef2298fde41cc6eeb7af42e48b7d293-le32d4.cache-3
6b023000-6b025000 r--s 0000f000 08:01 1838988    /usr/lib/jvm/java-6-openjdk-common/jre/lib/ext/pulse-java.jar
6b025000-6b028000 r--s 00077000 08:01 1838989    /usr/lib/jvm/java-6-openjdk-common/jre/lib/ext/localedata.jar
6b028000-6b029000 ---p 00000000 00:00 0 
6b029000-6b0bf000 rw-p 00000000 00:00 0          [stack:12879]
6b0bf000-6b1ff000 rw-p 00000000 00:00 0 
6b1ff000-6b207000 rw-p 00000000 00:00 0 
6b207000-6b23f000 rw-p 00000000 00:00 0 
6b23f000-6b255000 rw-p 00000000 00:00 0 
6b255000-6b394000 rw-p 00000000 00:00 0 
6b394000-6b39f000 rw-p 00000000 00:00 0 
6b39f000-6b43f000 rw-p 00000000 00:00 0 
6b43f000-6c440000 rw-p 00000000 00:00 0 
6c440000-73440000 rw-p 00000000 00:00 0 
73440000-75ef0000 rw-p 00000000 00:00 0 
75ef0000-9def0000 rw-p 00000000 00:00 0 
9def0000-9f440000 rw-p 00000000 00:00 0 
9f440000-b3440000 rw-p 00000000 00:00 0 
b3440000-b3449000 rw-p 00000000 00:00 0 
b3449000-b3500000 rw-p 00000000 00:00 0 
b3500000-b3740000 rwxp 00000000 00:00 0 
b3740000-b6600000 rw-p 00000000 00:00 0 
b6600000-b663b000 rw-p 00000000 00:00 0 
b663b000-b6673000 rw-p 00000000 00:00 0 
b6673000-b667e000 r-xp 00000000 08:01 255736     /lib/i386-linux-gnu/libnss_files-2.15.so
b667e000-b667f000 r--p 0000a000 08:01 255736     /lib/i386-linux-gnu/libnss_files-2.15.so
b667f000-b6680000 rw-p 0000b000 08:01 255736     /lib/i386-linux-gnu/libnss_files-2.15.so
b6680000-b668a000 r-xp 00000000 08:01 255735     /lib/i386-linux-gnu/libnss_nis-2.15.so
b668a000-b668b000 r--p 00009000 08:01 255735     /lib/i386-linux-gnu/libnss_nis-2.15.so
b668b000-b668c000 rw-p 0000a000 08:01 255735     /lib/i386-linux-gnu/libnss_nis-2.15.so
b668c000-b66a2000 r-xp 00000000 08:01 252399     /lib/i386-linux-gnu/libnsl-2.15.so
b66a2000-b66a3000 r--p 00015000 08:01 252399     /lib/i386-linux-gnu/libnsl-2.15.so
b66a3000-b66a4000 rw-p 00016000 08:01 252399     /lib/i386-linux-gnu/libnsl-2.15.so
b66a4000-b66a6000 rw-p 00000000 00:00 0 
b66a6000-b66ad000 r-xp 00000000 08:01 255737     /lib/i386-linux-gnu/libnss_compat-2.15.so
b66ad000-b66ae000 r--p 00006000 08:01 255737     /lib/i386-linux-gnu/libnss_compat-2.15.so
b66ae000-b66af000 rw-p 00007000 08:01 255737     /lib/i386-linux-gnu/libnss_compat-2.15.so
b66af000-b66b0000 r--s 00007000 08:01 1839824    /usr/share/java/java-atk-wrapper.jar
b66b0000-b66b4000 r--s 00039000 08:01 1838987    /usr/lib/jvm/java-6-openjdk-common/jre/lib/ext/sunpkcs11.jar
b66b4000-b66bb000 r-xp 00000000 08:01 1839612    /usr/lib/jvm/java-6-openjdk-i386/jre/lib/i386/libzip.so
b66bb000-b66bc000 r--p 00006000 08:01 1839612    /usr/lib/jvm/java-6-openjdk-i386/jre/lib/i386/libzip.so
b66bc000-b66bd000 rw-p 00007000 08:01 1839612    /usr/lib/jvm/java-6-openjdk-i386/jre/lib/i386/libzip.so
b66bd000-b66c5000 rw-s 00000000 08:01 873854     /tmp/hsperfdata_chaol/12872
b66c5000-b66eb000 r-xp 00000000 08:01 1839598    /usr/lib/jvm/java-6-openjdk-i386/jre/lib/i386/libjava.so
b66eb000-b66ec000 r--p 00025000 08:01 1839598    /usr/lib/jvm/java-6-openjdk-i386/jre/lib/i386/libjava.so
b66ec000-b66ee000 rw-p 00026000 08:01 1839598    /usr/lib/jvm/java-6-openjdk-i386/jre/lib/i386/libjava.so
b66ee000-b66f5000 r-xp 00000000 08:01 252408     /lib/i386-linux-gnu/librt-2.15.so
b66f5000-b66f6000 r--p 00006000 08:01 252408     /lib/i386-linux-gnu/librt-2.15.so
b66f6000-b66f7000 rw-p 00007000 08:01 252408     /lib/i386-linux-gnu/librt-2.15.so
b66f7000-b66fa000 ---p 00000000 00:00 0 
b66fa000-b6748000 rw-p 00000000 00:00 0          [stack:12878]
b6748000-b6764000 r-xp 00000000 08:01 252257     /lib/i386-linux-gnu/libgcc_s.so.1
b6764000-b6765000 r--p 0001b000 08:01 252257     /lib/i386-linux-gnu/libgcc_s.so.1
b6765000-b6766000 rw-p 0001c000 08:01 252257     /lib/i386-linux-gnu/libgcc_s.so.1
b6766000-b6790000 r-xp 00000000 08:01 255734     /lib/i386-linux-gnu/libm-2.15.so
b6790000-b6791000 r--p 00029000 08:01 255734     /lib/i386-linux-gnu/libm-2.15.so
b6791000-b6792000 rw-p 0002a000 08:01 255734     /lib/i386-linux-gnu/libm-2.15.so
b6792000-b686a000 r-xp 00000000 08:01 17329      /usr/lib/i386-linux-gnu/libstdc++.so.6.0.16
b686a000-b686b000 ---p 000d8000 08:01 17329      /usr/lib/i386-linux-gnu/libstdc++.so.6.0.16
b686b000-b686f000 r--p 000d8000 08:01 17329      /usr/lib/i386-linux-gnu/libstdc++.so.6.0.16
b686f000-b6870000 rw-p 000dc000 08:01 17329      /usr/lib/i386-linux-gnu/libstdc++.so.6.0.16
b6870000-b6877000 rw-p 00000000 00:00 0 
b6877000-b7097000 r-xp 00000000 08:01 1839591    /usr/lib/jvm/java-6-openjdk-i386/jre/lib/i386/server/libjvm.so
b7097000-b70dc000 r--p 0081f000 08:01 1839591    /usr/lib/jvm/java-6-openjdk-i386/jre/lib/i386/server/libjvm.so
b70dc000-b70eb000 rw-p 00864000 08:01 1839591    /usr/lib/jvm/java-6-openjdk-i386/jre/lib/i386/server/libjvm.so
b70eb000-b7507000 rw-p 00000000 00:00 0 
b7507000-b751b000 r-xp 00000000 08:01 252336     /lib/i386-linux-gnu/libz.so.1.2.3.4
b751b000-b751c000 r--p 00013000 08:01 252336     /lib/i386-linux-gnu/libz.so.1.2.3.4
b751c000-b751d000 rw-p 00014000 08:01 252336     /lib/i386-linux-gnu/libz.so.1.2.3.4
b751d000-b76c1000 r-xp 00000000 08:01 255739     /lib/i386-linux-gnu/libc-2.15.so
b76c1000-b76c3000 r--p 001a4000 08:01 255739     /lib/i386-linux-gnu/libc-2.15.so
b76c3000-b76c4000 rw-p 001a6000 08:01 255739     /lib/i386-linux-gnu/libc-2.15.so
b76c4000-b76c7000 rw-p 00000000 00:00 0 
b76c7000-b76ca000 r-xp 00000000 08:01 255738     /lib/i386-linux-gnu/libdl-2.15.so
b76ca000-b76cb000 r--p 00002000 08:01 255738     /lib/i386-linux-gnu/libdl-2.15.so
b76cb000-b76cc000 rw-p 00003000 08:01 255738     /lib/i386-linux-gnu/libdl-2.15.so
b76cc000-b76d0000 r-xp 00000000 08:01 1839611    /usr/lib/jvm/java-6-openjdk-i386/jre/lib/i386/jli/libjli.so
b76d0000-b76d1000 r--p 00003000 08:01 1839611    /usr/lib/jvm/java-6-openjdk-i386/jre/lib/i386/jli/libjli.so
b76d1000-b76d2000 rw-p 00004000 08:01 1839611    /usr/lib/jvm/java-6-openjdk-i386/jre/lib/i386/jli/libjli.so
b76d2000-b76d3000 rw-p 00000000 00:00 0 
b76d3000-b76ea000 r-xp 00000000 08:01 252406     /lib/i386-linux-gnu/libpthread-2.15.so
b76ea000-b76eb000 r--p 00016000 08:01 252406     /lib/i386-linux-gnu/libpthread-2.15.so
b76eb000-b76ec000 rw-p 00017000 08:01 252406     /lib/i386-linux-gnu/libpthread-2.15.so
b76ec000-b76ee000 rw-p 00000000 00:00 0 
b76ee000-b76f0000 r--s 00001000 08:01 1838990    /usr/lib/jvm/java-6-openjdk-common/jre/lib/ext/dnsns.jar
b76f0000-b76f3000 r--s 00031000 08:01 1838991    /usr/lib/jvm/java-6-openjdk-common/jre/lib/ext/sunjce_provider.jar
b76f3000-b76f4000 r--p 005e0000 08:01 19412      /usr/lib/locale/locale-archive
b76f4000-b76f5000 rw-p 00000000 00:00 0 
b76f5000-b76f6000 r--p 00000000 00:00 0 
b76f6000-b7701000 r-xp 00000000 08:01 1839627    /usr/lib/jvm/java-6-openjdk-i386/jre/lib/i386/libverify.so
b7701000-b7702000 ---p 0000b000 08:01 1839627    /usr/lib/jvm/java-6-openjdk-i386/jre/lib/i386/libverify.so
b7702000-b7703000 r--p 0000b000 08:01 1839627    /usr/lib/jvm/java-6-openjdk-i386/jre/lib/i386/libverify.so
b7703000-b7704000 rw-p 0000c000 08:01 1839627    /usr/lib/jvm/java-6-openjdk-i386/jre/lib/i386/libverify.so
b7704000-b7706000 rw-p 00000000 00:00 0 
b7706000-b7707000 r-xp 00000000 00:00 0          [vdso]
b7707000-b7727000 r-xp 00000000 08:01 252407     /lib/i386-linux-gnu/ld-2.15.so
b7727000-b7728000 r--p 0001f000 08:01 252407     /lib/i386-linux-gnu/ld-2.15.so
b7728000-b7729000 rw-p 00020000 08:01 252407     /lib/i386-linux-gnu/ld-2.15.so
bf9a4000-bf9c6000 rw-p 00000000 00:00 0          [stack]

VM Arguments:
jvm_args: -Dfile.encoding=UTF-8 
java_command: com.adp.clocks.synergy2416.demo.MainWindow psplash:res/Background.png
Launcher Type: SUN_STANDARD

Environment Variables:
PATH=/usr/lib/lightdm/lightdm:/usr/local/sbin:/usr/local/bin:/usr/sbin:/usr/bin:/sbin:/bin:/usr/games
LD_LIBRARY_PATH=/usr/lib/jvm/java-6-openjdk-i386/jre/lib/i386/server:/usr/lib/jvm/java-6-openjdk-i386/jre/lib/i386:/usr/lib/jvm/java-6-openjdk-i386/jre/../lib/i386:/usr/lib/jni
SHELL=/bin/bash
DISPLAY=:0

Signal Handlers:
SIGSEGV: [libjvm.so+0x66e740], sa_mask[0]=0x7ffbfeff, sa_flags=0x10000004
SIGBUS: [libjvm.so+0x66e740], sa_mask[0]=0x7ffbfeff, sa_flags=0x10000004
SIGFPE: [libjvm.so+0x530480], sa_mask[0]=0x7ffbfeff, sa_flags=0x10000004
SIGPIPE: [libjvm.so+0x530480], sa_mask[0]=0x7ffbfeff, sa_flags=0x10000004
SIGXFSZ: [libjvm.so+0x530480], sa_mask[0]=0x7ffbfeff, sa_flags=0x10000004
SIGILL: [libjvm.so+0x530480], sa_mask[0]=0x7ffbfeff, sa_flags=0x10000004
SIGUSR1: SIG_DFL, sa_mask[0]=0x00000000, sa_flags=0x00000000
SIGUSR2: [libjvm.so+0x530310], sa_mask[0]=0x00000004, sa_flags=0x10000004
SIGHUP: [libjvm.so+0x5332a0], sa_mask[0]=0x7ffbfeff, sa_flags=0x10000004
SIGINT: [libjvm.so+0x5332a0], sa_mask[0]=0x7ffbfeff, sa_flags=0x10000004
SIGTERM: [libjvm.so+0x5332a0], sa_mask[0]=0x7ffbfeff, sa_flags=0x10000004
SIGQUIT: [libjvm.so+0x5332a0], sa_mask[0]=0x7ffbfeff, sa_flags=0x10000004


---------------  S Y S T E M  ---------------

OS:Ubuntu 12.04 (precise)
uname:Linux 3.8.0-35-generic #52~precise1-Ubuntu SMP Thu Jan 30 17:27:28 UTC 2014 i686
libc:glibc 2.15 NPTL 2.15 
rlimit: STACK 8192k, CORE 0k, NPROC 64475, NOFILE 4096, AS infinity
load average:0.13 0.21 0.22

/proc/meminfo:
MemTotal:        8269392 kB
MemFree:         5103916 kB
Buffers:          516956 kB
Cached:          1119708 kB
SwapCached:            0 kB
Active:          1882712 kB
Inactive:        1059896 kB
Active(anon):    1306860 kB
Inactive(anon):     2892 kB
Active(file):     575852 kB
Inactive(file):  1057004 kB
Unevictable:          16 kB
Mlocked:              16 kB
HighTotal:       7457720 kB
HighFree:        4997460 kB
LowTotal:         811672 kB
LowFree:          106456 kB
SwapTotal:             0 kB
SwapFree:              0 kB
Dirty:               152 kB
Writeback:            20 kB
AnonPages:       1306808 kB
Mapped:           231452 kB
Shmem:              3808 kB
Slab:             117280 kB
SReclaimable:      90600 kB
SUnreclaim:        26680 kB
KernelStack:        5680 kB
PageTables:        14892 kB
NFS_Unstable:          0 kB
Bounce:               20 kB
WritebackTmp:          0 kB
CommitLimit:     4134696 kB
Committed_AS:    4968164 kB
VmallocTotal:     122880 kB
VmallocUsed:       53304 kB
VmallocChunk:      57332 kB
HardwareCorrupted:     0 kB
AnonHugePages:         0 kB
HugePages_Total:       0
HugePages_Free:        0
HugePages_Rsvd:        0
HugePages_Surp:        0
Hugepagesize:       2048 kB
DirectMap4k:      190456 kB
DirectMap2M:      722944 kB


CPU:total 8 (4 cores per cpu, 2 threads per core) family 6 model 42 stepping 7, cmov, cx8, fxsr, mmx, sse, sse2, sse3, ssse3, sse4.1, sse4.2, popcnt, ht

Memory: 4k page, physical 8269392k(5103860k free), swap 0k(0k free)

vm_info: OpenJDK Server VM (20.0-b12) for linux-x86 JRE (1.6.0_27-b27), built on Nov 16 2013 15:21:31 by "buildd" with gcc 4.6.3

time: Mon Feb 17 15:37:13 2014
elapsed time: 0 seconds

