#
# A fatal error has been detected by the Java Runtime Environment:
#
#  SIGSEGV (0xb) at pc=0xb34fa8b7, pid=8987, tid=3000212288
#
# JRE version: 6.0_27-b27
# Java VM: OpenJDK Client VM (20.0-b12 mixed mode, sharing linux-x86 )
# Derivative: IcedTea6 1.12.6
# Distribution: Ubuntu 12.04 LTS, package 6b27-1.12.6-1ubuntu0.12.04.4
# Problematic frame:
# C  [libsynergy2416.so+0x48b7]  _get_enroll_count+0x22
#
# If you would like to submit a bug report, please include
# instructions how to reproduce the bug and visit:
#   https://bugs.launchpad.net/ubuntu/+source/openjdk-6/
# The crash happened outside the Java Virtual Machine in native code.
# See problematic frame for where to report the bug.
#

---------------  T H R E A D  ---------------

Current thread (0x095a0c00):  JavaThread "SwingWorker-pool-3-thread-1" [_thread_in_native, id=9023, stack(0xb2ce9000,0xb2d3a000)]

siginfo:si_signo=SIGSEGV: si_errno=0, si_code=1 (SEGV_MAPERR), si_addr=0x00000000

Registers:
EAX=0x00000000, EBX=0x8eba8590, ECX=0x095a0d20, EDX=0x00000000
ESP=0xb2d38c90, EBP=0xb2d38ca0, ESI=0x8eba8590, EDI=0x095a0c00
EIP=0xb34fa8b7, EFLAGS=0x00210297, CR2=0x00000000

Top of Stack: (sp=0xb2d38c90)
0xb2d38c90:   b6e11be0 095a1014 00000000 00000000
0xb2d38ca0:   b2d38ca8 b34fb261 b2d38ce8 b34f9fc3
0xb2d38cb0:   b2d38d60 b2d38d30 b4910264 b4902608
0xb2d38cc0:   00000000 b2d38d50 b2d38d30 00000000
0xb2d38cd0:   00000000 8eba8590 095a0c00 b2d38d20
0xb2d38ce0:   b4909fdb 095a0c00 b2d38d20 b490a0dd
0xb2d38cf0:   095a0d20 b2d38d28 b2d38d60 b2d38d60
0xb2d38d00:   b2d38d00 8eba8590 b2d38d2c 8eba9330 

Instructions: (pc=0xb34fa8b7)
0xb34fa897:   e5 83 ec 10 c7 45 f8 00 00 00 00 c7 45 fc 00 00
0xb34fa8a7:   00 00 eb 1b 8b 15 e4 fa 4f b3 8b 45 fc 8d 04 02
0xb34fa8b7:   0f b6 00 84 c0 74 04 83 45 f8 01 83 45 fc 01 a1
0xb34fa8c7:   10 f0 4f b3 39 45 fc 7c db 8b 45 f8 c9 c3 55 89 

Register to memory mapping:

EAX=0x00000000 is an unknown value
EBX=0x8eba8590 is an oop
{method} 
 - klass: {other class}
ECX=0x095a0d20 is an unknown value
EDX=0x00000000 is an unknown value
ESP=0xb2d38c90 is pointing into the stack for thread: 0x095a0c00
EBP=0xb2d38ca0 is pointing into the stack for thread: 0x095a0c00
ESI=0x8eba8590 is an oop
{method} 
 - klass: {other class}
EDI=0x095a0c00 is a thread


Stack: [0xb2ce9000,0xb2d3a000],  sp=0xb2d38c90,  free space=319k
Native frames: (J=compiled Java code, j=interpreted, Vv=VM code, C=native code)
C  [libsynergy2416.so+0x48b7]  _get_enroll_count+0x22
C  [libsynergy2416.so+0x5261]  hlpGetEnrollCount+0x8
C  [libsynergy2416.so+0x3fc3]  Java_com_adp_clocks_synergy2416_demo_FPU_FP_1IDENTIFY_1EMPLOYEE+0x19
j  com.adp.clocks.synergy2416.demo.FPU.FP_IDENTIFY_EMPLOYEE()I+0
j  com.adp.clocks.synergy2416.demo.FPU.identifyEmployee()Ljava/lang/String;+0
j  com.adp.clocks.synergy2416.demo.WelcomeForm$IdentifyEmployeeWorker.doInBackground()Ljava/lang/String;+11
j  com.adp.clocks.synergy2416.demo.WelcomeForm$IdentifyEmployeeWorker.doInBackground()Ljava/lang/Object;+1
j  javax.swing.SwingWorker$1.call()Ljava/lang/Object;+14
j  java.util.concurrent.FutureTask$Sync.innerRun()V+29
j  java.util.concurrent.FutureTask.run()V+4
j  javax.swing.SwingWorker.run()V+4
j  java.util.concurrent.ThreadPoolExecutor.runWorker(Ljava/util/concurrent/ThreadPoolExecutor$Worker;)V+95
j  java.util.concurrent.ThreadPoolExecutor$Worker.run()V+5
j  java.lang.Thread.run()V+11
v  ~StubRoutines::call_stub
V  [libjvm.so+0x2116b6]  JavaCalls::call_helper(JavaValue*, methodHandle*, JavaCallArguments*, Thread*)+0x2c6

Java frames: (J=compiled Java code, j=interpreted, Vv=VM code)
j  com.adp.clocks.synergy2416.demo.FPU.FP_IDENTIFY_EMPLOYEE()I+0
j  com.adp.clocks.synergy2416.demo.FPU.identifyEmployee()Ljava/lang/String;+0
j  com.adp.clocks.synergy2416.demo.WelcomeForm$IdentifyEmployeeWorker.doInBackground()Ljava/lang/String;+11
j  com.adp.clocks.synergy2416.demo.WelcomeForm$IdentifyEmployeeWorker.doInBackground()Ljava/lang/Object;+1
j  javax.swing.SwingWorker$1.call()Ljava/lang/Object;+14
j  java.util.concurrent.FutureTask$Sync.innerRun()V+29
j  java.util.concurrent.FutureTask.run()V+4
j  javax.swing.SwingWorker.run()V+4
j  java.util.concurrent.ThreadPoolExecutor.runWorker(Ljava/util/concurrent/ThreadPoolExecutor$Worker;)V+95
j  java.util.concurrent.ThreadPoolExecutor$Worker.run()V+5
j  java.lang.Thread.run()V+11
v  ~StubRoutines::call_stub

---------------  P R O C E S S  ---------------

Java Threads: ( => current thread )
=>0x095a0c00 JavaThread "SwingWorker-pool-3-thread-1" [_thread_in_native, id=9023, stack(0xb2ce9000,0xb2d3a000)]
  0xb4156000 JavaThread "PulseAudio Eventloop Thread" daemon [_thread_in_native, id=9022, stack(0xb2d3a000,0xb2d8b000)]
  0xb6905c00 JavaThread "DestroyJavaVM" [_thread_blocked, id=8992, stack(0xb6a84000,0xb6ad5000)]
  0x09594c00 JavaThread "pool-1-thread-1" [_thread_blocked, id=9012, stack(0xb32b9000,0xb330a000)]
  0x09573000 JavaThread "Timer-0" [_thread_blocked, id=9011, stack(0xb3394000,0xb33e5000)]
  0x0956e400 JavaThread "TimerQueue" daemon [_thread_blocked, id=9010, stack(0xb33e5000,0xb3436000)]
  0x09473c00 JavaThread "Image Fetcher 3" daemon [_thread_blocked, id=9009, stack(0xb3621000,0xb3672000)]
  0x09508400 JavaThread "Image Fetcher 0" daemon [_thread_blocked, id=9007, stack(0xb3672000,0xb36c3000)]
  0xb699b800 JavaThread "AWT-EventQueue-0" [_thread_blocked, id=9004, stack(0xb3810000,0xb3861000)]
  0xb699a400 JavaThread "AWT-Shutdown" [_thread_blocked, id=9003, stack(0xb3861000,0xb38b2000)]
  0xb6999800 JavaThread "AWT-XAWT" daemon [_thread_in_native, id=9002, stack(0xb38b2000,0xb3903000)]
  0xb6965000 JavaThread "Java2D Disposer" daemon [_thread_blocked, id=9000, stack(0xb39f4000,0xb3a45000)]
  0xb693cc00 JavaThread "Low Memory Detector" daemon [_thread_blocked, id=8998, stack(0xb3e2e000,0xb3e7f000)]
  0xb693ac00 JavaThread "C1 CompilerThread0" daemon [_thread_blocked, id=8997, stack(0xb3e7f000,0xb3f00000)]
  0xb6939400 JavaThread "Signal Dispatcher" daemon [_thread_blocked, id=8996, stack(0xb420d000,0xb425e000)]
  0xb6935400 JavaThread "Finalizer" daemon [_thread_blocked, id=8995, stack(0xb425e000,0xb42af000)]
  0xb6933c00 JavaThread "Reference Handler" daemon [_thread_blocked, id=8994, stack(0xb42af000,0xb4300000)]

Other Threads:
  0xb6932000 VMThread [stack: 0xb4439000,0xb44ba000] [id=8993]
  0xb693f000 WatcherThread [stack: 0xb3dad000,0xb3e2e000] [id=8999]

VM state:not at safepoint (normal execution)

VM Mutex/Monitor currently owned by a thread: None

Heap
 def new generation   total 4928K, used 1294K [0x6ea40000, 0x6ef90000, 0x794e0000)
  eden space 4416K,  17% used [0x6ea40000, 0x6eb03988, 0x6ee90000)
  from space 512K, 100% used [0x6ef10000, 0x6ef90000, 0x6ef90000)
  to   space 512K,   0% used [0x6ee90000, 0x6ee90000, 0x6ef10000)
 tenured generation   total 10944K, used 1791K [0x794e0000, 0x79f90000, 0x8ea40000)
   the space 10944K,  16% used [0x794e0000, 0x7969ffb8, 0x796a0000, 0x79f90000)
 compacting perm gen  total 12288K, used 2233K [0x8ea40000, 0x8f640000, 0x92a40000)
   the space 12288K,  18% used [0x8ea40000, 0x8ec6e7c8, 0x8ec6e800, 0x8f640000)
    ro space 10240K,  74% used [0x92a40000, 0x931a8b40, 0x931a8c00, 0x93440000)
    rw space 12288K,  60% used [0x93440000, 0x93b8ee48, 0x93b8f000, 0x94040000)

Code Cache  [0xb4900000, 0xb4a00000, 0xb6900000)
 total_blobs=547 nmethods=287 adapters=196 free_code_cache=32529408 largest_free_block=64

Dynamic libraries:
08048000-08051000 r-xp 00000000 08:01 1839571    /usr/lib/jvm/java-6-openjdk-i386/jre/bin/java
08051000-08052000 r--p 00008000 08:01 1839571    /usr/lib/jvm/java-6-openjdk-i386/jre/bin/java
08052000-08053000 rw-p 00009000 08:01 1839571    /usr/lib/jvm/java-6-openjdk-i386/jre/bin/java
09465000-095b9000 rw-p 00000000 00:00 0          [heap]
6ea40000-6ef90000 rw-p 00000000 00:00 0 
6ef90000-794e0000 rw-p 00000000 00:00 0 
794e0000-79f90000 rw-p 00000000 00:00 0 
79f90000-8ea40000 rw-p 00000000 00:00 0 
8ea40000-8f640000 rw-p 00000000 00:00 0 
8f640000-92a40000 rw-p 00000000 00:00 0 
92a40000-931a9000 r--s 00001000 08:01 1839781    /usr/lib/jvm/java-6-openjdk-i386/jre/lib/i386/client/classes.jsa
931a9000-93440000 rw-p 00000000 00:00 0 
93440000-93b8f000 rw-p 0076a000 08:01 1839781    /usr/lib/jvm/java-6-openjdk-i386/jre/lib/i386/client/classes.jsa
93b8f000-94040000 rw-p 00000000 00:00 0 
94040000-9413d000 rw-p 00eb9000 08:01 1839781    /usr/lib/jvm/java-6-openjdk-i386/jre/lib/i386/client/classes.jsa
9413d000-94440000 rw-p 00000000 00:00 0 
94440000-94448000 r-xs 00fb6000 08:01 1839781    /usr/lib/jvm/java-6-openjdk-i386/jre/lib/i386/client/classes.jsa
94448000-94840000 rw-p 00000000 00:00 0 
aa588000-ae589000 rw-s 00000000 00:12 63033      /run/shm/pulse-shm-2856179506
ae589000-ae58a000 ---p 00000000 00:00 0 
ae58a000-aed8a000 rw-p 00000000 00:00 0 
b2ce9000-b2cec000 ---p 00000000 00:00 0 
b2cec000-b2d3a000 rw-p 00000000 00:00 0          [stack:9023]
b2d3a000-b2d3d000 ---p 00000000 00:00 0 
b2d3d000-b2d8b000 rw-p 00000000 00:00 0          [stack:9022]
b2d8b000-b2dd6000 rw-s 00000000 00:04 31096863   /SYSV00000000 (deleted)
b2dd6000-b2e21000 rw-s 00000000 00:04 31064091   /SYSV00000000 (deleted)
b2e21000-b2e34000 r-xp 00000000 08:01 252403     /lib/i386-linux-gnu/libresolv-2.15.so
b2e34000-b2e35000 ---p 00013000 08:01 252403     /lib/i386-linux-gnu/libresolv-2.15.so
b2e35000-b2e36000 r--p 00013000 08:01 252403     /lib/i386-linux-gnu/libresolv-2.15.so
b2e36000-b2e37000 rw-p 00014000 08:01 252403     /lib/i386-linux-gnu/libresolv-2.15.so
b2e37000-b2e39000 rw-p 00000000 00:00 0 
b2e39000-b2e3f000 r-xp 00000000 08:01 17212      /usr/lib/i386-linux-gnu/libogg.so.0.7.1
b2e3f000-b2e40000 r--p 00005000 08:01 17212      /usr/lib/i386-linux-gnu/libogg.so.0.7.1
b2e40000-b2e41000 rw-p 00006000 08:01 17212      /usr/lib/i386-linux-gnu/libogg.so.0.7.1
b2e41000-b2e6a000 r-xp 00000000 08:01 17362      /usr/lib/i386-linux-gnu/libvorbis.so.0.4.5
b2e6a000-b2e6b000 r--p 00028000 08:01 17362      /usr/lib/i386-linux-gnu/libvorbis.so.0.4.5
b2e6b000-b2e6c000 rw-p 00029000 08:01 17362      /usr/lib/i386-linux-gnu/libvorbis.so.0.4.5
b2e6c000-b2fd2000 r-xp 00000000 08:01 17364      /usr/lib/i386-linux-gnu/libvorbisenc.so.2.0.8
b2fd2000-b2fe3000 r--p 00165000 08:01 17364      /usr/lib/i386-linux-gnu/libvorbisenc.so.2.0.8
b2fe3000-b2fe4000 rw-p 00176000 08:01 17364      /usr/lib/i386-linux-gnu/libvorbisenc.so.2.0.8
b2fe4000-b3030000 r-xp 00000000 08:01 16731      /usr/lib/i386-linux-gnu/libFLAC.so.8.2.0
b3030000-b3031000 r--p 0004b000 08:01 16731      /usr/lib/i386-linux-gnu/libFLAC.so.8.2.0
b3031000-b3032000 rw-p 0004c000 08:01 16731      /usr/lib/i386-linux-gnu/libFLAC.so.8.2.0
b3032000-b3037000 r-xp 00000000 08:01 16847      /usr/lib/i386-linux-gnu/libasyncns.so.0.3.1
b3037000-b3038000 r--p 00004000 08:01 16847      /usr/lib/i386-linux-gnu/libasyncns.so.0.3.1
b3038000-b3039000 rw-p 00005000 08:01 16847      /usr/lib/i386-linux-gnu/libasyncns.so.0.3.1
b3039000-b30a5000 r-xp 00000000 08:01 17307      /usr/lib/i386-linux-gnu/libsndfile.so.1.0.25
b30a5000-b30a6000 r--p 0006c000 08:01 17307      /usr/lib/i386-linux-gnu/libsndfile.so.1.0.25
b30a6000-b30a7000 rw-p 0006d000 08:01 17307      /usr/lib/i386-linux-gnu/libsndfile.so.1.0.25
b30a7000-b30ab000 rw-p 00000000 00:00 0 
b30ab000-b30b3000 r-xp 00000000 08:01 252334     /lib/i386-linux-gnu/libwrap.so.0.7.6
b30b3000-b30b4000 r--p 00007000 08:01 252334     /lib/i386-linux-gnu/libwrap.so.0.7.6
b30b4000-b30b5000 rw-p 00008000 08:01 252334     /lib/i386-linux-gnu/libwrap.so.0.7.6
b30b5000-b30fc000 r-xp 00000000 08:01 252249     /lib/i386-linux-gnu/libdbus-1.so.3.5.8
b30fc000-b30fd000 r--p 00047000 08:01 252249     /lib/i386-linux-gnu/libdbus-1.so.3.5.8
b30fd000-b30fe000 rw-p 00048000 08:01 252249     /lib/i386-linux-gnu/libdbus-1.so.3.5.8
b30fe000-b3161000 r-xp 00000000 08:01 12624      /usr/lib/i386-linux-gnu/libpulsecommon-1.1.so
b3161000-b3162000 r--p 00062000 08:01 12624      /usr/lib/i386-linux-gnu/libpulsecommon-1.1.so
b3162000-b3163000 rw-p 00063000 08:01 12624      /usr/lib/i386-linux-gnu/libpulsecommon-1.1.so
b3163000-b31af000 r-xp 00000000 08:01 12623      /usr/lib/i386-linux-gnu/libpulse.so.0.13.5
b31af000-b31b0000 r--p 0004b000 08:01 12623      /usr/lib/i386-linux-gnu/libpulse.so.0.13.5
b31b0000-b31b1000 rw-p 0004c000 08:01 12623      /usr/lib/i386-linux-gnu/libpulse.so.0.13.5
b31b1000-b329e000 r-xp 00000000 08:01 16845      /usr/lib/i386-linux-gnu/libasound.so.2.0.0
b329e000-b32a2000 r--p 000ec000 08:01 16845      /usr/lib/i386-linux-gnu/libasound.so.2.0.0
b32a2000-b32a3000 rw-p 000f0000 08:01 16845      /usr/lib/i386-linux-gnu/libasound.so.2.0.0
b32a3000-b32b0000 r-xp 00000000 08:01 1839792    /usr/lib/jvm/java-6-openjdk-i386/jre/lib/i386/libpulse-java.so
b32b0000-b32b1000 r--p 0000c000 08:01 1839792    /usr/lib/jvm/java-6-openjdk-i386/jre/lib/i386/libpulse-java.so
b32b1000-b32b2000 rw-p 0000d000 08:01 1839792    /usr/lib/jvm/java-6-openjdk-i386/jre/lib/i386/libpulse-java.so
b32b2000-b32b7000 r-xp 00000000 08:01 17411      /usr/lib/i386-linux-gnu/alsa-lib/libasound_module_pcm_pulse.so
b32b7000-b32b8000 r--p 00004000 08:01 17411      /usr/lib/i386-linux-gnu/alsa-lib/libasound_module_pcm_pulse.so
b32b8000-b32b9000 rw-p 00005000 08:01 17411      /usr/lib/i386-linux-gnu/alsa-lib/libasound_module_pcm_pulse.so
b32b9000-b32bc000 ---p 00000000 00:00 0 
b32bc000-b330a000 rw-p 00000000 00:00 0          [stack:9012]
b330a000-b332b000 r-xp 00000000 08:01 17358      /usr/lib/i386-linux-gnu/libv4lconvert.so.0
b332b000-b332c000 r--p 00021000 08:01 17358      /usr/lib/i386-linux-gnu/libv4lconvert.so.0
b332c000-b332d000 rw-p 00022000 08:01 17358      /usr/lib/i386-linux-gnu/libv4lconvert.so.0
b332d000-b337f000 rw-p 00000000 00:00 0 
b337f000-b3392000 r-xp 00000000 08:01 8712       /usr/lib/libvideo.so.0
b3392000-b3393000 r--p 00012000 08:01 8712       /usr/lib/libvideo.so.0
b3393000-b3394000 rw-p 00013000 08:01 8712       /usr/lib/libvideo.so.0
b3394000-b3397000 ---p 00000000 00:00 0 
b3397000-b33e5000 rw-p 00000000 00:00 0          [stack:9011]
b33e5000-b33e8000 ---p 00000000 00:00 0 
b33e8000-b34bc000 rw-p 00000000 00:00 0          [stack:9010]
b34bf000-b34c5000 r-xp 00000000 08:01 17146      /usr/lib/i386-linux-gnu/libjson.so.0.0.1
b34c5000-b34c6000 r--p 00005000 08:01 17146      /usr/lib/i386-linux-gnu/libjson.so.0.0.1
b34c6000-b34c7000 rw-p 00006000 08:01 17146      /usr/lib/i386-linux-gnu/libjson.so.0.0.1
b34ca000-b34d9000 r-xp 00000000 08:01 1839790    /usr/lib/jvm/java-6-openjdk-i386/jre/lib/i386/libjsoundalsa.so
b34d9000-b34da000 r--p 0000e000 08:01 1839790    /usr/lib/jvm/java-6-openjdk-i386/jre/lib/i386/libjsoundalsa.so
b34da000-b34db000 rw-p 0000f000 08:01 1839790    /usr/lib/jvm/java-6-openjdk-i386/jre/lib/i386/libjsoundalsa.so
b34db000-b34dc000 r-xp 00000000 08:01 1839628    /usr/lib/jvm/java-6-openjdk-i386/jre/lib/i386/libjsound.so
b34dc000-b34dd000 r--p 00000000 08:01 1839628    /usr/lib/jvm/java-6-openjdk-i386/jre/lib/i386/libjsound.so
b34dd000-b34de000 rw-p 00001000 08:01 1839628    /usr/lib/jvm/java-6-openjdk-i386/jre/lib/i386/libjsound.so
b34de000-b34e5000 r--s 00000000 08:01 14251      /usr/lib/i386-linux-gnu/gconv/gconv-modules.cache
b34e5000-b34f4000 r-xp 00000000 08:01 524448     /usr/lib/jni/libv4l4j.so
b34f4000-b34f5000 r--p 0000e000 08:01 524448     /usr/lib/jni/libv4l4j.so
b34f5000-b34f6000 rw-p 0000f000 08:01 524448     /usr/lib/jni/libv4l4j.so
b34f6000-b34fe000 r-xp 00000000 08:01 524557     /usr/lib/jni/libsynergy2416.so
b34fe000-b34ff000 r--p 00007000 08:01 524557     /usr/lib/jni/libsynergy2416.so
b34ff000-b3500000 rw-p 00008000 08:01 524557     /usr/lib/jni/libsynergy2416.so
b3500000-b3580000 rw-p 00000000 00:00 0 
b3580000-b3600000 ---p 00000000 00:00 0 
b3600000-b3608000 r-xp 00000000 08:01 1839626    /usr/lib/jvm/java-6-openjdk-i386/jre/lib/i386/libnio.so
b3608000-b3609000 r--p 00007000 08:01 1839626    /usr/lib/jvm/java-6-openjdk-i386/jre/lib/i386/libnio.so
b3609000-b360a000 rw-p 00008000 08:01 1839626    /usr/lib/jvm/java-6-openjdk-i386/jre/lib/i386/libnio.so
b360a000-b361f000 r-xp 00000000 08:01 1839614    /usr/lib/jvm/java-6-openjdk-i386/jre/lib/i386/libnet.so
b361f000-b3620000 r--p 00014000 08:01 1839614    /usr/lib/jvm/java-6-openjdk-i386/jre/lib/i386/libnet.so
b3620000-b3621000 rw-p 00015000 08:01 1839614    /usr/lib/jvm/java-6-openjdk-i386/jre/lib/i386/libnet.so
b3621000-b3624000 ---p 00000000 00:00 0 
b3624000-b3672000 rw-p 00000000 00:00 0          [stack:9009]
b3672000-b3675000 ---p 00000000 00:00 0 
b3675000-b36c3000 rw-p 00000000 00:00 0          [stack:9007]
b36c3000-b3711000 r--s 008b6000 08:01 2243423    /opt/eclipse-standard/plugins/com.ibm.icu_50.1.1.v201304230130.jar
b3711000-b3753000 r--s 00367000 08:01 2243377    /opt/eclipse-standard/plugins/org.eclipse.ui.workbench_3.105.1.v20130821-1411.jar
b3753000-b3766000 r--s 000e0000 08:01 2243213    /opt/eclipse-standard/plugins/org.eclipse.jface.text_3.8.101.v20130802-1147.jar
b3766000-b377a000 r--s 000f9000 08:01 2243526    /opt/eclipse-standard/plugins/org.eclipse.jface_3.9.1.v20130725-1141.jar
b377a000-b378f000 r--s 0023a000 08:01 2243675    /opt/eclipse-standard/plugins/org.eclipse.swt.gtk.linux.x86_3.102.1.v20130827-2048.jar
b378f000-b37d4000 r-xp 00000000 08:01 11892      /usr/lib/i386-linux-gnu/libjpeg.so.8.0.2
b37d4000-b37d5000 r--p 00044000 08:01 11892      /usr/lib/i386-linux-gnu/libjpeg.so.8.0.2
b37d5000-b37d6000 rw-p 00045000 08:01 11892      /usr/lib/i386-linux-gnu/libjpeg.so.8.0.2
b37d6000-b37e6000 rw-p 00000000 00:00 0 
b37e6000-b380e000 r-xp 00000000 08:01 252306     /lib/i386-linux-gnu/libpng12.so.0.46.0
b380e000-b380f000 r--p 00027000 08:01 252306     /lib/i386-linux-gnu/libpng12.so.0.46.0
b380f000-b3810000 rw-p 00028000 08:01 252306     /lib/i386-linux-gnu/libpng12.so.0.46.0
b3810000-b3813000 ---p 00000000 00:00 0 
b3813000-b3861000 rw-p 00000000 00:00 0          [stack:9004]
b3861000-b3864000 ---p 00000000 00:00 0 
b3864000-b38b2000 rw-p 00000000 00:00 0          [stack:9003]
b38b2000-b38b5000 ---p 00000000 00:00 0 
b38b5000-b3903000 rw-p 00000000 00:00 0          [stack:9002]
b3903000-b3904000 r--s 00000000 08:01 3570       /var/cache/fontconfig/c05880de57d1f5e948fdfacc138775d9-le32d4.cache-3
b3904000-b390a000 r--s 00000000 08:01 3565       /var/cache/fontconfig/945677eb7aeaf62f1d50efc3fb3ec7d8-le32d4.cache-3
b390a000-b390d000 r--s 00000000 08:01 519519     /var/cache/fontconfig/99e8ed0e538f840c565b6ed5dad60d56-le32d4.cache-3
b390d000-b3910000 r--s 00000000 08:01 3552       /var/cache/fontconfig/2cd17615ca594fa2959ae173292e504c-le32d4.cache-3
b3910000-b3911000 r--s 00000000 08:01 3577       /var/cache/fontconfig/e7071f4a29fa870f4323321c154eba04-le32d4.cache-3
b3911000-b3912000 r--s 00000000 08:01 3550       /var/cache/fontconfig/0d8c3b2ac0904cb8a57a757ad11a4a08-le32d4.cache-3
b3912000-b3916000 r--s 00000000 08:01 3567       /var/cache/fontconfig/a755afe4a08bf5b97852ceb7400b47bc-le32d4.cache-3
b3916000-b391d000 r--s 00000000 08:01 1579180    /var/cache/fontconfig/6d41288fd70b0be22e8c3a91e032eec0-le32d4.cache-3
b391d000-b3928000 r--s 00000000 08:01 3549       /var/cache/fontconfig/04aabc0a78ac019cf9454389977116d2-le32d4.cache-3
b3928000-b392b000 r--s 00000000 08:01 3555       /var/cache/fontconfig/385c0604a188198f04d133e54aba7fe7-le32d4.cache-3
b392b000-b392c000 r--s 00000000 08:01 3572       /var/cache/fontconfig/4794a0821666d79190d59a36cb4f44b5-le32d4.cache-3
b392c000-b3930000 r--s 00000000 08:01 3553       /var/cache/fontconfig/3047814df9a2f067bd2d96a2b9c36e5a-le32d4.cache-3
b3930000-b3935000 r--s 00045000 08:01 2243421    /opt/eclipse-standard/plugins/org.eclipse.ui.forms_3.6.1.v20130822-1117.jar
b3935000-b393a000 r--s 00038000 08:01 2243571    /opt/eclipse-standard/plugins/org.eclipse.text_3.5.300.v20130515-1451.jar
b393a000-b3942000 r-xp 00000000 08:01 1839774    /usr/lib/i386-linux-gnu/libgif.so.4.1.6
b3942000-b3943000 r--p 00007000 08:01 1839774    /usr/lib/i386-linux-gnu/libgif.so.4.1.6
b3943000-b3944000 rw-p 00008000 08:01 1839774    /usr/lib/i386-linux-gnu/libgif.so.4.1.6
b3944000-b3946000 rw-p 00000000 00:00 0 
b3946000-b395a000 r--s 00140000 08:01 2243684    /opt/eclipse-standard/plugins/org.eclipse.osgi_3.9.1.v20130814-1242.jar
b395a000-b395b000 r--s 00000000 08:01 3570       /var/cache/fontconfig/c05880de57d1f5e948fdfacc138775d9-le32d4.cache-3
b395b000-b3961000 r--s 00000000 08:01 3565       /var/cache/fontconfig/945677eb7aeaf62f1d50efc3fb3ec7d8-le32d4.cache-3
b3961000-b3964000 r--s 00000000 08:01 519519     /var/cache/fontconfig/99e8ed0e538f840c565b6ed5dad60d56-le32d4.cache-3
b3964000-b3967000 r--s 00000000 08:01 3552       /var/cache/fontconfig/2cd17615ca594fa2959ae173292e504c-le32d4.cache-3
b3967000-b3968000 r--s 00000000 08:01 3577       /var/cache/fontconfig/e7071f4a29fa870f4323321c154eba04-le32d4.cache-3
b3968000-b396c000 r--s 00000000 08:01 3567       /var/cache/fontconfig/a755afe4a08bf5b97852ceb7400b47bc-le32d4.cache-3
b396c000-b3973000 r--s 00000000 08:01 1579180    /var/cache/fontconfig/6d41288fd70b0be22e8c3a91e032eec0-le32d4.cache-3
b3973000-b397e000 r--s 00000000 08:01 3549       /var/cache/fontconfig/04aabc0a78ac019cf9454389977116d2-le32d4.cache-3
b397e000-b3981000 r--s 00000000 08:01 3555       /var/cache/fontconfig/385c0604a188198f04d133e54aba7fe7-le32d4.cache-3
b3981000-b3985000 r--s 00000000 08:01 3553       /var/cache/fontconfig/3047814df9a2f067bd2d96a2b9c36e5a-le32d4.cache-3
b3985000-b3989000 r--s 00000000 08:01 3568       /var/cache/fontconfig/b47c4e1ecd0709278f4910c18777a504-le32d4.cache-3
b3989000-b3996000 r--s 00000000 08:01 3573       /var/cache/fontconfig/d52a8644073d54c13679302ca1180695-le32d4.cache-3
b3996000-b3999000 r--s 00000000 08:01 3564       /var/cache/fontconfig/8801497958630a81b71ace7c5f9b32a8-le32d4.cache-3
b3999000-b399d000 r--s 00000000 08:01 3568       /var/cache/fontconfig/b47c4e1ecd0709278f4910c18777a504-le32d4.cache-3
b399d000-b39aa000 r--s 00000000 08:01 3573       /var/cache/fontconfig/d52a8644073d54c13679302ca1180695-le32d4.cache-3
b39aa000-b39ad000 r--s 00019000 08:01 864259     /home/chaol/workspace-java/ADP-Demo-GUI/src/com/adp/clocks/synergy2416/res/v4l4j.jar
b39ad000-b39b0000 r--s 0002a000 08:01 2243555    /opt/eclipse-standard/plugins/org.eclipse.equinox.registry_3.5.301.v20130717-1549.jar
b39b0000-b39b4000 r-xp 00000000 08:01 13641      /usr/lib/i386-linux-gnu/libXfixes.so.3.1.0
b39b4000-b39b5000 r--p 00004000 08:01 13641      /usr/lib/i386-linux-gnu/libXfixes.so.3.1.0
b39b5000-b39b6000 rw-p 00005000 08:01 13641      /usr/lib/i386-linux-gnu/libXfixes.so.3.1.0
b39b6000-b39bf000 r-xp 00000000 08:01 16793      /usr/lib/i386-linux-gnu/libXcursor.so.1.0.2
b39bf000-b39c0000 r--p 00008000 08:01 16793      /usr/lib/i386-linux-gnu/libXcursor.so.1.0.2
b39c0000-b39c1000 rw-p 00009000 08:01 16793      /usr/lib/i386-linux-gnu/libXcursor.so.1.0.2
b39c1000-b39c3000 r--s 00010000 08:01 2243198    /opt/eclipse-standard/plugins/org.eclipse.core.runtime_3.9.0.v20130326-1255.jar
b39c3000-b39c6000 r--s 00018000 08:01 2243752    /opt/eclipse-standard/plugins/org.eclipse.equinox.common_3.6.200.v20130402-1505.jar
b39c6000-b39c9000 r--s 00018000 08:01 2243511    /opt/eclipse-standard/plugins/org.eclipse.core.commands_3.6.100.v20130515-1857.jar
b39c9000-b39ca000 rw-p 00000000 00:00 0 
b39ca000-b39d3000 r-xp 00000000 08:01 1839791    /usr/lib/jvm/java-6-openjdk-i386/jre/lib/i386/libsplashscreen.so
b39d3000-b39d4000 r--p 00008000 08:01 1839791    /usr/lib/jvm/java-6-openjdk-i386/jre/lib/i386/libsplashscreen.so
b39d4000-b39d5000 rw-p 00009000 08:01 1839791    /usr/lib/jvm/java-6-openjdk-i386/jre/lib/i386/libsplashscreen.so
b39d5000-b39d7000 rw-p 00000000 00:00 0 
b39d7000-b39de000 r--s 000fc000 08:01 1838998    /usr/lib/jvm/java-6-openjdk-common/jre/lib/resources.jar
b39de000-b39df000 r--s 00000000 08:01 3558       /var/cache/fontconfig/56cf4f4769d0f4abc89a4895d7bd3ae1-le32d4.cache-3
b39df000-b39e0000 r--s 00000000 08:01 3569       /var/cache/fontconfig/b9d506c9ac06c20b433354fa67a72993-le32d4.cache-3
b39e0000-b39e9000 r--s 00000000 08:01 519518     /var/cache/fontconfig/089dead882dea3570ffc31a9898cfb69-le32d4.cache-3
b39e9000-b39f1000 r--s 00000000 08:01 11176      /var/cache/fontconfig/e13b20fdb08344e0e664864cc2ede53d-le32d4.cache-3
b39f1000-b39f4000 r--s 00000000 08:01 519517     /var/cache/fontconfig/7ef2298fde41cc6eeb7af42e48b7d293-le32d4.cache-3
b39f4000-b39f7000 ---p 00000000 00:00 0 
b39f7000-b3a45000 rw-p 00000000 00:00 0          [stack:9000]
b3a45000-b3ada000 r-xp 00000000 08:01 16989      /usr/lib/i386-linux-gnu/libfreetype.so.6.8.0
b3ada000-b3ade000 r--p 00094000 08:01 16989      /usr/lib/i386-linux-gnu/libfreetype.so.6.8.0
b3ade000-b3adf000 rw-p 00098000 08:01 16989      /usr/lib/i386-linux-gnu/libfreetype.so.6.8.0
b3adf000-b3b27000 r-xp 00000000 08:01 1839595    /usr/lib/jvm/java-6-openjdk-i386/jre/lib/i386/libfontmanager.so
b3b27000-b3b28000 r--p 00048000 08:01 1839595    /usr/lib/jvm/java-6-openjdk-i386/jre/lib/i386/libfontmanager.so
b3b28000-b3b29000 rw-p 00049000 08:01 1839595    /usr/lib/jvm/java-6-openjdk-i386/jre/lib/i386/libfontmanager.so
b3b29000-b3b2e000 r-xp 00000000 08:01 16797      /usr/lib/i386-linux-gnu/libXdmcp.so.6.0.0
b3b2e000-b3b2f000 r--p 00004000 08:01 16797      /usr/lib/i386-linux-gnu/libXdmcp.so.6.0.0
b3b2f000-b3b30000 rw-p 00005000 08:01 16797      /usr/lib/i386-linux-gnu/libXdmcp.so.6.0.0
b3b30000-b3b4f000 r-xp 00000000 08:01 17393      /usr/lib/i386-linux-gnu/libxcb.so.1.1.0
b3b4f000-b3b50000 r--p 0001f000 08:01 17393      /usr/lib/i386-linux-gnu/libxcb.so.1.1.0
b3b50000-b3b51000 rw-p 00020000 08:01 17393      /usr/lib/i386-linux-gnu/libxcb.so.1.1.0
b3b51000-b3b60000 r-xp 00000000 08:01 8381       /usr/lib/i386-linux-gnu/libXi.so.6.1.0
b3b60000-b3b61000 r--p 0000e000 08:01 8381       /usr/lib/i386-linux-gnu/libXi.so.6.1.0
b3b61000-b3b62000 rw-p 0000f000 08:01 8381       /usr/lib/i386-linux-gnu/libXi.so.6.1.0
b3b62000-b3b67000 r-xp 00000000 08:01 16825      /usr/lib/i386-linux-gnu/libXtst.so.6.1.0
b3b67000-b3b68000 r--p 00004000 08:01 16825      /usr/lib/i386-linux-gnu/libXtst.so.6.1.0
b3b68000-b3b69000 rw-p 00005000 08:01 16825      /usr/lib/i386-linux-gnu/libXtst.so.6.1.0
b3b69000-b3c99000 r-xp 00000000 08:01 14323      /usr/lib/i386-linux-gnu/libX11.so.6.3.0
b3c99000-b3c9a000 r--p 0012f000 08:01 14323      /usr/lib/i386-linux-gnu/libX11.so.6.3.0
b3c9a000-b3c9c000 rw-p 00130000 08:01 14323      /usr/lib/i386-linux-gnu/libX11.so.6.3.0
b3c9c000-b3c9d000 rw-p 00000000 00:00 0 
b3c9d000-b3ce9000 r-xp 00000000 08:01 1839789    /usr/lib/jvm/java-6-openjdk-i386/jre/lib/i386/xawt/libmawt.so
b3ce9000-b3cea000 r--p 0004b000 08:01 1839789    /usr/lib/jvm/java-6-openjdk-i386/jre/lib/i386/xawt/libmawt.so
b3cea000-b3cec000 rw-p 0004c000 08:01 1839789    /usr/lib/jvm/java-6-openjdk-i386/jre/lib/i386/xawt/libmawt.so
b3cec000-b3ced000 rw-p 00000000 00:00 0 
b3ced000-b3d81000 r-xp 00000000 08:01 1839605    /usr/lib/jvm/java-6-openjdk-i386/jre/lib/i386/libawt.so
b3d81000-b3d82000 r--p 00093000 08:01 1839605    /usr/lib/jvm/java-6-openjdk-i386/jre/lib/i386/libawt.so
b3d82000-b3d89000 rw-p 00094000 08:01 1839605    /usr/lib/jvm/java-6-openjdk-i386/jre/lib/i386/libawt.so
b3d89000-b3dad000 rw-p 00000000 00:00 0 
b3dad000-b3dae000 ---p 00000000 00:00 0 
b3dae000-b3e2e000 rw-p 00000000 00:00 0          [stack:8999]
b3e2e000-b3e31000 ---p 00000000 00:00 0 
b3e31000-b3e7f000 rw-p 00000000 00:00 0          [stack:8998]
b3e7f000-b3e82000 ---p 00000000 00:00 0 
b3e82000-b3f00000 rw-p 00000000 00:00 0          [stack:8997]
b3f00000-b4100000 r--p 00000000 08:01 19412      /usr/lib/locale/locale-archive
b4100000-b4169000 rw-p 00000000 00:00 0 
b4169000-b4200000 ---p 00000000 00:00 0 
b4200000-b4203000 r--s 00000000 08:01 3564       /var/cache/fontconfig/8801497958630a81b71ace7c5f9b32a8-le32d4.cache-3
b4203000-b420b000 r-xp 00000000 08:01 16821      /usr/lib/i386-linux-gnu/libXrender.so.1.3.0
b420b000-b420c000 r--p 00007000 08:01 16821      /usr/lib/i386-linux-gnu/libXrender.so.1.3.0
b420c000-b420d000 rw-p 00008000 08:01 16821      /usr/lib/i386-linux-gnu/libXrender.so.1.3.0
b420d000-b4210000 ---p 00000000 00:00 0 
b4210000-b425e000 rw-p 00000000 00:00 0          [stack:8996]
b425e000-b4261000 ---p 00000000 00:00 0 
b4261000-b42af000 rw-p 00000000 00:00 0          [stack:8995]
b42af000-b42b2000 ---p 00000000 00:00 0 
b42b2000-b4300000 rw-p 00000000 00:00 0          [stack:8994]
b4300000-b43fb000 rw-p 00000000 00:00 0 
b43fb000-b4400000 ---p 00000000 00:00 0 
b4400000-b4401000 r--s 00000000 08:01 3550       /var/cache/fontconfig/0d8c3b2ac0904cb8a57a757ad11a4a08-le32d4.cache-3
b4401000-b4402000 r--s 00000000 08:01 3572       /var/cache/fontconfig/4794a0821666d79190d59a36cb4f44b5-le32d4.cache-3
b4402000-b4404000 r-xp 00000000 08:01 16786      /usr/lib/i386-linux-gnu/libXau.so.6.0.0
b4404000-b4405000 r--p 00001000 08:01 16786      /usr/lib/i386-linux-gnu/libXau.so.6.0.0
b4405000-b4406000 rw-p 00002000 08:01 16786      /usr/lib/i386-linux-gnu/libXau.so.6.0.0
b4406000-b4416000 r-xp 00000000 08:01 16799      /usr/lib/i386-linux-gnu/libXext.so.6.4.0
b4416000-b4417000 r--p 0000f000 08:01 16799      /usr/lib/i386-linux-gnu/libXext.so.6.4.0
b4417000-b4418000 rw-p 00010000 08:01 16799      /usr/lib/i386-linux-gnu/libXext.so.6.4.0
b4418000-b4419000 r--s 00000000 08:01 3558       /var/cache/fontconfig/56cf4f4769d0f4abc89a4895d7bd3ae1-le32d4.cache-3
b4419000-b441a000 r--s 00000000 08:01 3569       /var/cache/fontconfig/b9d506c9ac06c20b433354fa67a72993-le32d4.cache-3
b441a000-b4423000 r--s 00000000 08:01 519518     /var/cache/fontconfig/089dead882dea3570ffc31a9898cfb69-le32d4.cache-3
b4423000-b442b000 r--s 00000000 08:01 11176      /var/cache/fontconfig/e13b20fdb08344e0e664864cc2ede53d-le32d4.cache-3
b442b000-b442e000 r--s 00000000 08:01 519517     /var/cache/fontconfig/7ef2298fde41cc6eeb7af42e48b7d293-le32d4.cache-3
b442e000-b4430000 r--s 0000f000 08:01 1838988    /usr/lib/jvm/java-6-openjdk-common/jre/lib/ext/pulse-java.jar
b4430000-b4432000 r--s 00001000 08:01 1838990    /usr/lib/jvm/java-6-openjdk-common/jre/lib/ext/dnsns.jar
b4432000-b4435000 r--s 00077000 08:01 1838989    /usr/lib/jvm/java-6-openjdk-common/jre/lib/ext/localedata.jar
b4435000-b4439000 r--s 00039000 08:01 1838987    /usr/lib/jvm/java-6-openjdk-common/jre/lib/ext/sunpkcs11.jar
b4439000-b443a000 ---p 00000000 00:00 0 
b443a000-b44ed000 rw-p 00000000 00:00 0          [stack:8993]
b44ed000-b4681000 r--s 03822000 08:01 1839584    /usr/lib/jvm/java-6-openjdk-i386/jre/lib/rt.jar
b4681000-b468f000 rw-p 00000000 00:00 0 
b468f000-b46a9000 rw-p 00000000 00:00 0 
b46a9000-b46af000 rw-p 00000000 00:00 0 
b46af000-b4754000 rw-p 00000000 00:00 0 
b4754000-b4757000 rw-p 00000000 00:00 0 
b4757000-b47a9000 rw-p 00000000 00:00 0 
b47a9000-b47af000 rw-p 00000000 00:00 0 
b47af000-b4854000 rw-p 00000000 00:00 0 
b4854000-b485a000 rw-p 00000000 00:00 0 
b485a000-b4874000 rw-p 00000000 00:00 0 
b4874000-b4884000 rw-p 00000000 00:00 0 
b4884000-b4900000 rw-p 00000000 00:00 0 
b4900000-b4a00000 rwxp 00000000 00:00 0 
b4a00000-b69aa000 rw-p 00000000 00:00 0 
b69aa000-b6a00000 ---p 00000000 00:00 0 
b6a00000-b6a0b000 r-xp 00000000 08:01 255736     /lib/i386-linux-gnu/libnss_files-2.15.so
b6a0b000-b6a0c000 r--p 0000a000 08:01 255736     /lib/i386-linux-gnu/libnss_files-2.15.so
b6a0c000-b6a0d000 rw-p 0000b000 08:01 255736     /lib/i386-linux-gnu/libnss_files-2.15.so
b6a0d000-b6a17000 r-xp 00000000 08:01 255735     /lib/i386-linux-gnu/libnss_nis-2.15.so
b6a17000-b6a18000 r--p 00009000 08:01 255735     /lib/i386-linux-gnu/libnss_nis-2.15.so
b6a18000-b6a19000 rw-p 0000a000 08:01 255735     /lib/i386-linux-gnu/libnss_nis-2.15.so
b6a19000-b6a2f000 r-xp 00000000 08:01 252399     /lib/i386-linux-gnu/libnsl-2.15.so
b6a2f000-b6a30000 r--p 00015000 08:01 252399     /lib/i386-linux-gnu/libnsl-2.15.so
b6a30000-b6a31000 rw-p 00016000 08:01 252399     /lib/i386-linux-gnu/libnsl-2.15.so
b6a31000-b6a33000 rw-p 00000000 00:00 0 
b6a33000-b6a3a000 r-xp 00000000 08:01 255737     /lib/i386-linux-gnu/libnss_compat-2.15.so
b6a3a000-b6a3b000 r--p 00006000 08:01 255737     /lib/i386-linux-gnu/libnss_compat-2.15.so
b6a3b000-b6a3c000 rw-p 00007000 08:01 255737     /lib/i386-linux-gnu/libnss_compat-2.15.so
b6a3c000-b6a3d000 r--s 00007000 08:01 1839824    /usr/share/java/java-atk-wrapper.jar
b6a3d000-b6a40000 r--s 00031000 08:01 1838991    /usr/lib/jvm/java-6-openjdk-common/jre/lib/ext/sunjce_provider.jar
b6a40000-b6a41000 r--p 005e0000 08:01 19412      /usr/lib/locale/locale-archive
b6a41000-b6a48000 r-xp 00000000 08:01 1839612    /usr/lib/jvm/java-6-openjdk-i386/jre/lib/i386/libzip.so
b6a48000-b6a49000 r--p 00006000 08:01 1839612    /usr/lib/jvm/java-6-openjdk-i386/jre/lib/i386/libzip.so
b6a49000-b6a4a000 rw-p 00007000 08:01 1839612    /usr/lib/jvm/java-6-openjdk-i386/jre/lib/i386/libzip.so
b6a4a000-b6a52000 rw-s 00000000 08:01 944404     /tmp/hsperfdata_chaol/8987
b6a52000-b6a78000 r-xp 00000000 08:01 1839598    /usr/lib/jvm/java-6-openjdk-i386/jre/lib/i386/libjava.so
b6a78000-b6a79000 r--p 00025000 08:01 1839598    /usr/lib/jvm/java-6-openjdk-i386/jre/lib/i386/libjava.so
b6a79000-b6a7b000 rw-p 00026000 08:01 1839598    /usr/lib/jvm/java-6-openjdk-i386/jre/lib/i386/libjava.so
b6a7b000-b6a82000 r-xp 00000000 08:01 252408     /lib/i386-linux-gnu/librt-2.15.so
b6a82000-b6a83000 r--p 00006000 08:01 252408     /lib/i386-linux-gnu/librt-2.15.so
b6a83000-b6a84000 rw-p 00007000 08:01 252408     /lib/i386-linux-gnu/librt-2.15.so
b6a84000-b6a87000 ---p 00000000 00:00 0 
b6a87000-b6ad5000 rw-p 00000000 00:00 0          [stack:8992]
b6ad5000-b6af1000 r-xp 00000000 08:01 252257     /lib/i386-linux-gnu/libgcc_s.so.1
b6af1000-b6af2000 r--p 0001b000 08:01 252257     /lib/i386-linux-gnu/libgcc_s.so.1
b6af2000-b6af3000 rw-p 0001c000 08:01 252257     /lib/i386-linux-gnu/libgcc_s.so.1
b6af3000-b6b1d000 r-xp 00000000 08:01 255734     /lib/i386-linux-gnu/libm-2.15.so
b6b1d000-b6b1e000 r--p 00029000 08:01 255734     /lib/i386-linux-gnu/libm-2.15.so
b6b1e000-b6b1f000 rw-p 0002a000 08:01 255734     /lib/i386-linux-gnu/libm-2.15.so
b6b1f000-b6bf7000 r-xp 00000000 08:01 17329      /usr/lib/i386-linux-gnu/libstdc++.so.6.0.16
b6bf7000-b6bf8000 ---p 000d8000 08:01 17329      /usr/lib/i386-linux-gnu/libstdc++.so.6.0.16
b6bf8000-b6bfc000 r--p 000d8000 08:01 17329      /usr/lib/i386-linux-gnu/libstdc++.so.6.0.16
b6bfc000-b6bfd000 rw-p 000dc000 08:01 17329      /usr/lib/i386-linux-gnu/libstdc++.so.6.0.16
b6bfd000-b6c04000 rw-p 00000000 00:00 0 
b6c04000-b7119000 r-xp 00000000 08:01 1839604    /usr/lib/jvm/java-6-openjdk-i386/jre/lib/i386/client/libjvm.so
b7119000-b7130000 r--p 00514000 08:01 1839604    /usr/lib/jvm/java-6-openjdk-i386/jre/lib/i386/client/libjvm.so
b7130000-b713d000 rw-p 0052b000 08:01 1839604    /usr/lib/jvm/java-6-openjdk-i386/jre/lib/i386/client/libjvm.so
b713d000-b7557000 rw-p 00000000 00:00 0 
b7557000-b756b000 r-xp 00000000 08:01 252336     /lib/i386-linux-gnu/libz.so.1.2.3.4
b756b000-b756c000 r--p 00013000 08:01 252336     /lib/i386-linux-gnu/libz.so.1.2.3.4
b756c000-b756d000 rw-p 00014000 08:01 252336     /lib/i386-linux-gnu/libz.so.1.2.3.4
b756d000-b7711000 r-xp 00000000 08:01 255739     /lib/i386-linux-gnu/libc-2.15.so
b7711000-b7713000 r--p 001a4000 08:01 255739     /lib/i386-linux-gnu/libc-2.15.so
b7713000-b7714000 rw-p 001a6000 08:01 255739     /lib/i386-linux-gnu/libc-2.15.so
b7714000-b7717000 rw-p 00000000 00:00 0 
b7717000-b771a000 r-xp 00000000 08:01 255738     /lib/i386-linux-gnu/libdl-2.15.so
b771a000-b771b000 r--p 00002000 08:01 255738     /lib/i386-linux-gnu/libdl-2.15.so
b771b000-b771c000 rw-p 00003000 08:01 255738     /lib/i386-linux-gnu/libdl-2.15.so
b771c000-b7720000 r-xp 00000000 08:01 1839611    /usr/lib/jvm/java-6-openjdk-i386/jre/lib/i386/jli/libjli.so
b7720000-b7721000 r--p 00003000 08:01 1839611    /usr/lib/jvm/java-6-openjdk-i386/jre/lib/i386/jli/libjli.so
b7721000-b7722000 rw-p 00004000 08:01 1839611    /usr/lib/jvm/java-6-openjdk-i386/jre/lib/i386/jli/libjli.so
b7722000-b7723000 rw-p 00000000 00:00 0 
b7723000-b773a000 r-xp 00000000 08:01 252406     /lib/i386-linux-gnu/libpthread-2.15.so
b773a000-b773b000 r--p 00016000 08:01 252406     /lib/i386-linux-gnu/libpthread-2.15.so
b773b000-b773c000 rw-p 00017000 08:01 252406     /lib/i386-linux-gnu/libpthread-2.15.so
b773c000-b7744000 rw-p 00000000 00:00 0 
b7744000-b7745000 rw-p 00000000 00:00 0 
b7745000-b7746000 r--p 00000000 00:00 0 
b7746000-b7751000 r-xp 00000000 08:01 1839627    /usr/lib/jvm/java-6-openjdk-i386/jre/lib/i386/libverify.so
b7751000-b7752000 ---p 0000b000 08:01 1839627    /usr/lib/jvm/java-6-openjdk-i386/jre/lib/i386/libverify.so
b7752000-b7753000 r--p 0000b000 08:01 1839627    /usr/lib/jvm/java-6-openjdk-i386/jre/lib/i386/libverify.so
b7753000-b7754000 rw-p 0000c000 08:01 1839627    /usr/lib/jvm/java-6-openjdk-i386/jre/lib/i386/libverify.so
b7754000-b7756000 rw-p 00000000 00:00 0 
b7756000-b7757000 r-xp 00000000 00:00 0          [vdso]
b7757000-b7777000 r-xp 00000000 08:01 252407     /lib/i386-linux-gnu/ld-2.15.so
b7777000-b7778000 r--p 0001f000 08:01 252407     /lib/i386-linux-gnu/ld-2.15.so
b7778000-b7779000 rw-p 00020000 08:01 252407     /lib/i386-linux-gnu/ld-2.15.so
bfc6b000-bfc8d000 rw-p 00000000 00:00 0          [stack]

VM Arguments:
jvm_args: -Dfile.encoding=UTF-8 
java_command: com.adp.clocks.synergy2416.demo.MainWindow psplash:res/Background.png
Launcher Type: SUN_STANDARD

Environment Variables:
PATH=/usr/lib/lightdm/lightdm:/usr/local/sbin:/usr/local/bin:/usr/sbin:/usr/bin:/sbin:/bin:/usr/games
LD_LIBRARY_PATH=/usr/lib/jvm/java-6-openjdk-i386/jre/lib/i386/client:/usr/lib/jvm/java-6-openjdk-i386/jre/lib/i386:/usr/lib/jvm/java-6-openjdk-i386/jre/../lib/i386:/usr/lib/jni
SHELL=/bin/bash
DISPLAY=:0

Signal Handlers:
SIGSEGV: [libjvm.so+0x3e8020], sa_mask[0]=0x7ffbfeff, sa_flags=0x10000004
SIGBUS: [libjvm.so+0x3e8020], sa_mask[0]=0x7ffbfeff, sa_flags=0x10000004
SIGFPE: [libjvm.so+0x304080], sa_mask[0]=0x7ffbfeff, sa_flags=0x10000004
SIGPIPE: [libjvm.so+0x304080], sa_mask[0]=0x7ffbfeff, sa_flags=0x10000004
SIGXFSZ: [libjvm.so+0x304080], sa_mask[0]=0x7ffbfeff, sa_flags=0x10000004
SIGILL: [libjvm.so+0x304080], sa_mask[0]=0x7ffbfeff, sa_flags=0x10000004
SIGUSR1: SIG_DFL, sa_mask[0]=0x00000000, sa_flags=0x00000000
SIGUSR2: [libjvm.so+0x303f10], sa_mask[0]=0x00000004, sa_flags=0x10000004
SIGHUP: [libjvm.so+0x306ea0], sa_mask[0]=0x7ffbfeff, sa_flags=0x10000004
SIGINT: [libjvm.so+0x306ea0], sa_mask[0]=0x7ffbfeff, sa_flags=0x10000004
SIGTERM: [libjvm.so+0x306ea0], sa_mask[0]=0x7ffbfeff, sa_flags=0x10000004
SIGQUIT: [libjvm.so+0x306ea0], sa_mask[0]=0x7ffbfeff, sa_flags=0x10000004


---------------  S Y S T E M  ---------------

OS:Ubuntu 12.04 (precise)
uname:Linux 3.8.0-36-generic #52~precise1-Ubuntu SMP Mon Feb 3 21:56:56 UTC 2014 i686
libc:glibc 2.15 NPTL 2.15 
rlimit: STACK 8192k, CORE 0k, NPROC 24036, NOFILE 4096, AS infinity
load average:0.17 0.38 0.34

/proc/meminfo:
MemTotal:        3093208 kB
MemFree:          734440 kB
Buffers:           85724 kB
Cached:          1215644 kB
SwapCached:            0 kB
Active:          1251948 kB
Inactive:        1017100 kB
Active(anon):     968676 kB
Inactive(anon):   323112 kB
Active(file):     283272 kB
Inactive(file):   693988 kB
Unevictable:           0 kB
Mlocked:               0 kB
HighTotal:       2222632 kB
HighFree:          27832 kB
LowTotal:         870576 kB
LowFree:          706608 kB
SwapTotal:             0 kB
SwapFree:              0 kB
Dirty:               268 kB
Writeback:             0 kB
AnonPages:        967760 kB
Mapped:           242068 kB
Shmem:            324100 kB
Slab:              43292 kB
SReclaimable:      25348 kB
SUnreclaim:        17944 kB
KernelStack:        5120 kB
PageTables:        13848 kB
NFS_Unstable:          0 kB
Bounce:                0 kB
WritebackTmp:          0 kB
CommitLimit:     1546604 kB
Committed_AS:    4885184 kB
VmallocTotal:     122880 kB
VmallocUsed:       33424 kB
VmallocChunk:      79848 kB
HardwareCorrupted:     0 kB
AnonHugePages:         0 kB
HugePages_Total:       0
HugePages_Free:        0
HugePages_Rsvd:        0
HugePages_Surp:        0
Hugepagesize:       2048 kB
DirectMap4k:       16376 kB
DirectMap2M:      897024 kB


CPU:total 2 (1 cores per cpu, 2 threads per core) family 15 model 4 stepping 9, cmov, cx8, fxsr, mmx, sse, sse2, sse3, ht

Memory: 4k page, physical 3093208k(734440k free), swap 0k(0k free)

vm_info: OpenJDK Client VM (20.0-b12) for linux-x86 JRE (1.6.0_27-b27), built on Nov 16 2013 15:23:20 by "buildd" with gcc 4.6.3

time: Thu Feb 20 02:16:06 2014
elapsed time: 2 seconds

