#
# A fatal error has been detected by the Java Runtime Environment:
#
#  SIGSEGV (0xb) at pc=0x6880e8b7, pid=8554, tid=1758403392
#
# JRE version: 6.0_27-b27
# Java VM: OpenJDK Server VM (20.0-b12 mixed mode linux-x86 )
# Derivative: IcedTea6 1.12.6
# Distribution: Ubuntu 12.04 LTS, package 6b27-1.12.6-1ubuntu0.12.04.4
# Problematic frame:
# C  [libsynergy2416.so+0x48b7]  _get_enroll_count+0x22
#
# If you would like to submit a bug report, please include
# instructions how to reproduce the bug and visit:
#   https://bugs.launchpad.net/ubuntu/+source/openjdk-6/
# The crash happened outside the Java Virtual Machine in native code.
# See problematic frame for where to report the bug.
#

---------------  T H R E A D  ---------------

Current thread (0x68a5d800):  JavaThread "SwingWorker-pool-2-thread-2" [_thread_in_native, id=8591, stack(0x68ca1000,0x68cf2000)]

siginfo:si_signo=SIGSEGV: si_errno=0, si_code=1 (SEGV_MAPERR), si_addr=0x00000000

Registers:
EAX=0x00000000, EBX=0x6bfcfff0, ECX=0x00000000, EDX=0x00000000
ESP=0x68cf0ce0, EBP=0x68cf0cf0, ESI=0x6bfcfff0, EDI=0x68a5d800
EIP=0x6880e8b7, EFLAGS=0x00210297, CR2=0x00000000

Top of Stack: (sp=0x68cf0ce0)
0x68cf0ce0:   69e02bf8 00000000 00000000 00000000
0x68cf0cf0:   68cf0cf8 6880f261 68cf0d48 6880d982
0x68cf0d00:   69e02bf8 68cf0dac 00000000 68cf0e00
0x68cf0d10:   68cf0dd8 68cf0dd8 00003a98 00000000
0x68cf0d20:   00000000 00000002 00000000 00000000
0x68cf0d30:   6bfcfff0 6bfcfff0 0000000c 69e02bf8
0x68cf0d40:   b35e3548 68a5d800 68cf0d90 b35e364a
0x68cf0d50:   68a5d920 68cf0d98 68cf0dac 00000002 

Instructions: (pc=0x6880e8b7)
0x6880e897:   e5 83 ec 10 c7 45 f8 00 00 00 00 c7 45 fc 00 00
0x6880e8a7:   00 00 eb 1b 8b 15 e4 3a 81 68 8b 45 fc 8d 04 02
0x6880e8b7:   0f b6 00 84 c0 74 04 83 45 f8 01 83 45 fc 01 a1
0x6880e8c7:   10 30 81 68 39 45 fc 7c db 8b 45 f8 c9 c3 55 89 

Register to memory mapping:

EAX=0x00000000 is an unknown value
EBX=0x6bfcfff0 is an oop
{method} 
 - klass: {other class}
ECX=0x00000000 is an unknown value
EDX=0x00000000 is an unknown value
ESP=0x68cf0ce0 is pointing into the stack for thread: 0x68a5d800
EBP=0x68cf0cf0 is pointing into the stack for thread: 0x68a5d800
ESI=0x6bfcfff0 is an oop
{method} 
 - klass: {other class}
EDI=0x68a5d800 is a thread


Stack: [0x68ca1000,0x68cf2000],  sp=0x68cf0ce0,  free space=319k
Native frames: (J=compiled Java code, j=interpreted, Vv=VM code, C=native code)
C  [libsynergy2416.so+0x48b7]  _get_enroll_count+0x22
C  [libsynergy2416.so+0x5261]  hlpGetEnrollCount+0x8
C  [libsynergy2416.so+0x3982]  Java_com_adp_clocks_synergy2416_demo_FPU_FP_1VALIDATE_1EMPLOYEE+0x73
j  com.adp.clocks.synergy2416.demo.FPU.FP_VALIDATE_EMPLOYEE(Ljava/lang/String;IJ)I+0
j  com.adp.clocks.synergy2416.demo.FPU.validateEmployee(Ljava/lang/String;I)Ljava/lang/String;+5
j  com.adp.clocks.synergy2416.demo.FingerPrintDemoForm$FingerPrintValidation.doInBackground()Ljava/lang/String;+14
j  com.adp.clocks.synergy2416.demo.FingerPrintDemoForm$FingerPrintValidation.doInBackground()Ljava/lang/Object;+1
j  javax.swing.SwingWorker$1.call()Ljava/lang/Object;+14
j  java.util.concurrent.FutureTask$Sync.innerRun()V+29
j  java.util.concurrent.FutureTask.run()V+4
j  javax.swing.SwingWorker.run()V+4
j  java.util.concurrent.ThreadPoolExecutor.runWorker(Ljava/util/concurrent/ThreadPoolExecutor$Worker;)V+95
j  java.util.concurrent.ThreadPoolExecutor$Worker.run()V+5
j  java.lang.Thread.run()V+11
v  ~StubRoutines::call_stub
V  [libjvm.so+0x39b846]  JavaCalls::call_helper(JavaValue*, methodHandle*, JavaCallArguments*, Thread*)+0x2c6

Java frames: (J=compiled Java code, j=interpreted, Vv=VM code)
j  com.adp.clocks.synergy2416.demo.FPU.FP_VALIDATE_EMPLOYEE(Ljava/lang/String;IJ)I+0
j  com.adp.clocks.synergy2416.demo.FPU.validateEmployee(Ljava/lang/String;I)Ljava/lang/String;+5
j  com.adp.clocks.synergy2416.demo.FingerPrintDemoForm$FingerPrintValidation.doInBackground()Ljava/lang/String;+14
j  com.adp.clocks.synergy2416.demo.FingerPrintDemoForm$FingerPrintValidation.doInBackground()Ljava/lang/Object;+1
j  javax.swing.SwingWorker$1.call()Ljava/lang/Object;+14
j  java.util.concurrent.FutureTask$Sync.innerRun()V+29
j  java.util.concurrent.FutureTask.run()V+4
j  javax.swing.SwingWorker.run()V+4
j  java.util.concurrent.ThreadPoolExecutor.runWorker(Ljava/util/concurrent/ThreadPoolExecutor$Worker;)V+95
j  java.util.concurrent.ThreadPoolExecutor$Worker.run()V+5
j  java.lang.Thread.run()V+11
v  ~StubRoutines::call_stub

---------------  P R O C E S S  ---------------

Java Threads: ( => current thread )
=>0x68a5d800 JavaThread "SwingWorker-pool-2-thread-2" [_thread_in_native, id=8591, stack(0x68ca1000,0x68cf2000)]
  0xb6605c00 JavaThread "DestroyJavaVM" [_thread_blocked, id=8559, stack(0xb6766000,0xb67b7000)]
  0x68a8cc00 JavaThread "pool-1-thread-1 - v4l4j push source" [_thread_in_native, id=8584, stack(0x68814000,0x68865000)]
  0x68a57400 JavaThread "TimerQueue" daemon [_thread_blocked, id=8581, stack(0x68c39000,0x68c8a000)]
  0x68e35400 JavaThread "AWT-EventQueue-0" [_thread_in_Java, id=8579, stack(0x6914f000,0x691a0000)]
  0x68e34800 JavaThread "AWT-Shutdown" [_thread_blocked, id=8578, stack(0x691a0000,0x691f1000)]
  0x68e33c00 JavaThread "AWT-XAWT" daemon [_thread_in_native, id=8577, stack(0x6972e000,0x6977f000)]
  0x6987a000 JavaThread "Java2D Disposer" daemon [_thread_blocked, id=8576, stack(0x69f19000,0x69f6a000)]
  0x69806400 JavaThread "Low Memory Detector" daemon [_thread_blocked, id=8574, stack(0x6a72e000,0x6a77f000)]
  0x69804800 JavaThread "C2 CompilerThread1" daemon [_thread_blocked, id=8573, stack(0x6977f000,0x69800000)]
  0x69802800 JavaThread "C2 CompilerThread0" daemon [_thread_in_native, id=8572, stack(0x69f6a000,0x69feb000)]
  0x69801400 JavaThread "Signal Dispatcher" daemon [_thread_blocked, id=8571, stack(0x6a92e000,0x6a97f000)]
  0xb66f0c00 JavaThread "Finalizer" daemon [_thread_blocked, id=8570, stack(0x6ab2e000,0x6ab7f000)]
  0xb66ef400 JavaThread "Reference Handler" daemon [_thread_blocked, id=8569, stack(0x6ae2e000,0x6ae7f000)]

Other Threads:
  0xb66ec800 VMThread [stack: 0x69feb000,0x6a06c000] [id=8568]
  0x69808400 WatcherThread [stack: 0x6947f000,0x69500000] [id=8575]

VM state:not at safepoint (normal execution)

VM Mutex/Monitor currently owned by a thread: None

Heap
 PSYoungGen      total 19136K, used 15845K [0x9dfc0000, 0x9f510000, 0xb3510000)
  eden space 16448K, 80% used [0x9dfc0000,0x9ec99bc8,0x9efd0000)
  from space 2688K, 99% used [0x9efd0000,0x9f26fbf8,0x9f270000)
  to   space 2688K, 0% used [0x9f270000,0x9f270000,0x9f510000)
 PSOldGen        total 43712K, used 182K [0x73510000, 0x75fc0000, 0x9dfc0000)
  object space 43712K, 0% used [0x73510000,0x7353daa0,0x75fc0000)
 PSPermGen       total 16384K, used 12441K [0x6b510000, 0x6c510000, 0x73510000)
  object space 16384K, 75% used [0x6b510000,0x6c1367e8,0x6c510000)

Code Cache  [0xb35d9000, 0xb3819000, 0xb65d9000)
 total_blobs=367 nmethods=128 adapters=193 free_code_cache=49662912 largest_free_block=13376

Dynamic libraries:
08048000-08051000 r-xp 00000000 08:01 1839571    /usr/lib/jvm/java-6-openjdk-i386/jre/bin/java
08051000-08052000 r--p 00008000 08:01 1839571    /usr/lib/jvm/java-6-openjdk-i386/jre/bin/java
08052000-08053000 rw-p 00009000 08:01 1839571    /usr/lib/jvm/java-6-openjdk-i386/jre/bin/java
0948d000-094ae000 rw-p 00000000 00:00 0          [heap]
67d00000-67de6000 rw-p 00000000 00:00 0 
67de6000-67e00000 ---p 00000000 00:00 0 
67e8b000-67eac000 r-xp 00000000 08:01 17358      /usr/lib/i386-linux-gnu/libv4lconvert.so.0
67eac000-67ead000 r--p 00021000 08:01 17358      /usr/lib/i386-linux-gnu/libv4lconvert.so.0
67ead000-67eae000 rw-p 00022000 08:01 17358      /usr/lib/i386-linux-gnu/libv4lconvert.so.0
67eae000-67f00000 rw-p 00000000 00:00 0 
67f00000-67f88000 rw-p 00000000 00:00 0 
67f88000-68000000 ---p 00000000 00:00 0 
68064000-680af000 rw-s 00000000 00:04 92078085   /SYSV00000000 (deleted)
680af000-680b2000 ---p 00000000 00:00 0 
680b2000-68100000 rw-p 00000000 00:00 0 
68100000-681b3000 rw-p 00000000 00:00 0 
681b3000-68200000 ---p 00000000 00:00 0 
682bc000-682c6000 r-xp 00000000 08:01 1839618    /usr/lib/jvm/java-6-openjdk-i386/jre/lib/i386/libjpeg.so
682c6000-682c7000 r--p 00009000 08:01 1839618    /usr/lib/jvm/java-6-openjdk-i386/jre/lib/i386/libjpeg.so
682c7000-682c8000 rw-p 0000a000 08:01 1839618    /usr/lib/jvm/java-6-openjdk-i386/jre/lib/i386/libjpeg.so
682c8000-682fc000 r-xp 00000000 08:01 1839625    /usr/lib/jvm/java-6-openjdk-i386/jre/lib/i386/liblcms.so
682fc000-682fd000 r--p 00033000 08:01 1839625    /usr/lib/jvm/java-6-openjdk-i386/jre/lib/i386/liblcms.so
682fd000-682fe000 rw-p 00034000 08:01 1839625    /usr/lib/jvm/java-6-openjdk-i386/jre/lib/i386/liblcms.so
682fe000-68300000 rw-p 00000000 00:00 0 
68300000-683e6000 rw-p 00000000 00:00 0 
683e6000-68400000 ---p 00000000 00:00 0 
68400000-684e9000 rw-p 00000000 00:00 0 
684e9000-68500000 ---p 00000000 00:00 0 
68500000-68600000 rw-p 00000000 00:00 0 
68600000-68700000 rw-p 00000000 00:00 0 
68700000-687fb000 rw-p 00000000 00:00 0 
687fb000-68800000 ---p 00000000 00:00 0 
6880a000-68812000 r-xp 00000000 08:01 524557     /usr/lib/jni/libsynergy2416.so
68812000-68813000 r--p 00007000 08:01 524557     /usr/lib/jni/libsynergy2416.so
68813000-68814000 rw-p 00008000 08:01 524557     /usr/lib/jni/libsynergy2416.so
68814000-68817000 ---p 00000000 00:00 0 
68817000-68865000 rw-p 00000000 00:00 0          [stack:8584]
68865000-68878000 r-xp 00000000 08:01 8712       /usr/lib/libvideo.so.0
68878000-68879000 r--p 00012000 08:01 8712       /usr/lib/libvideo.so.0
68879000-6887a000 rw-p 00013000 08:01 8712       /usr/lib/libvideo.so.0
6887a000-68900000 rw-p 00000000 00:00 0 
68900000-689fb000 rw-p 00000000 00:00 0 
689fb000-68a00000 ---p 00000000 00:00 0 
68a00000-68aec000 rw-p 00000000 00:00 0 
68aec000-68b00000 ---p 00000000 00:00 0 
68b00000-68bf8000 rw-p 00000000 00:00 0 
68bf8000-68c00000 ---p 00000000 00:00 0 
68c01000-68c09000 rw-s 00018000 00:05 8893       /dev/video0
68c09000-68c11000 rw-s 00010000 00:05 8893       /dev/video0
68c11000-68c19000 rw-s 00008000 00:05 8893       /dev/video0
68c19000-68c21000 rw-s 00000000 00:05 8893       /dev/video0
68c21000-68c28000 r--s 00000000 08:01 14251      /usr/lib/i386-linux-gnu/gconv/gconv-modules.cache
68c28000-68c37000 r-xp 00000000 08:01 524448     /usr/lib/jni/libv4l4j.so
68c37000-68c38000 r--p 0000e000 08:01 524448     /usr/lib/jni/libv4l4j.so
68c38000-68c39000 rw-p 0000f000 08:01 524448     /usr/lib/jni/libv4l4j.so
68c39000-68c3c000 ---p 00000000 00:00 0 
68c3c000-68c8a000 rw-p 00000000 00:00 0          [stack:8581]
68c8a000-68c9f000 r-xp 00000000 08:01 1839614    /usr/lib/jvm/java-6-openjdk-i386/jre/lib/i386/libnet.so
68c9f000-68ca0000 r--p 00014000 08:01 1839614    /usr/lib/jvm/java-6-openjdk-i386/jre/lib/i386/libnet.so
68ca0000-68ca1000 rw-p 00015000 08:01 1839614    /usr/lib/jvm/java-6-openjdk-i386/jre/lib/i386/libnet.so
68ca1000-68ca4000 ---p 00000000 00:00 0 
68ca4000-68cf2000 rw-p 00000000 00:00 0          [stack:8591]
68cf2000-68d40000 r--s 008b6000 08:01 2243423    /opt/eclipse-standard/plugins/com.ibm.icu_50.1.1.v201304230130.jar
68d40000-68d82000 r--s 00367000 08:01 2243377    /opt/eclipse-standard/plugins/org.eclipse.ui.workbench_3.105.1.v20130821-1411.jar
68d82000-68d95000 r--s 000e0000 08:01 2243213    /opt/eclipse-standard/plugins/org.eclipse.jface.text_3.8.101.v20130802-1147.jar
68d95000-68da9000 r--s 000f9000 08:01 2243526    /opt/eclipse-standard/plugins/org.eclipse.jface_3.9.1.v20130725-1141.jar
68da9000-68dee000 r-xp 00000000 08:01 11892      /usr/lib/i386-linux-gnu/libjpeg.so.8.0.2
68dee000-68def000 r--p 00044000 08:01 11892      /usr/lib/i386-linux-gnu/libjpeg.so.8.0.2
68def000-68df0000 rw-p 00045000 08:01 11892      /usr/lib/i386-linux-gnu/libjpeg.so.8.0.2
68df0000-68e00000 rw-p 00000000 00:00 0 
68e00000-68e37000 rw-p 00000000 00:00 0 
68e37000-68f00000 ---p 00000000 00:00 0 
68f00000-68ffd000 rw-p 00000000 00:00 0 
68ffd000-69000000 ---p 00000000 00:00 0 
69000000-690eb000 rw-p 00000000 00:00 0 
690eb000-69100000 ---p 00000000 00:00 0 
69106000-6910e000 r-xp 00000000 08:01 1839626    /usr/lib/jvm/java-6-openjdk-i386/jre/lib/i386/libnio.so
6910e000-6910f000 r--p 00007000 08:01 1839626    /usr/lib/jvm/java-6-openjdk-i386/jre/lib/i386/libnio.so
6910f000-69110000 rw-p 00008000 08:01 1839626    /usr/lib/jvm/java-6-openjdk-i386/jre/lib/i386/libnio.so
69110000-69125000 r--s 0023a000 08:01 2243675    /opt/eclipse-standard/plugins/org.eclipse.swt.gtk.linux.x86_3.102.1.v20130827-2048.jar
69125000-6914d000 r-xp 00000000 08:01 252306     /lib/i386-linux-gnu/libpng12.so.0.46.0
6914d000-6914e000 r--p 00027000 08:01 252306     /lib/i386-linux-gnu/libpng12.so.0.46.0
6914e000-6914f000 rw-p 00028000 08:01 252306     /lib/i386-linux-gnu/libpng12.so.0.46.0
6914f000-69152000 ---p 00000000 00:00 0 
69152000-691a0000 rw-p 00000000 00:00 0          [stack:8579]
691a0000-691a3000 ---p 00000000 00:00 0 
691a3000-691f1000 rw-p 00000000 00:00 0          [stack:8578]
691f1000-69286000 r-xp 00000000 08:01 16989      /usr/lib/i386-linux-gnu/libfreetype.so.6.8.0
69286000-6928a000 r--p 00094000 08:01 16989      /usr/lib/i386-linux-gnu/libfreetype.so.6.8.0
6928a000-6928b000 rw-p 00098000 08:01 16989      /usr/lib/i386-linux-gnu/libfreetype.so.6.8.0
6928b000-693bb000 r-xp 00000000 08:01 14323      /usr/lib/i386-linux-gnu/libX11.so.6.3.0
693bb000-693bc000 r--p 0012f000 08:01 14323      /usr/lib/i386-linux-gnu/libX11.so.6.3.0
693bc000-693be000 rw-p 00130000 08:01 14323      /usr/lib/i386-linux-gnu/libX11.so.6.3.0
693be000-693bf000 rw-p 00000000 00:00 0 
693bf000-69453000 r-xp 00000000 08:01 1839605    /usr/lib/jvm/java-6-openjdk-i386/jre/lib/i386/libawt.so
69453000-69454000 r--p 00093000 08:01 1839605    /usr/lib/jvm/java-6-openjdk-i386/jre/lib/i386/libawt.so
69454000-6945b000 rw-p 00094000 08:01 1839605    /usr/lib/jvm/java-6-openjdk-i386/jre/lib/i386/libawt.so
6945b000-6947f000 rw-p 00000000 00:00 0 
6947f000-69480000 ---p 00000000 00:00 0 
69480000-69500000 rw-p 00000000 00:00 0          [stack:8575]
69500000-69600000 rw-p 00000000 00:00 0 
69600000-696fe000 rw-p 00000000 00:00 0 
696fe000-69700000 ---p 00000000 00:00 0 
69703000-69706000 r--s 0007f000 08:01 1839014    /usr/lib/jvm/java-6-openjdk-common/jre/lib/jsse.jar
69706000-69709000 r--s 00019000 08:01 864259     /home/chaol/workspace-java/ADP-Demo-GUI/src/com/adp/clocks/synergy2416/res/v4l4j.jar
69709000-6970e000 r--s 00045000 08:01 2243421    /opt/eclipse-standard/plugins/org.eclipse.ui.forms_3.6.1.v20130822-1117.jar
6970e000-69716000 r-xp 00000000 08:01 1839774    /usr/lib/i386-linux-gnu/libgif.so.4.1.6
69716000-69717000 r--p 00007000 08:01 1839774    /usr/lib/i386-linux-gnu/libgif.so.4.1.6
69717000-69718000 rw-p 00008000 08:01 1839774    /usr/lib/i386-linux-gnu/libgif.so.4.1.6
6971a000-6972e000 r--s 00140000 08:01 2243684    /opt/eclipse-standard/plugins/org.eclipse.osgi_3.9.1.v20130814-1242.jar
6972e000-69731000 ---p 00000000 00:00 0 
69731000-6977f000 rw-p 00000000 00:00 0          [stack:8577]
6977f000-69782000 ---p 00000000 00:00 0 
69782000-69800000 rw-p 00000000 00:00 0          [stack:8573]
69800000-698fd000 rw-p 00000000 00:00 0 
698fd000-69900000 ---p 00000000 00:00 0 
69900000-69921000 rw-p 00000000 00:00 0 
69921000-69a00000 ---p 00000000 00:00 0 
69a00000-69c00000 r--p 00000000 08:01 19412      /usr/lib/locale/locale-archive
69c00000-69ce6000 rw-p 00000000 00:00 0 
69ce6000-69d00000 ---p 00000000 00:00 0 
69d00000-69d21000 rw-p 00000000 00:00 0 
69d21000-69e00000 ---p 00000000 00:00 0 
69e00000-69e76000 rw-p 00000000 00:00 0 
69e76000-69f00000 ---p 00000000 00:00 0 
69f01000-69f02000 rw-p 00000000 00:00 0 
69f02000-69f08000 r--s 00000000 08:01 3565       /var/cache/fontconfig/945677eb7aeaf62f1d50efc3fb3ec7d8-le32d4.cache-3
69f08000-69f0b000 r--s 00000000 08:01 519519     /var/cache/fontconfig/99e8ed0e538f840c565b6ed5dad60d56-le32d4.cache-3
69f0b000-69f0e000 r--s 00000000 08:01 3552       /var/cache/fontconfig/2cd17615ca594fa2959ae173292e504c-le32d4.cache-3
69f0e000-69f12000 r--s 00000000 08:01 3567       /var/cache/fontconfig/a755afe4a08bf5b97852ceb7400b47bc-le32d4.cache-3
69f12000-69f19000 r--s 00000000 08:01 1579180    /var/cache/fontconfig/6d41288fd70b0be22e8c3a91e032eec0-le32d4.cache-3
69f19000-69f1c000 ---p 00000000 00:00 0 
69f1c000-69f6a000 rw-p 00000000 00:00 0          [stack:8576]
69f6a000-69f6d000 ---p 00000000 00:00 0 
69f6d000-69feb000 rw-p 00000000 00:00 0          [stack:8572]
69feb000-69fec000 ---p 00000000 00:00 0 
69fec000-6a06c000 rw-p 00000000 00:00 0          [stack:8568]
6a06c000-6a200000 r--s 03822000 08:01 1839584    /usr/lib/jvm/java-6-openjdk-i386/jre/lib/rt.jar
6a200000-6a221000 rw-p 00000000 00:00 0 
6a221000-6a300000 ---p 00000000 00:00 0 
6a300000-6a305000 r--s 00038000 08:01 2243571    /opt/eclipse-standard/plugins/org.eclipse.text_3.5.300.v20130515-1451.jar
6a305000-6a307000 r--s 00010000 08:01 2243198    /opt/eclipse-standard/plugins/org.eclipse.core.runtime_3.9.0.v20130326-1255.jar
6a307000-6a30b000 r-xp 00000000 08:01 13641      /usr/lib/i386-linux-gnu/libXfixes.so.3.1.0
6a30b000-6a30c000 r--p 00004000 08:01 13641      /usr/lib/i386-linux-gnu/libXfixes.so.3.1.0
6a30c000-6a30d000 rw-p 00005000 08:01 13641      /usr/lib/i386-linux-gnu/libXfixes.so.3.1.0
6a30d000-6a316000 r-xp 00000000 08:01 16793      /usr/lib/i386-linux-gnu/libXcursor.so.1.0.2
6a316000-6a317000 r--p 00008000 08:01 16793      /usr/lib/i386-linux-gnu/libXcursor.so.1.0.2
6a317000-6a318000 rw-p 00009000 08:01 16793      /usr/lib/i386-linux-gnu/libXcursor.so.1.0.2
6a318000-6a31b000 r--s 0002a000 08:01 2243555    /opt/eclipse-standard/plugins/org.eclipse.equinox.registry_3.5.301.v20130717-1549.jar
6a31b000-6a31e000 r--s 00018000 08:01 2243752    /opt/eclipse-standard/plugins/org.eclipse.equinox.common_3.6.200.v20130402-1505.jar
6a31e000-6a321000 r--s 00018000 08:01 2243511    /opt/eclipse-standard/plugins/org.eclipse.core.commands_3.6.100.v20130515-1857.jar
6a321000-6a32a000 r-xp 00000000 08:01 1839791    /usr/lib/jvm/java-6-openjdk-i386/jre/lib/i386/libsplashscreen.so
6a32a000-6a32b000 r--p 00008000 08:01 1839791    /usr/lib/jvm/java-6-openjdk-i386/jre/lib/i386/libsplashscreen.so
6a32b000-6a32c000 rw-p 00009000 08:01 1839791    /usr/lib/jvm/java-6-openjdk-i386/jre/lib/i386/libsplashscreen.so
6a32c000-6a32e000 rw-p 00000000 00:00 0 
6a32e000-6a335000 r--s 000fc000 08:01 1838998    /usr/lib/jvm/java-6-openjdk-common/jre/lib/resources.jar
6a335000-6a37d000 r-xp 00000000 08:01 1839595    /usr/lib/jvm/java-6-openjdk-i386/jre/lib/i386/libfontmanager.so
6a37d000-6a37e000 r--p 00048000 08:01 1839595    /usr/lib/jvm/java-6-openjdk-i386/jre/lib/i386/libfontmanager.so
6a37e000-6a37f000 rw-p 00049000 08:01 1839595    /usr/lib/jvm/java-6-openjdk-i386/jre/lib/i386/libfontmanager.so
6a37f000-6a380000 ---p 00000000 00:00 0 
6a380000-6a400000 rw-p 00000000 00:00 0          [stack:8567]
6a400000-6a421000 rw-p 00000000 00:00 0 
6a421000-6a500000 ---p 00000000 00:00 0 
6a500000-6a501000 rw-p 00000000 00:00 0 
6a501000-6a502000 r--s 00000000 08:01 3570       /var/cache/fontconfig/c05880de57d1f5e948fdfacc138775d9-le32d4.cache-3
6a502000-6a503000 r--s 00000000 08:01 3577       /var/cache/fontconfig/e7071f4a29fa870f4323321c154eba04-le32d4.cache-3
6a503000-6a50e000 r--s 00000000 08:01 3549       /var/cache/fontconfig/04aabc0a78ac019cf9454389977116d2-le32d4.cache-3
6a50e000-6a511000 r--s 00000000 08:01 3555       /var/cache/fontconfig/385c0604a188198f04d133e54aba7fe7-le32d4.cache-3
6a511000-6a514000 r--s 00000000 08:01 3564       /var/cache/fontconfig/8801497958630a81b71ace7c5f9b32a8-le32d4.cache-3
6a514000-6a51a000 r--s 00000000 08:01 3565       /var/cache/fontconfig/945677eb7aeaf62f1d50efc3fb3ec7d8-le32d4.cache-3
6a51a000-6a51d000 r--s 00000000 08:01 519519     /var/cache/fontconfig/99e8ed0e538f840c565b6ed5dad60d56-le32d4.cache-3
6a51d000-6a524000 r--s 00000000 08:01 1579180    /var/cache/fontconfig/6d41288fd70b0be22e8c3a91e032eec0-le32d4.cache-3
6a524000-6a52f000 r--s 00000000 08:01 3549       /var/cache/fontconfig/04aabc0a78ac019cf9454389977116d2-le32d4.cache-3
6a52f000-6a57b000 r-xp 00000000 08:01 1839789    /usr/lib/jvm/java-6-openjdk-i386/jre/lib/i386/xawt/libmawt.so
6a57b000-6a57c000 r--p 0004b000 08:01 1839789    /usr/lib/jvm/java-6-openjdk-i386/jre/lib/i386/xawt/libmawt.so
6a57c000-6a57e000 rw-p 0004c000 08:01 1839789    /usr/lib/jvm/java-6-openjdk-i386/jre/lib/i386/xawt/libmawt.so
6a57e000-6a57f000 rw-p 00000000 00:00 0 
6a57f000-6a580000 ---p 00000000 00:00 0 
6a580000-6a600000 rw-p 00000000 00:00 0          [stack:8566]
6a600000-6a621000 rw-p 00000000 00:00 0 
6a621000-6a700000 ---p 00000000 00:00 0 
6a700000-6a701000 r--s 00000000 08:01 3550       /var/cache/fontconfig/0d8c3b2ac0904cb8a57a757ad11a4a08-le32d4.cache-3
6a701000-6a704000 r--s 00000000 08:01 3552       /var/cache/fontconfig/2cd17615ca594fa2959ae173292e504c-le32d4.cache-3
6a704000-6a705000 r--s 00000000 08:01 3572       /var/cache/fontconfig/4794a0821666d79190d59a36cb4f44b5-le32d4.cache-3
6a705000-6a709000 r--s 00000000 08:01 3553       /var/cache/fontconfig/3047814df9a2f067bd2d96a2b9c36e5a-le32d4.cache-3
6a709000-6a70d000 r--s 00000000 08:01 3568       /var/cache/fontconfig/b47c4e1ecd0709278f4910c18777a504-le32d4.cache-3
6a70d000-6a71a000 r--s 00000000 08:01 3573       /var/cache/fontconfig/d52a8644073d54c13679302ca1180695-le32d4.cache-3
6a71a000-6a723000 r--s 00000000 08:01 519518     /var/cache/fontconfig/089dead882dea3570ffc31a9898cfb69-le32d4.cache-3
6a723000-6a72b000 r--s 00000000 08:01 11176      /var/cache/fontconfig/e13b20fdb08344e0e664864cc2ede53d-le32d4.cache-3
6a72b000-6a72e000 r--s 00000000 08:01 519517     /var/cache/fontconfig/7ef2298fde41cc6eeb7af42e48b7d293-le32d4.cache-3
6a72e000-6a731000 ---p 00000000 00:00 0 
6a731000-6a77f000 rw-p 00000000 00:00 0          [stack:8574]
6a77f000-6a780000 ---p 00000000 00:00 0 
6a780000-6a800000 rw-p 00000000 00:00 0          [stack:8565]
6a800000-6a821000 rw-p 00000000 00:00 0 
6a821000-6a900000 ---p 00000000 00:00 0 
6a900000-6a90d000 r--s 00000000 08:01 3573       /var/cache/fontconfig/d52a8644073d54c13679302ca1180695-le32d4.cache-3
6a90d000-6a92c000 r-xp 00000000 08:01 17393      /usr/lib/i386-linux-gnu/libxcb.so.1.1.0
6a92c000-6a92d000 r--p 0001f000 08:01 17393      /usr/lib/i386-linux-gnu/libxcb.so.1.1.0
6a92d000-6a92e000 rw-p 00020000 08:01 17393      /usr/lib/i386-linux-gnu/libxcb.so.1.1.0
6a92e000-6a931000 ---p 00000000 00:00 0 
6a931000-6a97f000 rw-p 00000000 00:00 0          [stack:8571]
6a97f000-6a980000 ---p 00000000 00:00 0 
6a980000-6aa00000 rw-p 00000000 00:00 0          [stack:8564]
6aa00000-6aa21000 rw-p 00000000 00:00 0 
6aa21000-6ab00000 ---p 00000000 00:00 0 
6ab00000-6ab01000 r--s 00000000 08:01 3558       /var/cache/fontconfig/56cf4f4769d0f4abc89a4895d7bd3ae1-le32d4.cache-3
6ab01000-6ab02000 r--s 00000000 08:01 3569       /var/cache/fontconfig/b9d506c9ac06c20b433354fa67a72993-le32d4.cache-3
6ab02000-6ab06000 r--s 00000000 08:01 3567       /var/cache/fontconfig/a755afe4a08bf5b97852ceb7400b47bc-le32d4.cache-3
6ab06000-6ab09000 r--s 00000000 08:01 3555       /var/cache/fontconfig/385c0604a188198f04d133e54aba7fe7-le32d4.cache-3
6ab09000-6ab0c000 r--s 00000000 08:01 3564       /var/cache/fontconfig/8801497958630a81b71ace7c5f9b32a8-le32d4.cache-3
6ab0c000-6ab11000 r-xp 00000000 08:01 16797      /usr/lib/i386-linux-gnu/libXdmcp.so.6.0.0
6ab11000-6ab12000 r--p 00004000 08:01 16797      /usr/lib/i386-linux-gnu/libXdmcp.so.6.0.0
6ab12000-6ab13000 rw-p 00005000 08:01 16797      /usr/lib/i386-linux-gnu/libXdmcp.so.6.0.0
6ab13000-6ab22000 r-xp 00000000 08:01 8381       /usr/lib/i386-linux-gnu/libXi.so.6.1.0
6ab22000-6ab23000 r--p 0000e000 08:01 8381       /usr/lib/i386-linux-gnu/libXi.so.6.1.0
6ab23000-6ab24000 rw-p 0000f000 08:01 8381       /usr/lib/i386-linux-gnu/libXi.so.6.1.0
6ab24000-6ab2c000 r-xp 00000000 08:01 16821      /usr/lib/i386-linux-gnu/libXrender.so.1.3.0
6ab2c000-6ab2d000 r--p 00007000 08:01 16821      /usr/lib/i386-linux-gnu/libXrender.so.1.3.0
6ab2d000-6ab2e000 rw-p 00008000 08:01 16821      /usr/lib/i386-linux-gnu/libXrender.so.1.3.0
6ab2e000-6ab31000 ---p 00000000 00:00 0 
6ab31000-6ab7f000 rw-p 00000000 00:00 0          [stack:8570]
6ab7f000-6ab80000 ---p 00000000 00:00 0 
6ab80000-6ac00000 rw-p 00000000 00:00 0          [stack:8563]
6ac00000-6ac21000 rw-p 00000000 00:00 0 
6ac21000-6ad00000 ---p 00000000 00:00 0 
6ad00000-6ad21000 rw-p 00000000 00:00 0 
6ad21000-6ae00000 ---p 00000000 00:00 0 
6ae00000-6ae01000 r--s 00000000 08:01 3570       /var/cache/fontconfig/c05880de57d1f5e948fdfacc138775d9-le32d4.cache-3
6ae01000-6ae02000 r--s 00000000 08:01 3577       /var/cache/fontconfig/e7071f4a29fa870f4323321c154eba04-le32d4.cache-3
6ae02000-6ae06000 r--s 00000000 08:01 3553       /var/cache/fontconfig/3047814df9a2f067bd2d96a2b9c36e5a-le32d4.cache-3
6ae06000-6ae16000 r-xp 00000000 08:01 16799      /usr/lib/i386-linux-gnu/libXext.so.6.4.0
6ae16000-6ae17000 r--p 0000f000 08:01 16799      /usr/lib/i386-linux-gnu/libXext.so.6.4.0
6ae17000-6ae18000 rw-p 00010000 08:01 16799      /usr/lib/i386-linux-gnu/libXext.so.6.4.0
6ae18000-6ae19000 r--s 00000000 08:01 3550       /var/cache/fontconfig/0d8c3b2ac0904cb8a57a757ad11a4a08-le32d4.cache-3
6ae19000-6ae1d000 r--s 00000000 08:01 3568       /var/cache/fontconfig/b47c4e1ecd0709278f4910c18777a504-le32d4.cache-3
6ae1d000-6ae26000 r--s 00000000 08:01 519518     /var/cache/fontconfig/089dead882dea3570ffc31a9898cfb69-le32d4.cache-3
6ae26000-6ae2e000 r--s 00000000 08:01 11176      /var/cache/fontconfig/e13b20fdb08344e0e664864cc2ede53d-le32d4.cache-3
6ae2e000-6ae31000 ---p 00000000 00:00 0 
6ae31000-6ae7f000 rw-p 00000000 00:00 0          [stack:8569]
6ae7f000-6ae80000 ---p 00000000 00:00 0 
6ae80000-6af00000 rw-p 00000000 00:00 0          [stack:8562]
6af00000-6af21000 rw-p 00000000 00:00 0 
6af21000-6b000000 ---p 00000000 00:00 0 
6b000000-6b001000 r--s 00000000 08:01 3572       /var/cache/fontconfig/4794a0821666d79190d59a36cb4f44b5-le32d4.cache-3
6b001000-6b004000 r--s 00000000 08:01 519517     /var/cache/fontconfig/7ef2298fde41cc6eeb7af42e48b7d293-le32d4.cache-3
6b004000-6b037000 rw-p 00000000 00:00 0 
6b037000-6b038000 ---p 00000000 00:00 0 
6b038000-6b0b8000 rw-p 00000000 00:00 0          [stack:8561]
6b0b8000-6b0b9000 ---p 00000000 00:00 0 
6b0b9000-6b141000 rw-p 00000000 00:00 0          [stack:8560]
6b141000-6b179000 rw-p 00000000 00:00 0 
6b179000-6b18f000 rw-p 00000000 00:00 0 
6b18f000-6b2cf000 rw-p 00000000 00:00 0 
6b2cf000-6b2d7000 rw-p 00000000 00:00 0 
6b2d7000-6b30f000 rw-p 00000000 00:00 0 
6b30f000-6b325000 rw-p 00000000 00:00 0 
6b325000-6b464000 rw-p 00000000 00:00 0 
6b464000-6b46f000 rw-p 00000000 00:00 0 
6b46f000-6b50f000 rw-p 00000000 00:00 0 
6b50f000-6c510000 rw-p 00000000 00:00 0 
6c510000-73510000 rw-p 00000000 00:00 0 
73510000-75fc0000 rw-p 00000000 00:00 0 
75fc0000-9dfc0000 rw-p 00000000 00:00 0 
9dfc0000-9f510000 rw-p 00000000 00:00 0 
9f510000-b3510000 rw-p 00000000 00:00 0 
b3510000-b3511000 r--s 00000000 08:01 3558       /var/cache/fontconfig/56cf4f4769d0f4abc89a4895d7bd3ae1-le32d4.cache-3
b3511000-b3512000 r--s 00000000 08:01 3569       /var/cache/fontconfig/b9d506c9ac06c20b433354fa67a72993-le32d4.cache-3
b3512000-b3517000 r-xp 00000000 08:01 16825      /usr/lib/i386-linux-gnu/libXtst.so.6.1.0
b3517000-b3518000 r--p 00004000 08:01 16825      /usr/lib/i386-linux-gnu/libXtst.so.6.1.0
b3518000-b3519000 rw-p 00005000 08:01 16825      /usr/lib/i386-linux-gnu/libXtst.so.6.1.0
b3519000-b3522000 rw-p 00000000 00:00 0 
b3522000-b35d9000 rw-p 00000000 00:00 0 
b35d9000-b3819000 rwxp 00000000 00:00 0 
b3819000-b65d9000 rw-p 00000000 00:00 0 
b65d9000-b65e4000 r-xp 00000000 08:01 255736     /lib/i386-linux-gnu/libnss_files-2.15.so
b65e4000-b65e5000 r--p 0000a000 08:01 255736     /lib/i386-linux-gnu/libnss_files-2.15.so
b65e5000-b65e6000 rw-p 0000b000 08:01 255736     /lib/i386-linux-gnu/libnss_files-2.15.so
b65e6000-b65fc000 r-xp 00000000 08:01 252399     /lib/i386-linux-gnu/libnsl-2.15.so
b65fc000-b65fd000 r--p 00015000 08:01 252399     /lib/i386-linux-gnu/libnsl-2.15.so
b65fd000-b65fe000 rw-p 00016000 08:01 252399     /lib/i386-linux-gnu/libnsl-2.15.so
b65fe000-b6600000 rw-p 00000000 00:00 0 
b6600000-b6700000 rw-p 00000000 00:00 0 
b6700000-b6702000 r-xp 00000000 08:01 16786      /usr/lib/i386-linux-gnu/libXau.so.6.0.0
b6702000-b6703000 r--p 00001000 08:01 16786      /usr/lib/i386-linux-gnu/libXau.so.6.0.0
b6703000-b6704000 rw-p 00002000 08:01 16786      /usr/lib/i386-linux-gnu/libXau.so.6.0.0
b6704000-b6706000 r--s 0000f000 08:01 1838988    /usr/lib/jvm/java-6-openjdk-common/jre/lib/ext/pulse-java.jar
b6706000-b6709000 r--s 00077000 08:01 1838989    /usr/lib/jvm/java-6-openjdk-common/jre/lib/ext/localedata.jar
b6709000-b6713000 r-xp 00000000 08:01 255735     /lib/i386-linux-gnu/libnss_nis-2.15.so
b6713000-b6714000 r--p 00009000 08:01 255735     /lib/i386-linux-gnu/libnss_nis-2.15.so
b6714000-b6715000 rw-p 0000a000 08:01 255735     /lib/i386-linux-gnu/libnss_nis-2.15.so
b6715000-b671c000 r-xp 00000000 08:01 255737     /lib/i386-linux-gnu/libnss_compat-2.15.so
b671c000-b671d000 r--p 00006000 08:01 255737     /lib/i386-linux-gnu/libnss_compat-2.15.so
b671d000-b671e000 rw-p 00007000 08:01 255737     /lib/i386-linux-gnu/libnss_compat-2.15.so
b671e000-b671f000 r--s 00007000 08:01 1839824    /usr/share/java/java-atk-wrapper.jar
b671f000-b6723000 r--s 00039000 08:01 1838987    /usr/lib/jvm/java-6-openjdk-common/jre/lib/ext/sunpkcs11.jar
b6723000-b672a000 r-xp 00000000 08:01 1839612    /usr/lib/jvm/java-6-openjdk-i386/jre/lib/i386/libzip.so
b672a000-b672b000 r--p 00006000 08:01 1839612    /usr/lib/jvm/java-6-openjdk-i386/jre/lib/i386/libzip.so
b672b000-b672c000 rw-p 00007000 08:01 1839612    /usr/lib/jvm/java-6-openjdk-i386/jre/lib/i386/libzip.so
b672c000-b6734000 rw-s 00000000 08:01 873200     /tmp/hsperfdata_chaol/8554
b6734000-b675a000 r-xp 00000000 08:01 1839598    /usr/lib/jvm/java-6-openjdk-i386/jre/lib/i386/libjava.so
b675a000-b675b000 r--p 00025000 08:01 1839598    /usr/lib/jvm/java-6-openjdk-i386/jre/lib/i386/libjava.so
b675b000-b675d000 rw-p 00026000 08:01 1839598    /usr/lib/jvm/java-6-openjdk-i386/jre/lib/i386/libjava.so
b675d000-b6764000 r-xp 00000000 08:01 252408     /lib/i386-linux-gnu/librt-2.15.so
b6764000-b6765000 r--p 00006000 08:01 252408     /lib/i386-linux-gnu/librt-2.15.so
b6765000-b6766000 rw-p 00007000 08:01 252408     /lib/i386-linux-gnu/librt-2.15.so
b6766000-b6769000 ---p 00000000 00:00 0 
b6769000-b67b7000 rw-p 00000000 00:00 0          [stack:8559]
b67b7000-b67d3000 r-xp 00000000 08:01 252257     /lib/i386-linux-gnu/libgcc_s.so.1
b67d3000-b67d4000 r--p 0001b000 08:01 252257     /lib/i386-linux-gnu/libgcc_s.so.1
b67d4000-b67d5000 rw-p 0001c000 08:01 252257     /lib/i386-linux-gnu/libgcc_s.so.1
b67d5000-b67ff000 r-xp 00000000 08:01 255734     /lib/i386-linux-gnu/libm-2.15.so
b67ff000-b6800000 r--p 00029000 08:01 255734     /lib/i386-linux-gnu/libm-2.15.so
b6800000-b6801000 rw-p 0002a000 08:01 255734     /lib/i386-linux-gnu/libm-2.15.so
b6801000-b68d9000 r-xp 00000000 08:01 17329      /usr/lib/i386-linux-gnu/libstdc++.so.6.0.16
b68d9000-b68da000 ---p 000d8000 08:01 17329      /usr/lib/i386-linux-gnu/libstdc++.so.6.0.16
b68da000-b68de000 r--p 000d8000 08:01 17329      /usr/lib/i386-linux-gnu/libstdc++.so.6.0.16
b68de000-b68df000 rw-p 000dc000 08:01 17329      /usr/lib/i386-linux-gnu/libstdc++.so.6.0.16
b68df000-b68e6000 rw-p 00000000 00:00 0 
b68e6000-b7106000 r-xp 00000000 08:01 1839591    /usr/lib/jvm/java-6-openjdk-i386/jre/lib/i386/server/libjvm.so
b7106000-b714b000 r--p 0081f000 08:01 1839591    /usr/lib/jvm/java-6-openjdk-i386/jre/lib/i386/server/libjvm.so
b714b000-b715a000 rw-p 00864000 08:01 1839591    /usr/lib/jvm/java-6-openjdk-i386/jre/lib/i386/server/libjvm.so
b715a000-b7576000 rw-p 00000000 00:00 0 
b7576000-b758a000 r-xp 00000000 08:01 252336     /lib/i386-linux-gnu/libz.so.1.2.3.4
b758a000-b758b000 r--p 00013000 08:01 252336     /lib/i386-linux-gnu/libz.so.1.2.3.4
b758b000-b758c000 rw-p 00014000 08:01 252336     /lib/i386-linux-gnu/libz.so.1.2.3.4
b758c000-b7730000 r-xp 00000000 08:01 255739     /lib/i386-linux-gnu/libc-2.15.so
b7730000-b7732000 r--p 001a4000 08:01 255739     /lib/i386-linux-gnu/libc-2.15.so
b7732000-b7733000 rw-p 001a6000 08:01 255739     /lib/i386-linux-gnu/libc-2.15.so
b7733000-b7736000 rw-p 00000000 00:00 0 
b7736000-b7739000 r-xp 00000000 08:01 255738     /lib/i386-linux-gnu/libdl-2.15.so
b7739000-b773a000 r--p 00002000 08:01 255738     /lib/i386-linux-gnu/libdl-2.15.so
b773a000-b773b000 rw-p 00003000 08:01 255738     /lib/i386-linux-gnu/libdl-2.15.so
b773b000-b773f000 r-xp 00000000 08:01 1839611    /usr/lib/jvm/java-6-openjdk-i386/jre/lib/i386/jli/libjli.so
b773f000-b7740000 r--p 00003000 08:01 1839611    /usr/lib/jvm/java-6-openjdk-i386/jre/lib/i386/jli/libjli.so
b7740000-b7741000 rw-p 00004000 08:01 1839611    /usr/lib/jvm/java-6-openjdk-i386/jre/lib/i386/jli/libjli.so
b7741000-b7742000 rw-p 00000000 00:00 0 
b7742000-b7759000 r-xp 00000000 08:01 252406     /lib/i386-linux-gnu/libpthread-2.15.so
b7759000-b775a000 r--p 00016000 08:01 252406     /lib/i386-linux-gnu/libpthread-2.15.so
b775a000-b775b000 rw-p 00017000 08:01 252406     /lib/i386-linux-gnu/libpthread-2.15.so
b775b000-b775d000 rw-p 00000000 00:00 0 
b775d000-b775f000 r--s 00001000 08:01 1838990    /usr/lib/jvm/java-6-openjdk-common/jre/lib/ext/dnsns.jar
b775f000-b7762000 r--s 00031000 08:01 1838991    /usr/lib/jvm/java-6-openjdk-common/jre/lib/ext/sunjce_provider.jar
b7762000-b7763000 r--p 005e0000 08:01 19412      /usr/lib/locale/locale-archive
b7763000-b7764000 rw-p 00000000 00:00 0 
b7764000-b7765000 r--p 00000000 00:00 0 
b7765000-b7770000 r-xp 00000000 08:01 1839627    /usr/lib/jvm/java-6-openjdk-i386/jre/lib/i386/libverify.so
b7770000-b7771000 ---p 0000b000 08:01 1839627    /usr/lib/jvm/java-6-openjdk-i386/jre/lib/i386/libverify.so
b7771000-b7772000 r--p 0000b000 08:01 1839627    /usr/lib/jvm/java-6-openjdk-i386/jre/lib/i386/libverify.so
b7772000-b7773000 rw-p 0000c000 08:01 1839627    /usr/lib/jvm/java-6-openjdk-i386/jre/lib/i386/libverify.so
b7773000-b7775000 rw-p 00000000 00:00 0 
b7775000-b7776000 r-xp 00000000 00:00 0          [vdso]
b7776000-b7796000 r-xp 00000000 08:01 252407     /lib/i386-linux-gnu/ld-2.15.so
b7796000-b7797000 r--p 0001f000 08:01 252407     /lib/i386-linux-gnu/ld-2.15.so
b7797000-b7798000 rw-p 00020000 08:01 252407     /lib/i386-linux-gnu/ld-2.15.so
bfb96000-bfbb8000 rw-p 00000000 00:00 0          [stack]

VM Arguments:
jvm_args: -Dfile.encoding=UTF-8 
java_command: com.adp.clocks.synergy2416.demo.MainWindow psplash:res/Background.png
Launcher Type: SUN_STANDARD

Environment Variables:
PATH=/usr/lib/lightdm/lightdm:/usr/local/sbin:/usr/local/bin:/usr/sbin:/usr/bin:/sbin:/bin:/usr/games
LD_LIBRARY_PATH=/usr/lib/jvm/java-6-openjdk-i386/jre/lib/i386/server:/usr/lib/jvm/java-6-openjdk-i386/jre/lib/i386:/usr/lib/jvm/java-6-openjdk-i386/jre/../lib/i386:/usr/lib/jni
SHELL=/bin/bash
DISPLAY=:0

Signal Handlers:
SIGSEGV: [libjvm.so+0x66e740], sa_mask[0]=0x7ffbfeff, sa_flags=0x10000004
SIGBUS: [libjvm.so+0x66e740], sa_mask[0]=0x7ffbfeff, sa_flags=0x10000004
SIGFPE: [libjvm.so+0x530480], sa_mask[0]=0x7ffbfeff, sa_flags=0x10000004
SIGPIPE: [libjvm.so+0x530480], sa_mask[0]=0x7ffbfeff, sa_flags=0x10000004
SIGXFSZ: [libjvm.so+0x530480], sa_mask[0]=0x7ffbfeff, sa_flags=0x10000004
SIGILL: [libjvm.so+0x530480], sa_mask[0]=0x7ffbfeff, sa_flags=0x10000004
SIGUSR1: SIG_DFL, sa_mask[0]=0x00000000, sa_flags=0x00000000
SIGUSR2: [libjvm.so+0x530310], sa_mask[0]=0x00000004, sa_flags=0x10000004
SIGHUP: [libjvm.so+0x5332a0], sa_mask[0]=0x7ffbfeff, sa_flags=0x10000004
SIGINT: [libjvm.so+0x5332a0], sa_mask[0]=0x7ffbfeff, sa_flags=0x10000004
SIGTERM: [libjvm.so+0x5332a0], sa_mask[0]=0x7ffbfeff, sa_flags=0x10000004
SIGQUIT: [libjvm.so+0x5332a0], sa_mask[0]=0x7ffbfeff, sa_flags=0x10000004


---------------  S Y S T E M  ---------------

OS:Ubuntu 12.04 (precise)
uname:Linux 3.8.0-35-generic #52~precise1-Ubuntu SMP Thu Jan 30 17:27:28 UTC 2014 i686
libc:glibc 2.15 NPTL 2.15 
rlimit: STACK 8192k, CORE 0k, NPROC 64475, NOFILE 4096, AS infinity
load average:0.59 0.33 0.25

/proc/meminfo:
MemTotal:        8269392 kB
MemFree:         5215172 kB
Buffers:          527732 kB
Cached:          1204612 kB
SwapCached:            0 kB
Active:          1670188 kB
Inactive:        1131104 kB
Active(anon):    1069780 kB
Inactive(anon):     6132 kB
Active(file):     600408 kB
Inactive(file):  1124972 kB
Unevictable:          16 kB
Mlocked:              16 kB
HighTotal:       7457720 kB
HighFree:        5148864 kB
LowTotal:         811672 kB
LowFree:           66308 kB
SwapTotal:             0 kB
SwapFree:              0 kB
Dirty:               100 kB
Writeback:             0 kB
AnonPages:       1068808 kB
Mapped:           238144 kB
Shmem:              6964 kB
Slab:             141556 kB
SReclaimable:     114732 kB
SUnreclaim:        26824 kB
KernelStack:        5584 kB
PageTables:        14944 kB
NFS_Unstable:          0 kB
Bounce:                0 kB
WritebackTmp:          0 kB
CommitLimit:     4134696 kB
Committed_AS:    4795216 kB
VmallocTotal:     122880 kB
VmallocUsed:       53776 kB
VmallocChunk:      50676 kB
HardwareCorrupted:     0 kB
AnonHugePages:         0 kB
HugePages_Total:       0
HugePages_Free:        0
HugePages_Rsvd:        0
HugePages_Surp:        0
Hugepagesize:       2048 kB
DirectMap4k:      153592 kB
DirectMap2M:      759808 kB


CPU:total 8 (4 cores per cpu, 2 threads per core) family 6 model 42 stepping 7, cmov, cx8, fxsr, mmx, sse, sse2, sse3, ssse3, sse4.1, sse4.2, popcnt, ht

Memory: 4k page, physical 8269392k(5215172k free), swap 0k(0k free)

vm_info: OpenJDK Server VM (20.0-b12) for linux-x86 JRE (1.6.0_27-b27), built on Nov 16 2013 15:21:31 by "buildd" with gcc 4.6.3

time: Fri Feb 14 12:54:34 2014
elapsed time: 49 seconds

