#
# A fatal error has been detected by the Java Runtime Environment:
#
#  SIGSEGV (0xb) at pc=0xb36c68b7, pid=8133, tid=3000707904
#
# JRE version: 6.0_27-b27
# Java VM: OpenJDK Client VM (20.0-b12 mixed mode, sharing linux-x86 )
# Derivative: IcedTea6 1.12.6
# Distribution: Ubuntu 12.04 LTS, package 6b27-1.12.6-1ubuntu0.12.04.4
# Problematic frame:
# C  [libsynergy2416.so+0x48b7]  _get_enroll_count+0x22
#
# If you would like to submit a bug report, please include
# instructions how to reproduce the bug and visit:
#   https://bugs.launchpad.net/ubuntu/+source/openjdk-6/
# The crash happened outside the Java Virtual Machine in native code.
# See problematic frame for where to report the bug.
#

---------------  T H R E A D  ---------------

Current thread (0x08add000):  JavaThread "SwingWorker-pool-3-thread-1" [_thread_in_native, id=8167, stack(0xb2d62000,0xb2db3000)]

siginfo:si_signo=SIGSEGV: si_errno=0, si_code=1 (SEGV_MAPERR), si_addr=0x00000000

Registers:
EAX=0x00000000, EBX=0x8eba9938, ECX=0x08add120, EDX=0x00000000
ESP=0xb2db1b90, EBP=0xb2db1ba0, ESI=0x8eba9938, EDI=0x08add000
EIP=0xb36c68b7, EFLAGS=0x00210297, CR2=0x00000000

Top of Stack: (sp=0xb2db1b90)
0xb2db1b90:   b6e8cbe0 08add96c 00000000 00000000
0xb2db1ba0:   b2db1ba8 b36c7261 b2db1be8 b36c5fc3
0xb2db1bb0:   b2db1c60 b2db1c30 b4910264 b4902608
0xb2db1bc0:   00000000 b2db1c50 b2db1c30 00000000
0xb2db1bd0:   00000000 8eba9938 08add000 b2db1c20
0xb2db1be0:   b4909fdb 08add000 b2db1c20 b490a0dd
0xb2db1bf0:   08add120 b2db1c28 b2db1c60 b2db1c60
0xb2db1c00:   b2db1c00 8eba9938 b2db1c2c 8ebaa6d8 

Instructions: (pc=0xb36c68b7)
0xb36c6897:   e5 83 ec 10 c7 45 f8 00 00 00 00 c7 45 fc 00 00
0xb36c68a7:   00 00 eb 1b 8b 15 e4 ba 6c b3 8b 45 fc 8d 04 02
0xb36c68b7:   0f b6 00 84 c0 74 04 83 45 f8 01 83 45 fc 01 a1
0xb36c68c7:   10 b0 6c b3 39 45 fc 7c db 8b 45 f8 c9 c3 55 89 

Register to memory mapping:

EAX=0x00000000 is an unknown value
EBX=0x8eba9938 is an oop
{method} 
 - klass: {other class}
ECX=0x08add120 is an unknown value
EDX=0x00000000 is an unknown value
ESP=0xb2db1b90 is pointing into the stack for thread: 0x08add000
EBP=0xb2db1ba0 is pointing into the stack for thread: 0x08add000
ESI=0x8eba9938 is an oop
{method} 
 - klass: {other class}
EDI=0x08add000 is a thread


Stack: [0xb2d62000,0xb2db3000],  sp=0xb2db1b90,  free space=318k
Native frames: (J=compiled Java code, j=interpreted, Vv=VM code, C=native code)
C  [libsynergy2416.so+0x48b7]  _get_enroll_count+0x22
C  [libsynergy2416.so+0x5261]  hlpGetEnrollCount+0x8
C  [libsynergy2416.so+0x3fc3]  Java_com_adp_clocks_synergy2416_demo_FPU_FP_1IDENTIFY_1EMPLOYEE+0x19
j  com.adp.clocks.synergy2416.demo.FPU.FP_IDENTIFY_EMPLOYEE()I+0
j  com.adp.clocks.synergy2416.demo.FPU.identifyEmployee()Ljava/lang/String;+0
j  com.adp.clocks.synergy2416.demo.FPIdWorker.doInBackground()Ljava/lang/String;+7
j  com.adp.clocks.synergy2416.demo.FPIdWorker.doInBackground()Ljava/lang/Object;+1
j  javax.swing.SwingWorker$1.call()Ljava/lang/Object;+14
j  java.util.concurrent.FutureTask$Sync.innerRun()V+29
j  java.util.concurrent.FutureTask.run()V+4
j  javax.swing.SwingWorker.run()V+4
j  java.util.concurrent.ThreadPoolExecutor.runWorker(Ljava/util/concurrent/ThreadPoolExecutor$Worker;)V+95
j  java.util.concurrent.ThreadPoolExecutor$Worker.run()V+5
j  java.lang.Thread.run()V+11
v  ~StubRoutines::call_stub
V  [libjvm.so+0x2116b6]  JavaCalls::call_helper(JavaValue*, methodHandle*, JavaCallArguments*, Thread*)+0x2c6

Java frames: (J=compiled Java code, j=interpreted, Vv=VM code)
j  com.adp.clocks.synergy2416.demo.FPU.FP_IDENTIFY_EMPLOYEE()I+0
j  com.adp.clocks.synergy2416.demo.FPU.identifyEmployee()Ljava/lang/String;+0
j  com.adp.clocks.synergy2416.demo.FPIdWorker.doInBackground()Ljava/lang/String;+7
j  com.adp.clocks.synergy2416.demo.FPIdWorker.doInBackground()Ljava/lang/Object;+1
j  javax.swing.SwingWorker$1.call()Ljava/lang/Object;+14
j  java.util.concurrent.FutureTask$Sync.innerRun()V+29
j  java.util.concurrent.FutureTask.run()V+4
j  javax.swing.SwingWorker.run()V+4
j  java.util.concurrent.ThreadPoolExecutor.runWorker(Ljava/util/concurrent/ThreadPoolExecutor$Worker;)V+95
j  java.util.concurrent.ThreadPoolExecutor$Worker.run()V+5
j  java.lang.Thread.run()V+11
v  ~StubRoutines::call_stub

---------------  P R O C E S S  ---------------

Java Threads: ( => current thread )
=>0x08add000 JavaThread "SwingWorker-pool-3-thread-1" [_thread_in_native, id=8167, stack(0xb2d62000,0xb2db3000)]
  0xb4156400 JavaThread "PulseAudio Eventloop Thread" daemon [_thread_in_native, id=8166, stack(0xb2db3000,0xb2e04000)]
  0xb6905c00 JavaThread "DestroyJavaVM" [_thread_blocked, id=8136, stack(0xb6aff000,0xb6b50000)]
  0x08ad1800 JavaThread "pool-1-thread-1" [_thread_in_Java, id=8156, stack(0xb3332000,0xb3383000)]
  0x08aac000 JavaThread "Timer-0" [_thread_blocked, id=8155, stack(0xb340d000,0xb345e000)]
  0x08aa7c00 JavaThread "Image Fetcher 1" daemon [_thread_blocked, id=8154, stack(0xb345e000,0xb34af000)]
  0x08aa6c00 JavaThread "TimerQueue" daemon [_thread_blocked, id=8153, stack(0xb34af000,0xb3500000)]
  0x08a42400 JavaThread "Image Fetcher 3" daemon [_thread_blocked, id=8150, stack(0xb36ed000,0xb373e000)]
  0xb699b800 JavaThread "AWT-EventQueue-0" [_thread_blocked, id=8149, stack(0xb388b000,0xb38dc000)]
  0xb699a000 JavaThread "AWT-Shutdown" [_thread_blocked, id=8148, stack(0xb38dc000,0xb392d000)]
  0xb6999400 JavaThread "AWT-XAWT" daemon [_thread_in_native, id=8147, stack(0xb392d000,0xb397e000)]
  0xb6965000 JavaThread "Java2D Disposer" daemon [_thread_blocked, id=8146, stack(0xb3a64000,0xb3ab5000)]
  0xb693cc00 JavaThread "Low Memory Detector" daemon [_thread_blocked, id=8144, stack(0xb420d000,0xb425e000)]
  0xb693ac00 JavaThread "C1 CompilerThread0" daemon [_thread_blocked, id=8143, stack(0xb3e7f000,0xb3f00000)]
  0xb6939400 JavaThread "Signal Dispatcher" daemon [_thread_blocked, id=8142, stack(0xb425e000,0xb42af000)]
  0xb6935400 JavaThread "Finalizer" daemon [_thread_blocked, id=8141, stack(0xb42af000,0xb4300000)]
  0xb6933c00 JavaThread "Reference Handler" daemon [_thread_blocked, id=8140, stack(0xb4443000,0xb4494000)]

Other Threads:
  0xb6932000 VMThread [stack: 0xb4494000,0xb4515000] [id=8139]
  0xb693f000 WatcherThread [stack: 0xb3dfe000,0xb3e7f000] [id=8145]

VM state:not at safepoint (normal execution)

VM Mutex/Monitor currently owned by a thread: None

Heap
 def new generation   total 4928K, used 4649K [0x6ea40000, 0x6ef90000, 0x794e0000)
  eden space 4416K,  95% used [0x6ea40000, 0x6ee61188, 0x6ee90000)
  from space 512K,  82% used [0x6ee90000, 0x6eef9418, 0x6ef10000)
  to   space 512K,   0% used [0x6ef10000, 0x6ef10000, 0x6ef90000)
 tenured generation   total 10944K, used 1231K [0x794e0000, 0x79f90000, 0x8ea40000)
   the space 10944K,  11% used [0x794e0000, 0x79613d20, 0x79613e00, 0x79f90000)
 compacting perm gen  total 12288K, used 2231K [0x8ea40000, 0x8f640000, 0x92a40000)
   the space 12288K,  18% used [0x8ea40000, 0x8ec6dca0, 0x8ec6de00, 0x8f640000)
    ro space 10240K,  74% used [0x92a40000, 0x931a8b40, 0x931a8c00, 0x93440000)
    rw space 12288K,  60% used [0x93440000, 0x93b8ee48, 0x93b8f000, 0x94040000)

Code Cache  [0xb4900000, 0xb4a00000, 0xb6900000)
 total_blobs=542 nmethods=284 adapters=194 free_code_cache=32532992 largest_free_block=64

Dynamic libraries:
08048000-08051000 r-xp 00000000 08:01 1839571    /usr/lib/jvm/java-6-openjdk-i386/jre/bin/java
08051000-08052000 r--p 00008000 08:01 1839571    /usr/lib/jvm/java-6-openjdk-i386/jre/bin/java
08052000-08053000 rw-p 00009000 08:01 1839571    /usr/lib/jvm/java-6-openjdk-i386/jre/bin/java
0899f000-08af1000 rw-p 00000000 00:00 0          [heap]
6ea40000-6ef90000 rw-p 00000000 00:00 0 
6ef90000-794e0000 rw-p 00000000 00:00 0 
794e0000-79f90000 rw-p 00000000 00:00 0 
79f90000-8ea40000 rw-p 00000000 00:00 0 
8ea40000-8f640000 rw-p 00000000 00:00 0 
8f640000-92a40000 rw-p 00000000 00:00 0 
92a40000-931a9000 r--s 00001000 08:01 1839781    /usr/lib/jvm/java-6-openjdk-i386/jre/lib/i386/client/classes.jsa
931a9000-93440000 rw-p 00000000 00:00 0 
93440000-93b8f000 rw-p 0076a000 08:01 1839781    /usr/lib/jvm/java-6-openjdk-i386/jre/lib/i386/client/classes.jsa
93b8f000-94040000 rw-p 00000000 00:00 0 
94040000-9413d000 rw-p 00eb9000 08:01 1839781    /usr/lib/jvm/java-6-openjdk-i386/jre/lib/i386/client/classes.jsa
9413d000-94440000 rw-p 00000000 00:00 0 
94440000-94448000 r-xs 00fb6000 08:01 1839781    /usr/lib/jvm/java-6-openjdk-i386/jre/lib/i386/client/classes.jsa
94448000-94840000 rw-p 00000000 00:00 0 
aa64c000-ae64d000 rw-s 00000000 00:12 55823      /run/shm/pulse-shm-757352462
ae64d000-ae64e000 ---p 00000000 00:00 0 
ae64e000-aee4e000 rw-p 00000000 00:00 0 
b2d62000-b2d65000 ---p 00000000 00:00 0 
b2d65000-b2db3000 rw-p 00000000 00:00 0          [stack:8167]
b2db3000-b2db6000 ---p 00000000 00:00 0 
b2db6000-b2e04000 rw-p 00000000 00:00 0          [stack:8166]
b2e04000-b2e4f000 rw-s 00000000 00:04 28508188   /SYSV00000000 (deleted)
b2e8b000-b2e98000 r-xp 00000000 08:01 1839792    /usr/lib/jvm/java-6-openjdk-i386/jre/lib/i386/libpulse-java.so
b2e98000-b2e99000 r--p 0000c000 08:01 1839792    /usr/lib/jvm/java-6-openjdk-i386/jre/lib/i386/libpulse-java.so
b2e99000-b2e9a000 rw-p 0000d000 08:01 1839792    /usr/lib/jvm/java-6-openjdk-i386/jre/lib/i386/libpulse-java.so
b2e9a000-b2ead000 r-xp 00000000 08:01 252403     /lib/i386-linux-gnu/libresolv-2.15.so
b2ead000-b2eae000 ---p 00013000 08:01 252403     /lib/i386-linux-gnu/libresolv-2.15.so
b2eae000-b2eaf000 r--p 00013000 08:01 252403     /lib/i386-linux-gnu/libresolv-2.15.so
b2eaf000-b2eb0000 rw-p 00014000 08:01 252403     /lib/i386-linux-gnu/libresolv-2.15.so
b2eb0000-b2eb2000 rw-p 00000000 00:00 0 
b2eb2000-b2eb8000 r-xp 00000000 08:01 17212      /usr/lib/i386-linux-gnu/libogg.so.0.7.1
b2eb8000-b2eb9000 r--p 00005000 08:01 17212      /usr/lib/i386-linux-gnu/libogg.so.0.7.1
b2eb9000-b2eba000 rw-p 00006000 08:01 17212      /usr/lib/i386-linux-gnu/libogg.so.0.7.1
b2eba000-b2ee3000 r-xp 00000000 08:01 17362      /usr/lib/i386-linux-gnu/libvorbis.so.0.4.5
b2ee3000-b2ee4000 r--p 00028000 08:01 17362      /usr/lib/i386-linux-gnu/libvorbis.so.0.4.5
b2ee4000-b2ee5000 rw-p 00029000 08:01 17362      /usr/lib/i386-linux-gnu/libvorbis.so.0.4.5
b2ee5000-b304b000 r-xp 00000000 08:01 17364      /usr/lib/i386-linux-gnu/libvorbisenc.so.2.0.8
b304b000-b305c000 r--p 00165000 08:01 17364      /usr/lib/i386-linux-gnu/libvorbisenc.so.2.0.8
b305c000-b305d000 rw-p 00176000 08:01 17364      /usr/lib/i386-linux-gnu/libvorbisenc.so.2.0.8
b305d000-b30a9000 r-xp 00000000 08:01 16731      /usr/lib/i386-linux-gnu/libFLAC.so.8.2.0
b30a9000-b30aa000 r--p 0004b000 08:01 16731      /usr/lib/i386-linux-gnu/libFLAC.so.8.2.0
b30aa000-b30ab000 rw-p 0004c000 08:01 16731      /usr/lib/i386-linux-gnu/libFLAC.so.8.2.0
b30ab000-b30b0000 r-xp 00000000 08:01 16847      /usr/lib/i386-linux-gnu/libasyncns.so.0.3.1
b30b0000-b30b1000 r--p 00004000 08:01 16847      /usr/lib/i386-linux-gnu/libasyncns.so.0.3.1
b30b1000-b30b2000 rw-p 00005000 08:01 16847      /usr/lib/i386-linux-gnu/libasyncns.so.0.3.1
b30b2000-b311e000 r-xp 00000000 08:01 17307      /usr/lib/i386-linux-gnu/libsndfile.so.1.0.25
b311e000-b311f000 r--p 0006c000 08:01 17307      /usr/lib/i386-linux-gnu/libsndfile.so.1.0.25
b311f000-b3120000 rw-p 0006d000 08:01 17307      /usr/lib/i386-linux-gnu/libsndfile.so.1.0.25
b3120000-b3124000 rw-p 00000000 00:00 0 
b3124000-b312c000 r-xp 00000000 08:01 252334     /lib/i386-linux-gnu/libwrap.so.0.7.6
b312c000-b312d000 r--p 00007000 08:01 252334     /lib/i386-linux-gnu/libwrap.so.0.7.6
b312d000-b312e000 rw-p 00008000 08:01 252334     /lib/i386-linux-gnu/libwrap.so.0.7.6
b312e000-b3175000 r-xp 00000000 08:01 252249     /lib/i386-linux-gnu/libdbus-1.so.3.5.8
b3175000-b3176000 r--p 00047000 08:01 252249     /lib/i386-linux-gnu/libdbus-1.so.3.5.8
b3176000-b3177000 rw-p 00048000 08:01 252249     /lib/i386-linux-gnu/libdbus-1.so.3.5.8
b3177000-b31da000 r-xp 00000000 08:01 12624      /usr/lib/i386-linux-gnu/libpulsecommon-1.1.so
b31da000-b31db000 r--p 00062000 08:01 12624      /usr/lib/i386-linux-gnu/libpulsecommon-1.1.so
b31db000-b31dc000 rw-p 00063000 08:01 12624      /usr/lib/i386-linux-gnu/libpulsecommon-1.1.so
b31dc000-b3228000 r-xp 00000000 08:01 12623      /usr/lib/i386-linux-gnu/libpulse.so.0.13.5
b3228000-b3229000 r--p 0004b000 08:01 12623      /usr/lib/i386-linux-gnu/libpulse.so.0.13.5
b3229000-b322a000 rw-p 0004c000 08:01 12623      /usr/lib/i386-linux-gnu/libpulse.so.0.13.5
b322a000-b3317000 r-xp 00000000 08:01 16845      /usr/lib/i386-linux-gnu/libasound.so.2.0.0
b3317000-b331b000 r--p 000ec000 08:01 16845      /usr/lib/i386-linux-gnu/libasound.so.2.0.0
b331b000-b331c000 rw-p 000f0000 08:01 16845      /usr/lib/i386-linux-gnu/libasound.so.2.0.0
b3325000-b332b000 rw-s 00000000 00:04 28540957   /SYSV00000000 (deleted)
b332b000-b3330000 r-xp 00000000 08:01 17411      /usr/lib/i386-linux-gnu/alsa-lib/libasound_module_pcm_pulse.so
b3330000-b3331000 r--p 00004000 08:01 17411      /usr/lib/i386-linux-gnu/alsa-lib/libasound_module_pcm_pulse.so
b3331000-b3332000 rw-p 00005000 08:01 17411      /usr/lib/i386-linux-gnu/alsa-lib/libasound_module_pcm_pulse.so
b3332000-b3335000 ---p 00000000 00:00 0 
b3335000-b3383000 rw-p 00000000 00:00 0          [stack:8156]
b3383000-b33a4000 r-xp 00000000 08:01 17358      /usr/lib/i386-linux-gnu/libv4lconvert.so.0
b33a4000-b33a5000 r--p 00021000 08:01 17358      /usr/lib/i386-linux-gnu/libv4lconvert.so.0
b33a5000-b33a6000 rw-p 00022000 08:01 17358      /usr/lib/i386-linux-gnu/libv4lconvert.so.0
b33a6000-b33f8000 rw-p 00000000 00:00 0 
b33f8000-b340b000 r-xp 00000000 08:01 8712       /usr/lib/libvideo.so.0
b340b000-b340c000 r--p 00012000 08:01 8712       /usr/lib/libvideo.so.0
b340c000-b340d000 rw-p 00013000 08:01 8712       /usr/lib/libvideo.so.0
b340d000-b3410000 ---p 00000000 00:00 0 
b3410000-b345e000 rw-p 00000000 00:00 0          [stack:8155]
b345e000-b3461000 ---p 00000000 00:00 0 
b3461000-b34af000 rw-p 00000000 00:00 0          [stack:8154]
b34af000-b34b2000 ---p 00000000 00:00 0 
b34b2000-b3500000 rw-p 00000000 00:00 0          [stack:8153]
b3500000-b3560000 rw-p 00000000 00:00 0 
b3560000-b3600000 ---p 00000000 00:00 0 
b3602000-b3688000 rw-p 00000000 00:00 0 
b368b000-b3691000 r-xp 00000000 08:01 17146      /usr/lib/i386-linux-gnu/libjson.so.0.0.1
b3691000-b3692000 r--p 00005000 08:01 17146      /usr/lib/i386-linux-gnu/libjson.so.0.0.1
b3692000-b3693000 rw-p 00006000 08:01 17146      /usr/lib/i386-linux-gnu/libjson.so.0.0.1
b3696000-b36a5000 r-xp 00000000 08:01 1839790    /usr/lib/jvm/java-6-openjdk-i386/jre/lib/i386/libjsoundalsa.so
b36a5000-b36a6000 r--p 0000e000 08:01 1839790    /usr/lib/jvm/java-6-openjdk-i386/jre/lib/i386/libjsoundalsa.so
b36a6000-b36a7000 rw-p 0000f000 08:01 1839790    /usr/lib/jvm/java-6-openjdk-i386/jre/lib/i386/libjsoundalsa.so
b36a7000-b36a8000 r-xp 00000000 08:01 1839628    /usr/lib/jvm/java-6-openjdk-i386/jre/lib/i386/libjsound.so
b36a8000-b36a9000 r--p 00000000 08:01 1839628    /usr/lib/jvm/java-6-openjdk-i386/jre/lib/i386/libjsound.so
b36a9000-b36aa000 rw-p 00001000 08:01 1839628    /usr/lib/jvm/java-6-openjdk-i386/jre/lib/i386/libjsound.so
b36aa000-b36b1000 r--s 00000000 08:01 14251      /usr/lib/i386-linux-gnu/gconv/gconv-modules.cache
b36b1000-b36c0000 r-xp 00000000 08:01 524448     /usr/lib/jni/libv4l4j.so
b36c0000-b36c1000 r--p 0000e000 08:01 524448     /usr/lib/jni/libv4l4j.so
b36c1000-b36c2000 rw-p 0000f000 08:01 524448     /usr/lib/jni/libv4l4j.so
b36c2000-b36ca000 r-xp 00000000 08:01 524557     /usr/lib/jni/libsynergy2416.so
b36ca000-b36cb000 r--p 00007000 08:01 524557     /usr/lib/jni/libsynergy2416.so
b36cb000-b36cc000 rw-p 00008000 08:01 524557     /usr/lib/jni/libsynergy2416.so
b36cc000-b36d4000 r-xp 00000000 08:01 1839626    /usr/lib/jvm/java-6-openjdk-i386/jre/lib/i386/libnio.so
b36d4000-b36d5000 r--p 00007000 08:01 1839626    /usr/lib/jvm/java-6-openjdk-i386/jre/lib/i386/libnio.so
b36d5000-b36d6000 rw-p 00008000 08:01 1839626    /usr/lib/jvm/java-6-openjdk-i386/jre/lib/i386/libnio.so
b36d6000-b36eb000 r-xp 00000000 08:01 1839614    /usr/lib/jvm/java-6-openjdk-i386/jre/lib/i386/libnet.so
b36eb000-b36ec000 r--p 00014000 08:01 1839614    /usr/lib/jvm/java-6-openjdk-i386/jre/lib/i386/libnet.so
b36ec000-b36ed000 rw-p 00015000 08:01 1839614    /usr/lib/jvm/java-6-openjdk-i386/jre/lib/i386/libnet.so
b36ed000-b36f0000 ---p 00000000 00:00 0 
b36f0000-b373e000 rw-p 00000000 00:00 0          [stack:8150]
b373e000-b378c000 r--s 008b6000 08:01 2243423    /opt/eclipse-standard/plugins/com.ibm.icu_50.1.1.v201304230130.jar
b378c000-b37ce000 r--s 00367000 08:01 2243377    /opt/eclipse-standard/plugins/org.eclipse.ui.workbench_3.105.1.v20130821-1411.jar
b37ce000-b37e1000 r--s 000e0000 08:01 2243213    /opt/eclipse-standard/plugins/org.eclipse.jface.text_3.8.101.v20130802-1147.jar
b37e1000-b37f5000 r--s 000f9000 08:01 2243526    /opt/eclipse-standard/plugins/org.eclipse.jface_3.9.1.v20130725-1141.jar
b37f5000-b380a000 r--s 0023a000 08:01 2243675    /opt/eclipse-standard/plugins/org.eclipse.swt.gtk.linux.x86_3.102.1.v20130827-2048.jar
b380a000-b384f000 r-xp 00000000 08:01 11892      /usr/lib/i386-linux-gnu/libjpeg.so.8.0.2
b384f000-b3850000 r--p 00044000 08:01 11892      /usr/lib/i386-linux-gnu/libjpeg.so.8.0.2
b3850000-b3851000 rw-p 00045000 08:01 11892      /usr/lib/i386-linux-gnu/libjpeg.so.8.0.2
b3851000-b3861000 rw-p 00000000 00:00 0 
b3861000-b3889000 r-xp 00000000 08:01 252306     /lib/i386-linux-gnu/libpng12.so.0.46.0
b3889000-b388a000 r--p 00027000 08:01 252306     /lib/i386-linux-gnu/libpng12.so.0.46.0
b388a000-b388b000 rw-p 00028000 08:01 252306     /lib/i386-linux-gnu/libpng12.so.0.46.0
b388b000-b388e000 ---p 00000000 00:00 0 
b388e000-b38dc000 rw-p 00000000 00:00 0          [stack:8149]
b38dc000-b38df000 ---p 00000000 00:00 0 
b38df000-b392d000 rw-p 00000000 00:00 0          [stack:8148]
b392d000-b3930000 ---p 00000000 00:00 0 
b3930000-b397e000 rw-p 00000000 00:00 0          [stack:8147]
b397e000-b397f000 r--s 00000000 08:01 3570       /var/cache/fontconfig/c05880de57d1f5e948fdfacc138775d9-le32d4.cache-3
b397f000-b3985000 r--s 00000000 08:01 3565       /var/cache/fontconfig/945677eb7aeaf62f1d50efc3fb3ec7d8-le32d4.cache-3
b3985000-b3988000 r--s 00000000 08:01 519519     /var/cache/fontconfig/99e8ed0e538f840c565b6ed5dad60d56-le32d4.cache-3
b3988000-b398b000 r--s 00000000 08:01 3552       /var/cache/fontconfig/2cd17615ca594fa2959ae173292e504c-le32d4.cache-3
b398b000-b398c000 r--s 00000000 08:01 3577       /var/cache/fontconfig/e7071f4a29fa870f4323321c154eba04-le32d4.cache-3
b398c000-b398d000 r--s 00000000 08:01 3550       /var/cache/fontconfig/0d8c3b2ac0904cb8a57a757ad11a4a08-le32d4.cache-3
b398d000-b3991000 r--s 00000000 08:01 3567       /var/cache/fontconfig/a755afe4a08bf5b97852ceb7400b47bc-le32d4.cache-3
b3991000-b3998000 r--s 00000000 08:01 1579180    /var/cache/fontconfig/6d41288fd70b0be22e8c3a91e032eec0-le32d4.cache-3
b3998000-b39a3000 r--s 00000000 08:01 3549       /var/cache/fontconfig/04aabc0a78ac019cf9454389977116d2-le32d4.cache-3
b39a3000-b39a6000 r--s 00000000 08:01 3555       /var/cache/fontconfig/385c0604a188198f04d133e54aba7fe7-le32d4.cache-3
b39a6000-b39a7000 r--s 00000000 08:01 3572       /var/cache/fontconfig/4794a0821666d79190d59a36cb4f44b5-le32d4.cache-3
b39a7000-b39ab000 r--s 00000000 08:01 3553       /var/cache/fontconfig/3047814df9a2f067bd2d96a2b9c36e5a-le32d4.cache-3
b39ab000-b39b0000 r--s 00045000 08:01 2243421    /opt/eclipse-standard/plugins/org.eclipse.ui.forms_3.6.1.v20130822-1117.jar
b39b0000-b39b5000 r--s 00038000 08:01 2243571    /opt/eclipse-standard/plugins/org.eclipse.text_3.5.300.v20130515-1451.jar
b39b5000-b39bd000 r-xp 00000000 08:01 1839774    /usr/lib/i386-linux-gnu/libgif.so.4.1.6
b39bd000-b39be000 r--p 00007000 08:01 1839774    /usr/lib/i386-linux-gnu/libgif.so.4.1.6
b39be000-b39bf000 rw-p 00008000 08:01 1839774    /usr/lib/i386-linux-gnu/libgif.so.4.1.6
b39bf000-b39c1000 rw-p 00000000 00:00 0 
b39c1000-b39d5000 r--s 00140000 08:01 2243684    /opt/eclipse-standard/plugins/org.eclipse.osgi_3.9.1.v20130814-1242.jar
b39d5000-b39d6000 r--s 00000000 08:01 3570       /var/cache/fontconfig/c05880de57d1f5e948fdfacc138775d9-le32d4.cache-3
b39d6000-b39dc000 r--s 00000000 08:01 3565       /var/cache/fontconfig/945677eb7aeaf62f1d50efc3fb3ec7d8-le32d4.cache-3
b39dc000-b39df000 r--s 00000000 08:01 519519     /var/cache/fontconfig/99e8ed0e538f840c565b6ed5dad60d56-le32d4.cache-3
b39df000-b39e2000 r--s 00000000 08:01 3552       /var/cache/fontconfig/2cd17615ca594fa2959ae173292e504c-le32d4.cache-3
b39e2000-b39e3000 r--s 00000000 08:01 3577       /var/cache/fontconfig/e7071f4a29fa870f4323321c154eba04-le32d4.cache-3
b39e3000-b39e4000 r--s 00000000 08:01 3550       /var/cache/fontconfig/0d8c3b2ac0904cb8a57a757ad11a4a08-le32d4.cache-3
b39e4000-b39e8000 r--s 00000000 08:01 3567       /var/cache/fontconfig/a755afe4a08bf5b97852ceb7400b47bc-le32d4.cache-3
b39e8000-b39ef000 r--s 00000000 08:01 1579180    /var/cache/fontconfig/6d41288fd70b0be22e8c3a91e032eec0-le32d4.cache-3
b39ef000-b39fa000 r--s 00000000 08:01 3549       /var/cache/fontconfig/04aabc0a78ac019cf9454389977116d2-le32d4.cache-3
b39fa000-b39fd000 r--s 00000000 08:01 3555       /var/cache/fontconfig/385c0604a188198f04d133e54aba7fe7-le32d4.cache-3
b39fd000-b39fe000 r--s 00000000 08:01 3572       /var/cache/fontconfig/4794a0821666d79190d59a36cb4f44b5-le32d4.cache-3
b39fe000-b3a01000 r--s 00000000 08:01 3564       /var/cache/fontconfig/8801497958630a81b71ace7c5f9b32a8-le32d4.cache-3
b3a01000-b3a05000 r--s 00000000 08:01 3553       /var/cache/fontconfig/3047814df9a2f067bd2d96a2b9c36e5a-le32d4.cache-3
b3a05000-b3a06000 r--s 00000000 08:01 3558       /var/cache/fontconfig/56cf4f4769d0f4abc89a4895d7bd3ae1-le32d4.cache-3
b3a06000-b3a09000 r--s 00000000 08:01 3564       /var/cache/fontconfig/8801497958630a81b71ace7c5f9b32a8-le32d4.cache-3
b3a09000-b3a0d000 r--s 00000000 08:01 3568       /var/cache/fontconfig/b47c4e1ecd0709278f4910c18777a504-le32d4.cache-3
b3a0d000-b3a1a000 r--s 00000000 08:01 3573       /var/cache/fontconfig/d52a8644073d54c13679302ca1180695-le32d4.cache-3
b3a1a000-b3a1d000 r--s 00019000 08:01 864259     /home/chaol/workspace-java/ADP-Demo-GUI/src/com/adp/clocks/synergy2416/res/v4l4j.jar
b3a1d000-b3a20000 r--s 0002a000 08:01 2243555    /opt/eclipse-standard/plugins/org.eclipse.equinox.registry_3.5.301.v20130717-1549.jar
b3a20000-b3a24000 r-xp 00000000 08:01 13641      /usr/lib/i386-linux-gnu/libXfixes.so.3.1.0
b3a24000-b3a25000 r--p 00004000 08:01 13641      /usr/lib/i386-linux-gnu/libXfixes.so.3.1.0
b3a25000-b3a26000 rw-p 00005000 08:01 13641      /usr/lib/i386-linux-gnu/libXfixes.so.3.1.0
b3a26000-b3a2f000 r-xp 00000000 08:01 16793      /usr/lib/i386-linux-gnu/libXcursor.so.1.0.2
b3a2f000-b3a30000 r--p 00008000 08:01 16793      /usr/lib/i386-linux-gnu/libXcursor.so.1.0.2
b3a30000-b3a31000 rw-p 00009000 08:01 16793      /usr/lib/i386-linux-gnu/libXcursor.so.1.0.2
b3a31000-b3a33000 r--s 00010000 08:01 2243198    /opt/eclipse-standard/plugins/org.eclipse.core.runtime_3.9.0.v20130326-1255.jar
b3a33000-b3a36000 r--s 00018000 08:01 2243752    /opt/eclipse-standard/plugins/org.eclipse.equinox.common_3.6.200.v20130402-1505.jar
b3a36000-b3a39000 r--s 00018000 08:01 2243511    /opt/eclipse-standard/plugins/org.eclipse.core.commands_3.6.100.v20130515-1857.jar
b3a39000-b3a3a000 rw-p 00000000 00:00 0 
b3a3a000-b3a43000 r-xp 00000000 08:01 1839791    /usr/lib/jvm/java-6-openjdk-i386/jre/lib/i386/libsplashscreen.so
b3a43000-b3a44000 r--p 00008000 08:01 1839791    /usr/lib/jvm/java-6-openjdk-i386/jre/lib/i386/libsplashscreen.so
b3a44000-b3a45000 rw-p 00009000 08:01 1839791    /usr/lib/jvm/java-6-openjdk-i386/jre/lib/i386/libsplashscreen.so
b3a45000-b3a47000 rw-p 00000000 00:00 0 
b3a47000-b3a4e000 r--s 000fc000 08:01 1838998    /usr/lib/jvm/java-6-openjdk-common/jre/lib/resources.jar
b3a4e000-b3a4f000 r--s 00000000 08:01 3558       /var/cache/fontconfig/56cf4f4769d0f4abc89a4895d7bd3ae1-le32d4.cache-3
b3a4f000-b3a50000 r--s 00000000 08:01 3569       /var/cache/fontconfig/b9d506c9ac06c20b433354fa67a72993-le32d4.cache-3
b3a50000-b3a59000 r--s 00000000 08:01 519518     /var/cache/fontconfig/089dead882dea3570ffc31a9898cfb69-le32d4.cache-3
b3a59000-b3a61000 r--s 00000000 08:01 11176      /var/cache/fontconfig/e13b20fdb08344e0e664864cc2ede53d-le32d4.cache-3
b3a61000-b3a64000 r--s 00000000 08:01 519517     /var/cache/fontconfig/7ef2298fde41cc6eeb7af42e48b7d293-le32d4.cache-3
b3a64000-b3a67000 ---p 00000000 00:00 0 
b3a67000-b3ab5000 rw-p 00000000 00:00 0          [stack:8146]
b3ab5000-b3b4a000 r-xp 00000000 08:01 16989      /usr/lib/i386-linux-gnu/libfreetype.so.6.8.0
b3b4a000-b3b4e000 r--p 00094000 08:01 16989      /usr/lib/i386-linux-gnu/libfreetype.so.6.8.0
b3b4e000-b3b4f000 rw-p 00098000 08:01 16989      /usr/lib/i386-linux-gnu/libfreetype.so.6.8.0
b3b4f000-b3b97000 r-xp 00000000 08:01 1839595    /usr/lib/jvm/java-6-openjdk-i386/jre/lib/i386/libfontmanager.so
b3b97000-b3b98000 r--p 00048000 08:01 1839595    /usr/lib/jvm/java-6-openjdk-i386/jre/lib/i386/libfontmanager.so
b3b98000-b3b99000 rw-p 00049000 08:01 1839595    /usr/lib/jvm/java-6-openjdk-i386/jre/lib/i386/libfontmanager.so
b3b99000-b3bb8000 r-xp 00000000 08:01 17393      /usr/lib/i386-linux-gnu/libxcb.so.1.1.0
b3bb8000-b3bb9000 r--p 0001f000 08:01 17393      /usr/lib/i386-linux-gnu/libxcb.so.1.1.0
b3bb9000-b3bba000 rw-p 00020000 08:01 17393      /usr/lib/i386-linux-gnu/libxcb.so.1.1.0
b3bba000-b3cea000 r-xp 00000000 08:01 14323      /usr/lib/i386-linux-gnu/libX11.so.6.3.0
b3cea000-b3ceb000 r--p 0012f000 08:01 14323      /usr/lib/i386-linux-gnu/libX11.so.6.3.0
b3ceb000-b3ced000 rw-p 00130000 08:01 14323      /usr/lib/i386-linux-gnu/libX11.so.6.3.0
b3ced000-b3cee000 rw-p 00000000 00:00 0 
b3cee000-b3d3a000 r-xp 00000000 08:01 1839789    /usr/lib/jvm/java-6-openjdk-i386/jre/lib/i386/xawt/libmawt.so
b3d3a000-b3d3b000 r--p 0004b000 08:01 1839789    /usr/lib/jvm/java-6-openjdk-i386/jre/lib/i386/xawt/libmawt.so
b3d3b000-b3d3d000 rw-p 0004c000 08:01 1839789    /usr/lib/jvm/java-6-openjdk-i386/jre/lib/i386/xawt/libmawt.so
b3d3d000-b3d3e000 rw-p 00000000 00:00 0 
b3d3e000-b3dd2000 r-xp 00000000 08:01 1839605    /usr/lib/jvm/java-6-openjdk-i386/jre/lib/i386/libawt.so
b3dd2000-b3dd3000 r--p 00093000 08:01 1839605    /usr/lib/jvm/java-6-openjdk-i386/jre/lib/i386/libawt.so
b3dd3000-b3dda000 rw-p 00094000 08:01 1839605    /usr/lib/jvm/java-6-openjdk-i386/jre/lib/i386/libawt.so
b3dda000-b3dfe000 rw-p 00000000 00:00 0 
b3dfe000-b3dff000 ---p 00000000 00:00 0 
b3dff000-b3e7f000 rw-p 00000000 00:00 0          [stack:8145]
b3e7f000-b3e82000 ---p 00000000 00:00 0 
b3e82000-b3f00000 rw-p 00000000 00:00 0          [stack:8143]
b3f00000-b4100000 r--p 00000000 08:01 19412      /usr/lib/locale/locale-archive
b4100000-b415d000 rw-p 00000000 00:00 0 
b415d000-b4200000 ---p 00000000 00:00 0 
b4200000-b420d000 r--s 00000000 08:01 3573       /var/cache/fontconfig/d52a8644073d54c13679302ca1180695-le32d4.cache-3
b420d000-b4210000 ---p 00000000 00:00 0 
b4210000-b425e000 rw-p 00000000 00:00 0          [stack:8144]
b425e000-b4261000 ---p 00000000 00:00 0 
b4261000-b42af000 rw-p 00000000 00:00 0          [stack:8142]
b42af000-b42b2000 ---p 00000000 00:00 0 
b42b2000-b4300000 rw-p 00000000 00:00 0          [stack:8141]
b4300000-b43fb000 rw-p 00000000 00:00 0 
b43fb000-b4400000 ---p 00000000 00:00 0 
b4400000-b4405000 r-xp 00000000 08:01 16797      /usr/lib/i386-linux-gnu/libXdmcp.so.6.0.0
b4405000-b4406000 r--p 00004000 08:01 16797      /usr/lib/i386-linux-gnu/libXdmcp.so.6.0.0
b4406000-b4407000 rw-p 00005000 08:01 16797      /usr/lib/i386-linux-gnu/libXdmcp.so.6.0.0
b4407000-b4409000 r-xp 00000000 08:01 16786      /usr/lib/i386-linux-gnu/libXau.so.6.0.0
b4409000-b440a000 r--p 00001000 08:01 16786      /usr/lib/i386-linux-gnu/libXau.so.6.0.0
b440a000-b440b000 rw-p 00002000 08:01 16786      /usr/lib/i386-linux-gnu/libXau.so.6.0.0
b440b000-b441a000 r-xp 00000000 08:01 8381       /usr/lib/i386-linux-gnu/libXi.so.6.1.0
b441a000-b441b000 r--p 0000e000 08:01 8381       /usr/lib/i386-linux-gnu/libXi.so.6.1.0
b441b000-b441c000 rw-p 0000f000 08:01 8381       /usr/lib/i386-linux-gnu/libXi.so.6.1.0
b441c000-b4421000 r-xp 00000000 08:01 16825      /usr/lib/i386-linux-gnu/libXtst.so.6.1.0
b4421000-b4422000 r--p 00004000 08:01 16825      /usr/lib/i386-linux-gnu/libXtst.so.6.1.0
b4422000-b4423000 rw-p 00005000 08:01 16825      /usr/lib/i386-linux-gnu/libXtst.so.6.1.0
b4423000-b442b000 r-xp 00000000 08:01 16821      /usr/lib/i386-linux-gnu/libXrender.so.1.3.0
b442b000-b442c000 r--p 00007000 08:01 16821      /usr/lib/i386-linux-gnu/libXrender.so.1.3.0
b442c000-b442d000 rw-p 00008000 08:01 16821      /usr/lib/i386-linux-gnu/libXrender.so.1.3.0
b442d000-b442e000 r--s 00000000 08:01 3569       /var/cache/fontconfig/b9d506c9ac06c20b433354fa67a72993-le32d4.cache-3
b442e000-b4432000 r--s 00000000 08:01 3568       /var/cache/fontconfig/b47c4e1ecd0709278f4910c18777a504-le32d4.cache-3
b4432000-b443b000 r--s 00000000 08:01 519518     /var/cache/fontconfig/089dead882dea3570ffc31a9898cfb69-le32d4.cache-3
b443b000-b4443000 r--s 00000000 08:01 11176      /var/cache/fontconfig/e13b20fdb08344e0e664864cc2ede53d-le32d4.cache-3
b4443000-b4446000 ---p 00000000 00:00 0 
b4446000-b4494000 rw-p 00000000 00:00 0          [stack:8140]
b4494000-b4495000 ---p 00000000 00:00 0 
b4495000-b4515000 rw-p 00000000 00:00 0          [stack:8139]
b4515000-b46a9000 r--s 03822000 08:01 1839584    /usr/lib/jvm/java-6-openjdk-i386/jre/lib/rt.jar
b46a9000-b46af000 rw-p 00000000 00:00 0 
b46af000-b4754000 rw-p 00000000 00:00 0 
b4754000-b4757000 rw-p 00000000 00:00 0 
b4757000-b47a9000 rw-p 00000000 00:00 0 
b47a9000-b47af000 rw-p 00000000 00:00 0 
b47af000-b4854000 rw-p 00000000 00:00 0 
b4854000-b485a000 rw-p 00000000 00:00 0 
b485a000-b4874000 rw-p 00000000 00:00 0 
b4874000-b4884000 rw-p 00000000 00:00 0 
b4884000-b4900000 rw-p 00000000 00:00 0 
b4900000-b4a00000 rwxp 00000000 00:00 0 
b4a00000-b69ca000 rw-p 00000000 00:00 0 
b69ca000-b6a00000 ---p 00000000 00:00 0 
b6a00000-b6a03000 r--s 00000000 08:01 519517     /var/cache/fontconfig/7ef2298fde41cc6eeb7af42e48b7d293-le32d4.cache-3
b6a03000-b6a13000 r-xp 00000000 08:01 16799      /usr/lib/i386-linux-gnu/libXext.so.6.4.0
b6a13000-b6a14000 r--p 0000f000 08:01 16799      /usr/lib/i386-linux-gnu/libXext.so.6.4.0
b6a14000-b6a15000 rw-p 00010000 08:01 16799      /usr/lib/i386-linux-gnu/libXext.so.6.4.0
b6a15000-b6a17000 r--s 0000f000 08:01 1838988    /usr/lib/jvm/java-6-openjdk-common/jre/lib/ext/pulse-java.jar
b6a17000-b6a19000 r--s 00001000 08:01 1838990    /usr/lib/jvm/java-6-openjdk-common/jre/lib/ext/dnsns.jar
b6a19000-b6a1c000 r--s 00077000 08:01 1838989    /usr/lib/jvm/java-6-openjdk-common/jre/lib/ext/localedata.jar
b6a1c000-b6a20000 r--s 00039000 08:01 1838987    /usr/lib/jvm/java-6-openjdk-common/jre/lib/ext/sunpkcs11.jar
b6a20000-b6a61000 rw-p 00000000 00:00 0 
b6a61000-b6a7b000 rw-p 00000000 00:00 0 
b6a7b000-b6a86000 r-xp 00000000 08:01 255736     /lib/i386-linux-gnu/libnss_files-2.15.so
b6a86000-b6a87000 r--p 0000a000 08:01 255736     /lib/i386-linux-gnu/libnss_files-2.15.so
b6a87000-b6a88000 rw-p 0000b000 08:01 255736     /lib/i386-linux-gnu/libnss_files-2.15.so
b6a88000-b6a92000 r-xp 00000000 08:01 255735     /lib/i386-linux-gnu/libnss_nis-2.15.so
b6a92000-b6a93000 r--p 00009000 08:01 255735     /lib/i386-linux-gnu/libnss_nis-2.15.so
b6a93000-b6a94000 rw-p 0000a000 08:01 255735     /lib/i386-linux-gnu/libnss_nis-2.15.so
b6a94000-b6aaa000 r-xp 00000000 08:01 252399     /lib/i386-linux-gnu/libnsl-2.15.so
b6aaa000-b6aab000 r--p 00015000 08:01 252399     /lib/i386-linux-gnu/libnsl-2.15.so
b6aab000-b6aac000 rw-p 00016000 08:01 252399     /lib/i386-linux-gnu/libnsl-2.15.so
b6aac000-b6aae000 rw-p 00000000 00:00 0 
b6aae000-b6ab5000 r-xp 00000000 08:01 255737     /lib/i386-linux-gnu/libnss_compat-2.15.so
b6ab5000-b6ab6000 r--p 00006000 08:01 255737     /lib/i386-linux-gnu/libnss_compat-2.15.so
b6ab6000-b6ab7000 rw-p 00007000 08:01 255737     /lib/i386-linux-gnu/libnss_compat-2.15.so
b6ab7000-b6ab8000 r--s 00007000 08:01 1839824    /usr/share/java/java-atk-wrapper.jar
b6ab8000-b6abb000 r--s 00031000 08:01 1838991    /usr/lib/jvm/java-6-openjdk-common/jre/lib/ext/sunjce_provider.jar
b6abb000-b6abc000 r--p 005e0000 08:01 19412      /usr/lib/locale/locale-archive
b6abc000-b6ac3000 r-xp 00000000 08:01 1839612    /usr/lib/jvm/java-6-openjdk-i386/jre/lib/i386/libzip.so
b6ac3000-b6ac4000 r--p 00006000 08:01 1839612    /usr/lib/jvm/java-6-openjdk-i386/jre/lib/i386/libzip.so
b6ac4000-b6ac5000 rw-p 00007000 08:01 1839612    /usr/lib/jvm/java-6-openjdk-i386/jre/lib/i386/libzip.so
b6ac5000-b6acd000 rw-s 00000000 08:01 944400     /tmp/hsperfdata_chaol/8133
b6acd000-b6af3000 r-xp 00000000 08:01 1839598    /usr/lib/jvm/java-6-openjdk-i386/jre/lib/i386/libjava.so
b6af3000-b6af4000 r--p 00025000 08:01 1839598    /usr/lib/jvm/java-6-openjdk-i386/jre/lib/i386/libjava.so
b6af4000-b6af6000 rw-p 00026000 08:01 1839598    /usr/lib/jvm/java-6-openjdk-i386/jre/lib/i386/libjava.so
b6af6000-b6afd000 r-xp 00000000 08:01 252408     /lib/i386-linux-gnu/librt-2.15.so
b6afd000-b6afe000 r--p 00006000 08:01 252408     /lib/i386-linux-gnu/librt-2.15.so
b6afe000-b6aff000 rw-p 00007000 08:01 252408     /lib/i386-linux-gnu/librt-2.15.so
b6aff000-b6b02000 ---p 00000000 00:00 0 
b6b02000-b6b50000 rw-p 00000000 00:00 0          [stack:8136]
b6b50000-b6b6c000 r-xp 00000000 08:01 252257     /lib/i386-linux-gnu/libgcc_s.so.1
b6b6c000-b6b6d000 r--p 0001b000 08:01 252257     /lib/i386-linux-gnu/libgcc_s.so.1
b6b6d000-b6b6e000 rw-p 0001c000 08:01 252257     /lib/i386-linux-gnu/libgcc_s.so.1
b6b6e000-b6b98000 r-xp 00000000 08:01 255734     /lib/i386-linux-gnu/libm-2.15.so
b6b98000-b6b99000 r--p 00029000 08:01 255734     /lib/i386-linux-gnu/libm-2.15.so
b6b99000-b6b9a000 rw-p 0002a000 08:01 255734     /lib/i386-linux-gnu/libm-2.15.so
b6b9a000-b6c72000 r-xp 00000000 08:01 17329      /usr/lib/i386-linux-gnu/libstdc++.so.6.0.16
b6c72000-b6c73000 ---p 000d8000 08:01 17329      /usr/lib/i386-linux-gnu/libstdc++.so.6.0.16
b6c73000-b6c77000 r--p 000d8000 08:01 17329      /usr/lib/i386-linux-gnu/libstdc++.so.6.0.16
b6c77000-b6c78000 rw-p 000dc000 08:01 17329      /usr/lib/i386-linux-gnu/libstdc++.so.6.0.16
b6c78000-b6c7f000 rw-p 00000000 00:00 0 
b6c7f000-b7194000 r-xp 00000000 08:01 1839604    /usr/lib/jvm/java-6-openjdk-i386/jre/lib/i386/client/libjvm.so
b7194000-b71ab000 r--p 00514000 08:01 1839604    /usr/lib/jvm/java-6-openjdk-i386/jre/lib/i386/client/libjvm.so
b71ab000-b71b8000 rw-p 0052b000 08:01 1839604    /usr/lib/jvm/java-6-openjdk-i386/jre/lib/i386/client/libjvm.so
b71b8000-b75d2000 rw-p 00000000 00:00 0 
b75d2000-b75e6000 r-xp 00000000 08:01 252336     /lib/i386-linux-gnu/libz.so.1.2.3.4
b75e6000-b75e7000 r--p 00013000 08:01 252336     /lib/i386-linux-gnu/libz.so.1.2.3.4
b75e7000-b75e8000 rw-p 00014000 08:01 252336     /lib/i386-linux-gnu/libz.so.1.2.3.4
b75e8000-b778c000 r-xp 00000000 08:01 255739     /lib/i386-linux-gnu/libc-2.15.so
b778c000-b778e000 r--p 001a4000 08:01 255739     /lib/i386-linux-gnu/libc-2.15.so
b778e000-b778f000 rw-p 001a6000 08:01 255739     /lib/i386-linux-gnu/libc-2.15.so
b778f000-b7792000 rw-p 00000000 00:00 0 
b7792000-b7795000 r-xp 00000000 08:01 255738     /lib/i386-linux-gnu/libdl-2.15.so
b7795000-b7796000 r--p 00002000 08:01 255738     /lib/i386-linux-gnu/libdl-2.15.so
b7796000-b7797000 rw-p 00003000 08:01 255738     /lib/i386-linux-gnu/libdl-2.15.so
b7797000-b779b000 r-xp 00000000 08:01 1839611    /usr/lib/jvm/java-6-openjdk-i386/jre/lib/i386/jli/libjli.so
b779b000-b779c000 r--p 00003000 08:01 1839611    /usr/lib/jvm/java-6-openjdk-i386/jre/lib/i386/jli/libjli.so
b779c000-b779d000 rw-p 00004000 08:01 1839611    /usr/lib/jvm/java-6-openjdk-i386/jre/lib/i386/jli/libjli.so
b779d000-b779e000 rw-p 00000000 00:00 0 
b779e000-b77b5000 r-xp 00000000 08:01 252406     /lib/i386-linux-gnu/libpthread-2.15.so
b77b5000-b77b6000 r--p 00016000 08:01 252406     /lib/i386-linux-gnu/libpthread-2.15.so
b77b6000-b77b7000 rw-p 00017000 08:01 252406     /lib/i386-linux-gnu/libpthread-2.15.so
b77b7000-b77bf000 rw-p 00000000 00:00 0 
b77bf000-b77c0000 rw-p 00000000 00:00 0 
b77c0000-b77c1000 r--p 00000000 00:00 0 
b77c1000-b77cc000 r-xp 00000000 08:01 1839627    /usr/lib/jvm/java-6-openjdk-i386/jre/lib/i386/libverify.so
b77cc000-b77cd000 ---p 0000b000 08:01 1839627    /usr/lib/jvm/java-6-openjdk-i386/jre/lib/i386/libverify.so
b77cd000-b77ce000 r--p 0000b000 08:01 1839627    /usr/lib/jvm/java-6-openjdk-i386/jre/lib/i386/libverify.so
b77ce000-b77cf000 rw-p 0000c000 08:01 1839627    /usr/lib/jvm/java-6-openjdk-i386/jre/lib/i386/libverify.so
b77cf000-b77d1000 rw-p 00000000 00:00 0 
b77d1000-b77d2000 r-xp 00000000 00:00 0          [vdso]
b77d2000-b77f2000 r-xp 00000000 08:01 252407     /lib/i386-linux-gnu/ld-2.15.so
b77f2000-b77f3000 r--p 0001f000 08:01 252407     /lib/i386-linux-gnu/ld-2.15.so
b77f3000-b77f4000 rw-p 00020000 08:01 252407     /lib/i386-linux-gnu/ld-2.15.so
bf7ee000-bf810000 rw-p 00000000 00:00 0          [stack]

VM Arguments:
jvm_args: -Dfile.encoding=UTF-8 
java_command: com.adp.clocks.synergy2416.demo.MainWindow psplash:res/Background.png
Launcher Type: SUN_STANDARD

Environment Variables:
PATH=/usr/lib/lightdm/lightdm:/usr/local/sbin:/usr/local/bin:/usr/sbin:/usr/bin:/sbin:/bin:/usr/games
LD_LIBRARY_PATH=/usr/lib/jvm/java-6-openjdk-i386/jre/lib/i386/client:/usr/lib/jvm/java-6-openjdk-i386/jre/lib/i386:/usr/lib/jvm/java-6-openjdk-i386/jre/../lib/i386:/usr/lib/jni
SHELL=/bin/bash
DISPLAY=:0

Signal Handlers:
SIGSEGV: [libjvm.so+0x3e8020], sa_mask[0]=0x7ffbfeff, sa_flags=0x10000004
SIGBUS: [libjvm.so+0x3e8020], sa_mask[0]=0x7ffbfeff, sa_flags=0x10000004
SIGFPE: [libjvm.so+0x304080], sa_mask[0]=0x7ffbfeff, sa_flags=0x10000004
SIGPIPE: [libjvm.so+0x304080], sa_mask[0]=0x7ffbfeff, sa_flags=0x10000004
SIGXFSZ: [libjvm.so+0x304080], sa_mask[0]=0x7ffbfeff, sa_flags=0x10000004
SIGILL: [libjvm.so+0x304080], sa_mask[0]=0x7ffbfeff, sa_flags=0x10000004
SIGUSR1: SIG_DFL, sa_mask[0]=0x00000000, sa_flags=0x00000000
SIGUSR2: [libjvm.so+0x303f10], sa_mask[0]=0x00000004, sa_flags=0x10000004
SIGHUP: [libjvm.so+0x306ea0], sa_mask[0]=0x7ffbfeff, sa_flags=0x10000004
SIGINT: [libjvm.so+0x306ea0], sa_mask[0]=0x7ffbfeff, sa_flags=0x10000004
SIGTERM: [libjvm.so+0x306ea0], sa_mask[0]=0x7ffbfeff, sa_flags=0x10000004
SIGQUIT: [libjvm.so+0x306ea0], sa_mask[0]=0x7ffbfeff, sa_flags=0x10000004


---------------  S Y S T E M  ---------------

OS:Ubuntu 12.04 (precise)
uname:Linux 3.8.0-36-generic #52~precise1-Ubuntu SMP Mon Feb 3 21:56:56 UTC 2014 i686
libc:glibc 2.15 NPTL 2.15 
rlimit: STACK 8192k, CORE 0k, NPROC 24036, NOFILE 4096, AS infinity
load average:0.43 0.17 0.19

/proc/meminfo:
MemTotal:        3093208 kB
MemFree:          796468 kB
Buffers:           80472 kB
Cached:          1214804 kB
SwapCached:            0 kB
Active:          1186840 kB
Inactive:        1020804 kB
Active(anon):     913332 kB
Inactive(anon):   329912 kB
Active(file):     273508 kB
Inactive(file):   690892 kB
Unevictable:           0 kB
Mlocked:               0 kB
HighTotal:       2222632 kB
HighFree:          73988 kB
LowTotal:         870576 kB
LowFree:          722480 kB
SwapTotal:             0 kB
SwapFree:              0 kB
Dirty:               184 kB
Writeback:             0 kB
AnonPages:        912408 kB
Mapped:           235508 kB
Shmem:            330880 kB
Slab:              43064 kB
SReclaimable:      25184 kB
SUnreclaim:        17880 kB
KernelStack:        5080 kB
PageTables:        14132 kB
NFS_Unstable:          0 kB
Bounce:                0 kB
WritebackTmp:          0 kB
CommitLimit:     1546604 kB
Committed_AS:    4897200 kB
VmallocTotal:     122880 kB
VmallocUsed:       33424 kB
VmallocChunk:      81340 kB
HardwareCorrupted:     0 kB
AnonHugePages:         0 kB
HugePages_Total:       0
HugePages_Free:        0
HugePages_Rsvd:        0
HugePages_Surp:        0
Hugepagesize:       2048 kB
DirectMap4k:       16376 kB
DirectMap2M:      897024 kB


CPU:total 2 (1 cores per cpu, 2 threads per core) family 15 model 4 stepping 9, cmov, cx8, fxsr, mmx, sse, sse2, sse3, ht

Memory: 4k page, physical 3093208k(796468k free), swap 0k(0k free)

vm_info: OpenJDK Client VM (20.0-b12) for linux-x86 JRE (1.6.0_27-b27), built on Nov 16 2013 15:23:20 by "buildd" with gcc 4.6.3

time: Thu Feb 20 01:17:28 2014
elapsed time: 2 seconds

