#
# A fatal error has been detected by the Java Runtime Environment:
#
#  SIGSEGV (0xb) at pc=0xb34d28b7, pid=3360, tid=3009821504
#
# JRE version: 6.0_27-b27
# Java VM: OpenJDK Client VM (20.0-b12 mixed mode, sharing linux-x86 )
# Derivative: IcedTea6 1.12.6
# Distribution: Ubuntu 12.04 LTS, package 6b27-1.12.6-1ubuntu0.12.04.4
# Problematic frame:
# C  [libsynergy2416.so+0x48b7]  _get_enroll_count+0x22
#
# If you would like to submit a bug report, please include
# instructions how to reproduce the bug and visit:
#   https://bugs.launchpad.net/ubuntu/+source/openjdk-6/
# The crash happened outside the Java Virtual Machine in native code.
# See problematic frame for where to report the bug.
#

---------------  T H R E A D  ---------------

Current thread (0x0869a000):  JavaThread "SwingWorker-pool-2-thread-1" [_thread_in_native, id=3391, stack(0xb3613000,0xb3664000)]

siginfo:si_signo=SIGSEGV: si_errno=0, si_code=1 (SEGV_MAPERR), si_addr=0x00000000

Registers:
EAX=0x00000000, EBX=0x8ebd4eb8, ECX=0x0869a120, EDX=0x00000000
ESP=0xb3662c90, EBP=0xb3662ca0, ESI=0x8ebd4eb8, EDI=0x0869a000
EIP=0xb34d28b7, EFLAGS=0x00210297, CR2=0x00000000

Top of Stack: (sp=0xb3662c90)
0xb3662c90:   b6db2be0 084cd454 00000000 00000000
0xb3662ca0:   b3662ca8 b34d3261 b3662ce8 b34d1fc3
0xb3662cb0:   b3662d60 b3662d30 b48ab264 b489d608
0xb3662cc0:   00000000 b3662d50 b3662d30 00000000
0xb3662cd0:   00000000 8ebd4eb8 0869a000 b3662d20
0xb3662ce0:   b48a4fdb 0869a000 b3662d20 b48a50dd
0xb3662cf0:   0869a120 b3662d28 b3662d60 b3662d60
0xb3662d00:   b3662d00 8ebd4eb8 b3662d2c 8ebd5c78 

Instructions: (pc=0xb34d28b7)
0xb34d2897:   e5 83 ec 10 c7 45 f8 00 00 00 00 c7 45 fc 00 00
0xb34d28a7:   00 00 eb 1b 8b 15 e4 7a 4d b3 8b 45 fc 8d 04 02
0xb34d28b7:   0f b6 00 84 c0 74 04 83 45 f8 01 83 45 fc 01 a1
0xb34d28c7:   10 70 4d b3 39 45 fc 7c db 8b 45 f8 c9 c3 55 89 

Register to memory mapping:

EAX=0x00000000 is an unknown value
EBX=0x8ebd4eb8 is an oop
{method} 
 - klass: {other class}
ECX=0x0869a120 is an unknown value
EDX=0x00000000 is an unknown value
ESP=0xb3662c90 is pointing into the stack for thread: 0x0869a000
EBP=0xb3662ca0 is pointing into the stack for thread: 0x0869a000
ESI=0x8ebd4eb8 is an oop
{method} 
 - klass: {other class}
EDI=0x0869a000 is a thread


Stack: [0xb3613000,0xb3664000],  sp=0xb3662c90,  free space=319k
Native frames: (J=compiled Java code, j=interpreted, Vv=VM code, C=native code)
C  [libsynergy2416.so+0x48b7]  _get_enroll_count+0x22
C  [libsynergy2416.so+0x5261]  hlpGetEnrollCount+0x8
C  [libsynergy2416.so+0x3fc3]  Java_com_adp_clocks_synergy2416_demo_FPU_FP_1IDENTIFY_1EMPLOYEE+0x19
j  com.adp.clocks.synergy2416.demo.FPU.FP_IDENTIFY_EMPLOYEE()I+0
j  com.adp.clocks.synergy2416.demo.FPU.identifyEmployee()Ljava/lang/String;+0
j  com.adp.clocks.synergy2416.demo.WelcomeForm$IdentifyEmployee.doInBackground()Ljava/lang/String;+0
j  com.adp.clocks.synergy2416.demo.WelcomeForm$IdentifyEmployee.doInBackground()Ljava/lang/Object;+1
j  javax.swing.SwingWorker$1.call()Ljava/lang/Object;+14
j  java.util.concurrent.FutureTask$Sync.innerRun()V+29
j  java.util.concurrent.FutureTask.run()V+4
j  javax.swing.SwingWorker.run()V+4
j  java.util.concurrent.ThreadPoolExecutor.runWorker(Ljava/util/concurrent/ThreadPoolExecutor$Worker;)V+95
j  java.util.concurrent.ThreadPoolExecutor$Worker.run()V+5
j  java.lang.Thread.run()V+11
v  ~StubRoutines::call_stub
V  [libjvm.so+0x2116b6]  JavaCalls::call_helper(JavaValue*, methodHandle*, JavaCallArguments*, Thread*)+0x2c6

Java frames: (J=compiled Java code, j=interpreted, Vv=VM code)
j  com.adp.clocks.synergy2416.demo.FPU.FP_IDENTIFY_EMPLOYEE()I+0
j  com.adp.clocks.synergy2416.demo.FPU.identifyEmployee()Ljava/lang/String;+0
j  com.adp.clocks.synergy2416.demo.WelcomeForm$IdentifyEmployee.doInBackground()Ljava/lang/String;+0
j  com.adp.clocks.synergy2416.demo.WelcomeForm$IdentifyEmployee.doInBackground()Ljava/lang/Object;+1
j  javax.swing.SwingWorker$1.call()Ljava/lang/Object;+14
j  java.util.concurrent.FutureTask$Sync.innerRun()V+29
j  java.util.concurrent.FutureTask.run()V+4
j  javax.swing.SwingWorker.run()V+4
j  java.util.concurrent.ThreadPoolExecutor.runWorker(Ljava/util/concurrent/ThreadPoolExecutor$Worker;)V+95
j  java.util.concurrent.ThreadPoolExecutor$Worker.run()V+5
j  java.lang.Thread.run()V+11
v  ~StubRoutines::call_stub

---------------  P R O C E S S  ---------------

Java Threads: ( => current thread )
  0xb6905c00 JavaThread "DestroyJavaVM" [_thread_blocked, id=3361, stack(0xb6a25000,0xb6a76000)]
=>0x0869a000 JavaThread "SwingWorker-pool-2-thread-1" [_thread_in_native, id=3391, stack(0xb3613000,0xb3664000)]
  0x08473800 JavaThread "pool-1-thread-1 - v4l4j push source" [_thread_in_native, id=3388, stack(0xb332c000,0xb337d000)]
  0x08543800 JavaThread "Timer-0" [_thread_blocked, id=3386, stack(0xb32db000,0xb332c000)]
  0x08531c00 JavaThread "TimerQueue" daemon [_thread_blocked, id=3382, stack(0xb33ce000,0xb341f000)]
  0xb6993000 JavaThread "AWT-EventQueue-0" [_thread_in_vm, id=3376, stack(0xb37b1000,0xb3802000)]
  0xb6991c00 JavaThread "AWT-Shutdown" [_thread_blocked, id=3375, stack(0xb3802000,0xb3853000)]
  0xb6991000 JavaThread "AWT-XAWT" daemon [_thread_in_native, id=3374, stack(0xb3853000,0xb38a4000)]
  0xb695d000 JavaThread "Java2D Disposer" daemon [_thread_blocked, id=3373, stack(0xb3994000,0xb39e5000)]
  0xb693cc00 JavaThread "Low Memory Detector" daemon [_thread_blocked, id=3367, stack(0xb3daf000,0xb3e00000)]
  0xb693ac00 JavaThread "C1 CompilerThread0" daemon [_thread_blocked, id=3366, stack(0xb412e000,0xb41af000)]
  0xb6939400 JavaThread "Signal Dispatcher" daemon [_thread_blocked, id=3365, stack(0xb41af000,0xb4200000)]
  0xb6935400 JavaThread "Finalizer" daemon [_thread_blocked, id=3364, stack(0xb4339000,0xb438a000)]
  0xb6933c00 JavaThread "Reference Handler" daemon [_thread_blocked, id=3363, stack(0xb438a000,0xb43db000)]

Other Threads:
  0xb6932000 VMThread [stack: 0xb43db000,0xb445c000] [id=3362]
  0xb693f000 WatcherThread [stack: 0xb3d2e000,0xb3daf000] [id=3368]

VM state:not at safepoint (normal execution)

VM Mutex/Monitor currently owned by a thread: None

Heap
 def new generation   total 4928K, used 1179K [0x6ea40000, 0x6ef90000, 0x794e0000)
  eden space 4416K,  15% used [0x6ea40000, 0x6eae6fb0, 0x6ee90000)
  from space 512K, 100% used [0x6ef10000, 0x6ef90000, 0x6ef90000)
  to   space 512K,   0% used [0x6ee90000, 0x6ee90000, 0x6ef10000)
 tenured generation   total 10944K, used 2449K [0x794e0000, 0x79f90000, 0x8ea40000)
   the space 10944K,  22% used [0x794e0000, 0x79744458, 0x79744600, 0x79f90000)
 compacting perm gen  total 12288K, used 1746K [0x8ea40000, 0x8f640000, 0x92a40000)
   the space 12288K,  14% used [0x8ea40000, 0x8ebf4cd0, 0x8ebf4e00, 0x8f640000)
    ro space 10240K,  74% used [0x92a40000, 0x931a8b40, 0x931a8c00, 0x93440000)
    rw space 12288K,  60% used [0x93440000, 0x93b8ee48, 0x93b8f000, 0x94040000)

Code Cache  [0xb489b000, 0xb49ab000, 0xb689b000)
 total_blobs=536 nmethods=281 adapters=191 free_code_cache=32449216 largest_free_block=64

Dynamic libraries:
08048000-08051000 r-xp 00000000 08:01 1839571    /usr/lib/jvm/java-6-openjdk-i386/jre/bin/java
08051000-08052000 r--p 00008000 08:01 1839571    /usr/lib/jvm/java-6-openjdk-i386/jre/bin/java
08052000-08053000 rw-p 00009000 08:01 1839571    /usr/lib/jvm/java-6-openjdk-i386/jre/bin/java
0842b000-086ac000 rw-p 00000000 00:00 0          [heap]
6ea40000-6ef90000 rw-p 00000000 00:00 0 
6ef90000-794e0000 rw-p 00000000 00:00 0 
794e0000-79f90000 rw-p 00000000 00:00 0 
79f90000-8ea40000 rw-p 00000000 00:00 0 
8ea40000-8f640000 rw-p 00000000 00:00 0 
8f640000-92a40000 rw-p 00000000 00:00 0 
92a40000-931a9000 r--s 00001000 08:01 1839781    /usr/lib/jvm/java-6-openjdk-i386/jre/lib/i386/client/classes.jsa
931a9000-93440000 rw-p 00000000 00:00 0 
93440000-93b8f000 rw-p 0076a000 08:01 1839781    /usr/lib/jvm/java-6-openjdk-i386/jre/lib/i386/client/classes.jsa
93b8f000-94040000 rw-p 00000000 00:00 0 
94040000-9413d000 rw-p 00eb9000 08:01 1839781    /usr/lib/jvm/java-6-openjdk-i386/jre/lib/i386/client/classes.jsa
9413d000-94440000 rw-p 00000000 00:00 0 
94440000-94448000 r-xs 00fb6000 08:01 1839781    /usr/lib/jvm/java-6-openjdk-i386/jre/lib/i386/client/classes.jsa
94448000-94840000 rw-p 00000000 00:00 0 
b31ce000-b31f4000 rw-s 00072000 00:05 9328       /dev/video0
b31f4000-b321a000 rw-s 0004c000 00:05 9328       /dev/video0
b321a000-b3240000 rw-s 00026000 00:05 9328       /dev/video0
b3240000-b3266000 rw-s 00000000 00:05 9328       /dev/video0
b3266000-b3287000 r-xp 00000000 08:01 17358      /usr/lib/i386-linux-gnu/libv4lconvert.so.0
b3287000-b3288000 r--p 00021000 08:01 17358      /usr/lib/i386-linux-gnu/libv4lconvert.so.0
b3288000-b3289000 rw-p 00022000 08:01 17358      /usr/lib/i386-linux-gnu/libv4lconvert.so.0
b3289000-b32db000 rw-p 00000000 00:00 0 
b32db000-b32de000 ---p 00000000 00:00 0 
b32de000-b332c000 rw-p 00000000 00:00 0          [stack:3386]
b332c000-b332f000 ---p 00000000 00:00 0 
b332f000-b337d000 rw-p 00000000 00:00 0          [stack:3388]
b337d000-b3380000 ---p 00000000 00:00 0 
b3380000-b33ce000 rw-p 00000000 00:00 0 
b33ce000-b33d1000 ---p 00000000 00:00 0 
b33d1000-b34a5000 rw-p 00000000 00:00 0          [stack:3382]
b34ad000-b34c0000 r-xp 00000000 08:01 8712       /usr/lib/libvideo.so.0
b34c0000-b34c1000 r--p 00012000 08:01 8712       /usr/lib/libvideo.so.0
b34c1000-b34c2000 rw-p 00013000 08:01 8712       /usr/lib/libvideo.so.0
b34ce000-b34d6000 r-xp 00000000 08:01 524557     /usr/lib/jni/libsynergy2416.so
b34d6000-b34d7000 r--p 00007000 08:01 524557     /usr/lib/jni/libsynergy2416.so
b34d7000-b34d8000 rw-p 00008000 08:01 524557     /usr/lib/jni/libsynergy2416.so
b34d8000-b34e7000 r-xp 00000000 08:01 524448     /usr/lib/jni/libv4l4j.so
b34e7000-b34e8000 r--p 0000e000 08:01 524448     /usr/lib/jni/libv4l4j.so
b34e8000-b34e9000 rw-p 0000f000 08:01 524448     /usr/lib/jni/libv4l4j.so
b34e9000-b34fe000 r-xp 00000000 08:01 1839614    /usr/lib/jvm/java-6-openjdk-i386/jre/lib/i386/libnet.so
b34fe000-b34ff000 r--p 00014000 08:01 1839614    /usr/lib/jvm/java-6-openjdk-i386/jre/lib/i386/libnet.so
b34ff000-b3500000 rw-p 00015000 08:01 1839614    /usr/lib/jvm/java-6-openjdk-i386/jre/lib/i386/libnet.so
b3500000-b3561000 rw-p 00000000 00:00 0 
b3561000-b3600000 ---p 00000000 00:00 0 
b3602000-b3609000 r--s 00000000 08:01 14251      /usr/lib/i386-linux-gnu/gconv/gconv-modules.cache
b3609000-b3611000 r-xp 00000000 08:01 1839626    /usr/lib/jvm/java-6-openjdk-i386/jre/lib/i386/libnio.so
b3611000-b3612000 r--p 00007000 08:01 1839626    /usr/lib/jvm/java-6-openjdk-i386/jre/lib/i386/libnio.so
b3612000-b3613000 rw-p 00008000 08:01 1839626    /usr/lib/jvm/java-6-openjdk-i386/jre/lib/i386/libnio.so
b3613000-b3616000 ---p 00000000 00:00 0 
b3616000-b3664000 rw-p 00000000 00:00 0          [stack:3391]
b3664000-b36b2000 r--s 008b6000 08:01 2243423    /opt/eclipse-standard/plugins/com.ibm.icu_50.1.1.v201304230130.jar
b36b2000-b36f4000 r--s 00367000 08:01 2243377    /opt/eclipse-standard/plugins/org.eclipse.ui.workbench_3.105.1.v20130821-1411.jar
b36f4000-b3707000 r--s 000e0000 08:01 2243213    /opt/eclipse-standard/plugins/org.eclipse.jface.text_3.8.101.v20130802-1147.jar
b3707000-b371b000 r--s 000f9000 08:01 2243526    /opt/eclipse-standard/plugins/org.eclipse.jface_3.9.1.v20130725-1141.jar
b371b000-b3730000 r--s 0023a000 08:01 2243675    /opt/eclipse-standard/plugins/org.eclipse.swt.gtk.linux.x86_3.102.1.v20130827-2048.jar
b3730000-b3775000 r-xp 00000000 08:01 11892      /usr/lib/i386-linux-gnu/libjpeg.so.8.0.2
b3775000-b3776000 r--p 00044000 08:01 11892      /usr/lib/i386-linux-gnu/libjpeg.so.8.0.2
b3776000-b3777000 rw-p 00045000 08:01 11892      /usr/lib/i386-linux-gnu/libjpeg.so.8.0.2
b3777000-b3787000 rw-p 00000000 00:00 0 
b3787000-b37af000 r-xp 00000000 08:01 252306     /lib/i386-linux-gnu/libpng12.so.0.46.0
b37af000-b37b0000 r--p 00027000 08:01 252306     /lib/i386-linux-gnu/libpng12.so.0.46.0
b37b0000-b37b1000 rw-p 00028000 08:01 252306     /lib/i386-linux-gnu/libpng12.so.0.46.0
b37b1000-b37b4000 ---p 00000000 00:00 0 
b37b4000-b3802000 rw-p 00000000 00:00 0          [stack:3376]
b3802000-b3805000 ---p 00000000 00:00 0 
b3805000-b3853000 rw-p 00000000 00:00 0          [stack:3375]
b3853000-b3856000 ---p 00000000 00:00 0 
b3856000-b38a4000 rw-p 00000000 00:00 0          [stack:3374]
b38a4000-b38a5000 r--s 00000000 08:01 3570       /var/cache/fontconfig/c05880de57d1f5e948fdfacc138775d9-le32d4.cache-3
b38a5000-b38ab000 r--s 00000000 08:01 3565       /var/cache/fontconfig/945677eb7aeaf62f1d50efc3fb3ec7d8-le32d4.cache-3
b38ab000-b38ae000 r--s 00000000 08:01 519519     /var/cache/fontconfig/99e8ed0e538f840c565b6ed5dad60d56-le32d4.cache-3
b38ae000-b38b1000 r--s 00000000 08:01 3552       /var/cache/fontconfig/2cd17615ca594fa2959ae173292e504c-le32d4.cache-3
b38b1000-b38b2000 r--s 00000000 08:01 3577       /var/cache/fontconfig/e7071f4a29fa870f4323321c154eba04-le32d4.cache-3
b38b2000-b38b3000 r--s 00000000 08:01 3550       /var/cache/fontconfig/0d8c3b2ac0904cb8a57a757ad11a4a08-le32d4.cache-3
b38b3000-b38b7000 r--s 00000000 08:01 3567       /var/cache/fontconfig/a755afe4a08bf5b97852ceb7400b47bc-le32d4.cache-3
b38b7000-b38be000 r--s 00000000 08:01 1579180    /var/cache/fontconfig/6d41288fd70b0be22e8c3a91e032eec0-le32d4.cache-3
b38be000-b38c9000 r--s 00000000 08:01 3549       /var/cache/fontconfig/04aabc0a78ac019cf9454389977116d2-le32d4.cache-3
b38c9000-b38cc000 r--s 00000000 08:01 3555       /var/cache/fontconfig/385c0604a188198f04d133e54aba7fe7-le32d4.cache-3
b38cc000-b38cd000 r--s 00000000 08:01 3572       /var/cache/fontconfig/4794a0821666d79190d59a36cb4f44b5-le32d4.cache-3
b38cd000-b38d1000 r--s 00000000 08:01 3553       /var/cache/fontconfig/3047814df9a2f067bd2d96a2b9c36e5a-le32d4.cache-3
b38d1000-b38d6000 r--s 00045000 08:01 2243421    /opt/eclipse-standard/plugins/org.eclipse.ui.forms_3.6.1.v20130822-1117.jar
b38d6000-b38db000 r--s 00038000 08:01 2243571    /opt/eclipse-standard/plugins/org.eclipse.text_3.5.300.v20130515-1451.jar
b38db000-b38e3000 r-xp 00000000 08:01 1839774    /usr/lib/i386-linux-gnu/libgif.so.4.1.6
b38e3000-b38e4000 r--p 00007000 08:01 1839774    /usr/lib/i386-linux-gnu/libgif.so.4.1.6
b38e4000-b38e5000 rw-p 00008000 08:01 1839774    /usr/lib/i386-linux-gnu/libgif.so.4.1.6
b38e6000-b38e7000 rw-p 00000000 00:00 0 
b38e7000-b38fb000 r--s 00140000 08:01 2243684    /opt/eclipse-standard/plugins/org.eclipse.osgi_3.9.1.v20130814-1242.jar
b38fb000-b38fc000 r--s 00000000 08:01 3570       /var/cache/fontconfig/c05880de57d1f5e948fdfacc138775d9-le32d4.cache-3
b38fc000-b3902000 r--s 00000000 08:01 3565       /var/cache/fontconfig/945677eb7aeaf62f1d50efc3fb3ec7d8-le32d4.cache-3
b3902000-b3905000 r--s 00000000 08:01 519519     /var/cache/fontconfig/99e8ed0e538f840c565b6ed5dad60d56-le32d4.cache-3
b3905000-b3908000 r--s 00000000 08:01 3552       /var/cache/fontconfig/2cd17615ca594fa2959ae173292e504c-le32d4.cache-3
b3908000-b3909000 r--s 00000000 08:01 3577       /var/cache/fontconfig/e7071f4a29fa870f4323321c154eba04-le32d4.cache-3
b3909000-b390d000 r--s 00000000 08:01 3567       /var/cache/fontconfig/a755afe4a08bf5b97852ceb7400b47bc-le32d4.cache-3
b390d000-b3914000 r--s 00000000 08:01 1579180    /var/cache/fontconfig/6d41288fd70b0be22e8c3a91e032eec0-le32d4.cache-3
b3914000-b391f000 r--s 00000000 08:01 3549       /var/cache/fontconfig/04aabc0a78ac019cf9454389977116d2-le32d4.cache-3
b391f000-b3922000 r--s 00000000 08:01 3555       /var/cache/fontconfig/385c0604a188198f04d133e54aba7fe7-le32d4.cache-3
b3922000-b3925000 r--s 00000000 08:01 3564       /var/cache/fontconfig/8801497958630a81b71ace7c5f9b32a8-le32d4.cache-3
b3925000-b3929000 r--s 00000000 08:01 3553       /var/cache/fontconfig/3047814df9a2f067bd2d96a2b9c36e5a-le32d4.cache-3
b3929000-b3936000 r--s 00000000 08:01 3573       /var/cache/fontconfig/d52a8644073d54c13679302ca1180695-le32d4.cache-3
b3936000-b3939000 r--s 00000000 08:01 3564       /var/cache/fontconfig/8801497958630a81b71ace7c5f9b32a8-le32d4.cache-3
b3939000-b393d000 r--s 00000000 08:01 3568       /var/cache/fontconfig/b47c4e1ecd0709278f4910c18777a504-le32d4.cache-3
b393d000-b394a000 r--s 00000000 08:01 3573       /var/cache/fontconfig/d52a8644073d54c13679302ca1180695-le32d4.cache-3
b394a000-b394d000 r--s 00019000 08:01 864259     /home/chaol/workspace-java/ADP-Demo-GUI/src/com/adp/clocks/synergy2416/res/v4l4j.jar
b394d000-b3950000 r--s 0002a000 08:01 2243555    /opt/eclipse-standard/plugins/org.eclipse.equinox.registry_3.5.301.v20130717-1549.jar
b3950000-b3954000 r-xp 00000000 08:01 13641      /usr/lib/i386-linux-gnu/libXfixes.so.3.1.0
b3954000-b3955000 r--p 00004000 08:01 13641      /usr/lib/i386-linux-gnu/libXfixes.so.3.1.0
b3955000-b3956000 rw-p 00005000 08:01 13641      /usr/lib/i386-linux-gnu/libXfixes.so.3.1.0
b3956000-b395f000 r-xp 00000000 08:01 16793      /usr/lib/i386-linux-gnu/libXcursor.so.1.0.2
b395f000-b3960000 r--p 00008000 08:01 16793      /usr/lib/i386-linux-gnu/libXcursor.so.1.0.2
b3960000-b3961000 rw-p 00009000 08:01 16793      /usr/lib/i386-linux-gnu/libXcursor.so.1.0.2
b3961000-b3963000 r--s 00010000 08:01 2243198    /opt/eclipse-standard/plugins/org.eclipse.core.runtime_3.9.0.v20130326-1255.jar
b3963000-b3966000 r--s 00018000 08:01 2243752    /opt/eclipse-standard/plugins/org.eclipse.equinox.common_3.6.200.v20130402-1505.jar
b3966000-b3969000 r--s 00018000 08:01 2243511    /opt/eclipse-standard/plugins/org.eclipse.core.commands_3.6.100.v20130515-1857.jar
b3969000-b396a000 rw-p 00000000 00:00 0 
b396a000-b3973000 r-xp 00000000 08:01 1839791    /usr/lib/jvm/java-6-openjdk-i386/jre/lib/i386/libsplashscreen.so
b3973000-b3974000 r--p 00008000 08:01 1839791    /usr/lib/jvm/java-6-openjdk-i386/jre/lib/i386/libsplashscreen.so
b3974000-b3975000 rw-p 00009000 08:01 1839791    /usr/lib/jvm/java-6-openjdk-i386/jre/lib/i386/libsplashscreen.so
b3975000-b3977000 rw-p 00000000 00:00 0 
b3977000-b397e000 r--s 000fc000 08:01 1838998    /usr/lib/jvm/java-6-openjdk-common/jre/lib/resources.jar
b397e000-b397f000 r--s 00000000 08:01 3558       /var/cache/fontconfig/56cf4f4769d0f4abc89a4895d7bd3ae1-le32d4.cache-3
b397f000-b3980000 r--s 00000000 08:01 3569       /var/cache/fontconfig/b9d506c9ac06c20b433354fa67a72993-le32d4.cache-3
b3980000-b3989000 r--s 00000000 08:01 519518     /var/cache/fontconfig/089dead882dea3570ffc31a9898cfb69-le32d4.cache-3
b3989000-b3991000 r--s 00000000 08:01 11176      /var/cache/fontconfig/e13b20fdb08344e0e664864cc2ede53d-le32d4.cache-3
b3991000-b3994000 r--s 00000000 08:01 519517     /var/cache/fontconfig/7ef2298fde41cc6eeb7af42e48b7d293-le32d4.cache-3
b3994000-b3997000 ---p 00000000 00:00 0 
b3997000-b39e5000 rw-p 00000000 00:00 0          [stack:3373]
b39e5000-b3a7a000 r-xp 00000000 08:01 16989      /usr/lib/i386-linux-gnu/libfreetype.so.6.8.0
b3a7a000-b3a7e000 r--p 00094000 08:01 16989      /usr/lib/i386-linux-gnu/libfreetype.so.6.8.0
b3a7e000-b3a7f000 rw-p 00098000 08:01 16989      /usr/lib/i386-linux-gnu/libfreetype.so.6.8.0
b3a7f000-b3ac7000 r-xp 00000000 08:01 1839595    /usr/lib/jvm/java-6-openjdk-i386/jre/lib/i386/libfontmanager.so
b3ac7000-b3ac8000 r--p 00048000 08:01 1839595    /usr/lib/jvm/java-6-openjdk-i386/jre/lib/i386/libfontmanager.so
b3ac8000-b3ac9000 rw-p 00049000 08:01 1839595    /usr/lib/jvm/java-6-openjdk-i386/jre/lib/i386/libfontmanager.so
b3ac9000-b3ae8000 r-xp 00000000 08:01 17393      /usr/lib/i386-linux-gnu/libxcb.so.1.1.0
b3ae8000-b3ae9000 r--p 0001f000 08:01 17393      /usr/lib/i386-linux-gnu/libxcb.so.1.1.0
b3ae9000-b3aea000 rw-p 00020000 08:01 17393      /usr/lib/i386-linux-gnu/libxcb.so.1.1.0
b3aea000-b3c1a000 r-xp 00000000 08:01 14323      /usr/lib/i386-linux-gnu/libX11.so.6.3.0
b3c1a000-b3c1b000 r--p 0012f000 08:01 14323      /usr/lib/i386-linux-gnu/libX11.so.6.3.0
b3c1b000-b3c1d000 rw-p 00130000 08:01 14323      /usr/lib/i386-linux-gnu/libX11.so.6.3.0
b3c1d000-b3c1e000 rw-p 00000000 00:00 0 
b3c1e000-b3c6a000 r-xp 00000000 08:01 1839789    /usr/lib/jvm/java-6-openjdk-i386/jre/lib/i386/xawt/libmawt.so
b3c6a000-b3c6b000 r--p 0004b000 08:01 1839789    /usr/lib/jvm/java-6-openjdk-i386/jre/lib/i386/xawt/libmawt.so
b3c6b000-b3c6d000 rw-p 0004c000 08:01 1839789    /usr/lib/jvm/java-6-openjdk-i386/jre/lib/i386/xawt/libmawt.so
b3c6d000-b3c6e000 rw-p 00000000 00:00 0 
b3c6e000-b3d02000 r-xp 00000000 08:01 1839605    /usr/lib/jvm/java-6-openjdk-i386/jre/lib/i386/libawt.so
b3d02000-b3d03000 r--p 00093000 08:01 1839605    /usr/lib/jvm/java-6-openjdk-i386/jre/lib/i386/libawt.so
b3d03000-b3d0a000 rw-p 00094000 08:01 1839605    /usr/lib/jvm/java-6-openjdk-i386/jre/lib/i386/libawt.so
b3d0a000-b3d2e000 rw-p 00000000 00:00 0 
b3d2e000-b3d2f000 ---p 00000000 00:00 0 
b3d2f000-b3daf000 rw-p 00000000 00:00 0          [stack:3368]
b3daf000-b3db2000 ---p 00000000 00:00 0 
b3db2000-b3e00000 rw-p 00000000 00:00 0          [stack:3367]
b3e00000-b4000000 r--p 00000000 08:01 19412      /usr/lib/locale/locale-archive
b4000000-b4032000 rw-p 00000000 00:00 0 
b4032000-b4100000 ---p 00000000 00:00 0 
b4100000-b4101000 r--s 00000000 08:01 3550       /var/cache/fontconfig/0d8c3b2ac0904cb8a57a757ad11a4a08-le32d4.cache-3
b4101000-b4105000 r--s 00000000 08:01 3568       /var/cache/fontconfig/b47c4e1ecd0709278f4910c18777a504-le32d4.cache-3
b4105000-b410a000 r-xp 00000000 08:01 16797      /usr/lib/i386-linux-gnu/libXdmcp.so.6.0.0
b410a000-b410b000 r--p 00004000 08:01 16797      /usr/lib/i386-linux-gnu/libXdmcp.so.6.0.0
b410b000-b410c000 rw-p 00005000 08:01 16797      /usr/lib/i386-linux-gnu/libXdmcp.so.6.0.0
b410c000-b411b000 r-xp 00000000 08:01 8381       /usr/lib/i386-linux-gnu/libXi.so.6.1.0
b411b000-b411c000 r--p 0000e000 08:01 8381       /usr/lib/i386-linux-gnu/libXi.so.6.1.0
b411c000-b411d000 rw-p 0000f000 08:01 8381       /usr/lib/i386-linux-gnu/libXi.so.6.1.0
b411d000-b4122000 r-xp 00000000 08:01 16825      /usr/lib/i386-linux-gnu/libXtst.so.6.1.0
b4122000-b4123000 r--p 00004000 08:01 16825      /usr/lib/i386-linux-gnu/libXtst.so.6.1.0
b4123000-b4124000 rw-p 00005000 08:01 16825      /usr/lib/i386-linux-gnu/libXtst.so.6.1.0
b4124000-b412c000 r-xp 00000000 08:01 16821      /usr/lib/i386-linux-gnu/libXrender.so.1.3.0
b412c000-b412d000 r--p 00007000 08:01 16821      /usr/lib/i386-linux-gnu/libXrender.so.1.3.0
b412d000-b412e000 rw-p 00008000 08:01 16821      /usr/lib/i386-linux-gnu/libXrender.so.1.3.0
b412e000-b4131000 ---p 00000000 00:00 0 
b4131000-b41af000 rw-p 00000000 00:00 0          [stack:3366]
b41af000-b41b2000 ---p 00000000 00:00 0 
b41b2000-b4200000 rw-p 00000000 00:00 0          [stack:3365]
b4200000-b42fb000 rw-p 00000000 00:00 0 
b42fb000-b4300000 ---p 00000000 00:00 0 
b4300000-b4301000 r--s 00000000 08:01 3572       /var/cache/fontconfig/4794a0821666d79190d59a36cb4f44b5-le32d4.cache-3
b4301000-b4303000 r-xp 00000000 08:01 16786      /usr/lib/i386-linux-gnu/libXau.so.6.0.0
b4303000-b4304000 r--p 00001000 08:01 16786      /usr/lib/i386-linux-gnu/libXau.so.6.0.0
b4304000-b4305000 rw-p 00002000 08:01 16786      /usr/lib/i386-linux-gnu/libXau.so.6.0.0
b4305000-b4315000 r-xp 00000000 08:01 16799      /usr/lib/i386-linux-gnu/libXext.so.6.4.0
b4315000-b4316000 r--p 0000f000 08:01 16799      /usr/lib/i386-linux-gnu/libXext.so.6.4.0
b4316000-b4317000 rw-p 00010000 08:01 16799      /usr/lib/i386-linux-gnu/libXext.so.6.4.0
b4317000-b4318000 r--s 00000000 08:01 3558       /var/cache/fontconfig/56cf4f4769d0f4abc89a4895d7bd3ae1-le32d4.cache-3
b4318000-b4319000 r--s 00000000 08:01 3569       /var/cache/fontconfig/b9d506c9ac06c20b433354fa67a72993-le32d4.cache-3
b4319000-b4322000 r--s 00000000 08:01 519518     /var/cache/fontconfig/089dead882dea3570ffc31a9898cfb69-le32d4.cache-3
b4322000-b432a000 r--s 00000000 08:01 11176      /var/cache/fontconfig/e13b20fdb08344e0e664864cc2ede53d-le32d4.cache-3
b432a000-b432d000 r--s 00000000 08:01 519517     /var/cache/fontconfig/7ef2298fde41cc6eeb7af42e48b7d293-le32d4.cache-3
b432d000-b432f000 r--s 0000f000 08:01 1838988    /usr/lib/jvm/java-6-openjdk-common/jre/lib/ext/pulse-java.jar
b432f000-b4330000 r--s 00007000 08:01 1839824    /usr/share/java/java-atk-wrapper.jar
b4330000-b4332000 r--s 00001000 08:01 1838990    /usr/lib/jvm/java-6-openjdk-common/jre/lib/ext/dnsns.jar
b4332000-b4335000 r--s 00077000 08:01 1838989    /usr/lib/jvm/java-6-openjdk-common/jre/lib/ext/localedata.jar
b4335000-b4339000 r--s 00039000 08:01 1838987    /usr/lib/jvm/java-6-openjdk-common/jre/lib/ext/sunpkcs11.jar
b4339000-b433c000 ---p 00000000 00:00 0 
b433c000-b438a000 rw-p 00000000 00:00 0          [stack:3364]
b438a000-b438d000 ---p 00000000 00:00 0 
b438d000-b43db000 rw-p 00000000 00:00 0          [stack:3363]
b43db000-b43dc000 ---p 00000000 00:00 0 
b43dc000-b448f000 rw-p 00000000 00:00 0          [stack:3362]
b448f000-b4623000 r--s 03822000 08:01 1839584    /usr/lib/jvm/java-6-openjdk-i386/jre/lib/rt.jar
b4623000-b462a000 rw-p 00000000 00:00 0 
b462a000-b4644000 rw-p 00000000 00:00 0 
b4644000-b464a000 rw-p 00000000 00:00 0 
b464a000-b46ef000 rw-p 00000000 00:00 0 
b46ef000-b46f2000 rw-p 00000000 00:00 0 
b46f2000-b4744000 rw-p 00000000 00:00 0 
b4744000-b474a000 rw-p 00000000 00:00 0 
b474a000-b47ef000 rw-p 00000000 00:00 0 
b47ef000-b47f5000 rw-p 00000000 00:00 0 
b47f5000-b480f000 rw-p 00000000 00:00 0 
b480f000-b4820000 rw-p 00000000 00:00 0 
b4820000-b489b000 rw-p 00000000 00:00 0 
b489b000-b49ab000 rwxp 00000000 00:00 0 
b49ab000-b689b000 rw-p 00000000 00:00 0 
b689b000-b68a6000 r-xp 00000000 08:01 255736     /lib/i386-linux-gnu/libnss_files-2.15.so
b68a6000-b68a7000 r--p 0000a000 08:01 255736     /lib/i386-linux-gnu/libnss_files-2.15.so
b68a7000-b68a8000 rw-p 0000b000 08:01 255736     /lib/i386-linux-gnu/libnss_files-2.15.so
b68a8000-b68b2000 r-xp 00000000 08:01 255735     /lib/i386-linux-gnu/libnss_nis-2.15.so
b68b2000-b68b3000 r--p 00009000 08:01 255735     /lib/i386-linux-gnu/libnss_nis-2.15.so
b68b3000-b68b4000 rw-p 0000a000 08:01 255735     /lib/i386-linux-gnu/libnss_nis-2.15.so
b68b4000-b68ca000 r-xp 00000000 08:01 252399     /lib/i386-linux-gnu/libnsl-2.15.so
b68ca000-b68cb000 r--p 00015000 08:01 252399     /lib/i386-linux-gnu/libnsl-2.15.so
b68cb000-b68cc000 rw-p 00016000 08:01 252399     /lib/i386-linux-gnu/libnsl-2.15.so
b68cc000-b68ce000 rw-p 00000000 00:00 0 
b68ce000-b68d5000 r-xp 00000000 08:01 255737     /lib/i386-linux-gnu/libnss_compat-2.15.so
b68d5000-b68d6000 r--p 00006000 08:01 255737     /lib/i386-linux-gnu/libnss_compat-2.15.so
b68d6000-b68d7000 rw-p 00007000 08:01 255737     /lib/i386-linux-gnu/libnss_compat-2.15.so
b68d7000-b68fd000 r-xp 00000000 08:01 1839598    /usr/lib/jvm/java-6-openjdk-i386/jre/lib/i386/libjava.so
b68fd000-b68fe000 r--p 00025000 08:01 1839598    /usr/lib/jvm/java-6-openjdk-i386/jre/lib/i386/libjava.so
b68fe000-b6900000 rw-p 00026000 08:01 1839598    /usr/lib/jvm/java-6-openjdk-i386/jre/lib/i386/libjava.so
b6900000-b69b5000 rw-p 00000000 00:00 0 
b69b5000-b6a00000 ---p 00000000 00:00 0 
b6a00000-b6a03000 r--s 00031000 08:01 1838991    /usr/lib/jvm/java-6-openjdk-common/jre/lib/ext/sunjce_provider.jar
b6a03000-b6a04000 r--p 005e0000 08:01 19412      /usr/lib/locale/locale-archive
b6a04000-b6a0b000 rw-p 00000000 00:00 0 
b6a0b000-b6a12000 r-xp 00000000 08:01 1839612    /usr/lib/jvm/java-6-openjdk-i386/jre/lib/i386/libzip.so
b6a12000-b6a13000 r--p 00006000 08:01 1839612    /usr/lib/jvm/java-6-openjdk-i386/jre/lib/i386/libzip.so
b6a13000-b6a14000 rw-p 00007000 08:01 1839612    /usr/lib/jvm/java-6-openjdk-i386/jre/lib/i386/libzip.so
b6a14000-b6a1c000 rw-s 00000000 08:01 864261     /tmp/hsperfdata_chaol/3360
b6a1c000-b6a23000 r-xp 00000000 08:01 252408     /lib/i386-linux-gnu/librt-2.15.so
b6a23000-b6a24000 r--p 00006000 08:01 252408     /lib/i386-linux-gnu/librt-2.15.so
b6a24000-b6a25000 rw-p 00007000 08:01 252408     /lib/i386-linux-gnu/librt-2.15.so
b6a25000-b6a28000 ---p 00000000 00:00 0 
b6a28000-b6a76000 rw-p 00000000 00:00 0          [stack:3361]
b6a76000-b6a92000 r-xp 00000000 08:01 252257     /lib/i386-linux-gnu/libgcc_s.so.1
b6a92000-b6a93000 r--p 0001b000 08:01 252257     /lib/i386-linux-gnu/libgcc_s.so.1
b6a93000-b6a94000 rw-p 0001c000 08:01 252257     /lib/i386-linux-gnu/libgcc_s.so.1
b6a94000-b6abe000 r-xp 00000000 08:01 255734     /lib/i386-linux-gnu/libm-2.15.so
b6abe000-b6abf000 r--p 00029000 08:01 255734     /lib/i386-linux-gnu/libm-2.15.so
b6abf000-b6ac0000 rw-p 0002a000 08:01 255734     /lib/i386-linux-gnu/libm-2.15.so
b6ac0000-b6b98000 r-xp 00000000 08:01 17329      /usr/lib/i386-linux-gnu/libstdc++.so.6.0.16
b6b98000-b6b99000 ---p 000d8000 08:01 17329      /usr/lib/i386-linux-gnu/libstdc++.so.6.0.16
b6b99000-b6b9d000 r--p 000d8000 08:01 17329      /usr/lib/i386-linux-gnu/libstdc++.so.6.0.16
b6b9d000-b6b9e000 rw-p 000dc000 08:01 17329      /usr/lib/i386-linux-gnu/libstdc++.so.6.0.16
b6b9e000-b6ba5000 rw-p 00000000 00:00 0 
b6ba5000-b70ba000 r-xp 00000000 08:01 1839604    /usr/lib/jvm/java-6-openjdk-i386/jre/lib/i386/client/libjvm.so
b70ba000-b70d1000 r--p 00514000 08:01 1839604    /usr/lib/jvm/java-6-openjdk-i386/jre/lib/i386/client/libjvm.so
b70d1000-b70de000 rw-p 0052b000 08:01 1839604    /usr/lib/jvm/java-6-openjdk-i386/jre/lib/i386/client/libjvm.so
b70de000-b74f8000 rw-p 00000000 00:00 0 
b74f8000-b750c000 r-xp 00000000 08:01 252336     /lib/i386-linux-gnu/libz.so.1.2.3.4
b750c000-b750d000 r--p 00013000 08:01 252336     /lib/i386-linux-gnu/libz.so.1.2.3.4
b750d000-b750e000 rw-p 00014000 08:01 252336     /lib/i386-linux-gnu/libz.so.1.2.3.4
b750e000-b76b2000 r-xp 00000000 08:01 255739     /lib/i386-linux-gnu/libc-2.15.so
b76b2000-b76b4000 r--p 001a4000 08:01 255739     /lib/i386-linux-gnu/libc-2.15.so
b76b4000-b76b5000 rw-p 001a6000 08:01 255739     /lib/i386-linux-gnu/libc-2.15.so
b76b5000-b76b8000 rw-p 00000000 00:00 0 
b76b8000-b76bb000 r-xp 00000000 08:01 255738     /lib/i386-linux-gnu/libdl-2.15.so
b76bb000-b76bc000 r--p 00002000 08:01 255738     /lib/i386-linux-gnu/libdl-2.15.so
b76bc000-b76bd000 rw-p 00003000 08:01 255738     /lib/i386-linux-gnu/libdl-2.15.so
b76bd000-b76c1000 r-xp 00000000 08:01 1839611    /usr/lib/jvm/java-6-openjdk-i386/jre/lib/i386/jli/libjli.so
b76c1000-b76c2000 r--p 00003000 08:01 1839611    /usr/lib/jvm/java-6-openjdk-i386/jre/lib/i386/jli/libjli.so
b76c2000-b76c3000 rw-p 00004000 08:01 1839611    /usr/lib/jvm/java-6-openjdk-i386/jre/lib/i386/jli/libjli.so
b76c3000-b76c4000 rw-p 00000000 00:00 0 
b76c4000-b76db000 r-xp 00000000 08:01 252406     /lib/i386-linux-gnu/libpthread-2.15.so
b76db000-b76dc000 r--p 00016000 08:01 252406     /lib/i386-linux-gnu/libpthread-2.15.so
b76dc000-b76dd000 rw-p 00017000 08:01 252406     /lib/i386-linux-gnu/libpthread-2.15.so
b76dd000-b76e5000 rw-p 00000000 00:00 0 
b76e5000-b76e6000 rw-p 00000000 00:00 0 
b76e6000-b76e7000 r--p 00000000 00:00 0 
b76e7000-b76f2000 r-xp 00000000 08:01 1839627    /usr/lib/jvm/java-6-openjdk-i386/jre/lib/i386/libverify.so
b76f2000-b76f3000 ---p 0000b000 08:01 1839627    /usr/lib/jvm/java-6-openjdk-i386/jre/lib/i386/libverify.so
b76f3000-b76f4000 r--p 0000b000 08:01 1839627    /usr/lib/jvm/java-6-openjdk-i386/jre/lib/i386/libverify.so
b76f4000-b76f5000 rw-p 0000c000 08:01 1839627    /usr/lib/jvm/java-6-openjdk-i386/jre/lib/i386/libverify.so
b76f5000-b76f7000 rw-p 00000000 00:00 0 
b76f7000-b76f8000 r-xp 00000000 00:00 0          [vdso]
b76f8000-b7718000 r-xp 00000000 08:01 252407     /lib/i386-linux-gnu/ld-2.15.so
b7718000-b7719000 r--p 0001f000 08:01 252407     /lib/i386-linux-gnu/ld-2.15.so
b7719000-b771a000 rw-p 00020000 08:01 252407     /lib/i386-linux-gnu/ld-2.15.so
bfc8e000-bfcb0000 rw-p 00000000 00:00 0          [stack]

VM Arguments:
jvm_args: -Dfile.encoding=UTF-8 
java_command: com.adp.clocks.synergy2416.demo.MainWindow psplash:res/Background.png
Launcher Type: SUN_STANDARD

Environment Variables:
PATH=/usr/lib/lightdm/lightdm:/usr/local/sbin:/usr/local/bin:/usr/sbin:/usr/bin:/sbin:/bin:/usr/games
LD_LIBRARY_PATH=/usr/lib/jvm/java-6-openjdk-i386/jre/lib/i386/client:/usr/lib/jvm/java-6-openjdk-i386/jre/lib/i386:/usr/lib/jvm/java-6-openjdk-i386/jre/../lib/i386:/usr/lib/jni
SHELL=/bin/bash
DISPLAY=:0

Signal Handlers:
SIGSEGV: [libjvm.so+0x3e8020], sa_mask[0]=0x7ffbfeff, sa_flags=0x10000004
SIGBUS: [libjvm.so+0x3e8020], sa_mask[0]=0x7ffbfeff, sa_flags=0x10000004
SIGFPE: [libjvm.so+0x304080], sa_mask[0]=0x7ffbfeff, sa_flags=0x10000004
SIGPIPE: [libjvm.so+0x304080], sa_mask[0]=0x7ffbfeff, sa_flags=0x10000004
SIGXFSZ: [libjvm.so+0x304080], sa_mask[0]=0x7ffbfeff, sa_flags=0x10000004
SIGILL: [libjvm.so+0x304080], sa_mask[0]=0x7ffbfeff, sa_flags=0x10000004
SIGUSR1: SIG_DFL, sa_mask[0]=0x00000000, sa_flags=0x00000000
SIGUSR2: [libjvm.so+0x303f10], sa_mask[0]=0x00000004, sa_flags=0x10000004
SIGHUP: [libjvm.so+0x306ea0], sa_mask[0]=0x7ffbfeff, sa_flags=0x10000004
SIGINT: [libjvm.so+0x306ea0], sa_mask[0]=0x7ffbfeff, sa_flags=0x10000004
SIGTERM: [libjvm.so+0x306ea0], sa_mask[0]=0x7ffbfeff, sa_flags=0x10000004
SIGQUIT: [libjvm.so+0x306ea0], sa_mask[0]=0x7ffbfeff, sa_flags=0x10000004


---------------  S Y S T E M  ---------------

OS:Ubuntu 12.04 (precise)
uname:Linux 3.8.0-35-generic #52~precise1-Ubuntu SMP Thu Jan 30 17:27:28 UTC 2014 i686
libc:glibc 2.15 NPTL 2.15 
rlimit: STACK 8192k, CORE 0k, NPROC 24036, NOFILE 4096, AS infinity
load average:0.39 0.40 0.32

/proc/meminfo:
MemTotal:        3093208 kB
MemFree:          723524 kB
Buffers:          653724 kB
Cached:           956288 kB
SwapCached:            0 kB
Active:          1034848 kB
Inactive:        1160452 kB
Active(anon):     604000 kB
Inactive(anon):   192384 kB
Active(file):     430848 kB
Inactive(file):   968068 kB
Unevictable:           0 kB
Mlocked:               0 kB
HighTotal:       2222632 kB
HighFree:         663332 kB
LowTotal:         870576 kB
LowFree:           60192 kB
SwapTotal:             0 kB
SwapFree:              0 kB
Dirty:               464 kB
Writeback:             0 kB
AnonPages:        585508 kB
Mapped:           198084 kB
Shmem:            211032 kB
Slab:             134300 kB
SReclaimable:     118232 kB
SUnreclaim:        16068 kB
KernelStack:        4576 kB
PageTables:        10176 kB
NFS_Unstable:          0 kB
Bounce:                0 kB
WritebackTmp:          0 kB
CommitLimit:     1546604 kB
Committed_AS:    3848124 kB
VmallocTotal:     122880 kB
VmallocUsed:       33256 kB
VmallocChunk:      88692 kB
HardwareCorrupted:     0 kB
AnonHugePages:         0 kB
HugePages_Total:       0
HugePages_Free:        0
HugePages_Rsvd:        0
HugePages_Surp:        0
Hugepagesize:       2048 kB
DirectMap4k:       16376 kB
DirectMap2M:      897024 kB


CPU:total 2 (1 cores per cpu, 2 threads per core) family 15 model 4 stepping 9, cmov, cx8, fxsr, mmx, sse, sse2, sse3, ht

Memory: 4k page, physical 3093208k(723524k free), swap 0k(0k free)

vm_info: OpenJDK Client VM (20.0-b12) for linux-x86 JRE (1.6.0_27-b27), built on Nov 16 2013 15:23:20 by "buildd" with gcc 4.6.3

time: Sun Feb 16 11:12:22 2014
elapsed time: 7 seconds

