#
# A fatal error has been detected by the Java Runtime Environment:
#
#  SIGSEGV (0xb) at pc=0xb363a8b7, pid=3859, tid=3011836736
#
# JRE version: 6.0_27-b27
# Java VM: OpenJDK Client VM (20.0-b12 mixed mode, sharing linux-x86 )
# Derivative: IcedTea6 1.12.6
# Distribution: Ubuntu 12.04 LTS, package 6b27-1.12.6-1ubuntu0.12.04.4
# Problematic frame:
# C  [libsynergy2416.so+0x48b7]  _get_enroll_count+0x22
#
# If you would like to submit a bug report, please include
# instructions how to reproduce the bug and visit:
#   https://bugs.launchpad.net/ubuntu/+source/openjdk-6/
# The crash happened outside the Java Virtual Machine in native code.
# See problematic frame for where to report the bug.
#

---------------  T H R E A D  ---------------

Current thread (0xb699b800):  JavaThread "AWT-EventQueue-0" [_thread_in_native, id=3875, stack(0xb37ff000,0xb3850000)]

siginfo:si_signo=SIGSEGV: si_errno=0, si_code=1 (SEGV_MAPERR), si_addr=0x00000000

Registers:
EAX=0x00000000, EBX=0x8eba6528, ECX=0xb699b920, EDX=0x00000000
ESP=0xb384e500, EBP=0xb384e510, ESI=0x8eba6528, EDI=0xb699b800
EIP=0xb363a8b7, EFLAGS=0x00210297, CR2=0x00000000

Top of Stack: (sp=0xb384e500)
0xb384e500:   b6e00be0 b4391e34 00000000 00000000
0xb384e510:   b384e518 b363b261 b384e558 b3639fc3
0xb384e520:   b384e5f4 b384e5d4 b384e5a4 b48f7264
0xb384e530:   008e9608 00000000 b384e5c4 00000000
0xb384e540:   00000000 8eba6528 b699b800 b384e594
0xb384e550:   b48f0fdb b699b800 b384e594 b48f10dd
0xb384e560:   b699b920 b384e59c fffffffe b384e5d4
0xb384e570:   b384e5d4 b384e574 8eba6528 b384e5a0 

Instructions: (pc=0xb363a8b7)
0xb363a897:   e5 83 ec 10 c7 45 f8 00 00 00 00 c7 45 fc 00 00
0xb363a8a7:   00 00 eb 1b 8b 15 e4 fa 63 b3 8b 45 fc 8d 04 02
0xb363a8b7:   0f b6 00 84 c0 74 04 83 45 f8 01 83 45 fc 01 a1
0xb363a8c7:   10 f0 63 b3 39 45 fc 7c db 8b 45 f8 c9 c3 55 89 

Register to memory mapping:

EAX=0x00000000 is an unknown value
EBX=0x8eba6528 is an oop
{method} 
 - klass: {other class}
ECX=0xb699b920 is an unknown value
EDX=0x00000000 is an unknown value
ESP=0xb384e500 is pointing into the stack for thread: 0xb699b800
EBP=0xb384e510 is pointing into the stack for thread: 0xb699b800
ESI=0x8eba6528 is an oop
{method} 
 - klass: {other class}
EDI=0xb699b800 is a thread


Stack: [0xb37ff000,0xb3850000],  sp=0xb384e500,  free space=317k
Native frames: (J=compiled Java code, j=interpreted, Vv=VM code, C=native code)
C  [libsynergy2416.so+0x48b7]  _get_enroll_count+0x22
C  [libsynergy2416.so+0x5261]  hlpGetEnrollCount+0x8
C  [libsynergy2416.so+0x3fc3]  Java_com_adp_clocks_synergy2416_demo_FPU_FP_1IDENTIFY_1EMPLOYEE+0x19
j  com.adp.clocks.synergy2416.demo.FPU.FP_IDENTIFY_EMPLOYEE()I+0
j  com.adp.clocks.synergy2416.demo.FPU.identifyEmployee()Ljava/lang/String;+0
j  com.adp.clocks.synergy2416.demo.WelcomeForm.IdentifyEmployee()V+8
j  com.adp.clocks.synergy2416.demo.WelcomeForm$2.focusGained(Ljava/awt/event/FocusEvent;)V+12
j  java.awt.Component.processFocusEvent(Ljava/awt/event/FocusEvent;)V+42
j  java.awt.Component.processEvent(Ljava/awt/AWTEvent;)V+12
j  java.awt.Container.processEvent(Ljava/awt/AWTEvent;)V+18
j  java.awt.Component.dispatchEventImpl(Ljava/awt/AWTEvent;)V+589
j  java.awt.Container.dispatchEventImpl(Ljava/awt/AWTEvent;)V+42
j  java.awt.Component.dispatchEvent(Ljava/awt/AWTEvent;)V+2
j  java.awt.KeyboardFocusManager.redispatchEvent(Ljava/awt/Component;Ljava/awt/AWTEvent;)V+7
j  java.awt.DefaultKeyboardFocusManager.typeAheadAssertions(Ljava/awt/Component;Ljava/awt/AWTEvent;)Z+352
j  java.awt.DefaultKeyboardFocusManager.dispatchEvent(Ljava/awt/AWTEvent;)Z+1034
j  java.awt.Component.dispatchEventImpl(Ljava/awt/AWTEvent;)V+146
j  java.awt.Container.dispatchEventImpl(Ljava/awt/AWTEvent;)V+42
j  java.awt.Component.dispatchEvent(Ljava/awt/AWTEvent;)V+2
j  sun.awt.X11.XWindow$1.run()V+26
j  java.awt.event.InvocationEvent.dispatch()V+47
j  java.awt.EventQueue.dispatchEventImpl(Ljava/awt/AWTEvent;Ljava/lang/Object;)V+21
j  java.awt.EventQueue.access$300(Ljava/awt/EventQueue;Ljava/awt/AWTEvent;Ljava/lang/Object;)V+3
j  java.awt.EventQueue$2.run()Ljava/lang/Void;+12
j  java.awt.EventQueue$2.run()Ljava/lang/Object;+1
v  ~StubRoutines::call_stub
V  [libjvm.so+0x2116b6]  JavaCalls::call_helper(JavaValue*, methodHandle*, JavaCallArguments*, Thread*)+0x2c6

Java frames: (J=compiled Java code, j=interpreted, Vv=VM code)
j  com.adp.clocks.synergy2416.demo.FPU.FP_IDENTIFY_EMPLOYEE()I+0
j  com.adp.clocks.synergy2416.demo.FPU.identifyEmployee()Ljava/lang/String;+0
j  com.adp.clocks.synergy2416.demo.WelcomeForm.IdentifyEmployee()V+8
j  com.adp.clocks.synergy2416.demo.WelcomeForm$2.focusGained(Ljava/awt/event/FocusEvent;)V+12
j  java.awt.Component.processFocusEvent(Ljava/awt/event/FocusEvent;)V+42
j  java.awt.Component.processEvent(Ljava/awt/AWTEvent;)V+12
j  java.awt.Container.processEvent(Ljava/awt/AWTEvent;)V+18
j  java.awt.Component.dispatchEventImpl(Ljava/awt/AWTEvent;)V+589
j  java.awt.Container.dispatchEventImpl(Ljava/awt/AWTEvent;)V+42
j  java.awt.Component.dispatchEvent(Ljava/awt/AWTEvent;)V+2
j  java.awt.KeyboardFocusManager.redispatchEvent(Ljava/awt/Component;Ljava/awt/AWTEvent;)V+7
j  java.awt.DefaultKeyboardFocusManager.typeAheadAssertions(Ljava/awt/Component;Ljava/awt/AWTEvent;)Z+352
j  java.awt.DefaultKeyboardFocusManager.dispatchEvent(Ljava/awt/AWTEvent;)Z+1034
j  java.awt.Component.dispatchEventImpl(Ljava/awt/AWTEvent;)V+146
j  java.awt.Container.dispatchEventImpl(Ljava/awt/AWTEvent;)V+42
j  java.awt.Component.dispatchEvent(Ljava/awt/AWTEvent;)V+2
j  sun.awt.X11.XWindow$1.run()V+26
j  java.awt.event.InvocationEvent.dispatch()V+47
j  java.awt.EventQueue.dispatchEventImpl(Ljava/awt/AWTEvent;Ljava/lang/Object;)V+21
j  java.awt.EventQueue.access$300(Ljava/awt/EventQueue;Ljava/awt/AWTEvent;Ljava/lang/Object;)V+3
j  java.awt.EventQueue$2.run()Ljava/lang/Void;+12
j  java.awt.EventQueue$2.run()Ljava/lang/Object;+1
v  ~StubRoutines::call_stub
j  java.security.AccessController.doPrivileged(Ljava/security/PrivilegedAction;Ljava/security/AccessControlContext;)Ljava/lang/Object;+0
j  java.security.AccessControlContext$1.doIntersectionPrivilege(Ljava/security/PrivilegedAction;Ljava/security/AccessControlContext;Ljava/security/AccessControlContext;)Ljava/lang/Object;+28
j  java.awt.EventQueue.dispatchEvent(Ljava/awt/AWTEvent;)V+46
j  java.awt.EventDispatchThread.pumpOneEventForFilters(I)Z+192
j  java.awt.EventDispatchThread.pumpEventsForFilter(ILjava/awt/Conditional;Ljava/awt/EventFilter;)V+30
j  java.awt.EventDispatchThread.pumpEventsForHierarchy(ILjava/awt/Conditional;Ljava/awt/Component;)V+11
j  java.awt.EventDispatchThread.pumpEvents(ILjava/awt/Conditional;)V+4
j  java.awt.EventDispatchThread.pumpEvents(Ljava/awt/Conditional;)V+3
j  java.awt.EventDispatchThread.run()V+9
v  ~StubRoutines::call_stub

---------------  P R O C E S S  ---------------

Java Threads: ( => current thread )
  0xb6997800 JavaThread "PulseAudio Eventloop Thread" daemon [_thread_in_native, id=3894, stack(0xb2bf1000,0xb2c42000)]
  0xb6905c00 JavaThread "DestroyJavaVM" [_thread_blocked, id=3861, stack(0xb6a73000,0xb6ac4000)]
  0x093c0c00 JavaThread "pool-1-thread-1" [_thread_blocked, id=3885, stack(0xb3169000,0xb31ba000)]
  0x093ad400 JavaThread "pool-2-thread-1 - v4l4j push source" [_thread_in_native, id=3884, stack(0xb31ba000,0xb320b000)]
  0x0936cc00 JavaThread "Timer-0" [_thread_blocked, id=3883, stack(0xb32f2000,0xb3343000)]
  0x09368400 JavaThread "Image Fetcher 2" daemon [_thread_blocked, id=3882, stack(0xb3343000,0xb3394000)]
  0x09367800 JavaThread "Image Fetcher 1" daemon [_thread_blocked, id=3881, stack(0xb3394000,0xb33e5000)]
  0x09366400 JavaThread "TimerQueue" daemon [_thread_blocked, id=3880, stack(0xb33e5000,0xb3436000)]
  0x092a7800 JavaThread "Image Fetcher 3" daemon [_thread_blocked, id=3878, stack(0xb3661000,0xb36b2000)]
=>0xb699b800 JavaThread "AWT-EventQueue-0" [_thread_in_native, id=3875, stack(0xb37ff000,0xb3850000)]
  0xb699a000 JavaThread "AWT-Shutdown" [_thread_blocked, id=3874, stack(0xb3850000,0xb38a1000)]
  0xb6999400 JavaThread "AWT-XAWT" daemon [_thread_in_native, id=3873, stack(0xb38a1000,0xb38f2000)]
  0xb6965000 JavaThread "Java2D Disposer" daemon [_thread_blocked, id=3872, stack(0xb39e2000,0xb3a33000)]
  0xb693cc00 JavaThread "Low Memory Detector" daemon [_thread_blocked, id=3870, stack(0xb3e2e000,0xb3e7f000)]
  0xb693ac00 JavaThread "C1 CompilerThread0" daemon [_thread_blocked, id=3869, stack(0xb3e7f000,0xb3f00000)]
  0xb6939400 JavaThread "Signal Dispatcher" daemon [_thread_blocked, id=3868, stack(0xb420d000,0xb425e000)]
  0xb6935400 JavaThread "Finalizer" daemon [_thread_blocked, id=3867, stack(0xb425e000,0xb42af000)]
  0xb6933c00 JavaThread "Reference Handler" daemon [_thread_blocked, id=3866, stack(0xb42af000,0xb4300000)]

Other Threads:
  0xb6932000 VMThread [stack: 0xb4427000,0xb44a8000] [id=3865]
  0xb693f000 WatcherThread [stack: 0xb3dad000,0xb3e2e000] [id=3871]

VM state:not at safepoint (normal execution)

VM Mutex/Monitor currently owned by a thread: None

Heap
 def new generation   total 4928K, used 1141K [0x6ea40000, 0x6ef90000, 0x794e0000)
  eden space 4416K,  14% used [0x6ea40000, 0x6eadd720, 0x6ee90000)
  from space 512K, 100% used [0x6ef10000, 0x6ef90000, 0x6ef90000)
  to   space 512K,   0% used [0x6ee90000, 0x6ee90000, 0x6ef10000)
 tenured generation   total 10944K, used 2411K [0x794e0000, 0x79f90000, 0x8ea40000)
   the space 10944K,  22% used [0x794e0000, 0x7973add8, 0x7973ae00, 0x79f90000)
 compacting perm gen  total 12288K, used 2183K [0x8ea40000, 0x8f640000, 0x92a40000)
   the space 12288K,  17% used [0x8ea40000, 0x8ec61df0, 0x8ec61e00, 0x8f640000)
    ro space 10240K,  74% used [0x92a40000, 0x931a8b40, 0x931a8c00, 0x93440000)
    rw space 12288K,  60% used [0x93440000, 0x93b8ee48, 0x93b8f000, 0x94040000)

Code Cache  [0xb48e7000, 0xb49e7000, 0xb68e7000)
 total_blobs=549 nmethods=291 adapters=194 free_code_cache=32523264 largest_free_block=64

Dynamic libraries:
08048000-08051000 r-xp 00000000 08:01 1839571    /usr/lib/jvm/java-6-openjdk-i386/jre/bin/java
08051000-08052000 r--p 00008000 08:01 1839571    /usr/lib/jvm/java-6-openjdk-i386/jre/bin/java
08052000-08053000 rw-p 00009000 08:01 1839571    /usr/lib/jvm/java-6-openjdk-i386/jre/bin/java
0925e000-093f1000 rw-p 00000000 00:00 0          [heap]
6ea40000-6ef90000 rw-p 00000000 00:00 0 
6ef90000-794e0000 rw-p 00000000 00:00 0 
794e0000-79f90000 rw-p 00000000 00:00 0 
79f90000-8ea40000 rw-p 00000000 00:00 0 
8ea40000-8f640000 rw-p 00000000 00:00 0 
8f640000-92a40000 rw-p 00000000 00:00 0 
92a40000-931a9000 r--s 00001000 08:01 1839781    /usr/lib/jvm/java-6-openjdk-i386/jre/lib/i386/client/classes.jsa
931a9000-93440000 rw-p 00000000 00:00 0 
93440000-93b8f000 rw-p 0076a000 08:01 1839781    /usr/lib/jvm/java-6-openjdk-i386/jre/lib/i386/client/classes.jsa
93b8f000-94040000 rw-p 00000000 00:00 0 
94040000-9413d000 rw-p 00eb9000 08:01 1839781    /usr/lib/jvm/java-6-openjdk-i386/jre/lib/i386/client/classes.jsa
9413d000-94440000 rw-p 00000000 00:00 0 
94440000-94448000 r-xs 00fb6000 08:01 1839781    /usr/lib/jvm/java-6-openjdk-i386/jre/lib/i386/client/classes.jsa
94448000-94840000 rw-p 00000000 00:00 0 
aa48a000-ae48b000 rw-s 00000000 00:12 28449      /run/shm/pulse-shm-3223106239
ae48b000-ae48c000 ---p 00000000 00:00 0 
ae48c000-aec8c000 rw-p 00000000 00:00 0 
b2bf1000-b2bf4000 ---p 00000000 00:00 0 
b2bf4000-b2c42000 rw-p 00000000 00:00 0          [stack:3894]
b2c42000-b2c8d000 rw-s 00000000 00:04 16154646   /SYSV00000000 (deleted)
b2c8d000-b2cd8000 rw-s 00000000 00:04 16220181   /SYSV00000000 (deleted)
b2cd8000-b2ceb000 r-xp 00000000 08:01 252403     /lib/i386-linux-gnu/libresolv-2.15.so
b2ceb000-b2cec000 ---p 00013000 08:01 252403     /lib/i386-linux-gnu/libresolv-2.15.so
b2cec000-b2ced000 r--p 00013000 08:01 252403     /lib/i386-linux-gnu/libresolv-2.15.so
b2ced000-b2cee000 rw-p 00014000 08:01 252403     /lib/i386-linux-gnu/libresolv-2.15.so
b2cee000-b2cf0000 rw-p 00000000 00:00 0 
b2cf0000-b2cf6000 r-xp 00000000 08:01 17212      /usr/lib/i386-linux-gnu/libogg.so.0.7.1
b2cf6000-b2cf7000 r--p 00005000 08:01 17212      /usr/lib/i386-linux-gnu/libogg.so.0.7.1
b2cf7000-b2cf8000 rw-p 00006000 08:01 17212      /usr/lib/i386-linux-gnu/libogg.so.0.7.1
b2cf8000-b2d21000 r-xp 00000000 08:01 17362      /usr/lib/i386-linux-gnu/libvorbis.so.0.4.5
b2d21000-b2d22000 r--p 00028000 08:01 17362      /usr/lib/i386-linux-gnu/libvorbis.so.0.4.5
b2d22000-b2d23000 rw-p 00029000 08:01 17362      /usr/lib/i386-linux-gnu/libvorbis.so.0.4.5
b2d23000-b2e89000 r-xp 00000000 08:01 17364      /usr/lib/i386-linux-gnu/libvorbisenc.so.2.0.8
b2e89000-b2e9a000 r--p 00165000 08:01 17364      /usr/lib/i386-linux-gnu/libvorbisenc.so.2.0.8
b2e9a000-b2e9b000 rw-p 00176000 08:01 17364      /usr/lib/i386-linux-gnu/libvorbisenc.so.2.0.8
b2e9b000-b2ee7000 r-xp 00000000 08:01 16731      /usr/lib/i386-linux-gnu/libFLAC.so.8.2.0
b2ee7000-b2ee8000 r--p 0004b000 08:01 16731      /usr/lib/i386-linux-gnu/libFLAC.so.8.2.0
b2ee8000-b2ee9000 rw-p 0004c000 08:01 16731      /usr/lib/i386-linux-gnu/libFLAC.so.8.2.0
b2ee9000-b2f55000 r-xp 00000000 08:01 17307      /usr/lib/i386-linux-gnu/libsndfile.so.1.0.25
b2f55000-b2f56000 r--p 0006c000 08:01 17307      /usr/lib/i386-linux-gnu/libsndfile.so.1.0.25
b2f56000-b2f57000 rw-p 0006d000 08:01 17307      /usr/lib/i386-linux-gnu/libsndfile.so.1.0.25
b2f57000-b2f5b000 rw-p 00000000 00:00 0 
b2f5b000-b2f63000 r-xp 00000000 08:01 252334     /lib/i386-linux-gnu/libwrap.so.0.7.6
b2f63000-b2f64000 r--p 00007000 08:01 252334     /lib/i386-linux-gnu/libwrap.so.0.7.6
b2f64000-b2f65000 rw-p 00008000 08:01 252334     /lib/i386-linux-gnu/libwrap.so.0.7.6
b2f65000-b2fac000 r-xp 00000000 08:01 252249     /lib/i386-linux-gnu/libdbus-1.so.3.5.8
b2fac000-b2fad000 r--p 00047000 08:01 252249     /lib/i386-linux-gnu/libdbus-1.so.3.5.8
b2fad000-b2fae000 rw-p 00048000 08:01 252249     /lib/i386-linux-gnu/libdbus-1.so.3.5.8
b2fae000-b3011000 r-xp 00000000 08:01 12624      /usr/lib/i386-linux-gnu/libpulsecommon-1.1.so
b3011000-b3012000 r--p 00062000 08:01 12624      /usr/lib/i386-linux-gnu/libpulsecommon-1.1.so
b3012000-b3013000 rw-p 00063000 08:01 12624      /usr/lib/i386-linux-gnu/libpulsecommon-1.1.so
b3013000-b305f000 r-xp 00000000 08:01 12623      /usr/lib/i386-linux-gnu/libpulse.so.0.13.5
b305f000-b3060000 r--p 0004b000 08:01 12623      /usr/lib/i386-linux-gnu/libpulse.so.0.13.5
b3060000-b3061000 rw-p 0004c000 08:01 12623      /usr/lib/i386-linux-gnu/libpulse.so.0.13.5
b3061000-b314e000 r-xp 00000000 08:01 16845      /usr/lib/i386-linux-gnu/libasound.so.2.0.0
b314e000-b3152000 r--p 000ec000 08:01 16845      /usr/lib/i386-linux-gnu/libasound.so.2.0.0
b3152000-b3153000 rw-p 000f0000 08:01 16845      /usr/lib/i386-linux-gnu/libasound.so.2.0.0
b3153000-b3160000 r-xp 00000000 08:01 1839792    /usr/lib/jvm/java-6-openjdk-i386/jre/lib/i386/libpulse-java.so
b3160000-b3161000 r--p 0000c000 08:01 1839792    /usr/lib/jvm/java-6-openjdk-i386/jre/lib/i386/libpulse-java.so
b3161000-b3162000 rw-p 0000d000 08:01 1839792    /usr/lib/jvm/java-6-openjdk-i386/jre/lib/i386/libpulse-java.so
b3162000-b3167000 r-xp 00000000 08:01 17411      /usr/lib/i386-linux-gnu/alsa-lib/libasound_module_pcm_pulse.so
b3167000-b3168000 r--p 00004000 08:01 17411      /usr/lib/i386-linux-gnu/alsa-lib/libasound_module_pcm_pulse.so
b3168000-b3169000 rw-p 00005000 08:01 17411      /usr/lib/i386-linux-gnu/alsa-lib/libasound_module_pcm_pulse.so
b3169000-b316c000 ---p 00000000 00:00 0 
b316c000-b31ba000 rw-p 00000000 00:00 0          [stack:3885]
b31ba000-b31bd000 ---p 00000000 00:00 0 
b31bd000-b320b000 rw-p 00000000 00:00 0          [stack:3884]
b320b000-b3231000 rw-s 00072000 00:05 8562       /dev/video0
b3231000-b3257000 rw-s 0004c000 00:05 8562       /dev/video0
b3257000-b327d000 rw-s 00026000 00:05 8562       /dev/video0
b327d000-b329e000 r-xp 00000000 08:01 17358      /usr/lib/i386-linux-gnu/libv4lconvert.so.0
b329e000-b329f000 r--p 00021000 08:01 17358      /usr/lib/i386-linux-gnu/libv4lconvert.so.0
b329f000-b32a0000 rw-p 00022000 08:01 17358      /usr/lib/i386-linux-gnu/libv4lconvert.so.0
b32a0000-b32f2000 rw-p 00000000 00:00 0 
b32f2000-b32f5000 ---p 00000000 00:00 0 
b32f5000-b3343000 rw-p 00000000 00:00 0          [stack:3883]
b3343000-b3346000 ---p 00000000 00:00 0 
b3346000-b3394000 rw-p 00000000 00:00 0          [stack:3882]
b3394000-b3397000 ---p 00000000 00:00 0 
b3397000-b33e5000 rw-p 00000000 00:00 0          [stack:3881]
b33e5000-b33e8000 ---p 00000000 00:00 0 
b33e8000-b34bc000 rw-p 00000000 00:00 0          [stack:3880]
b34bd000-b34c3000 r-xp 00000000 08:01 17146      /usr/lib/i386-linux-gnu/libjson.so.0.0.1
b34c3000-b34c4000 r--p 00005000 08:01 17146      /usr/lib/i386-linux-gnu/libjson.so.0.0.1
b34c4000-b34c5000 rw-p 00006000 08:01 17146      /usr/lib/i386-linux-gnu/libjson.so.0.0.1
b34c5000-b34eb000 rw-s 00000000 00:05 8562       /dev/video0
b34eb000-b34fe000 r-xp 00000000 08:01 8712       /usr/lib/libvideo.so.0
b34fe000-b34ff000 r--p 00012000 08:01 8712       /usr/lib/libvideo.so.0
b34ff000-b3500000 rw-p 00013000 08:01 8712       /usr/lib/libvideo.so.0
b3500000-b3564000 rw-p 00000000 00:00 0 
b3564000-b3600000 ---p 00000000 00:00 0 
b3600000-b3605000 r-xp 00000000 08:01 16847      /usr/lib/i386-linux-gnu/libasyncns.so.0.3.1
b3605000-b3606000 r--p 00004000 08:01 16847      /usr/lib/i386-linux-gnu/libasyncns.so.0.3.1
b3606000-b3607000 rw-p 00005000 08:01 16847      /usr/lib/i386-linux-gnu/libasyncns.so.0.3.1
b360a000-b3619000 r-xp 00000000 08:01 1839790    /usr/lib/jvm/java-6-openjdk-i386/jre/lib/i386/libjsoundalsa.so
b3619000-b361a000 r--p 0000e000 08:01 1839790    /usr/lib/jvm/java-6-openjdk-i386/jre/lib/i386/libjsoundalsa.so
b361a000-b361b000 rw-p 0000f000 08:01 1839790    /usr/lib/jvm/java-6-openjdk-i386/jre/lib/i386/libjsoundalsa.so
b361b000-b361c000 r-xp 00000000 08:01 1839628    /usr/lib/jvm/java-6-openjdk-i386/jre/lib/i386/libjsound.so
b361c000-b361d000 r--p 00000000 08:01 1839628    /usr/lib/jvm/java-6-openjdk-i386/jre/lib/i386/libjsound.so
b361d000-b361e000 rw-p 00001000 08:01 1839628    /usr/lib/jvm/java-6-openjdk-i386/jre/lib/i386/libjsound.so
b361e000-b3625000 r--s 00000000 08:01 14251      /usr/lib/i386-linux-gnu/gconv/gconv-modules.cache
b3625000-b3634000 r-xp 00000000 08:01 524448     /usr/lib/jni/libv4l4j.so
b3634000-b3635000 r--p 0000e000 08:01 524448     /usr/lib/jni/libv4l4j.so
b3635000-b3636000 rw-p 0000f000 08:01 524448     /usr/lib/jni/libv4l4j.so
b3636000-b363e000 r-xp 00000000 08:01 524557     /usr/lib/jni/libsynergy2416.so
b363e000-b363f000 r--p 00007000 08:01 524557     /usr/lib/jni/libsynergy2416.so
b363f000-b3640000 rw-p 00008000 08:01 524557     /usr/lib/jni/libsynergy2416.so
b3640000-b3648000 r-xp 00000000 08:01 1839626    /usr/lib/jvm/java-6-openjdk-i386/jre/lib/i386/libnio.so
b3648000-b3649000 r--p 00007000 08:01 1839626    /usr/lib/jvm/java-6-openjdk-i386/jre/lib/i386/libnio.so
b3649000-b364a000 rw-p 00008000 08:01 1839626    /usr/lib/jvm/java-6-openjdk-i386/jre/lib/i386/libnio.so
b364a000-b365f000 r-xp 00000000 08:01 1839614    /usr/lib/jvm/java-6-openjdk-i386/jre/lib/i386/libnet.so
b365f000-b3660000 r--p 00014000 08:01 1839614    /usr/lib/jvm/java-6-openjdk-i386/jre/lib/i386/libnet.so
b3660000-b3661000 rw-p 00015000 08:01 1839614    /usr/lib/jvm/java-6-openjdk-i386/jre/lib/i386/libnet.so
b3661000-b3664000 ---p 00000000 00:00 0 
b3664000-b36b2000 rw-p 00000000 00:00 0          [stack:3878]
b36b2000-b3700000 r--s 008b6000 08:01 2243423    /opt/eclipse-standard/plugins/com.ibm.icu_50.1.1.v201304230130.jar
b3700000-b3742000 r--s 00367000 08:01 2243377    /opt/eclipse-standard/plugins/org.eclipse.ui.workbench_3.105.1.v20130821-1411.jar
b3742000-b3755000 r--s 000e0000 08:01 2243213    /opt/eclipse-standard/plugins/org.eclipse.jface.text_3.8.101.v20130802-1147.jar
b3755000-b3769000 r--s 000f9000 08:01 2243526    /opt/eclipse-standard/plugins/org.eclipse.jface_3.9.1.v20130725-1141.jar
b3769000-b377e000 r--s 0023a000 08:01 2243675    /opt/eclipse-standard/plugins/org.eclipse.swt.gtk.linux.x86_3.102.1.v20130827-2048.jar
b377e000-b37c3000 r-xp 00000000 08:01 11892      /usr/lib/i386-linux-gnu/libjpeg.so.8.0.2
b37c3000-b37c4000 r--p 00044000 08:01 11892      /usr/lib/i386-linux-gnu/libjpeg.so.8.0.2
b37c4000-b37c5000 rw-p 00045000 08:01 11892      /usr/lib/i386-linux-gnu/libjpeg.so.8.0.2
b37c5000-b37d5000 rw-p 00000000 00:00 0 
b37d5000-b37fd000 r-xp 00000000 08:01 252306     /lib/i386-linux-gnu/libpng12.so.0.46.0
b37fd000-b37fe000 r--p 00027000 08:01 252306     /lib/i386-linux-gnu/libpng12.so.0.46.0
b37fe000-b37ff000 rw-p 00028000 08:01 252306     /lib/i386-linux-gnu/libpng12.so.0.46.0
b37ff000-b3802000 ---p 00000000 00:00 0 
b3802000-b3850000 rw-p 00000000 00:00 0          [stack:3875]
b3850000-b3853000 ---p 00000000 00:00 0 
b3853000-b38a1000 rw-p 00000000 00:00 0          [stack:3874]
b38a1000-b38a4000 ---p 00000000 00:00 0 
b38a4000-b38f2000 rw-p 00000000 00:00 0          [stack:3873]
b38f2000-b38f3000 r--s 00000000 08:01 3570       /var/cache/fontconfig/c05880de57d1f5e948fdfacc138775d9-le32d4.cache-3
b38f3000-b38f9000 r--s 00000000 08:01 3565       /var/cache/fontconfig/945677eb7aeaf62f1d50efc3fb3ec7d8-le32d4.cache-3
b38f9000-b38fc000 r--s 00000000 08:01 519519     /var/cache/fontconfig/99e8ed0e538f840c565b6ed5dad60d56-le32d4.cache-3
b38fc000-b38ff000 r--s 00000000 08:01 3552       /var/cache/fontconfig/2cd17615ca594fa2959ae173292e504c-le32d4.cache-3
b38ff000-b3900000 r--s 00000000 08:01 3577       /var/cache/fontconfig/e7071f4a29fa870f4323321c154eba04-le32d4.cache-3
b3900000-b3901000 r--s 00000000 08:01 3550       /var/cache/fontconfig/0d8c3b2ac0904cb8a57a757ad11a4a08-le32d4.cache-3
b3901000-b3905000 r--s 00000000 08:01 3567       /var/cache/fontconfig/a755afe4a08bf5b97852ceb7400b47bc-le32d4.cache-3
b3905000-b390c000 r--s 00000000 08:01 1579180    /var/cache/fontconfig/6d41288fd70b0be22e8c3a91e032eec0-le32d4.cache-3
b390c000-b3917000 r--s 00000000 08:01 3549       /var/cache/fontconfig/04aabc0a78ac019cf9454389977116d2-le32d4.cache-3
b3917000-b391a000 r--s 00000000 08:01 3555       /var/cache/fontconfig/385c0604a188198f04d133e54aba7fe7-le32d4.cache-3
b391a000-b391b000 r--s 00000000 08:01 3572       /var/cache/fontconfig/4794a0821666d79190d59a36cb4f44b5-le32d4.cache-3
b391b000-b391f000 r--s 00000000 08:01 3553       /var/cache/fontconfig/3047814df9a2f067bd2d96a2b9c36e5a-le32d4.cache-3
b391f000-b3924000 r--s 00045000 08:01 2243421    /opt/eclipse-standard/plugins/org.eclipse.ui.forms_3.6.1.v20130822-1117.jar
b3924000-b3929000 r--s 00038000 08:01 2243571    /opt/eclipse-standard/plugins/org.eclipse.text_3.5.300.v20130515-1451.jar
b3929000-b3931000 r-xp 00000000 08:01 1839774    /usr/lib/i386-linux-gnu/libgif.so.4.1.6
b3931000-b3932000 r--p 00007000 08:01 1839774    /usr/lib/i386-linux-gnu/libgif.so.4.1.6
b3932000-b3933000 rw-p 00008000 08:01 1839774    /usr/lib/i386-linux-gnu/libgif.so.4.1.6
b3933000-b3935000 rw-p 00000000 00:00 0 
b3935000-b3949000 r--s 00140000 08:01 2243684    /opt/eclipse-standard/plugins/org.eclipse.osgi_3.9.1.v20130814-1242.jar
b3949000-b394a000 r--s 00000000 08:01 3570       /var/cache/fontconfig/c05880de57d1f5e948fdfacc138775d9-le32d4.cache-3
b394a000-b3950000 r--s 00000000 08:01 3565       /var/cache/fontconfig/945677eb7aeaf62f1d50efc3fb3ec7d8-le32d4.cache-3
b3950000-b3953000 r--s 00000000 08:01 519519     /var/cache/fontconfig/99e8ed0e538f840c565b6ed5dad60d56-le32d4.cache-3
b3953000-b3956000 r--s 00000000 08:01 3552       /var/cache/fontconfig/2cd17615ca594fa2959ae173292e504c-le32d4.cache-3
b3956000-b395a000 r--s 00000000 08:01 3567       /var/cache/fontconfig/a755afe4a08bf5b97852ceb7400b47bc-le32d4.cache-3
b395a000-b3961000 r--s 00000000 08:01 1579180    /var/cache/fontconfig/6d41288fd70b0be22e8c3a91e032eec0-le32d4.cache-3
b3961000-b396c000 r--s 00000000 08:01 3549       /var/cache/fontconfig/04aabc0a78ac019cf9454389977116d2-le32d4.cache-3
b396c000-b396f000 r--s 00000000 08:01 3555       /var/cache/fontconfig/385c0604a188198f04d133e54aba7fe7-le32d4.cache-3
b396f000-b3973000 r--s 00000000 08:01 3553       /var/cache/fontconfig/3047814df9a2f067bd2d96a2b9c36e5a-le32d4.cache-3
b3973000-b3977000 r--s 00000000 08:01 3568       /var/cache/fontconfig/b47c4e1ecd0709278f4910c18777a504-le32d4.cache-3
b3977000-b3984000 r--s 00000000 08:01 3573       /var/cache/fontconfig/d52a8644073d54c13679302ca1180695-le32d4.cache-3
b3984000-b3987000 r--s 00000000 08:01 3564       /var/cache/fontconfig/8801497958630a81b71ace7c5f9b32a8-le32d4.cache-3
b3987000-b398b000 r--s 00000000 08:01 3568       /var/cache/fontconfig/b47c4e1ecd0709278f4910c18777a504-le32d4.cache-3
b398b000-b3998000 r--s 00000000 08:01 3573       /var/cache/fontconfig/d52a8644073d54c13679302ca1180695-le32d4.cache-3
b3998000-b399b000 r--s 00019000 08:01 864259     /home/chaol/workspace-java/ADP-Demo-GUI/src/com/adp/clocks/synergy2416/res/v4l4j.jar
b399b000-b399e000 r--s 0002a000 08:01 2243555    /opt/eclipse-standard/plugins/org.eclipse.equinox.registry_3.5.301.v20130717-1549.jar
b399e000-b39a2000 r-xp 00000000 08:01 13641      /usr/lib/i386-linux-gnu/libXfixes.so.3.1.0
b39a2000-b39a3000 r--p 00004000 08:01 13641      /usr/lib/i386-linux-gnu/libXfixes.so.3.1.0
b39a3000-b39a4000 rw-p 00005000 08:01 13641      /usr/lib/i386-linux-gnu/libXfixes.so.3.1.0
b39a4000-b39ad000 r-xp 00000000 08:01 16793      /usr/lib/i386-linux-gnu/libXcursor.so.1.0.2
b39ad000-b39ae000 r--p 00008000 08:01 16793      /usr/lib/i386-linux-gnu/libXcursor.so.1.0.2
b39ae000-b39af000 rw-p 00009000 08:01 16793      /usr/lib/i386-linux-gnu/libXcursor.so.1.0.2
b39af000-b39b1000 r--s 00010000 08:01 2243198    /opt/eclipse-standard/plugins/org.eclipse.core.runtime_3.9.0.v20130326-1255.jar
b39b1000-b39b4000 r--s 00018000 08:01 2243752    /opt/eclipse-standard/plugins/org.eclipse.equinox.common_3.6.200.v20130402-1505.jar
b39b4000-b39b7000 r--s 00018000 08:01 2243511    /opt/eclipse-standard/plugins/org.eclipse.core.commands_3.6.100.v20130515-1857.jar
b39b7000-b39b8000 rw-p 00000000 00:00 0 
b39b8000-b39c1000 r-xp 00000000 08:01 1839791    /usr/lib/jvm/java-6-openjdk-i386/jre/lib/i386/libsplashscreen.so
b39c1000-b39c2000 r--p 00008000 08:01 1839791    /usr/lib/jvm/java-6-openjdk-i386/jre/lib/i386/libsplashscreen.so
b39c2000-b39c3000 rw-p 00009000 08:01 1839791    /usr/lib/jvm/java-6-openjdk-i386/jre/lib/i386/libsplashscreen.so
b39c3000-b39c5000 rw-p 00000000 00:00 0 
b39c5000-b39cc000 r--s 000fc000 08:01 1838998    /usr/lib/jvm/java-6-openjdk-common/jre/lib/resources.jar
b39cc000-b39cd000 r--s 00000000 08:01 3558       /var/cache/fontconfig/56cf4f4769d0f4abc89a4895d7bd3ae1-le32d4.cache-3
b39cd000-b39ce000 r--s 00000000 08:01 3569       /var/cache/fontconfig/b9d506c9ac06c20b433354fa67a72993-le32d4.cache-3
b39ce000-b39d7000 r--s 00000000 08:01 519518     /var/cache/fontconfig/089dead882dea3570ffc31a9898cfb69-le32d4.cache-3
b39d7000-b39df000 r--s 00000000 08:01 11176      /var/cache/fontconfig/e13b20fdb08344e0e664864cc2ede53d-le32d4.cache-3
b39df000-b39e2000 r--s 00000000 08:01 519517     /var/cache/fontconfig/7ef2298fde41cc6eeb7af42e48b7d293-le32d4.cache-3
b39e2000-b39e5000 ---p 00000000 00:00 0 
b39e5000-b3a33000 rw-p 00000000 00:00 0          [stack:3872]
b3a33000-b3ac8000 r-xp 00000000 08:01 16989      /usr/lib/i386-linux-gnu/libfreetype.so.6.8.0
b3ac8000-b3acc000 r--p 00094000 08:01 16989      /usr/lib/i386-linux-gnu/libfreetype.so.6.8.0
b3acc000-b3acd000 rw-p 00098000 08:01 16989      /usr/lib/i386-linux-gnu/libfreetype.so.6.8.0
b3acd000-b3b15000 r-xp 00000000 08:01 1839595    /usr/lib/jvm/java-6-openjdk-i386/jre/lib/i386/libfontmanager.so
b3b15000-b3b16000 r--p 00048000 08:01 1839595    /usr/lib/jvm/java-6-openjdk-i386/jre/lib/i386/libfontmanager.so
b3b16000-b3b17000 rw-p 00049000 08:01 1839595    /usr/lib/jvm/java-6-openjdk-i386/jre/lib/i386/libfontmanager.so
b3b17000-b3b1c000 r-xp 00000000 08:01 16797      /usr/lib/i386-linux-gnu/libXdmcp.so.6.0.0
b3b1c000-b3b1d000 r--p 00004000 08:01 16797      /usr/lib/i386-linux-gnu/libXdmcp.so.6.0.0
b3b1d000-b3b1e000 rw-p 00005000 08:01 16797      /usr/lib/i386-linux-gnu/libXdmcp.so.6.0.0
b3b1e000-b3b3d000 r-xp 00000000 08:01 17393      /usr/lib/i386-linux-gnu/libxcb.so.1.1.0
b3b3d000-b3b3e000 r--p 0001f000 08:01 17393      /usr/lib/i386-linux-gnu/libxcb.so.1.1.0
b3b3e000-b3b3f000 rw-p 00020000 08:01 17393      /usr/lib/i386-linux-gnu/libxcb.so.1.1.0
b3b3f000-b3b4e000 r-xp 00000000 08:01 8381       /usr/lib/i386-linux-gnu/libXi.so.6.1.0
b3b4e000-b3b4f000 r--p 0000e000 08:01 8381       /usr/lib/i386-linux-gnu/libXi.so.6.1.0
b3b4f000-b3b50000 rw-p 0000f000 08:01 8381       /usr/lib/i386-linux-gnu/libXi.so.6.1.0
b3b50000-b3b55000 r-xp 00000000 08:01 16825      /usr/lib/i386-linux-gnu/libXtst.so.6.1.0
b3b55000-b3b56000 r--p 00004000 08:01 16825      /usr/lib/i386-linux-gnu/libXtst.so.6.1.0
b3b56000-b3b57000 rw-p 00005000 08:01 16825      /usr/lib/i386-linux-gnu/libXtst.so.6.1.0
b3b57000-b3c87000 r-xp 00000000 08:01 14323      /usr/lib/i386-linux-gnu/libX11.so.6.3.0
b3c87000-b3c88000 r--p 0012f000 08:01 14323      /usr/lib/i386-linux-gnu/libX11.so.6.3.0
b3c88000-b3c8a000 rw-p 00130000 08:01 14323      /usr/lib/i386-linux-gnu/libX11.so.6.3.0
b3c8a000-b3c8b000 rw-p 00000000 00:00 0 
b3c8b000-b3c9b000 r-xp 00000000 08:01 16799      /usr/lib/i386-linux-gnu/libXext.so.6.4.0
b3c9b000-b3c9c000 r--p 0000f000 08:01 16799      /usr/lib/i386-linux-gnu/libXext.so.6.4.0
b3c9c000-b3c9d000 rw-p 00010000 08:01 16799      /usr/lib/i386-linux-gnu/libXext.so.6.4.0
b3c9d000-b3ce9000 r-xp 00000000 08:01 1839789    /usr/lib/jvm/java-6-openjdk-i386/jre/lib/i386/xawt/libmawt.so
b3ce9000-b3cea000 r--p 0004b000 08:01 1839789    /usr/lib/jvm/java-6-openjdk-i386/jre/lib/i386/xawt/libmawt.so
b3cea000-b3cec000 rw-p 0004c000 08:01 1839789    /usr/lib/jvm/java-6-openjdk-i386/jre/lib/i386/xawt/libmawt.so
b3cec000-b3ced000 rw-p 00000000 00:00 0 
b3ced000-b3d81000 r-xp 00000000 08:01 1839605    /usr/lib/jvm/java-6-openjdk-i386/jre/lib/i386/libawt.so
b3d81000-b3d82000 r--p 00093000 08:01 1839605    /usr/lib/jvm/java-6-openjdk-i386/jre/lib/i386/libawt.so
b3d82000-b3d89000 rw-p 00094000 08:01 1839605    /usr/lib/jvm/java-6-openjdk-i386/jre/lib/i386/libawt.so
b3d89000-b3dad000 rw-p 00000000 00:00 0 
b3dad000-b3dae000 ---p 00000000 00:00 0 
b3dae000-b3e2e000 rw-p 00000000 00:00 0          [stack:3871]
b3e2e000-b3e31000 ---p 00000000 00:00 0 
b3e31000-b3e7f000 rw-p 00000000 00:00 0          [stack:3870]
b3e7f000-b3e82000 ---p 00000000 00:00 0 
b3e82000-b3f00000 rw-p 00000000 00:00 0          [stack:3869]
b3f00000-b4100000 r--p 00000000 08:01 19412      /usr/lib/locale/locale-archive
b4100000-b413c000 rw-p 00000000 00:00 0 
b413c000-b4200000 ---p 00000000 00:00 0 
b4200000-b4203000 r--s 00000000 08:01 3564       /var/cache/fontconfig/8801497958630a81b71ace7c5f9b32a8-le32d4.cache-3
b4203000-b420b000 r-xp 00000000 08:01 16821      /usr/lib/i386-linux-gnu/libXrender.so.1.3.0
b420b000-b420c000 r--p 00007000 08:01 16821      /usr/lib/i386-linux-gnu/libXrender.so.1.3.0
b420c000-b420d000 rw-p 00008000 08:01 16821      /usr/lib/i386-linux-gnu/libXrender.so.1.3.0
b420d000-b4210000 ---p 00000000 00:00 0 
b4210000-b425e000 rw-p 00000000 00:00 0          [stack:3868]
b425e000-b4261000 ---p 00000000 00:00 0 
b4261000-b42af000 rw-p 00000000 00:00 0          [stack:3867]
b42af000-b42b2000 ---p 00000000 00:00 0 
b42b2000-b4300000 rw-p 00000000 00:00 0          [stack:3866]
b4300000-b43fb000 rw-p 00000000 00:00 0 
b43fb000-b4400000 ---p 00000000 00:00 0 
b4400000-b4401000 r--s 00000000 08:01 3577       /var/cache/fontconfig/e7071f4a29fa870f4323321c154eba04-le32d4.cache-3
b4401000-b4402000 r--s 00000000 08:01 3550       /var/cache/fontconfig/0d8c3b2ac0904cb8a57a757ad11a4a08-le32d4.cache-3
b4402000-b4404000 r-xp 00000000 08:01 16786      /usr/lib/i386-linux-gnu/libXau.so.6.0.0
b4404000-b4405000 r--p 00001000 08:01 16786      /usr/lib/i386-linux-gnu/libXau.so.6.0.0
b4405000-b4406000 rw-p 00002000 08:01 16786      /usr/lib/i386-linux-gnu/libXau.so.6.0.0
b4406000-b4407000 r--s 00000000 08:01 3572       /var/cache/fontconfig/4794a0821666d79190d59a36cb4f44b5-le32d4.cache-3
b4407000-b4408000 r--s 00000000 08:01 3558       /var/cache/fontconfig/56cf4f4769d0f4abc89a4895d7bd3ae1-le32d4.cache-3
b4408000-b4411000 r--s 00000000 08:01 519518     /var/cache/fontconfig/089dead882dea3570ffc31a9898cfb69-le32d4.cache-3
b4411000-b4419000 r--s 00000000 08:01 11176      /var/cache/fontconfig/e13b20fdb08344e0e664864cc2ede53d-le32d4.cache-3
b4419000-b441c000 r--s 00000000 08:01 519517     /var/cache/fontconfig/7ef2298fde41cc6eeb7af42e48b7d293-le32d4.cache-3
b441c000-b441e000 r--s 0000f000 08:01 1838988    /usr/lib/jvm/java-6-openjdk-common/jre/lib/ext/pulse-java.jar
b441e000-b4420000 r--s 00001000 08:01 1838990    /usr/lib/jvm/java-6-openjdk-common/jre/lib/ext/dnsns.jar
b4420000-b4423000 r--s 00077000 08:01 1838989    /usr/lib/jvm/java-6-openjdk-common/jre/lib/ext/localedata.jar
b4423000-b4427000 r--s 00039000 08:01 1838987    /usr/lib/jvm/java-6-openjdk-common/jre/lib/ext/sunpkcs11.jar
b4427000-b4428000 ---p 00000000 00:00 0 
b4428000-b44db000 rw-p 00000000 00:00 0          [stack:3865]
b44db000-b466f000 r--s 03822000 08:01 1839584    /usr/lib/jvm/java-6-openjdk-i386/jre/lib/rt.jar
b466f000-b4676000 rw-p 00000000 00:00 0 
b4676000-b4690000 rw-p 00000000 00:00 0 
b4690000-b4696000 rw-p 00000000 00:00 0 
b4696000-b473b000 rw-p 00000000 00:00 0 
b473b000-b473e000 rw-p 00000000 00:00 0 
b473e000-b4790000 rw-p 00000000 00:00 0 
b4790000-b4796000 rw-p 00000000 00:00 0 
b4796000-b483b000 rw-p 00000000 00:00 0 
b483b000-b4841000 rw-p 00000000 00:00 0 
b4841000-b485b000 rw-p 00000000 00:00 0 
b485b000-b486b000 rw-p 00000000 00:00 0 
b486b000-b48e7000 rw-p 00000000 00:00 0 
b48e7000-b49e7000 rwxp 00000000 00:00 0 
b49e7000-b68e7000 rw-p 00000000 00:00 0 
b68e7000-b68f2000 r-xp 00000000 08:01 255736     /lib/i386-linux-gnu/libnss_files-2.15.so
b68f2000-b68f3000 r--p 0000a000 08:01 255736     /lib/i386-linux-gnu/libnss_files-2.15.so
b68f3000-b68f4000 rw-p 0000b000 08:01 255736     /lib/i386-linux-gnu/libnss_files-2.15.so
b68f4000-b68fe000 r-xp 00000000 08:01 255735     /lib/i386-linux-gnu/libnss_nis-2.15.so
b68fe000-b68ff000 r--p 00009000 08:01 255735     /lib/i386-linux-gnu/libnss_nis-2.15.so
b68ff000-b6900000 rw-p 0000a000 08:01 255735     /lib/i386-linux-gnu/libnss_nis-2.15.so
b6900000-b69d9000 rw-p 00000000 00:00 0 
b69d9000-b6a00000 ---p 00000000 00:00 0 
b6a00000-b6a01000 r--s 00000000 08:01 3569       /var/cache/fontconfig/b9d506c9ac06c20b433354fa67a72993-le32d4.cache-3
b6a01000-b6a08000 rw-p 00000000 00:00 0 
b6a08000-b6a1e000 r-xp 00000000 08:01 252399     /lib/i386-linux-gnu/libnsl-2.15.so
b6a1e000-b6a1f000 r--p 00015000 08:01 252399     /lib/i386-linux-gnu/libnsl-2.15.so
b6a1f000-b6a20000 rw-p 00016000 08:01 252399     /lib/i386-linux-gnu/libnsl-2.15.so
b6a20000-b6a22000 rw-p 00000000 00:00 0 
b6a22000-b6a29000 r-xp 00000000 08:01 255737     /lib/i386-linux-gnu/libnss_compat-2.15.so
b6a29000-b6a2a000 r--p 00006000 08:01 255737     /lib/i386-linux-gnu/libnss_compat-2.15.so
b6a2a000-b6a2b000 rw-p 00007000 08:01 255737     /lib/i386-linux-gnu/libnss_compat-2.15.so
b6a2b000-b6a2c000 r--s 00007000 08:01 1839824    /usr/share/java/java-atk-wrapper.jar
b6a2c000-b6a2f000 r--s 00031000 08:01 1838991    /usr/lib/jvm/java-6-openjdk-common/jre/lib/ext/sunjce_provider.jar
b6a2f000-b6a30000 r--p 005e0000 08:01 19412      /usr/lib/locale/locale-archive
b6a30000-b6a37000 r-xp 00000000 08:01 1839612    /usr/lib/jvm/java-6-openjdk-i386/jre/lib/i386/libzip.so
b6a37000-b6a38000 r--p 00006000 08:01 1839612    /usr/lib/jvm/java-6-openjdk-i386/jre/lib/i386/libzip.so
b6a38000-b6a39000 rw-p 00007000 08:01 1839612    /usr/lib/jvm/java-6-openjdk-i386/jre/lib/i386/libzip.so
b6a39000-b6a41000 rw-s 00000000 08:01 944358     /tmp/hsperfdata_chaol/3859
b6a41000-b6a67000 r-xp 00000000 08:01 1839598    /usr/lib/jvm/java-6-openjdk-i386/jre/lib/i386/libjava.so
b6a67000-b6a68000 r--p 00025000 08:01 1839598    /usr/lib/jvm/java-6-openjdk-i386/jre/lib/i386/libjava.so
b6a68000-b6a6a000 rw-p 00026000 08:01 1839598    /usr/lib/jvm/java-6-openjdk-i386/jre/lib/i386/libjava.so
b6a6a000-b6a71000 r-xp 00000000 08:01 252408     /lib/i386-linux-gnu/librt-2.15.so
b6a71000-b6a72000 r--p 00006000 08:01 252408     /lib/i386-linux-gnu/librt-2.15.so
b6a72000-b6a73000 rw-p 00007000 08:01 252408     /lib/i386-linux-gnu/librt-2.15.so
b6a73000-b6a76000 ---p 00000000 00:00 0 
b6a76000-b6ac4000 rw-p 00000000 00:00 0          [stack:3861]
b6ac4000-b6ae0000 r-xp 00000000 08:01 252257     /lib/i386-linux-gnu/libgcc_s.so.1
b6ae0000-b6ae1000 r--p 0001b000 08:01 252257     /lib/i386-linux-gnu/libgcc_s.so.1
b6ae1000-b6ae2000 rw-p 0001c000 08:01 252257     /lib/i386-linux-gnu/libgcc_s.so.1
b6ae2000-b6b0c000 r-xp 00000000 08:01 255734     /lib/i386-linux-gnu/libm-2.15.so
b6b0c000-b6b0d000 r--p 00029000 08:01 255734     /lib/i386-linux-gnu/libm-2.15.so
b6b0d000-b6b0e000 rw-p 0002a000 08:01 255734     /lib/i386-linux-gnu/libm-2.15.so
b6b0e000-b6be6000 r-xp 00000000 08:01 17329      /usr/lib/i386-linux-gnu/libstdc++.so.6.0.16
b6be6000-b6be7000 ---p 000d8000 08:01 17329      /usr/lib/i386-linux-gnu/libstdc++.so.6.0.16
b6be7000-b6beb000 r--p 000d8000 08:01 17329      /usr/lib/i386-linux-gnu/libstdc++.so.6.0.16
b6beb000-b6bec000 rw-p 000dc000 08:01 17329      /usr/lib/i386-linux-gnu/libstdc++.so.6.0.16
b6bec000-b6bf3000 rw-p 00000000 00:00 0 
b6bf3000-b7108000 r-xp 00000000 08:01 1839604    /usr/lib/jvm/java-6-openjdk-i386/jre/lib/i386/client/libjvm.so
b7108000-b711f000 r--p 00514000 08:01 1839604    /usr/lib/jvm/java-6-openjdk-i386/jre/lib/i386/client/libjvm.so
b711f000-b712c000 rw-p 0052b000 08:01 1839604    /usr/lib/jvm/java-6-openjdk-i386/jre/lib/i386/client/libjvm.so
b712c000-b7546000 rw-p 00000000 00:00 0 
b7546000-b755a000 r-xp 00000000 08:01 252336     /lib/i386-linux-gnu/libz.so.1.2.3.4
b755a000-b755b000 r--p 00013000 08:01 252336     /lib/i386-linux-gnu/libz.so.1.2.3.4
b755b000-b755c000 rw-p 00014000 08:01 252336     /lib/i386-linux-gnu/libz.so.1.2.3.4
b755c000-b7700000 r-xp 00000000 08:01 255739     /lib/i386-linux-gnu/libc-2.15.so
b7700000-b7702000 r--p 001a4000 08:01 255739     /lib/i386-linux-gnu/libc-2.15.so
b7702000-b7703000 rw-p 001a6000 08:01 255739     /lib/i386-linux-gnu/libc-2.15.so
b7703000-b7706000 rw-p 00000000 00:00 0 
b7706000-b7709000 r-xp 00000000 08:01 255738     /lib/i386-linux-gnu/libdl-2.15.so
b7709000-b770a000 r--p 00002000 08:01 255738     /lib/i386-linux-gnu/libdl-2.15.so
b770a000-b770b000 rw-p 00003000 08:01 255738     /lib/i386-linux-gnu/libdl-2.15.so
b770b000-b770f000 r-xp 00000000 08:01 1839611    /usr/lib/jvm/java-6-openjdk-i386/jre/lib/i386/jli/libjli.so
b770f000-b7710000 r--p 00003000 08:01 1839611    /usr/lib/jvm/java-6-openjdk-i386/jre/lib/i386/jli/libjli.so
b7710000-b7711000 rw-p 00004000 08:01 1839611    /usr/lib/jvm/java-6-openjdk-i386/jre/lib/i386/jli/libjli.so
b7711000-b7712000 rw-p 00000000 00:00 0 
b7712000-b7729000 r-xp 00000000 08:01 252406     /lib/i386-linux-gnu/libpthread-2.15.so
b7729000-b772a000 r--p 00016000 08:01 252406     /lib/i386-linux-gnu/libpthread-2.15.so
b772a000-b772b000 rw-p 00017000 08:01 252406     /lib/i386-linux-gnu/libpthread-2.15.so
b772b000-b7733000 rw-p 00000000 00:00 0 
b7733000-b7734000 rw-p 00000000 00:00 0 
b7734000-b7735000 r--p 00000000 00:00 0 
b7735000-b7740000 r-xp 00000000 08:01 1839627    /usr/lib/jvm/java-6-openjdk-i386/jre/lib/i386/libverify.so
b7740000-b7741000 ---p 0000b000 08:01 1839627    /usr/lib/jvm/java-6-openjdk-i386/jre/lib/i386/libverify.so
b7741000-b7742000 r--p 0000b000 08:01 1839627    /usr/lib/jvm/java-6-openjdk-i386/jre/lib/i386/libverify.so
b7742000-b7743000 rw-p 0000c000 08:01 1839627    /usr/lib/jvm/java-6-openjdk-i386/jre/lib/i386/libverify.so
b7743000-b7745000 rw-p 00000000 00:00 0 
b7745000-b7746000 r-xp 00000000 00:00 0          [vdso]
b7746000-b7766000 r-xp 00000000 08:01 252407     /lib/i386-linux-gnu/ld-2.15.so
b7766000-b7767000 r--p 0001f000 08:01 252407     /lib/i386-linux-gnu/ld-2.15.so
b7767000-b7768000 rw-p 00020000 08:01 252407     /lib/i386-linux-gnu/ld-2.15.so
bfdb4000-bfdd6000 rw-p 00000000 00:00 0          [stack]

VM Arguments:
jvm_args: -Dfile.encoding=UTF-8 
java_command: com.adp.clocks.synergy2416.demo.MainWindow psplash:res/Background.png
Launcher Type: SUN_STANDARD

Environment Variables:
PATH=/usr/lib/lightdm/lightdm:/usr/local/sbin:/usr/local/bin:/usr/sbin:/usr/bin:/sbin:/bin:/usr/games
LD_LIBRARY_PATH=/usr/lib/jvm/java-6-openjdk-i386/jre/lib/i386/client:/usr/lib/jvm/java-6-openjdk-i386/jre/lib/i386:/usr/lib/jvm/java-6-openjdk-i386/jre/../lib/i386:/usr/lib/jni
SHELL=/bin/bash
DISPLAY=:0

Signal Handlers:
SIGSEGV: [libjvm.so+0x3e8020], sa_mask[0]=0x7ffbfeff, sa_flags=0x10000004
SIGBUS: [libjvm.so+0x3e8020], sa_mask[0]=0x7ffbfeff, sa_flags=0x10000004
SIGFPE: [libjvm.so+0x304080], sa_mask[0]=0x7ffbfeff, sa_flags=0x10000004
SIGPIPE: [libjvm.so+0x304080], sa_mask[0]=0x7ffbfeff, sa_flags=0x10000004
SIGXFSZ: [libjvm.so+0x304080], sa_mask[0]=0x7ffbfeff, sa_flags=0x10000004
SIGILL: [libjvm.so+0x304080], sa_mask[0]=0x7ffbfeff, sa_flags=0x10000004
SIGUSR1: SIG_DFL, sa_mask[0]=0x00000000, sa_flags=0x00000000
SIGUSR2: [libjvm.so+0x303f10], sa_mask[0]=0x00000004, sa_flags=0x10000004
SIGHUP: [libjvm.so+0x306ea0], sa_mask[0]=0x7ffbfeff, sa_flags=0x10000004
SIGINT: [libjvm.so+0x306ea0], sa_mask[0]=0x7ffbfeff, sa_flags=0x10000004
SIGTERM: [libjvm.so+0x306ea0], sa_mask[0]=0x7ffbfeff, sa_flags=0x10000004
SIGQUIT: [libjvm.so+0x306ea0], sa_mask[0]=0x7ffbfeff, sa_flags=0x10000004


---------------  S Y S T E M  ---------------

OS:Ubuntu 12.04 (precise)
uname:Linux 3.8.0-36-generic #52~precise1-Ubuntu SMP Mon Feb 3 21:56:56 UTC 2014 i686
libc:glibc 2.15 NPTL 2.15 
rlimit: STACK 8192k, CORE 0k, NPROC 24036, NOFILE 4096, AS infinity
load average:0.33 0.31 0.32

/proc/meminfo:
MemTotal:        3093208 kB
MemFree:         1186252 kB
Buffers:           59100 kB
Cached:          1015408 kB
SwapCached:            0 kB
Active:           986656 kB
Inactive:         839048 kB
Active(anon):     752360 kB
Inactive(anon):   220292 kB
Active(file):     234296 kB
Inactive(file):   618756 kB
Unevictable:           0 kB
Mlocked:               0 kB
HighTotal:       2222632 kB
HighFree:         436936 kB
LowTotal:         870576 kB
LowFree:          749316 kB
SwapTotal:             0 kB
SwapFree:              0 kB
Dirty:               172 kB
Writeback:             0 kB
AnonPages:        751400 kB
Mapped:           209308 kB
Shmem:            221460 kB
Slab:              38748 kB
SReclaimable:      21824 kB
SUnreclaim:        16924 kB
KernelStack:        4824 kB
PageTables:        11532 kB
NFS_Unstable:          0 kB
Bounce:                0 kB
WritebackTmp:          0 kB
CommitLimit:     1546604 kB
Committed_AS:    4218596 kB
VmallocTotal:     122880 kB
VmallocUsed:       33424 kB
VmallocChunk:      85224 kB
HardwareCorrupted:     0 kB
AnonHugePages:         0 kB
HugePages_Total:       0
HugePages_Free:        0
HugePages_Rsvd:        0
HugePages_Surp:        0
Hugepagesize:       2048 kB
DirectMap4k:       16376 kB
DirectMap2M:      897024 kB


CPU:total 2 (1 cores per cpu, 2 threads per core) family 15 model 4 stepping 9, cmov, cx8, fxsr, mmx, sse, sse2, sse3, ht

Memory: 4k page, physical 3093208k(1186128k free), swap 0k(0k free)

vm_info: OpenJDK Client VM (20.0-b12) for linux-x86 JRE (1.6.0_27-b27), built on Nov 16 2013 15:23:20 by "buildd" with gcc 4.6.3

time: Wed Feb 19 20:30:15 2014
elapsed time: 2 seconds

