#
# A fatal error has been detected by the Java Runtime Environment:
#
#  SIGSEGV (0xb) at pc=0x68c048b7, pid=6670, tid=1743661888
#
# JRE version: 6.0_27-b27
# Java VM: OpenJDK Server VM (20.0-b12 mixed mode linux-x86 )
# Derivative: IcedTea6 1.12.6
# Distribution: Ubuntu 12.04 LTS, package 6b27-1.12.6-1ubuntu0.12.04.4
# Problematic frame:
# C  [libsynergy2416.so+0x48b7]  _get_enroll_count+0x22
#
# If you would like to submit a bug report, please include
# instructions how to reproduce the bug and visit:
#   https://bugs.launchpad.net/ubuntu/+source/openjdk-6/
# The crash happened outside the Java Virtual Machine in native code.
# See problematic frame for where to report the bug.
#

---------------  T H R E A D  ---------------

Current thread (0x68adf800):  JavaThread "SwingWorker-pool-2-thread-1" [_thread_in_native, id=6701, stack(0x67e92000,0x67ee3000)]

siginfo:si_signo=SIGSEGV: si_errno=0, si_code=1 (SEGV_MAPERR), si_addr=0x00000000

Registers:
EAX=0x00000000, EBX=0x6bf0e2b0, ECX=0x68adf920, EDX=0x00000000
ESP=0x67ee1a10, EBP=0x67ee1a20, ESI=0x6bf0e2b0, EDI=0x68adf800
EIP=0x68c048b7, EFLAGS=0x00210297, CR2=0x00000000

Top of Stack: (sp=0x67ee1a10)
0x67ee1a10:   b6bfcd60 6953e8b4 00000000 00000000
0x67ee1a20:   67ee1a28 68c05261 67ee1a68 68c03fc3
0x67ee1a30:   67ee1ae0 67ee1ab0 b35127d4 b3502688
0x67ee1a40:   00000000 67ee1ad0 67ee1ab0 00000000
0x67ee1a50:   00000000 6bf0e2b0 68adf800 67ee1aa0
0x67ee1a60:   b350a548 68adf800 67ee1aa0 b350a64a
0x67ee1a70:   68adf920 67ee1aa8 67ee1ae0 67ee1ae0
0x67ee1a80:   67ee1a80 6bf0e2b0 67ee1aac 6bf0f070 

Instructions: (pc=0x68c048b7)
0x68c04897:   e5 83 ec 10 c7 45 f8 00 00 00 00 c7 45 fc 00 00
0x68c048a7:   00 00 eb 1b 8b 15 e4 9a c0 68 8b 45 fc 8d 04 02
0x68c048b7:   0f b6 00 84 c0 74 04 83 45 f8 01 83 45 fc 01 a1
0x68c048c7:   10 90 c0 68 39 45 fc 7c db 8b 45 f8 c9 c3 55 89 

Register to memory mapping:

EAX=0x00000000 is an unknown value
EBX=0x6bf0e2b0 is an oop
{method} 
 - klass: {other class}
ECX=0x68adf920 is an unknown value
EDX=0x00000000 is an unknown value
ESP=0x67ee1a10 is pointing into the stack for thread: 0x68adf800
EBP=0x67ee1a20 is pointing into the stack for thread: 0x68adf800
ESI=0x6bf0e2b0 is an oop
{method} 
 - klass: {other class}
EDI=0x68adf800 is a thread


Stack: [0x67e92000,0x67ee3000],  sp=0x67ee1a10,  free space=318k
Native frames: (J=compiled Java code, j=interpreted, Vv=VM code, C=native code)
C  [libsynergy2416.so+0x48b7]  _get_enroll_count+0x22
C  [libsynergy2416.so+0x5261]  hlpGetEnrollCount+0x8
C  [libsynergy2416.so+0x3fc3]  Java_com_adp_clocks_synergy2416_demo_FPU_FP_1IDENTIFY_1EMPLOYEE+0x19
j  com.adp.clocks.synergy2416.demo.FPU.FP_IDENTIFY_EMPLOYEE()I+0
j  com.adp.clocks.synergy2416.demo.FPU.identifyEmployee()Ljava/lang/String;+0
j  com.adp.clocks.synergy2416.demo.WelcomeForm$IdentifyEmployee.doInBackground()Ljava/lang/String;+0
j  com.adp.clocks.synergy2416.demo.WelcomeForm$IdentifyEmployee.doInBackground()Ljava/lang/Object;+1
j  javax.swing.SwingWorker$1.call()Ljava/lang/Object;+14
j  java.util.concurrent.FutureTask$Sync.innerRun()V+29
j  java.util.concurrent.FutureTask.run()V+4
j  javax.swing.SwingWorker.run()V+4
j  java.util.concurrent.ThreadPoolExecutor.runWorker(Ljava/util/concurrent/ThreadPoolExecutor$Worker;)V+95
j  java.util.concurrent.ThreadPoolExecutor$Worker.run()V+5
j  java.lang.Thread.run()V+11
v  ~StubRoutines::call_stub
V  [libjvm.so+0x39b846]  JavaCalls::call_helper(JavaValue*, methodHandle*, JavaCallArguments*, Thread*)+0x2c6

Java frames: (J=compiled Java code, j=interpreted, Vv=VM code)
j  com.adp.clocks.synergy2416.demo.FPU.FP_IDENTIFY_EMPLOYEE()I+0
j  com.adp.clocks.synergy2416.demo.FPU.identifyEmployee()Ljava/lang/String;+0
j  com.adp.clocks.synergy2416.demo.WelcomeForm$IdentifyEmployee.doInBackground()Ljava/lang/String;+0
j  com.adp.clocks.synergy2416.demo.WelcomeForm$IdentifyEmployee.doInBackground()Ljava/lang/Object;+1
j  javax.swing.SwingWorker$1.call()Ljava/lang/Object;+14
j  java.util.concurrent.FutureTask$Sync.innerRun()V+29
j  java.util.concurrent.FutureTask.run()V+4
j  javax.swing.SwingWorker.run()V+4
j  java.util.concurrent.ThreadPoolExecutor.runWorker(Ljava/util/concurrent/ThreadPoolExecutor$Worker;)V+95
j  java.util.concurrent.ThreadPoolExecutor$Worker.run()V+5
j  java.lang.Thread.run()V+11
v  ~StubRoutines::call_stub

---------------  P R O C E S S  ---------------

Java Threads: ( => current thread )
  0xb6505c00 JavaThread "DestroyJavaVM" [_thread_blocked, id=6675, stack(0xb66e5000,0xb6736000)]
=>0x68adf800 JavaThread "SwingWorker-pool-2-thread-1" [_thread_in_native, id=6701, stack(0x67e92000,0x67ee3000)]
  0x68add000 JavaThread "pool-1-thread-1" [_thread_in_native, id=6700, stack(0x6835e000,0x683af000)]
  0x68a84000 JavaThread "Timer-0" [_thread_blocked, id=6699, stack(0x683af000,0x68400000)]
  0x68a58000 JavaThread "Image Fetcher 1" daemon [_thread_blocked, id=6698, stack(0x68794000,0x687e5000)]
  0x68a57000 JavaThread "TimerQueue" daemon [_thread_blocked, id=6697, stack(0x687e5000,0x68836000)]
  0x69bbc000 JavaThread "Image Fetcher 0" daemon [_thread_blocked, id=6696, stack(0x68c0a000,0x68c5b000)]
  0x68d1e400 JavaThread "AWT-EventQueue-0" [_thread_in_vm, id=6695, stack(0x6904f000,0x690a0000)]
  0x68d1d800 JavaThread "AWT-Shutdown" [_thread_blocked, id=6694, stack(0x690a0000,0x690f1000)]
  0x68d1c800 JavaThread "AWT-XAWT" daemon [_thread_in_native, id=6693, stack(0x6962e000,0x6967f000)]
  0x6978ac00 JavaThread "Java2D Disposer" daemon [_thread_blocked, id=6692, stack(0x69e19000,0x69e6a000)]
  0x69706400 JavaThread "Low Memory Detector" daemon [_thread_blocked, id=6690, stack(0x6a62e000,0x6a67f000)]
  0x69704800 JavaThread "C2 CompilerThread1" daemon [_thread_blocked, id=6689, stack(0x6967f000,0x69700000)]
  0x69702800 JavaThread "C2 CompilerThread0" daemon [_thread_blocked, id=6688, stack(0x69e6a000,0x69eeb000)]
  0x69701400 JavaThread "Signal Dispatcher" daemon [_thread_blocked, id=6687, stack(0x6a82e000,0x6a87f000)]
  0xb65f0c00 JavaThread "Finalizer" daemon [_thread_blocked, id=6686, stack(0x6aa2e000,0x6aa7f000)]
  0xb65ef400 JavaThread "Reference Handler" daemon [_thread_blocked, id=6685, stack(0x6ac2e000,0x6ac7f000)]

Other Threads:
  0xb65ec800 VMThread [stack: 0x69eeb000,0x69f6c000] [id=6684]
  0x69710400 WatcherThread [stack: 0x6937f000,0x69400000] [id=6691]

VM state:not at safepoint (normal execution)

VM Mutex/Monitor currently owned by a thread: None

Heap
 PSYoungGen      total 19136K, used 9032K [0x9def0000, 0x9f440000, 0xb3440000)
  eden space 16448K, 38% used [0x9def0000,0x9e5220a8,0x9ef00000)
  from space 2688K, 99% used [0x9ef00000,0x9f19ffc8,0x9f1a0000)
  to   space 2688K, 0% used [0x9f1a0000,0x9f1a0000,0x9f440000)
 PSOldGen        total 43712K, used 482K [0x73440000, 0x75ef0000, 0x9def0000)
  object space 43712K, 1% used [0x73440000,0x734b8960,0x75ef0000)
 PSPermGen       total 16384K, used 11421K [0x6b440000, 0x6c440000, 0x73440000)
  object space 16384K, 69% used [0x6b440000,0x6bf67618,0x6c440000)

Code Cache  [0xb3500000, 0xb3740000, 0xb6500000)
 total_blobs=342 nmethods=110 adapters=186 free_code_cache=49684352 largest_free_block=21056

Dynamic libraries:
08048000-08051000 r-xp 00000000 08:01 1839571    /usr/lib/jvm/java-6-openjdk-i386/jre/bin/java
08051000-08052000 r--p 00008000 08:01 1839571    /usr/lib/jvm/java-6-openjdk-i386/jre/bin/java
08052000-08053000 rw-p 00009000 08:01 1839571    /usr/lib/jvm/java-6-openjdk-i386/jre/bin/java
087a3000-087c4000 rw-p 00000000 00:00 0          [heap]
67e92000-67e95000 ---p 00000000 00:00 0 
67e95000-67ee3000 rw-p 00000000 00:00 0          [stack:6701]
67ee3000-67ef6000 r-xp 00000000 08:01 252403     /lib/i386-linux-gnu/libresolv-2.15.so
67ef6000-67ef7000 ---p 00013000 08:01 252403     /lib/i386-linux-gnu/libresolv-2.15.so
67ef7000-67ef8000 r--p 00013000 08:01 252403     /lib/i386-linux-gnu/libresolv-2.15.so
67ef8000-67ef9000 rw-p 00014000 08:01 252403     /lib/i386-linux-gnu/libresolv-2.15.so
67ef9000-67efb000 rw-p 00000000 00:00 0 
67efb000-67f01000 r-xp 00000000 08:01 17212      /usr/lib/i386-linux-gnu/libogg.so.0.7.1
67f01000-67f02000 r--p 00005000 08:01 17212      /usr/lib/i386-linux-gnu/libogg.so.0.7.1
67f02000-67f03000 rw-p 00006000 08:01 17212      /usr/lib/i386-linux-gnu/libogg.so.0.7.1
67f03000-67f2c000 r-xp 00000000 08:01 17362      /usr/lib/i386-linux-gnu/libvorbis.so.0.4.5
67f2c000-67f2d000 r--p 00028000 08:01 17362      /usr/lib/i386-linux-gnu/libvorbis.so.0.4.5
67f2d000-67f2e000 rw-p 00029000 08:01 17362      /usr/lib/i386-linux-gnu/libvorbis.so.0.4.5
67f2e000-68094000 r-xp 00000000 08:01 17364      /usr/lib/i386-linux-gnu/libvorbisenc.so.2.0.8
68094000-680a5000 r--p 00165000 08:01 17364      /usr/lib/i386-linux-gnu/libvorbisenc.so.2.0.8
680a5000-680a6000 rw-p 00176000 08:01 17364      /usr/lib/i386-linux-gnu/libvorbisenc.so.2.0.8
680a6000-680f2000 r-xp 00000000 08:01 16731      /usr/lib/i386-linux-gnu/libFLAC.so.8.2.0
680f2000-680f3000 r--p 0004b000 08:01 16731      /usr/lib/i386-linux-gnu/libFLAC.so.8.2.0
680f3000-680f4000 rw-p 0004c000 08:01 16731      /usr/lib/i386-linux-gnu/libFLAC.so.8.2.0
680f4000-68160000 r-xp 00000000 08:01 17307      /usr/lib/i386-linux-gnu/libsndfile.so.1.0.25
68160000-68161000 r--p 0006c000 08:01 17307      /usr/lib/i386-linux-gnu/libsndfile.so.1.0.25
68161000-68162000 rw-p 0006d000 08:01 17307      /usr/lib/i386-linux-gnu/libsndfile.so.1.0.25
68162000-68166000 rw-p 00000000 00:00 0 
68166000-6816e000 r-xp 00000000 08:01 252334     /lib/i386-linux-gnu/libwrap.so.0.7.6
6816e000-6816f000 r--p 00007000 08:01 252334     /lib/i386-linux-gnu/libwrap.so.0.7.6
6816f000-68170000 rw-p 00008000 08:01 252334     /lib/i386-linux-gnu/libwrap.so.0.7.6
68170000-681b7000 r-xp 00000000 08:01 252249     /lib/i386-linux-gnu/libdbus-1.so.3.5.8
681b7000-681b8000 r--p 00047000 08:01 252249     /lib/i386-linux-gnu/libdbus-1.so.3.5.8
681b8000-681b9000 rw-p 00048000 08:01 252249     /lib/i386-linux-gnu/libdbus-1.so.3.5.8
681b9000-6821c000 r-xp 00000000 08:01 12624      /usr/lib/i386-linux-gnu/libpulsecommon-1.1.so
6821c000-6821d000 r--p 00062000 08:01 12624      /usr/lib/i386-linux-gnu/libpulsecommon-1.1.so
6821d000-6821e000 rw-p 00063000 08:01 12624      /usr/lib/i386-linux-gnu/libpulsecommon-1.1.so
6821e000-6826a000 r-xp 00000000 08:01 12623      /usr/lib/i386-linux-gnu/libpulse.so.0.13.5
6826a000-6826b000 r--p 0004b000 08:01 12623      /usr/lib/i386-linux-gnu/libpulse.so.0.13.5
6826b000-6826c000 rw-p 0004c000 08:01 12623      /usr/lib/i386-linux-gnu/libpulse.so.0.13.5
6826c000-68359000 r-xp 00000000 08:01 16845      /usr/lib/i386-linux-gnu/libasound.so.2.0.0
68359000-6835d000 r--p 000ec000 08:01 16845      /usr/lib/i386-linux-gnu/libasound.so.2.0.0
6835d000-6835e000 rw-p 000f0000 08:01 16845      /usr/lib/i386-linux-gnu/libasound.so.2.0.0
6835e000-68361000 ---p 00000000 00:00 0 
68361000-683af000 rw-p 00000000 00:00 0          [stack:6700]
683af000-683b2000 ---p 00000000 00:00 0 
683b2000-68400000 rw-p 00000000 00:00 0          [stack:6699]
68400000-684fb000 rw-p 00000000 00:00 0 
684fb000-68500000 ---p 00000000 00:00 0 
68500000-685d8000 rw-p 00000000 00:00 0 
685d8000-68600000 ---p 00000000 00:00 0 
68600000-686ff000 rw-p 00000000 00:00 0 
686ff000-68700000 ---p 00000000 00:00 0 
68702000-68707000 r-xp 00000000 08:01 16847      /usr/lib/i386-linux-gnu/libasyncns.so.0.3.1
68707000-68708000 r--p 00004000 08:01 16847      /usr/lib/i386-linux-gnu/libasyncns.so.0.3.1
68708000-68709000 rw-p 00005000 08:01 16847      /usr/lib/i386-linux-gnu/libasyncns.so.0.3.1
6871f000-68740000 r-xp 00000000 08:01 17358      /usr/lib/i386-linux-gnu/libv4lconvert.so.0
68740000-68741000 r--p 00021000 08:01 17358      /usr/lib/i386-linux-gnu/libv4lconvert.so.0
68741000-68742000 rw-p 00022000 08:01 17358      /usr/lib/i386-linux-gnu/libv4lconvert.so.0
68742000-68794000 rw-p 00000000 00:00 0 
68794000-68797000 ---p 00000000 00:00 0 
68797000-687e5000 rw-p 00000000 00:00 0          [stack:6698]
687e5000-687e8000 ---p 00000000 00:00 0 
687e8000-688bc000 rw-p 00000000 00:00 0          [stack:6697]
688bc000-688c2000 r-xp 00000000 08:01 17146      /usr/lib/i386-linux-gnu/libjson.so.0.0.1
688c2000-688c3000 r--p 00005000 08:01 17146      /usr/lib/i386-linux-gnu/libjson.so.0.0.1
688c3000-688c4000 rw-p 00006000 08:01 17146      /usr/lib/i386-linux-gnu/libjson.so.0.0.1
688c4000-688d7000 r-xp 00000000 08:01 8712       /usr/lib/libvideo.so.0
688d7000-688d8000 r--p 00012000 08:01 8712       /usr/lib/libvideo.so.0
688d8000-688d9000 rw-p 00013000 08:01 8712       /usr/lib/libvideo.so.0
688de000-688ed000 r-xp 00000000 08:01 1839790    /usr/lib/jvm/java-6-openjdk-i386/jre/lib/i386/libjsoundalsa.so
688ed000-688ee000 r--p 0000e000 08:01 1839790    /usr/lib/jvm/java-6-openjdk-i386/jre/lib/i386/libjsoundalsa.so
688ee000-688ef000 rw-p 0000f000 08:01 1839790    /usr/lib/jvm/java-6-openjdk-i386/jre/lib/i386/libjsoundalsa.so
688ef000-688fe000 r-xp 00000000 08:01 524448     /usr/lib/jni/libv4l4j.so
688fe000-688ff000 r--p 0000e000 08:01 524448     /usr/lib/jni/libv4l4j.so
688ff000-68900000 rw-p 0000f000 08:01 524448     /usr/lib/jni/libv4l4j.so
68900000-689ff000 rw-p 00000000 00:00 0 
689ff000-68a00000 ---p 00000000 00:00 0 
68a00000-68ae1000 rw-p 00000000 00:00 0 
68ae1000-68b00000 ---p 00000000 00:00 0 
68b00000-68bdf000 rw-p 00000000 00:00 0 
68bdf000-68c00000 ---p 00000000 00:00 0 
68c00000-68c08000 r-xp 00000000 08:01 524557     /usr/lib/jni/libsynergy2416.so
68c08000-68c09000 r--p 00007000 08:01 524557     /usr/lib/jni/libsynergy2416.so
68c09000-68c0a000 rw-p 00008000 08:01 524557     /usr/lib/jni/libsynergy2416.so
68c0a000-68c0d000 ---p 00000000 00:00 0 
68c0d000-68c5b000 rw-p 00000000 00:00 0          [stack:6696]
68c5b000-68ca9000 r--s 008b6000 08:01 2243423    /opt/eclipse-standard/plugins/com.ibm.icu_50.1.1.v201304230130.jar
68ca9000-68cee000 r-xp 00000000 08:01 11892      /usr/lib/i386-linux-gnu/libjpeg.so.8.0.2
68cee000-68cef000 r--p 00044000 08:01 11892      /usr/lib/i386-linux-gnu/libjpeg.so.8.0.2
68cef000-68cf0000 rw-p 00045000 08:01 11892      /usr/lib/i386-linux-gnu/libjpeg.so.8.0.2
68cf0000-68d00000 rw-p 00000000 00:00 0 
68d00000-68d29000 rw-p 00000000 00:00 0 
68d29000-68e00000 ---p 00000000 00:00 0 
68e00000-68ef0000 rw-p 00000000 00:00 0 
68ef0000-68f00000 ---p 00000000 00:00 0 
68f00000-68ffe000 rw-p 00000000 00:00 0 
68ffe000-69000000 ---p 00000000 00:00 0 
69003000-6900b000 r-xp 00000000 08:01 1839626    /usr/lib/jvm/java-6-openjdk-i386/jre/lib/i386/libnio.so
6900b000-6900c000 r--p 00007000 08:01 1839626    /usr/lib/jvm/java-6-openjdk-i386/jre/lib/i386/libnio.so
6900c000-6900d000 rw-p 00008000 08:01 1839626    /usr/lib/jvm/java-6-openjdk-i386/jre/lib/i386/libnio.so
6900d000-6904f000 r--s 00367000 08:01 2243377    /opt/eclipse-standard/plugins/org.eclipse.ui.workbench_3.105.1.v20130821-1411.jar
6904f000-69052000 ---p 00000000 00:00 0 
69052000-690a0000 rw-p 00000000 00:00 0          [stack:6695]
690a0000-690a3000 ---p 00000000 00:00 0 
690a3000-690f1000 rw-p 00000000 00:00 0          [stack:6694]
690f1000-69186000 r-xp 00000000 08:01 16989      /usr/lib/i386-linux-gnu/libfreetype.so.6.8.0
69186000-6918a000 r--p 00094000 08:01 16989      /usr/lib/i386-linux-gnu/libfreetype.so.6.8.0
6918a000-6918b000 rw-p 00098000 08:01 16989      /usr/lib/i386-linux-gnu/libfreetype.so.6.8.0
6918b000-692bb000 r-xp 00000000 08:01 14323      /usr/lib/i386-linux-gnu/libX11.so.6.3.0
692bb000-692bc000 r--p 0012f000 08:01 14323      /usr/lib/i386-linux-gnu/libX11.so.6.3.0
692bc000-692be000 rw-p 00130000 08:01 14323      /usr/lib/i386-linux-gnu/libX11.so.6.3.0
692be000-692bf000 rw-p 00000000 00:00 0 
692bf000-69353000 r-xp 00000000 08:01 1839605    /usr/lib/jvm/java-6-openjdk-i386/jre/lib/i386/libawt.so
69353000-69354000 r--p 00093000 08:01 1839605    /usr/lib/jvm/java-6-openjdk-i386/jre/lib/i386/libawt.so
69354000-6935b000 rw-p 00094000 08:01 1839605    /usr/lib/jvm/java-6-openjdk-i386/jre/lib/i386/libawt.so
6935b000-6937f000 rw-p 00000000 00:00 0 
6937f000-69380000 ---p 00000000 00:00 0 
69380000-69400000 rw-p 00000000 00:00 0          [stack:6691]
69400000-694fd000 rw-p 00000000 00:00 0 
694fd000-69500000 ---p 00000000 00:00 0 
69500000-695f1000 rw-p 00000000 00:00 0 
695f1000-69600000 ---p 00000000 00:00 0 
69600000-69601000 r-xp 00000000 08:01 17403      /usr/lib/i386-linux-gnu/alsa-lib/libasound_module_conf_pulse.so
69601000-69602000 r--p 00000000 08:01 17403      /usr/lib/i386-linux-gnu/alsa-lib/libasound_module_conf_pulse.so
69602000-69603000 rw-p 00001000 08:01 17403      /usr/lib/i386-linux-gnu/alsa-lib/libasound_module_conf_pulse.so
69603000-69618000 r-xp 00000000 08:01 1839614    /usr/lib/jvm/java-6-openjdk-i386/jre/lib/i386/libnet.so
69618000-69619000 r--p 00014000 08:01 1839614    /usr/lib/jvm/java-6-openjdk-i386/jre/lib/i386/libnet.so
69619000-6961a000 rw-p 00015000 08:01 1839614    /usr/lib/jvm/java-6-openjdk-i386/jre/lib/i386/libnet.so
6961a000-6962e000 r--s 000f9000 08:01 2243526    /opt/eclipse-standard/plugins/org.eclipse.jface_3.9.1.v20130725-1141.jar
6962e000-69631000 ---p 00000000 00:00 0 
69631000-6967f000 rw-p 00000000 00:00 0          [stack:6693]
6967f000-69682000 ---p 00000000 00:00 0 
69682000-69700000 rw-p 00000000 00:00 0          [stack:6689]
69700000-697fb000 rw-p 00000000 00:00 0 
697fb000-69800000 ---p 00000000 00:00 0 
69800000-69821000 rw-p 00000000 00:00 0 
69821000-69900000 ---p 00000000 00:00 0 
69900000-69b00000 r--p 00000000 08:01 19412      /usr/lib/locale/locale-archive
69b00000-69be7000 rw-p 00000000 00:00 0 
69be7000-69c00000 ---p 00000000 00:00 0 
69c00000-69c21000 rw-p 00000000 00:00 0 
69c21000-69d00000 ---p 00000000 00:00 0 
69d00000-69d40000 rw-p 00000000 00:00 0 
69d40000-69e00000 ---p 00000000 00:00 0 
69e01000-69e02000 r-xp 00000000 08:01 1839628    /usr/lib/jvm/java-6-openjdk-i386/jre/lib/i386/libjsound.so
69e02000-69e03000 r--p 00000000 08:01 1839628    /usr/lib/jvm/java-6-openjdk-i386/jre/lib/i386/libjsound.so
69e03000-69e04000 rw-p 00001000 08:01 1839628    /usr/lib/jvm/java-6-openjdk-i386/jre/lib/i386/libjsound.so
69e04000-69e19000 r--s 0023a000 08:01 2243675    /opt/eclipse-standard/plugins/org.eclipse.swt.gtk.linux.x86_3.102.1.v20130827-2048.jar
69e19000-69e1c000 ---p 00000000 00:00 0 
69e1c000-69e6a000 rw-p 00000000 00:00 0          [stack:6692]
69e6a000-69e6d000 ---p 00000000 00:00 0 
69e6d000-69eeb000 rw-p 00000000 00:00 0          [stack:6688]
69eeb000-69eec000 ---p 00000000 00:00 0 
69eec000-69f6c000 rw-p 00000000 00:00 0          [stack:6684]
69f6c000-6a100000 r--s 03822000 08:01 1839584    /usr/lib/jvm/java-6-openjdk-i386/jre/lib/rt.jar
6a100000-6a121000 rw-p 00000000 00:00 0 
6a121000-6a200000 ---p 00000000 00:00 0 
6a200000-6a203000 r--s 0007f000 08:01 1839014    /usr/lib/jvm/java-6-openjdk-common/jre/lib/jsse.jar
6a203000-6a206000 r--s 00019000 08:01 864259     /home/chaol/workspace-java/ADP-Demo-GUI/src/com/adp/clocks/synergy2416/res/v4l4j.jar
6a206000-6a20b000 r--s 00045000 08:01 2243421    /opt/eclipse-standard/plugins/org.eclipse.ui.forms_3.6.1.v20130822-1117.jar
6a20b000-6a233000 r-xp 00000000 08:01 252306     /lib/i386-linux-gnu/libpng12.so.0.46.0
6a233000-6a234000 r--p 00027000 08:01 252306     /lib/i386-linux-gnu/libpng12.so.0.46.0
6a234000-6a235000 rw-p 00028000 08:01 252306     /lib/i386-linux-gnu/libpng12.so.0.46.0
6a235000-6a27d000 r-xp 00000000 08:01 1839595    /usr/lib/jvm/java-6-openjdk-i386/jre/lib/i386/libfontmanager.so
6a27d000-6a27e000 r--p 00048000 08:01 1839595    /usr/lib/jvm/java-6-openjdk-i386/jre/lib/i386/libfontmanager.so
6a27e000-6a27f000 rw-p 00049000 08:01 1839595    /usr/lib/jvm/java-6-openjdk-i386/jre/lib/i386/libfontmanager.so
6a27f000-6a280000 ---p 00000000 00:00 0 
6a280000-6a300000 rw-p 00000000 00:00 0          [stack:6683]
6a300000-6a321000 rw-p 00000000 00:00 0 
6a321000-6a400000 ---p 00000000 00:00 0 
6a400000-6a413000 r--s 000e0000 08:01 2243213    /opt/eclipse-standard/plugins/org.eclipse.jface.text_3.8.101.v20130802-1147.jar
6a413000-6a418000 r--s 00038000 08:01 2243571    /opt/eclipse-standard/plugins/org.eclipse.text_3.5.300.v20130515-1451.jar
6a418000-6a41b000 r--s 0002a000 08:01 2243555    /opt/eclipse-standard/plugins/org.eclipse.equinox.registry_3.5.301.v20130717-1549.jar
6a41b000-6a42f000 r--s 00140000 08:01 2243684    /opt/eclipse-standard/plugins/org.eclipse.osgi_3.9.1.v20130814-1242.jar
6a42f000-6a47b000 r-xp 00000000 08:01 1839789    /usr/lib/jvm/java-6-openjdk-i386/jre/lib/i386/xawt/libmawt.so
6a47b000-6a47c000 r--p 0004b000 08:01 1839789    /usr/lib/jvm/java-6-openjdk-i386/jre/lib/i386/xawt/libmawt.so
6a47c000-6a47e000 rw-p 0004c000 08:01 1839789    /usr/lib/jvm/java-6-openjdk-i386/jre/lib/i386/xawt/libmawt.so
6a47e000-6a47f000 rw-p 00000000 00:00 0 
6a47f000-6a480000 ---p 00000000 00:00 0 
6a480000-6a500000 rw-p 00000000 00:00 0          [stack:6682]
6a500000-6a521000 rw-p 00000000 00:00 0 
6a521000-6a600000 ---p 00000000 00:00 0 
6a600000-6a608000 r-xp 00000000 08:01 1839774    /usr/lib/i386-linux-gnu/libgif.so.4.1.6
6a608000-6a609000 r--p 00007000 08:01 1839774    /usr/lib/i386-linux-gnu/libgif.so.4.1.6
6a609000-6a60a000 rw-p 00008000 08:01 1839774    /usr/lib/i386-linux-gnu/libgif.so.4.1.6
6a60a000-6a60e000 r-xp 00000000 08:01 13641      /usr/lib/i386-linux-gnu/libXfixes.so.3.1.0
6a60e000-6a60f000 r--p 00004000 08:01 13641      /usr/lib/i386-linux-gnu/libXfixes.so.3.1.0
6a60f000-6a610000 rw-p 00005000 08:01 13641      /usr/lib/i386-linux-gnu/libXfixes.so.3.1.0
6a610000-6a616000 r--s 00000000 08:01 3565       /var/cache/fontconfig/945677eb7aeaf62f1d50efc3fb3ec7d8-le32d4.cache-3
6a616000-6a619000 r--s 00000000 08:01 519519     /var/cache/fontconfig/99e8ed0e538f840c565b6ed5dad60d56-le32d4.cache-3
6a619000-6a61c000 r--s 00000000 08:01 3552       /var/cache/fontconfig/2cd17615ca594fa2959ae173292e504c-le32d4.cache-3
6a61c000-6a623000 r--s 00000000 08:01 1579180    /var/cache/fontconfig/6d41288fd70b0be22e8c3a91e032eec0-le32d4.cache-3
6a623000-6a62e000 r--s 00000000 08:01 3549       /var/cache/fontconfig/04aabc0a78ac019cf9454389977116d2-le32d4.cache-3
6a62e000-6a631000 ---p 00000000 00:00 0 
6a631000-6a67f000 rw-p 00000000 00:00 0          [stack:6690]
6a67f000-6a680000 ---p 00000000 00:00 0 
6a680000-6a700000 rw-p 00000000 00:00 0          [stack:6681]
6a700000-6a721000 rw-p 00000000 00:00 0 
6a721000-6a800000 ---p 00000000 00:00 0 
6a800000-6a804000 r--s 00000000 08:01 3567       /var/cache/fontconfig/a755afe4a08bf5b97852ceb7400b47bc-le32d4.cache-3
6a805000-6a806000 rw-p 00000000 00:00 0 
6a806000-6a80f000 r-xp 00000000 08:01 16793      /usr/lib/i386-linux-gnu/libXcursor.so.1.0.2
6a80f000-6a810000 r--p 00008000 08:01 16793      /usr/lib/i386-linux-gnu/libXcursor.so.1.0.2
6a810000-6a811000 rw-p 00009000 08:01 16793      /usr/lib/i386-linux-gnu/libXcursor.so.1.0.2
6a811000-6a813000 r--s 00010000 08:01 2243198    /opt/eclipse-standard/plugins/org.eclipse.core.runtime_3.9.0.v20130326-1255.jar
6a813000-6a816000 r--s 00018000 08:01 2243752    /opt/eclipse-standard/plugins/org.eclipse.equinox.common_3.6.200.v20130402-1505.jar
6a816000-6a819000 r--s 00018000 08:01 2243511    /opt/eclipse-standard/plugins/org.eclipse.core.commands_3.6.100.v20130515-1857.jar
6a819000-6a81a000 rw-p 00000000 00:00 0 
6a81a000-6a823000 r-xp 00000000 08:01 1839791    /usr/lib/jvm/java-6-openjdk-i386/jre/lib/i386/libsplashscreen.so
6a823000-6a824000 r--p 00008000 08:01 1839791    /usr/lib/jvm/java-6-openjdk-i386/jre/lib/i386/libsplashscreen.so
6a824000-6a825000 rw-p 00009000 08:01 1839791    /usr/lib/jvm/java-6-openjdk-i386/jre/lib/i386/libsplashscreen.so
6a825000-6a827000 rw-p 00000000 00:00 0 
6a827000-6a82e000 r--s 000fc000 08:01 1838998    /usr/lib/jvm/java-6-openjdk-common/jre/lib/resources.jar
6a82e000-6a831000 ---p 00000000 00:00 0 
6a831000-6a87f000 rw-p 00000000 00:00 0          [stack:6687]
6a87f000-6a880000 ---p 00000000 00:00 0 
6a880000-6a900000 rw-p 00000000 00:00 0          [stack:6680]
6a900000-6a921000 rw-p 00000000 00:00 0 
6a921000-6aa00000 ---p 00000000 00:00 0 
6aa00000-6aa01000 r--s 00000000 08:01 3570       /var/cache/fontconfig/c05880de57d1f5e948fdfacc138775d9-le32d4.cache-3
6aa01000-6aa02000 r--s 00000000 08:01 3577       /var/cache/fontconfig/e7071f4a29fa870f4323321c154eba04-le32d4.cache-3
6aa02000-6aa03000 r--s 00000000 08:01 3550       /var/cache/fontconfig/0d8c3b2ac0904cb8a57a757ad11a4a08-le32d4.cache-3
6aa03000-6aa06000 r--s 00000000 08:01 3555       /var/cache/fontconfig/385c0604a188198f04d133e54aba7fe7-le32d4.cache-3
6aa06000-6aa09000 r--s 00000000 08:01 3564       /var/cache/fontconfig/8801497958630a81b71ace7c5f9b32a8-le32d4.cache-3
6aa09000-6aa0f000 r--s 00000000 08:01 3565       /var/cache/fontconfig/945677eb7aeaf62f1d50efc3fb3ec7d8-le32d4.cache-3
6aa0f000-6aa12000 r--s 00000000 08:01 519519     /var/cache/fontconfig/99e8ed0e538f840c565b6ed5dad60d56-le32d4.cache-3
6aa12000-6aa15000 r--s 00000000 08:01 3552       /var/cache/fontconfig/2cd17615ca594fa2959ae173292e504c-le32d4.cache-3
6aa15000-6aa19000 r--s 00000000 08:01 3567       /var/cache/fontconfig/a755afe4a08bf5b97852ceb7400b47bc-le32d4.cache-3
6aa19000-6aa20000 r--s 00000000 08:01 1579180    /var/cache/fontconfig/6d41288fd70b0be22e8c3a91e032eec0-le32d4.cache-3
6aa20000-6aa2b000 r--s 00000000 08:01 3549       /var/cache/fontconfig/04aabc0a78ac019cf9454389977116d2-le32d4.cache-3
6aa2b000-6aa2e000 r--s 00000000 08:01 3555       /var/cache/fontconfig/385c0604a188198f04d133e54aba7fe7-le32d4.cache-3
6aa2e000-6aa31000 ---p 00000000 00:00 0 
6aa31000-6aa7f000 rw-p 00000000 00:00 0          [stack:6686]
6aa7f000-6aa80000 ---p 00000000 00:00 0 
6aa80000-6ab00000 rw-p 00000000 00:00 0          [stack:6679]
6ab00000-6ab21000 rw-p 00000000 00:00 0 
6ab21000-6ac00000 ---p 00000000 00:00 0 
6ac00000-6ac01000 r--s 00000000 08:01 3572       /var/cache/fontconfig/4794a0821666d79190d59a36cb4f44b5-le32d4.cache-3
6ac01000-6ac04000 r--s 00000000 08:01 3564       /var/cache/fontconfig/8801497958630a81b71ace7c5f9b32a8-le32d4.cache-3
6ac04000-6ac08000 r--s 00000000 08:01 3553       /var/cache/fontconfig/3047814df9a2f067bd2d96a2b9c36e5a-le32d4.cache-3
6ac08000-6ac09000 r--s 00000000 08:01 3558       /var/cache/fontconfig/56cf4f4769d0f4abc89a4895d7bd3ae1-le32d4.cache-3
6ac09000-6ac0d000 r--s 00000000 08:01 3568       /var/cache/fontconfig/b47c4e1ecd0709278f4910c18777a504-le32d4.cache-3
6ac0d000-6ac1a000 r--s 00000000 08:01 3573       /var/cache/fontconfig/d52a8644073d54c13679302ca1180695-le32d4.cache-3
6ac1a000-6ac23000 r--s 00000000 08:01 519518     /var/cache/fontconfig/089dead882dea3570ffc31a9898cfb69-le32d4.cache-3
6ac23000-6ac2b000 r--s 00000000 08:01 11176      /var/cache/fontconfig/e13b20fdb08344e0e664864cc2ede53d-le32d4.cache-3
6ac2b000-6ac2e000 r--s 00000000 08:01 519517     /var/cache/fontconfig/7ef2298fde41cc6eeb7af42e48b7d293-le32d4.cache-3
6ac2e000-6ac31000 ---p 00000000 00:00 0 
6ac31000-6ac7f000 rw-p 00000000 00:00 0          [stack:6685]
6ac7f000-6ac80000 ---p 00000000 00:00 0 
6ac80000-6ad00000 rw-p 00000000 00:00 0          [stack:6678]
6ad00000-6ad21000 rw-p 00000000 00:00 0 
6ad21000-6ae00000 ---p 00000000 00:00 0 
6ae00000-6ae01000 r--s 00000000 08:01 3569       /var/cache/fontconfig/b9d506c9ac06c20b433354fa67a72993-le32d4.cache-3
6ae01000-6ae02000 r--s 00000000 08:01 3570       /var/cache/fontconfig/c05880de57d1f5e948fdfacc138775d9-le32d4.cache-3
6ae02000-6ae06000 r--s 00000000 08:01 3553       /var/cache/fontconfig/3047814df9a2f067bd2d96a2b9c36e5a-le32d4.cache-3
6ae06000-6ae13000 r--s 00000000 08:01 3573       /var/cache/fontconfig/d52a8644073d54c13679302ca1180695-le32d4.cache-3
6ae13000-6ae18000 r-xp 00000000 08:01 16797      /usr/lib/i386-linux-gnu/libXdmcp.so.6.0.0
6ae18000-6ae19000 r--p 00004000 08:01 16797      /usr/lib/i386-linux-gnu/libXdmcp.so.6.0.0
6ae19000-6ae1a000 rw-p 00005000 08:01 16797      /usr/lib/i386-linux-gnu/libXdmcp.so.6.0.0
6ae1a000-6ae39000 r-xp 00000000 08:01 17393      /usr/lib/i386-linux-gnu/libxcb.so.1.1.0
6ae39000-6ae3a000 r--p 0001f000 08:01 17393      /usr/lib/i386-linux-gnu/libxcb.so.1.1.0
6ae3a000-6ae3b000 rw-p 00020000 08:01 17393      /usr/lib/i386-linux-gnu/libxcb.so.1.1.0
6ae3b000-6ae4a000 r-xp 00000000 08:01 8381       /usr/lib/i386-linux-gnu/libXi.so.6.1.0
6ae4a000-6ae4b000 r--p 0000e000 08:01 8381       /usr/lib/i386-linux-gnu/libXi.so.6.1.0
6ae4b000-6ae4c000 rw-p 0000f000 08:01 8381       /usr/lib/i386-linux-gnu/libXi.so.6.1.0
6ae4c000-6ae7f000 rw-p 00000000 00:00 0 
6ae7f000-6ae80000 ---p 00000000 00:00 0 
6ae80000-6af00000 rw-p 00000000 00:00 0          [stack:6677]
6af00000-6af21000 rw-p 00000000 00:00 0 
6af21000-6b000000 ---p 00000000 00:00 0 
6b000000-6b001000 r--s 00000000 08:01 3577       /var/cache/fontconfig/e7071f4a29fa870f4323321c154eba04-le32d4.cache-3
6b001000-6b005000 r--s 00000000 08:01 3568       /var/cache/fontconfig/b47c4e1ecd0709278f4910c18777a504-le32d4.cache-3
6b005000-6b00a000 r-xp 00000000 08:01 16825      /usr/lib/i386-linux-gnu/libXtst.so.6.1.0
6b00a000-6b00b000 r--p 00004000 08:01 16825      /usr/lib/i386-linux-gnu/libXtst.so.6.1.0
6b00b000-6b00c000 rw-p 00005000 08:01 16825      /usr/lib/i386-linux-gnu/libXtst.so.6.1.0
6b00c000-6b014000 r-xp 00000000 08:01 16821      /usr/lib/i386-linux-gnu/libXrender.so.1.3.0
6b014000-6b015000 r--p 00007000 08:01 16821      /usr/lib/i386-linux-gnu/libXrender.so.1.3.0
6b015000-6b016000 rw-p 00008000 08:01 16821      /usr/lib/i386-linux-gnu/libXrender.so.1.3.0
6b016000-6b026000 r-xp 00000000 08:01 16799      /usr/lib/i386-linux-gnu/libXext.so.6.4.0
6b026000-6b027000 r--p 0000f000 08:01 16799      /usr/lib/i386-linux-gnu/libXext.so.6.4.0
6b027000-6b028000 rw-p 00010000 08:01 16799      /usr/lib/i386-linux-gnu/libXext.so.6.4.0
6b028000-6b029000 ---p 00000000 00:00 0 
6b029000-6b0bf000 rw-p 00000000 00:00 0          [stack:6676]
6b0bf000-6b1ff000 rw-p 00000000 00:00 0 
6b1ff000-6b207000 rw-p 00000000 00:00 0 
6b207000-6b23f000 rw-p 00000000 00:00 0 
6b23f000-6b255000 rw-p 00000000 00:00 0 
6b255000-6b394000 rw-p 00000000 00:00 0 
6b394000-6b39f000 rw-p 00000000 00:00 0 
6b39f000-6b43f000 rw-p 00000000 00:00 0 
6b43f000-6c440000 rw-p 00000000 00:00 0 
6c440000-73440000 rw-p 00000000 00:00 0 
73440000-75ef0000 rw-p 00000000 00:00 0 
75ef0000-9def0000 rw-p 00000000 00:00 0 
9def0000-9f440000 rw-p 00000000 00:00 0 
9f440000-b3440000 rw-p 00000000 00:00 0 
b3440000-b3449000 rw-p 00000000 00:00 0 
b3449000-b3500000 rw-p 00000000 00:00 0 
b3500000-b3740000 rwxp 00000000 00:00 0 
b3740000-b6600000 rw-p 00000000 00:00 0 
b6600000-b6601000 r--s 00000000 08:01 3550       /var/cache/fontconfig/0d8c3b2ac0904cb8a57a757ad11a4a08-le32d4.cache-3
b6601000-b6602000 r--s 00000000 08:01 3572       /var/cache/fontconfig/4794a0821666d79190d59a36cb4f44b5-le32d4.cache-3
b6602000-b6604000 r-xp 00000000 08:01 16786      /usr/lib/i386-linux-gnu/libXau.so.6.0.0
b6604000-b6605000 r--p 00001000 08:01 16786      /usr/lib/i386-linux-gnu/libXau.so.6.0.0
b6605000-b6606000 rw-p 00002000 08:01 16786      /usr/lib/i386-linux-gnu/libXau.so.6.0.0
b6606000-b6607000 r--s 00000000 08:01 3558       /var/cache/fontconfig/56cf4f4769d0f4abc89a4895d7bd3ae1-le32d4.cache-3
b6607000-b6608000 r--s 00000000 08:01 3569       /var/cache/fontconfig/b9d506c9ac06c20b433354fa67a72993-le32d4.cache-3
b6608000-b6611000 r--s 00000000 08:01 519518     /var/cache/fontconfig/089dead882dea3570ffc31a9898cfb69-le32d4.cache-3
b6611000-b6619000 r--s 00000000 08:01 11176      /var/cache/fontconfig/e13b20fdb08344e0e664864cc2ede53d-le32d4.cache-3
b6619000-b661c000 r--s 00000000 08:01 519517     /var/cache/fontconfig/7ef2298fde41cc6eeb7af42e48b7d293-le32d4.cache-3
b661c000-b661e000 r--s 0000f000 08:01 1838988    /usr/lib/jvm/java-6-openjdk-common/jre/lib/ext/pulse-java.jar
b661e000-b6621000 r--s 00077000 08:01 1838989    /usr/lib/jvm/java-6-openjdk-common/jre/lib/ext/localedata.jar
b6621000-b6629000 rw-p 00000000 00:00 0 
b6629000-b6661000 rw-p 00000000 00:00 0 
b6661000-b666c000 r-xp 00000000 08:01 255736     /lib/i386-linux-gnu/libnss_files-2.15.so
b666c000-b666d000 r--p 0000a000 08:01 255736     /lib/i386-linux-gnu/libnss_files-2.15.so
b666d000-b666e000 rw-p 0000b000 08:01 255736     /lib/i386-linux-gnu/libnss_files-2.15.so
b666e000-b6678000 r-xp 00000000 08:01 255735     /lib/i386-linux-gnu/libnss_nis-2.15.so
b6678000-b6679000 r--p 00009000 08:01 255735     /lib/i386-linux-gnu/libnss_nis-2.15.so
b6679000-b667a000 rw-p 0000a000 08:01 255735     /lib/i386-linux-gnu/libnss_nis-2.15.so
b667a000-b6690000 r-xp 00000000 08:01 252399     /lib/i386-linux-gnu/libnsl-2.15.so
b6690000-b6691000 r--p 00015000 08:01 252399     /lib/i386-linux-gnu/libnsl-2.15.so
b6691000-b6692000 rw-p 00016000 08:01 252399     /lib/i386-linux-gnu/libnsl-2.15.so
b6692000-b6694000 rw-p 00000000 00:00 0 
b6694000-b669b000 r-xp 00000000 08:01 255737     /lib/i386-linux-gnu/libnss_compat-2.15.so
b669b000-b669c000 r--p 00006000 08:01 255737     /lib/i386-linux-gnu/libnss_compat-2.15.so
b669c000-b669d000 rw-p 00007000 08:01 255737     /lib/i386-linux-gnu/libnss_compat-2.15.so
b669d000-b669e000 r--s 00007000 08:01 1839824    /usr/share/java/java-atk-wrapper.jar
b669e000-b66a2000 r--s 00039000 08:01 1838987    /usr/lib/jvm/java-6-openjdk-common/jre/lib/ext/sunpkcs11.jar
b66a2000-b66a9000 r-xp 00000000 08:01 1839612    /usr/lib/jvm/java-6-openjdk-i386/jre/lib/i386/libzip.so
b66a9000-b66aa000 r--p 00006000 08:01 1839612    /usr/lib/jvm/java-6-openjdk-i386/jre/lib/i386/libzip.so
b66aa000-b66ab000 rw-p 00007000 08:01 1839612    /usr/lib/jvm/java-6-openjdk-i386/jre/lib/i386/libzip.so
b66ab000-b66b3000 rw-s 00000000 08:01 873787     /tmp/hsperfdata_chaol/6670
b66b3000-b66d9000 r-xp 00000000 08:01 1839598    /usr/lib/jvm/java-6-openjdk-i386/jre/lib/i386/libjava.so
b66d9000-b66da000 r--p 00025000 08:01 1839598    /usr/lib/jvm/java-6-openjdk-i386/jre/lib/i386/libjava.so
b66da000-b66dc000 rw-p 00026000 08:01 1839598    /usr/lib/jvm/java-6-openjdk-i386/jre/lib/i386/libjava.so
b66dc000-b66e3000 r-xp 00000000 08:01 252408     /lib/i386-linux-gnu/librt-2.15.so
b66e3000-b66e4000 r--p 00006000 08:01 252408     /lib/i386-linux-gnu/librt-2.15.so
b66e4000-b66e5000 rw-p 00007000 08:01 252408     /lib/i386-linux-gnu/librt-2.15.so
b66e5000-b66e8000 ---p 00000000 00:00 0 
b66e8000-b6736000 rw-p 00000000 00:00 0          [stack:6675]
b6736000-b6752000 r-xp 00000000 08:01 252257     /lib/i386-linux-gnu/libgcc_s.so.1
b6752000-b6753000 r--p 0001b000 08:01 252257     /lib/i386-linux-gnu/libgcc_s.so.1
b6753000-b6754000 rw-p 0001c000 08:01 252257     /lib/i386-linux-gnu/libgcc_s.so.1
b6754000-b677e000 r-xp 00000000 08:01 255734     /lib/i386-linux-gnu/libm-2.15.so
b677e000-b677f000 r--p 00029000 08:01 255734     /lib/i386-linux-gnu/libm-2.15.so
b677f000-b6780000 rw-p 0002a000 08:01 255734     /lib/i386-linux-gnu/libm-2.15.so
b6780000-b6858000 r-xp 00000000 08:01 17329      /usr/lib/i386-linux-gnu/libstdc++.so.6.0.16
b6858000-b6859000 ---p 000d8000 08:01 17329      /usr/lib/i386-linux-gnu/libstdc++.so.6.0.16
b6859000-b685d000 r--p 000d8000 08:01 17329      /usr/lib/i386-linux-gnu/libstdc++.so.6.0.16
b685d000-b685e000 rw-p 000dc000 08:01 17329      /usr/lib/i386-linux-gnu/libstdc++.so.6.0.16
b685e000-b6865000 rw-p 00000000 00:00 0 
b6865000-b7085000 r-xp 00000000 08:01 1839591    /usr/lib/jvm/java-6-openjdk-i386/jre/lib/i386/server/libjvm.so
b7085000-b70ca000 r--p 0081f000 08:01 1839591    /usr/lib/jvm/java-6-openjdk-i386/jre/lib/i386/server/libjvm.so
b70ca000-b70d9000 rw-p 00864000 08:01 1839591    /usr/lib/jvm/java-6-openjdk-i386/jre/lib/i386/server/libjvm.so
b70d9000-b74f5000 rw-p 00000000 00:00 0 
b74f5000-b7509000 r-xp 00000000 08:01 252336     /lib/i386-linux-gnu/libz.so.1.2.3.4
b7509000-b750a000 r--p 00013000 08:01 252336     /lib/i386-linux-gnu/libz.so.1.2.3.4
b750a000-b750b000 rw-p 00014000 08:01 252336     /lib/i386-linux-gnu/libz.so.1.2.3.4
b750b000-b76af000 r-xp 00000000 08:01 255739     /lib/i386-linux-gnu/libc-2.15.so
b76af000-b76b1000 r--p 001a4000 08:01 255739     /lib/i386-linux-gnu/libc-2.15.so
b76b1000-b76b2000 rw-p 001a6000 08:01 255739     /lib/i386-linux-gnu/libc-2.15.so
b76b2000-b76b5000 rw-p 00000000 00:00 0 
b76b5000-b76b8000 r-xp 00000000 08:01 255738     /lib/i386-linux-gnu/libdl-2.15.so
b76b8000-b76b9000 r--p 00002000 08:01 255738     /lib/i386-linux-gnu/libdl-2.15.so
b76b9000-b76ba000 rw-p 00003000 08:01 255738     /lib/i386-linux-gnu/libdl-2.15.so
b76ba000-b76be000 r-xp 00000000 08:01 1839611    /usr/lib/jvm/java-6-openjdk-i386/jre/lib/i386/jli/libjli.so
b76be000-b76bf000 r--p 00003000 08:01 1839611    /usr/lib/jvm/java-6-openjdk-i386/jre/lib/i386/jli/libjli.so
b76bf000-b76c0000 rw-p 00004000 08:01 1839611    /usr/lib/jvm/java-6-openjdk-i386/jre/lib/i386/jli/libjli.so
b76c0000-b76c1000 rw-p 00000000 00:00 0 
b76c1000-b76d8000 r-xp 00000000 08:01 252406     /lib/i386-linux-gnu/libpthread-2.15.so
b76d8000-b76d9000 r--p 00016000 08:01 252406     /lib/i386-linux-gnu/libpthread-2.15.so
b76d9000-b76da000 rw-p 00017000 08:01 252406     /lib/i386-linux-gnu/libpthread-2.15.so
b76da000-b76dc000 rw-p 00000000 00:00 0 
b76dc000-b76de000 r--s 00001000 08:01 1838990    /usr/lib/jvm/java-6-openjdk-common/jre/lib/ext/dnsns.jar
b76de000-b76e1000 r--s 00031000 08:01 1838991    /usr/lib/jvm/java-6-openjdk-common/jre/lib/ext/sunjce_provider.jar
b76e1000-b76e2000 r--p 005e0000 08:01 19412      /usr/lib/locale/locale-archive
b76e2000-b76e3000 rw-p 00000000 00:00 0 
b76e3000-b76e4000 r--p 00000000 00:00 0 
b76e4000-b76ef000 r-xp 00000000 08:01 1839627    /usr/lib/jvm/java-6-openjdk-i386/jre/lib/i386/libverify.so
b76ef000-b76f0000 ---p 0000b000 08:01 1839627    /usr/lib/jvm/java-6-openjdk-i386/jre/lib/i386/libverify.so
b76f0000-b76f1000 r--p 0000b000 08:01 1839627    /usr/lib/jvm/java-6-openjdk-i386/jre/lib/i386/libverify.so
b76f1000-b76f2000 rw-p 0000c000 08:01 1839627    /usr/lib/jvm/java-6-openjdk-i386/jre/lib/i386/libverify.so
b76f2000-b76f4000 rw-p 00000000 00:00 0 
b76f4000-b76f5000 r-xp 00000000 00:00 0          [vdso]
b76f5000-b7715000 r-xp 00000000 08:01 252407     /lib/i386-linux-gnu/ld-2.15.so
b7715000-b7716000 r--p 0001f000 08:01 252407     /lib/i386-linux-gnu/ld-2.15.so
b7716000-b7717000 rw-p 00020000 08:01 252407     /lib/i386-linux-gnu/ld-2.15.so
bfd21000-bfd43000 rw-p 00000000 00:00 0          [stack]

VM Arguments:
jvm_args: -Dfile.encoding=UTF-8 
java_command: com.adp.clocks.synergy2416.demo.MainWindow psplash:res/Background.png
Launcher Type: SUN_STANDARD

Environment Variables:
PATH=/usr/lib/lightdm/lightdm:/usr/local/sbin:/usr/local/bin:/usr/sbin:/usr/bin:/sbin:/bin:/usr/games
LD_LIBRARY_PATH=/usr/lib/jvm/java-6-openjdk-i386/jre/lib/i386/server:/usr/lib/jvm/java-6-openjdk-i386/jre/lib/i386:/usr/lib/jvm/java-6-openjdk-i386/jre/../lib/i386:/usr/lib/jni
SHELL=/bin/bash
DISPLAY=:0

Signal Handlers:
SIGSEGV: [libjvm.so+0x66e740], sa_mask[0]=0x7ffbfeff, sa_flags=0x10000004
SIGBUS: [libjvm.so+0x66e740], sa_mask[0]=0x7ffbfeff, sa_flags=0x10000004
SIGFPE: [libjvm.so+0x530480], sa_mask[0]=0x7ffbfeff, sa_flags=0x10000004
SIGPIPE: [libjvm.so+0x530480], sa_mask[0]=0x7ffbfeff, sa_flags=0x10000004
SIGXFSZ: [libjvm.so+0x530480], sa_mask[0]=0x7ffbfeff, sa_flags=0x10000004
SIGILL: [libjvm.so+0x530480], sa_mask[0]=0x7ffbfeff, sa_flags=0x10000004
SIGUSR1: SIG_DFL, sa_mask[0]=0x00000000, sa_flags=0x00000000
SIGUSR2: [libjvm.so+0x530310], sa_mask[0]=0x00000004, sa_flags=0x10000004
SIGHUP: [libjvm.so+0x5332a0], sa_mask[0]=0x7ffbfeff, sa_flags=0x10000004
SIGINT: [libjvm.so+0x5332a0], sa_mask[0]=0x7ffbfeff, sa_flags=0x10000004
SIGTERM: [libjvm.so+0x5332a0], sa_mask[0]=0x7ffbfeff, sa_flags=0x10000004
SIGQUIT: [libjvm.so+0x5332a0], sa_mask[0]=0x7ffbfeff, sa_flags=0x10000004


---------------  S Y S T E M  ---------------

OS:Ubuntu 12.04 (precise)
uname:Linux 3.8.0-35-generic #52~precise1-Ubuntu SMP Thu Jan 30 17:27:28 UTC 2014 i686
libc:glibc 2.15 NPTL 2.15 
rlimit: STACK 8192k, CORE 0k, NPROC 64475, NOFILE 4096, AS infinity
load average:0.38 0.24 0.18

/proc/meminfo:
MemTotal:        8269392 kB
MemFree:         5471988 kB
Buffers:          514624 kB
Cached:           982052 kB
SwapCached:            0 kB
Active:          1570584 kB
Inactive:        1002460 kB
Active(anon):    1077284 kB
Inactive(anon):    12308 kB
Active(file):     493300 kB
Inactive(file):   990152 kB
Unevictable:           0 kB
Mlocked:               0 kB
HighTotal:       7457720 kB
HighFree:        5367228 kB
LowTotal:         811672 kB
LowFree:          104760 kB
SwapTotal:             0 kB
SwapFree:              0 kB
Dirty:               156 kB
Writeback:             0 kB
AnonPages:       1076820 kB
Mapped:           239264 kB
Shmem:             13224 kB
Slab:             118524 kB
SReclaimable:      93052 kB
SUnreclaim:        25472 kB
KernelStack:        5160 kB
PageTables:        11688 kB
NFS_Unstable:          0 kB
Bounce:                0 kB
WritebackTmp:          0 kB
CommitLimit:     4134696 kB
Committed_AS:    4330528 kB
VmallocTotal:     122880 kB
VmallocUsed:       53304 kB
VmallocChunk:      57332 kB
HardwareCorrupted:     0 kB
AnonHugePages:         0 kB
HugePages_Total:       0
HugePages_Free:        0
HugePages_Rsvd:        0
HugePages_Surp:        0
Hugepagesize:       2048 kB
DirectMap4k:      186360 kB
DirectMap2M:      727040 kB


CPU:total 8 (4 cores per cpu, 2 threads per core) family 6 model 42 stepping 7, cmov, cx8, fxsr, mmx, sse, sse2, sse3, ssse3, sse4.1, sse4.2, popcnt, ht

Memory: 4k page, physical 8269392k(5471988k free), swap 0k(0k free)

vm_info: OpenJDK Server VM (20.0-b12) for linux-x86 JRE (1.6.0_27-b27), built on Nov 16 2013 15:21:31 by "buildd" with gcc 4.6.3

time: Mon Feb 17 10:27:40 2014
elapsed time: 0 seconds

