#
# A fatal error has been detected by the Java Runtime Environment:
#
#  SIGSEGV (0xb) at pc=0xb36d38b7, pid=8441, tid=3001080640
#
# JRE version: 6.0_27-b27
# Java VM: OpenJDK Client VM (20.0-b12 mixed mode, sharing linux-x86 )
# Derivative: IcedTea6 1.12.6
# Distribution: Ubuntu 12.04 LTS, package 6b27-1.12.6-1ubuntu0.12.04.4
# Problematic frame:
# C  [libsynergy2416.so+0x48b7]  _get_enroll_count+0x22
#
# If you would like to submit a bug report, please include
# instructions how to reproduce the bug and visit:
#   https://bugs.launchpad.net/ubuntu/+source/openjdk-6/
# The crash happened outside the Java Virtual Machine in native code.
# See problematic frame for where to report the bug.
#

---------------  T H R E A D  ---------------

Current thread (0x0838ac00):  JavaThread "SwingWorker-pool-3-thread-1" [_thread_in_native, id=8474, stack(0xb2dbd000,0xb2e0e000)]

siginfo:si_signo=SIGSEGV: si_errno=0, si_code=1 (SEGV_MAPERR), si_addr=0x00000000

Registers:
EAX=0x00000000, EBX=0x8eba9930, ECX=0x0838ad20, EDX=0x00000000
ESP=0xb2e0cd10, EBP=0xb2e0cd20, ESI=0x8eba9930, EDI=0x0838ac00
EIP=0xb36d38b7, EFLAGS=0x00210297, CR2=0x00000000

Top of Stack: (sp=0xb2e0cd10)
0xb2e0cd10:   b6e99be0 0838b1e4 00000000 00000000
0xb2e0cd20:   b2e0cd28 b36d4261 b2e0cd68 b36d2fc3
0xb2e0cd30:   b2e0cde0 b2e0cdb0 b4995264 b4987608
0xb2e0cd40:   00000000 b2e0cdd0 b2e0cdb0 00000000
0xb2e0cd50:   00000000 8eba9930 0838ac00 b2e0cda0
0xb2e0cd60:   b498efdb 0838ac00 b2e0cda0 b498f0dd
0xb2e0cd70:   0838ad20 b2e0cda8 b2e0cde0 b2e0cde0
0xb2e0cd80:   b2e0cd80 8eba9930 b2e0cdac 8ebaa6d0 

Instructions: (pc=0xb36d38b7)
0xb36d3897:   e5 83 ec 10 c7 45 f8 00 00 00 00 c7 45 fc 00 00
0xb36d38a7:   00 00 eb 1b 8b 15 e4 8a 6d b3 8b 45 fc 8d 04 02
0xb36d38b7:   0f b6 00 84 c0 74 04 83 45 f8 01 83 45 fc 01 a1
0xb36d38c7:   10 80 6d b3 39 45 fc 7c db 8b 45 f8 c9 c3 55 89 

Register to memory mapping:

EAX=0x00000000 is an unknown value
EBX=0x8eba9930 is an oop
{method} 
 - klass: {other class}
ECX=0x0838ad20 is an unknown value
EDX=0x00000000 is an unknown value
ESP=0xb2e0cd10 is pointing into the stack for thread: 0x0838ac00
EBP=0xb2e0cd20 is pointing into the stack for thread: 0x0838ac00
ESI=0x8eba9930 is an oop
{method} 
 - klass: {other class}
EDI=0x0838ac00 is a thread


Stack: [0xb2dbd000,0xb2e0e000],  sp=0xb2e0cd10,  free space=319k
Native frames: (J=compiled Java code, j=interpreted, Vv=VM code, C=native code)
C  [libsynergy2416.so+0x48b7]  _get_enroll_count+0x22
C  [libsynergy2416.so+0x5261]  hlpGetEnrollCount+0x8
C  [libsynergy2416.so+0x3fc3]  Java_com_adp_clocks_synergy2416_demo_FPU_FP_1IDENTIFY_1EMPLOYEE+0x19
j  com.adp.clocks.synergy2416.demo.FPU.FP_IDENTIFY_EMPLOYEE()I+0
j  com.adp.clocks.synergy2416.demo.FPU.identifyEmployee()Ljava/lang/String;+0
j  com.adp.clocks.synergy2416.demo.FPIdWorker.doInBackground()Ljava/lang/String;+7
j  com.adp.clocks.synergy2416.demo.FPIdWorker.doInBackground()Ljava/lang/Object;+1
j  javax.swing.SwingWorker$1.call()Ljava/lang/Object;+14
j  java.util.concurrent.FutureTask$Sync.innerRun()V+29
j  java.util.concurrent.FutureTask.run()V+4
j  javax.swing.SwingWorker.run()V+4
j  java.util.concurrent.ThreadPoolExecutor.runWorker(Ljava/util/concurrent/ThreadPoolExecutor$Worker;)V+95
j  java.util.concurrent.ThreadPoolExecutor$Worker.run()V+5
j  java.lang.Thread.run()V+11
v  ~StubRoutines::call_stub
V  [libjvm.so+0x2116b6]  JavaCalls::call_helper(JavaValue*, methodHandle*, JavaCallArguments*, Thread*)+0x2c6

Java frames: (J=compiled Java code, j=interpreted, Vv=VM code)
j  com.adp.clocks.synergy2416.demo.FPU.FP_IDENTIFY_EMPLOYEE()I+0
j  com.adp.clocks.synergy2416.demo.FPU.identifyEmployee()Ljava/lang/String;+0
j  com.adp.clocks.synergy2416.demo.FPIdWorker.doInBackground()Ljava/lang/String;+7
j  com.adp.clocks.synergy2416.demo.FPIdWorker.doInBackground()Ljava/lang/Object;+1
j  javax.swing.SwingWorker$1.call()Ljava/lang/Object;+14
j  java.util.concurrent.FutureTask$Sync.innerRun()V+29
j  java.util.concurrent.FutureTask.run()V+4
j  javax.swing.SwingWorker.run()V+4
j  java.util.concurrent.ThreadPoolExecutor.runWorker(Ljava/util/concurrent/ThreadPoolExecutor$Worker;)V+95
j  java.util.concurrent.ThreadPoolExecutor$Worker.run()V+5
j  java.lang.Thread.run()V+11
v  ~StubRoutines::call_stub

---------------  P R O C E S S  ---------------

Java Threads: ( => current thread )
=>0x0838ac00 JavaThread "SwingWorker-pool-3-thread-1" [_thread_in_native, id=8474, stack(0xb2dbd000,0xb2e0e000)]
  0x08384c00 JavaThread "PulseAudio Eventloop Thread" daemon [_thread_in_native, id=8473, stack(0xb2e0e000,0xb2e5f000)]
  0xb6a05c00 JavaThread "DestroyJavaVM" [_thread_blocked, id=8447, stack(0xb6b0c000,0xb6b5d000)]
  0x0835d800 JavaThread "pool-1-thread-1" [_thread_blocked, id=8464, stack(0xb3383000,0xb33d4000)]
  0x08337c00 JavaThread "Timer-0" [_thread_blocked, id=8463, stack(0xb345e000,0xb34af000)]
  0x08334000 JavaThread "TimerQueue" daemon [_thread_blocked, id=8462, stack(0xb34af000,0xb3500000)]
  0x082cf400 JavaThread "Image Fetcher 3" daemon [_thread_blocked, id=8459, stack(0xb36fa000,0xb374b000)]
  0xb6a9b800 JavaThread "AWT-EventQueue-0" [_thread_blocked, id=8458, stack(0xb3898000,0xb38e9000)]
  0xb6a9a400 JavaThread "AWT-Shutdown" [_thread_blocked, id=8457, stack(0xb38e9000,0xb393a000)]
  0xb6a99800 JavaThread "AWT-XAWT" daemon [_thread_in_native, id=8456, stack(0xb393a000,0xb398b000)]
  0xb6a65000 JavaThread "Java2D Disposer" daemon [_thread_blocked, id=8455, stack(0xb3a7c000,0xb3acd000)]
  0xb6a3cc00 JavaThread "Low Memory Detector" daemon [_thread_blocked, id=8453, stack(0xb3eaf000,0xb3f00000)]
  0xb6a3ac00 JavaThread "C1 CompilerThread0" daemon [_thread_blocked, id=8452, stack(0xb422e000,0xb42af000)]
  0xb6a39400 JavaThread "Signal Dispatcher" daemon [_thread_blocked, id=8451, stack(0xb42af000,0xb4300000)]
  0xb6a35400 JavaThread "Finalizer" daemon [_thread_blocked, id=8450, stack(0xb441c000,0xb446d000)]
  0xb6a33c00 JavaThread "Reference Handler" daemon [_thread_blocked, id=8449, stack(0xb446d000,0xb44be000)]

Other Threads:
  0xb6a32000 VMThread [stack: 0xb44be000,0xb453f000] [id=8448]
  0xb6a3f000 WatcherThread [stack: 0xb3e2e000,0xb3eaf000] [id=8454]

VM state:not at safepoint (normal execution)

VM Mutex/Monitor currently owned by a thread: None

Heap
 def new generation   total 4928K, used 1691K [0x6ea40000, 0x6ef90000, 0x794e0000)
  eden space 4416K,  26% used [0x6ea40000, 0x6eb66eb8, 0x6ee90000)
  from space 512K, 100% used [0x6ef10000, 0x6ef90000, 0x6ef90000)
  to   space 512K,   0% used [0x6ee90000, 0x6ee90000, 0x6ef10000)
 tenured generation   total 10944K, used 1798K [0x794e0000, 0x79f90000, 0x8ea40000)
   the space 10944K,  16% used [0x794e0000, 0x796a19f0, 0x796a1a00, 0x79f90000)
 compacting perm gen  total 12288K, used 2317K [0x8ea40000, 0x8f640000, 0x92a40000)
   the space 12288K,  18% used [0x8ea40000, 0x8ec835a8, 0x8ec83600, 0x8f640000)
    ro space 10240K,  74% used [0x92a40000, 0x931a8b40, 0x931a8c00, 0x93440000)
    rw space 12288K,  60% used [0x93440000, 0x93b8ee48, 0x93b8f000, 0x94040000)

Code Cache  [0xb4985000, 0xb4a85000, 0xb6985000)
 total_blobs=567 nmethods=307 adapters=196 free_code_cache=32512256 largest_free_block=64

Dynamic libraries:
08048000-08051000 r-xp 00000000 08:01 1839571    /usr/lib/jvm/java-6-openjdk-i386/jre/bin/java
08051000-08052000 r--p 00008000 08:01 1839571    /usr/lib/jvm/java-6-openjdk-i386/jre/bin/java
08052000-08053000 rw-p 00009000 08:01 1839571    /usr/lib/jvm/java-6-openjdk-i386/jre/bin/java
0822c000-083a4000 rw-p 00000000 00:00 0          [heap]
6ea40000-6ef90000 rw-p 00000000 00:00 0 
6ef90000-794e0000 rw-p 00000000 00:00 0 
794e0000-79f90000 rw-p 00000000 00:00 0 
79f90000-8ea40000 rw-p 00000000 00:00 0 
8ea40000-8f640000 rw-p 00000000 00:00 0 
8f640000-92a40000 rw-p 00000000 00:00 0 
92a40000-931a9000 r--s 00001000 08:01 1839781    /usr/lib/jvm/java-6-openjdk-i386/jre/lib/i386/client/classes.jsa
931a9000-93440000 rw-p 00000000 00:00 0 
93440000-93b8f000 rw-p 0076a000 08:01 1839781    /usr/lib/jvm/java-6-openjdk-i386/jre/lib/i386/client/classes.jsa
93b8f000-94040000 rw-p 00000000 00:00 0 
94040000-9413d000 rw-p 00eb9000 08:01 1839781    /usr/lib/jvm/java-6-openjdk-i386/jre/lib/i386/client/classes.jsa
9413d000-94440000 rw-p 00000000 00:00 0 
94440000-94448000 r-xs 00fb6000 08:01 1839781    /usr/lib/jvm/java-6-openjdk-i386/jre/lib/i386/client/classes.jsa
94448000-94840000 rw-p 00000000 00:00 0 
aa6a7000-ae6a8000 rw-s 00000000 00:12 57806      /run/shm/pulse-shm-25514406
ae6a8000-ae6a9000 ---p 00000000 00:00 0 
ae6a9000-aeea9000 rw-p 00000000 00:00 0 
b2dbd000-b2dc0000 ---p 00000000 00:00 0 
b2dc0000-b2e0e000 rw-p 00000000 00:00 0          [stack:8474]
b2e0e000-b2e11000 ---p 00000000 00:00 0 
b2e11000-b2e5f000 rw-p 00000000 00:00 0          [stack:8473]
b2e5f000-b2eaa000 rw-s 00000000 00:04 28835868   /SYSV00000000 (deleted)
b2ef5000-b2f08000 r-xp 00000000 08:01 252403     /lib/i386-linux-gnu/libresolv-2.15.so
b2f08000-b2f09000 ---p 00013000 08:01 252403     /lib/i386-linux-gnu/libresolv-2.15.so
b2f09000-b2f0a000 r--p 00013000 08:01 252403     /lib/i386-linux-gnu/libresolv-2.15.so
b2f0a000-b2f0b000 rw-p 00014000 08:01 252403     /lib/i386-linux-gnu/libresolv-2.15.so
b2f0b000-b2f0d000 rw-p 00000000 00:00 0 
b2f0d000-b2f13000 r-xp 00000000 08:01 17212      /usr/lib/i386-linux-gnu/libogg.so.0.7.1
b2f13000-b2f14000 r--p 00005000 08:01 17212      /usr/lib/i386-linux-gnu/libogg.so.0.7.1
b2f14000-b2f15000 rw-p 00006000 08:01 17212      /usr/lib/i386-linux-gnu/libogg.so.0.7.1
b2f15000-b2f3e000 r-xp 00000000 08:01 17362      /usr/lib/i386-linux-gnu/libvorbis.so.0.4.5
b2f3e000-b2f3f000 r--p 00028000 08:01 17362      /usr/lib/i386-linux-gnu/libvorbis.so.0.4.5
b2f3f000-b2f40000 rw-p 00029000 08:01 17362      /usr/lib/i386-linux-gnu/libvorbis.so.0.4.5
b2f40000-b30a6000 r-xp 00000000 08:01 17364      /usr/lib/i386-linux-gnu/libvorbisenc.so.2.0.8
b30a6000-b30b7000 r--p 00165000 08:01 17364      /usr/lib/i386-linux-gnu/libvorbisenc.so.2.0.8
b30b7000-b30b8000 rw-p 00176000 08:01 17364      /usr/lib/i386-linux-gnu/libvorbisenc.so.2.0.8
b30b8000-b3104000 r-xp 00000000 08:01 16731      /usr/lib/i386-linux-gnu/libFLAC.so.8.2.0
b3104000-b3105000 r--p 0004b000 08:01 16731      /usr/lib/i386-linux-gnu/libFLAC.so.8.2.0
b3105000-b3106000 rw-p 0004c000 08:01 16731      /usr/lib/i386-linux-gnu/libFLAC.so.8.2.0
b3106000-b310b000 r-xp 00000000 08:01 16847      /usr/lib/i386-linux-gnu/libasyncns.so.0.3.1
b310b000-b310c000 r--p 00004000 08:01 16847      /usr/lib/i386-linux-gnu/libasyncns.so.0.3.1
b310c000-b310d000 rw-p 00005000 08:01 16847      /usr/lib/i386-linux-gnu/libasyncns.so.0.3.1
b310d000-b3179000 r-xp 00000000 08:01 17307      /usr/lib/i386-linux-gnu/libsndfile.so.1.0.25
b3179000-b317a000 r--p 0006c000 08:01 17307      /usr/lib/i386-linux-gnu/libsndfile.so.1.0.25
b317a000-b317b000 rw-p 0006d000 08:01 17307      /usr/lib/i386-linux-gnu/libsndfile.so.1.0.25
b317b000-b317f000 rw-p 00000000 00:00 0 
b317f000-b31c6000 r-xp 00000000 08:01 252249     /lib/i386-linux-gnu/libdbus-1.so.3.5.8
b31c6000-b31c7000 r--p 00047000 08:01 252249     /lib/i386-linux-gnu/libdbus-1.so.3.5.8
b31c7000-b31c8000 rw-p 00048000 08:01 252249     /lib/i386-linux-gnu/libdbus-1.so.3.5.8
b31c8000-b322b000 r-xp 00000000 08:01 12624      /usr/lib/i386-linux-gnu/libpulsecommon-1.1.so
b322b000-b322c000 r--p 00062000 08:01 12624      /usr/lib/i386-linux-gnu/libpulsecommon-1.1.so
b322c000-b322d000 rw-p 00063000 08:01 12624      /usr/lib/i386-linux-gnu/libpulsecommon-1.1.so
b322d000-b3279000 r-xp 00000000 08:01 12623      /usr/lib/i386-linux-gnu/libpulse.so.0.13.5
b3279000-b327a000 r--p 0004b000 08:01 12623      /usr/lib/i386-linux-gnu/libpulse.so.0.13.5
b327a000-b327b000 rw-p 0004c000 08:01 12623      /usr/lib/i386-linux-gnu/libpulse.so.0.13.5
b327b000-b3368000 r-xp 00000000 08:01 16845      /usr/lib/i386-linux-gnu/libasound.so.2.0.0
b3368000-b336c000 r--p 000ec000 08:01 16845      /usr/lib/i386-linux-gnu/libasound.so.2.0.0
b336c000-b336d000 rw-p 000f0000 08:01 16845      /usr/lib/i386-linux-gnu/libasound.so.2.0.0
b336d000-b337a000 r-xp 00000000 08:01 1839792    /usr/lib/jvm/java-6-openjdk-i386/jre/lib/i386/libpulse-java.so
b337a000-b337b000 r--p 0000c000 08:01 1839792    /usr/lib/jvm/java-6-openjdk-i386/jre/lib/i386/libpulse-java.so
b337b000-b337c000 rw-p 0000d000 08:01 1839792    /usr/lib/jvm/java-6-openjdk-i386/jre/lib/i386/libpulse-java.so
b337c000-b3381000 r-xp 00000000 08:01 17411      /usr/lib/i386-linux-gnu/alsa-lib/libasound_module_pcm_pulse.so
b3381000-b3382000 r--p 00004000 08:01 17411      /usr/lib/i386-linux-gnu/alsa-lib/libasound_module_pcm_pulse.so
b3382000-b3383000 rw-p 00005000 08:01 17411      /usr/lib/i386-linux-gnu/alsa-lib/libasound_module_pcm_pulse.so
b3383000-b3386000 ---p 00000000 00:00 0 
b3386000-b33d4000 rw-p 00000000 00:00 0          [stack:8464]
b33d4000-b33f5000 r-xp 00000000 08:01 17358      /usr/lib/i386-linux-gnu/libv4lconvert.so.0
b33f5000-b33f6000 r--p 00021000 08:01 17358      /usr/lib/i386-linux-gnu/libv4lconvert.so.0
b33f6000-b33f7000 rw-p 00022000 08:01 17358      /usr/lib/i386-linux-gnu/libv4lconvert.so.0
b33f7000-b3449000 rw-p 00000000 00:00 0 
b3449000-b345c000 r-xp 00000000 08:01 8712       /usr/lib/libvideo.so.0
b345c000-b345d000 r--p 00012000 08:01 8712       /usr/lib/libvideo.so.0
b345d000-b345e000 rw-p 00013000 08:01 8712       /usr/lib/libvideo.so.0
b345e000-b3461000 ---p 00000000 00:00 0 
b3461000-b34af000 rw-p 00000000 00:00 0          [stack:8463]
b34af000-b34b2000 ---p 00000000 00:00 0 
b34b2000-b3500000 rw-p 00000000 00:00 0          [stack:8462]
b3500000-b355b000 rw-p 00000000 00:00 0 
b355b000-b3600000 ---p 00000000 00:00 0 
b3601000-b3605000 rw-s 00000000 00:04 28934173   /SYSV00000000 (deleted)
b3605000-b360d000 r-xp 00000000 08:01 252334     /lib/i386-linux-gnu/libwrap.so.0.7.6
b360d000-b360e000 r--p 00007000 08:01 252334     /lib/i386-linux-gnu/libwrap.so.0.7.6
b360e000-b360f000 rw-p 00008000 08:01 252334     /lib/i386-linux-gnu/libwrap.so.0.7.6
b360f000-b3695000 rw-p 00000000 00:00 0 
b3698000-b369e000 r-xp 00000000 08:01 17146      /usr/lib/i386-linux-gnu/libjson.so.0.0.1
b369e000-b369f000 r--p 00005000 08:01 17146      /usr/lib/i386-linux-gnu/libjson.so.0.0.1
b369f000-b36a0000 rw-p 00006000 08:01 17146      /usr/lib/i386-linux-gnu/libjson.so.0.0.1
b36a3000-b36b2000 r-xp 00000000 08:01 1839790    /usr/lib/jvm/java-6-openjdk-i386/jre/lib/i386/libjsoundalsa.so
b36b2000-b36b3000 r--p 0000e000 08:01 1839790    /usr/lib/jvm/java-6-openjdk-i386/jre/lib/i386/libjsoundalsa.so
b36b3000-b36b4000 rw-p 0000f000 08:01 1839790    /usr/lib/jvm/java-6-openjdk-i386/jre/lib/i386/libjsoundalsa.so
b36b4000-b36b5000 r-xp 00000000 08:01 1839628    /usr/lib/jvm/java-6-openjdk-i386/jre/lib/i386/libjsound.so
b36b5000-b36b6000 r--p 00000000 08:01 1839628    /usr/lib/jvm/java-6-openjdk-i386/jre/lib/i386/libjsound.so
b36b6000-b36b7000 rw-p 00001000 08:01 1839628    /usr/lib/jvm/java-6-openjdk-i386/jre/lib/i386/libjsound.so
b36b7000-b36be000 r--s 00000000 08:01 14251      /usr/lib/i386-linux-gnu/gconv/gconv-modules.cache
b36be000-b36cd000 r-xp 00000000 08:01 524448     /usr/lib/jni/libv4l4j.so
b36cd000-b36ce000 r--p 0000e000 08:01 524448     /usr/lib/jni/libv4l4j.so
b36ce000-b36cf000 rw-p 0000f000 08:01 524448     /usr/lib/jni/libv4l4j.so
b36cf000-b36d7000 r-xp 00000000 08:01 524557     /usr/lib/jni/libsynergy2416.so
b36d7000-b36d8000 r--p 00007000 08:01 524557     /usr/lib/jni/libsynergy2416.so
b36d8000-b36d9000 rw-p 00008000 08:01 524557     /usr/lib/jni/libsynergy2416.so
b36d9000-b36e1000 r-xp 00000000 08:01 1839626    /usr/lib/jvm/java-6-openjdk-i386/jre/lib/i386/libnio.so
b36e1000-b36e2000 r--p 00007000 08:01 1839626    /usr/lib/jvm/java-6-openjdk-i386/jre/lib/i386/libnio.so
b36e2000-b36e3000 rw-p 00008000 08:01 1839626    /usr/lib/jvm/java-6-openjdk-i386/jre/lib/i386/libnio.so
b36e3000-b36f8000 r-xp 00000000 08:01 1839614    /usr/lib/jvm/java-6-openjdk-i386/jre/lib/i386/libnet.so
b36f8000-b36f9000 r--p 00014000 08:01 1839614    /usr/lib/jvm/java-6-openjdk-i386/jre/lib/i386/libnet.so
b36f9000-b36fa000 rw-p 00015000 08:01 1839614    /usr/lib/jvm/java-6-openjdk-i386/jre/lib/i386/libnet.so
b36fa000-b36fd000 ---p 00000000 00:00 0 
b36fd000-b374b000 rw-p 00000000 00:00 0          [stack:8459]
b374b000-b3799000 r--s 008b6000 08:01 2243423    /opt/eclipse-standard/plugins/com.ibm.icu_50.1.1.v201304230130.jar
b3799000-b37db000 r--s 00367000 08:01 2243377    /opt/eclipse-standard/plugins/org.eclipse.ui.workbench_3.105.1.v20130821-1411.jar
b37db000-b37ee000 r--s 000e0000 08:01 2243213    /opt/eclipse-standard/plugins/org.eclipse.jface.text_3.8.101.v20130802-1147.jar
b37ee000-b3802000 r--s 000f9000 08:01 2243526    /opt/eclipse-standard/plugins/org.eclipse.jface_3.9.1.v20130725-1141.jar
b3802000-b3817000 r--s 0023a000 08:01 2243675    /opt/eclipse-standard/plugins/org.eclipse.swt.gtk.linux.x86_3.102.1.v20130827-2048.jar
b3817000-b385c000 r-xp 00000000 08:01 11892      /usr/lib/i386-linux-gnu/libjpeg.so.8.0.2
b385c000-b385d000 r--p 00044000 08:01 11892      /usr/lib/i386-linux-gnu/libjpeg.so.8.0.2
b385d000-b385e000 rw-p 00045000 08:01 11892      /usr/lib/i386-linux-gnu/libjpeg.so.8.0.2
b385e000-b386e000 rw-p 00000000 00:00 0 
b386e000-b3896000 r-xp 00000000 08:01 252306     /lib/i386-linux-gnu/libpng12.so.0.46.0
b3896000-b3897000 r--p 00027000 08:01 252306     /lib/i386-linux-gnu/libpng12.so.0.46.0
b3897000-b3898000 rw-p 00028000 08:01 252306     /lib/i386-linux-gnu/libpng12.so.0.46.0
b3898000-b389b000 ---p 00000000 00:00 0 
b389b000-b38e9000 rw-p 00000000 00:00 0          [stack:8458]
b38e9000-b38ec000 ---p 00000000 00:00 0 
b38ec000-b393a000 rw-p 00000000 00:00 0          [stack:8457]
b393a000-b393d000 ---p 00000000 00:00 0 
b393d000-b398b000 rw-p 00000000 00:00 0          [stack:8456]
b398b000-b398c000 r--s 00000000 08:01 3570       /var/cache/fontconfig/c05880de57d1f5e948fdfacc138775d9-le32d4.cache-3
b398c000-b3992000 r--s 00000000 08:01 3565       /var/cache/fontconfig/945677eb7aeaf62f1d50efc3fb3ec7d8-le32d4.cache-3
b3992000-b3995000 r--s 00000000 08:01 519519     /var/cache/fontconfig/99e8ed0e538f840c565b6ed5dad60d56-le32d4.cache-3
b3995000-b3998000 r--s 00000000 08:01 3552       /var/cache/fontconfig/2cd17615ca594fa2959ae173292e504c-le32d4.cache-3
b3998000-b3999000 r--s 00000000 08:01 3577       /var/cache/fontconfig/e7071f4a29fa870f4323321c154eba04-le32d4.cache-3
b3999000-b399a000 r--s 00000000 08:01 3550       /var/cache/fontconfig/0d8c3b2ac0904cb8a57a757ad11a4a08-le32d4.cache-3
b399a000-b399e000 r--s 00000000 08:01 3567       /var/cache/fontconfig/a755afe4a08bf5b97852ceb7400b47bc-le32d4.cache-3
b399e000-b39a5000 r--s 00000000 08:01 1579180    /var/cache/fontconfig/6d41288fd70b0be22e8c3a91e032eec0-le32d4.cache-3
b39a5000-b39b0000 r--s 00000000 08:01 3549       /var/cache/fontconfig/04aabc0a78ac019cf9454389977116d2-le32d4.cache-3
b39b0000-b39b3000 r--s 00000000 08:01 3555       /var/cache/fontconfig/385c0604a188198f04d133e54aba7fe7-le32d4.cache-3
b39b3000-b39b4000 r--s 00000000 08:01 3572       /var/cache/fontconfig/4794a0821666d79190d59a36cb4f44b5-le32d4.cache-3
b39b4000-b39b8000 r--s 00000000 08:01 3553       /var/cache/fontconfig/3047814df9a2f067bd2d96a2b9c36e5a-le32d4.cache-3
b39b8000-b39bd000 r--s 00045000 08:01 2243421    /opt/eclipse-standard/plugins/org.eclipse.ui.forms_3.6.1.v20130822-1117.jar
b39bd000-b39c2000 r--s 00038000 08:01 2243571    /opt/eclipse-standard/plugins/org.eclipse.text_3.5.300.v20130515-1451.jar
b39c2000-b39ca000 r-xp 00000000 08:01 1839774    /usr/lib/i386-linux-gnu/libgif.so.4.1.6
b39ca000-b39cb000 r--p 00007000 08:01 1839774    /usr/lib/i386-linux-gnu/libgif.so.4.1.6
b39cb000-b39cc000 rw-p 00008000 08:01 1839774    /usr/lib/i386-linux-gnu/libgif.so.4.1.6
b39cc000-b39ce000 rw-p 00000000 00:00 0 
b39ce000-b39e2000 r--s 00140000 08:01 2243684    /opt/eclipse-standard/plugins/org.eclipse.osgi_3.9.1.v20130814-1242.jar
b39e2000-b39e3000 r--s 00000000 08:01 3570       /var/cache/fontconfig/c05880de57d1f5e948fdfacc138775d9-le32d4.cache-3
b39e3000-b39e9000 r--s 00000000 08:01 3565       /var/cache/fontconfig/945677eb7aeaf62f1d50efc3fb3ec7d8-le32d4.cache-3
b39e9000-b39ec000 r--s 00000000 08:01 519519     /var/cache/fontconfig/99e8ed0e538f840c565b6ed5dad60d56-le32d4.cache-3
b39ec000-b39ef000 r--s 00000000 08:01 3552       /var/cache/fontconfig/2cd17615ca594fa2959ae173292e504c-le32d4.cache-3
b39ef000-b39f0000 r--s 00000000 08:01 3577       /var/cache/fontconfig/e7071f4a29fa870f4323321c154eba04-le32d4.cache-3
b39f0000-b39f4000 r--s 00000000 08:01 3567       /var/cache/fontconfig/a755afe4a08bf5b97852ceb7400b47bc-le32d4.cache-3
b39f4000-b39fb000 r--s 00000000 08:01 1579180    /var/cache/fontconfig/6d41288fd70b0be22e8c3a91e032eec0-le32d4.cache-3
b39fb000-b3a06000 r--s 00000000 08:01 3549       /var/cache/fontconfig/04aabc0a78ac019cf9454389977116d2-le32d4.cache-3
b3a06000-b3a09000 r--s 00000000 08:01 3555       /var/cache/fontconfig/385c0604a188198f04d133e54aba7fe7-le32d4.cache-3
b3a09000-b3a0d000 r--s 00000000 08:01 3553       /var/cache/fontconfig/3047814df9a2f067bd2d96a2b9c36e5a-le32d4.cache-3
b3a0d000-b3a11000 r--s 00000000 08:01 3568       /var/cache/fontconfig/b47c4e1ecd0709278f4910c18777a504-le32d4.cache-3
b3a11000-b3a1e000 r--s 00000000 08:01 3573       /var/cache/fontconfig/d52a8644073d54c13679302ca1180695-le32d4.cache-3
b3a1e000-b3a21000 r--s 00000000 08:01 3564       /var/cache/fontconfig/8801497958630a81b71ace7c5f9b32a8-le32d4.cache-3
b3a21000-b3a25000 r--s 00000000 08:01 3568       /var/cache/fontconfig/b47c4e1ecd0709278f4910c18777a504-le32d4.cache-3
b3a25000-b3a32000 r--s 00000000 08:01 3573       /var/cache/fontconfig/d52a8644073d54c13679302ca1180695-le32d4.cache-3
b3a32000-b3a35000 r--s 00019000 08:01 864259     /home/chaol/workspace-java/ADP-Demo-GUI/src/com/adp/clocks/synergy2416/res/v4l4j.jar
b3a35000-b3a38000 r--s 0002a000 08:01 2243555    /opt/eclipse-standard/plugins/org.eclipse.equinox.registry_3.5.301.v20130717-1549.jar
b3a38000-b3a3c000 r-xp 00000000 08:01 13641      /usr/lib/i386-linux-gnu/libXfixes.so.3.1.0
b3a3c000-b3a3d000 r--p 00004000 08:01 13641      /usr/lib/i386-linux-gnu/libXfixes.so.3.1.0
b3a3d000-b3a3e000 rw-p 00005000 08:01 13641      /usr/lib/i386-linux-gnu/libXfixes.so.3.1.0
b3a3e000-b3a47000 r-xp 00000000 08:01 16793      /usr/lib/i386-linux-gnu/libXcursor.so.1.0.2
b3a47000-b3a48000 r--p 00008000 08:01 16793      /usr/lib/i386-linux-gnu/libXcursor.so.1.0.2
b3a48000-b3a49000 rw-p 00009000 08:01 16793      /usr/lib/i386-linux-gnu/libXcursor.so.1.0.2
b3a49000-b3a4b000 r--s 00010000 08:01 2243198    /opt/eclipse-standard/plugins/org.eclipse.core.runtime_3.9.0.v20130326-1255.jar
b3a4b000-b3a4e000 r--s 00018000 08:01 2243752    /opt/eclipse-standard/plugins/org.eclipse.equinox.common_3.6.200.v20130402-1505.jar
b3a4e000-b3a51000 r--s 00018000 08:01 2243511    /opt/eclipse-standard/plugins/org.eclipse.core.commands_3.6.100.v20130515-1857.jar
b3a51000-b3a52000 rw-p 00000000 00:00 0 
b3a52000-b3a5b000 r-xp 00000000 08:01 1839791    /usr/lib/jvm/java-6-openjdk-i386/jre/lib/i386/libsplashscreen.so
b3a5b000-b3a5c000 r--p 00008000 08:01 1839791    /usr/lib/jvm/java-6-openjdk-i386/jre/lib/i386/libsplashscreen.so
b3a5c000-b3a5d000 rw-p 00009000 08:01 1839791    /usr/lib/jvm/java-6-openjdk-i386/jre/lib/i386/libsplashscreen.so
b3a5d000-b3a5f000 rw-p 00000000 00:00 0 
b3a5f000-b3a66000 r--s 000fc000 08:01 1838998    /usr/lib/jvm/java-6-openjdk-common/jre/lib/resources.jar
b3a66000-b3a67000 r--s 00000000 08:01 3558       /var/cache/fontconfig/56cf4f4769d0f4abc89a4895d7bd3ae1-le32d4.cache-3
b3a67000-b3a68000 r--s 00000000 08:01 3569       /var/cache/fontconfig/b9d506c9ac06c20b433354fa67a72993-le32d4.cache-3
b3a68000-b3a71000 r--s 00000000 08:01 519518     /var/cache/fontconfig/089dead882dea3570ffc31a9898cfb69-le32d4.cache-3
b3a71000-b3a79000 r--s 00000000 08:01 11176      /var/cache/fontconfig/e13b20fdb08344e0e664864cc2ede53d-le32d4.cache-3
b3a79000-b3a7c000 r--s 00000000 08:01 519517     /var/cache/fontconfig/7ef2298fde41cc6eeb7af42e48b7d293-le32d4.cache-3
b3a7c000-b3a7f000 ---p 00000000 00:00 0 
b3a7f000-b3acd000 rw-p 00000000 00:00 0          [stack:8455]
b3acd000-b3b62000 r-xp 00000000 08:01 16989      /usr/lib/i386-linux-gnu/libfreetype.so.6.8.0
b3b62000-b3b66000 r--p 00094000 08:01 16989      /usr/lib/i386-linux-gnu/libfreetype.so.6.8.0
b3b66000-b3b67000 rw-p 00098000 08:01 16989      /usr/lib/i386-linux-gnu/libfreetype.so.6.8.0
b3b67000-b3baf000 r-xp 00000000 08:01 1839595    /usr/lib/jvm/java-6-openjdk-i386/jre/lib/i386/libfontmanager.so
b3baf000-b3bb0000 r--p 00048000 08:01 1839595    /usr/lib/jvm/java-6-openjdk-i386/jre/lib/i386/libfontmanager.so
b3bb0000-b3bb1000 rw-p 00049000 08:01 1839595    /usr/lib/jvm/java-6-openjdk-i386/jre/lib/i386/libfontmanager.so
b3bb1000-b3bb6000 r-xp 00000000 08:01 16797      /usr/lib/i386-linux-gnu/libXdmcp.so.6.0.0
b3bb6000-b3bb7000 r--p 00004000 08:01 16797      /usr/lib/i386-linux-gnu/libXdmcp.so.6.0.0
b3bb7000-b3bb8000 rw-p 00005000 08:01 16797      /usr/lib/i386-linux-gnu/libXdmcp.so.6.0.0
b3bb8000-b3bd7000 r-xp 00000000 08:01 17393      /usr/lib/i386-linux-gnu/libxcb.so.1.1.0
b3bd7000-b3bd8000 r--p 0001f000 08:01 17393      /usr/lib/i386-linux-gnu/libxcb.so.1.1.0
b3bd8000-b3bd9000 rw-p 00020000 08:01 17393      /usr/lib/i386-linux-gnu/libxcb.so.1.1.0
b3bd9000-b3be8000 r-xp 00000000 08:01 8381       /usr/lib/i386-linux-gnu/libXi.so.6.1.0
b3be8000-b3be9000 r--p 0000e000 08:01 8381       /usr/lib/i386-linux-gnu/libXi.so.6.1.0
b3be9000-b3bea000 rw-p 0000f000 08:01 8381       /usr/lib/i386-linux-gnu/libXi.so.6.1.0
b3bea000-b3d1a000 r-xp 00000000 08:01 14323      /usr/lib/i386-linux-gnu/libX11.so.6.3.0
b3d1a000-b3d1b000 r--p 0012f000 08:01 14323      /usr/lib/i386-linux-gnu/libX11.so.6.3.0
b3d1b000-b3d1d000 rw-p 00130000 08:01 14323      /usr/lib/i386-linux-gnu/libX11.so.6.3.0
b3d1d000-b3d1e000 rw-p 00000000 00:00 0 
b3d1e000-b3d6a000 r-xp 00000000 08:01 1839789    /usr/lib/jvm/java-6-openjdk-i386/jre/lib/i386/xawt/libmawt.so
b3d6a000-b3d6b000 r--p 0004b000 08:01 1839789    /usr/lib/jvm/java-6-openjdk-i386/jre/lib/i386/xawt/libmawt.so
b3d6b000-b3d6d000 rw-p 0004c000 08:01 1839789    /usr/lib/jvm/java-6-openjdk-i386/jre/lib/i386/xawt/libmawt.so
b3d6d000-b3d6e000 rw-p 00000000 00:00 0 
b3d6e000-b3e02000 r-xp 00000000 08:01 1839605    /usr/lib/jvm/java-6-openjdk-i386/jre/lib/i386/libawt.so
b3e02000-b3e03000 r--p 00093000 08:01 1839605    /usr/lib/jvm/java-6-openjdk-i386/jre/lib/i386/libawt.so
b3e03000-b3e0a000 rw-p 00094000 08:01 1839605    /usr/lib/jvm/java-6-openjdk-i386/jre/lib/i386/libawt.so
b3e0a000-b3e2e000 rw-p 00000000 00:00 0 
b3e2e000-b3e2f000 ---p 00000000 00:00 0 
b3e2f000-b3eaf000 rw-p 00000000 00:00 0          [stack:8454]
b3eaf000-b3eb2000 ---p 00000000 00:00 0 
b3eb2000-b3f00000 rw-p 00000000 00:00 0          [stack:8453]
b3f00000-b4100000 r--p 00000000 08:01 19412      /usr/lib/locale/locale-archive
b4100000-b4162000 rw-p 00000000 00:00 0 
b4162000-b4200000 ---p 00000000 00:00 0 
b4200000-b4203000 r--s 00000000 08:01 3564       /var/cache/fontconfig/8801497958630a81b71ace7c5f9b32a8-le32d4.cache-3
b4203000-b4205000 r-xp 00000000 08:01 16786      /usr/lib/i386-linux-gnu/libXau.so.6.0.0
b4205000-b4206000 r--p 00001000 08:01 16786      /usr/lib/i386-linux-gnu/libXau.so.6.0.0
b4206000-b4207000 rw-p 00002000 08:01 16786      /usr/lib/i386-linux-gnu/libXau.so.6.0.0
b4207000-b420c000 r-xp 00000000 08:01 16825      /usr/lib/i386-linux-gnu/libXtst.so.6.1.0
b420c000-b420d000 r--p 00004000 08:01 16825      /usr/lib/i386-linux-gnu/libXtst.so.6.1.0
b420d000-b420e000 rw-p 00005000 08:01 16825      /usr/lib/i386-linux-gnu/libXtst.so.6.1.0
b420e000-b4216000 r-xp 00000000 08:01 16821      /usr/lib/i386-linux-gnu/libXrender.so.1.3.0
b4216000-b4217000 r--p 00007000 08:01 16821      /usr/lib/i386-linux-gnu/libXrender.so.1.3.0
b4217000-b4218000 rw-p 00008000 08:01 16821      /usr/lib/i386-linux-gnu/libXrender.so.1.3.0
b4218000-b4219000 r--s 00000000 08:01 3550       /var/cache/fontconfig/0d8c3b2ac0904cb8a57a757ad11a4a08-le32d4.cache-3
b4219000-b421a000 r--s 00000000 08:01 3572       /var/cache/fontconfig/4794a0821666d79190d59a36cb4f44b5-le32d4.cache-3
b421a000-b4223000 r--s 00000000 08:01 519518     /var/cache/fontconfig/089dead882dea3570ffc31a9898cfb69-le32d4.cache-3
b4223000-b422b000 r--s 00000000 08:01 11176      /var/cache/fontconfig/e13b20fdb08344e0e664864cc2ede53d-le32d4.cache-3
b422b000-b422e000 r--s 00000000 08:01 519517     /var/cache/fontconfig/7ef2298fde41cc6eeb7af42e48b7d293-le32d4.cache-3
b422e000-b4231000 ---p 00000000 00:00 0 
b4231000-b42af000 rw-p 00000000 00:00 0          [stack:8452]
b42af000-b42b2000 ---p 00000000 00:00 0 
b42b2000-b4300000 rw-p 00000000 00:00 0          [stack:8451]
b4300000-b43fb000 rw-p 00000000 00:00 0 
b43fb000-b4400000 ---p 00000000 00:00 0 
b4400000-b4401000 r--s 00000000 08:01 3558       /var/cache/fontconfig/56cf4f4769d0f4abc89a4895d7bd3ae1-le32d4.cache-3
b4401000-b4411000 r-xp 00000000 08:01 16799      /usr/lib/i386-linux-gnu/libXext.so.6.4.0
b4411000-b4412000 r--p 0000f000 08:01 16799      /usr/lib/i386-linux-gnu/libXext.so.6.4.0
b4412000-b4413000 rw-p 00010000 08:01 16799      /usr/lib/i386-linux-gnu/libXext.so.6.4.0
b4413000-b4415000 r--s 0000f000 08:01 1838988    /usr/lib/jvm/java-6-openjdk-common/jre/lib/ext/pulse-java.jar
b4415000-b4418000 r--s 00077000 08:01 1838989    /usr/lib/jvm/java-6-openjdk-common/jre/lib/ext/localedata.jar
b4418000-b441c000 r--s 00039000 08:01 1838987    /usr/lib/jvm/java-6-openjdk-common/jre/lib/ext/sunpkcs11.jar
b441c000-b441f000 ---p 00000000 00:00 0 
b441f000-b446d000 rw-p 00000000 00:00 0          [stack:8450]
b446d000-b4470000 ---p 00000000 00:00 0 
b4470000-b44be000 rw-p 00000000 00:00 0          [stack:8449]
b44be000-b44bf000 ---p 00000000 00:00 0 
b44bf000-b4572000 rw-p 00000000 00:00 0          [stack:8448]
b4572000-b4706000 r--s 03822000 08:01 1839584    /usr/lib/jvm/java-6-openjdk-i386/jre/lib/rt.jar
b4706000-b4714000 rw-p 00000000 00:00 0 
b4714000-b472e000 rw-p 00000000 00:00 0 
b472e000-b4734000 rw-p 00000000 00:00 0 
b4734000-b47d9000 rw-p 00000000 00:00 0 
b47d9000-b47dc000 rw-p 00000000 00:00 0 
b47dc000-b482e000 rw-p 00000000 00:00 0 
b482e000-b4834000 rw-p 00000000 00:00 0 
b4834000-b48d9000 rw-p 00000000 00:00 0 
b48d9000-b48df000 rw-p 00000000 00:00 0 
b48df000-b48f9000 rw-p 00000000 00:00 0 
b48f9000-b4909000 rw-p 00000000 00:00 0 
b4909000-b4985000 rw-p 00000000 00:00 0 
b4985000-b4a85000 rwxp 00000000 00:00 0 
b4a85000-b6985000 rw-p 00000000 00:00 0 
b6985000-b6990000 r-xp 00000000 08:01 255736     /lib/i386-linux-gnu/libnss_files-2.15.so
b6990000-b6991000 r--p 0000a000 08:01 255736     /lib/i386-linux-gnu/libnss_files-2.15.so
b6991000-b6992000 rw-p 0000b000 08:01 255736     /lib/i386-linux-gnu/libnss_files-2.15.so
b6992000-b699c000 r-xp 00000000 08:01 255735     /lib/i386-linux-gnu/libnss_nis-2.15.so
b699c000-b699d000 r--p 00009000 08:01 255735     /lib/i386-linux-gnu/libnss_nis-2.15.so
b699d000-b699e000 rw-p 0000a000 08:01 255735     /lib/i386-linux-gnu/libnss_nis-2.15.so
b699e000-b69b4000 r-xp 00000000 08:01 252399     /lib/i386-linux-gnu/libnsl-2.15.so
b69b4000-b69b5000 r--p 00015000 08:01 252399     /lib/i386-linux-gnu/libnsl-2.15.so
b69b5000-b69b6000 rw-p 00016000 08:01 252399     /lib/i386-linux-gnu/libnsl-2.15.so
b69b6000-b69b8000 rw-p 00000000 00:00 0 
b69b8000-b69bf000 r-xp 00000000 08:01 255737     /lib/i386-linux-gnu/libnss_compat-2.15.so
b69bf000-b69c0000 r--p 00006000 08:01 255737     /lib/i386-linux-gnu/libnss_compat-2.15.so
b69c0000-b69c1000 rw-p 00007000 08:01 255737     /lib/i386-linux-gnu/libnss_compat-2.15.so
b69c1000-b69c2000 r--s 00000000 08:01 3569       /var/cache/fontconfig/b9d506c9ac06c20b433354fa67a72993-le32d4.cache-3
b69c2000-b69c3000 r--s 00007000 08:01 1839824    /usr/share/java/java-atk-wrapper.jar
b69c3000-b69c6000 r--s 00031000 08:01 1838991    /usr/lib/jvm/java-6-openjdk-common/jre/lib/ext/sunjce_provider.jar
b69c6000-b69cd000 r-xp 00000000 08:01 1839612    /usr/lib/jvm/java-6-openjdk-i386/jre/lib/i386/libzip.so
b69cd000-b69ce000 r--p 00006000 08:01 1839612    /usr/lib/jvm/java-6-openjdk-i386/jre/lib/i386/libzip.so
b69ce000-b69cf000 rw-p 00007000 08:01 1839612    /usr/lib/jvm/java-6-openjdk-i386/jre/lib/i386/libzip.so
b69cf000-b69d7000 rw-s 00000000 08:01 944400     /tmp/hsperfdata_chaol/8441
b69d7000-b69fd000 r-xp 00000000 08:01 1839598    /usr/lib/jvm/java-6-openjdk-i386/jre/lib/i386/libjava.so
b69fd000-b69fe000 r--p 00025000 08:01 1839598    /usr/lib/jvm/java-6-openjdk-i386/jre/lib/i386/libjava.so
b69fe000-b6a00000 rw-p 00026000 08:01 1839598    /usr/lib/jvm/java-6-openjdk-i386/jre/lib/i386/libjava.so
b6a00000-b6a9d000 rw-p 00000000 00:00 0 
b6a9d000-b6b00000 ---p 00000000 00:00 0 
b6b00000-b6b02000 r--s 00001000 08:01 1838990    /usr/lib/jvm/java-6-openjdk-common/jre/lib/ext/dnsns.jar
b6b02000-b6b03000 r--p 005e0000 08:01 19412      /usr/lib/locale/locale-archive
b6b03000-b6b0a000 r-xp 00000000 08:01 252408     /lib/i386-linux-gnu/librt-2.15.so
b6b0a000-b6b0b000 r--p 00006000 08:01 252408     /lib/i386-linux-gnu/librt-2.15.so
b6b0b000-b6b0c000 rw-p 00007000 08:01 252408     /lib/i386-linux-gnu/librt-2.15.so
b6b0c000-b6b0f000 ---p 00000000 00:00 0 
b6b0f000-b6b5d000 rw-p 00000000 00:00 0          [stack:8447]
b6b5d000-b6b79000 r-xp 00000000 08:01 252257     /lib/i386-linux-gnu/libgcc_s.so.1
b6b79000-b6b7a000 r--p 0001b000 08:01 252257     /lib/i386-linux-gnu/libgcc_s.so.1
b6b7a000-b6b7b000 rw-p 0001c000 08:01 252257     /lib/i386-linux-gnu/libgcc_s.so.1
b6b7b000-b6ba5000 r-xp 00000000 08:01 255734     /lib/i386-linux-gnu/libm-2.15.so
b6ba5000-b6ba6000 r--p 00029000 08:01 255734     /lib/i386-linux-gnu/libm-2.15.so
b6ba6000-b6ba7000 rw-p 0002a000 08:01 255734     /lib/i386-linux-gnu/libm-2.15.so
b6ba7000-b6c7f000 r-xp 00000000 08:01 17329      /usr/lib/i386-linux-gnu/libstdc++.so.6.0.16
b6c7f000-b6c80000 ---p 000d8000 08:01 17329      /usr/lib/i386-linux-gnu/libstdc++.so.6.0.16
b6c80000-b6c84000 r--p 000d8000 08:01 17329      /usr/lib/i386-linux-gnu/libstdc++.so.6.0.16
b6c84000-b6c85000 rw-p 000dc000 08:01 17329      /usr/lib/i386-linux-gnu/libstdc++.so.6.0.16
b6c85000-b6c8c000 rw-p 00000000 00:00 0 
b6c8c000-b71a1000 r-xp 00000000 08:01 1839604    /usr/lib/jvm/java-6-openjdk-i386/jre/lib/i386/client/libjvm.so
b71a1000-b71b8000 r--p 00514000 08:01 1839604    /usr/lib/jvm/java-6-openjdk-i386/jre/lib/i386/client/libjvm.so
b71b8000-b71c5000 rw-p 0052b000 08:01 1839604    /usr/lib/jvm/java-6-openjdk-i386/jre/lib/i386/client/libjvm.so
b71c5000-b75df000 rw-p 00000000 00:00 0 
b75df000-b75f3000 r-xp 00000000 08:01 252336     /lib/i386-linux-gnu/libz.so.1.2.3.4
b75f3000-b75f4000 r--p 00013000 08:01 252336     /lib/i386-linux-gnu/libz.so.1.2.3.4
b75f4000-b75f5000 rw-p 00014000 08:01 252336     /lib/i386-linux-gnu/libz.so.1.2.3.4
b75f5000-b7799000 r-xp 00000000 08:01 255739     /lib/i386-linux-gnu/libc-2.15.so
b7799000-b779b000 r--p 001a4000 08:01 255739     /lib/i386-linux-gnu/libc-2.15.so
b779b000-b779c000 rw-p 001a6000 08:01 255739     /lib/i386-linux-gnu/libc-2.15.so
b779c000-b779f000 rw-p 00000000 00:00 0 
b779f000-b77a2000 r-xp 00000000 08:01 255738     /lib/i386-linux-gnu/libdl-2.15.so
b77a2000-b77a3000 r--p 00002000 08:01 255738     /lib/i386-linux-gnu/libdl-2.15.so
b77a3000-b77a4000 rw-p 00003000 08:01 255738     /lib/i386-linux-gnu/libdl-2.15.so
b77a4000-b77a8000 r-xp 00000000 08:01 1839611    /usr/lib/jvm/java-6-openjdk-i386/jre/lib/i386/jli/libjli.so
b77a8000-b77a9000 r--p 00003000 08:01 1839611    /usr/lib/jvm/java-6-openjdk-i386/jre/lib/i386/jli/libjli.so
b77a9000-b77aa000 rw-p 00004000 08:01 1839611    /usr/lib/jvm/java-6-openjdk-i386/jre/lib/i386/jli/libjli.so
b77aa000-b77ab000 rw-p 00000000 00:00 0 
b77ab000-b77c2000 r-xp 00000000 08:01 252406     /lib/i386-linux-gnu/libpthread-2.15.so
b77c2000-b77c3000 r--p 00016000 08:01 252406     /lib/i386-linux-gnu/libpthread-2.15.so
b77c3000-b77c4000 rw-p 00017000 08:01 252406     /lib/i386-linux-gnu/libpthread-2.15.so
b77c4000-b77cc000 rw-p 00000000 00:00 0 
b77cc000-b77cd000 rw-p 00000000 00:00 0 
b77cd000-b77ce000 r--p 00000000 00:00 0 
b77ce000-b77d9000 r-xp 00000000 08:01 1839627    /usr/lib/jvm/java-6-openjdk-i386/jre/lib/i386/libverify.so
b77d9000-b77da000 ---p 0000b000 08:01 1839627    /usr/lib/jvm/java-6-openjdk-i386/jre/lib/i386/libverify.so
b77da000-b77db000 r--p 0000b000 08:01 1839627    /usr/lib/jvm/java-6-openjdk-i386/jre/lib/i386/libverify.so
b77db000-b77dc000 rw-p 0000c000 08:01 1839627    /usr/lib/jvm/java-6-openjdk-i386/jre/lib/i386/libverify.so
b77dc000-b77de000 rw-p 00000000 00:00 0 
b77de000-b77df000 r-xp 00000000 00:00 0          [vdso]
b77df000-b77ff000 r-xp 00000000 08:01 252407     /lib/i386-linux-gnu/ld-2.15.so
b77ff000-b7800000 r--p 0001f000 08:01 252407     /lib/i386-linux-gnu/ld-2.15.so
b7800000-b7801000 rw-p 00020000 08:01 252407     /lib/i386-linux-gnu/ld-2.15.so
bfade000-bfb00000 rw-p 00000000 00:00 0          [stack]

VM Arguments:
jvm_args: -Dfile.encoding=UTF-8 
java_command: com.adp.clocks.synergy2416.demo.MainWindow psplash:res/Background.png
Launcher Type: SUN_STANDARD

Environment Variables:
PATH=/usr/lib/lightdm/lightdm:/usr/local/sbin:/usr/local/bin:/usr/sbin:/usr/bin:/sbin:/bin:/usr/games
LD_LIBRARY_PATH=/usr/lib/jvm/java-6-openjdk-i386/jre/lib/i386/client:/usr/lib/jvm/java-6-openjdk-i386/jre/lib/i386:/usr/lib/jvm/java-6-openjdk-i386/jre/../lib/i386:/usr/lib/jni
SHELL=/bin/bash
DISPLAY=:0

Signal Handlers:
SIGSEGV: [libjvm.so+0x3e8020], sa_mask[0]=0x7ffbfeff, sa_flags=0x10000004
SIGBUS: [libjvm.so+0x3e8020], sa_mask[0]=0x7ffbfeff, sa_flags=0x10000004
SIGFPE: [libjvm.so+0x304080], sa_mask[0]=0x7ffbfeff, sa_flags=0x10000004
SIGPIPE: [libjvm.so+0x304080], sa_mask[0]=0x7ffbfeff, sa_flags=0x10000004
SIGXFSZ: [libjvm.so+0x304080], sa_mask[0]=0x7ffbfeff, sa_flags=0x10000004
SIGILL: [libjvm.so+0x304080], sa_mask[0]=0x7ffbfeff, sa_flags=0x10000004
SIGUSR1: SIG_DFL, sa_mask[0]=0x00000000, sa_flags=0x00000000
SIGUSR2: [libjvm.so+0x303f10], sa_mask[0]=0x00000004, sa_flags=0x10000004
SIGHUP: [libjvm.so+0x306ea0], sa_mask[0]=0x7ffbfeff, sa_flags=0x10000004
SIGINT: [libjvm.so+0x306ea0], sa_mask[0]=0x7ffbfeff, sa_flags=0x10000004
SIGTERM: [libjvm.so+0x306ea0], sa_mask[0]=0x7ffbfeff, sa_flags=0x10000004
SIGQUIT: [libjvm.so+0x306ea0], sa_mask[0]=0x7ffbfeff, sa_flags=0x10000004


---------------  S Y S T E M  ---------------

OS:Ubuntu 12.04 (precise)
uname:Linux 3.8.0-36-generic #52~precise1-Ubuntu SMP Mon Feb 3 21:56:56 UTC 2014 i686
libc:glibc 2.15 NPTL 2.15 
rlimit: STACK 8192k, CORE 0k, NPROC 24036, NOFILE 4096, AS infinity
load average:0.16 0.14 0.17

/proc/meminfo:
MemTotal:        3093208 kB
MemFree:          807900 kB
Buffers:           81480 kB
Cached:          1197740 kB
SwapCached:            0 kB
Active:          1191356 kB
Inactive:        1004684 kB
Active(anon):     917596 kB
Inactive(anon):   312832 kB
Active(file):     273760 kB
Inactive(file):   691852 kB
Unevictable:           0 kB
Mlocked:               0 kB
HighTotal:       2222632 kB
HighFree:          86436 kB
LowTotal:         870576 kB
LowFree:          721464 kB
SwapTotal:             0 kB
SwapFree:              0 kB
Dirty:               180 kB
Writeback:             0 kB
AnonPages:        916544 kB
Mapped:           235844 kB
Shmem:            313612 kB
Slab:              43076 kB
SReclaimable:      25172 kB
SUnreclaim:        17904 kB
KernelStack:        5064 kB
PageTables:        14128 kB
NFS_Unstable:          0 kB
Bounce:                0 kB
WritebackTmp:          0 kB
CommitLimit:     1546604 kB
Committed_AS:    4879496 kB
VmallocTotal:     122880 kB
VmallocUsed:       33424 kB
VmallocChunk:      80580 kB
HardwareCorrupted:     0 kB
AnonHugePages:         0 kB
HugePages_Total:       0
HugePages_Free:        0
HugePages_Rsvd:        0
HugePages_Surp:        0
Hugepagesize:       2048 kB
DirectMap4k:       16376 kB
DirectMap2M:      897024 kB


CPU:total 2 (1 cores per cpu, 2 threads per core) family 15 model 4 stepping 9, cmov, cx8, fxsr, mmx, sse, sse2, sse3, ht

Memory: 4k page, physical 3093208k(807900k free), swap 0k(0k free)

vm_info: OpenJDK Client VM (20.0-b12) for linux-x86 JRE (1.6.0_27-b27), built on Nov 16 2013 15:23:20 by "buildd" with gcc 4.6.3

time: Thu Feb 20 01:31:51 2014
elapsed time: 5 seconds

