#
# A fatal error has been detected by the Java Runtime Environment:
#
#  SIGSEGV (0xb) at pc=0x68c098b7, pid=18749, tid=1740733248
#
# JRE version: 6.0_27-b27
# Java VM: OpenJDK Server VM (20.0-b12 mixed mode linux-x86 )
# Derivative: IcedTea6 1.12.6
# Distribution: Ubuntu 12.04 LTS, package 6b27-1.12.6-1ubuntu0.12.04.4
# Problematic frame:
# C  [libsynergy2416.so+0x48b7]  _get_enroll_count+0x22
#
# If you would like to submit a bug report, please include
# instructions how to reproduce the bug and visit:
#   https://bugs.launchpad.net/ubuntu/+source/openjdk-6/
# The crash happened outside the Java Virtual Machine in native code.
# See problematic frame for where to report the bug.
#

---------------  T H R E A D  ---------------

Current thread (0x68aac400):  JavaThread "SwingWorker-pool-3-thread-1" [_thread_in_native, id=18792, stack(0x67bc7000,0x67c18000)]

siginfo:si_signo=SIGSEGV: si_errno=0, si_code=1 (SEGV_MAPERR), si_addr=0x00000000

Registers:
EAX=0x00000000, EBX=0x6be04600, ECX=0x68aac520, EDX=0x00000000
ESP=0x67c16a90, EBP=0x67c16aa0, ESI=0x6be04600, EDI=0x68aac400
EIP=0x68c098b7, EFLAGS=0x00210297, CR2=0x00000000

Top of Stack: (sp=0x67c16a90)
0x67c16a90:   b6c53d60 69509aec 00000000 00000000
0x67c16aa0:   67c16aa8 68c0a261 67c16ae8 68c08fc3
0x67c16ab0:   67c16b60 67c16b30 b35c97d4 b35b9688
0x67c16ac0:   00000000 67c16b50 67c16b30 00000000
0x67c16ad0:   00000000 6be04600 68aac400 67c16b20
0x67c16ae0:   b35c1548 68aac400 67c16b20 b35c164a
0x67c16af0:   68aac520 67c16b28 67c16b60 67c16b60
0x67c16b00:   67c16b00 6be04600 67c16b2c 6be053c0 

Instructions: (pc=0x68c098b7)
0x68c09897:   e5 83 ec 10 c7 45 f8 00 00 00 00 c7 45 fc 00 00
0x68c098a7:   00 00 eb 1b 8b 15 e4 ea c0 68 8b 45 fc 8d 04 02
0x68c098b7:   0f b6 00 84 c0 74 04 83 45 f8 01 83 45 fc 01 a1
0x68c098c7:   10 e0 c0 68 39 45 fc 7c db 8b 45 f8 c9 c3 55 89 

Register to memory mapping:

EAX=0x00000000 is an unknown value
EBX=0x6be04600 is an oop
{method} 
 - klass: {other class}
ECX=0x68aac520 is an unknown value
EDX=0x00000000 is an unknown value
ESP=0x67c16a90 is pointing into the stack for thread: 0x68aac400
EBP=0x67c16aa0 is pointing into the stack for thread: 0x68aac400
ESI=0x6be04600 is an oop
{method} 
 - klass: {other class}
EDI=0x68aac400 is a thread


Stack: [0x67bc7000,0x67c18000],  sp=0x67c16a90,  free space=318k
Native frames: (J=compiled Java code, j=interpreted, Vv=VM code, C=native code)
C  [libsynergy2416.so+0x48b7]  _get_enroll_count+0x22
C  [libsynergy2416.so+0x5261]  hlpGetEnrollCount+0x8
C  [libsynergy2416.so+0x3fc3]  Java_com_adp_clocks_synergy2416_demo_FPU_FP_1IDENTIFY_1EMPLOYEE+0x19
j  com.adp.clocks.synergy2416.demo.FPU.FP_IDENTIFY_EMPLOYEE()I+0
j  com.adp.clocks.synergy2416.demo.FPU.identifyEmployee()Ljava/lang/String;+0
j  com.adp.clocks.synergy2416.demo.FingerPrintControlForm$IdentifyEmployee.doInBackground()Ljava/lang/String;+11
j  com.adp.clocks.synergy2416.demo.FingerPrintControlForm$IdentifyEmployee.doInBackground()Ljava/lang/Object;+1
j  javax.swing.SwingWorker$1.call()Ljava/lang/Object;+14
j  java.util.concurrent.FutureTask$Sync.innerRun()V+29
j  java.util.concurrent.FutureTask.run()V+4
j  javax.swing.SwingWorker.run()V+4
j  java.util.concurrent.ThreadPoolExecutor.runWorker(Ljava/util/concurrent/ThreadPoolExecutor$Worker;)V+95
j  java.util.concurrent.ThreadPoolExecutor$Worker.run()V+5
j  java.lang.Thread.run()V+11
v  ~StubRoutines::call_stub
V  [libjvm.so+0x39b846]  JavaCalls::call_helper(JavaValue*, methodHandle*, JavaCallArguments*, Thread*)+0x2c6

Java frames: (J=compiled Java code, j=interpreted, Vv=VM code)
j  com.adp.clocks.synergy2416.demo.FPU.FP_IDENTIFY_EMPLOYEE()I+0
j  com.adp.clocks.synergy2416.demo.FPU.identifyEmployee()Ljava/lang/String;+0
j  com.adp.clocks.synergy2416.demo.FingerPrintControlForm$IdentifyEmployee.doInBackground()Ljava/lang/String;+11
j  com.adp.clocks.synergy2416.demo.FingerPrintControlForm$IdentifyEmployee.doInBackground()Ljava/lang/Object;+1
j  javax.swing.SwingWorker$1.call()Ljava/lang/Object;+14
j  java.util.concurrent.FutureTask$Sync.innerRun()V+29
j  java.util.concurrent.FutureTask.run()V+4
j  javax.swing.SwingWorker.run()V+4
j  java.util.concurrent.ThreadPoolExecutor.runWorker(Ljava/util/concurrent/ThreadPoolExecutor$Worker;)V+95
j  java.util.concurrent.ThreadPoolExecutor$Worker.run()V+5
j  java.lang.Thread.run()V+11
v  ~StubRoutines::call_stub

---------------  P R O C E S S  ---------------

Java Threads: ( => current thread )
=>0x68aac400 JavaThread "SwingWorker-pool-3-thread-1" [_thread_in_native, id=18792, stack(0x67bc7000,0x67c18000)]
  0x6aa24c00 JavaThread "PulseAudio Eventloop Thread" daemon [_thread_in_native, id=18791, stack(0x67c18000,0x67c69000)]
  0xb6605c00 JavaThread "DestroyJavaVM" [_thread_blocked, id=18754, stack(0xb673c000,0xb678d000)]
  0x68a9b400 JavaThread "pool-1-thread-1" [_thread_blocked, id=18781, stack(0x6855e000,0x685af000)]
  0x68a78000 JavaThread "pool-2-thread-1 - v4l4j push source" [_thread_in_native, id=18779, stack(0x685af000,0x68600000)]
  0x68a5d000 JavaThread "Timer-0" [_thread_blocked, id=18778, stack(0x687af000,0x68800000)]
  0x68a58c00 JavaThread "Image Fetcher 3" daemon [_thread_blocked, id=18777, stack(0x68929000,0x6897a000)]
  0x68a58000 JavaThread "TimerQueue" daemon [_thread_blocked, id=18776, stack(0x68c0f000,0x68c60000)]
  0x69c27000 JavaThread "Image Fetcher 0" daemon [_thread_blocked, id=18775, stack(0x68c77000,0x68cc8000)]
  0x68e45800 JavaThread "AWT-EventQueue-0" [_thread_in_vm, id=18774, stack(0x68daf000,0x68e00000)]
  0x68e44800 JavaThread "AWT-Shutdown" [_thread_blocked, id=18773, stack(0x6914f000,0x691a0000)]
  0x68e43c00 JavaThread "AWT-XAWT" daemon [_thread_in_native, id=18772, stack(0x691a0000,0x691f1000)]
  0x6987ac00 JavaThread "Java2D Disposer" daemon [_thread_blocked, id=18771, stack(0x6972e000,0x6977f000)]
  0x69806400 JavaThread "Low Memory Detector" daemon [_thread_blocked, id=18769, stack(0x6a52e000,0x6a57f000)]
  0x69804800 JavaThread "C2 CompilerThread1" daemon [_thread_blocked, id=18768, stack(0x6977f000,0x69800000)]
  0x69802800 JavaThread "C2 CompilerThread0" daemon [_thread_blocked, id=18767, stack(0x69f6a000,0x69feb000)]
  0x69801400 JavaThread "Signal Dispatcher" daemon [_thread_blocked, id=18766, stack(0x6a72e000,0x6a77f000)]
  0xb66f0c00 JavaThread "Finalizer" daemon [_thread_blocked, id=18765, stack(0x6a92e000,0x6a97f000)]
  0xb66ef400 JavaThread "Reference Handler" daemon [_thread_blocked, id=18764, stack(0x6ab2e000,0x6ab7f000)]

Other Threads:
  0xb66ec800 VMThread [stack: 0x69feb000,0x6a06c000] [id=18763]
  0x69810400 WatcherThread [stack: 0x6947f000,0x69500000] [id=18770]

VM state:not at safepoint (normal execution)

VM Mutex/Monitor currently owned by a thread: None

Heap
 PSYoungGen      total 19136K, used 9915K [0x9dfa0000, 0x9f4f0000, 0xb34f0000)
  eden space 16448K, 49% used [0x9dfa0000,0x9e79ae60,0x9efb0000)
  from space 2688K, 64% used [0x9efb0000,0x9f163f80,0x9f250000)
  to   space 2688K, 0% used [0x9f250000,0x9f250000,0x9f4f0000)
 PSOldGen        total 43712K, used 0K [0x734f0000, 0x75fa0000, 0x9dfa0000)
  object space 43712K, 0% used [0x734f0000,0x734f0000,0x75fa0000)
 PSPermGen       total 16384K, used 12275K [0x6b4f0000, 0x6c4f0000, 0x734f0000)
  object space 16384K, 74% used [0x6b4f0000,0x6c0ecd48,0x6c4f0000)

Code Cache  [0xb35b7000, 0xb37f7000, 0xb65b7000)
 total_blobs=340 nmethods=104 adapters=190 free_code_cache=49721088 largest_free_block=7872

Dynamic libraries:
08048000-08051000 r-xp 00000000 08:01 1839571    /usr/lib/jvm/java-6-openjdk-i386/jre/bin/java
08051000-08052000 r--p 00008000 08:01 1839571    /usr/lib/jvm/java-6-openjdk-i386/jre/bin/java
08052000-08053000 rw-p 00009000 08:01 1839571    /usr/lib/jvm/java-6-openjdk-i386/jre/bin/java
08cec000-08d0d000 rw-p 00000000 00:00 0          [heap]
5f466000-63467000 rw-s 00000000 00:12 244713     /run/shm/pulse-shm-1889495726
63467000-63468000 ---p 00000000 00:00 0 
63468000-63c68000 rw-p 00000000 00:00 0 
67bc7000-67bca000 ---p 00000000 00:00 0 
67bca000-67c18000 rw-p 00000000 00:00 0          [stack:18792]
67c18000-67c1b000 ---p 00000000 00:00 0 
67c1b000-67c69000 rw-p 00000000 00:00 0          [stack:18791]
67c69000-67cb4000 rw-s 00000000 00:04 65961984   /SYSV00000000 (deleted)
67cb4000-67cc7000 r-xp 00000000 08:01 252403     /lib/i386-linux-gnu/libresolv-2.15.so
67cc7000-67cc8000 ---p 00013000 08:01 252403     /lib/i386-linux-gnu/libresolv-2.15.so
67cc8000-67cc9000 r--p 00013000 08:01 252403     /lib/i386-linux-gnu/libresolv-2.15.so
67cc9000-67cca000 rw-p 00014000 08:01 252403     /lib/i386-linux-gnu/libresolv-2.15.so
67cca000-67ccc000 rw-p 00000000 00:00 0 
67ccc000-67e32000 r-xp 00000000 08:01 17364      /usr/lib/i386-linux-gnu/libvorbisenc.so.2.0.8
67e32000-67e43000 r--p 00165000 08:01 17364      /usr/lib/i386-linux-gnu/libvorbisenc.so.2.0.8
67e43000-67e44000 rw-p 00176000 08:01 17364      /usr/lib/i386-linux-gnu/libvorbisenc.so.2.0.8
67e44000-67e90000 r-xp 00000000 08:01 16731      /usr/lib/i386-linux-gnu/libFLAC.so.8.2.0
67e90000-67e91000 r--p 0004b000 08:01 16731      /usr/lib/i386-linux-gnu/libFLAC.so.8.2.0
67e91000-67e92000 rw-p 0004c000 08:01 16731      /usr/lib/i386-linux-gnu/libFLAC.so.8.2.0
67e92000-67efe000 r-xp 00000000 08:01 17307      /usr/lib/i386-linux-gnu/libsndfile.so.1.0.25
67efe000-67eff000 r--p 0006c000 08:01 17307      /usr/lib/i386-linux-gnu/libsndfile.so.1.0.25
67eff000-67f00000 rw-p 0006d000 08:01 17307      /usr/lib/i386-linux-gnu/libsndfile.so.1.0.25
67f00000-67f04000 rw-p 00000000 00:00 0 
67f04000-67f4b000 r-xp 00000000 08:01 252249     /lib/i386-linux-gnu/libdbus-1.so.3.5.8
67f4b000-67f4c000 r--p 00047000 08:01 252249     /lib/i386-linux-gnu/libdbus-1.so.3.5.8
67f4c000-67f4d000 rw-p 00048000 08:01 252249     /lib/i386-linux-gnu/libdbus-1.so.3.5.8
67f4d000-67fb0000 r-xp 00000000 08:01 12624      /usr/lib/i386-linux-gnu/libpulsecommon-1.1.so
67fb0000-67fb1000 r--p 00062000 08:01 12624      /usr/lib/i386-linux-gnu/libpulsecommon-1.1.so
67fb1000-67fb2000 rw-p 00063000 08:01 12624      /usr/lib/i386-linux-gnu/libpulsecommon-1.1.so
67fb2000-67ffe000 r-xp 00000000 08:01 12623      /usr/lib/i386-linux-gnu/libpulse.so.0.13.5
67ffe000-67fff000 r--p 0004b000 08:01 12623      /usr/lib/i386-linux-gnu/libpulse.so.0.13.5
67fff000-68000000 rw-p 0004c000 08:01 12623      /usr/lib/i386-linux-gnu/libpulse.so.0.13.5
68000000-68043000 rw-p 00000000 00:00 0 
68043000-68100000 ---p 00000000 00:00 0 
68106000-6810c000 r-xp 00000000 08:01 17212      /usr/lib/i386-linux-gnu/libogg.so.0.7.1
6810c000-6810d000 r--p 00005000 08:01 17212      /usr/lib/i386-linux-gnu/libogg.so.0.7.1
6810d000-6810e000 rw-p 00006000 08:01 17212      /usr/lib/i386-linux-gnu/libogg.so.0.7.1
6810e000-681fb000 r-xp 00000000 08:01 16845      /usr/lib/i386-linux-gnu/libasound.so.2.0.0
681fb000-681ff000 r--p 000ec000 08:01 16845      /usr/lib/i386-linux-gnu/libasound.so.2.0.0
681ff000-68200000 rw-p 000f0000 08:01 16845      /usr/lib/i386-linux-gnu/libasound.so.2.0.0
68200000-682e3000 rw-p 00000000 00:00 0 
682e3000-68300000 ---p 00000000 00:00 0 
68300000-683c2000 rw-p 00000000 00:00 0 
683c2000-68400000 ---p 00000000 00:00 0 
68400000-684ff000 rw-p 00000000 00:00 0 
684ff000-68500000 ---p 00000000 00:00 0 
68504000-6852d000 r-xp 00000000 08:01 17362      /usr/lib/i386-linux-gnu/libvorbis.so.0.4.5
6852d000-6852e000 r--p 00028000 08:01 17362      /usr/lib/i386-linux-gnu/libvorbis.so.0.4.5
6852e000-6852f000 rw-p 00029000 08:01 17362      /usr/lib/i386-linux-gnu/libvorbis.so.0.4.5
6852f000-68534000 r-xp 00000000 08:01 16847      /usr/lib/i386-linux-gnu/libasyncns.so.0.3.1
68534000-68535000 r--p 00004000 08:01 16847      /usr/lib/i386-linux-gnu/libasyncns.so.0.3.1
68535000-68536000 rw-p 00005000 08:01 16847      /usr/lib/i386-linux-gnu/libasyncns.so.0.3.1
68536000-6853e000 r-xp 00000000 08:01 252334     /lib/i386-linux-gnu/libwrap.so.0.7.6
6853e000-6853f000 r--p 00007000 08:01 252334     /lib/i386-linux-gnu/libwrap.so.0.7.6
6853f000-68540000 rw-p 00008000 08:01 252334     /lib/i386-linux-gnu/libwrap.so.0.7.6
68540000-68546000 r-xp 00000000 08:01 17146      /usr/lib/i386-linux-gnu/libjson.so.0.0.1
68546000-68547000 r--p 00005000 08:01 17146      /usr/lib/i386-linux-gnu/libjson.so.0.0.1
68547000-68548000 rw-p 00006000 08:01 17146      /usr/lib/i386-linux-gnu/libjson.so.0.0.1
68548000-68555000 r-xp 00000000 08:01 1839792    /usr/lib/jvm/java-6-openjdk-i386/jre/lib/i386/libpulse-java.so
68555000-68556000 r--p 0000c000 08:01 1839792    /usr/lib/jvm/java-6-openjdk-i386/jre/lib/i386/libpulse-java.so
68556000-68557000 rw-p 0000d000 08:01 1839792    /usr/lib/jvm/java-6-openjdk-i386/jre/lib/i386/libpulse-java.so
68557000-6855c000 r-xp 00000000 08:01 17411      /usr/lib/i386-linux-gnu/alsa-lib/libasound_module_pcm_pulse.so
6855c000-6855d000 r--p 00004000 08:01 17411      /usr/lib/i386-linux-gnu/alsa-lib/libasound_module_pcm_pulse.so
6855d000-6855e000 rw-p 00005000 08:01 17411      /usr/lib/i386-linux-gnu/alsa-lib/libasound_module_pcm_pulse.so
6855e000-68561000 ---p 00000000 00:00 0 
68561000-685af000 rw-p 00000000 00:00 0          [stack:18781]
685af000-685b2000 ---p 00000000 00:00 0 
685b2000-68600000 rw-p 00000000 00:00 0          [stack:18779]
68600000-686fe000 rw-p 00000000 00:00 0 
686fe000-68700000 ---p 00000000 00:00 0 
68704000-68713000 r-xp 00000000 08:01 1839790    /usr/lib/jvm/java-6-openjdk-i386/jre/lib/i386/libjsoundalsa.so
68713000-68714000 r--p 0000e000 08:01 1839790    /usr/lib/jvm/java-6-openjdk-i386/jre/lib/i386/libjsoundalsa.so
68714000-68715000 rw-p 0000f000 08:01 1839790    /usr/lib/jvm/java-6-openjdk-i386/jre/lib/i386/libjsoundalsa.so
68715000-6871d000 rw-s 00018000 00:05 11511      /dev/video0
6871d000-68725000 rw-s 00010000 00:05 11511      /dev/video0
68725000-68746000 r-xp 00000000 08:01 17358      /usr/lib/i386-linux-gnu/libv4lconvert.so.0
68746000-68747000 r--p 00021000 08:01 17358      /usr/lib/i386-linux-gnu/libv4lconvert.so.0
68747000-68748000 rw-p 00022000 08:01 17358      /usr/lib/i386-linux-gnu/libv4lconvert.so.0
68748000-6879a000 rw-p 00000000 00:00 0 
6879a000-687ad000 r-xp 00000000 08:01 8712       /usr/lib/libvideo.so.0
687ad000-687ae000 r--p 00012000 08:01 8712       /usr/lib/libvideo.so.0
687ae000-687af000 rw-p 00013000 08:01 8712       /usr/lib/libvideo.so.0
687af000-687b2000 ---p 00000000 00:00 0 
687b2000-68800000 rw-p 00000000 00:00 0          [stack:18778]
68800000-688fb000 rw-p 00000000 00:00 0 
688fb000-68900000 ---p 00000000 00:00 0 
68901000-68909000 rw-s 00008000 00:05 11511      /dev/video0
68909000-68911000 rw-s 00000000 00:05 11511      /dev/video0
68911000-68918000 r--s 00000000 08:01 14251      /usr/lib/i386-linux-gnu/gconv/gconv-modules.cache
68918000-68927000 r-xp 00000000 08:01 524448     /usr/lib/jni/libv4l4j.so
68927000-68928000 r--p 0000e000 08:01 524448     /usr/lib/jni/libv4l4j.so
68928000-68929000 rw-p 0000f000 08:01 524448     /usr/lib/jni/libv4l4j.so
68929000-6892c000 ---p 00000000 00:00 0 
6892c000-68a00000 rw-p 00000000 00:00 0          [stack:18777]
68a00000-68abb000 rw-p 00000000 00:00 0 
68abb000-68b00000 ---p 00000000 00:00 0 
68b00000-68c00000 rw-p 00000000 00:00 0 
68c05000-68c0d000 r-xp 00000000 08:01 524557     /usr/lib/jni/libsynergy2416.so
68c0d000-68c0e000 r--p 00007000 08:01 524557     /usr/lib/jni/libsynergy2416.so
68c0e000-68c0f000 rw-p 00008000 08:01 524557     /usr/lib/jni/libsynergy2416.so
68c0f000-68c12000 ---p 00000000 00:00 0 
68c12000-68c60000 rw-p 00000000 00:00 0          [stack:18776]
68c60000-68c75000 r-xp 00000000 08:01 1839614    /usr/lib/jvm/java-6-openjdk-i386/jre/lib/i386/libnet.so
68c75000-68c76000 r--p 00014000 08:01 1839614    /usr/lib/jvm/java-6-openjdk-i386/jre/lib/i386/libnet.so
68c76000-68c77000 rw-p 00015000 08:01 1839614    /usr/lib/jvm/java-6-openjdk-i386/jre/lib/i386/libnet.so
68c77000-68c7a000 ---p 00000000 00:00 0 
68c7a000-68cc8000 rw-p 00000000 00:00 0          [stack:18775]
68cc8000-68d16000 r--s 008b6000 08:01 2243423    /opt/eclipse-standard/plugins/com.ibm.icu_50.1.1.v201304230130.jar
68d16000-68d58000 r--s 00367000 08:01 2243377    /opt/eclipse-standard/plugins/org.eclipse.ui.workbench_3.105.1.v20130821-1411.jar
68d58000-68d9d000 r-xp 00000000 08:01 11892      /usr/lib/i386-linux-gnu/libjpeg.so.8.0.2
68d9d000-68d9e000 r--p 00044000 08:01 11892      /usr/lib/i386-linux-gnu/libjpeg.so.8.0.2
68d9e000-68d9f000 rw-p 00045000 08:01 11892      /usr/lib/i386-linux-gnu/libjpeg.so.8.0.2
68d9f000-68daf000 rw-p 00000000 00:00 0 
68daf000-68db2000 ---p 00000000 00:00 0 
68db2000-68e00000 rw-p 00000000 00:00 0          [stack:18774]
68e00000-68e47000 rw-p 00000000 00:00 0 
68e47000-68f00000 ---p 00000000 00:00 0 
68f00000-68ffb000 rw-p 00000000 00:00 0 
68ffb000-69000000 ---p 00000000 00:00 0 
69000000-690fc000 rw-p 00000000 00:00 0 
690fc000-69100000 ---p 00000000 00:00 0 
69103000-69104000 r-xp 00000000 08:01 1839628    /usr/lib/jvm/java-6-openjdk-i386/jre/lib/i386/libjsound.so
69104000-69105000 r--p 00000000 08:01 1839628    /usr/lib/jvm/java-6-openjdk-i386/jre/lib/i386/libjsound.so
69105000-69106000 rw-p 00001000 08:01 1839628    /usr/lib/jvm/java-6-openjdk-i386/jre/lib/i386/libjsound.so
69106000-6910e000 r-xp 00000000 08:01 1839626    /usr/lib/jvm/java-6-openjdk-i386/jre/lib/i386/libnio.so
6910e000-6910f000 r--p 00007000 08:01 1839626    /usr/lib/jvm/java-6-openjdk-i386/jre/lib/i386/libnio.so
6910f000-69110000 rw-p 00008000 08:01 1839626    /usr/lib/jvm/java-6-openjdk-i386/jre/lib/i386/libnio.so
69110000-69113000 r--s 0007f000 08:01 1839014    /usr/lib/jvm/java-6-openjdk-common/jre/lib/jsse.jar
69113000-69126000 r--s 000e0000 08:01 2243213    /opt/eclipse-standard/plugins/org.eclipse.jface.text_3.8.101.v20130802-1147.jar
69126000-6913a000 r--s 000f9000 08:01 2243526    /opt/eclipse-standard/plugins/org.eclipse.jface_3.9.1.v20130725-1141.jar
6913a000-6914f000 r--s 0023a000 08:01 2243675    /opt/eclipse-standard/plugins/org.eclipse.swt.gtk.linux.x86_3.102.1.v20130827-2048.jar
6914f000-69152000 ---p 00000000 00:00 0 
69152000-691a0000 rw-p 00000000 00:00 0          [stack:18773]
691a0000-691a3000 ---p 00000000 00:00 0 
691a3000-691f1000 rw-p 00000000 00:00 0          [stack:18772]
691f1000-69286000 r-xp 00000000 08:01 16989      /usr/lib/i386-linux-gnu/libfreetype.so.6.8.0
69286000-6928a000 r--p 00094000 08:01 16989      /usr/lib/i386-linux-gnu/libfreetype.so.6.8.0
6928a000-6928b000 rw-p 00098000 08:01 16989      /usr/lib/i386-linux-gnu/libfreetype.so.6.8.0
6928b000-693bb000 r-xp 00000000 08:01 14323      /usr/lib/i386-linux-gnu/libX11.so.6.3.0
693bb000-693bc000 r--p 0012f000 08:01 14323      /usr/lib/i386-linux-gnu/libX11.so.6.3.0
693bc000-693be000 rw-p 00130000 08:01 14323      /usr/lib/i386-linux-gnu/libX11.so.6.3.0
693be000-693bf000 rw-p 00000000 00:00 0 
693bf000-69453000 r-xp 00000000 08:01 1839605    /usr/lib/jvm/java-6-openjdk-i386/jre/lib/i386/libawt.so
69453000-69454000 r--p 00093000 08:01 1839605    /usr/lib/jvm/java-6-openjdk-i386/jre/lib/i386/libawt.so
69454000-6945b000 rw-p 00094000 08:01 1839605    /usr/lib/jvm/java-6-openjdk-i386/jre/lib/i386/libawt.so
6945b000-6947f000 rw-p 00000000 00:00 0 
6947f000-69480000 ---p 00000000 00:00 0 
69480000-69500000 rw-p 00000000 00:00 0          [stack:18770]
69500000-695e3000 rw-p 00000000 00:00 0 
695e3000-69600000 ---p 00000000 00:00 0 
69600000-696fc000 rw-p 00000000 00:00 0 
696fc000-69700000 ---p 00000000 00:00 0 
69701000-69704000 r--s 00019000 08:01 864259     /home/chaol/workspace-java/ADP-Demo-GUI/src/com/adp/clocks/synergy2416/res/v4l4j.jar
69704000-6972c000 r-xp 00000000 08:01 252306     /lib/i386-linux-gnu/libpng12.so.0.46.0
6972c000-6972d000 r--p 00027000 08:01 252306     /lib/i386-linux-gnu/libpng12.so.0.46.0
6972d000-6972e000 rw-p 00028000 08:01 252306     /lib/i386-linux-gnu/libpng12.so.0.46.0
6972e000-69731000 ---p 00000000 00:00 0 
69731000-6977f000 rw-p 00000000 00:00 0          [stack:18771]
6977f000-69782000 ---p 00000000 00:00 0 
69782000-69800000 rw-p 00000000 00:00 0          [stack:18768]
69800000-698fc000 rw-p 00000000 00:00 0 
698fc000-69900000 ---p 00000000 00:00 0 
69900000-69921000 rw-p 00000000 00:00 0 
69921000-69a00000 ---p 00000000 00:00 0 
69a00000-69c00000 r--p 00000000 08:01 19412      /usr/lib/locale/locale-archive
69c00000-69cef000 rw-p 00000000 00:00 0 
69cef000-69d00000 ---p 00000000 00:00 0 
69d00000-69d21000 rw-p 00000000 00:00 0 
69d21000-69e00000 ---p 00000000 00:00 0 
69e00000-69e40000 rw-p 00000000 00:00 0 
69e40000-69f00000 ---p 00000000 00:00 0 
69f02000-69f07000 r--s 00045000 08:01 2243421    /opt/eclipse-standard/plugins/org.eclipse.ui.forms_3.6.1.v20130822-1117.jar
69f07000-69f0c000 r--s 00038000 08:01 2243571    /opt/eclipse-standard/plugins/org.eclipse.text_3.5.300.v20130515-1451.jar
69f0c000-69f20000 r--s 00140000 08:01 2243684    /opt/eclipse-standard/plugins/org.eclipse.osgi_3.9.1.v20130814-1242.jar
69f20000-69f68000 r-xp 00000000 08:01 1839595    /usr/lib/jvm/java-6-openjdk-i386/jre/lib/i386/libfontmanager.so
69f68000-69f69000 r--p 00048000 08:01 1839595    /usr/lib/jvm/java-6-openjdk-i386/jre/lib/i386/libfontmanager.so
69f69000-69f6a000 rw-p 00049000 08:01 1839595    /usr/lib/jvm/java-6-openjdk-i386/jre/lib/i386/libfontmanager.so
69f6a000-69f6d000 ---p 00000000 00:00 0 
69f6d000-69feb000 rw-p 00000000 00:00 0          [stack:18767]
69feb000-69fec000 ---p 00000000 00:00 0 
69fec000-6a06c000 rw-p 00000000 00:00 0          [stack:18763]
6a06c000-6a200000 r--s 03822000 08:01 1839584    /usr/lib/jvm/java-6-openjdk-i386/jre/lib/rt.jar
6a200000-6a221000 rw-p 00000000 00:00 0 
6a221000-6a300000 ---p 00000000 00:00 0 
6a302000-6a305000 r--s 0002a000 08:01 2243555    /opt/eclipse-standard/plugins/org.eclipse.equinox.registry_3.5.301.v20130717-1549.jar
6a305000-6a30d000 r-xp 00000000 08:01 1839774    /usr/lib/i386-linux-gnu/libgif.so.4.1.6
6a30d000-6a30e000 r--p 00007000 08:01 1839774    /usr/lib/i386-linux-gnu/libgif.so.4.1.6
6a30e000-6a30f000 rw-p 00008000 08:01 1839774    /usr/lib/i386-linux-gnu/libgif.so.4.1.6
6a30f000-6a313000 r-xp 00000000 08:01 13641      /usr/lib/i386-linux-gnu/libXfixes.so.3.1.0
6a313000-6a314000 r--p 00004000 08:01 13641      /usr/lib/i386-linux-gnu/libXfixes.so.3.1.0
6a314000-6a315000 rw-p 00005000 08:01 13641      /usr/lib/i386-linux-gnu/libXfixes.so.3.1.0
6a315000-6a316000 r--s 00000000 08:01 3570       /var/cache/fontconfig/c05880de57d1f5e948fdfacc138775d9-le32d4.cache-3
6a316000-6a31c000 r--s 00000000 08:01 3565       /var/cache/fontconfig/945677eb7aeaf62f1d50efc3fb3ec7d8-le32d4.cache-3
6a31c000-6a31f000 r--s 00000000 08:01 519519     /var/cache/fontconfig/99e8ed0e538f840c565b6ed5dad60d56-le32d4.cache-3
6a31f000-6a322000 r--s 00000000 08:01 3552       /var/cache/fontconfig/2cd17615ca594fa2959ae173292e504c-le32d4.cache-3
6a322000-6a323000 r--s 00000000 08:01 3577       /var/cache/fontconfig/e7071f4a29fa870f4323321c154eba04-le32d4.cache-3
6a323000-6a324000 r--s 00000000 08:01 3550       /var/cache/fontconfig/0d8c3b2ac0904cb8a57a757ad11a4a08-le32d4.cache-3
6a324000-6a32f000 r--s 00000000 08:01 3549       /var/cache/fontconfig/04aabc0a78ac019cf9454389977116d2-le32d4.cache-3
6a32f000-6a37b000 r-xp 00000000 08:01 1839789    /usr/lib/jvm/java-6-openjdk-i386/jre/lib/i386/xawt/libmawt.so
6a37b000-6a37c000 r--p 0004b000 08:01 1839789    /usr/lib/jvm/java-6-openjdk-i386/jre/lib/i386/xawt/libmawt.so
6a37c000-6a37e000 rw-p 0004c000 08:01 1839789    /usr/lib/jvm/java-6-openjdk-i386/jre/lib/i386/xawt/libmawt.so
6a37e000-6a37f000 rw-p 00000000 00:00 0 
6a37f000-6a380000 ---p 00000000 00:00 0 
6a380000-6a400000 rw-p 00000000 00:00 0          [stack:18762]
6a400000-6a421000 rw-p 00000000 00:00 0 
6a421000-6a500000 ---p 00000000 00:00 0 
6a500000-6a504000 r--s 00000000 08:01 3567       /var/cache/fontconfig/a755afe4a08bf5b97852ceb7400b47bc-le32d4.cache-3
6a504000-6a506000 rw-p 00000000 00:00 0 
6a506000-6a50f000 r-xp 00000000 08:01 16793      /usr/lib/i386-linux-gnu/libXcursor.so.1.0.2
6a50f000-6a510000 r--p 00008000 08:01 16793      /usr/lib/i386-linux-gnu/libXcursor.so.1.0.2
6a510000-6a511000 rw-p 00009000 08:01 16793      /usr/lib/i386-linux-gnu/libXcursor.so.1.0.2
6a511000-6a513000 r--s 00010000 08:01 2243198    /opt/eclipse-standard/plugins/org.eclipse.core.runtime_3.9.0.v20130326-1255.jar
6a513000-6a516000 r--s 00018000 08:01 2243752    /opt/eclipse-standard/plugins/org.eclipse.equinox.common_3.6.200.v20130402-1505.jar
6a516000-6a519000 r--s 00018000 08:01 2243511    /opt/eclipse-standard/plugins/org.eclipse.core.commands_3.6.100.v20130515-1857.jar
6a519000-6a51a000 rw-p 00000000 00:00 0 
6a51a000-6a523000 r-xp 00000000 08:01 1839791    /usr/lib/jvm/java-6-openjdk-i386/jre/lib/i386/libsplashscreen.so
6a523000-6a524000 r--p 00008000 08:01 1839791    /usr/lib/jvm/java-6-openjdk-i386/jre/lib/i386/libsplashscreen.so
6a524000-6a525000 rw-p 00009000 08:01 1839791    /usr/lib/jvm/java-6-openjdk-i386/jre/lib/i386/libsplashscreen.so
6a525000-6a527000 rw-p 00000000 00:00 0 
6a527000-6a52e000 r--s 000fc000 08:01 1838998    /usr/lib/jvm/java-6-openjdk-common/jre/lib/resources.jar
6a52e000-6a531000 ---p 00000000 00:00 0 
6a531000-6a57f000 rw-p 00000000 00:00 0          [stack:18769]
6a57f000-6a580000 ---p 00000000 00:00 0 
6a580000-6a600000 rw-p 00000000 00:00 0          [stack:18761]
6a600000-6a621000 rw-p 00000000 00:00 0 
6a621000-6a700000 ---p 00000000 00:00 0 
6a700000-6a707000 r--s 00000000 08:01 1579180    /var/cache/fontconfig/6d41288fd70b0be22e8c3a91e032eec0-le32d4.cache-3
6a707000-6a70a000 r--s 00000000 08:01 3555       /var/cache/fontconfig/385c0604a188198f04d133e54aba7fe7-le32d4.cache-3
6a70a000-6a70b000 r--s 00000000 08:01 3572       /var/cache/fontconfig/4794a0821666d79190d59a36cb4f44b5-le32d4.cache-3
6a70b000-6a70f000 r--s 00000000 08:01 3553       /var/cache/fontconfig/3047814df9a2f067bd2d96a2b9c36e5a-le32d4.cache-3
6a70f000-6a710000 r--s 00000000 08:01 3570       /var/cache/fontconfig/c05880de57d1f5e948fdfacc138775d9-le32d4.cache-3
6a710000-6a716000 r--s 00000000 08:01 3565       /var/cache/fontconfig/945677eb7aeaf62f1d50efc3fb3ec7d8-le32d4.cache-3
6a716000-6a719000 r--s 00000000 08:01 519519     /var/cache/fontconfig/99e8ed0e538f840c565b6ed5dad60d56-le32d4.cache-3
6a719000-6a71c000 r--s 00000000 08:01 3552       /var/cache/fontconfig/2cd17615ca594fa2959ae173292e504c-le32d4.cache-3
6a71c000-6a723000 r--s 00000000 08:01 1579180    /var/cache/fontconfig/6d41288fd70b0be22e8c3a91e032eec0-le32d4.cache-3
6a723000-6a72e000 r--s 00000000 08:01 3549       /var/cache/fontconfig/04aabc0a78ac019cf9454389977116d2-le32d4.cache-3
6a72e000-6a731000 ---p 00000000 00:00 0 
6a731000-6a77f000 rw-p 00000000 00:00 0          [stack:18766]
6a77f000-6a780000 ---p 00000000 00:00 0 
6a780000-6a800000 rw-p 00000000 00:00 0          [stack:18760]
6a800000-6a821000 rw-p 00000000 00:00 0 
6a821000-6a900000 ---p 00000000 00:00 0 
6a900000-6a904000 r--s 00000000 08:01 3567       /var/cache/fontconfig/a755afe4a08bf5b97852ceb7400b47bc-le32d4.cache-3
6a904000-6a907000 r--s 00000000 08:01 3564       /var/cache/fontconfig/8801497958630a81b71ace7c5f9b32a8-le32d4.cache-3
6a907000-6a908000 r--s 00000000 08:01 3558       /var/cache/fontconfig/56cf4f4769d0f4abc89a4895d7bd3ae1-le32d4.cache-3
6a908000-6a909000 r--s 00000000 08:01 3569       /var/cache/fontconfig/b9d506c9ac06c20b433354fa67a72993-le32d4.cache-3
6a909000-6a90d000 r--s 00000000 08:01 3568       /var/cache/fontconfig/b47c4e1ecd0709278f4910c18777a504-le32d4.cache-3
6a90d000-6a91a000 r--s 00000000 08:01 3573       /var/cache/fontconfig/d52a8644073d54c13679302ca1180695-le32d4.cache-3
6a91a000-6a923000 r--s 00000000 08:01 519518     /var/cache/fontconfig/089dead882dea3570ffc31a9898cfb69-le32d4.cache-3
6a923000-6a92b000 r--s 00000000 08:01 11176      /var/cache/fontconfig/e13b20fdb08344e0e664864cc2ede53d-le32d4.cache-3
6a92b000-6a92e000 r--s 00000000 08:01 519517     /var/cache/fontconfig/7ef2298fde41cc6eeb7af42e48b7d293-le32d4.cache-3
6a92e000-6a931000 ---p 00000000 00:00 0 
6a931000-6a97f000 rw-p 00000000 00:00 0          [stack:18765]
6a97f000-6a980000 ---p 00000000 00:00 0 
6a980000-6aa00000 rw-p 00000000 00:00 0          [stack:18759]
6aa00000-6aa39000 rw-p 00000000 00:00 0 
6aa39000-6ab00000 ---p 00000000 00:00 0 
6ab00000-6ab01000 r--s 00000000 08:01 3577       /var/cache/fontconfig/e7071f4a29fa870f4323321c154eba04-le32d4.cache-3
6ab01000-6ab02000 r--s 00000000 08:01 3550       /var/cache/fontconfig/0d8c3b2ac0904cb8a57a757ad11a4a08-le32d4.cache-3
6ab02000-6ab05000 r--s 00000000 08:01 3555       /var/cache/fontconfig/385c0604a188198f04d133e54aba7fe7-le32d4.cache-3
6ab05000-6ab09000 r--s 00000000 08:01 3553       /var/cache/fontconfig/3047814df9a2f067bd2d96a2b9c36e5a-le32d4.cache-3
6ab09000-6ab0d000 r--s 00000000 08:01 3568       /var/cache/fontconfig/b47c4e1ecd0709278f4910c18777a504-le32d4.cache-3
6ab0d000-6ab2c000 r-xp 00000000 08:01 17393      /usr/lib/i386-linux-gnu/libxcb.so.1.1.0
6ab2c000-6ab2d000 r--p 0001f000 08:01 17393      /usr/lib/i386-linux-gnu/libxcb.so.1.1.0
6ab2d000-6ab2e000 rw-p 00020000 08:01 17393      /usr/lib/i386-linux-gnu/libxcb.so.1.1.0
6ab2e000-6ab31000 ---p 00000000 00:00 0 
6ab31000-6ab7f000 rw-p 00000000 00:00 0          [stack:18764]
6ab7f000-6ab80000 ---p 00000000 00:00 0 
6ab80000-6ac00000 rw-p 00000000 00:00 0          [stack:18758]
6ac00000-6ac21000 rw-p 00000000 00:00 0 
6ac21000-6ad00000 ---p 00000000 00:00 0 
6ad00000-6ad21000 rw-p 00000000 00:00 0 
6ad21000-6ae00000 ---p 00000000 00:00 0 
6ae00000-6ae0d000 r--s 00000000 08:01 3573       /var/cache/fontconfig/d52a8644073d54c13679302ca1180695-le32d4.cache-3
6ae0d000-6ae12000 r-xp 00000000 08:01 16797      /usr/lib/i386-linux-gnu/libXdmcp.so.6.0.0
6ae12000-6ae13000 r--p 00004000 08:01 16797      /usr/lib/i386-linux-gnu/libXdmcp.so.6.0.0
6ae13000-6ae14000 rw-p 00005000 08:01 16797      /usr/lib/i386-linux-gnu/libXdmcp.so.6.0.0
6ae14000-6ae16000 r-xp 00000000 08:01 16786      /usr/lib/i386-linux-gnu/libXau.so.6.0.0
6ae16000-6ae17000 r--p 00001000 08:01 16786      /usr/lib/i386-linux-gnu/libXau.so.6.0.0
6ae17000-6ae18000 rw-p 00002000 08:01 16786      /usr/lib/i386-linux-gnu/libXau.so.6.0.0
6ae18000-6ae27000 r-xp 00000000 08:01 8381       /usr/lib/i386-linux-gnu/libXi.so.6.1.0
6ae27000-6ae28000 r--p 0000e000 08:01 8381       /usr/lib/i386-linux-gnu/libXi.so.6.1.0
6ae28000-6ae29000 rw-p 0000f000 08:01 8381       /usr/lib/i386-linux-gnu/libXi.so.6.1.0
6ae29000-6ae2e000 r-xp 00000000 08:01 16825      /usr/lib/i386-linux-gnu/libXtst.so.6.1.0
6ae2e000-6ae2f000 r--p 00004000 08:01 16825      /usr/lib/i386-linux-gnu/libXtst.so.6.1.0
6ae2f000-6ae30000 rw-p 00005000 08:01 16825      /usr/lib/i386-linux-gnu/libXtst.so.6.1.0
6ae30000-6ae38000 r-xp 00000000 08:01 16821      /usr/lib/i386-linux-gnu/libXrender.so.1.3.0
6ae38000-6ae39000 r--p 00007000 08:01 16821      /usr/lib/i386-linux-gnu/libXrender.so.1.3.0
6ae39000-6ae3a000 rw-p 00008000 08:01 16821      /usr/lib/i386-linux-gnu/libXrender.so.1.3.0
6ae3a000-6ae4a000 r-xp 00000000 08:01 16799      /usr/lib/i386-linux-gnu/libXext.so.6.4.0
6ae4a000-6ae4b000 r--p 0000f000 08:01 16799      /usr/lib/i386-linux-gnu/libXext.so.6.4.0
6ae4b000-6ae4c000 rw-p 00010000 08:01 16799      /usr/lib/i386-linux-gnu/libXext.so.6.4.0
6ae4c000-6ae7f000 rw-p 00000000 00:00 0 
6ae7f000-6ae80000 ---p 00000000 00:00 0 
6ae80000-6af00000 rw-p 00000000 00:00 0          [stack:18757]
6af00000-6af21000 rw-p 00000000 00:00 0 
6af21000-6b000000 ---p 00000000 00:00 0 
6b000000-6b003000 r--s 00000000 08:01 3564       /var/cache/fontconfig/8801497958630a81b71ace7c5f9b32a8-le32d4.cache-3
6b003000-6b00c000 r--s 00000000 08:01 519518     /var/cache/fontconfig/089dead882dea3570ffc31a9898cfb69-le32d4.cache-3
6b00c000-6b014000 r--s 00000000 08:01 11176      /var/cache/fontconfig/e13b20fdb08344e0e664864cc2ede53d-le32d4.cache-3
6b014000-6b017000 r--s 00000000 08:01 519517     /var/cache/fontconfig/7ef2298fde41cc6eeb7af42e48b7d293-le32d4.cache-3
6b017000-6b018000 ---p 00000000 00:00 0 
6b018000-6b098000 rw-p 00000000 00:00 0          [stack:18756]
6b098000-6b099000 ---p 00000000 00:00 0 
6b099000-6b121000 rw-p 00000000 00:00 0          [stack:18755]
6b121000-6b159000 rw-p 00000000 00:00 0 
6b159000-6b16f000 rw-p 00000000 00:00 0 
6b16f000-6b2af000 rw-p 00000000 00:00 0 
6b2af000-6b2b7000 rw-p 00000000 00:00 0 
6b2b7000-6b2ef000 rw-p 00000000 00:00 0 
6b2ef000-6b305000 rw-p 00000000 00:00 0 
6b305000-6b444000 rw-p 00000000 00:00 0 
6b444000-6b44f000 rw-p 00000000 00:00 0 
6b44f000-6b4ef000 rw-p 00000000 00:00 0 
6b4ef000-6c4f0000 rw-p 00000000 00:00 0 
6c4f0000-734f0000 rw-p 00000000 00:00 0 
734f0000-75fa0000 rw-p 00000000 00:00 0 
75fa0000-9dfa0000 rw-p 00000000 00:00 0 
9dfa0000-9f4f0000 rw-p 00000000 00:00 0 
9f4f0000-b34f0000 rw-p 00000000 00:00 0 
b34f0000-b34f1000 r--s 00000000 08:01 3572       /var/cache/fontconfig/4794a0821666d79190d59a36cb4f44b5-le32d4.cache-3
b34f1000-b34f2000 r--s 00000000 08:01 3558       /var/cache/fontconfig/56cf4f4769d0f4abc89a4895d7bd3ae1-le32d4.cache-3
b34f2000-b34f4000 r--s 0000f000 08:01 1838988    /usr/lib/jvm/java-6-openjdk-common/jre/lib/ext/pulse-java.jar
b34f4000-b34f7000 r--s 00077000 08:01 1838989    /usr/lib/jvm/java-6-openjdk-common/jre/lib/ext/localedata.jar
b34f7000-b3500000 rw-p 00000000 00:00 0 
b3500000-b35b7000 rw-p 00000000 00:00 0 
b35b7000-b37f7000 rwxp 00000000 00:00 0 
b37f7000-b65b7000 rw-p 00000000 00:00 0 
b65b7000-b65c2000 r-xp 00000000 08:01 255736     /lib/i386-linux-gnu/libnss_files-2.15.so
b65c2000-b65c3000 r--p 0000a000 08:01 255736     /lib/i386-linux-gnu/libnss_files-2.15.so
b65c3000-b65c4000 rw-p 0000b000 08:01 255736     /lib/i386-linux-gnu/libnss_files-2.15.so
b65c4000-b65ce000 r-xp 00000000 08:01 255735     /lib/i386-linux-gnu/libnss_nis-2.15.so
b65ce000-b65cf000 r--p 00009000 08:01 255735     /lib/i386-linux-gnu/libnss_nis-2.15.so
b65cf000-b65d0000 rw-p 0000a000 08:01 255735     /lib/i386-linux-gnu/libnss_nis-2.15.so
b65d0000-b65e6000 r-xp 00000000 08:01 252399     /lib/i386-linux-gnu/libnsl-2.15.so
b65e6000-b65e7000 r--p 00015000 08:01 252399     /lib/i386-linux-gnu/libnsl-2.15.so
b65e7000-b65e8000 rw-p 00016000 08:01 252399     /lib/i386-linux-gnu/libnsl-2.15.so
b65e8000-b65ea000 rw-p 00000000 00:00 0 
b65ea000-b65eb000 r--s 00000000 08:01 3569       /var/cache/fontconfig/b9d506c9ac06c20b433354fa67a72993-le32d4.cache-3
b65eb000-b65ef000 r--s 00039000 08:01 1838987    /usr/lib/jvm/java-6-openjdk-common/jre/lib/ext/sunpkcs11.jar
b65ef000-b65f6000 r-xp 00000000 08:01 1839612    /usr/lib/jvm/java-6-openjdk-i386/jre/lib/i386/libzip.so
b65f6000-b65f7000 r--p 00006000 08:01 1839612    /usr/lib/jvm/java-6-openjdk-i386/jre/lib/i386/libzip.so
b65f7000-b65f8000 rw-p 00007000 08:01 1839612    /usr/lib/jvm/java-6-openjdk-i386/jre/lib/i386/libzip.so
b65f8000-b6600000 rw-s 00000000 08:01 913328     /tmp/hsperfdata_chaol/18749
b6600000-b6700000 rw-p 00000000 00:00 0 
b6700000-b6701000 r--s 00007000 08:01 1839824    /usr/share/java/java-atk-wrapper.jar
b6701000-b6708000 r-xp 00000000 08:01 255737     /lib/i386-linux-gnu/libnss_compat-2.15.so
b6708000-b6709000 r--p 00006000 08:01 255737     /lib/i386-linux-gnu/libnss_compat-2.15.so
b6709000-b670a000 rw-p 00007000 08:01 255737     /lib/i386-linux-gnu/libnss_compat-2.15.so
b670a000-b6730000 r-xp 00000000 08:01 1839598    /usr/lib/jvm/java-6-openjdk-i386/jre/lib/i386/libjava.so
b6730000-b6731000 r--p 00025000 08:01 1839598    /usr/lib/jvm/java-6-openjdk-i386/jre/lib/i386/libjava.so
b6731000-b6733000 rw-p 00026000 08:01 1839598    /usr/lib/jvm/java-6-openjdk-i386/jre/lib/i386/libjava.so
b6733000-b673a000 r-xp 00000000 08:01 252408     /lib/i386-linux-gnu/librt-2.15.so
b673a000-b673b000 r--p 00006000 08:01 252408     /lib/i386-linux-gnu/librt-2.15.so
b673b000-b673c000 rw-p 00007000 08:01 252408     /lib/i386-linux-gnu/librt-2.15.so
b673c000-b673f000 ---p 00000000 00:00 0 
b673f000-b678d000 rw-p 00000000 00:00 0          [stack:18754]
b678d000-b67a9000 r-xp 00000000 08:01 252257     /lib/i386-linux-gnu/libgcc_s.so.1
b67a9000-b67aa000 r--p 0001b000 08:01 252257     /lib/i386-linux-gnu/libgcc_s.so.1
b67aa000-b67ab000 rw-p 0001c000 08:01 252257     /lib/i386-linux-gnu/libgcc_s.so.1
b67ab000-b67d5000 r-xp 00000000 08:01 255734     /lib/i386-linux-gnu/libm-2.15.so
b67d5000-b67d6000 r--p 00029000 08:01 255734     /lib/i386-linux-gnu/libm-2.15.so
b67d6000-b67d7000 rw-p 0002a000 08:01 255734     /lib/i386-linux-gnu/libm-2.15.so
b67d7000-b68af000 r-xp 00000000 08:01 17329      /usr/lib/i386-linux-gnu/libstdc++.so.6.0.16
b68af000-b68b0000 ---p 000d8000 08:01 17329      /usr/lib/i386-linux-gnu/libstdc++.so.6.0.16
b68b0000-b68b4000 r--p 000d8000 08:01 17329      /usr/lib/i386-linux-gnu/libstdc++.so.6.0.16
b68b4000-b68b5000 rw-p 000dc000 08:01 17329      /usr/lib/i386-linux-gnu/libstdc++.so.6.0.16
b68b5000-b68bc000 rw-p 00000000 00:00 0 
b68bc000-b70dc000 r-xp 00000000 08:01 1839591    /usr/lib/jvm/java-6-openjdk-i386/jre/lib/i386/server/libjvm.so
b70dc000-b7121000 r--p 0081f000 08:01 1839591    /usr/lib/jvm/java-6-openjdk-i386/jre/lib/i386/server/libjvm.so
b7121000-b7130000 rw-p 00864000 08:01 1839591    /usr/lib/jvm/java-6-openjdk-i386/jre/lib/i386/server/libjvm.so
b7130000-b754c000 rw-p 00000000 00:00 0 
b754c000-b7560000 r-xp 00000000 08:01 252336     /lib/i386-linux-gnu/libz.so.1.2.3.4
b7560000-b7561000 r--p 00013000 08:01 252336     /lib/i386-linux-gnu/libz.so.1.2.3.4
b7561000-b7562000 rw-p 00014000 08:01 252336     /lib/i386-linux-gnu/libz.so.1.2.3.4
b7562000-b7706000 r-xp 00000000 08:01 255739     /lib/i386-linux-gnu/libc-2.15.so
b7706000-b7708000 r--p 001a4000 08:01 255739     /lib/i386-linux-gnu/libc-2.15.so
b7708000-b7709000 rw-p 001a6000 08:01 255739     /lib/i386-linux-gnu/libc-2.15.so
b7709000-b770c000 rw-p 00000000 00:00 0 
b770c000-b770f000 r-xp 00000000 08:01 255738     /lib/i386-linux-gnu/libdl-2.15.so
b770f000-b7710000 r--p 00002000 08:01 255738     /lib/i386-linux-gnu/libdl-2.15.so
b7710000-b7711000 rw-p 00003000 08:01 255738     /lib/i386-linux-gnu/libdl-2.15.so
b7711000-b7715000 r-xp 00000000 08:01 1839611    /usr/lib/jvm/java-6-openjdk-i386/jre/lib/i386/jli/libjli.so
b7715000-b7716000 r--p 00003000 08:01 1839611    /usr/lib/jvm/java-6-openjdk-i386/jre/lib/i386/jli/libjli.so
b7716000-b7717000 rw-p 00004000 08:01 1839611    /usr/lib/jvm/java-6-openjdk-i386/jre/lib/i386/jli/libjli.so
b7717000-b7718000 rw-p 00000000 00:00 0 
b7718000-b772f000 r-xp 00000000 08:01 252406     /lib/i386-linux-gnu/libpthread-2.15.so
b772f000-b7730000 r--p 00016000 08:01 252406     /lib/i386-linux-gnu/libpthread-2.15.so
b7730000-b7731000 rw-p 00017000 08:01 252406     /lib/i386-linux-gnu/libpthread-2.15.so
b7731000-b7733000 rw-p 00000000 00:00 0 
b7733000-b7735000 r--s 00001000 08:01 1838990    /usr/lib/jvm/java-6-openjdk-common/jre/lib/ext/dnsns.jar
b7735000-b7738000 r--s 00031000 08:01 1838991    /usr/lib/jvm/java-6-openjdk-common/jre/lib/ext/sunjce_provider.jar
b7738000-b7739000 r--p 005e0000 08:01 19412      /usr/lib/locale/locale-archive
b7739000-b773a000 rw-p 00000000 00:00 0 
b773a000-b773b000 r--p 00000000 00:00 0 
b773b000-b7746000 r-xp 00000000 08:01 1839627    /usr/lib/jvm/java-6-openjdk-i386/jre/lib/i386/libverify.so
b7746000-b7747000 ---p 0000b000 08:01 1839627    /usr/lib/jvm/java-6-openjdk-i386/jre/lib/i386/libverify.so
b7747000-b7748000 r--p 0000b000 08:01 1839627    /usr/lib/jvm/java-6-openjdk-i386/jre/lib/i386/libverify.so
b7748000-b7749000 rw-p 0000c000 08:01 1839627    /usr/lib/jvm/java-6-openjdk-i386/jre/lib/i386/libverify.so
b7749000-b774b000 rw-p 00000000 00:00 0 
b774b000-b774c000 r-xp 00000000 00:00 0          [vdso]
b774c000-b776c000 r-xp 00000000 08:01 252407     /lib/i386-linux-gnu/ld-2.15.so
b776c000-b776d000 r--p 0001f000 08:01 252407     /lib/i386-linux-gnu/ld-2.15.so
b776d000-b776e000 rw-p 00020000 08:01 252407     /lib/i386-linux-gnu/ld-2.15.so
bffbc000-bffde000 rw-p 00000000 00:00 0          [stack]

VM Arguments:
jvm_args: -Dfile.encoding=UTF-8 
java_command: com.adp.clocks.synergy2416.demo.MainWindow psplash:res/Background.png
Launcher Type: SUN_STANDARD

Environment Variables:
PATH=/usr/lib/lightdm/lightdm:/usr/local/sbin:/usr/local/bin:/usr/sbin:/usr/bin:/sbin:/bin:/usr/games
LD_LIBRARY_PATH=/usr/lib/jvm/java-6-openjdk-i386/jre/lib/i386/server:/usr/lib/jvm/java-6-openjdk-i386/jre/lib/i386:/usr/lib/jvm/java-6-openjdk-i386/jre/../lib/i386:/usr/lib/jni
SHELL=/bin/bash
DISPLAY=:0

Signal Handlers:
SIGSEGV: [libjvm.so+0x66e740], sa_mask[0]=0x7ffbfeff, sa_flags=0x10000004
SIGBUS: [libjvm.so+0x66e740], sa_mask[0]=0x7ffbfeff, sa_flags=0x10000004
SIGFPE: [libjvm.so+0x530480], sa_mask[0]=0x7ffbfeff, sa_flags=0x10000004
SIGPIPE: [libjvm.so+0x530480], sa_mask[0]=0x7ffbfeff, sa_flags=0x10000004
SIGXFSZ: [libjvm.so+0x530480], sa_mask[0]=0x7ffbfeff, sa_flags=0x10000004
SIGILL: [libjvm.so+0x530480], sa_mask[0]=0x7ffbfeff, sa_flags=0x10000004
SIGUSR1: SIG_DFL, sa_mask[0]=0x00000000, sa_flags=0x00000000
SIGUSR2: [libjvm.so+0x530310], sa_mask[0]=0x00000004, sa_flags=0x10000004
SIGHUP: [libjvm.so+0x5332a0], sa_mask[0]=0x7ffbfeff, sa_flags=0x10000004
SIGINT: [libjvm.so+0x5332a0], sa_mask[0]=0x7ffbfeff, sa_flags=0x10000004
SIGTERM: [libjvm.so+0x5332a0], sa_mask[0]=0x7ffbfeff, sa_flags=0x10000004
SIGQUIT: [libjvm.so+0x5332a0], sa_mask[0]=0x7ffbfeff, sa_flags=0x10000004


---------------  S Y S T E M  ---------------

OS:Ubuntu 12.04 (precise)
uname:Linux 3.8.0-35-generic #52~precise1-Ubuntu SMP Thu Jan 30 17:27:28 UTC 2014 i686
libc:glibc 2.15 NPTL 2.15 
rlimit: STACK 8192k, CORE 0k, NPROC 64475, NOFILE 4096, AS infinity
load average:0.25 0.25 0.24

/proc/meminfo:
MemTotal:        8269392 kB
MemFree:          589864 kB
Buffers:          317376 kB
Cached:          5890756 kB
SwapCached:            0 kB
Active:          4514120 kB
Inactive:        2945124 kB
Active(anon):    1252220 kB
Inactive(anon):     2544 kB
Active(file):    3261900 kB
Inactive(file):  2942580 kB
Unevictable:          32 kB
Mlocked:              32 kB
HighTotal:       7457720 kB
HighFree:         272336 kB
LowTotal:         811672 kB
LowFree:          317528 kB
SwapTotal:             0 kB
SwapFree:              0 kB
Dirty:               100 kB
Writeback:             0 kB
AnonPages:       1251388 kB
Mapped:           242204 kB
Shmem:              3652 kB
Slab:             124848 kB
SReclaimable:      96244 kB
SUnreclaim:        28604 kB
KernelStack:        5736 kB
PageTables:        16152 kB
NFS_Unstable:          0 kB
Bounce:                0 kB
WritebackTmp:          0 kB
CommitLimit:     4134696 kB
Committed_AS:    5283120 kB
VmallocTotal:     122880 kB
VmallocUsed:       60944 kB
VmallocChunk:      54772 kB
HardwareCorrupted:     0 kB
AnonHugePages:         0 kB
HugePages_Total:       0
HugePages_Free:        0
HugePages_Rsvd:        0
HugePages_Surp:        0
Hugepagesize:       2048 kB
DirectMap4k:      796664 kB
DirectMap2M:      116736 kB


CPU:total 8 (4 cores per cpu, 2 threads per core) family 6 model 42 stepping 7, cmov, cx8, fxsr, mmx, sse, sse2, sse3, ssse3, sse4.1, sse4.2, popcnt, ht

Memory: 4k page, physical 8269392k(589864k free), swap 0k(0k free)

vm_info: OpenJDK Server VM (20.0-b12) for linux-x86 JRE (1.6.0_27-b27), built on Nov 16 2013 15:21:31 by "buildd" with gcc 4.6.3

time: Wed Feb 19 17:42:33 2014
elapsed time: 2 seconds

