#
# A fatal error has been detected by the Java Runtime Environment:
#
#  SIGSEGV (0xb) at pc=0x696048b7, pid=5710, tid=1762261824
#
# JRE version: 6.0_27-b27
# Java VM: OpenJDK Server VM (20.0-b12 mixed mode linux-x86 )
# Derivative: IcedTea6 1.12.6
# Distribution: Ubuntu 12.04 LTS, package 6b27-1.12.6-1ubuntu0.12.04.4
# Problematic frame:
# C  [libsynergy2416.so+0x48b7]  _get_enroll_count+0x22
#
# If you would like to submit a bug report, please include
# instructions how to reproduce the bug and visit:
#   https://bugs.launchpad.net/ubuntu/+source/openjdk-6/
# The crash happened outside the Java Virtual Machine in native code.
# See problematic frame for where to report the bug.
#

---------------  T H R E A D  ---------------

Current thread (0x68e0a400):  JavaThread "AWT-EventQueue-0" [_thread_in_native, id=5735, stack(0x6904f000,0x690a0000)]

siginfo:si_signo=SIGSEGV: si_errno=0, si_code=1 (SEGV_MAPERR), si_addr=0x00000000

Registers:
EAX=0x00000000, EBX=0x6bf0e258, ECX=0x68e0a520, EDX=0x00000000
ESP=0x6909e380, EBP=0x6909e390, ESI=0x6bf0e258, EDI=0x68e0a400
EIP=0x696048b7, EFLAGS=0x00210297, CR2=0x00000000

Top of Stack: (sp=0x6909e380)
0x6909e380:   b6c0cd60 69400a94 00000000 00000000
0x6909e390:   6909e398 69605261 6909e3d8 69603fc3
0x6909e3a0:   6909e450 6909e420 b35127d4 b3502688
0x6909e3b0:   00000000 6909e440 6909e420 00000000
0x6909e3c0:   00000000 6bf0e258 68e0a400 6909e410
0x6909e3d0:   b350a548 68e0a400 6909e410 b350a64a
0x6909e3e0:   68e0a520 6909e418 6909e450 6909e450
0x6909e3f0:   6909e3f0 6bf0e258 6909e41c 6bf10e08 

Instructions: (pc=0x696048b7)
0x69604897:   e5 83 ec 10 c7 45 f8 00 00 00 00 c7 45 fc 00 00
0x696048a7:   00 00 eb 1b 8b 15 e4 9a 60 69 8b 45 fc 8d 04 02
0x696048b7:   0f b6 00 84 c0 74 04 83 45 f8 01 83 45 fc 01 a1
0x696048c7:   10 90 60 69 39 45 fc 7c db 8b 45 f8 c9 c3 55 89 

Register to memory mapping:

EAX=0x00000000 is an unknown value
EBX=0x6bf0e258 is an oop
{method} 
 - klass: {other class}
ECX=0x68e0a520 is an unknown value
EDX=0x00000000 is an unknown value
ESP=0x6909e380 is pointing into the stack for thread: 0x68e0a400
EBP=0x6909e390 is pointing into the stack for thread: 0x68e0a400
ESI=0x6bf0e258 is an oop
{method} 
 - klass: {other class}
EDI=0x68e0a400 is a thread


Stack: [0x6904f000,0x690a0000],  sp=0x6909e380,  free space=316k
Native frames: (J=compiled Java code, j=interpreted, Vv=VM code, C=native code)
C  [libsynergy2416.so+0x48b7]  _get_enroll_count+0x22
C  [libsynergy2416.so+0x5261]  hlpGetEnrollCount+0x8
C  [libsynergy2416.so+0x3fc3]  Java_com_adp_clocks_synergy2416_demo_FPU_FP_1IDENTIFY_1EMPLOYEE+0x19
j  com.adp.clocks.synergy2416.demo.FPU.FP_IDENTIFY_EMPLOYEE()I+0
j  com.adp.clocks.synergy2416.demo.FPU.identifyEmployee()Ljava/lang/String;+0
j  com.adp.clocks.synergy2416.demo.WelcomeForm$IdentifyEmployee.doInBackground()Ljava/lang/String;+0
j  com.adp.clocks.synergy2416.demo.WelcomeForm$IdentifyEmployee.doInBackground()Ljava/lang/Object;+1
j  javax.swing.SwingWorker$1.call()Ljava/lang/Object;+14
j  java.util.concurrent.FutureTask$Sync.innerRun()V+29
j  java.util.concurrent.FutureTask.run()V+4
j  javax.swing.SwingWorker.run()V+4
j  com.adp.clocks.synergy2416.demo.WelcomeForm.IdentifyEmp()V+31
j  com.adp.clocks.synergy2416.demo.EventController.loadWelcomeForm()V+53
j  com.adp.clocks.synergy2416.demo.EventController.returnToMain()V+155
j  com.adp.clocks.synergy2416.demo.EventController.clockStatusChanged(Lcom/adp/clocks/synergy2416/demo/ClockEventDispatcher$CLOCK_STATUS;)V+32
j  com.adp.clocks.synergy2416.demo.ClockEventDispatcher.emit(Lcom/adp/clocks/synergy2416/demo/ClockEventDispatcher$CLOCK_STATUS;)V+25
j  com.adp.clocks.synergy2416.demo.ClockEventDispatcher.diffAndEmit(Lcom/adp/clocks/synergy2416/demo/ClockEventDispatcher$CLOCK_STATUS;)V+13
j  com.adp.clocks.synergy2416.demo.ClockEventDispatcher.initialize()V+26
j  com.adp.clocks.synergy2416.demo.MainWindow.startMainThread()V+56
j  com.adp.clocks.synergy2416.demo.MainWindow.access$0()V+0
j  com.adp.clocks.synergy2416.demo.MainWindow$1.run()V+0
j  java.awt.event.InvocationEvent.dispatch()V+11
j  java.awt.EventQueue.dispatchEventImpl(Ljava/awt/AWTEvent;Ljava/lang/Object;)V+21
j  java.awt.EventQueue.access$300(Ljava/awt/EventQueue;Ljava/awt/AWTEvent;Ljava/lang/Object;)V+3
j  java.awt.EventQueue$2.run()Ljava/lang/Void;+12
j  java.awt.EventQueue$2.run()Ljava/lang/Object;+1
v  ~StubRoutines::call_stub
V  [libjvm.so+0x39b846]  JavaCalls::call_helper(JavaValue*, methodHandle*, JavaCallArguments*, Thread*)+0x2c6

Java frames: (J=compiled Java code, j=interpreted, Vv=VM code)
j  com.adp.clocks.synergy2416.demo.FPU.FP_IDENTIFY_EMPLOYEE()I+0
j  com.adp.clocks.synergy2416.demo.FPU.identifyEmployee()Ljava/lang/String;+0
j  com.adp.clocks.synergy2416.demo.WelcomeForm$IdentifyEmployee.doInBackground()Ljava/lang/String;+0
j  com.adp.clocks.synergy2416.demo.WelcomeForm$IdentifyEmployee.doInBackground()Ljava/lang/Object;+1
j  javax.swing.SwingWorker$1.call()Ljava/lang/Object;+14
j  java.util.concurrent.FutureTask$Sync.innerRun()V+29
j  java.util.concurrent.FutureTask.run()V+4
j  javax.swing.SwingWorker.run()V+4
j  com.adp.clocks.synergy2416.demo.WelcomeForm.IdentifyEmp()V+31
j  com.adp.clocks.synergy2416.demo.EventController.loadWelcomeForm()V+53
j  com.adp.clocks.synergy2416.demo.EventController.returnToMain()V+155
j  com.adp.clocks.synergy2416.demo.EventController.clockStatusChanged(Lcom/adp/clocks/synergy2416/demo/ClockEventDispatcher$CLOCK_STATUS;)V+32
j  com.adp.clocks.synergy2416.demo.ClockEventDispatcher.emit(Lcom/adp/clocks/synergy2416/demo/ClockEventDispatcher$CLOCK_STATUS;)V+25
j  com.adp.clocks.synergy2416.demo.ClockEventDispatcher.diffAndEmit(Lcom/adp/clocks/synergy2416/demo/ClockEventDispatcher$CLOCK_STATUS;)V+13
j  com.adp.clocks.synergy2416.demo.ClockEventDispatcher.initialize()V+26
j  com.adp.clocks.synergy2416.demo.MainWindow.startMainThread()V+56
j  com.adp.clocks.synergy2416.demo.MainWindow.access$0()V+0
j  com.adp.clocks.synergy2416.demo.MainWindow$1.run()V+0
j  java.awt.event.InvocationEvent.dispatch()V+11
j  java.awt.EventQueue.dispatchEventImpl(Ljava/awt/AWTEvent;Ljava/lang/Object;)V+21
j  java.awt.EventQueue.access$300(Ljava/awt/EventQueue;Ljava/awt/AWTEvent;Ljava/lang/Object;)V+3
j  java.awt.EventQueue$2.run()Ljava/lang/Void;+12
j  java.awt.EventQueue$2.run()Ljava/lang/Object;+1
v  ~StubRoutines::call_stub
j  java.security.AccessController.doPrivileged(Ljava/security/PrivilegedAction;Ljava/security/AccessControlContext;)Ljava/lang/Object;+0
j  java.security.AccessControlContext$1.doIntersectionPrivilege(Ljava/security/PrivilegedAction;Ljava/security/AccessControlContext;Ljava/security/AccessControlContext;)Ljava/lang/Object;+28
j  java.awt.EventQueue.dispatchEvent(Ljava/awt/AWTEvent;)V+46
j  java.awt.EventDispatchThread.pumpOneEventForFilters(I)Z+192
j  java.awt.EventDispatchThread.pumpEventsForFilter(ILjava/awt/Conditional;Ljava/awt/EventFilter;)V+30
j  java.awt.EventDispatchThread.pumpEventsForHierarchy(ILjava/awt/Conditional;Ljava/awt/Component;)V+11
j  java.awt.EventDispatchThread.pumpEvents(ILjava/awt/Conditional;)V+4
j  java.awt.EventDispatchThread.pumpEvents(Ljava/awt/Conditional;)V+3
j  java.awt.EventDispatchThread.run()V+9
v  ~StubRoutines::call_stub

---------------  P R O C E S S  ---------------

Java Threads: ( => current thread )
  0x687dd800 JavaThread "pool-1-thread-1" [_thread_in_vm, id=5740, stack(0x682ea000,0x6833b000)]
  0x68784800 JavaThread "Timer-0" [_thread_blocked, id=5739, stack(0x6880d000,0x6885e000)]
  0x68758000 JavaThread "Image Fetcher 1" daemon [_thread_blocked, id=5738, stack(0x6885e000,0x688af000)]
  0x68757000 JavaThread "TimerQueue" daemon [_thread_blocked, id=5737, stack(0x688af000,0x68900000)]
  0x69bbc000 JavaThread "Image Fetcher 0" daemon [_thread_blocked, id=5736, stack(0x68c0a000,0x68c5b000)]
=>0x68e0a400 JavaThread "AWT-EventQueue-0" [_thread_in_native, id=5735, stack(0x6904f000,0x690a0000)]
  0x68e09800 JavaThread "AWT-Shutdown" [_thread_blocked, id=5734, stack(0x690a0000,0x690f1000)]
  0x68e08c00 JavaThread "AWT-XAWT" daemon [_thread_in_native, id=5733, stack(0x6962e000,0x6967f000)]
  0x69782c00 JavaThread "Java2D Disposer" daemon [_thread_blocked, id=5732, stack(0x69e19000,0x69e6a000)]
  0x69706400 JavaThread "Low Memory Detector" daemon [_thread_blocked, id=5730, stack(0x6a62e000,0x6a67f000)]
  0x69704800 JavaThread "C2 CompilerThread1" daemon [_thread_blocked, id=5729, stack(0x6967f000,0x69700000)]
  0x69702800 JavaThread "C2 CompilerThread0" daemon [_thread_blocked, id=5728, stack(0x69e6a000,0x69eeb000)]
  0x69701400 JavaThread "Signal Dispatcher" daemon [_thread_blocked, id=5727, stack(0x6a82e000,0x6a87f000)]
  0xb65f0c00 JavaThread "Finalizer" daemon [_thread_blocked, id=5726, stack(0x6aa2e000,0x6aa7f000)]
  0xb65ef400 JavaThread "Reference Handler" daemon [_thread_blocked, id=5725, stack(0x6ac2e000,0x6ac7f000)]
  0xb6505c00 JavaThread "main" [_thread_blocked, id=5715, stack(0xb66f5000,0xb6746000)]

Other Threads:
  0xb65ec800 VMThread [stack: 0x69eeb000,0x69f6c000] [id=5724]
  0x69710400 WatcherThread [stack: 0x6937f000,0x69400000] [id=5731]

VM state:not at safepoint (normal execution)

VM Mutex/Monitor currently owned by a thread:  ([mutex/lock_event])
[0xb6503010] SystemDictionary_lock - owner thread: 0x00000000
[0xb6503d78] MultiArray_lock - owner thread: 0x00000000

Heap
 PSYoungGen      total 19136K, used 8543K [0x9def0000, 0x9f440000, 0xb3440000)
  eden space 16448K, 37% used [0x9def0000,0x9e4e96f0,0x9ef00000)
  from space 2688K, 90% used [0x9ef00000,0x9f15e7c0,0x9f1a0000)
  to   space 2688K, 0% used [0x9f1a0000,0x9f1a0000,0x9f440000)
 PSOldGen        total 43712K, used 0K [0x73440000, 0x75ef0000, 0x9def0000)
  object space 43712K, 0% used [0x73440000,0x73440000,0x75ef0000)
 PSPermGen       total 16384K, used 11395K [0x6b440000, 0x6c440000, 0x73440000)
  object space 16384K, 69% used [0x6b440000,0x6bf60d98,0x6c440000)

Code Cache  [0xb3500000, 0xb3740000, 0xb6500000)
 total_blobs=342 nmethods=110 adapters=186 free_code_cache=49684224 largest_free_block=11200

Dynamic libraries:
08048000-08051000 r-xp 00000000 08:01 1839571    /usr/lib/jvm/java-6-openjdk-i386/jre/bin/java
08051000-08052000 r--p 00008000 08:01 1839571    /usr/lib/jvm/java-6-openjdk-i386/jre/bin/java
08052000-08053000 rw-p 00009000 08:01 1839571    /usr/lib/jvm/java-6-openjdk-i386/jre/bin/java
087f7000-08818000 rw-p 00000000 00:00 0          [heap]
67ecf000-67ee2000 r-xp 00000000 08:01 252403     /lib/i386-linux-gnu/libresolv-2.15.so
67ee2000-67ee3000 ---p 00013000 08:01 252403     /lib/i386-linux-gnu/libresolv-2.15.so
67ee3000-67ee4000 r--p 00013000 08:01 252403     /lib/i386-linux-gnu/libresolv-2.15.so
67ee4000-67ee5000 rw-p 00014000 08:01 252403     /lib/i386-linux-gnu/libresolv-2.15.so
67ee5000-67ee7000 rw-p 00000000 00:00 0 
67ee7000-67f10000 r-xp 00000000 08:01 17362      /usr/lib/i386-linux-gnu/libvorbis.so.0.4.5
67f10000-67f11000 r--p 00028000 08:01 17362      /usr/lib/i386-linux-gnu/libvorbis.so.0.4.5
67f11000-67f12000 rw-p 00029000 08:01 17362      /usr/lib/i386-linux-gnu/libvorbis.so.0.4.5
67f12000-68078000 r-xp 00000000 08:01 17364      /usr/lib/i386-linux-gnu/libvorbisenc.so.2.0.8
68078000-68089000 r--p 00165000 08:01 17364      /usr/lib/i386-linux-gnu/libvorbisenc.so.2.0.8
68089000-6808a000 rw-p 00176000 08:01 17364      /usr/lib/i386-linux-gnu/libvorbisenc.so.2.0.8
6808a000-680d6000 r-xp 00000000 08:01 16731      /usr/lib/i386-linux-gnu/libFLAC.so.8.2.0
680d6000-680d7000 r--p 0004b000 08:01 16731      /usr/lib/i386-linux-gnu/libFLAC.so.8.2.0
680d7000-680d8000 rw-p 0004c000 08:01 16731      /usr/lib/i386-linux-gnu/libFLAC.so.8.2.0
680d8000-68144000 r-xp 00000000 08:01 17307      /usr/lib/i386-linux-gnu/libsndfile.so.1.0.25
68144000-68145000 r--p 0006c000 08:01 17307      /usr/lib/i386-linux-gnu/libsndfile.so.1.0.25
68145000-68146000 rw-p 0006d000 08:01 17307      /usr/lib/i386-linux-gnu/libsndfile.so.1.0.25
68146000-6814a000 rw-p 00000000 00:00 0 
6814a000-68191000 r-xp 00000000 08:01 252249     /lib/i386-linux-gnu/libdbus-1.so.3.5.8
68191000-68192000 r--p 00047000 08:01 252249     /lib/i386-linux-gnu/libdbus-1.so.3.5.8
68192000-68193000 rw-p 00048000 08:01 252249     /lib/i386-linux-gnu/libdbus-1.so.3.5.8
68193000-681f6000 r-xp 00000000 08:01 12624      /usr/lib/i386-linux-gnu/libpulsecommon-1.1.so
681f6000-681f7000 r--p 00062000 08:01 12624      /usr/lib/i386-linux-gnu/libpulsecommon-1.1.so
681f7000-681f8000 rw-p 00063000 08:01 12624      /usr/lib/i386-linux-gnu/libpulsecommon-1.1.so
681f8000-682e5000 r-xp 00000000 08:01 16845      /usr/lib/i386-linux-gnu/libasound.so.2.0.0
682e5000-682e9000 r--p 000ec000 08:01 16845      /usr/lib/i386-linux-gnu/libasound.so.2.0.0
682e9000-682ea000 rw-p 000f0000 08:01 16845      /usr/lib/i386-linux-gnu/libasound.so.2.0.0
682ea000-682ed000 ---p 00000000 00:00 0 
682ed000-6833b000 rw-p 00000000 00:00 0          [stack:5740]
6833b000-6835c000 r-xp 00000000 08:01 17358      /usr/lib/i386-linux-gnu/libv4lconvert.so.0
6835c000-6835d000 r--p 00021000 08:01 17358      /usr/lib/i386-linux-gnu/libv4lconvert.so.0
6835d000-6835e000 rw-p 00022000 08:01 17358      /usr/lib/i386-linux-gnu/libv4lconvert.so.0
6835e000-683b0000 rw-p 00000000 00:00 0 
683b2000-683fe000 r-xp 00000000 08:01 12623      /usr/lib/i386-linux-gnu/libpulse.so.0.13.5
683fe000-683ff000 r--p 0004b000 08:01 12623      /usr/lib/i386-linux-gnu/libpulse.so.0.13.5
683ff000-68400000 rw-p 0004c000 08:01 12623      /usr/lib/i386-linux-gnu/libpulse.so.0.13.5
68400000-684fa000 rw-p 00000000 00:00 0 
684fa000-68500000 ---p 00000000 00:00 0 
68500000-685e4000 rw-p 00000000 00:00 0 
685e4000-68600000 ---p 00000000 00:00 0 
68600000-686d0000 rw-p 00000000 00:00 0 
686d0000-68700000 ---p 00000000 00:00 0 
68700000-687f8000 rw-p 00000000 00:00 0 
687f8000-68800000 ---p 00000000 00:00 0 
6880d000-68810000 ---p 00000000 00:00 0 
68810000-6885e000 rw-p 00000000 00:00 0          [stack:5739]
6885e000-68861000 ---p 00000000 00:00 0 
68861000-688af000 rw-p 00000000 00:00 0          [stack:5738]
688af000-688b2000 ---p 00000000 00:00 0 
688b2000-68900000 rw-p 00000000 00:00 0          [stack:5737]
68900000-689e0000 rw-p 00000000 00:00 0 
689e0000-68a00000 ---p 00000000 00:00 0 
68a16000-68a1e000 r-xp 00000000 08:01 252334     /lib/i386-linux-gnu/libwrap.so.0.7.6
68a1e000-68a1f000 r--p 00007000 08:01 252334     /lib/i386-linux-gnu/libwrap.so.0.7.6
68a1f000-68a20000 rw-p 00008000 08:01 252334     /lib/i386-linux-gnu/libwrap.so.0.7.6
68a28000-68a2d000 r-xp 00000000 08:01 17411      /usr/lib/i386-linux-gnu/alsa-lib/libasound_module_pcm_pulse.so
68a2d000-68a2e000 r--p 00004000 08:01 17411      /usr/lib/i386-linux-gnu/alsa-lib/libasound_module_pcm_pulse.so
68a2e000-68a2f000 rw-p 00005000 08:01 17411      /usr/lib/i386-linux-gnu/alsa-lib/libasound_module_pcm_pulse.so
68a2f000-68a36000 r--s 00000000 08:01 14251      /usr/lib/i386-linux-gnu/gconv/gconv-modules.cache
68a36000-68abc000 rw-p 00000000 00:00 0 
68abc000-68ac2000 r-xp 00000000 08:01 17212      /usr/lib/i386-linux-gnu/libogg.so.0.7.1
68ac2000-68ac3000 r--p 00005000 08:01 17212      /usr/lib/i386-linux-gnu/libogg.so.0.7.1
68ac3000-68ac4000 rw-p 00006000 08:01 17212      /usr/lib/i386-linux-gnu/libogg.so.0.7.1
68ac4000-68ad7000 r-xp 00000000 08:01 8712       /usr/lib/libvideo.so.0
68ad7000-68ad8000 r--p 00012000 08:01 8712       /usr/lib/libvideo.so.0
68ad8000-68ad9000 rw-p 00013000 08:01 8712       /usr/lib/libvideo.so.0
68ade000-68aed000 r-xp 00000000 08:01 1839790    /usr/lib/jvm/java-6-openjdk-i386/jre/lib/i386/libjsoundalsa.so
68aed000-68aee000 r--p 0000e000 08:01 1839790    /usr/lib/jvm/java-6-openjdk-i386/jre/lib/i386/libjsoundalsa.so
68aee000-68aef000 rw-p 0000f000 08:01 1839790    /usr/lib/jvm/java-6-openjdk-i386/jre/lib/i386/libjsoundalsa.so
68aef000-68afe000 r-xp 00000000 08:01 524448     /usr/lib/jni/libv4l4j.so
68afe000-68aff000 r--p 0000e000 08:01 524448     /usr/lib/jni/libv4l4j.so
68aff000-68b00000 rw-p 0000f000 08:01 524448     /usr/lib/jni/libv4l4j.so
68b00000-68beb000 rw-p 00000000 00:00 0 
68beb000-68c00000 ---p 00000000 00:00 0 
68c02000-68c08000 r-xp 00000000 08:01 17146      /usr/lib/i386-linux-gnu/libjson.so.0.0.1
68c08000-68c09000 r--p 00005000 08:01 17146      /usr/lib/i386-linux-gnu/libjson.so.0.0.1
68c09000-68c0a000 rw-p 00006000 08:01 17146      /usr/lib/i386-linux-gnu/libjson.so.0.0.1
68c0a000-68c0d000 ---p 00000000 00:00 0 
68c0d000-68c5b000 rw-p 00000000 00:00 0          [stack:5736]
68c5b000-68ca9000 r--s 008b6000 08:01 2243423    /opt/eclipse-standard/plugins/com.ibm.icu_50.1.1.v201304230130.jar
68ca9000-68cee000 r-xp 00000000 08:01 11892      /usr/lib/i386-linux-gnu/libjpeg.so.8.0.2
68cee000-68cef000 r--p 00044000 08:01 11892      /usr/lib/i386-linux-gnu/libjpeg.so.8.0.2
68cef000-68cf0000 rw-p 00045000 08:01 11892      /usr/lib/i386-linux-gnu/libjpeg.so.8.0.2
68cf0000-68d00000 rw-p 00000000 00:00 0 
68d00000-68def000 rw-p 00000000 00:00 0 
68def000-68e00000 ---p 00000000 00:00 0 
68e00000-68e22000 rw-p 00000000 00:00 0 
68e22000-68f00000 ---p 00000000 00:00 0 
68f00000-68fe3000 rw-p 00000000 00:00 0 
68fe3000-69000000 ---p 00000000 00:00 0 
69000000-69005000 r-xp 00000000 08:01 16847      /usr/lib/i386-linux-gnu/libasyncns.so.0.3.1
69005000-69006000 r--p 00004000 08:01 16847      /usr/lib/i386-linux-gnu/libasyncns.so.0.3.1
69006000-69007000 rw-p 00005000 08:01 16847      /usr/lib/i386-linux-gnu/libasyncns.so.0.3.1
6900a000-6900b000 r-xp 00000000 08:01 1839628    /usr/lib/jvm/java-6-openjdk-i386/jre/lib/i386/libjsound.so
6900b000-6900c000 r--p 00000000 08:01 1839628    /usr/lib/jvm/java-6-openjdk-i386/jre/lib/i386/libjsound.so
6900c000-6900d000 rw-p 00001000 08:01 1839628    /usr/lib/jvm/java-6-openjdk-i386/jre/lib/i386/libjsound.so
6900d000-6904f000 r--s 00367000 08:01 2243377    /opt/eclipse-standard/plugins/org.eclipse.ui.workbench_3.105.1.v20130821-1411.jar
6904f000-69052000 ---p 00000000 00:00 0 
69052000-690a0000 rw-p 00000000 00:00 0          [stack:5735]
690a0000-690a3000 ---p 00000000 00:00 0 
690a3000-690f1000 rw-p 00000000 00:00 0          [stack:5734]
690f1000-69186000 r-xp 00000000 08:01 16989      /usr/lib/i386-linux-gnu/libfreetype.so.6.8.0
69186000-6918a000 r--p 00094000 08:01 16989      /usr/lib/i386-linux-gnu/libfreetype.so.6.8.0
6918a000-6918b000 rw-p 00098000 08:01 16989      /usr/lib/i386-linux-gnu/libfreetype.so.6.8.0
6918b000-692bb000 r-xp 00000000 08:01 14323      /usr/lib/i386-linux-gnu/libX11.so.6.3.0
692bb000-692bc000 r--p 0012f000 08:01 14323      /usr/lib/i386-linux-gnu/libX11.so.6.3.0
692bc000-692be000 rw-p 00130000 08:01 14323      /usr/lib/i386-linux-gnu/libX11.so.6.3.0
692be000-692bf000 rw-p 00000000 00:00 0 
692bf000-69353000 r-xp 00000000 08:01 1839605    /usr/lib/jvm/java-6-openjdk-i386/jre/lib/i386/libawt.so
69353000-69354000 r--p 00093000 08:01 1839605    /usr/lib/jvm/java-6-openjdk-i386/jre/lib/i386/libawt.so
69354000-6935b000 rw-p 00094000 08:01 1839605    /usr/lib/jvm/java-6-openjdk-i386/jre/lib/i386/libawt.so
6935b000-6937f000 rw-p 00000000 00:00 0 
6937f000-69380000 ---p 00000000 00:00 0 
69380000-69400000 rw-p 00000000 00:00 0          [stack:5731]
69400000-694fb000 rw-p 00000000 00:00 0 
694fb000-69500000 ---p 00000000 00:00 0 
69500000-695fc000 rw-p 00000000 00:00 0 
695fc000-69600000 ---p 00000000 00:00 0 
69600000-69608000 r-xp 00000000 08:01 524557     /usr/lib/jni/libsynergy2416.so
69608000-69609000 r--p 00007000 08:01 524557     /usr/lib/jni/libsynergy2416.so
69609000-6960a000 rw-p 00008000 08:01 524557     /usr/lib/jni/libsynergy2416.so
6960a000-69612000 r-xp 00000000 08:01 1839626    /usr/lib/jvm/java-6-openjdk-i386/jre/lib/i386/libnio.so
69612000-69613000 r--p 00007000 08:01 1839626    /usr/lib/jvm/java-6-openjdk-i386/jre/lib/i386/libnio.so
69613000-69614000 rw-p 00008000 08:01 1839626    /usr/lib/jvm/java-6-openjdk-i386/jre/lib/i386/libnio.so
69614000-69629000 r-xp 00000000 08:01 1839614    /usr/lib/jvm/java-6-openjdk-i386/jre/lib/i386/libnet.so
69629000-6962a000 r--p 00014000 08:01 1839614    /usr/lib/jvm/java-6-openjdk-i386/jre/lib/i386/libnet.so
6962a000-6962b000 rw-p 00015000 08:01 1839614    /usr/lib/jvm/java-6-openjdk-i386/jre/lib/i386/libnet.so
6962b000-6962e000 r--s 0007f000 08:01 1839014    /usr/lib/jvm/java-6-openjdk-common/jre/lib/jsse.jar
6962e000-69631000 ---p 00000000 00:00 0 
69631000-6967f000 rw-p 00000000 00:00 0          [stack:5733]
6967f000-69682000 ---p 00000000 00:00 0 
69682000-69700000 rw-p 00000000 00:00 0          [stack:5729]
69700000-697ff000 rw-p 00000000 00:00 0 
697ff000-69800000 ---p 00000000 00:00 0 
69800000-69821000 rw-p 00000000 00:00 0 
69821000-69900000 ---p 00000000 00:00 0 
69900000-69b00000 r--p 00000000 08:01 19412      /usr/lib/locale/locale-archive
69b00000-69be7000 rw-p 00000000 00:00 0 
69be7000-69c00000 ---p 00000000 00:00 0 
69c00000-69c21000 rw-p 00000000 00:00 0 
69c21000-69d00000 ---p 00000000 00:00 0 
69d00000-69d40000 rw-p 00000000 00:00 0 
69d40000-69e00000 ---p 00000000 00:00 0 
69e01000-69e06000 r--s 00045000 08:01 2243421    /opt/eclipse-standard/plugins/org.eclipse.ui.forms_3.6.1.v20130822-1117.jar
69e06000-69e19000 r--s 000e0000 08:01 2243213    /opt/eclipse-standard/plugins/org.eclipse.jface.text_3.8.101.v20130802-1147.jar
69e19000-69e1c000 ---p 00000000 00:00 0 
69e1c000-69e6a000 rw-p 00000000 00:00 0          [stack:5732]
69e6a000-69e6d000 ---p 00000000 00:00 0 
69e6d000-69eeb000 rw-p 00000000 00:00 0          [stack:5728]
69eeb000-69eec000 ---p 00000000 00:00 0 
69eec000-69f6c000 rw-p 00000000 00:00 0          [stack:5724]
69f6c000-6a100000 r--s 03822000 08:01 1839584    /usr/lib/jvm/java-6-openjdk-i386/jre/lib/rt.jar
6a100000-6a121000 rw-p 00000000 00:00 0 
6a121000-6a200000 ---p 00000000 00:00 0 
6a202000-6a216000 r--s 000f9000 08:01 2243526    /opt/eclipse-standard/plugins/org.eclipse.jface_3.9.1.v20130725-1141.jar
6a216000-6a22b000 r--s 0023a000 08:01 2243675    /opt/eclipse-standard/plugins/org.eclipse.swt.gtk.linux.x86_3.102.1.v20130827-2048.jar
6a22b000-6a233000 r-xp 00000000 08:01 1839774    /usr/lib/i386-linux-gnu/libgif.so.4.1.6
6a233000-6a234000 r--p 00007000 08:01 1839774    /usr/lib/i386-linux-gnu/libgif.so.4.1.6
6a234000-6a235000 rw-p 00008000 08:01 1839774    /usr/lib/i386-linux-gnu/libgif.so.4.1.6
6a235000-6a27d000 r-xp 00000000 08:01 1839595    /usr/lib/jvm/java-6-openjdk-i386/jre/lib/i386/libfontmanager.so
6a27d000-6a27e000 r--p 00048000 08:01 1839595    /usr/lib/jvm/java-6-openjdk-i386/jre/lib/i386/libfontmanager.so
6a27e000-6a27f000 rw-p 00049000 08:01 1839595    /usr/lib/jvm/java-6-openjdk-i386/jre/lib/i386/libfontmanager.so
6a27f000-6a280000 ---p 00000000 00:00 0 
6a280000-6a300000 rw-p 00000000 00:00 0          [stack:5723]
6a300000-6a321000 rw-p 00000000 00:00 0 
6a321000-6a400000 ---p 00000000 00:00 0 
6a400000-6a405000 r--s 00038000 08:01 2243571    /opt/eclipse-standard/plugins/org.eclipse.text_3.5.300.v20130515-1451.jar
6a405000-6a42d000 r-xp 00000000 08:01 252306     /lib/i386-linux-gnu/libpng12.so.0.46.0
6a42d000-6a42e000 r--p 00027000 08:01 252306     /lib/i386-linux-gnu/libpng12.so.0.46.0
6a42e000-6a42f000 rw-p 00028000 08:01 252306     /lib/i386-linux-gnu/libpng12.so.0.46.0
6a42f000-6a47b000 r-xp 00000000 08:01 1839789    /usr/lib/jvm/java-6-openjdk-i386/jre/lib/i386/xawt/libmawt.so
6a47b000-6a47c000 r--p 0004b000 08:01 1839789    /usr/lib/jvm/java-6-openjdk-i386/jre/lib/i386/xawt/libmawt.so
6a47c000-6a47e000 rw-p 0004c000 08:01 1839789    /usr/lib/jvm/java-6-openjdk-i386/jre/lib/i386/xawt/libmawt.so
6a47e000-6a47f000 rw-p 00000000 00:00 0 
6a47f000-6a480000 ---p 00000000 00:00 0 
6a480000-6a500000 rw-p 00000000 00:00 0          [stack:5722]
6a500000-6a521000 rw-p 00000000 00:00 0 
6a521000-6a600000 ---p 00000000 00:00 0 
6a600000-6a603000 r--s 00019000 08:01 864259     /home/chaol/workspace-java/ADP-Demo-GUI/src/com/adp/clocks/synergy2416/res/v4l4j.jar
6a603000-6a606000 r--s 0002a000 08:01 2243555    /opt/eclipse-standard/plugins/org.eclipse.equinox.registry_3.5.301.v20130717-1549.jar
6a606000-6a61a000 r--s 00140000 08:01 2243684    /opt/eclipse-standard/plugins/org.eclipse.osgi_3.9.1.v20130814-1242.jar
6a61a000-6a61e000 r-xp 00000000 08:01 13641      /usr/lib/i386-linux-gnu/libXfixes.so.3.1.0
6a61e000-6a61f000 r--p 00004000 08:01 13641      /usr/lib/i386-linux-gnu/libXfixes.so.3.1.0
6a61f000-6a620000 rw-p 00005000 08:01 13641      /usr/lib/i386-linux-gnu/libXfixes.so.3.1.0
6a620000-6a621000 r--s 00000000 08:01 3570       /var/cache/fontconfig/c05880de57d1f5e948fdfacc138775d9-le32d4.cache-3
6a621000-6a627000 r--s 00000000 08:01 3565       /var/cache/fontconfig/945677eb7aeaf62f1d50efc3fb3ec7d8-le32d4.cache-3
6a627000-6a62a000 r--s 00000000 08:01 519519     /var/cache/fontconfig/99e8ed0e538f840c565b6ed5dad60d56-le32d4.cache-3
6a62a000-6a62d000 r--s 00000000 08:01 3552       /var/cache/fontconfig/2cd17615ca594fa2959ae173292e504c-le32d4.cache-3
6a62d000-6a62e000 r--s 00000000 08:01 3577       /var/cache/fontconfig/e7071f4a29fa870f4323321c154eba04-le32d4.cache-3
6a62e000-6a631000 ---p 00000000 00:00 0 
6a631000-6a67f000 rw-p 00000000 00:00 0          [stack:5730]
6a67f000-6a680000 ---p 00000000 00:00 0 
6a680000-6a700000 rw-p 00000000 00:00 0          [stack:5721]
6a700000-6a723000 rw-p 00000000 00:00 0 
6a723000-6a800000 ---p 00000000 00:00 0 
6a800000-6a804000 r--s 00000000 08:01 3567       /var/cache/fontconfig/a755afe4a08bf5b97852ceb7400b47bc-le32d4.cache-3
6a804000-6a806000 rw-p 00000000 00:00 0 
6a806000-6a80f000 r-xp 00000000 08:01 16793      /usr/lib/i386-linux-gnu/libXcursor.so.1.0.2
6a80f000-6a810000 r--p 00008000 08:01 16793      /usr/lib/i386-linux-gnu/libXcursor.so.1.0.2
6a810000-6a811000 rw-p 00009000 08:01 16793      /usr/lib/i386-linux-gnu/libXcursor.so.1.0.2
6a811000-6a813000 r--s 00010000 08:01 2243198    /opt/eclipse-standard/plugins/org.eclipse.core.runtime_3.9.0.v20130326-1255.jar
6a813000-6a816000 r--s 00018000 08:01 2243752    /opt/eclipse-standard/plugins/org.eclipse.equinox.common_3.6.200.v20130402-1505.jar
6a816000-6a819000 r--s 00018000 08:01 2243511    /opt/eclipse-standard/plugins/org.eclipse.core.commands_3.6.100.v20130515-1857.jar
6a819000-6a81a000 rw-p 00000000 00:00 0 
6a81a000-6a823000 r-xp 00000000 08:01 1839791    /usr/lib/jvm/java-6-openjdk-i386/jre/lib/i386/libsplashscreen.so
6a823000-6a824000 r--p 00008000 08:01 1839791    /usr/lib/jvm/java-6-openjdk-i386/jre/lib/i386/libsplashscreen.so
6a824000-6a825000 rw-p 00009000 08:01 1839791    /usr/lib/jvm/java-6-openjdk-i386/jre/lib/i386/libsplashscreen.so
6a825000-6a827000 rw-p 00000000 00:00 0 
6a827000-6a82e000 r--s 000fc000 08:01 1838998    /usr/lib/jvm/java-6-openjdk-common/jre/lib/resources.jar
6a82e000-6a831000 ---p 00000000 00:00 0 
6a831000-6a87f000 rw-p 00000000 00:00 0          [stack:5727]
6a87f000-6a880000 ---p 00000000 00:00 0 
6a880000-6a900000 rw-p 00000000 00:00 0          [stack:5720]
6a900000-6a921000 rw-p 00000000 00:00 0 
6a921000-6aa00000 ---p 00000000 00:00 0 
6aa00000-6aa01000 r--s 00000000 08:01 3550       /var/cache/fontconfig/0d8c3b2ac0904cb8a57a757ad11a4a08-le32d4.cache-3
6aa01000-6aa08000 r--s 00000000 08:01 1579180    /var/cache/fontconfig/6d41288fd70b0be22e8c3a91e032eec0-le32d4.cache-3
6aa08000-6aa13000 r--s 00000000 08:01 3549       /var/cache/fontconfig/04aabc0a78ac019cf9454389977116d2-le32d4.cache-3
6aa13000-6aa16000 r--s 00000000 08:01 3555       /var/cache/fontconfig/385c0604a188198f04d133e54aba7fe7-le32d4.cache-3
6aa16000-6aa17000 r--s 00000000 08:01 3572       /var/cache/fontconfig/4794a0821666d79190d59a36cb4f44b5-le32d4.cache-3
6aa17000-6aa1b000 r--s 00000000 08:01 3553       /var/cache/fontconfig/3047814df9a2f067bd2d96a2b9c36e5a-le32d4.cache-3
6aa1b000-6aa21000 r--s 00000000 08:01 3565       /var/cache/fontconfig/945677eb7aeaf62f1d50efc3fb3ec7d8-le32d4.cache-3
6aa21000-6aa24000 r--s 00000000 08:01 519519     /var/cache/fontconfig/99e8ed0e538f840c565b6ed5dad60d56-le32d4.cache-3
6aa24000-6aa27000 r--s 00000000 08:01 3552       /var/cache/fontconfig/2cd17615ca594fa2959ae173292e504c-le32d4.cache-3
6aa27000-6aa2e000 r--s 00000000 08:01 1579180    /var/cache/fontconfig/6d41288fd70b0be22e8c3a91e032eec0-le32d4.cache-3
6aa2e000-6aa31000 ---p 00000000 00:00 0 
6aa31000-6aa7f000 rw-p 00000000 00:00 0          [stack:5726]
6aa7f000-6aa80000 ---p 00000000 00:00 0 
6aa80000-6ab00000 rw-p 00000000 00:00 0          [stack:5719]
6ab00000-6ab21000 rw-p 00000000 00:00 0 
6ab21000-6ac00000 ---p 00000000 00:00 0 
6ac00000-6ac04000 r--s 00000000 08:01 3567       /var/cache/fontconfig/a755afe4a08bf5b97852ceb7400b47bc-le32d4.cache-3
6ac04000-6ac07000 r--s 00000000 08:01 3564       /var/cache/fontconfig/8801497958630a81b71ace7c5f9b32a8-le32d4.cache-3
6ac07000-6ac08000 r--s 00000000 08:01 3558       /var/cache/fontconfig/56cf4f4769d0f4abc89a4895d7bd3ae1-le32d4.cache-3
6ac08000-6ac09000 r--s 00000000 08:01 3569       /var/cache/fontconfig/b9d506c9ac06c20b433354fa67a72993-le32d4.cache-3
6ac09000-6ac0d000 r--s 00000000 08:01 3568       /var/cache/fontconfig/b47c4e1ecd0709278f4910c18777a504-le32d4.cache-3
6ac0d000-6ac1a000 r--s 00000000 08:01 3573       /var/cache/fontconfig/d52a8644073d54c13679302ca1180695-le32d4.cache-3
6ac1a000-6ac23000 r--s 00000000 08:01 519518     /var/cache/fontconfig/089dead882dea3570ffc31a9898cfb69-le32d4.cache-3
6ac23000-6ac2b000 r--s 00000000 08:01 11176      /var/cache/fontconfig/e13b20fdb08344e0e664864cc2ede53d-le32d4.cache-3
6ac2b000-6ac2e000 r--s 00000000 08:01 519517     /var/cache/fontconfig/7ef2298fde41cc6eeb7af42e48b7d293-le32d4.cache-3
6ac2e000-6ac31000 ---p 00000000 00:00 0 
6ac31000-6ac7f000 rw-p 00000000 00:00 0          [stack:5725]
6ac7f000-6ac80000 ---p 00000000 00:00 0 
6ac80000-6ad00000 rw-p 00000000 00:00 0          [stack:5718]
6ad00000-6ad21000 rw-p 00000000 00:00 0 
6ad21000-6ae00000 ---p 00000000 00:00 0 
6ae00000-6ae01000 r--s 00000000 08:01 3570       /var/cache/fontconfig/c05880de57d1f5e948fdfacc138775d9-le32d4.cache-3
6ae01000-6ae02000 r--s 00000000 08:01 3577       /var/cache/fontconfig/e7071f4a29fa870f4323321c154eba04-le32d4.cache-3
6ae02000-6ae0d000 r--s 00000000 08:01 3549       /var/cache/fontconfig/04aabc0a78ac019cf9454389977116d2-le32d4.cache-3
6ae0d000-6ae10000 r--s 00000000 08:01 3555       /var/cache/fontconfig/385c0604a188198f04d133e54aba7fe7-le32d4.cache-3
6ae10000-6ae13000 r--s 00000000 08:01 3564       /var/cache/fontconfig/8801497958630a81b71ace7c5f9b32a8-le32d4.cache-3
6ae13000-6ae17000 r--s 00000000 08:01 3553       /var/cache/fontconfig/3047814df9a2f067bd2d96a2b9c36e5a-le32d4.cache-3
6ae17000-6ae24000 r--s 00000000 08:01 3573       /var/cache/fontconfig/d52a8644073d54c13679302ca1180695-le32d4.cache-3
6ae24000-6ae29000 r-xp 00000000 08:01 16797      /usr/lib/i386-linux-gnu/libXdmcp.so.6.0.0
6ae29000-6ae2a000 r--p 00004000 08:01 16797      /usr/lib/i386-linux-gnu/libXdmcp.so.6.0.0
6ae2a000-6ae2b000 rw-p 00005000 08:01 16797      /usr/lib/i386-linux-gnu/libXdmcp.so.6.0.0
6ae2b000-6ae4a000 r-xp 00000000 08:01 17393      /usr/lib/i386-linux-gnu/libxcb.so.1.1.0
6ae4a000-6ae4b000 r--p 0001f000 08:01 17393      /usr/lib/i386-linux-gnu/libxcb.so.1.1.0
6ae4b000-6ae4c000 rw-p 00020000 08:01 17393      /usr/lib/i386-linux-gnu/libxcb.so.1.1.0
6ae4c000-6ae7f000 rw-p 00000000 00:00 0 
6ae7f000-6ae80000 ---p 00000000 00:00 0 
6ae80000-6af00000 rw-p 00000000 00:00 0          [stack:5717]
6af00000-6af21000 rw-p 00000000 00:00 0 
6af21000-6b000000 ---p 00000000 00:00 0 
6b000000-6b001000 r--s 00000000 08:01 3550       /var/cache/fontconfig/0d8c3b2ac0904cb8a57a757ad11a4a08-le32d4.cache-3
6b001000-6b002000 r--s 00000000 08:01 3572       /var/cache/fontconfig/4794a0821666d79190d59a36cb4f44b5-le32d4.cache-3
6b002000-6b006000 r--s 00000000 08:01 3568       /var/cache/fontconfig/b47c4e1ecd0709278f4910c18777a504-le32d4.cache-3
6b006000-6b015000 r-xp 00000000 08:01 8381       /usr/lib/i386-linux-gnu/libXi.so.6.1.0
6b015000-6b016000 r--p 0000e000 08:01 8381       /usr/lib/i386-linux-gnu/libXi.so.6.1.0
6b016000-6b017000 rw-p 0000f000 08:01 8381       /usr/lib/i386-linux-gnu/libXi.so.6.1.0
6b017000-6b01c000 r-xp 00000000 08:01 16825      /usr/lib/i386-linux-gnu/libXtst.so.6.1.0
6b01c000-6b01d000 r--p 00004000 08:01 16825      /usr/lib/i386-linux-gnu/libXtst.so.6.1.0
6b01d000-6b01e000 rw-p 00005000 08:01 16825      /usr/lib/i386-linux-gnu/libXtst.so.6.1.0
6b01e000-6b026000 r-xp 00000000 08:01 16821      /usr/lib/i386-linux-gnu/libXrender.so.1.3.0
6b026000-6b027000 r--p 00007000 08:01 16821      /usr/lib/i386-linux-gnu/libXrender.so.1.3.0
6b027000-6b028000 rw-p 00008000 08:01 16821      /usr/lib/i386-linux-gnu/libXrender.so.1.3.0
6b028000-6b029000 ---p 00000000 00:00 0 
6b029000-6b0bf000 rw-p 00000000 00:00 0          [stack:5716]
6b0bf000-6b1ff000 rw-p 00000000 00:00 0 
6b1ff000-6b207000 rw-p 00000000 00:00 0 
6b207000-6b23f000 rw-p 00000000 00:00 0 
6b23f000-6b255000 rw-p 00000000 00:00 0 
6b255000-6b394000 rw-p 00000000 00:00 0 
6b394000-6b39f000 rw-p 00000000 00:00 0 
6b39f000-6b43f000 rw-p 00000000 00:00 0 
6b43f000-6c440000 rw-p 00000000 00:00 0 
6c440000-73440000 rw-p 00000000 00:00 0 
73440000-75ef0000 rw-p 00000000 00:00 0 
75ef0000-9def0000 rw-p 00000000 00:00 0 
9def0000-9f440000 rw-p 00000000 00:00 0 
9f440000-b3440000 rw-p 00000000 00:00 0 
b3440000-b3449000 rw-p 00000000 00:00 0 
b3449000-b3500000 rw-p 00000000 00:00 0 
b3500000-b3740000 rwxp 00000000 00:00 0 
b3740000-b6600000 rw-p 00000000 00:00 0 
b6600000-b6602000 r-xp 00000000 08:01 16786      /usr/lib/i386-linux-gnu/libXau.so.6.0.0
b6602000-b6603000 r--p 00001000 08:01 16786      /usr/lib/i386-linux-gnu/libXau.so.6.0.0
b6603000-b6604000 rw-p 00002000 08:01 16786      /usr/lib/i386-linux-gnu/libXau.so.6.0.0
b6604000-b6614000 r-xp 00000000 08:01 16799      /usr/lib/i386-linux-gnu/libXext.so.6.4.0
b6614000-b6615000 r--p 0000f000 08:01 16799      /usr/lib/i386-linux-gnu/libXext.so.6.4.0
b6615000-b6616000 rw-p 00010000 08:01 16799      /usr/lib/i386-linux-gnu/libXext.so.6.4.0
b6616000-b6617000 r--s 00000000 08:01 3558       /var/cache/fontconfig/56cf4f4769d0f4abc89a4895d7bd3ae1-le32d4.cache-3
b6617000-b6618000 r--s 00000000 08:01 3569       /var/cache/fontconfig/b9d506c9ac06c20b433354fa67a72993-le32d4.cache-3
b6618000-b6621000 r--s 00000000 08:01 519518     /var/cache/fontconfig/089dead882dea3570ffc31a9898cfb69-le32d4.cache-3
b6621000-b6629000 r--s 00000000 08:01 11176      /var/cache/fontconfig/e13b20fdb08344e0e664864cc2ede53d-le32d4.cache-3
b6629000-b662c000 r--s 00000000 08:01 519517     /var/cache/fontconfig/7ef2298fde41cc6eeb7af42e48b7d293-le32d4.cache-3
b662c000-b662e000 r--s 0000f000 08:01 1838988    /usr/lib/jvm/java-6-openjdk-common/jre/lib/ext/pulse-java.jar
b662e000-b6631000 r--s 00077000 08:01 1838989    /usr/lib/jvm/java-6-openjdk-common/jre/lib/ext/localedata.jar
b6631000-b6639000 rw-p 00000000 00:00 0 
b6639000-b6671000 rw-p 00000000 00:00 0 
b6671000-b667c000 r-xp 00000000 08:01 255736     /lib/i386-linux-gnu/libnss_files-2.15.so
b667c000-b667d000 r--p 0000a000 08:01 255736     /lib/i386-linux-gnu/libnss_files-2.15.so
b667d000-b667e000 rw-p 0000b000 08:01 255736     /lib/i386-linux-gnu/libnss_files-2.15.so
b667e000-b6688000 r-xp 00000000 08:01 255735     /lib/i386-linux-gnu/libnss_nis-2.15.so
b6688000-b6689000 r--p 00009000 08:01 255735     /lib/i386-linux-gnu/libnss_nis-2.15.so
b6689000-b668a000 rw-p 0000a000 08:01 255735     /lib/i386-linux-gnu/libnss_nis-2.15.so
b668a000-b66a0000 r-xp 00000000 08:01 252399     /lib/i386-linux-gnu/libnsl-2.15.so
b66a0000-b66a1000 r--p 00015000 08:01 252399     /lib/i386-linux-gnu/libnsl-2.15.so
b66a1000-b66a2000 rw-p 00016000 08:01 252399     /lib/i386-linux-gnu/libnsl-2.15.so
b66a2000-b66a4000 rw-p 00000000 00:00 0 
b66a4000-b66ab000 r-xp 00000000 08:01 255737     /lib/i386-linux-gnu/libnss_compat-2.15.so
b66ab000-b66ac000 r--p 00006000 08:01 255737     /lib/i386-linux-gnu/libnss_compat-2.15.so
b66ac000-b66ad000 rw-p 00007000 08:01 255737     /lib/i386-linux-gnu/libnss_compat-2.15.so
b66ad000-b66ae000 r--s 00007000 08:01 1839824    /usr/share/java/java-atk-wrapper.jar
b66ae000-b66b2000 r--s 00039000 08:01 1838987    /usr/lib/jvm/java-6-openjdk-common/jre/lib/ext/sunpkcs11.jar
b66b2000-b66b9000 r-xp 00000000 08:01 1839612    /usr/lib/jvm/java-6-openjdk-i386/jre/lib/i386/libzip.so
b66b9000-b66ba000 r--p 00006000 08:01 1839612    /usr/lib/jvm/java-6-openjdk-i386/jre/lib/i386/libzip.so
b66ba000-b66bb000 rw-p 00007000 08:01 1839612    /usr/lib/jvm/java-6-openjdk-i386/jre/lib/i386/libzip.so
b66bb000-b66c3000 rw-s 00000000 08:01 865466     /tmp/hsperfdata_chaol/5710
b66c3000-b66e9000 r-xp 00000000 08:01 1839598    /usr/lib/jvm/java-6-openjdk-i386/jre/lib/i386/libjava.so
b66e9000-b66ea000 r--p 00025000 08:01 1839598    /usr/lib/jvm/java-6-openjdk-i386/jre/lib/i386/libjava.so
b66ea000-b66ec000 rw-p 00026000 08:01 1839598    /usr/lib/jvm/java-6-openjdk-i386/jre/lib/i386/libjava.so
b66ec000-b66f3000 r-xp 00000000 08:01 252408     /lib/i386-linux-gnu/librt-2.15.so
b66f3000-b66f4000 r--p 00006000 08:01 252408     /lib/i386-linux-gnu/librt-2.15.so
b66f4000-b66f5000 rw-p 00007000 08:01 252408     /lib/i386-linux-gnu/librt-2.15.so
b66f5000-b66f8000 ---p 00000000 00:00 0 
b66f8000-b6746000 rw-p 00000000 00:00 0          [stack:5715]
b6746000-b6762000 r-xp 00000000 08:01 252257     /lib/i386-linux-gnu/libgcc_s.so.1
b6762000-b6763000 r--p 0001b000 08:01 252257     /lib/i386-linux-gnu/libgcc_s.so.1
b6763000-b6764000 rw-p 0001c000 08:01 252257     /lib/i386-linux-gnu/libgcc_s.so.1
b6764000-b678e000 r-xp 00000000 08:01 255734     /lib/i386-linux-gnu/libm-2.15.so
b678e000-b678f000 r--p 00029000 08:01 255734     /lib/i386-linux-gnu/libm-2.15.so
b678f000-b6790000 rw-p 0002a000 08:01 255734     /lib/i386-linux-gnu/libm-2.15.so
b6790000-b6868000 r-xp 00000000 08:01 17329      /usr/lib/i386-linux-gnu/libstdc++.so.6.0.16
b6868000-b6869000 ---p 000d8000 08:01 17329      /usr/lib/i386-linux-gnu/libstdc++.so.6.0.16
b6869000-b686d000 r--p 000d8000 08:01 17329      /usr/lib/i386-linux-gnu/libstdc++.so.6.0.16
b686d000-b686e000 rw-p 000dc000 08:01 17329      /usr/lib/i386-linux-gnu/libstdc++.so.6.0.16
b686e000-b6875000 rw-p 00000000 00:00 0 
b6875000-b7095000 r-xp 00000000 08:01 1839591    /usr/lib/jvm/java-6-openjdk-i386/jre/lib/i386/server/libjvm.so
b7095000-b70da000 r--p 0081f000 08:01 1839591    /usr/lib/jvm/java-6-openjdk-i386/jre/lib/i386/server/libjvm.so
b70da000-b70e9000 rw-p 00864000 08:01 1839591    /usr/lib/jvm/java-6-openjdk-i386/jre/lib/i386/server/libjvm.so
b70e9000-b7505000 rw-p 00000000 00:00 0 
b7505000-b7519000 r-xp 00000000 08:01 252336     /lib/i386-linux-gnu/libz.so.1.2.3.4
b7519000-b751a000 r--p 00013000 08:01 252336     /lib/i386-linux-gnu/libz.so.1.2.3.4
b751a000-b751b000 rw-p 00014000 08:01 252336     /lib/i386-linux-gnu/libz.so.1.2.3.4
b751b000-b76bf000 r-xp 00000000 08:01 255739     /lib/i386-linux-gnu/libc-2.15.so
b76bf000-b76c1000 r--p 001a4000 08:01 255739     /lib/i386-linux-gnu/libc-2.15.so
b76c1000-b76c2000 rw-p 001a6000 08:01 255739     /lib/i386-linux-gnu/libc-2.15.so
b76c2000-b76c5000 rw-p 00000000 00:00 0 
b76c5000-b76c8000 r-xp 00000000 08:01 255738     /lib/i386-linux-gnu/libdl-2.15.so
b76c8000-b76c9000 r--p 00002000 08:01 255738     /lib/i386-linux-gnu/libdl-2.15.so
b76c9000-b76ca000 rw-p 00003000 08:01 255738     /lib/i386-linux-gnu/libdl-2.15.so
b76ca000-b76ce000 r-xp 00000000 08:01 1839611    /usr/lib/jvm/java-6-openjdk-i386/jre/lib/i386/jli/libjli.so
b76ce000-b76cf000 r--p 00003000 08:01 1839611    /usr/lib/jvm/java-6-openjdk-i386/jre/lib/i386/jli/libjli.so
b76cf000-b76d0000 rw-p 00004000 08:01 1839611    /usr/lib/jvm/java-6-openjdk-i386/jre/lib/i386/jli/libjli.so
b76d0000-b76d1000 rw-p 00000000 00:00 0 
b76d1000-b76e8000 r-xp 00000000 08:01 252406     /lib/i386-linux-gnu/libpthread-2.15.so
b76e8000-b76e9000 r--p 00016000 08:01 252406     /lib/i386-linux-gnu/libpthread-2.15.so
b76e9000-b76ea000 rw-p 00017000 08:01 252406     /lib/i386-linux-gnu/libpthread-2.15.so
b76ea000-b76ec000 rw-p 00000000 00:00 0 
b76ec000-b76ee000 r--s 00001000 08:01 1838990    /usr/lib/jvm/java-6-openjdk-common/jre/lib/ext/dnsns.jar
b76ee000-b76f1000 r--s 00031000 08:01 1838991    /usr/lib/jvm/java-6-openjdk-common/jre/lib/ext/sunjce_provider.jar
b76f1000-b76f2000 r--p 005e0000 08:01 19412      /usr/lib/locale/locale-archive
b76f2000-b76f3000 rw-p 00000000 00:00 0 
b76f3000-b76f4000 r--p 00000000 00:00 0 
b76f4000-b76ff000 r-xp 00000000 08:01 1839627    /usr/lib/jvm/java-6-openjdk-i386/jre/lib/i386/libverify.so
b76ff000-b7700000 ---p 0000b000 08:01 1839627    /usr/lib/jvm/java-6-openjdk-i386/jre/lib/i386/libverify.so
b7700000-b7701000 r--p 0000b000 08:01 1839627    /usr/lib/jvm/java-6-openjdk-i386/jre/lib/i386/libverify.so
b7701000-b7702000 rw-p 0000c000 08:01 1839627    /usr/lib/jvm/java-6-openjdk-i386/jre/lib/i386/libverify.so
b7702000-b7704000 rw-p 00000000 00:00 0 
b7704000-b7705000 r-xp 00000000 00:00 0          [vdso]
b7705000-b7725000 r-xp 00000000 08:01 252407     /lib/i386-linux-gnu/ld-2.15.so
b7725000-b7726000 r--p 0001f000 08:01 252407     /lib/i386-linux-gnu/ld-2.15.so
b7726000-b7727000 rw-p 00020000 08:01 252407     /lib/i386-linux-gnu/ld-2.15.so
bfadd000-bfaff000 rw-p 00000000 00:00 0          [stack]

VM Arguments:
jvm_args: -Dfile.encoding=UTF-8 
java_command: com.adp.clocks.synergy2416.demo.MainWindow psplash:res/Background.png
Launcher Type: SUN_STANDARD

Environment Variables:
PATH=/usr/lib/lightdm/lightdm:/usr/local/sbin:/usr/local/bin:/usr/sbin:/usr/bin:/sbin:/bin:/usr/games
LD_LIBRARY_PATH=/usr/lib/jvm/java-6-openjdk-i386/jre/lib/i386/server:/usr/lib/jvm/java-6-openjdk-i386/jre/lib/i386:/usr/lib/jvm/java-6-openjdk-i386/jre/../lib/i386:/usr/lib/jni
SHELL=/bin/bash
DISPLAY=:0

Signal Handlers:
SIGSEGV: [libjvm.so+0x66e740], sa_mask[0]=0x7ffbfeff, sa_flags=0x10000004
SIGBUS: [libjvm.so+0x66e740], sa_mask[0]=0x7ffbfeff, sa_flags=0x10000004
SIGFPE: [libjvm.so+0x530480], sa_mask[0]=0x7ffbfeff, sa_flags=0x10000004
SIGPIPE: [libjvm.so+0x530480], sa_mask[0]=0x7ffbfeff, sa_flags=0x10000004
SIGXFSZ: [libjvm.so+0x530480], sa_mask[0]=0x7ffbfeff, sa_flags=0x10000004
SIGILL: [libjvm.so+0x530480], sa_mask[0]=0x7ffbfeff, sa_flags=0x10000004
SIGUSR1: SIG_DFL, sa_mask[0]=0x00000000, sa_flags=0x00000000
SIGUSR2: [libjvm.so+0x530310], sa_mask[0]=0x00000004, sa_flags=0x10000004
SIGHUP: [libjvm.so+0x5332a0], sa_mask[0]=0x7ffbfeff, sa_flags=0x10000004
SIGINT: [libjvm.so+0x5332a0], sa_mask[0]=0x7ffbfeff, sa_flags=0x10000004
SIGTERM: [libjvm.so+0x5332a0], sa_mask[0]=0x7ffbfeff, sa_flags=0x10000004
SIGQUIT: [libjvm.so+0x5332a0], sa_mask[0]=0x7ffbfeff, sa_flags=0x10000004


---------------  S Y S T E M  ---------------

OS:Ubuntu 12.04 (precise)
uname:Linux 3.8.0-35-generic #52~precise1-Ubuntu SMP Thu Jan 30 17:27:28 UTC 2014 i686
libc:glibc 2.15 NPTL 2.15 
rlimit: STACK 8192k, CORE 0k, NPROC 64475, NOFILE 4096, AS infinity
load average:0.14 0.22 0.25

/proc/meminfo:
MemTotal:        8269392 kB
MemFree:         5501468 kB
Buffers:          528688 kB
Cached:           953508 kB
SwapCached:            0 kB
Active:          1527876 kB
Inactive:        1011928 kB
Active(anon):    1058596 kB
Inactive(anon):    12304 kB
Active(file):     469280 kB
Inactive(file):   999624 kB
Unevictable:           0 kB
Mlocked:               0 kB
HighTotal:       7457720 kB
HighFree:        5415340 kB
LowTotal:         811672 kB
LowFree:           86128 kB
SwapTotal:             0 kB
SwapFree:              0 kB
Dirty:              3288 kB
Writeback:             0 kB
AnonPages:       1057572 kB
Mapped:           239592 kB
Shmem:             13292 kB
Slab:             122500 kB
SReclaimable:      97264 kB
SUnreclaim:        25236 kB
KernelStack:        5096 kB
PageTables:        11556 kB
NFS_Unstable:          0 kB
Bounce:                0 kB
WritebackTmp:          0 kB
CommitLimit:     4134696 kB
Committed_AS:    4302600 kB
VmallocTotal:     122880 kB
VmallocUsed:       53304 kB
VmallocChunk:      57332 kB
HardwareCorrupted:     0 kB
AnonHugePages:         0 kB
HugePages_Total:       0
HugePages_Free:        0
HugePages_Rsvd:        0
HugePages_Surp:        0
Hugepagesize:       2048 kB
DirectMap4k:      186360 kB
DirectMap2M:      727040 kB


CPU:total 8 (4 cores per cpu, 2 threads per core) family 6 model 42 stepping 7, cmov, cx8, fxsr, mmx, sse, sse2, sse3, ssse3, sse4.1, sse4.2, popcnt, ht

Memory: 4k page, physical 8269392k(5501468k free), swap 0k(0k free)

vm_info: OpenJDK Server VM (20.0-b12) for linux-x86 JRE (1.6.0_27-b27), built on Nov 16 2013 15:21:31 by "buildd" with gcc 4.6.3

time: Mon Feb 17 09:59:48 2014
elapsed time: 0 seconds

