#
# A fatal error has been detected by the Java Runtime Environment:
#
#  SIGSEGV (0xb) at pc=0xb36068b7, pid=5499, tid=3000163136
#
# JRE version: 6.0_27-b27
# Java VM: OpenJDK Client VM (20.0-b12 mixed mode, sharing linux-x86 )
# Derivative: IcedTea6 1.12.6
# Distribution: Ubuntu 12.04 LTS, package 6b27-1.12.6-1ubuntu0.12.04.4
# Problematic frame:
# C  [libsynergy2416.so+0x48b7]  _get_enroll_count+0x22
#
# If you would like to submit a bug report, please include
# instructions how to reproduce the bug and visit:
#   https://bugs.launchpad.net/ubuntu/+source/openjdk-6/
# The crash happened outside the Java Virtual Machine in native code.
# See problematic frame for where to report the bug.
#

---------------  T H R E A D  ---------------

Current thread (0x081fbc00):  JavaThread "SwingWorker-pool-3-thread-1" [_thread_in_native, id=5530, stack(0xb2cdd000,0xb2d2e000)]

siginfo:si_signo=SIGSEGV: si_errno=0, si_code=1 (SEGV_MAPERR), si_addr=0x00000000

Registers:
EAX=0x00000000, EBX=0x8eba6120, ECX=0x081fbd20, EDX=0x00000000
ESP=0xb2d2cc10, EBP=0xb2d2cc20, ESI=0x8eba6120, EDI=0x081fbc00
EIP=0xb36068b7, EFLAGS=0x00210297, CR2=0x00000000

Top of Stack: (sp=0xb2d2cc10)
0xb2d2cc10:   b6db5be0 081fbffc 00000000 00000000
0xb2d2cc20:   b2d2cc28 b3607261 b2d2cc68 b3605fc3
0xb2d2cc30:   b2d2cce0 b2d2ccb0 b48b4264 b48a6608
0xb2d2cc40:   00000000 b2d2ccd0 b2d2ccb0 00000000
0xb2d2cc50:   00000000 8eba6120 081fbc00 b2d2cca0
0xb2d2cc60:   b48adfdb 081fbc00 b2d2cca0 b48ae0dd
0xb2d2cc70:   081fbd20 b2d2cca8 b2d2cce0 b2d2cce0
0xb2d2cc80:   b2d2cc80 8eba6120 b2d2ccac 8eba6ee0 

Instructions: (pc=0xb36068b7)
0xb3606897:   e5 83 ec 10 c7 45 f8 00 00 00 00 c7 45 fc 00 00
0xb36068a7:   00 00 eb 1b 8b 15 e4 ba 60 b3 8b 45 fc 8d 04 02
0xb36068b7:   0f b6 00 84 c0 74 04 83 45 f8 01 83 45 fc 01 a1
0xb36068c7:   10 b0 60 b3 39 45 fc 7c db 8b 45 f8 c9 c3 55 89 

Register to memory mapping:

EAX=0x00000000 is an unknown value
EBX=0x8eba6120 is an oop
{method} 
 - klass: {other class}
ECX=0x081fbd20 is an unknown value
EDX=0x00000000 is an unknown value
ESP=0xb2d2cc10 is pointing into the stack for thread: 0x081fbc00
EBP=0xb2d2cc20 is pointing into the stack for thread: 0x081fbc00
ESI=0x8eba6120 is an oop
{method} 
 - klass: {other class}
EDI=0x081fbc00 is a thread


Stack: [0xb2cdd000,0xb2d2e000],  sp=0xb2d2cc10,  free space=319k
Native frames: (J=compiled Java code, j=interpreted, Vv=VM code, C=native code)
C  [libsynergy2416.so+0x48b7]  _get_enroll_count+0x22
C  [libsynergy2416.so+0x5261]  hlpGetEnrollCount+0x8
C  [libsynergy2416.so+0x3fc3]  Java_com_adp_clocks_synergy2416_demo_FPU_FP_1IDENTIFY_1EMPLOYEE+0x19
j  com.adp.clocks.synergy2416.demo.FPU.FP_IDENTIFY_EMPLOYEE()I+0
j  com.adp.clocks.synergy2416.demo.FPU.identifyEmployee()Ljava/lang/String;+0
j  com.adp.clocks.synergy2416.demo.WelcomeForm$IdentifyEmployeeWorker.doInBackground()Ljava/lang/String;+11
j  com.adp.clocks.synergy2416.demo.WelcomeForm$IdentifyEmployeeWorker.doInBackground()Ljava/lang/Object;+1
j  javax.swing.SwingWorker$1.call()Ljava/lang/Object;+14
j  java.util.concurrent.FutureTask$Sync.innerRun()V+29
j  java.util.concurrent.FutureTask.run()V+4
j  javax.swing.SwingWorker.run()V+4
j  java.util.concurrent.ThreadPoolExecutor.runWorker(Ljava/util/concurrent/ThreadPoolExecutor$Worker;)V+95
j  java.util.concurrent.ThreadPoolExecutor$Worker.run()V+5
j  java.lang.Thread.run()V+11
v  ~StubRoutines::call_stub
V  [libjvm.so+0x2116b6]  JavaCalls::call_helper(JavaValue*, methodHandle*, JavaCallArguments*, Thread*)+0x2c6

Java frames: (J=compiled Java code, j=interpreted, Vv=VM code)
j  com.adp.clocks.synergy2416.demo.FPU.FP_IDENTIFY_EMPLOYEE()I+0
j  com.adp.clocks.synergy2416.demo.FPU.identifyEmployee()Ljava/lang/String;+0
j  com.adp.clocks.synergy2416.demo.WelcomeForm$IdentifyEmployeeWorker.doInBackground()Ljava/lang/String;+11
j  com.adp.clocks.synergy2416.demo.WelcomeForm$IdentifyEmployeeWorker.doInBackground()Ljava/lang/Object;+1
j  javax.swing.SwingWorker$1.call()Ljava/lang/Object;+14
j  java.util.concurrent.FutureTask$Sync.innerRun()V+29
j  java.util.concurrent.FutureTask.run()V+4
j  javax.swing.SwingWorker.run()V+4
j  java.util.concurrent.ThreadPoolExecutor.runWorker(Ljava/util/concurrent/ThreadPoolExecutor$Worker;)V+95
j  java.util.concurrent.ThreadPoolExecutor$Worker.run()V+5
j  java.lang.Thread.run()V+11
v  ~StubRoutines::call_stub

---------------  P R O C E S S  ---------------

Java Threads: ( => current thread )
=>0x081fbc00 JavaThread "SwingWorker-pool-3-thread-1" [_thread_in_native, id=5530, stack(0xb2cdd000,0xb2d2e000)]
  0xb6905c00 JavaThread "DestroyJavaVM" [_thread_blocked, id=5504, stack(0xb6a28000,0xb6a79000)]
  0x081efc00 JavaThread "pool-1-thread-1" [_thread_in_vm, id=5521, stack(0xb3266000,0xb32b7000)]
  0x081cb400 JavaThread "Timer-0" [_thread_blocked, id=5519, stack(0xb332c000,0xb337d000)]
  0x081c7000 JavaThread "Image Fetcher 1" daemon [_thread_blocked, id=5518, stack(0xb337d000,0xb33ce000)]
  0x081c6000 JavaThread "TimerQueue" daemon [_thread_blocked, id=5517, stack(0xb33ce000,0xb341f000)]
  0x08161800 JavaThread "Image Fetcher 3" daemon [_thread_blocked, id=5516, stack(0xb3616000,0xb3667000)]
  0xb69a3c00 JavaThread "AWT-EventQueue-0" [_thread_blocked, id=5515, stack(0xb37b4000,0xb3805000)]
  0xb69a2400 JavaThread "AWT-Shutdown" [_thread_blocked, id=5514, stack(0xb3805000,0xb3856000)]
  0xb69a1800 JavaThread "AWT-XAWT" daemon [_thread_in_native, id=5513, stack(0xb3856000,0xb38a7000)]
  0xb696d400 JavaThread "Java2D Disposer" daemon [_thread_blocked, id=5512, stack(0xb3994000,0xb39e5000)]
  0xb693cc00 JavaThread "Low Memory Detector" daemon [_thread_blocked, id=5510, stack(0xb3daf000,0xb3e00000)]
  0xb693ac00 JavaThread "C1 CompilerThread0" daemon [_thread_blocked, id=5509, stack(0xb412e000,0xb41af000)]
  0xb6939400 JavaThread "Signal Dispatcher" daemon [_thread_blocked, id=5508, stack(0xb41af000,0xb4200000)]
  0xb6935400 JavaThread "Finalizer" daemon [_thread_blocked, id=5507, stack(0xb433b000,0xb438c000)]
  0xb6933c00 JavaThread "Reference Handler" daemon [_thread_blocked, id=5506, stack(0xb438c000,0xb43dd000)]

Other Threads:
  0xb6932000 VMThread [stack: 0xb43dd000,0xb445e000] [id=5505]
  0xb693f000 WatcherThread [stack: 0xb3d2e000,0xb3daf000] [id=5511]

VM state:not at safepoint (normal execution)

VM Mutex/Monitor currently owned by a thread: None

Heap
 def new generation   total 4928K, used 4462K [0x6ea40000, 0x6ef90000, 0x794e0000)
  eden space 4416K,  91% used [0x6ea40000, 0x6ee32790, 0x6ee90000)
  from space 512K,  82% used [0x6ee90000, 0x6eef9418, 0x6ef10000)
  to   space 512K,   0% used [0x6ef10000, 0x6ef10000, 0x6ef90000)
 tenured generation   total 10944K, used 1228K [0x794e0000, 0x79f90000, 0x8ea40000)
   the space 10944K,  11% used [0x794e0000, 0x79613258, 0x79613400, 0x79f90000)
 compacting perm gen  total 12288K, used 2159K [0x8ea40000, 0x8f640000, 0x92a40000)
   the space 12288K,  17% used [0x8ea40000, 0x8ec5bfe8, 0x8ec5c000, 0x8f640000)
    ro space 10240K,  74% used [0x92a40000, 0x931a8b40, 0x931a8c00, 0x93440000)
    rw space 12288K,  60% used [0x93440000, 0x93b8ee48, 0x93b8f000, 0x94040000)

Code Cache  [0xb48a4000, 0xb49a4000, 0xb68a4000)
 total_blobs=540 nmethods=282 adapters=194 free_code_cache=32535552 largest_free_block=64

Dynamic libraries:
08048000-08051000 r-xp 00000000 08:01 1839571    /usr/lib/jvm/java-6-openjdk-i386/jre/bin/java
08051000-08052000 r--p 00008000 08:01 1839571    /usr/lib/jvm/java-6-openjdk-i386/jre/bin/java
08052000-08053000 rw-p 00009000 08:01 1839571    /usr/lib/jvm/java-6-openjdk-i386/jre/bin/java
080be000-08210000 rw-p 00000000 00:00 0          [heap]
6ea40000-6ef90000 rw-p 00000000 00:00 0 
6ef90000-794e0000 rw-p 00000000 00:00 0 
794e0000-79f90000 rw-p 00000000 00:00 0 
79f90000-8ea40000 rw-p 00000000 00:00 0 
8ea40000-8f640000 rw-p 00000000 00:00 0 
8f640000-92a40000 rw-p 00000000 00:00 0 
92a40000-931a9000 r--s 00001000 08:01 1839781    /usr/lib/jvm/java-6-openjdk-i386/jre/lib/i386/client/classes.jsa
931a9000-93440000 rw-p 00000000 00:00 0 
93440000-93b8f000 rw-p 0076a000 08:01 1839781    /usr/lib/jvm/java-6-openjdk-i386/jre/lib/i386/client/classes.jsa
93b8f000-94040000 rw-p 00000000 00:00 0 
94040000-9413d000 rw-p 00eb9000 08:01 1839781    /usr/lib/jvm/java-6-openjdk-i386/jre/lib/i386/client/classes.jsa
9413d000-94440000 rw-p 00000000 00:00 0 
94440000-94448000 r-xs 00fb6000 08:01 1839781    /usr/lib/jvm/java-6-openjdk-i386/jre/lib/i386/client/classes.jsa
94448000-94840000 rw-p 00000000 00:00 0 
ae52c000-ae52d000 ---p 00000000 00:00 0 
ae52d000-aed2d000 rw-p 00000000 00:00 0 
b2cdd000-b2ce0000 ---p 00000000 00:00 0 
b2ce0000-b2d2e000 rw-p 00000000 00:00 0          [stack:5530]
b2d2e000-b2d79000 rw-s 00000000 00:04 24477722   /SYSV00000000 (deleted)
b2d79000-b2d8c000 r-xp 00000000 08:01 252403     /lib/i386-linux-gnu/libresolv-2.15.so
b2d8c000-b2d8d000 ---p 00013000 08:01 252403     /lib/i386-linux-gnu/libresolv-2.15.so
b2d8d000-b2d8e000 r--p 00013000 08:01 252403     /lib/i386-linux-gnu/libresolv-2.15.so
b2d8e000-b2d8f000 rw-p 00014000 08:01 252403     /lib/i386-linux-gnu/libresolv-2.15.so
b2d8f000-b2d91000 rw-p 00000000 00:00 0 
b2d91000-b2d97000 r-xp 00000000 08:01 17212      /usr/lib/i386-linux-gnu/libogg.so.0.7.1
b2d97000-b2d98000 r--p 00005000 08:01 17212      /usr/lib/i386-linux-gnu/libogg.so.0.7.1
b2d98000-b2d99000 rw-p 00006000 08:01 17212      /usr/lib/i386-linux-gnu/libogg.so.0.7.1
b2d99000-b2dc2000 r-xp 00000000 08:01 17362      /usr/lib/i386-linux-gnu/libvorbis.so.0.4.5
b2dc2000-b2dc3000 r--p 00028000 08:01 17362      /usr/lib/i386-linux-gnu/libvorbis.so.0.4.5
b2dc3000-b2dc4000 rw-p 00029000 08:01 17362      /usr/lib/i386-linux-gnu/libvorbis.so.0.4.5
b2dc4000-b2f2a000 r-xp 00000000 08:01 17364      /usr/lib/i386-linux-gnu/libvorbisenc.so.2.0.8
b2f2a000-b2f3b000 r--p 00165000 08:01 17364      /usr/lib/i386-linux-gnu/libvorbisenc.so.2.0.8
b2f3b000-b2f3c000 rw-p 00176000 08:01 17364      /usr/lib/i386-linux-gnu/libvorbisenc.so.2.0.8
b2f3c000-b2f88000 r-xp 00000000 08:01 16731      /usr/lib/i386-linux-gnu/libFLAC.so.8.2.0
b2f88000-b2f89000 r--p 0004b000 08:01 16731      /usr/lib/i386-linux-gnu/libFLAC.so.8.2.0
b2f89000-b2f8a000 rw-p 0004c000 08:01 16731      /usr/lib/i386-linux-gnu/libFLAC.so.8.2.0
b2f8a000-b2ff6000 r-xp 00000000 08:01 17307      /usr/lib/i386-linux-gnu/libsndfile.so.1.0.25
b2ff6000-b2ff7000 r--p 0006c000 08:01 17307      /usr/lib/i386-linux-gnu/libsndfile.so.1.0.25
b2ff7000-b2ff8000 rw-p 0006d000 08:01 17307      /usr/lib/i386-linux-gnu/libsndfile.so.1.0.25
b2ff8000-b2ffc000 rw-p 00000000 00:00 0 
b2ffc000-b3004000 r-xp 00000000 08:01 252334     /lib/i386-linux-gnu/libwrap.so.0.7.6
b3004000-b3005000 r--p 00007000 08:01 252334     /lib/i386-linux-gnu/libwrap.so.0.7.6
b3005000-b3006000 rw-p 00008000 08:01 252334     /lib/i386-linux-gnu/libwrap.so.0.7.6
b3006000-b304d000 r-xp 00000000 08:01 252249     /lib/i386-linux-gnu/libdbus-1.so.3.5.8
b304d000-b304e000 r--p 00047000 08:01 252249     /lib/i386-linux-gnu/libdbus-1.so.3.5.8
b304e000-b304f000 rw-p 00048000 08:01 252249     /lib/i386-linux-gnu/libdbus-1.so.3.5.8
b304f000-b30b2000 r-xp 00000000 08:01 12624      /usr/lib/i386-linux-gnu/libpulsecommon-1.1.so
b30b2000-b30b3000 r--p 00062000 08:01 12624      /usr/lib/i386-linux-gnu/libpulsecommon-1.1.so
b30b3000-b30b4000 rw-p 00063000 08:01 12624      /usr/lib/i386-linux-gnu/libpulsecommon-1.1.so
b30b4000-b3100000 r-xp 00000000 08:01 12623      /usr/lib/i386-linux-gnu/libpulse.so.0.13.5
b3100000-b3101000 r--p 0004b000 08:01 12623      /usr/lib/i386-linux-gnu/libpulse.so.0.13.5
b3101000-b3102000 rw-p 0004c000 08:01 12623      /usr/lib/i386-linux-gnu/libpulse.so.0.13.5
b3102000-b31ef000 r-xp 00000000 08:01 16845      /usr/lib/i386-linux-gnu/libasound.so.2.0.0
b31ef000-b31f3000 r--p 000ec000 08:01 16845      /usr/lib/i386-linux-gnu/libasound.so.2.0.0
b31f3000-b31f4000 rw-p 000f0000 08:01 16845      /usr/lib/i386-linux-gnu/libasound.so.2.0.0
b3204000-b320a000 rw-s 00000000 00:04 24510491   /SYSV00000000 (deleted)
b320a000-b3219000 r-xp 00000000 08:01 1839790    /usr/lib/jvm/java-6-openjdk-i386/jre/lib/i386/libjsoundalsa.so
b3219000-b321a000 r--p 0000e000 08:01 1839790    /usr/lib/jvm/java-6-openjdk-i386/jre/lib/i386/libjsoundalsa.so
b321a000-b321b000 rw-p 0000f000 08:01 1839790    /usr/lib/jvm/java-6-openjdk-i386/jre/lib/i386/libjsoundalsa.so
b3250000-b325d000 r-xp 00000000 08:01 1839792    /usr/lib/jvm/java-6-openjdk-i386/jre/lib/i386/libpulse-java.so
b325d000-b325e000 r--p 0000c000 08:01 1839792    /usr/lib/jvm/java-6-openjdk-i386/jre/lib/i386/libpulse-java.so
b325e000-b325f000 rw-p 0000d000 08:01 1839792    /usr/lib/jvm/java-6-openjdk-i386/jre/lib/i386/libpulse-java.so
b325f000-b3264000 r-xp 00000000 08:01 17411      /usr/lib/i386-linux-gnu/alsa-lib/libasound_module_pcm_pulse.so
b3264000-b3265000 r--p 00004000 08:01 17411      /usr/lib/i386-linux-gnu/alsa-lib/libasound_module_pcm_pulse.so
b3265000-b3266000 rw-p 00005000 08:01 17411      /usr/lib/i386-linux-gnu/alsa-lib/libasound_module_pcm_pulse.so
b3266000-b3269000 ---p 00000000 00:00 0 
b3269000-b32b7000 rw-p 00000000 00:00 0          [stack:5521]
b32b7000-b32d8000 r-xp 00000000 08:01 17358      /usr/lib/i386-linux-gnu/libv4lconvert.so.0
b32d8000-b32d9000 r--p 00021000 08:01 17358      /usr/lib/i386-linux-gnu/libv4lconvert.so.0
b32d9000-b32da000 rw-p 00022000 08:01 17358      /usr/lib/i386-linux-gnu/libv4lconvert.so.0
b32da000-b332c000 rw-p 00000000 00:00 0 
b332c000-b332f000 ---p 00000000 00:00 0 
b332f000-b337d000 rw-p 00000000 00:00 0          [stack:5519]
b337d000-b3380000 ---p 00000000 00:00 0 
b3380000-b33ce000 rw-p 00000000 00:00 0          [stack:5518]
b33ce000-b33d1000 ---p 00000000 00:00 0 
b33d1000-b34a5000 rw-p 00000000 00:00 0          [stack:5517]
b34a6000-b34ab000 r-xp 00000000 08:01 16847      /usr/lib/i386-linux-gnu/libasyncns.so.0.3.1
b34ab000-b34ac000 r--p 00004000 08:01 16847      /usr/lib/i386-linux-gnu/libasyncns.so.0.3.1
b34ac000-b34ad000 rw-p 00005000 08:01 16847      /usr/lib/i386-linux-gnu/libasyncns.so.0.3.1
b34ad000-b34c0000 r-xp 00000000 08:01 8712       /usr/lib/libvideo.so.0
b34c0000-b34c1000 r--p 00012000 08:01 8712       /usr/lib/libvideo.so.0
b34c1000-b34c2000 rw-p 00013000 08:01 8712       /usr/lib/libvideo.so.0
b34c3000-b34c9000 r-xp 00000000 08:01 17146      /usr/lib/i386-linux-gnu/libjson.so.0.0.1
b34c9000-b34ca000 r--p 00005000 08:01 17146      /usr/lib/i386-linux-gnu/libjson.so.0.0.1
b34ca000-b34cb000 rw-p 00006000 08:01 17146      /usr/lib/i386-linux-gnu/libjson.so.0.0.1
b34ce000-b34cf000 r-xp 00000000 08:01 1839628    /usr/lib/jvm/java-6-openjdk-i386/jre/lib/i386/libjsound.so
b34cf000-b34d0000 r--p 00000000 08:01 1839628    /usr/lib/jvm/java-6-openjdk-i386/jre/lib/i386/libjsound.so
b34d0000-b34d1000 rw-p 00001000 08:01 1839628    /usr/lib/jvm/java-6-openjdk-i386/jre/lib/i386/libjsound.so
b34d1000-b34d8000 r--s 00000000 08:01 14251      /usr/lib/i386-linux-gnu/gconv/gconv-modules.cache
b34d8000-b34e7000 r-xp 00000000 08:01 524448     /usr/lib/jni/libv4l4j.so
b34e7000-b34e8000 r--p 0000e000 08:01 524448     /usr/lib/jni/libv4l4j.so
b34e8000-b34e9000 rw-p 0000f000 08:01 524448     /usr/lib/jni/libv4l4j.so
b34e9000-b34fe000 r-xp 00000000 08:01 1839614    /usr/lib/jvm/java-6-openjdk-i386/jre/lib/i386/libnet.so
b34fe000-b34ff000 r--p 00014000 08:01 1839614    /usr/lib/jvm/java-6-openjdk-i386/jre/lib/i386/libnet.so
b34ff000-b3500000 rw-p 00015000 08:01 1839614    /usr/lib/jvm/java-6-openjdk-i386/jre/lib/i386/libnet.so
b3500000-b355e000 rw-p 00000000 00:00 0 
b355e000-b3600000 ---p 00000000 00:00 0 
b3602000-b360a000 r-xp 00000000 08:01 524557     /usr/lib/jni/libsynergy2416.so
b360a000-b360b000 r--p 00007000 08:01 524557     /usr/lib/jni/libsynergy2416.so
b360b000-b360c000 rw-p 00008000 08:01 524557     /usr/lib/jni/libsynergy2416.so
b360c000-b3614000 r-xp 00000000 08:01 1839626    /usr/lib/jvm/java-6-openjdk-i386/jre/lib/i386/libnio.so
b3614000-b3615000 r--p 00007000 08:01 1839626    /usr/lib/jvm/java-6-openjdk-i386/jre/lib/i386/libnio.so
b3615000-b3616000 rw-p 00008000 08:01 1839626    /usr/lib/jvm/java-6-openjdk-i386/jre/lib/i386/libnio.so
b3616000-b3619000 ---p 00000000 00:00 0 
b3619000-b3667000 rw-p 00000000 00:00 0          [stack:5516]
b3667000-b36b5000 r--s 008b6000 08:01 2243423    /opt/eclipse-standard/plugins/com.ibm.icu_50.1.1.v201304230130.jar
b36b5000-b36f7000 r--s 00367000 08:01 2243377    /opt/eclipse-standard/plugins/org.eclipse.ui.workbench_3.105.1.v20130821-1411.jar
b36f7000-b370a000 r--s 000e0000 08:01 2243213    /opt/eclipse-standard/plugins/org.eclipse.jface.text_3.8.101.v20130802-1147.jar
b370a000-b371e000 r--s 000f9000 08:01 2243526    /opt/eclipse-standard/plugins/org.eclipse.jface_3.9.1.v20130725-1141.jar
b371e000-b3733000 r--s 0023a000 08:01 2243675    /opt/eclipse-standard/plugins/org.eclipse.swt.gtk.linux.x86_3.102.1.v20130827-2048.jar
b3733000-b3778000 r-xp 00000000 08:01 11892      /usr/lib/i386-linux-gnu/libjpeg.so.8.0.2
b3778000-b3779000 r--p 00044000 08:01 11892      /usr/lib/i386-linux-gnu/libjpeg.so.8.0.2
b3779000-b377a000 rw-p 00045000 08:01 11892      /usr/lib/i386-linux-gnu/libjpeg.so.8.0.2
b377a000-b378a000 rw-p 00000000 00:00 0 
b378a000-b37b2000 r-xp 00000000 08:01 252306     /lib/i386-linux-gnu/libpng12.so.0.46.0
b37b2000-b37b3000 r--p 00027000 08:01 252306     /lib/i386-linux-gnu/libpng12.so.0.46.0
b37b3000-b37b4000 rw-p 00028000 08:01 252306     /lib/i386-linux-gnu/libpng12.so.0.46.0
b37b4000-b37b7000 ---p 00000000 00:00 0 
b37b7000-b3805000 rw-p 00000000 00:00 0          [stack:5515]
b3805000-b3808000 ---p 00000000 00:00 0 
b3808000-b3856000 rw-p 00000000 00:00 0          [stack:5514]
b3856000-b3859000 ---p 00000000 00:00 0 
b3859000-b38a7000 rw-p 00000000 00:00 0          [stack:5513]
b38a7000-b38a8000 r--s 00000000 08:01 3570       /var/cache/fontconfig/c05880de57d1f5e948fdfacc138775d9-le32d4.cache-3
b38a8000-b38ae000 r--s 00000000 08:01 3565       /var/cache/fontconfig/945677eb7aeaf62f1d50efc3fb3ec7d8-le32d4.cache-3
b38ae000-b38b1000 r--s 00000000 08:01 519519     /var/cache/fontconfig/99e8ed0e538f840c565b6ed5dad60d56-le32d4.cache-3
b38b1000-b38b4000 r--s 00000000 08:01 3552       /var/cache/fontconfig/2cd17615ca594fa2959ae173292e504c-le32d4.cache-3
b38b4000-b38b5000 r--s 00000000 08:01 3577       /var/cache/fontconfig/e7071f4a29fa870f4323321c154eba04-le32d4.cache-3
b38b5000-b38b6000 r--s 00000000 08:01 3550       /var/cache/fontconfig/0d8c3b2ac0904cb8a57a757ad11a4a08-le32d4.cache-3
b38b6000-b38ba000 r--s 00000000 08:01 3567       /var/cache/fontconfig/a755afe4a08bf5b97852ceb7400b47bc-le32d4.cache-3
b38ba000-b38c1000 r--s 00000000 08:01 1579180    /var/cache/fontconfig/6d41288fd70b0be22e8c3a91e032eec0-le32d4.cache-3
b38c1000-b38cc000 r--s 00000000 08:01 3549       /var/cache/fontconfig/04aabc0a78ac019cf9454389977116d2-le32d4.cache-3
b38cc000-b38cf000 r--s 00000000 08:01 3555       /var/cache/fontconfig/385c0604a188198f04d133e54aba7fe7-le32d4.cache-3
b38cf000-b38d0000 r--s 00000000 08:01 3572       /var/cache/fontconfig/4794a0821666d79190d59a36cb4f44b5-le32d4.cache-3
b38d0000-b38d4000 r--s 00000000 08:01 3553       /var/cache/fontconfig/3047814df9a2f067bd2d96a2b9c36e5a-le32d4.cache-3
b38d4000-b38d9000 r--s 00045000 08:01 2243421    /opt/eclipse-standard/plugins/org.eclipse.ui.forms_3.6.1.v20130822-1117.jar
b38d9000-b38de000 r--s 00038000 08:01 2243571    /opt/eclipse-standard/plugins/org.eclipse.text_3.5.300.v20130515-1451.jar
b38de000-b38e6000 r-xp 00000000 08:01 1839774    /usr/lib/i386-linux-gnu/libgif.so.4.1.6
b38e6000-b38e7000 r--p 00007000 08:01 1839774    /usr/lib/i386-linux-gnu/libgif.so.4.1.6
b38e7000-b38e8000 rw-p 00008000 08:01 1839774    /usr/lib/i386-linux-gnu/libgif.so.4.1.6
b38e8000-b38ea000 rw-p 00000000 00:00 0 
b38ea000-b38fe000 r--s 00140000 08:01 2243684    /opt/eclipse-standard/plugins/org.eclipse.osgi_3.9.1.v20130814-1242.jar
b38fe000-b38ff000 r--s 00000000 08:01 3570       /var/cache/fontconfig/c05880de57d1f5e948fdfacc138775d9-le32d4.cache-3
b38ff000-b3905000 r--s 00000000 08:01 3565       /var/cache/fontconfig/945677eb7aeaf62f1d50efc3fb3ec7d8-le32d4.cache-3
b3905000-b3908000 r--s 00000000 08:01 519519     /var/cache/fontconfig/99e8ed0e538f840c565b6ed5dad60d56-le32d4.cache-3
b3908000-b390b000 r--s 00000000 08:01 3552       /var/cache/fontconfig/2cd17615ca594fa2959ae173292e504c-le32d4.cache-3
b390b000-b390c000 r--s 00000000 08:01 3577       /var/cache/fontconfig/e7071f4a29fa870f4323321c154eba04-le32d4.cache-3
b390c000-b390d000 r--s 00000000 08:01 3550       /var/cache/fontconfig/0d8c3b2ac0904cb8a57a757ad11a4a08-le32d4.cache-3
b390d000-b3911000 r--s 00000000 08:01 3567       /var/cache/fontconfig/a755afe4a08bf5b97852ceb7400b47bc-le32d4.cache-3
b3911000-b3918000 r--s 00000000 08:01 1579180    /var/cache/fontconfig/6d41288fd70b0be22e8c3a91e032eec0-le32d4.cache-3
b3918000-b3923000 r--s 00000000 08:01 3549       /var/cache/fontconfig/04aabc0a78ac019cf9454389977116d2-le32d4.cache-3
b3923000-b3926000 r--s 00000000 08:01 3555       /var/cache/fontconfig/385c0604a188198f04d133e54aba7fe7-le32d4.cache-3
b3926000-b3929000 r--s 00000000 08:01 3564       /var/cache/fontconfig/8801497958630a81b71ace7c5f9b32a8-le32d4.cache-3
b3929000-b3936000 r--s 00000000 08:01 3573       /var/cache/fontconfig/d52a8644073d54c13679302ca1180695-le32d4.cache-3
b3936000-b3939000 r--s 00000000 08:01 3564       /var/cache/fontconfig/8801497958630a81b71ace7c5f9b32a8-le32d4.cache-3
b3939000-b393d000 r--s 00000000 08:01 3568       /var/cache/fontconfig/b47c4e1ecd0709278f4910c18777a504-le32d4.cache-3
b393d000-b394a000 r--s 00000000 08:01 3573       /var/cache/fontconfig/d52a8644073d54c13679302ca1180695-le32d4.cache-3
b394a000-b394d000 r--s 00019000 08:01 864259     /home/chaol/workspace-java/ADP-Demo-GUI/src/com/adp/clocks/synergy2416/res/v4l4j.jar
b394d000-b3950000 r--s 0002a000 08:01 2243555    /opt/eclipse-standard/plugins/org.eclipse.equinox.registry_3.5.301.v20130717-1549.jar
b3950000-b3954000 r-xp 00000000 08:01 13641      /usr/lib/i386-linux-gnu/libXfixes.so.3.1.0
b3954000-b3955000 r--p 00004000 08:01 13641      /usr/lib/i386-linux-gnu/libXfixes.so.3.1.0
b3955000-b3956000 rw-p 00005000 08:01 13641      /usr/lib/i386-linux-gnu/libXfixes.so.3.1.0
b3956000-b395f000 r-xp 00000000 08:01 16793      /usr/lib/i386-linux-gnu/libXcursor.so.1.0.2
b395f000-b3960000 r--p 00008000 08:01 16793      /usr/lib/i386-linux-gnu/libXcursor.so.1.0.2
b3960000-b3961000 rw-p 00009000 08:01 16793      /usr/lib/i386-linux-gnu/libXcursor.so.1.0.2
b3961000-b3963000 r--s 00010000 08:01 2243198    /opt/eclipse-standard/plugins/org.eclipse.core.runtime_3.9.0.v20130326-1255.jar
b3963000-b3966000 r--s 00018000 08:01 2243752    /opt/eclipse-standard/plugins/org.eclipse.equinox.common_3.6.200.v20130402-1505.jar
b3966000-b3969000 r--s 00018000 08:01 2243511    /opt/eclipse-standard/plugins/org.eclipse.core.commands_3.6.100.v20130515-1857.jar
b3969000-b396a000 rw-p 00000000 00:00 0 
b396a000-b3973000 r-xp 00000000 08:01 1839791    /usr/lib/jvm/java-6-openjdk-i386/jre/lib/i386/libsplashscreen.so
b3973000-b3974000 r--p 00008000 08:01 1839791    /usr/lib/jvm/java-6-openjdk-i386/jre/lib/i386/libsplashscreen.so
b3974000-b3975000 rw-p 00009000 08:01 1839791    /usr/lib/jvm/java-6-openjdk-i386/jre/lib/i386/libsplashscreen.so
b3975000-b3977000 rw-p 00000000 00:00 0 
b3977000-b397e000 r--s 000fc000 08:01 1838998    /usr/lib/jvm/java-6-openjdk-common/jre/lib/resources.jar
b397e000-b397f000 r--s 00000000 08:01 3558       /var/cache/fontconfig/56cf4f4769d0f4abc89a4895d7bd3ae1-le32d4.cache-3
b397f000-b3980000 r--s 00000000 08:01 3569       /var/cache/fontconfig/b9d506c9ac06c20b433354fa67a72993-le32d4.cache-3
b3980000-b3989000 r--s 00000000 08:01 519518     /var/cache/fontconfig/089dead882dea3570ffc31a9898cfb69-le32d4.cache-3
b3989000-b3991000 r--s 00000000 08:01 11176      /var/cache/fontconfig/e13b20fdb08344e0e664864cc2ede53d-le32d4.cache-3
b3991000-b3994000 r--s 00000000 08:01 519517     /var/cache/fontconfig/7ef2298fde41cc6eeb7af42e48b7d293-le32d4.cache-3
b3994000-b3997000 ---p 00000000 00:00 0 
b3997000-b39e5000 rw-p 00000000 00:00 0          [stack:5512]
b39e5000-b3a7a000 r-xp 00000000 08:01 16989      /usr/lib/i386-linux-gnu/libfreetype.so.6.8.0
b3a7a000-b3a7e000 r--p 00094000 08:01 16989      /usr/lib/i386-linux-gnu/libfreetype.so.6.8.0
b3a7e000-b3a7f000 rw-p 00098000 08:01 16989      /usr/lib/i386-linux-gnu/libfreetype.so.6.8.0
b3a7f000-b3ac7000 r-xp 00000000 08:01 1839595    /usr/lib/jvm/java-6-openjdk-i386/jre/lib/i386/libfontmanager.so
b3ac7000-b3ac8000 r--p 00048000 08:01 1839595    /usr/lib/jvm/java-6-openjdk-i386/jre/lib/i386/libfontmanager.so
b3ac8000-b3ac9000 rw-p 00049000 08:01 1839595    /usr/lib/jvm/java-6-openjdk-i386/jre/lib/i386/libfontmanager.so
b3ac9000-b3ae8000 r-xp 00000000 08:01 17393      /usr/lib/i386-linux-gnu/libxcb.so.1.1.0
b3ae8000-b3ae9000 r--p 0001f000 08:01 17393      /usr/lib/i386-linux-gnu/libxcb.so.1.1.0
b3ae9000-b3aea000 rw-p 00020000 08:01 17393      /usr/lib/i386-linux-gnu/libxcb.so.1.1.0
b3aea000-b3c1a000 r-xp 00000000 08:01 14323      /usr/lib/i386-linux-gnu/libX11.so.6.3.0
b3c1a000-b3c1b000 r--p 0012f000 08:01 14323      /usr/lib/i386-linux-gnu/libX11.so.6.3.0
b3c1b000-b3c1d000 rw-p 00130000 08:01 14323      /usr/lib/i386-linux-gnu/libX11.so.6.3.0
b3c1d000-b3c1e000 rw-p 00000000 00:00 0 
b3c1e000-b3c6a000 r-xp 00000000 08:01 1839789    /usr/lib/jvm/java-6-openjdk-i386/jre/lib/i386/xawt/libmawt.so
b3c6a000-b3c6b000 r--p 0004b000 08:01 1839789    /usr/lib/jvm/java-6-openjdk-i386/jre/lib/i386/xawt/libmawt.so
b3c6b000-b3c6d000 rw-p 0004c000 08:01 1839789    /usr/lib/jvm/java-6-openjdk-i386/jre/lib/i386/xawt/libmawt.so
b3c6d000-b3c6e000 rw-p 00000000 00:00 0 
b3c6e000-b3d02000 r-xp 00000000 08:01 1839605    /usr/lib/jvm/java-6-openjdk-i386/jre/lib/i386/libawt.so
b3d02000-b3d03000 r--p 00093000 08:01 1839605    /usr/lib/jvm/java-6-openjdk-i386/jre/lib/i386/libawt.so
b3d03000-b3d0a000 rw-p 00094000 08:01 1839605    /usr/lib/jvm/java-6-openjdk-i386/jre/lib/i386/libawt.so
b3d0a000-b3d2e000 rw-p 00000000 00:00 0 
b3d2e000-b3d2f000 ---p 00000000 00:00 0 
b3d2f000-b3daf000 rw-p 00000000 00:00 0          [stack:5511]
b3daf000-b3db2000 ---p 00000000 00:00 0 
b3db2000-b3e00000 rw-p 00000000 00:00 0          [stack:5510]
b3e00000-b4000000 r--p 00000000 08:01 19412      /usr/lib/locale/locale-archive
b4000000-b405c000 rw-p 00000000 00:00 0 
b405c000-b4100000 ---p 00000000 00:00 0 
b4100000-b4104000 r--s 00000000 08:01 3553       /var/cache/fontconfig/3047814df9a2f067bd2d96a2b9c36e5a-le32d4.cache-3
b4104000-b4108000 r--s 00000000 08:01 3568       /var/cache/fontconfig/b47c4e1ecd0709278f4910c18777a504-le32d4.cache-3
b4108000-b410d000 r-xp 00000000 08:01 16797      /usr/lib/i386-linux-gnu/libXdmcp.so.6.0.0
b410d000-b410e000 r--p 00004000 08:01 16797      /usr/lib/i386-linux-gnu/libXdmcp.so.6.0.0
b410e000-b410f000 rw-p 00005000 08:01 16797      /usr/lib/i386-linux-gnu/libXdmcp.so.6.0.0
b410f000-b4111000 r-xp 00000000 08:01 16786      /usr/lib/i386-linux-gnu/libXau.so.6.0.0
b4111000-b4112000 r--p 00001000 08:01 16786      /usr/lib/i386-linux-gnu/libXau.so.6.0.0
b4112000-b4113000 rw-p 00002000 08:01 16786      /usr/lib/i386-linux-gnu/libXau.so.6.0.0
b4113000-b4122000 r-xp 00000000 08:01 8381       /usr/lib/i386-linux-gnu/libXi.so.6.1.0
b4122000-b4123000 r--p 0000e000 08:01 8381       /usr/lib/i386-linux-gnu/libXi.so.6.1.0
b4123000-b4124000 rw-p 0000f000 08:01 8381       /usr/lib/i386-linux-gnu/libXi.so.6.1.0
b4124000-b412c000 r-xp 00000000 08:01 16821      /usr/lib/i386-linux-gnu/libXrender.so.1.3.0
b412c000-b412d000 r--p 00007000 08:01 16821      /usr/lib/i386-linux-gnu/libXrender.so.1.3.0
b412d000-b412e000 rw-p 00008000 08:01 16821      /usr/lib/i386-linux-gnu/libXrender.so.1.3.0
b412e000-b4131000 ---p 00000000 00:00 0 
b4131000-b41af000 rw-p 00000000 00:00 0          [stack:5509]
b41af000-b41b2000 ---p 00000000 00:00 0 
b41b2000-b4200000 rw-p 00000000 00:00 0          [stack:5508]
b4200000-b42fb000 rw-p 00000000 00:00 0 
b42fb000-b4300000 ---p 00000000 00:00 0 
b4300000-b4301000 r--s 00000000 08:01 3572       /var/cache/fontconfig/4794a0821666d79190d59a36cb4f44b5-le32d4.cache-3
b4301000-b4306000 r-xp 00000000 08:01 16825      /usr/lib/i386-linux-gnu/libXtst.so.6.1.0
b4306000-b4307000 r--p 00004000 08:01 16825      /usr/lib/i386-linux-gnu/libXtst.so.6.1.0
b4307000-b4308000 rw-p 00005000 08:01 16825      /usr/lib/i386-linux-gnu/libXtst.so.6.1.0
b4308000-b4318000 r-xp 00000000 08:01 16799      /usr/lib/i386-linux-gnu/libXext.so.6.4.0
b4318000-b4319000 r--p 0000f000 08:01 16799      /usr/lib/i386-linux-gnu/libXext.so.6.4.0
b4319000-b431a000 rw-p 00010000 08:01 16799      /usr/lib/i386-linux-gnu/libXext.so.6.4.0
b431a000-b431b000 r--s 00000000 08:01 3558       /var/cache/fontconfig/56cf4f4769d0f4abc89a4895d7bd3ae1-le32d4.cache-3
b431b000-b431c000 r--s 00000000 08:01 3569       /var/cache/fontconfig/b9d506c9ac06c20b433354fa67a72993-le32d4.cache-3
b431c000-b4325000 r--s 00000000 08:01 519518     /var/cache/fontconfig/089dead882dea3570ffc31a9898cfb69-le32d4.cache-3
b4325000-b432d000 r--s 00000000 08:01 11176      /var/cache/fontconfig/e13b20fdb08344e0e664864cc2ede53d-le32d4.cache-3
b432d000-b4330000 r--s 00000000 08:01 519517     /var/cache/fontconfig/7ef2298fde41cc6eeb7af42e48b7d293-le32d4.cache-3
b4330000-b4332000 r--s 0000f000 08:01 1838988    /usr/lib/jvm/java-6-openjdk-common/jre/lib/ext/pulse-java.jar
b4332000-b4334000 r--s 00001000 08:01 1838990    /usr/lib/jvm/java-6-openjdk-common/jre/lib/ext/dnsns.jar
b4334000-b4337000 r--s 00077000 08:01 1838989    /usr/lib/jvm/java-6-openjdk-common/jre/lib/ext/localedata.jar
b4337000-b433b000 r--s 00039000 08:01 1838987    /usr/lib/jvm/java-6-openjdk-common/jre/lib/ext/sunpkcs11.jar
b433b000-b433e000 ---p 00000000 00:00 0 
b433e000-b438c000 rw-p 00000000 00:00 0          [stack:5507]
b438c000-b438f000 ---p 00000000 00:00 0 
b438f000-b43dd000 rw-p 00000000 00:00 0          [stack:5506]
b43dd000-b43de000 ---p 00000000 00:00 0 
b43de000-b4491000 rw-p 00000000 00:00 0          [stack:5505]
b4491000-b4625000 r--s 03822000 08:01 1839584    /usr/lib/jvm/java-6-openjdk-i386/jre/lib/rt.jar
b4625000-b4633000 rw-p 00000000 00:00 0 
b4633000-b464d000 rw-p 00000000 00:00 0 
b464d000-b4653000 rw-p 00000000 00:00 0 
b4653000-b46f8000 rw-p 00000000 00:00 0 
b46f8000-b46fb000 rw-p 00000000 00:00 0 
b46fb000-b474d000 rw-p 00000000 00:00 0 
b474d000-b4753000 rw-p 00000000 00:00 0 
b4753000-b47f8000 rw-p 00000000 00:00 0 
b47f8000-b47fe000 rw-p 00000000 00:00 0 
b47fe000-b4818000 rw-p 00000000 00:00 0 
b4818000-b4828000 rw-p 00000000 00:00 0 
b4828000-b48a4000 rw-p 00000000 00:00 0 
b48a4000-b49a4000 rwxp 00000000 00:00 0 
b49a4000-b68a4000 rw-p 00000000 00:00 0 
b68a4000-b68af000 r-xp 00000000 08:01 255736     /lib/i386-linux-gnu/libnss_files-2.15.so
b68af000-b68b0000 r--p 0000a000 08:01 255736     /lib/i386-linux-gnu/libnss_files-2.15.so
b68b0000-b68b1000 rw-p 0000b000 08:01 255736     /lib/i386-linux-gnu/libnss_files-2.15.so
b68b1000-b68bb000 r-xp 00000000 08:01 255735     /lib/i386-linux-gnu/libnss_nis-2.15.so
b68bb000-b68bc000 r--p 00009000 08:01 255735     /lib/i386-linux-gnu/libnss_nis-2.15.so
b68bc000-b68bd000 rw-p 0000a000 08:01 255735     /lib/i386-linux-gnu/libnss_nis-2.15.so
b68bd000-b68d3000 r-xp 00000000 08:01 252399     /lib/i386-linux-gnu/libnsl-2.15.so
b68d3000-b68d4000 r--p 00015000 08:01 252399     /lib/i386-linux-gnu/libnsl-2.15.so
b68d4000-b68d5000 rw-p 00016000 08:01 252399     /lib/i386-linux-gnu/libnsl-2.15.so
b68d5000-b68d7000 rw-p 00000000 00:00 0 
b68d7000-b68fd000 r-xp 00000000 08:01 1839598    /usr/lib/jvm/java-6-openjdk-i386/jre/lib/i386/libjava.so
b68fd000-b68fe000 r--p 00025000 08:01 1839598    /usr/lib/jvm/java-6-openjdk-i386/jre/lib/i386/libjava.so
b68fe000-b6900000 rw-p 00026000 08:01 1839598    /usr/lib/jvm/java-6-openjdk-i386/jre/lib/i386/libjava.so
b6900000-b69cd000 rw-p 00000000 00:00 0 
b69cd000-b6a00000 ---p 00000000 00:00 0 
b6a00000-b6a07000 r-xp 00000000 08:01 255737     /lib/i386-linux-gnu/libnss_compat-2.15.so
b6a07000-b6a08000 r--p 00006000 08:01 255737     /lib/i386-linux-gnu/libnss_compat-2.15.so
b6a08000-b6a09000 rw-p 00007000 08:01 255737     /lib/i386-linux-gnu/libnss_compat-2.15.so
b6a09000-b6a0a000 r--s 00007000 08:01 1839824    /usr/share/java/java-atk-wrapper.jar
b6a0a000-b6a0d000 r--s 00031000 08:01 1838991    /usr/lib/jvm/java-6-openjdk-common/jre/lib/ext/sunjce_provider.jar
b6a0d000-b6a0e000 r--p 005e0000 08:01 19412      /usr/lib/locale/locale-archive
b6a0e000-b6a15000 r-xp 00000000 08:01 1839612    /usr/lib/jvm/java-6-openjdk-i386/jre/lib/i386/libzip.so
b6a15000-b6a16000 r--p 00006000 08:01 1839612    /usr/lib/jvm/java-6-openjdk-i386/jre/lib/i386/libzip.so
b6a16000-b6a17000 rw-p 00007000 08:01 1839612    /usr/lib/jvm/java-6-openjdk-i386/jre/lib/i386/libzip.so
b6a17000-b6a1f000 rw-s 00000000 08:01 944309     /tmp/hsperfdata_chaol/5499
b6a1f000-b6a26000 r-xp 00000000 08:01 252408     /lib/i386-linux-gnu/librt-2.15.so
b6a26000-b6a27000 r--p 00006000 08:01 252408     /lib/i386-linux-gnu/librt-2.15.so
b6a27000-b6a28000 rw-p 00007000 08:01 252408     /lib/i386-linux-gnu/librt-2.15.so
b6a28000-b6a2b000 ---p 00000000 00:00 0 
b6a2b000-b6a79000 rw-p 00000000 00:00 0          [stack:5504]
b6a79000-b6a95000 r-xp 00000000 08:01 252257     /lib/i386-linux-gnu/libgcc_s.so.1
b6a95000-b6a96000 r--p 0001b000 08:01 252257     /lib/i386-linux-gnu/libgcc_s.so.1
b6a96000-b6a97000 rw-p 0001c000 08:01 252257     /lib/i386-linux-gnu/libgcc_s.so.1
b6a97000-b6ac1000 r-xp 00000000 08:01 255734     /lib/i386-linux-gnu/libm-2.15.so
b6ac1000-b6ac2000 r--p 00029000 08:01 255734     /lib/i386-linux-gnu/libm-2.15.so
b6ac2000-b6ac3000 rw-p 0002a000 08:01 255734     /lib/i386-linux-gnu/libm-2.15.so
b6ac3000-b6b9b000 r-xp 00000000 08:01 17329      /usr/lib/i386-linux-gnu/libstdc++.so.6.0.16
b6b9b000-b6b9c000 ---p 000d8000 08:01 17329      /usr/lib/i386-linux-gnu/libstdc++.so.6.0.16
b6b9c000-b6ba0000 r--p 000d8000 08:01 17329      /usr/lib/i386-linux-gnu/libstdc++.so.6.0.16
b6ba0000-b6ba1000 rw-p 000dc000 08:01 17329      /usr/lib/i386-linux-gnu/libstdc++.so.6.0.16
b6ba1000-b6ba8000 rw-p 00000000 00:00 0 
b6ba8000-b70bd000 r-xp 00000000 08:01 1839604    /usr/lib/jvm/java-6-openjdk-i386/jre/lib/i386/client/libjvm.so
b70bd000-b70d4000 r--p 00514000 08:01 1839604    /usr/lib/jvm/java-6-openjdk-i386/jre/lib/i386/client/libjvm.so
b70d4000-b70e1000 rw-p 0052b000 08:01 1839604    /usr/lib/jvm/java-6-openjdk-i386/jre/lib/i386/client/libjvm.so
b70e1000-b74fb000 rw-p 00000000 00:00 0 
b74fb000-b750f000 r-xp 00000000 08:01 252336     /lib/i386-linux-gnu/libz.so.1.2.3.4
b750f000-b7510000 r--p 00013000 08:01 252336     /lib/i386-linux-gnu/libz.so.1.2.3.4
b7510000-b7511000 rw-p 00014000 08:01 252336     /lib/i386-linux-gnu/libz.so.1.2.3.4
b7511000-b76b5000 r-xp 00000000 08:01 255739     /lib/i386-linux-gnu/libc-2.15.so
b76b5000-b76b7000 r--p 001a4000 08:01 255739     /lib/i386-linux-gnu/libc-2.15.so
b76b7000-b76b8000 rw-p 001a6000 08:01 255739     /lib/i386-linux-gnu/libc-2.15.so
b76b8000-b76bb000 rw-p 00000000 00:00 0 
b76bb000-b76be000 r-xp 00000000 08:01 255738     /lib/i386-linux-gnu/libdl-2.15.so
b76be000-b76bf000 r--p 00002000 08:01 255738     /lib/i386-linux-gnu/libdl-2.15.so
b76bf000-b76c0000 rw-p 00003000 08:01 255738     /lib/i386-linux-gnu/libdl-2.15.so
b76c0000-b76c4000 r-xp 00000000 08:01 1839611    /usr/lib/jvm/java-6-openjdk-i386/jre/lib/i386/jli/libjli.so
b76c4000-b76c5000 r--p 00003000 08:01 1839611    /usr/lib/jvm/java-6-openjdk-i386/jre/lib/i386/jli/libjli.so
b76c5000-b76c6000 rw-p 00004000 08:01 1839611    /usr/lib/jvm/java-6-openjdk-i386/jre/lib/i386/jli/libjli.so
b76c6000-b76c7000 rw-p 00000000 00:00 0 
b76c7000-b76de000 r-xp 00000000 08:01 252406     /lib/i386-linux-gnu/libpthread-2.15.so
b76de000-b76df000 r--p 00016000 08:01 252406     /lib/i386-linux-gnu/libpthread-2.15.so
b76df000-b76e0000 rw-p 00017000 08:01 252406     /lib/i386-linux-gnu/libpthread-2.15.so
b76e0000-b76e8000 rw-p 00000000 00:00 0 
b76e8000-b76e9000 rw-p 00000000 00:00 0 
b76e9000-b76ea000 r--p 00000000 00:00 0 
b76ea000-b76f5000 r-xp 00000000 08:01 1839627    /usr/lib/jvm/java-6-openjdk-i386/jre/lib/i386/libverify.so
b76f5000-b76f6000 ---p 0000b000 08:01 1839627    /usr/lib/jvm/java-6-openjdk-i386/jre/lib/i386/libverify.so
b76f6000-b76f7000 r--p 0000b000 08:01 1839627    /usr/lib/jvm/java-6-openjdk-i386/jre/lib/i386/libverify.so
b76f7000-b76f8000 rw-p 0000c000 08:01 1839627    /usr/lib/jvm/java-6-openjdk-i386/jre/lib/i386/libverify.so
b76f8000-b76fa000 rw-p 00000000 00:00 0 
b76fa000-b76fb000 r-xp 00000000 00:00 0          [vdso]
b76fb000-b771b000 r-xp 00000000 08:01 252407     /lib/i386-linux-gnu/ld-2.15.so
b771b000-b771c000 r--p 0001f000 08:01 252407     /lib/i386-linux-gnu/ld-2.15.so
b771c000-b771d000 rw-p 00020000 08:01 252407     /lib/i386-linux-gnu/ld-2.15.so
bfbd0000-bfbf2000 rw-p 00000000 00:00 0          [stack]

VM Arguments:
jvm_args: -Dfile.encoding=UTF-8 
java_command: com.adp.clocks.synergy2416.demo.MainWindow psplash:res/Background.png
Launcher Type: SUN_STANDARD

Environment Variables:
PATH=/usr/lib/lightdm/lightdm:/usr/local/sbin:/usr/local/bin:/usr/sbin:/usr/bin:/sbin:/bin:/usr/games
LD_LIBRARY_PATH=/usr/lib/jvm/java-6-openjdk-i386/jre/lib/i386/client:/usr/lib/jvm/java-6-openjdk-i386/jre/lib/i386:/usr/lib/jvm/java-6-openjdk-i386/jre/../lib/i386:/usr/lib/jni
SHELL=/bin/bash
DISPLAY=:0

Signal Handlers:
SIGSEGV: [libjvm.so+0x3e8020], sa_mask[0]=0x7ffbfeff, sa_flags=0x10000004
SIGBUS: [libjvm.so+0x3e8020], sa_mask[0]=0x7ffbfeff, sa_flags=0x10000004
SIGFPE: [libjvm.so+0x304080], sa_mask[0]=0x7ffbfeff, sa_flags=0x10000004
SIGPIPE: [libjvm.so+0x304080], sa_mask[0]=0x7ffbfeff, sa_flags=0x10000004
SIGXFSZ: [libjvm.so+0x304080], sa_mask[0]=0x7ffbfeff, sa_flags=0x10000004
SIGILL: [libjvm.so+0x304080], sa_mask[0]=0x7ffbfeff, sa_flags=0x10000004
SIGUSR1: SIG_DFL, sa_mask[0]=0x00000000, sa_flags=0x00000000
SIGUSR2: [libjvm.so+0x303f10], sa_mask[0]=0x00000004, sa_flags=0x10000004
SIGHUP: [libjvm.so+0x306ea0], sa_mask[0]=0x7ffbfeff, sa_flags=0x10000004
SIGINT: [libjvm.so+0x306ea0], sa_mask[0]=0x7ffbfeff, sa_flags=0x10000004
SIGTERM: [libjvm.so+0x306ea0], sa_mask[0]=0x7ffbfeff, sa_flags=0x10000004
SIGQUIT: [libjvm.so+0x306ea0], sa_mask[0]=0x7ffbfeff, sa_flags=0x10000004


---------------  S Y S T E M  ---------------

OS:Ubuntu 12.04 (precise)
uname:Linux 3.8.0-36-generic #52~precise1-Ubuntu SMP Mon Feb 3 21:56:56 UTC 2014 i686
libc:glibc 2.15 NPTL 2.15 
rlimit: STACK 8192k, CORE 0k, NPROC 24036, NOFILE 4096, AS infinity
load average:0.85 0.54 0.35

/proc/meminfo:
MemTotal:        3093208 kB
MemFree:         1039232 kB
Buffers:           70756 kB
Cached:          1110564 kB
SwapCached:            0 kB
Active:          1036016 kB
Inactive:         933140 kB
Active(anon):     788816 kB
Inactive(anon):   252280 kB
Active(file):     247200 kB
Inactive(file):   680860 kB
Unevictable:           0 kB
Mlocked:               0 kB
HighTotal:       2222632 kB
HighFree:         304752 kB
LowTotal:         870576 kB
LowFree:          734480 kB
SwapTotal:             0 kB
SwapFree:              0 kB
Dirty:               136 kB
Writeback:             0 kB
AnonPages:        787720 kB
Mapped:           212088 kB
Shmem:            253264 kB
Slab:              41240 kB
SReclaimable:      23816 kB
SUnreclaim:        17424 kB
KernelStack:        4920 kB
PageTables:        12188 kB
NFS_Unstable:          0 kB
Bounce:                0 kB
WritebackTmp:          0 kB
CommitLimit:     1546604 kB
Committed_AS:    4409272 kB
VmallocTotal:     122880 kB
VmallocUsed:       33072 kB
VmallocChunk:      82944 kB
HardwareCorrupted:     0 kB
AnonHugePages:         0 kB
HugePages_Total:       0
HugePages_Free:        0
HugePages_Rsvd:        0
HugePages_Surp:        0
Hugepagesize:       2048 kB
DirectMap4k:       16376 kB
DirectMap2M:      897024 kB


CPU:total 2 (1 cores per cpu, 2 threads per core) family 15 model 4 stepping 9, cmov, cx8, fxsr, mmx, sse, sse2, sse3, ht

Memory: 4k page, physical 3093208k(1039232k free), swap 0k(0k free)

vm_info: OpenJDK Client VM (20.0-b12) for linux-x86 JRE (1.6.0_27-b27), built on Nov 16 2013 15:23:20 by "buildd" with gcc 4.6.3

time: Wed Feb 19 22:44:25 2014
elapsed time: 2 seconds

