#
# A fatal error has been detected by the Java Runtime Environment:
#
#  SIGSEGV (0xb) at pc=0x68c098b7, pid=6562, tid=1747974976
#
# JRE version: 6.0_27-b27
# Java VM: OpenJDK Server VM (20.0-b12 mixed mode linux-x86 )
# Derivative: IcedTea6 1.12.6
# Distribution: Ubuntu 12.04 LTS, package 6b27-1.12.6-1ubuntu0.12.04.4
# Problematic frame:
# C  [libsynergy2416.so+0x48b7]  _get_enroll_count+0x22
#
# If you would like to submit a bug report, please include
# instructions how to reproduce the bug and visit:
#   https://bugs.launchpad.net/ubuntu/+source/openjdk-6/
# The crash happened outside the Java Virtual Machine in native code.
# See problematic frame for where to report the bug.
#

---------------  T H R E A D  ---------------

Current thread (0x688cf000):  JavaThread "SwingWorker-pool-2-thread-1" [_thread_in_native, id=6594, stack(0x682af000,0x68300000)]

siginfo:si_signo=SIGSEGV: si_errno=0, si_code=1 (SEGV_MAPERR), si_addr=0x00000000

Registers:
EAX=0x00000000, EBX=0x6c00e2d0, ECX=0x688cf120, EDX=0x00000000
ESP=0x682fec10, EBP=0x682fec20, ESI=0x6c00e2d0, EDI=0x688cf000
EIP=0x68c098b7, EFLAGS=0x00210297, CR2=0x00000000

Top of Stack: (sp=0x682fec10)
0x682fec10:   b6cb7d60 696503ec 00000000 00000000
0x682fec20:   682fec28 68c0a261 682fec68 68c08fc3
0x682fec30:   682fece0 682fecb0 b36127d4 b3602688
0x682fec40:   00000000 682fecd0 682fecb0 00000000
0x682fec50:   00000000 6c00e2d0 688cf000 682feca0
0x682fec60:   b360a548 688cf000 682feca0 b360a64a
0x682fec70:   688cf120 682feca8 682fece0 682fece0
0x682fec80:   682fec80 6c00e2d0 682fecac 6c00f090 

Instructions: (pc=0x68c098b7)
0x68c09897:   e5 83 ec 10 c7 45 f8 00 00 00 00 c7 45 fc 00 00
0x68c098a7:   00 00 eb 1b 8b 15 e4 ea c0 68 8b 45 fc 8d 04 02
0x68c098b7:   0f b6 00 84 c0 74 04 83 45 f8 01 83 45 fc 01 a1
0x68c098c7:   10 e0 c0 68 39 45 fc 7c db 8b 45 f8 c9 c3 55 89 

Register to memory mapping:

EAX=0x00000000 is an unknown value
EBX=0x6c00e2d0 is an oop
{method} 
 - klass: {other class}
ECX=0x688cf120 is an unknown value
EDX=0x00000000 is an unknown value
ESP=0x682fec10 is pointing into the stack for thread: 0x688cf000
EBP=0x682fec20 is pointing into the stack for thread: 0x688cf000
ESI=0x6c00e2d0 is an oop
{method} 
 - klass: {other class}
EDI=0x688cf000 is a thread


Stack: [0x682af000,0x68300000],  sp=0x682fec10,  free space=319k
Native frames: (J=compiled Java code, j=interpreted, Vv=VM code, C=native code)
C  [libsynergy2416.so+0x48b7]  _get_enroll_count+0x22
C  [libsynergy2416.so+0x5261]  hlpGetEnrollCount+0x8
C  [libsynergy2416.so+0x3fc3]  Java_com_adp_clocks_synergy2416_demo_FPU_FP_1IDENTIFY_1EMPLOYEE+0x19
j  com.adp.clocks.synergy2416.demo.FPU.FP_IDENTIFY_EMPLOYEE()I+0
j  com.adp.clocks.synergy2416.demo.FPU.identifyEmployee()Ljava/lang/String;+0
j  com.adp.clocks.synergy2416.demo.WelcomeForm$IdentifyEmployee.doInBackground()Ljava/lang/String;+0
j  com.adp.clocks.synergy2416.demo.WelcomeForm$IdentifyEmployee.doInBackground()Ljava/lang/Object;+1
j  javax.swing.SwingWorker$1.call()Ljava/lang/Object;+14
j  java.util.concurrent.FutureTask$Sync.innerRun()V+29
j  java.util.concurrent.FutureTask.run()V+4
j  javax.swing.SwingWorker.run()V+4
j  java.util.concurrent.ThreadPoolExecutor.runWorker(Ljava/util/concurrent/ThreadPoolExecutor$Worker;)V+95
j  java.util.concurrent.ThreadPoolExecutor$Worker.run()V+5
j  java.lang.Thread.run()V+11
v  ~StubRoutines::call_stub
V  [libjvm.so+0x39b846]  JavaCalls::call_helper(JavaValue*, methodHandle*, JavaCallArguments*, Thread*)+0x2c6

Java frames: (J=compiled Java code, j=interpreted, Vv=VM code)
j  com.adp.clocks.synergy2416.demo.FPU.FP_IDENTIFY_EMPLOYEE()I+0
j  com.adp.clocks.synergy2416.demo.FPU.identifyEmployee()Ljava/lang/String;+0
j  com.adp.clocks.synergy2416.demo.WelcomeForm$IdentifyEmployee.doInBackground()Ljava/lang/String;+0
j  com.adp.clocks.synergy2416.demo.WelcomeForm$IdentifyEmployee.doInBackground()Ljava/lang/Object;+1
j  javax.swing.SwingWorker$1.call()Ljava/lang/Object;+14
j  java.util.concurrent.FutureTask$Sync.innerRun()V+29
j  java.util.concurrent.FutureTask.run()V+4
j  javax.swing.SwingWorker.run()V+4
j  java.util.concurrent.ThreadPoolExecutor.runWorker(Ljava/util/concurrent/ThreadPoolExecutor$Worker;)V+95
j  java.util.concurrent.ThreadPoolExecutor$Worker.run()V+5
j  java.lang.Thread.run()V+11
v  ~StubRoutines::call_stub

---------------  P R O C E S S  ---------------

Java Threads: ( => current thread )
  0xb6605c00 JavaThread "DestroyJavaVM" [_thread_blocked, id=6567, stack(0xb67a0000,0xb67f1000)]
=>0x688cf000 JavaThread "SwingWorker-pool-2-thread-1" [_thread_in_native, id=6594, stack(0x682af000,0x68300000)]
  0x688cd800 JavaThread "pool-1-thread-1" [_thread_in_native, id=6592, stack(0x68425000,0x68476000)]
  0x688a4400 JavaThread "Timer-0" [_thread_blocked, id=6591, stack(0x68a29000,0x68a7a000)]
  0x6882fc00 JavaThread "Image Fetcher 1" daemon [_thread_blocked, id=6590, stack(0x68c0f000,0x68c60000)]
  0x6882ec00 JavaThread "TimerQueue" daemon [_thread_blocked, id=6589, stack(0x68c60000,0x68cb1000)]
  0x69cbc000 JavaThread "Image Fetcher 0" daemon [_thread_blocked, id=6588, stack(0x68cc8000,0x68d19000)]
  0x68f15800 JavaThread "AWT-EventQueue-0" [_thread_in_Java, id=6587, stack(0x6914f000,0x691a0000)]
  0x68f14800 JavaThread "AWT-Shutdown" [_thread_blocked, id=6586, stack(0x691a0000,0x691f1000)]
  0x68f13c00 JavaThread "AWT-XAWT" daemon [_thread_in_native, id=6585, stack(0x6972e000,0x6977f000)]
  0x6988ac00 JavaThread "Java2D Disposer" daemon [_thread_blocked, id=6584, stack(0x69f19000,0x69f6a000)]
  0x69806400 JavaThread "Low Memory Detector" daemon [_thread_blocked, id=6582, stack(0x6a72e000,0x6a77f000)]
  0x69804800 JavaThread "C2 CompilerThread1" daemon [_thread_blocked, id=6581, stack(0x6977f000,0x69800000)]
  0x69802800 JavaThread "C2 CompilerThread0" daemon [_thread_blocked, id=6580, stack(0x69f6a000,0x69feb000)]
  0x69801400 JavaThread "Signal Dispatcher" daemon [_thread_blocked, id=6579, stack(0x6a92e000,0x6a97f000)]
  0xb66f0c00 JavaThread "Finalizer" daemon [_thread_blocked, id=6578, stack(0x6ab2e000,0x6ab7f000)]
  0xb66ef400 JavaThread "Reference Handler" daemon [_thread_blocked, id=6577, stack(0x6ae2e000,0x6ae7f000)]

Other Threads:
  0xb66ec800 VMThread [stack: 0x69feb000,0x6a06c000] [id=6576]
  0x69810400 WatcherThread [stack: 0x6947f000,0x69500000] [id=6583]

VM state:not at safepoint (normal execution)

VM Mutex/Monitor currently owned by a thread: None

Heap
 PSYoungGen      total 19136K, used 9293K [0x9dff0000, 0x9f540000, 0xb3540000)
  eden space 16448K, 40% used [0x9dff0000,0x9e673608,0x9f000000)
  from space 2688K, 97% used [0x9f000000,0x9f28feb8,0x9f2a0000)
  to   space 2688K, 0% used [0x9f2a0000,0x9f2a0000,0x9f540000)
 PSOldGen        total 43712K, used 0K [0x73540000, 0x75ff0000, 0x9dff0000)
  object space 43712K, 0% used [0x73540000,0x73540000,0x75ff0000)
 PSPermGen       total 16384K, used 11486K [0x6b540000, 0x6c540000, 0x73540000)
  object space 16384K, 70% used [0x6b540000,0x6c077828,0x6c540000)

Code Cache  [0xb3600000, 0xb3840000, 0xb6600000)
 total_blobs=338 nmethods=106 adapters=186 free_code_cache=49709632 largest_free_block=13056

Dynamic libraries:
08048000-08051000 r-xp 00000000 08:01 1839571    /usr/lib/jvm/java-6-openjdk-i386/jre/bin/java
08051000-08052000 r--p 00008000 08:01 1839571    /usr/lib/jvm/java-6-openjdk-i386/jre/bin/java
08052000-08053000 rw-p 00009000 08:01 1839571    /usr/lib/jvm/java-6-openjdk-i386/jre/bin/java
09f0f000-09f80000 rw-p 00000000 00:00 0          [heap]
67db6000-67dc9000 r-xp 00000000 08:01 252403     /lib/i386-linux-gnu/libresolv-2.15.so
67dc9000-67dca000 ---p 00013000 08:01 252403     /lib/i386-linux-gnu/libresolv-2.15.so
67dca000-67dcb000 r--p 00013000 08:01 252403     /lib/i386-linux-gnu/libresolv-2.15.so
67dcb000-67dcc000 rw-p 00014000 08:01 252403     /lib/i386-linux-gnu/libresolv-2.15.so
67dcc000-67dce000 rw-p 00000000 00:00 0 
67dce000-67df7000 r-xp 00000000 08:01 17362      /usr/lib/i386-linux-gnu/libvorbis.so.0.4.5
67df7000-67df8000 r--p 00028000 08:01 17362      /usr/lib/i386-linux-gnu/libvorbis.so.0.4.5
67df8000-67df9000 rw-p 00029000 08:01 17362      /usr/lib/i386-linux-gnu/libvorbis.so.0.4.5
67df9000-67f5f000 r-xp 00000000 08:01 17364      /usr/lib/i386-linux-gnu/libvorbisenc.so.2.0.8
67f5f000-67f70000 r--p 00165000 08:01 17364      /usr/lib/i386-linux-gnu/libvorbisenc.so.2.0.8
67f70000-67f71000 rw-p 00176000 08:01 17364      /usr/lib/i386-linux-gnu/libvorbisenc.so.2.0.8
67f71000-67fbd000 r-xp 00000000 08:01 16731      /usr/lib/i386-linux-gnu/libFLAC.so.8.2.0
67fbd000-67fbe000 r--p 0004b000 08:01 16731      /usr/lib/i386-linux-gnu/libFLAC.so.8.2.0
67fbe000-67fbf000 rw-p 0004c000 08:01 16731      /usr/lib/i386-linux-gnu/libFLAC.so.8.2.0
67fbf000-6802b000 r-xp 00000000 08:01 17307      /usr/lib/i386-linux-gnu/libsndfile.so.1.0.25
6802b000-6802c000 r--p 0006c000 08:01 17307      /usr/lib/i386-linux-gnu/libsndfile.so.1.0.25
6802c000-6802d000 rw-p 0006d000 08:01 17307      /usr/lib/i386-linux-gnu/libsndfile.so.1.0.25
6802d000-68031000 rw-p 00000000 00:00 0 
68031000-68078000 r-xp 00000000 08:01 252249     /lib/i386-linux-gnu/libdbus-1.so.3.5.8
68078000-68079000 r--p 00047000 08:01 252249     /lib/i386-linux-gnu/libdbus-1.so.3.5.8
68079000-6807a000 rw-p 00048000 08:01 252249     /lib/i386-linux-gnu/libdbus-1.so.3.5.8
6807a000-680dd000 r-xp 00000000 08:01 12624      /usr/lib/i386-linux-gnu/libpulsecommon-1.1.so
680dd000-680de000 r--p 00062000 08:01 12624      /usr/lib/i386-linux-gnu/libpulsecommon-1.1.so
680de000-680df000 rw-p 00063000 08:01 12624      /usr/lib/i386-linux-gnu/libpulsecommon-1.1.so
680df000-6812b000 r-xp 00000000 08:01 12623      /usr/lib/i386-linux-gnu/libpulse.so.0.13.5
6812b000-6812c000 r--p 0004b000 08:01 12623      /usr/lib/i386-linux-gnu/libpulse.so.0.13.5
6812c000-6812d000 rw-p 0004c000 08:01 12623      /usr/lib/i386-linux-gnu/libpulse.so.0.13.5
681bd000-682aa000 r-xp 00000000 08:01 16845      /usr/lib/i386-linux-gnu/libasound.so.2.0.0
682aa000-682ae000 r--p 000ec000 08:01 16845      /usr/lib/i386-linux-gnu/libasound.so.2.0.0
682ae000-682af000 rw-p 000f0000 08:01 16845      /usr/lib/i386-linux-gnu/libasound.so.2.0.0
682af000-682b2000 ---p 00000000 00:00 0 
682b2000-68300000 rw-p 00000000 00:00 0          [stack:6594]
68300000-68400000 rw-p 00000000 00:00 0 
68404000-6840a000 r-xp 00000000 08:01 17212      /usr/lib/i386-linux-gnu/libogg.so.0.7.1
6840a000-6840b000 r--p 00005000 08:01 17212      /usr/lib/i386-linux-gnu/libogg.so.0.7.1
6840b000-6840c000 rw-p 00006000 08:01 17212      /usr/lib/i386-linux-gnu/libogg.so.0.7.1
6840c000-68411000 r-xp 00000000 08:01 16847      /usr/lib/i386-linux-gnu/libasyncns.so.0.3.1
68411000-68412000 r--p 00004000 08:01 16847      /usr/lib/i386-linux-gnu/libasyncns.so.0.3.1
68412000-68413000 rw-p 00005000 08:01 16847      /usr/lib/i386-linux-gnu/libasyncns.so.0.3.1
68413000-6841b000 r-xp 00000000 08:01 252334     /lib/i386-linux-gnu/libwrap.so.0.7.6
6841b000-6841c000 r--p 00007000 08:01 252334     /lib/i386-linux-gnu/libwrap.so.0.7.6
6841c000-6841d000 rw-p 00008000 08:01 252334     /lib/i386-linux-gnu/libwrap.so.0.7.6
6841d000-68423000 r-xp 00000000 08:01 17146      /usr/lib/i386-linux-gnu/libjson.so.0.0.1
68423000-68424000 r--p 00005000 08:01 17146      /usr/lib/i386-linux-gnu/libjson.so.0.0.1
68424000-68425000 rw-p 00006000 08:01 17146      /usr/lib/i386-linux-gnu/libjson.so.0.0.1
68425000-68428000 ---p 00000000 00:00 0 
68428000-68476000 rw-p 00000000 00:00 0          [stack:6592]
68476000-68497000 r-xp 00000000 08:01 17358      /usr/lib/i386-linux-gnu/libv4lconvert.so.0
68497000-68498000 r--p 00021000 08:01 17358      /usr/lib/i386-linux-gnu/libv4lconvert.so.0
68498000-68499000 rw-p 00022000 08:01 17358      /usr/lib/i386-linux-gnu/libv4lconvert.so.0
68499000-684eb000 rw-p 00000000 00:00 0 
684eb000-684fe000 r-xp 00000000 08:01 8712       /usr/lib/libvideo.so.0
684fe000-684ff000 r--p 00012000 08:01 8712       /usr/lib/libvideo.so.0
684ff000-68500000 rw-p 00013000 08:01 8712       /usr/lib/libvideo.so.0
68500000-685e8000 rw-p 00000000 00:00 0 
685e8000-68600000 ---p 00000000 00:00 0 
68600000-6868a000 rw-p 00000000 00:00 0 
6868a000-68700000 ---p 00000000 00:00 0 
68700000-687fd000 rw-p 00000000 00:00 0 
687fd000-68800000 ---p 00000000 00:00 0 
68800000-688d1000 rw-p 00000000 00:00 0 
688d1000-68900000 ---p 00000000 00:00 0 
68900000-689ff000 rw-p 00000000 00:00 0 
689ff000-68a00000 ---p 00000000 00:00 0 
68a18000-68a27000 r-xp 00000000 08:01 1839790    /usr/lib/jvm/java-6-openjdk-i386/jre/lib/i386/libjsoundalsa.so
68a27000-68a28000 r--p 0000e000 08:01 1839790    /usr/lib/jvm/java-6-openjdk-i386/jre/lib/i386/libjsoundalsa.so
68a28000-68a29000 rw-p 0000f000 08:01 1839790    /usr/lib/jvm/java-6-openjdk-i386/jre/lib/i386/libjsoundalsa.so
68a29000-68a2c000 ---p 00000000 00:00 0 
68a2c000-68b00000 rw-p 00000000 00:00 0          [stack:6591]
68b00000-68bf4000 rw-p 00000000 00:00 0 
68bf4000-68c00000 ---p 00000000 00:00 0 
68c05000-68c0d000 r-xp 00000000 08:01 524557     /usr/lib/jni/libsynergy2416.so
68c0d000-68c0e000 r--p 00007000 08:01 524557     /usr/lib/jni/libsynergy2416.so
68c0e000-68c0f000 rw-p 00008000 08:01 524557     /usr/lib/jni/libsynergy2416.so
68c0f000-68c12000 ---p 00000000 00:00 0 
68c12000-68c60000 rw-p 00000000 00:00 0          [stack:6590]
68c60000-68c63000 ---p 00000000 00:00 0 
68c63000-68cb1000 rw-p 00000000 00:00 0          [stack:6589]
68cb1000-68cc6000 r-xp 00000000 08:01 1839614    /usr/lib/jvm/java-6-openjdk-i386/jre/lib/i386/libnet.so
68cc6000-68cc7000 r--p 00014000 08:01 1839614    /usr/lib/jvm/java-6-openjdk-i386/jre/lib/i386/libnet.so
68cc7000-68cc8000 rw-p 00015000 08:01 1839614    /usr/lib/jvm/java-6-openjdk-i386/jre/lib/i386/libnet.so
68cc8000-68ccb000 ---p 00000000 00:00 0 
68ccb000-68d19000 rw-p 00000000 00:00 0          [stack:6588]
68d19000-68d67000 r--s 008b6000 08:01 2243423    /opt/eclipse-standard/plugins/com.ibm.icu_50.1.1.v201304230130.jar
68d67000-68da9000 r--s 00367000 08:01 2243377    /opt/eclipse-standard/plugins/org.eclipse.ui.workbench_3.105.1.v20130821-1411.jar
68da9000-68dee000 r-xp 00000000 08:01 11892      /usr/lib/i386-linux-gnu/libjpeg.so.8.0.2
68dee000-68def000 r--p 00044000 08:01 11892      /usr/lib/i386-linux-gnu/libjpeg.so.8.0.2
68def000-68df0000 rw-p 00045000 08:01 11892      /usr/lib/i386-linux-gnu/libjpeg.so.8.0.2
68df0000-68e00000 rw-p 00000000 00:00 0 
68e00000-68eff000 rw-p 00000000 00:00 0 
68eff000-68f00000 ---p 00000000 00:00 0 
68f00000-68f29000 rw-p 00000000 00:00 0 
68f29000-69000000 ---p 00000000 00:00 0 
69000000-690ff000 rw-p 00000000 00:00 0 
690ff000-69100000 ---p 00000000 00:00 0 
69102000-69111000 r-xp 00000000 08:01 524448     /usr/lib/jni/libv4l4j.so
69111000-69112000 r--p 0000e000 08:01 524448     /usr/lib/jni/libv4l4j.so
69112000-69113000 rw-p 0000f000 08:01 524448     /usr/lib/jni/libv4l4j.so
69113000-69126000 r--s 000e0000 08:01 2243213    /opt/eclipse-standard/plugins/org.eclipse.jface.text_3.8.101.v20130802-1147.jar
69126000-6913a000 r--s 000f9000 08:01 2243526    /opt/eclipse-standard/plugins/org.eclipse.jface_3.9.1.v20130725-1141.jar
6913a000-6914f000 r--s 0023a000 08:01 2243675    /opt/eclipse-standard/plugins/org.eclipse.swt.gtk.linux.x86_3.102.1.v20130827-2048.jar
6914f000-69152000 ---p 00000000 00:00 0 
69152000-691a0000 rw-p 00000000 00:00 0          [stack:6587]
691a0000-691a3000 ---p 00000000 00:00 0 
691a3000-691f1000 rw-p 00000000 00:00 0          [stack:6586]
691f1000-69286000 r-xp 00000000 08:01 16989      /usr/lib/i386-linux-gnu/libfreetype.so.6.8.0
69286000-6928a000 r--p 00094000 08:01 16989      /usr/lib/i386-linux-gnu/libfreetype.so.6.8.0
6928a000-6928b000 rw-p 00098000 08:01 16989      /usr/lib/i386-linux-gnu/libfreetype.so.6.8.0
6928b000-693bb000 r-xp 00000000 08:01 14323      /usr/lib/i386-linux-gnu/libX11.so.6.3.0
693bb000-693bc000 r--p 0012f000 08:01 14323      /usr/lib/i386-linux-gnu/libX11.so.6.3.0
693bc000-693be000 rw-p 00130000 08:01 14323      /usr/lib/i386-linux-gnu/libX11.so.6.3.0
693be000-693bf000 rw-p 00000000 00:00 0 
693bf000-69453000 r-xp 00000000 08:01 1839605    /usr/lib/jvm/java-6-openjdk-i386/jre/lib/i386/libawt.so
69453000-69454000 r--p 00093000 08:01 1839605    /usr/lib/jvm/java-6-openjdk-i386/jre/lib/i386/libawt.so
69454000-6945b000 rw-p 00094000 08:01 1839605    /usr/lib/jvm/java-6-openjdk-i386/jre/lib/i386/libawt.so
6945b000-6947f000 rw-p 00000000 00:00 0 
6947f000-69480000 ---p 00000000 00:00 0 
69480000-69500000 rw-p 00000000 00:00 0          [stack:6583]
69500000-695ee000 rw-p 00000000 00:00 0 
695ee000-69600000 ---p 00000000 00:00 0 
69600000-696ff000 rw-p 00000000 00:00 0 
696ff000-69700000 ---p 00000000 00:00 0 
69701000-69702000 r-xp 00000000 08:01 17403      /usr/lib/i386-linux-gnu/alsa-lib/libasound_module_conf_pulse.so
69702000-69703000 r--p 00000000 08:01 17403      /usr/lib/i386-linux-gnu/alsa-lib/libasound_module_conf_pulse.so
69703000-69704000 rw-p 00001000 08:01 17403      /usr/lib/i386-linux-gnu/alsa-lib/libasound_module_conf_pulse.so
69704000-6972c000 r-xp 00000000 08:01 252306     /lib/i386-linux-gnu/libpng12.so.0.46.0
6972c000-6972d000 r--p 00027000 08:01 252306     /lib/i386-linux-gnu/libpng12.so.0.46.0
6972d000-6972e000 rw-p 00028000 08:01 252306     /lib/i386-linux-gnu/libpng12.so.0.46.0
6972e000-69731000 ---p 00000000 00:00 0 
69731000-6977f000 rw-p 00000000 00:00 0          [stack:6585]
6977f000-69782000 ---p 00000000 00:00 0 
69782000-69800000 rw-p 00000000 00:00 0          [stack:6581]
69800000-698fc000 rw-p 00000000 00:00 0 
698fc000-69900000 ---p 00000000 00:00 0 
69900000-69921000 rw-p 00000000 00:00 0 
69921000-69a00000 ---p 00000000 00:00 0 
69a00000-69c00000 r--p 00000000 08:01 19412      /usr/lib/locale/locale-archive
69c00000-69cff000 rw-p 00000000 00:00 0 
69cff000-69d00000 ---p 00000000 00:00 0 
69d00000-69d21000 rw-p 00000000 00:00 0 
69d21000-69e00000 ---p 00000000 00:00 0 
69e00000-69e40000 rw-p 00000000 00:00 0 
69e40000-69f00000 ---p 00000000 00:00 0 
69f00000-69f01000 r-xp 00000000 08:01 1839628    /usr/lib/jvm/java-6-openjdk-i386/jre/lib/i386/libjsound.so
69f01000-69f02000 r--p 00000000 08:01 1839628    /usr/lib/jvm/java-6-openjdk-i386/jre/lib/i386/libjsound.so
69f02000-69f03000 rw-p 00001000 08:01 1839628    /usr/lib/jvm/java-6-openjdk-i386/jre/lib/i386/libjsound.so
69f03000-69f0b000 r-xp 00000000 08:01 1839626    /usr/lib/jvm/java-6-openjdk-i386/jre/lib/i386/libnio.so
69f0b000-69f0c000 r--p 00007000 08:01 1839626    /usr/lib/jvm/java-6-openjdk-i386/jre/lib/i386/libnio.so
69f0c000-69f0d000 rw-p 00008000 08:01 1839626    /usr/lib/jvm/java-6-openjdk-i386/jre/lib/i386/libnio.so
69f0d000-69f10000 r--s 0007f000 08:01 1839014    /usr/lib/jvm/java-6-openjdk-common/jre/lib/jsse.jar
69f10000-69f16000 r--s 00000000 08:01 3565       /var/cache/fontconfig/945677eb7aeaf62f1d50efc3fb3ec7d8-le32d4.cache-3
69f16000-69f19000 r--s 00000000 08:01 519519     /var/cache/fontconfig/99e8ed0e538f840c565b6ed5dad60d56-le32d4.cache-3
69f19000-69f1c000 ---p 00000000 00:00 0 
69f1c000-69f6a000 rw-p 00000000 00:00 0          [stack:6584]
69f6a000-69f6d000 ---p 00000000 00:00 0 
69f6d000-69feb000 rw-p 00000000 00:00 0          [stack:6580]
69feb000-69fec000 ---p 00000000 00:00 0 
69fec000-6a06c000 rw-p 00000000 00:00 0          [stack:6576]
6a06c000-6a200000 r--s 03822000 08:01 1839584    /usr/lib/jvm/java-6-openjdk-i386/jre/lib/rt.jar
6a200000-6a221000 rw-p 00000000 00:00 0 
6a221000-6a300000 ---p 00000000 00:00 0 
6a302000-6a305000 r--s 00019000 08:01 864259     /home/chaol/workspace-java/ADP-Demo-GUI/src/com/adp/clocks/synergy2416/res/v4l4j.jar
6a305000-6a30a000 r--s 00045000 08:01 2243421    /opt/eclipse-standard/plugins/org.eclipse.ui.forms_3.6.1.v20130822-1117.jar
6a30a000-6a30f000 r--s 00038000 08:01 2243571    /opt/eclipse-standard/plugins/org.eclipse.text_3.5.300.v20130515-1451.jar
6a30f000-6a317000 r-xp 00000000 08:01 1839774    /usr/lib/i386-linux-gnu/libgif.so.4.1.6
6a317000-6a318000 r--p 00007000 08:01 1839774    /usr/lib/i386-linux-gnu/libgif.so.4.1.6
6a318000-6a319000 rw-p 00008000 08:01 1839774    /usr/lib/i386-linux-gnu/libgif.so.4.1.6
6a31b000-6a32f000 r--s 00140000 08:01 2243684    /opt/eclipse-standard/plugins/org.eclipse.osgi_3.9.1.v20130814-1242.jar
6a32f000-6a333000 r-xp 00000000 08:01 13641      /usr/lib/i386-linux-gnu/libXfixes.so.3.1.0
6a333000-6a334000 r--p 00004000 08:01 13641      /usr/lib/i386-linux-gnu/libXfixes.so.3.1.0
6a334000-6a335000 rw-p 00005000 08:01 13641      /usr/lib/i386-linux-gnu/libXfixes.so.3.1.0
6a335000-6a37d000 r-xp 00000000 08:01 1839595    /usr/lib/jvm/java-6-openjdk-i386/jre/lib/i386/libfontmanager.so
6a37d000-6a37e000 r--p 00048000 08:01 1839595    /usr/lib/jvm/java-6-openjdk-i386/jre/lib/i386/libfontmanager.so
6a37e000-6a37f000 rw-p 00049000 08:01 1839595    /usr/lib/jvm/java-6-openjdk-i386/jre/lib/i386/libfontmanager.so
6a37f000-6a380000 ---p 00000000 00:00 0 
6a380000-6a400000 rw-p 00000000 00:00 0          [stack:6575]
6a400000-6a421000 rw-p 00000000 00:00 0 
6a421000-6a500000 ---p 00000000 00:00 0 
6a501000-6a502000 rw-p 00000000 00:00 0 
6a502000-6a505000 r--s 00000000 08:01 3552       /var/cache/fontconfig/2cd17615ca594fa2959ae173292e504c-le32d4.cache-3
6a505000-6a507000 r--s 00010000 08:01 2243198    /opt/eclipse-standard/plugins/org.eclipse.core.runtime_3.9.0.v20130326-1255.jar
6a507000-6a510000 r-xp 00000000 08:01 16793      /usr/lib/i386-linux-gnu/libXcursor.so.1.0.2
6a510000-6a511000 r--p 00008000 08:01 16793      /usr/lib/i386-linux-gnu/libXcursor.so.1.0.2
6a511000-6a512000 rw-p 00009000 08:01 16793      /usr/lib/i386-linux-gnu/libXcursor.so.1.0.2
6a512000-6a515000 r--s 0002a000 08:01 2243555    /opt/eclipse-standard/plugins/org.eclipse.equinox.registry_3.5.301.v20130717-1549.jar
6a515000-6a518000 r--s 00018000 08:01 2243752    /opt/eclipse-standard/plugins/org.eclipse.equinox.common_3.6.200.v20130402-1505.jar
6a518000-6a51b000 r--s 00018000 08:01 2243511    /opt/eclipse-standard/plugins/org.eclipse.core.commands_3.6.100.v20130515-1857.jar
6a51b000-6a524000 r-xp 00000000 08:01 1839791    /usr/lib/jvm/java-6-openjdk-i386/jre/lib/i386/libsplashscreen.so
6a524000-6a525000 r--p 00008000 08:01 1839791    /usr/lib/jvm/java-6-openjdk-i386/jre/lib/i386/libsplashscreen.so
6a525000-6a526000 rw-p 00009000 08:01 1839791    /usr/lib/jvm/java-6-openjdk-i386/jre/lib/i386/libsplashscreen.so
6a526000-6a528000 rw-p 00000000 00:00 0 
6a528000-6a52f000 r--s 000fc000 08:01 1838998    /usr/lib/jvm/java-6-openjdk-common/jre/lib/resources.jar
6a52f000-6a57b000 r-xp 00000000 08:01 1839789    /usr/lib/jvm/java-6-openjdk-i386/jre/lib/i386/xawt/libmawt.so
6a57b000-6a57c000 r--p 0004b000 08:01 1839789    /usr/lib/jvm/java-6-openjdk-i386/jre/lib/i386/xawt/libmawt.so
6a57c000-6a57e000 rw-p 0004c000 08:01 1839789    /usr/lib/jvm/java-6-openjdk-i386/jre/lib/i386/xawt/libmawt.so
6a57e000-6a57f000 rw-p 00000000 00:00 0 
6a57f000-6a580000 ---p 00000000 00:00 0 
6a580000-6a600000 rw-p 00000000 00:00 0          [stack:6574]
6a600000-6a621000 rw-p 00000000 00:00 0 
6a621000-6a700000 ---p 00000000 00:00 0 
6a700000-6a701000 rw-p 00000000 00:00 0 
6a701000-6a702000 r--s 00000000 08:01 3570       /var/cache/fontconfig/c05880de57d1f5e948fdfacc138775d9-le32d4.cache-3
6a702000-6a703000 r--s 00000000 08:01 3577       /var/cache/fontconfig/e7071f4a29fa870f4323321c154eba04-le32d4.cache-3
6a703000-6a704000 r--s 00000000 08:01 3550       /var/cache/fontconfig/0d8c3b2ac0904cb8a57a757ad11a4a08-le32d4.cache-3
6a704000-6a708000 r--s 00000000 08:01 3567       /var/cache/fontconfig/a755afe4a08bf5b97852ceb7400b47bc-le32d4.cache-3
6a708000-6a70f000 r--s 00000000 08:01 1579180    /var/cache/fontconfig/6d41288fd70b0be22e8c3a91e032eec0-le32d4.cache-3
6a70f000-6a71a000 r--s 00000000 08:01 3549       /var/cache/fontconfig/04aabc0a78ac019cf9454389977116d2-le32d4.cache-3
6a71a000-6a71d000 r--s 00000000 08:01 3555       /var/cache/fontconfig/385c0604a188198f04d133e54aba7fe7-le32d4.cache-3
6a71d000-6a71e000 r--s 00000000 08:01 3572       /var/cache/fontconfig/4794a0821666d79190d59a36cb4f44b5-le32d4.cache-3
6a71e000-6a722000 r--s 00000000 08:01 3553       /var/cache/fontconfig/3047814df9a2f067bd2d96a2b9c36e5a-le32d4.cache-3
6a722000-6a728000 r--s 00000000 08:01 3565       /var/cache/fontconfig/945677eb7aeaf62f1d50efc3fb3ec7d8-le32d4.cache-3
6a728000-6a72b000 r--s 00000000 08:01 519519     /var/cache/fontconfig/99e8ed0e538f840c565b6ed5dad60d56-le32d4.cache-3
6a72b000-6a72e000 r--s 00000000 08:01 3552       /var/cache/fontconfig/2cd17615ca594fa2959ae173292e504c-le32d4.cache-3
6a72e000-6a731000 ---p 00000000 00:00 0 
6a731000-6a77f000 rw-p 00000000 00:00 0          [stack:6582]
6a77f000-6a780000 ---p 00000000 00:00 0 
6a780000-6a800000 rw-p 00000000 00:00 0          [stack:6573]
6a800000-6a821000 rw-p 00000000 00:00 0 
6a821000-6a900000 ---p 00000000 00:00 0 
6a900000-6a901000 r--s 00000000 08:01 3570       /var/cache/fontconfig/c05880de57d1f5e948fdfacc138775d9-le32d4.cache-3
6a901000-6a905000 r--s 00000000 08:01 3567       /var/cache/fontconfig/a755afe4a08bf5b97852ceb7400b47bc-le32d4.cache-3
6a905000-6a90c000 r--s 00000000 08:01 1579180    /var/cache/fontconfig/6d41288fd70b0be22e8c3a91e032eec0-le32d4.cache-3
6a90c000-6a917000 r--s 00000000 08:01 3549       /var/cache/fontconfig/04aabc0a78ac019cf9454389977116d2-le32d4.cache-3
6a917000-6a91a000 r--s 00000000 08:01 3555       /var/cache/fontconfig/385c0604a188198f04d133e54aba7fe7-le32d4.cache-3
6a91a000-6a91d000 r--s 00000000 08:01 3564       /var/cache/fontconfig/8801497958630a81b71ace7c5f9b32a8-le32d4.cache-3
6a91d000-6a921000 r--s 00000000 08:01 3553       /var/cache/fontconfig/3047814df9a2f067bd2d96a2b9c36e5a-le32d4.cache-3
6a921000-6a92e000 r--s 00000000 08:01 3573       /var/cache/fontconfig/d52a8644073d54c13679302ca1180695-le32d4.cache-3
6a92e000-6a931000 ---p 00000000 00:00 0 
6a931000-6a97f000 rw-p 00000000 00:00 0          [stack:6579]
6a97f000-6a980000 ---p 00000000 00:00 0 
6a980000-6aa00000 rw-p 00000000 00:00 0          [stack:6572]
6aa00000-6aa21000 rw-p 00000000 00:00 0 
6aa21000-6ab00000 ---p 00000000 00:00 0 
6ab00000-6ab04000 r--s 00000000 08:01 3568       /var/cache/fontconfig/b47c4e1ecd0709278f4910c18777a504-le32d4.cache-3
6ab04000-6ab07000 r--s 00000000 08:01 3564       /var/cache/fontconfig/8801497958630a81b71ace7c5f9b32a8-le32d4.cache-3
6ab07000-6ab08000 r--s 00000000 08:01 3558       /var/cache/fontconfig/56cf4f4769d0f4abc89a4895d7bd3ae1-le32d4.cache-3
6ab08000-6ab09000 r--s 00000000 08:01 3569       /var/cache/fontconfig/b9d506c9ac06c20b433354fa67a72993-le32d4.cache-3
6ab09000-6ab0d000 r--s 00000000 08:01 3568       /var/cache/fontconfig/b47c4e1ecd0709278f4910c18777a504-le32d4.cache-3
6ab0d000-6ab1a000 r--s 00000000 08:01 3573       /var/cache/fontconfig/d52a8644073d54c13679302ca1180695-le32d4.cache-3
6ab1a000-6ab23000 r--s 00000000 08:01 519518     /var/cache/fontconfig/089dead882dea3570ffc31a9898cfb69-le32d4.cache-3
6ab23000-6ab2b000 r--s 00000000 08:01 11176      /var/cache/fontconfig/e13b20fdb08344e0e664864cc2ede53d-le32d4.cache-3
6ab2b000-6ab2e000 r--s 00000000 08:01 519517     /var/cache/fontconfig/7ef2298fde41cc6eeb7af42e48b7d293-le32d4.cache-3
6ab2e000-6ab31000 ---p 00000000 00:00 0 
6ab31000-6ab7f000 rw-p 00000000 00:00 0          [stack:6578]
6ab7f000-6ab80000 ---p 00000000 00:00 0 
6ab80000-6ac00000 rw-p 00000000 00:00 0          [stack:6571]
6ac00000-6ac21000 rw-p 00000000 00:00 0 
6ac21000-6ad00000 ---p 00000000 00:00 0 
6ad00000-6ad21000 rw-p 00000000 00:00 0 
6ad21000-6ae00000 ---p 00000000 00:00 0 
6ae00000-6ae01000 r--s 00000000 08:01 3577       /var/cache/fontconfig/e7071f4a29fa870f4323321c154eba04-le32d4.cache-3
6ae01000-6ae02000 r--s 00000000 08:01 3550       /var/cache/fontconfig/0d8c3b2ac0904cb8a57a757ad11a4a08-le32d4.cache-3
6ae02000-6ae07000 r-xp 00000000 08:01 16797      /usr/lib/i386-linux-gnu/libXdmcp.so.6.0.0
6ae07000-6ae08000 r--p 00004000 08:01 16797      /usr/lib/i386-linux-gnu/libXdmcp.so.6.0.0
6ae08000-6ae09000 rw-p 00005000 08:01 16797      /usr/lib/i386-linux-gnu/libXdmcp.so.6.0.0
6ae09000-6ae0b000 r-xp 00000000 08:01 16786      /usr/lib/i386-linux-gnu/libXau.so.6.0.0
6ae0b000-6ae0c000 r--p 00001000 08:01 16786      /usr/lib/i386-linux-gnu/libXau.so.6.0.0
6ae0c000-6ae0d000 rw-p 00002000 08:01 16786      /usr/lib/i386-linux-gnu/libXau.so.6.0.0
6ae0d000-6ae2c000 r-xp 00000000 08:01 17393      /usr/lib/i386-linux-gnu/libxcb.so.1.1.0
6ae2c000-6ae2d000 r--p 0001f000 08:01 17393      /usr/lib/i386-linux-gnu/libxcb.so.1.1.0
6ae2d000-6ae2e000 rw-p 00020000 08:01 17393      /usr/lib/i386-linux-gnu/libxcb.so.1.1.0
6ae2e000-6ae31000 ---p 00000000 00:00 0 
6ae31000-6ae7f000 rw-p 00000000 00:00 0          [stack:6577]
6ae7f000-6ae80000 ---p 00000000 00:00 0 
6ae80000-6af00000 rw-p 00000000 00:00 0          [stack:6570]
6af00000-6af21000 rw-p 00000000 00:00 0 
6af21000-6b000000 ---p 00000000 00:00 0 
6b000000-6b00f000 r-xp 00000000 08:01 8381       /usr/lib/i386-linux-gnu/libXi.so.6.1.0
6b00f000-6b010000 r--p 0000e000 08:01 8381       /usr/lib/i386-linux-gnu/libXi.so.6.1.0
6b010000-6b011000 rw-p 0000f000 08:01 8381       /usr/lib/i386-linux-gnu/libXi.so.6.1.0
6b011000-6b016000 r-xp 00000000 08:01 16825      /usr/lib/i386-linux-gnu/libXtst.so.6.1.0
6b016000-6b017000 r--p 00004000 08:01 16825      /usr/lib/i386-linux-gnu/libXtst.so.6.1.0
6b017000-6b018000 rw-p 00005000 08:01 16825      /usr/lib/i386-linux-gnu/libXtst.so.6.1.0
6b018000-6b020000 r-xp 00000000 08:01 16821      /usr/lib/i386-linux-gnu/libXrender.so.1.3.0
6b020000-6b021000 r--p 00007000 08:01 16821      /usr/lib/i386-linux-gnu/libXrender.so.1.3.0
6b021000-6b022000 rw-p 00008000 08:01 16821      /usr/lib/i386-linux-gnu/libXrender.so.1.3.0
6b022000-6b032000 r-xp 00000000 08:01 16799      /usr/lib/i386-linux-gnu/libXext.so.6.4.0
6b032000-6b033000 r--p 0000f000 08:01 16799      /usr/lib/i386-linux-gnu/libXext.so.6.4.0
6b033000-6b034000 rw-p 00010000 08:01 16799      /usr/lib/i386-linux-gnu/libXext.so.6.4.0
6b034000-6b067000 rw-p 00000000 00:00 0 
6b067000-6b068000 ---p 00000000 00:00 0 
6b068000-6b0e8000 rw-p 00000000 00:00 0          [stack:6569]
6b0e8000-6b0e9000 ---p 00000000 00:00 0 
6b0e9000-6b171000 rw-p 00000000 00:00 0          [stack:6568]
6b171000-6b1a9000 rw-p 00000000 00:00 0 
6b1a9000-6b1bf000 rw-p 00000000 00:00 0 
6b1bf000-6b2ff000 rw-p 00000000 00:00 0 
6b2ff000-6b307000 rw-p 00000000 00:00 0 
6b307000-6b33f000 rw-p 00000000 00:00 0 
6b33f000-6b355000 rw-p 00000000 00:00 0 
6b355000-6b494000 rw-p 00000000 00:00 0 
6b494000-6b49f000 rw-p 00000000 00:00 0 
6b49f000-6b53f000 rw-p 00000000 00:00 0 
6b53f000-6c540000 rw-p 00000000 00:00 0 
6c540000-73540000 rw-p 00000000 00:00 0 
73540000-75ff0000 rw-p 00000000 00:00 0 
75ff0000-9dff0000 rw-p 00000000 00:00 0 
9dff0000-9f540000 rw-p 00000000 00:00 0 
9f540000-b3540000 rw-p 00000000 00:00 0 
b3540000-b3549000 rw-p 00000000 00:00 0 
b3549000-b3600000 rw-p 00000000 00:00 0 
b3600000-b3840000 rwxp 00000000 00:00 0 
b3840000-b6700000 rw-p 00000000 00:00 0 
b6700000-b6701000 r--s 00000000 08:01 3572       /var/cache/fontconfig/4794a0821666d79190d59a36cb4f44b5-le32d4.cache-3
b6701000-b6702000 r--s 00000000 08:01 3558       /var/cache/fontconfig/56cf4f4769d0f4abc89a4895d7bd3ae1-le32d4.cache-3
b6702000-b6703000 r--s 00000000 08:01 3569       /var/cache/fontconfig/b9d506c9ac06c20b433354fa67a72993-le32d4.cache-3
b6703000-b670c000 r--s 00000000 08:01 519518     /var/cache/fontconfig/089dead882dea3570ffc31a9898cfb69-le32d4.cache-3
b670c000-b6714000 r--s 00000000 08:01 11176      /var/cache/fontconfig/e13b20fdb08344e0e664864cc2ede53d-le32d4.cache-3
b6714000-b6717000 r--s 00000000 08:01 519517     /var/cache/fontconfig/7ef2298fde41cc6eeb7af42e48b7d293-le32d4.cache-3
b6717000-b6719000 r--s 0000f000 08:01 1838988    /usr/lib/jvm/java-6-openjdk-common/jre/lib/ext/pulse-java.jar
b6719000-b671c000 r--s 00077000 08:01 1838989    /usr/lib/jvm/java-6-openjdk-common/jre/lib/ext/localedata.jar
b671c000-b6727000 r-xp 00000000 08:01 255736     /lib/i386-linux-gnu/libnss_files-2.15.so
b6727000-b6728000 r--p 0000a000 08:01 255736     /lib/i386-linux-gnu/libnss_files-2.15.so
b6728000-b6729000 rw-p 0000b000 08:01 255736     /lib/i386-linux-gnu/libnss_files-2.15.so
b6729000-b6733000 r-xp 00000000 08:01 255735     /lib/i386-linux-gnu/libnss_nis-2.15.so
b6733000-b6734000 r--p 00009000 08:01 255735     /lib/i386-linux-gnu/libnss_nis-2.15.so
b6734000-b6735000 rw-p 0000a000 08:01 255735     /lib/i386-linux-gnu/libnss_nis-2.15.so
b6735000-b674b000 r-xp 00000000 08:01 252399     /lib/i386-linux-gnu/libnsl-2.15.so
b674b000-b674c000 r--p 00015000 08:01 252399     /lib/i386-linux-gnu/libnsl-2.15.so
b674c000-b674d000 rw-p 00016000 08:01 252399     /lib/i386-linux-gnu/libnsl-2.15.so
b674d000-b674f000 rw-p 00000000 00:00 0 
b674f000-b6756000 r-xp 00000000 08:01 255737     /lib/i386-linux-gnu/libnss_compat-2.15.so
b6756000-b6757000 r--p 00006000 08:01 255737     /lib/i386-linux-gnu/libnss_compat-2.15.so
b6757000-b6758000 rw-p 00007000 08:01 255737     /lib/i386-linux-gnu/libnss_compat-2.15.so
b6758000-b6759000 r--s 00007000 08:01 1839824    /usr/share/java/java-atk-wrapper.jar
b6759000-b675d000 r--s 00039000 08:01 1838987    /usr/lib/jvm/java-6-openjdk-common/jre/lib/ext/sunpkcs11.jar
b675d000-b6764000 r-xp 00000000 08:01 1839612    /usr/lib/jvm/java-6-openjdk-i386/jre/lib/i386/libzip.so
b6764000-b6765000 r--p 00006000 08:01 1839612    /usr/lib/jvm/java-6-openjdk-i386/jre/lib/i386/libzip.so
b6765000-b6766000 rw-p 00007000 08:01 1839612    /usr/lib/jvm/java-6-openjdk-i386/jre/lib/i386/libzip.so
b6766000-b676e000 rw-s 00000000 08:01 873784     /tmp/hsperfdata_chaol/6562
b676e000-b6794000 r-xp 00000000 08:01 1839598    /usr/lib/jvm/java-6-openjdk-i386/jre/lib/i386/libjava.so
b6794000-b6795000 r--p 00025000 08:01 1839598    /usr/lib/jvm/java-6-openjdk-i386/jre/lib/i386/libjava.so
b6795000-b6797000 rw-p 00026000 08:01 1839598    /usr/lib/jvm/java-6-openjdk-i386/jre/lib/i386/libjava.so
b6797000-b679e000 r-xp 00000000 08:01 252408     /lib/i386-linux-gnu/librt-2.15.so
b679e000-b679f000 r--p 00006000 08:01 252408     /lib/i386-linux-gnu/librt-2.15.so
b679f000-b67a0000 rw-p 00007000 08:01 252408     /lib/i386-linux-gnu/librt-2.15.so
b67a0000-b67a3000 ---p 00000000 00:00 0 
b67a3000-b67f1000 rw-p 00000000 00:00 0          [stack:6567]
b67f1000-b680d000 r-xp 00000000 08:01 252257     /lib/i386-linux-gnu/libgcc_s.so.1
b680d000-b680e000 r--p 0001b000 08:01 252257     /lib/i386-linux-gnu/libgcc_s.so.1
b680e000-b680f000 rw-p 0001c000 08:01 252257     /lib/i386-linux-gnu/libgcc_s.so.1
b680f000-b6839000 r-xp 00000000 08:01 255734     /lib/i386-linux-gnu/libm-2.15.so
b6839000-b683a000 r--p 00029000 08:01 255734     /lib/i386-linux-gnu/libm-2.15.so
b683a000-b683b000 rw-p 0002a000 08:01 255734     /lib/i386-linux-gnu/libm-2.15.so
b683b000-b6913000 r-xp 00000000 08:01 17329      /usr/lib/i386-linux-gnu/libstdc++.so.6.0.16
b6913000-b6914000 ---p 000d8000 08:01 17329      /usr/lib/i386-linux-gnu/libstdc++.so.6.0.16
b6914000-b6918000 r--p 000d8000 08:01 17329      /usr/lib/i386-linux-gnu/libstdc++.so.6.0.16
b6918000-b6919000 rw-p 000dc000 08:01 17329      /usr/lib/i386-linux-gnu/libstdc++.so.6.0.16
b6919000-b6920000 rw-p 00000000 00:00 0 
b6920000-b7140000 r-xp 00000000 08:01 1839591    /usr/lib/jvm/java-6-openjdk-i386/jre/lib/i386/server/libjvm.so
b7140000-b7185000 r--p 0081f000 08:01 1839591    /usr/lib/jvm/java-6-openjdk-i386/jre/lib/i386/server/libjvm.so
b7185000-b7194000 rw-p 00864000 08:01 1839591    /usr/lib/jvm/java-6-openjdk-i386/jre/lib/i386/server/libjvm.so
b7194000-b75b0000 rw-p 00000000 00:00 0 
b75b0000-b75c4000 r-xp 00000000 08:01 252336     /lib/i386-linux-gnu/libz.so.1.2.3.4
b75c4000-b75c5000 r--p 00013000 08:01 252336     /lib/i386-linux-gnu/libz.so.1.2.3.4
b75c5000-b75c6000 rw-p 00014000 08:01 252336     /lib/i386-linux-gnu/libz.so.1.2.3.4
b75c6000-b776a000 r-xp 00000000 08:01 255739     /lib/i386-linux-gnu/libc-2.15.so
b776a000-b776c000 r--p 001a4000 08:01 255739     /lib/i386-linux-gnu/libc-2.15.so
b776c000-b776d000 rw-p 001a6000 08:01 255739     /lib/i386-linux-gnu/libc-2.15.so
b776d000-b7770000 rw-p 00000000 00:00 0 
b7770000-b7773000 r-xp 00000000 08:01 255738     /lib/i386-linux-gnu/libdl-2.15.so
b7773000-b7774000 r--p 00002000 08:01 255738     /lib/i386-linux-gnu/libdl-2.15.so
b7774000-b7775000 rw-p 00003000 08:01 255738     /lib/i386-linux-gnu/libdl-2.15.so
b7775000-b7779000 r-xp 00000000 08:01 1839611    /usr/lib/jvm/java-6-openjdk-i386/jre/lib/i386/jli/libjli.so
b7779000-b777a000 r--p 00003000 08:01 1839611    /usr/lib/jvm/java-6-openjdk-i386/jre/lib/i386/jli/libjli.so
b777a000-b777b000 rw-p 00004000 08:01 1839611    /usr/lib/jvm/java-6-openjdk-i386/jre/lib/i386/jli/libjli.so
b777b000-b777c000 rw-p 00000000 00:00 0 
b777c000-b7793000 r-xp 00000000 08:01 252406     /lib/i386-linux-gnu/libpthread-2.15.so
b7793000-b7794000 r--p 00016000 08:01 252406     /lib/i386-linux-gnu/libpthread-2.15.so
b7794000-b7795000 rw-p 00017000 08:01 252406     /lib/i386-linux-gnu/libpthread-2.15.so
b7795000-b7797000 rw-p 00000000 00:00 0 
b7797000-b7799000 r--s 00001000 08:01 1838990    /usr/lib/jvm/java-6-openjdk-common/jre/lib/ext/dnsns.jar
b7799000-b779c000 r--s 00031000 08:01 1838991    /usr/lib/jvm/java-6-openjdk-common/jre/lib/ext/sunjce_provider.jar
b779c000-b779d000 r--p 005e0000 08:01 19412      /usr/lib/locale/locale-archive
b779d000-b779e000 rw-p 00000000 00:00 0 
b779e000-b779f000 r--p 00000000 00:00 0 
b779f000-b77aa000 r-xp 00000000 08:01 1839627    /usr/lib/jvm/java-6-openjdk-i386/jre/lib/i386/libverify.so
b77aa000-b77ab000 ---p 0000b000 08:01 1839627    /usr/lib/jvm/java-6-openjdk-i386/jre/lib/i386/libverify.so
b77ab000-b77ac000 r--p 0000b000 08:01 1839627    /usr/lib/jvm/java-6-openjdk-i386/jre/lib/i386/libverify.so
b77ac000-b77ad000 rw-p 0000c000 08:01 1839627    /usr/lib/jvm/java-6-openjdk-i386/jre/lib/i386/libverify.so
b77ad000-b77af000 rw-p 00000000 00:00 0 
b77af000-b77b0000 r-xp 00000000 00:00 0          [vdso]
b77b0000-b77d0000 r-xp 00000000 08:01 252407     /lib/i386-linux-gnu/ld-2.15.so
b77d0000-b77d1000 r--p 0001f000 08:01 252407     /lib/i386-linux-gnu/ld-2.15.so
b77d1000-b77d2000 rw-p 00020000 08:01 252407     /lib/i386-linux-gnu/ld-2.15.so
bfb6b000-bfb8d000 rw-p 00000000 00:00 0          [stack]

VM Arguments:
jvm_args: -Dfile.encoding=UTF-8 
java_command: com.adp.clocks.synergy2416.demo.MainWindow psplash:res/Background.png
Launcher Type: SUN_STANDARD

Environment Variables:
PATH=/usr/lib/lightdm/lightdm:/usr/local/sbin:/usr/local/bin:/usr/sbin:/usr/bin:/sbin:/bin:/usr/games
LD_LIBRARY_PATH=/usr/lib/jvm/java-6-openjdk-i386/jre/lib/i386/server:/usr/lib/jvm/java-6-openjdk-i386/jre/lib/i386:/usr/lib/jvm/java-6-openjdk-i386/jre/../lib/i386:/usr/lib/jni
SHELL=/bin/bash
DISPLAY=:0

Signal Handlers:
SIGSEGV: [libjvm.so+0x66e740], sa_mask[0]=0x7ffbfeff, sa_flags=0x10000004
SIGBUS: [libjvm.so+0x66e740], sa_mask[0]=0x7ffbfeff, sa_flags=0x10000004
SIGFPE: [libjvm.so+0x530480], sa_mask[0]=0x7ffbfeff, sa_flags=0x10000004
SIGPIPE: [libjvm.so+0x530480], sa_mask[0]=0x7ffbfeff, sa_flags=0x10000004
SIGXFSZ: [libjvm.so+0x530480], sa_mask[0]=0x7ffbfeff, sa_flags=0x10000004
SIGILL: [libjvm.so+0x530480], sa_mask[0]=0x7ffbfeff, sa_flags=0x10000004
SIGUSR1: SIG_DFL, sa_mask[0]=0x00000000, sa_flags=0x00000000
SIGUSR2: [libjvm.so+0x530310], sa_mask[0]=0x00000004, sa_flags=0x10000004
SIGHUP: [libjvm.so+0x5332a0], sa_mask[0]=0x7ffbfeff, sa_flags=0x10000004
SIGINT: [libjvm.so+0x5332a0], sa_mask[0]=0x7ffbfeff, sa_flags=0x10000004
SIGTERM: [libjvm.so+0x5332a0], sa_mask[0]=0x7ffbfeff, sa_flags=0x10000004
SIGQUIT: [libjvm.so+0x5332a0], sa_mask[0]=0x7ffbfeff, sa_flags=0x10000004


---------------  S Y S T E M  ---------------

OS:Ubuntu 12.04 (precise)
uname:Linux 3.8.0-35-generic #52~precise1-Ubuntu SMP Thu Jan 30 17:27:28 UTC 2014 i686
libc:glibc 2.15 NPTL 2.15 
rlimit: STACK 8192k, CORE 0k, NPROC 64475, NOFILE 4096, AS infinity
load average:0.34 0.22 0.17

/proc/meminfo:
MemTotal:        8269392 kB
MemFree:         5472372 kB
Buffers:          514568 kB
Cached:           981960 kB
SwapCached:            0 kB
Active:          1571144 kB
Inactive:        1002352 kB
Active(anon):    1077908 kB
Inactive(anon):    12312 kB
Active(file):     493236 kB
Inactive(file):   990040 kB
Unevictable:           0 kB
Mlocked:               0 kB
HighTotal:       7457720 kB
HighFree:        5367372 kB
LowTotal:         811672 kB
LowFree:          105000 kB
SwapTotal:             0 kB
SwapFree:              0 kB
Dirty:                40 kB
Writeback:             8 kB
AnonPages:       1077076 kB
Mapped:           239892 kB
Shmem:             13252 kB
Slab:             118616 kB
SReclaimable:      93116 kB
SUnreclaim:        25500 kB
KernelStack:        5096 kB
PageTables:        11684 kB
NFS_Unstable:          0 kB
Bounce:                8 kB
WritebackTmp:          0 kB
CommitLimit:     4134696 kB
Committed_AS:    4332804 kB
VmallocTotal:     122880 kB
VmallocUsed:       53304 kB
VmallocChunk:      57332 kB
HardwareCorrupted:     0 kB
AnonHugePages:         0 kB
HugePages_Total:       0
HugePages_Free:        0
HugePages_Rsvd:        0
HugePages_Surp:        0
Hugepagesize:       2048 kB
DirectMap4k:      186360 kB
DirectMap2M:      727040 kB


CPU:total 8 (4 cores per cpu, 2 threads per core) family 6 model 42 stepping 7, cmov, cx8, fxsr, mmx, sse, sse2, sse3, ssse3, sse4.1, sse4.2, popcnt, ht

Memory: 4k page, physical 8269392k(5472372k free), swap 0k(0k free)

vm_info: OpenJDK Server VM (20.0-b12) for linux-x86 JRE (1.6.0_27-b27), built on Nov 16 2013 15:21:31 by "buildd" with gcc 4.6.3

time: Mon Feb 17 10:27:05 2014
elapsed time: 0 seconds

