#
# A fatal error has been detected by the Java Runtime Environment:
#
#  SIGSEGV (0xb) at pc=0x68d108b7, pid=9375, tid=1751120704
#
# JRE version: 6.0_27-b27
# Java VM: OpenJDK Server VM (20.0-b12 mixed mode linux-x86 )
# Derivative: IcedTea6 1.12.6
# Distribution: Ubuntu 12.04 LTS, package 6b27-1.12.6-1ubuntu0.12.04.4
# Problematic frame:
# C  [libsynergy2416.so+0x48b7]  _get_enroll_count+0x22
#
# If you would like to submit a bug report, please include
# instructions how to reproduce the bug and visit:
#   https://bugs.launchpad.net/ubuntu/+source/openjdk-6/
# The crash happened outside the Java Virtual Machine in native code.
# See problematic frame for where to report the bug.
#

---------------  T H R E A D  ---------------

Current thread (0x68834800):  JavaThread "SwingWorker-pool-1-thread-1" [_thread_in_native, id=9405, stack(0x685af000,0x68600000)]

siginfo:si_signo=SIGSEGV: si_errno=0, si_code=1 (SEGV_MAPERR), si_addr=0x00000000

Registers:
EAX=0x00000000, EBX=0x6be25ea0, ECX=0x68834920, EDX=0x00000000
ESP=0x685fed90, EBP=0x685feda0, ESI=0x6be25ea0, EDI=0x68834800
EIP=0x68d108b7, EFLAGS=0x00210297, CR2=0x00000000

Top of Stack: (sp=0x685fed90)
0x685fed90:   b6c68d60 696afc5c 00000000 00000000
0x685feda0:   685feda8 68d11261 685fede8 68d0ffc3
0x685fedb0:   685fee60 685fee30 b35df7d4 b35cf688
0x685fedc0:   00000000 685fee50 685fee30 00000000
0x685fedd0:   00000000 6be25ea0 68834800 685fee20
0x685fede0:   b35d7548 68834800 685fee20 b35d764a
0x685fedf0:   68834920 685fee28 685fee60 685fee60
0x685fee00:   685fee00 6be25ea0 685fee2c 6be27488 

Instructions: (pc=0x68d108b7)
0x68d10897:   e5 83 ec 10 c7 45 f8 00 00 00 00 c7 45 fc 00 00
0x68d108a7:   00 00 eb 1b 8b 15 e4 5a d1 68 8b 45 fc 8d 04 02
0x68d108b7:   0f b6 00 84 c0 74 04 83 45 f8 01 83 45 fc 01 a1
0x68d108c7:   10 50 d1 68 39 45 fc 7c db 8b 45 f8 c9 c3 55 89 

Register to memory mapping:

EAX=0x00000000 is an unknown value
EBX=0x6be25ea0 is an oop
{method} 
 - klass: {other class}
ECX=0x68834920 is an unknown value
EDX=0x00000000 is an unknown value
ESP=0x685fed90 is pointing into the stack for thread: 0x68834800
EBP=0x685feda0 is pointing into the stack for thread: 0x68834800
ESI=0x6be25ea0 is an oop
{method} 
 - klass: {other class}
EDI=0x68834800 is a thread


Stack: [0x685af000,0x68600000],  sp=0x685fed90,  free space=319k
Native frames: (J=compiled Java code, j=interpreted, Vv=VM code, C=native code)
C  [libsynergy2416.so+0x48b7]  _get_enroll_count+0x22
C  [libsynergy2416.so+0x5261]  hlpGetEnrollCount+0x8
C  [libsynergy2416.so+0x3fc3]  Java_com_adp_clocks_synergy2416_demo_FPU_FP_1IDENTIFY_1EMPLOYEE+0x19
j  com.adp.clocks.synergy2416.demo.FPU.FP_IDENTIFY_EMPLOYEE()I+0
j  com.adp.clocks.synergy2416.demo.FPU.identifyEmployee()Ljava/lang/String;+0
j  com.adp.clocks.synergy2416.demo.WelcomeForm$IdentifyEmployee.doInBackground()Ljava/lang/String;+0
j  com.adp.clocks.synergy2416.demo.WelcomeForm$IdentifyEmployee.doInBackground()Ljava/lang/Object;+1
j  javax.swing.SwingWorker$1.call()Ljava/lang/Object;+14
j  java.util.concurrent.FutureTask$Sync.innerRun()V+29
j  java.util.concurrent.FutureTask.run()V+4
j  javax.swing.SwingWorker.run()V+4
j  java.util.concurrent.ThreadPoolExecutor.runWorker(Ljava/util/concurrent/ThreadPoolExecutor$Worker;)V+95
j  java.util.concurrent.ThreadPoolExecutor$Worker.run()V+5
j  java.lang.Thread.run()V+11
v  ~StubRoutines::call_stub
V  [libjvm.so+0x39b846]  JavaCalls::call_helper(JavaValue*, methodHandle*, JavaCallArguments*, Thread*)+0x2c6

Java frames: (J=compiled Java code, j=interpreted, Vv=VM code)
j  com.adp.clocks.synergy2416.demo.FPU.FP_IDENTIFY_EMPLOYEE()I+0
j  com.adp.clocks.synergy2416.demo.FPU.identifyEmployee()Ljava/lang/String;+0
j  com.adp.clocks.synergy2416.demo.WelcomeForm$IdentifyEmployee.doInBackground()Ljava/lang/String;+0
j  com.adp.clocks.synergy2416.demo.WelcomeForm$IdentifyEmployee.doInBackground()Ljava/lang/Object;+1
j  javax.swing.SwingWorker$1.call()Ljava/lang/Object;+14
j  java.util.concurrent.FutureTask$Sync.innerRun()V+29
j  java.util.concurrent.FutureTask.run()V+4
j  javax.swing.SwingWorker.run()V+4
j  java.util.concurrent.ThreadPoolExecutor.runWorker(Ljava/util/concurrent/ThreadPoolExecutor$Worker;)V+95
j  java.util.concurrent.ThreadPoolExecutor$Worker.run()V+5
j  java.lang.Thread.run()V+11
v  ~StubRoutines::call_stub

---------------  P R O C E S S  ---------------

Java Threads: ( => current thread )
=>0x68834800 JavaThread "SwingWorker-pool-1-thread-1" [_thread_in_native, id=9405, stack(0x685af000,0x68600000)]
  0x6882f000 JavaThread "Image Fetcher 1" daemon [_thread_blocked, id=9404, stack(0x68929000,0x6897a000)]
  0x6882e400 JavaThread "TimerQueue" daemon [_thread_blocked, id=9403, stack(0x68b10000,0x68b61000)]
  0x69cc9000 JavaThread "Image Fetcher 0" daemon [_thread_blocked, id=9401, stack(0x68b61000,0x68bb2000)]
  0x68e16800 JavaThread "AWT-EventQueue-0" [_thread_in_vm, id=9400, stack(0x68daf000,0x68e00000)]
  0x68e15800 JavaThread "AWT-Shutdown" [_thread_blocked, id=9399, stack(0x6914f000,0x691a0000)]
  0x68e14c00 JavaThread "AWT-XAWT" daemon [_thread_in_native, id=9398, stack(0x691a0000,0x691f1000)]
  0x69892000 JavaThread "Java2D Disposer" daemon [_thread_blocked, id=9397, stack(0x6972e000,0x6977f000)]
  0x69806400 JavaThread "Low Memory Detector" daemon [_thread_blocked, id=9395, stack(0x6a52e000,0x6a57f000)]
  0x69804800 JavaThread "C2 CompilerThread1" daemon [_thread_in_native, id=9394, stack(0x6977f000,0x69800000)]
  0x69802800 JavaThread "C2 CompilerThread0" daemon [_thread_blocked, id=9393, stack(0x69f6a000,0x69feb000)]
  0x69801400 JavaThread "Signal Dispatcher" daemon [_thread_blocked, id=9392, stack(0x6a72e000,0x6a77f000)]
  0xb66f0c00 JavaThread "Finalizer" daemon [_thread_blocked, id=9391, stack(0x6a92e000,0x6a97f000)]
  0xb66ef400 JavaThread "Reference Handler" daemon [_thread_blocked, id=9390, stack(0x6ab2e000,0x6ab7f000)]
  0xb6605c00 JavaThread "main" [_thread_blocked, id=9378, stack(0xb6751000,0xb67a2000)]

Other Threads:
  0xb66ec800 VMThread [stack: 0x69feb000,0x6a06c000] [id=9389]
  0x69810400 WatcherThread [stack: 0x6947f000,0x69500000] [id=9396]

VM state:not at safepoint (normal execution)

VM Mutex/Monitor currently owned by a thread: None

Heap
 PSYoungGen      total 19136K, used 7044K [0x9dfb0000, 0x9f500000, 0xb3500000)
  eden space 16448K, 26% used [0x9dfb0000,0x9e3f1fe0,0x9efc0000)
  from space 2688K, 99% used [0x9efc0000,0x9f25f268,0x9f260000)
  to   space 2688K, 0% used [0x9f260000,0x9f260000,0x9f500000)
 PSOldGen        total 43712K, used 190K [0x73500000, 0x75fb0000, 0x9dfb0000)
  object space 43712K, 0% used [0x73500000,0x7352faa0,0x75fb0000)
 PSPermGen       total 16384K, used 9492K [0x6b500000, 0x6c500000, 0x73500000)
  object space 16384K, 57% used [0x6b500000,0x6be45428,0x6c500000)

Code Cache  [0xb35cd000, 0xb380d000, 0xb65cd000)
 total_blobs=305 nmethods=97 adapters=162 free_code_cache=49753024 largest_free_block=12544

Dynamic libraries:
08048000-08051000 r-xp 00000000 08:01 1839571    /usr/lib/jvm/java-6-openjdk-i386/jre/bin/java
08051000-08052000 r--p 00008000 08:01 1839571    /usr/lib/jvm/java-6-openjdk-i386/jre/bin/java
08052000-08053000 rw-p 00009000 08:01 1839571    /usr/lib/jvm/java-6-openjdk-i386/jre/bin/java
09886000-098a7000 rw-p 00000000 00:00 0          [heap]
68400000-68429000 rw-p 00000000 00:00 0 
68429000-68500000 ---p 00000000 00:00 0 
685af000-685b2000 ---p 00000000 00:00 0 
685b2000-68600000 rw-p 00000000 00:00 0          [stack:9405]
68600000-68634000 rw-p 00000000 00:00 0 
68634000-68700000 ---p 00000000 00:00 0 
68700000-687ff000 rw-p 00000000 00:00 0 
687ff000-68800000 ---p 00000000 00:00 0 
68800000-68859000 rw-p 00000000 00:00 0 
68859000-68900000 ---p 00000000 00:00 0 
68929000-6892c000 ---p 00000000 00:00 0 
6892c000-68a00000 rw-p 00000000 00:00 0          [stack:9404]
68a00000-68b00000 rw-p 00000000 00:00 0 
68b10000-68b13000 ---p 00000000 00:00 0 
68b13000-68b61000 rw-p 00000000 00:00 0          [stack:9403]
68b61000-68b64000 ---p 00000000 00:00 0 
68b64000-68bb2000 rw-p 00000000 00:00 0          [stack:9401]
68bb2000-68c00000 r--s 008b6000 08:01 2243423    /opt/eclipse-standard/plugins/com.ibm.icu_50.1.1.v201304230130.jar
68c00000-68cfd000 rw-p 00000000 00:00 0 
68cfd000-68d00000 ---p 00000000 00:00 0 
68d0c000-68d14000 r-xp 00000000 08:01 524557     /usr/lib/jni/libsynergy2416.so
68d14000-68d15000 r--p 00007000 08:01 524557     /usr/lib/jni/libsynergy2416.so
68d15000-68d16000 rw-p 00008000 08:01 524557     /usr/lib/jni/libsynergy2416.so
68d16000-68d58000 r--s 00367000 08:01 2243377    /opt/eclipse-standard/plugins/org.eclipse.ui.workbench_3.105.1.v20130821-1411.jar
68d58000-68d9d000 r-xp 00000000 08:01 11892      /usr/lib/i386-linux-gnu/libjpeg.so.8.0.2
68d9d000-68d9e000 r--p 00044000 08:01 11892      /usr/lib/i386-linux-gnu/libjpeg.so.8.0.2
68d9e000-68d9f000 rw-p 00045000 08:01 11892      /usr/lib/i386-linux-gnu/libjpeg.so.8.0.2
68d9f000-68daf000 rw-p 00000000 00:00 0 
68daf000-68db2000 ---p 00000000 00:00 0 
68db2000-68e00000 rw-p 00000000 00:00 0          [stack:9400]
68e00000-68e29000 rw-p 00000000 00:00 0 
68e29000-68f00000 ---p 00000000 00:00 0 
68f00000-68ff9000 rw-p 00000000 00:00 0 
68ff9000-69000000 ---p 00000000 00:00 0 
69000000-690f7000 rw-p 00000000 00:00 0 
690f7000-69100000 ---p 00000000 00:00 0 
69104000-6910c000 r-xp 00000000 08:01 1839626    /usr/lib/jvm/java-6-openjdk-i386/jre/lib/i386/libnio.so
6910c000-6910d000 r--p 00007000 08:01 1839626    /usr/lib/jvm/java-6-openjdk-i386/jre/lib/i386/libnio.so
6910d000-6910e000 rw-p 00008000 08:01 1839626    /usr/lib/jvm/java-6-openjdk-i386/jre/lib/i386/libnio.so
6910e000-69123000 r-xp 00000000 08:01 1839614    /usr/lib/jvm/java-6-openjdk-i386/jre/lib/i386/libnet.so
69123000-69124000 r--p 00014000 08:01 1839614    /usr/lib/jvm/java-6-openjdk-i386/jre/lib/i386/libnet.so
69124000-69125000 rw-p 00015000 08:01 1839614    /usr/lib/jvm/java-6-openjdk-i386/jre/lib/i386/libnet.so
69125000-69128000 r--s 0007f000 08:01 1839014    /usr/lib/jvm/java-6-openjdk-common/jre/lib/jsse.jar
69128000-6913b000 r--s 000e0000 08:01 2243213    /opt/eclipse-standard/plugins/org.eclipse.jface.text_3.8.101.v20130802-1147.jar
6913b000-6914f000 r--s 000f9000 08:01 2243526    /opt/eclipse-standard/plugins/org.eclipse.jface_3.9.1.v20130725-1141.jar
6914f000-69152000 ---p 00000000 00:00 0 
69152000-691a0000 rw-p 00000000 00:00 0          [stack:9399]
691a0000-691a3000 ---p 00000000 00:00 0 
691a3000-691f1000 rw-p 00000000 00:00 0          [stack:9398]
691f1000-69286000 r-xp 00000000 08:01 16989      /usr/lib/i386-linux-gnu/libfreetype.so.6.8.0
69286000-6928a000 r--p 00094000 08:01 16989      /usr/lib/i386-linux-gnu/libfreetype.so.6.8.0
6928a000-6928b000 rw-p 00098000 08:01 16989      /usr/lib/i386-linux-gnu/libfreetype.so.6.8.0
6928b000-693bb000 r-xp 00000000 08:01 14323      /usr/lib/i386-linux-gnu/libX11.so.6.3.0
693bb000-693bc000 r--p 0012f000 08:01 14323      /usr/lib/i386-linux-gnu/libX11.so.6.3.0
693bc000-693be000 rw-p 00130000 08:01 14323      /usr/lib/i386-linux-gnu/libX11.so.6.3.0
693be000-693bf000 rw-p 00000000 00:00 0 
693bf000-69453000 r-xp 00000000 08:01 1839605    /usr/lib/jvm/java-6-openjdk-i386/jre/lib/i386/libawt.so
69453000-69454000 r--p 00093000 08:01 1839605    /usr/lib/jvm/java-6-openjdk-i386/jre/lib/i386/libawt.so
69454000-6945b000 rw-p 00094000 08:01 1839605    /usr/lib/jvm/java-6-openjdk-i386/jre/lib/i386/libawt.so
6945b000-6947f000 rw-p 00000000 00:00 0 
6947f000-69480000 ---p 00000000 00:00 0 
69480000-69500000 rw-p 00000000 00:00 0          [stack:9396]
69500000-695fd000 rw-p 00000000 00:00 0 
695fd000-69600000 ---p 00000000 00:00 0 
69600000-696f3000 rw-p 00000000 00:00 0 
696f3000-69700000 ---p 00000000 00:00 0 
69701000-69704000 r--s 00019000 08:01 864259     /home/chaol/workspace-java/ADP-Demo-GUI/src/com/adp/clocks/synergy2416/res/v4l4j.jar
69704000-6972c000 r-xp 00000000 08:01 252306     /lib/i386-linux-gnu/libpng12.so.0.46.0
6972c000-6972d000 r--p 00027000 08:01 252306     /lib/i386-linux-gnu/libpng12.so.0.46.0
6972d000-6972e000 rw-p 00028000 08:01 252306     /lib/i386-linux-gnu/libpng12.so.0.46.0
6972e000-69731000 ---p 00000000 00:00 0 
69731000-6977f000 rw-p 00000000 00:00 0          [stack:9397]
6977f000-69782000 ---p 00000000 00:00 0 
69782000-69800000 rw-p 00000000 00:00 0          [stack:9394]
69800000-698fc000 rw-p 00000000 00:00 0 
698fc000-69900000 ---p 00000000 00:00 0 
69900000-69921000 rw-p 00000000 00:00 0 
69921000-69a00000 ---p 00000000 00:00 0 
69a00000-69c00000 r--p 00000000 08:01 19412      /usr/lib/locale/locale-archive
69c00000-69cff000 rw-p 00000000 00:00 0 
69cff000-69d00000 ---p 00000000 00:00 0 
69d00000-69d21000 rw-p 00000000 00:00 0 
69d21000-69e00000 ---p 00000000 00:00 0 
69e00000-69e40000 rw-p 00000000 00:00 0 
69e40000-69f00000 ---p 00000000 00:00 0 
69f01000-69f06000 r--s 00045000 08:01 2243421    /opt/eclipse-standard/plugins/org.eclipse.ui.forms_3.6.1.v20130822-1117.jar
69f06000-69f1b000 r--s 0023a000 08:01 2243675    /opt/eclipse-standard/plugins/org.eclipse.swt.gtk.linux.x86_3.102.1.v20130827-2048.jar
69f1b000-69f20000 r--s 00038000 08:01 2243571    /opt/eclipse-standard/plugins/org.eclipse.text_3.5.300.v20130515-1451.jar
69f20000-69f68000 r-xp 00000000 08:01 1839595    /usr/lib/jvm/java-6-openjdk-i386/jre/lib/i386/libfontmanager.so
69f68000-69f69000 r--p 00048000 08:01 1839595    /usr/lib/jvm/java-6-openjdk-i386/jre/lib/i386/libfontmanager.so
69f69000-69f6a000 rw-p 00049000 08:01 1839595    /usr/lib/jvm/java-6-openjdk-i386/jre/lib/i386/libfontmanager.so
69f6a000-69f6d000 ---p 00000000 00:00 0 
69f6d000-69feb000 rw-p 00000000 00:00 0          [stack:9393]
69feb000-69fec000 ---p 00000000 00:00 0 
69fec000-6a06c000 rw-p 00000000 00:00 0          [stack:9389]
6a06c000-6a200000 r--s 03822000 08:01 1839584    /usr/lib/jvm/java-6-openjdk-i386/jre/lib/rt.jar
6a200000-6a221000 rw-p 00000000 00:00 0 
6a221000-6a300000 ---p 00000000 00:00 0 
6a300000-6a303000 r--s 0002a000 08:01 2243555    /opt/eclipse-standard/plugins/org.eclipse.equinox.registry_3.5.301.v20130717-1549.jar
6a303000-6a30b000 r-xp 00000000 08:01 1839774    /usr/lib/i386-linux-gnu/libgif.so.4.1.6
6a30b000-6a30c000 r--p 00007000 08:01 1839774    /usr/lib/i386-linux-gnu/libgif.so.4.1.6
6a30c000-6a30d000 rw-p 00008000 08:01 1839774    /usr/lib/i386-linux-gnu/libgif.so.4.1.6
6a30f000-6a323000 r--s 00140000 08:01 2243684    /opt/eclipse-standard/plugins/org.eclipse.osgi_3.9.1.v20130814-1242.jar
6a323000-6a327000 r-xp 00000000 08:01 13641      /usr/lib/i386-linux-gnu/libXfixes.so.3.1.0
6a327000-6a328000 r--p 00004000 08:01 13641      /usr/lib/i386-linux-gnu/libXfixes.so.3.1.0
6a328000-6a329000 rw-p 00005000 08:01 13641      /usr/lib/i386-linux-gnu/libXfixes.so.3.1.0
6a329000-6a32f000 r--s 00000000 08:01 3565       /var/cache/fontconfig/945677eb7aeaf62f1d50efc3fb3ec7d8-le32d4.cache-3
6a32f000-6a37b000 r-xp 00000000 08:01 1839789    /usr/lib/jvm/java-6-openjdk-i386/jre/lib/i386/xawt/libmawt.so
6a37b000-6a37c000 r--p 0004b000 08:01 1839789    /usr/lib/jvm/java-6-openjdk-i386/jre/lib/i386/xawt/libmawt.so
6a37c000-6a37e000 rw-p 0004c000 08:01 1839789    /usr/lib/jvm/java-6-openjdk-i386/jre/lib/i386/xawt/libmawt.so
6a37e000-6a37f000 rw-p 00000000 00:00 0 
6a37f000-6a380000 ---p 00000000 00:00 0 
6a380000-6a400000 rw-p 00000000 00:00 0          [stack:9388]
6a400000-6a421000 rw-p 00000000 00:00 0 
6a421000-6a500000 ---p 00000000 00:00 0 
6a501000-6a504000 r--s 00000000 08:01 519519     /var/cache/fontconfig/99e8ed0e538f840c565b6ed5dad60d56-le32d4.cache-3
6a506000-6a50f000 r-xp 00000000 08:01 16793      /usr/lib/i386-linux-gnu/libXcursor.so.1.0.2
6a50f000-6a510000 r--p 00008000 08:01 16793      /usr/lib/i386-linux-gnu/libXcursor.so.1.0.2
6a510000-6a511000 rw-p 00009000 08:01 16793      /usr/lib/i386-linux-gnu/libXcursor.so.1.0.2
6a511000-6a513000 r--s 00010000 08:01 2243198    /opt/eclipse-standard/plugins/org.eclipse.core.runtime_3.9.0.v20130326-1255.jar
6a513000-6a516000 r--s 00018000 08:01 2243752    /opt/eclipse-standard/plugins/org.eclipse.equinox.common_3.6.200.v20130402-1505.jar
6a516000-6a519000 r--s 00018000 08:01 2243511    /opt/eclipse-standard/plugins/org.eclipse.core.commands_3.6.100.v20130515-1857.jar
6a519000-6a51a000 rw-p 00000000 00:00 0 
6a51a000-6a523000 r-xp 00000000 08:01 1839791    /usr/lib/jvm/java-6-openjdk-i386/jre/lib/i386/libsplashscreen.so
6a523000-6a524000 r--p 00008000 08:01 1839791    /usr/lib/jvm/java-6-openjdk-i386/jre/lib/i386/libsplashscreen.so
6a524000-6a525000 rw-p 00009000 08:01 1839791    /usr/lib/jvm/java-6-openjdk-i386/jre/lib/i386/libsplashscreen.so
6a525000-6a527000 rw-p 00000000 00:00 0 
6a527000-6a52e000 r--s 000fc000 08:01 1838998    /usr/lib/jvm/java-6-openjdk-common/jre/lib/resources.jar
6a52e000-6a531000 ---p 00000000 00:00 0 
6a531000-6a57f000 rw-p 00000000 00:00 0          [stack:9395]
6a57f000-6a580000 ---p 00000000 00:00 0 
6a580000-6a600000 rw-p 00000000 00:00 0          [stack:9387]
6a600000-6a621000 rw-p 00000000 00:00 0 
6a621000-6a700000 ---p 00000000 00:00 0 
6a700000-6a701000 r--s 00000000 08:01 3570       /var/cache/fontconfig/c05880de57d1f5e948fdfacc138775d9-le32d4.cache-3
6a701000-6a704000 r--s 00000000 08:01 3552       /var/cache/fontconfig/2cd17615ca594fa2959ae173292e504c-le32d4.cache-3
6a704000-6a705000 r--s 00000000 08:01 3577       /var/cache/fontconfig/e7071f4a29fa870f4323321c154eba04-le32d4.cache-3
6a705000-6a706000 r--s 00000000 08:01 3550       /var/cache/fontconfig/0d8c3b2ac0904cb8a57a757ad11a4a08-le32d4.cache-3
6a706000-6a70a000 r--s 00000000 08:01 3567       /var/cache/fontconfig/a755afe4a08bf5b97852ceb7400b47bc-le32d4.cache-3
6a70a000-6a711000 r--s 00000000 08:01 1579180    /var/cache/fontconfig/6d41288fd70b0be22e8c3a91e032eec0-le32d4.cache-3
6a711000-6a71c000 r--s 00000000 08:01 3549       /var/cache/fontconfig/04aabc0a78ac019cf9454389977116d2-le32d4.cache-3
6a71c000-6a71f000 r--s 00000000 08:01 3555       /var/cache/fontconfig/385c0604a188198f04d133e54aba7fe7-le32d4.cache-3
6a71f000-6a720000 r--s 00000000 08:01 3572       /var/cache/fontconfig/4794a0821666d79190d59a36cb4f44b5-le32d4.cache-3
6a720000-6a724000 r--s 00000000 08:01 3553       /var/cache/fontconfig/3047814df9a2f067bd2d96a2b9c36e5a-le32d4.cache-3
6a724000-6a725000 r--s 00000000 08:01 3570       /var/cache/fontconfig/c05880de57d1f5e948fdfacc138775d9-le32d4.cache-3
6a725000-6a72b000 r--s 00000000 08:01 3565       /var/cache/fontconfig/945677eb7aeaf62f1d50efc3fb3ec7d8-le32d4.cache-3
6a72b000-6a72e000 r--s 00000000 08:01 519519     /var/cache/fontconfig/99e8ed0e538f840c565b6ed5dad60d56-le32d4.cache-3
6a72e000-6a731000 ---p 00000000 00:00 0 
6a731000-6a77f000 rw-p 00000000 00:00 0          [stack:9392]
6a77f000-6a780000 ---p 00000000 00:00 0 
6a780000-6a800000 rw-p 00000000 00:00 0          [stack:9386]
6a800000-6a821000 rw-p 00000000 00:00 0 
6a821000-6a900000 ---p 00000000 00:00 0 
6a900000-6a903000 r--s 00000000 08:01 3552       /var/cache/fontconfig/2cd17615ca594fa2959ae173292e504c-le32d4.cache-3
6a903000-6a904000 r--s 00000000 08:01 3577       /var/cache/fontconfig/e7071f4a29fa870f4323321c154eba04-le32d4.cache-3
6a904000-6a908000 r--s 00000000 08:01 3567       /var/cache/fontconfig/a755afe4a08bf5b97852ceb7400b47bc-le32d4.cache-3
6a908000-6a90f000 r--s 00000000 08:01 1579180    /var/cache/fontconfig/6d41288fd70b0be22e8c3a91e032eec0-le32d4.cache-3
6a90f000-6a91a000 r--s 00000000 08:01 3549       /var/cache/fontconfig/04aabc0a78ac019cf9454389977116d2-le32d4.cache-3
6a91a000-6a91d000 r--s 00000000 08:01 3555       /var/cache/fontconfig/385c0604a188198f04d133e54aba7fe7-le32d4.cache-3
6a91d000-6a921000 r--s 00000000 08:01 3553       /var/cache/fontconfig/3047814df9a2f067bd2d96a2b9c36e5a-le32d4.cache-3
6a921000-6a92e000 r--s 00000000 08:01 3573       /var/cache/fontconfig/d52a8644073d54c13679302ca1180695-le32d4.cache-3
6a92e000-6a931000 ---p 00000000 00:00 0 
6a931000-6a97f000 rw-p 00000000 00:00 0          [stack:9391]
6a97f000-6a980000 ---p 00000000 00:00 0 
6a980000-6aa00000 rw-p 00000000 00:00 0          [stack:9385]
6aa00000-6aa21000 rw-p 00000000 00:00 0 
6aa21000-6ab00000 ---p 00000000 00:00 0 
6ab00000-6ab04000 r--s 00000000 08:01 3568       /var/cache/fontconfig/b47c4e1ecd0709278f4910c18777a504-le32d4.cache-3
6ab04000-6ab07000 r--s 00000000 08:01 3564       /var/cache/fontconfig/8801497958630a81b71ace7c5f9b32a8-le32d4.cache-3
6ab07000-6ab08000 r--s 00000000 08:01 3558       /var/cache/fontconfig/56cf4f4769d0f4abc89a4895d7bd3ae1-le32d4.cache-3
6ab08000-6ab09000 r--s 00000000 08:01 3569       /var/cache/fontconfig/b9d506c9ac06c20b433354fa67a72993-le32d4.cache-3
6ab09000-6ab0d000 r--s 00000000 08:01 3568       /var/cache/fontconfig/b47c4e1ecd0709278f4910c18777a504-le32d4.cache-3
6ab0d000-6ab1a000 r--s 00000000 08:01 3573       /var/cache/fontconfig/d52a8644073d54c13679302ca1180695-le32d4.cache-3
6ab1a000-6ab23000 r--s 00000000 08:01 519518     /var/cache/fontconfig/089dead882dea3570ffc31a9898cfb69-le32d4.cache-3
6ab23000-6ab2b000 r--s 00000000 08:01 11176      /var/cache/fontconfig/e13b20fdb08344e0e664864cc2ede53d-le32d4.cache-3
6ab2b000-6ab2e000 r--s 00000000 08:01 519517     /var/cache/fontconfig/7ef2298fde41cc6eeb7af42e48b7d293-le32d4.cache-3
6ab2e000-6ab31000 ---p 00000000 00:00 0 
6ab31000-6ab7f000 rw-p 00000000 00:00 0          [stack:9390]
6ab7f000-6ab80000 ---p 00000000 00:00 0 
6ab80000-6ac00000 rw-p 00000000 00:00 0          [stack:9384]
6ac00000-6ac21000 rw-p 00000000 00:00 0 
6ac21000-6ad00000 ---p 00000000 00:00 0 
6ad00000-6ad21000 rw-p 00000000 00:00 0 
6ad21000-6ae00000 ---p 00000000 00:00 0 
6ae00000-6ae01000 r--s 00000000 08:01 3550       /var/cache/fontconfig/0d8c3b2ac0904cb8a57a757ad11a4a08-le32d4.cache-3
6ae01000-6ae06000 r-xp 00000000 08:01 16797      /usr/lib/i386-linux-gnu/libXdmcp.so.6.0.0
6ae06000-6ae07000 r--p 00004000 08:01 16797      /usr/lib/i386-linux-gnu/libXdmcp.so.6.0.0
6ae07000-6ae08000 rw-p 00005000 08:01 16797      /usr/lib/i386-linux-gnu/libXdmcp.so.6.0.0
6ae08000-6ae27000 r-xp 00000000 08:01 17393      /usr/lib/i386-linux-gnu/libxcb.so.1.1.0
6ae27000-6ae28000 r--p 0001f000 08:01 17393      /usr/lib/i386-linux-gnu/libxcb.so.1.1.0
6ae28000-6ae29000 rw-p 00020000 08:01 17393      /usr/lib/i386-linux-gnu/libxcb.so.1.1.0
6ae29000-6ae38000 r-xp 00000000 08:01 8381       /usr/lib/i386-linux-gnu/libXi.so.6.1.0
6ae38000-6ae39000 r--p 0000e000 08:01 8381       /usr/lib/i386-linux-gnu/libXi.so.6.1.0
6ae39000-6ae3a000 rw-p 0000f000 08:01 8381       /usr/lib/i386-linux-gnu/libXi.so.6.1.0
6ae3a000-6ae4a000 r-xp 00000000 08:01 16799      /usr/lib/i386-linux-gnu/libXext.so.6.4.0
6ae4a000-6ae4b000 r--p 0000f000 08:01 16799      /usr/lib/i386-linux-gnu/libXext.so.6.4.0
6ae4b000-6ae4c000 rw-p 00010000 08:01 16799      /usr/lib/i386-linux-gnu/libXext.so.6.4.0
6ae4c000-6ae7f000 rw-p 00000000 00:00 0 
6ae7f000-6ae80000 ---p 00000000 00:00 0 
6ae80000-6af00000 rw-p 00000000 00:00 0          [stack:9383]
6af00000-6af21000 rw-p 00000000 00:00 0 
6af21000-6b000000 ---p 00000000 00:00 0 
6b000000-6b003000 r--s 00000000 08:01 3564       /var/cache/fontconfig/8801497958630a81b71ace7c5f9b32a8-le32d4.cache-3
6b003000-6b005000 r-xp 00000000 08:01 16786      /usr/lib/i386-linux-gnu/libXau.so.6.0.0
6b005000-6b006000 r--p 00001000 08:01 16786      /usr/lib/i386-linux-gnu/libXau.so.6.0.0
6b006000-6b007000 rw-p 00002000 08:01 16786      /usr/lib/i386-linux-gnu/libXau.so.6.0.0
6b007000-6b00f000 r-xp 00000000 08:01 16821      /usr/lib/i386-linux-gnu/libXrender.so.1.3.0
6b00f000-6b010000 r--p 00007000 08:01 16821      /usr/lib/i386-linux-gnu/libXrender.so.1.3.0
6b010000-6b011000 rw-p 00008000 08:01 16821      /usr/lib/i386-linux-gnu/libXrender.so.1.3.0
6b011000-6b012000 r--s 00000000 08:01 3572       /var/cache/fontconfig/4794a0821666d79190d59a36cb4f44b5-le32d4.cache-3
6b012000-6b013000 r--s 00000000 08:01 3558       /var/cache/fontconfig/56cf4f4769d0f4abc89a4895d7bd3ae1-le32d4.cache-3
6b013000-6b01c000 r--s 00000000 08:01 519518     /var/cache/fontconfig/089dead882dea3570ffc31a9898cfb69-le32d4.cache-3
6b01c000-6b024000 r--s 00000000 08:01 11176      /var/cache/fontconfig/e13b20fdb08344e0e664864cc2ede53d-le32d4.cache-3
6b024000-6b027000 r--s 00000000 08:01 519517     /var/cache/fontconfig/7ef2298fde41cc6eeb7af42e48b7d293-le32d4.cache-3
6b027000-6b028000 ---p 00000000 00:00 0 
6b028000-6b0a8000 rw-p 00000000 00:00 0          [stack:9382]
6b0a8000-6b0a9000 ---p 00000000 00:00 0 
6b0a9000-6b131000 rw-p 00000000 00:00 0          [stack:9381]
6b131000-6b169000 rw-p 00000000 00:00 0 
6b169000-6b17f000 rw-p 00000000 00:00 0 
6b17f000-6b2bf000 rw-p 00000000 00:00 0 
6b2bf000-6b2c7000 rw-p 00000000 00:00 0 
6b2c7000-6b2ff000 rw-p 00000000 00:00 0 
6b2ff000-6b315000 rw-p 00000000 00:00 0 
6b315000-6b454000 rw-p 00000000 00:00 0 
6b454000-6b45f000 rw-p 00000000 00:00 0 
6b45f000-6b4ff000 rw-p 00000000 00:00 0 
6b4ff000-6c500000 rw-p 00000000 00:00 0 
6c500000-73500000 rw-p 00000000 00:00 0 
73500000-75fb0000 rw-p 00000000 00:00 0 
75fb0000-9dfb0000 rw-p 00000000 00:00 0 
9dfb0000-9f500000 rw-p 00000000 00:00 0 
9f500000-b3500000 rw-p 00000000 00:00 0 
b3500000-b3501000 r--s 00000000 08:01 3569       /var/cache/fontconfig/b9d506c9ac06c20b433354fa67a72993-le32d4.cache-3
b3501000-b3506000 r-xp 00000000 08:01 16825      /usr/lib/i386-linux-gnu/libXtst.so.6.1.0
b3506000-b3507000 r--p 00004000 08:01 16825      /usr/lib/i386-linux-gnu/libXtst.so.6.1.0
b3507000-b3508000 rw-p 00005000 08:01 16825      /usr/lib/i386-linux-gnu/libXtst.so.6.1.0
b3508000-b350a000 r--s 0000f000 08:01 1838988    /usr/lib/jvm/java-6-openjdk-common/jre/lib/ext/pulse-java.jar
b350a000-b350d000 r--s 00077000 08:01 1838989    /usr/lib/jvm/java-6-openjdk-common/jre/lib/ext/localedata.jar
b350d000-b3516000 rw-p 00000000 00:00 0 
b3516000-b35cd000 rw-p 00000000 00:00 0 
b35cd000-b380d000 rwxp 00000000 00:00 0 
b380d000-b65cd000 rw-p 00000000 00:00 0 
b65cd000-b65d8000 r-xp 00000000 08:01 255736     /lib/i386-linux-gnu/libnss_files-2.15.so
b65d8000-b65d9000 r--p 0000a000 08:01 255736     /lib/i386-linux-gnu/libnss_files-2.15.so
b65d9000-b65da000 rw-p 0000b000 08:01 255736     /lib/i386-linux-gnu/libnss_files-2.15.so
b65da000-b65e4000 r-xp 00000000 08:01 255735     /lib/i386-linux-gnu/libnss_nis-2.15.so
b65e4000-b65e5000 r--p 00009000 08:01 255735     /lib/i386-linux-gnu/libnss_nis-2.15.so
b65e5000-b65e6000 rw-p 0000a000 08:01 255735     /lib/i386-linux-gnu/libnss_nis-2.15.so
b65e6000-b65fc000 r-xp 00000000 08:01 252399     /lib/i386-linux-gnu/libnsl-2.15.so
b65fc000-b65fd000 r--p 00015000 08:01 252399     /lib/i386-linux-gnu/libnsl-2.15.so
b65fd000-b65fe000 rw-p 00016000 08:01 252399     /lib/i386-linux-gnu/libnsl-2.15.so
b65fe000-b6600000 rw-p 00000000 00:00 0 
b6600000-b6700000 rw-p 00000000 00:00 0 
b6700000-b6707000 r-xp 00000000 08:01 255737     /lib/i386-linux-gnu/libnss_compat-2.15.so
b6707000-b6708000 r--p 00006000 08:01 255737     /lib/i386-linux-gnu/libnss_compat-2.15.so
b6708000-b6709000 rw-p 00007000 08:01 255737     /lib/i386-linux-gnu/libnss_compat-2.15.so
b6709000-b670a000 r--s 00007000 08:01 1839824    /usr/share/java/java-atk-wrapper.jar
b670a000-b670e000 r--s 00039000 08:01 1838987    /usr/lib/jvm/java-6-openjdk-common/jre/lib/ext/sunpkcs11.jar
b670e000-b6715000 r-xp 00000000 08:01 1839612    /usr/lib/jvm/java-6-openjdk-i386/jre/lib/i386/libzip.so
b6715000-b6716000 r--p 00006000 08:01 1839612    /usr/lib/jvm/java-6-openjdk-i386/jre/lib/i386/libzip.so
b6716000-b6717000 rw-p 00007000 08:01 1839612    /usr/lib/jvm/java-6-openjdk-i386/jre/lib/i386/libzip.so
b6717000-b671f000 rw-s 00000000 08:01 873316     /tmp/hsperfdata_chaol/9375
b671f000-b6745000 r-xp 00000000 08:01 1839598    /usr/lib/jvm/java-6-openjdk-i386/jre/lib/i386/libjava.so
b6745000-b6746000 r--p 00025000 08:01 1839598    /usr/lib/jvm/java-6-openjdk-i386/jre/lib/i386/libjava.so
b6746000-b6748000 rw-p 00026000 08:01 1839598    /usr/lib/jvm/java-6-openjdk-i386/jre/lib/i386/libjava.so
b6748000-b674f000 r-xp 00000000 08:01 252408     /lib/i386-linux-gnu/librt-2.15.so
b674f000-b6750000 r--p 00006000 08:01 252408     /lib/i386-linux-gnu/librt-2.15.so
b6750000-b6751000 rw-p 00007000 08:01 252408     /lib/i386-linux-gnu/librt-2.15.so
b6751000-b6754000 ---p 00000000 00:00 0 
b6754000-b67a2000 rw-p 00000000 00:00 0          [stack:9378]
b67a2000-b67be000 r-xp 00000000 08:01 252257     /lib/i386-linux-gnu/libgcc_s.so.1
b67be000-b67bf000 r--p 0001b000 08:01 252257     /lib/i386-linux-gnu/libgcc_s.so.1
b67bf000-b67c0000 rw-p 0001c000 08:01 252257     /lib/i386-linux-gnu/libgcc_s.so.1
b67c0000-b67ea000 r-xp 00000000 08:01 255734     /lib/i386-linux-gnu/libm-2.15.so
b67ea000-b67eb000 r--p 00029000 08:01 255734     /lib/i386-linux-gnu/libm-2.15.so
b67eb000-b67ec000 rw-p 0002a000 08:01 255734     /lib/i386-linux-gnu/libm-2.15.so
b67ec000-b68c4000 r-xp 00000000 08:01 17329      /usr/lib/i386-linux-gnu/libstdc++.so.6.0.16
b68c4000-b68c5000 ---p 000d8000 08:01 17329      /usr/lib/i386-linux-gnu/libstdc++.so.6.0.16
b68c5000-b68c9000 r--p 000d8000 08:01 17329      /usr/lib/i386-linux-gnu/libstdc++.so.6.0.16
b68c9000-b68ca000 rw-p 000dc000 08:01 17329      /usr/lib/i386-linux-gnu/libstdc++.so.6.0.16
b68ca000-b68d1000 rw-p 00000000 00:00 0 
b68d1000-b70f1000 r-xp 00000000 08:01 1839591    /usr/lib/jvm/java-6-openjdk-i386/jre/lib/i386/server/libjvm.so
b70f1000-b7136000 r--p 0081f000 08:01 1839591    /usr/lib/jvm/java-6-openjdk-i386/jre/lib/i386/server/libjvm.so
b7136000-b7145000 rw-p 00864000 08:01 1839591    /usr/lib/jvm/java-6-openjdk-i386/jre/lib/i386/server/libjvm.so
b7145000-b7561000 rw-p 00000000 00:00 0 
b7561000-b7575000 r-xp 00000000 08:01 252336     /lib/i386-linux-gnu/libz.so.1.2.3.4
b7575000-b7576000 r--p 00013000 08:01 252336     /lib/i386-linux-gnu/libz.so.1.2.3.4
b7576000-b7577000 rw-p 00014000 08:01 252336     /lib/i386-linux-gnu/libz.so.1.2.3.4
b7577000-b771b000 r-xp 00000000 08:01 255739     /lib/i386-linux-gnu/libc-2.15.so
b771b000-b771d000 r--p 001a4000 08:01 255739     /lib/i386-linux-gnu/libc-2.15.so
b771d000-b771e000 rw-p 001a6000 08:01 255739     /lib/i386-linux-gnu/libc-2.15.so
b771e000-b7721000 rw-p 00000000 00:00 0 
b7721000-b7724000 r-xp 00000000 08:01 255738     /lib/i386-linux-gnu/libdl-2.15.so
b7724000-b7725000 r--p 00002000 08:01 255738     /lib/i386-linux-gnu/libdl-2.15.so
b7725000-b7726000 rw-p 00003000 08:01 255738     /lib/i386-linux-gnu/libdl-2.15.so
b7726000-b772a000 r-xp 00000000 08:01 1839611    /usr/lib/jvm/java-6-openjdk-i386/jre/lib/i386/jli/libjli.so
b772a000-b772b000 r--p 00003000 08:01 1839611    /usr/lib/jvm/java-6-openjdk-i386/jre/lib/i386/jli/libjli.so
b772b000-b772c000 rw-p 00004000 08:01 1839611    /usr/lib/jvm/java-6-openjdk-i386/jre/lib/i386/jli/libjli.so
b772c000-b772d000 rw-p 00000000 00:00 0 
b772d000-b7744000 r-xp 00000000 08:01 252406     /lib/i386-linux-gnu/libpthread-2.15.so
b7744000-b7745000 r--p 00016000 08:01 252406     /lib/i386-linux-gnu/libpthread-2.15.so
b7745000-b7746000 rw-p 00017000 08:01 252406     /lib/i386-linux-gnu/libpthread-2.15.so
b7746000-b7748000 rw-p 00000000 00:00 0 
b7748000-b774a000 r--s 00001000 08:01 1838990    /usr/lib/jvm/java-6-openjdk-common/jre/lib/ext/dnsns.jar
b774a000-b774d000 r--s 00031000 08:01 1838991    /usr/lib/jvm/java-6-openjdk-common/jre/lib/ext/sunjce_provider.jar
b774d000-b774e000 r--p 005e0000 08:01 19412      /usr/lib/locale/locale-archive
b774e000-b774f000 rw-p 00000000 00:00 0 
b774f000-b7750000 r--p 00000000 00:00 0 
b7750000-b775b000 r-xp 00000000 08:01 1839627    /usr/lib/jvm/java-6-openjdk-i386/jre/lib/i386/libverify.so
b775b000-b775c000 ---p 0000b000 08:01 1839627    /usr/lib/jvm/java-6-openjdk-i386/jre/lib/i386/libverify.so
b775c000-b775d000 r--p 0000b000 08:01 1839627    /usr/lib/jvm/java-6-openjdk-i386/jre/lib/i386/libverify.so
b775d000-b775e000 rw-p 0000c000 08:01 1839627    /usr/lib/jvm/java-6-openjdk-i386/jre/lib/i386/libverify.so
b775e000-b7760000 rw-p 00000000 00:00 0 
b7760000-b7761000 r-xp 00000000 00:00 0          [vdso]
b7761000-b7781000 r-xp 00000000 08:01 252407     /lib/i386-linux-gnu/ld-2.15.so
b7781000-b7782000 r--p 0001f000 08:01 252407     /lib/i386-linux-gnu/ld-2.15.so
b7782000-b7783000 rw-p 00020000 08:01 252407     /lib/i386-linux-gnu/ld-2.15.so
bf8d8000-bf8fa000 rw-p 00000000 00:00 0          [stack]

VM Arguments:
jvm_args: -Dfile.encoding=UTF-8 
java_command: com.adp.clocks.synergy2416.demo.MainWindow psplash:res/Background.png
Launcher Type: SUN_STANDARD

Environment Variables:
PATH=/usr/lib/lightdm/lightdm:/usr/local/sbin:/usr/local/bin:/usr/sbin:/usr/bin:/sbin:/bin:/usr/games
LD_LIBRARY_PATH=/usr/lib/jvm/java-6-openjdk-i386/jre/lib/i386/server:/usr/lib/jvm/java-6-openjdk-i386/jre/lib/i386:/usr/lib/jvm/java-6-openjdk-i386/jre/../lib/i386:/usr/lib/jni
SHELL=/bin/bash
DISPLAY=:0

Signal Handlers:
SIGSEGV: [libjvm.so+0x66e740], sa_mask[0]=0x7ffbfeff, sa_flags=0x10000004
SIGBUS: [libjvm.so+0x66e740], sa_mask[0]=0x7ffbfeff, sa_flags=0x10000004
SIGFPE: [libjvm.so+0x530480], sa_mask[0]=0x7ffbfeff, sa_flags=0x10000004
SIGPIPE: [libjvm.so+0x530480], sa_mask[0]=0x7ffbfeff, sa_flags=0x10000004
SIGXFSZ: [libjvm.so+0x530480], sa_mask[0]=0x7ffbfeff, sa_flags=0x10000004
SIGILL: [libjvm.so+0x530480], sa_mask[0]=0x7ffbfeff, sa_flags=0x10000004
SIGUSR1: SIG_DFL, sa_mask[0]=0x00000000, sa_flags=0x00000000
SIGUSR2: [libjvm.so+0x530310], sa_mask[0]=0x00000004, sa_flags=0x10000004
SIGHUP: [libjvm.so+0x5332a0], sa_mask[0]=0x7ffbfeff, sa_flags=0x10000004
SIGINT: [libjvm.so+0x5332a0], sa_mask[0]=0x7ffbfeff, sa_flags=0x10000004
SIGTERM: [libjvm.so+0x5332a0], sa_mask[0]=0x7ffbfeff, sa_flags=0x10000004
SIGQUIT: [libjvm.so+0x5332a0], sa_mask[0]=0x7ffbfeff, sa_flags=0x10000004


---------------  S Y S T E M  ---------------

OS:Ubuntu 12.04 (precise)
uname:Linux 3.8.0-35-generic #52~precise1-Ubuntu SMP Thu Jan 30 17:27:28 UTC 2014 i686
libc:glibc 2.15 NPTL 2.15 
rlimit: STACK 8192k, CORE 0k, NPROC 64475, NOFILE 4096, AS infinity
load average:0.16 0.22 0.20

/proc/meminfo:
MemTotal:        8269392 kB
MemFree:         5270916 kB
Buffers:          491220 kB
Cached:          1204684 kB
SwapCached:            0 kB
Active:          1637552 kB
Inactive:        1122028 kB
Active(anon):    1064508 kB
Inactive(anon):     5832 kB
Active(file):     573044 kB
Inactive(file):  1116196 kB
Unevictable:          16 kB
Mlocked:              16 kB
HighTotal:       7457720 kB
HighFree:        5154836 kB
LowTotal:         811672 kB
LowFree:          116080 kB
SwapTotal:             0 kB
SwapFree:              0 kB
Dirty:               104 kB
Writeback:             0 kB
AnonPages:       1063784 kB
Mapped:           236992 kB
Shmem:              6664 kB
Slab:             129168 kB
SReclaimable:     102328 kB
SUnreclaim:        26840 kB
KernelStack:        5520 kB
PageTables:        14780 kB
NFS_Unstable:          0 kB
Bounce:                0 kB
WritebackTmp:          0 kB
CommitLimit:     4134696 kB
Committed_AS:    4806416 kB
VmallocTotal:     122880 kB
VmallocUsed:       53644 kB
VmallocChunk:      50676 kB
HardwareCorrupted:     0 kB
AnonHugePages:         0 kB
HugePages_Total:       0
HugePages_Free:        0
HugePages_Rsvd:        0
HugePages_Surp:        0
Hugepagesize:       2048 kB
DirectMap4k:      153592 kB
DirectMap2M:      759808 kB


CPU:total 8 (4 cores per cpu, 2 threads per core) family 6 model 42 stepping 7, cmov, cx8, fxsr, mmx, sse, sse2, sse3, ssse3, sse4.1, sse4.2, popcnt, ht

Memory: 4k page, physical 8269392k(5270916k free), swap 0k(0k free)

vm_info: OpenJDK Server VM (20.0-b12) for linux-x86 JRE (1.6.0_27-b27), built on Nov 16 2013 15:21:31 by "buildd" with gcc 4.6.3

time: Fri Feb 14 13:30:48 2014
elapsed time: 0 seconds

