#
# A fatal error has been detected by the Java Runtime Environment:
#
#  SIGSEGV (0xb) at pc=0x68a288b7, pid=6173, tid=1748691776
#
# JRE version: 6.0_27-b27
# Java VM: OpenJDK Server VM (20.0-b12 mixed mode linux-x86 )
# Derivative: IcedTea6 1.12.6
# Distribution: Ubuntu 12.04 LTS, package 6b27-1.12.6-1ubuntu0.12.04.4
# Problematic frame:
# C  [libsynergy2416.so+0x48b7]  _get_enroll_count+0x22
#
# If you would like to submit a bug report, please include
# instructions how to reproduce the bug and visit:
#   https://bugs.launchpad.net/ubuntu/+source/openjdk-6/
# The crash happened outside the Java Virtual Machine in native code.
# See problematic frame for where to report the bug.
#

---------------  T H R E A D  ---------------

Current thread (0x6886fc00):  JavaThread "SwingWorker-pool-3-thread-1" [_thread_in_native, id=6204, stack(0x6835e000,0x683af000)]

siginfo:si_signo=SIGSEGV: si_errno=0, si_code=1 (SEGV_MAPERR), si_addr=0x00000000

Registers:
EAX=0x00000000, EBX=0x6bfba608, ECX=0x6886fd20, EDX=0x00000000
ESP=0x683adb10, EBP=0x683adb20, ESI=0x6bfba608, EDI=0x6886fc00
EIP=0x68a288b7, EFLAGS=0x00210297, CR2=0x00000000

Top of Stack: (sp=0x683adb10)
0x683adb10:   b6c4bd60 6963e8f4 00000000 00000000
0x683adb20:   683adb28 68a29261 683adb68 68a27fc3
0x683adb30:   683adbe0 683adbb0 b35c07d4 b35b0688
0x683adb40:   00000000 683adbd0 683adbb0 00000000
0x683adb50:   00000000 6bfba608 6886fc00 683adba0
0x683adb60:   b35b8548 6886fc00 683adba0 b35b864a
0x683adb70:   6886fd20 683adba8 683adbe0 683adbe0
0x683adb80:   683adb80 6bfba608 683adbac 6bfbb3c8 

Instructions: (pc=0x68a288b7)
0x68a28897:   e5 83 ec 10 c7 45 f8 00 00 00 00 c7 45 fc 00 00
0x68a288a7:   00 00 eb 1b 8b 15 e4 da a2 68 8b 45 fc 8d 04 02
0x68a288b7:   0f b6 00 84 c0 74 04 83 45 f8 01 83 45 fc 01 a1
0x68a288c7:   10 d0 a2 68 39 45 fc 7c db 8b 45 f8 c9 c3 55 89 

Register to memory mapping:

EAX=0x00000000 is an unknown value
EBX=0x6bfba608 is an oop
{method} 
 - klass: {other class}
ECX=0x6886fd20 is an unknown value
EDX=0x00000000 is an unknown value
ESP=0x683adb10 is pointing into the stack for thread: 0x6886fc00
EBP=0x683adb20 is pointing into the stack for thread: 0x6886fc00
ESI=0x6bfba608 is an oop
{method} 
 - klass: {other class}
EDI=0x6886fc00 is a thread


Stack: [0x6835e000,0x683af000],  sp=0x683adb10,  free space=318k
Native frames: (J=compiled Java code, j=interpreted, Vv=VM code, C=native code)
C  [libsynergy2416.so+0x48b7]  _get_enroll_count+0x22
C  [libsynergy2416.so+0x5261]  hlpGetEnrollCount+0x8
C  [libsynergy2416.so+0x3fc3]  Java_com_adp_clocks_synergy2416_demo_FPU_FP_1IDENTIFY_1EMPLOYEE+0x19
j  com.adp.clocks.synergy2416.demo.FPU.FP_IDENTIFY_EMPLOYEE()I+0
j  com.adp.clocks.synergy2416.demo.FPU.identifyEmployee()Ljava/lang/String;+0
j  com.adp.clocks.synergy2416.demo.WelcomeForm$IdentifyEmployee.doInBackground()Ljava/lang/String;+11
j  com.adp.clocks.synergy2416.demo.WelcomeForm$IdentifyEmployee.doInBackground()Ljava/lang/Object;+1
j  javax.swing.SwingWorker$1.call()Ljava/lang/Object;+14
j  java.util.concurrent.FutureTask$Sync.innerRun()V+29
j  java.util.concurrent.FutureTask.run()V+4
j  javax.swing.SwingWorker.run()V+4
j  java.util.concurrent.ThreadPoolExecutor.runWorker(Ljava/util/concurrent/ThreadPoolExecutor$Worker;)V+95
j  java.util.concurrent.ThreadPoolExecutor$Worker.run()V+5
j  java.lang.Thread.run()V+11
v  ~StubRoutines::call_stub
V  [libjvm.so+0x39b846]  JavaCalls::call_helper(JavaValue*, methodHandle*, JavaCallArguments*, Thread*)+0x2c6

Java frames: (J=compiled Java code, j=interpreted, Vv=VM code)
j  com.adp.clocks.synergy2416.demo.FPU.FP_IDENTIFY_EMPLOYEE()I+0
j  com.adp.clocks.synergy2416.demo.FPU.identifyEmployee()Ljava/lang/String;+0
j  com.adp.clocks.synergy2416.demo.WelcomeForm$IdentifyEmployee.doInBackground()Ljava/lang/String;+11
j  com.adp.clocks.synergy2416.demo.WelcomeForm$IdentifyEmployee.doInBackground()Ljava/lang/Object;+1
j  javax.swing.SwingWorker$1.call()Ljava/lang/Object;+14
j  java.util.concurrent.FutureTask$Sync.innerRun()V+29
j  java.util.concurrent.FutureTask.run()V+4
j  javax.swing.SwingWorker.run()V+4
j  java.util.concurrent.ThreadPoolExecutor.runWorker(Ljava/util/concurrent/ThreadPoolExecutor$Worker;)V+95
j  java.util.concurrent.ThreadPoolExecutor$Worker.run()V+5
j  java.lang.Thread.run()V+11
v  ~StubRoutines::call_stub

---------------  P R O C E S S  ---------------

Java Threads: ( => current thread )
  0xb6605c00 JavaThread "DestroyJavaVM" [_thread_blocked, id=6178, stack(0xb6734000,0xb6785000)]
=>0x6886fc00 JavaThread "SwingWorker-pool-3-thread-1" [_thread_in_native, id=6204, stack(0x6835e000,0x683af000)]
  0x6886e800 JavaThread "pool-1-thread-1" [_thread_in_native, id=6203, stack(0x683af000,0x68400000)]
  0x6884c800 JavaThread "pool-2-thread-1 - v4l4j push source" [_thread_in_native, id=6201, stack(0x6853a000,0x6858b000)]
  0x6882f000 JavaThread "TimerQueue" daemon [_thread_blocked, id=6200, stack(0x68c05000,0x68c56000)]
  0x69c27000 JavaThread "Image Fetcher 0" daemon [_thread_blocked, id=6199, stack(0x68c77000,0x68cc8000)]
  0x68f16800 JavaThread "AWT-EventQueue-0" [_thread_blocked, id=6198, stack(0x68daf000,0x68e00000)]
  0x68f15800 JavaThread "AWT-Shutdown" [_thread_blocked, id=6197, stack(0x6914f000,0x691a0000)]
  0x68f13c00 JavaThread "AWT-XAWT" daemon [_thread_in_native, id=6196, stack(0x691a0000,0x691f1000)]
  0x6988ac00 JavaThread "Java2D Disposer" daemon [_thread_blocked, id=6195, stack(0x6972e000,0x6977f000)]
  0x69806400 JavaThread "Low Memory Detector" daemon [_thread_blocked, id=6193, stack(0x6a52e000,0x6a57f000)]
  0x69804800 JavaThread "C2 CompilerThread1" daemon [_thread_blocked, id=6192, stack(0x6977f000,0x69800000)]
  0x69802800 JavaThread "C2 CompilerThread0" daemon [_thread_blocked, id=6191, stack(0x69f6a000,0x69feb000)]
  0x69801400 JavaThread "Signal Dispatcher" daemon [_thread_blocked, id=6190, stack(0x6a72e000,0x6a77f000)]
  0xb66f0c00 JavaThread "Finalizer" daemon [_thread_blocked, id=6189, stack(0x6a92e000,0x6a97f000)]
  0xb66ef400 JavaThread "Reference Handler" daemon [_thread_blocked, id=6188, stack(0x6ab2e000,0x6ab7f000)]

Other Threads:
  0xb66ec800 VMThread [stack: 0x69feb000,0x6a06c000] [id=6187]
  0x69810400 WatcherThread [stack: 0x6947f000,0x69500000] [id=6194]

VM state:not at safepoint (normal execution)

VM Mutex/Monitor currently owned by a thread: None

Heap
 PSYoungGen      total 19136K, used 9001K [0x9df90000, 0x9f4e0000, 0xb34e0000)
  eden space 16448K, 40% used [0x9df90000,0x9e609b30,0x9efa0000)
  from space 2688K, 88% used [0x9efa0000,0x9f1f0ba8,0x9f240000)
  to   space 2688K, 0% used [0x9f240000,0x9f240000,0x9f4e0000)
 PSOldGen        total 43712K, used 0K [0x734e0000, 0x75f90000, 0x9df90000)
  object space 43712K, 0% used [0x734e0000,0x734e0000,0x75f90000)
 PSPermGen       total 16384K, used 11398K [0x6b4e0000, 0x6c4e0000, 0x734e0000)
  object space 16384K, 69% used [0x6b4e0000,0x6c001a48,0x6c4e0000)

Code Cache  [0xb35ae000, 0xb37ee000, 0xb65ae000)
 total_blobs=336 nmethods=102 adapters=188 free_code_cache=49722816 largest_free_block=22208

Dynamic libraries:
08048000-08051000 r-xp 00000000 08:01 1839571    /usr/lib/jvm/java-6-openjdk-i386/jre/bin/java
08051000-08052000 r--p 00008000 08:01 1839571    /usr/lib/jvm/java-6-openjdk-i386/jre/bin/java
08052000-08053000 rw-p 00009000 08:01 1839571    /usr/lib/jvm/java-6-openjdk-i386/jre/bin/java
08d2a000-08d4b000 rw-p 00000000 00:00 0          [heap]
6826c000-68359000 r-xp 00000000 08:01 16845      /usr/lib/i386-linux-gnu/libasound.so.2.0.0
68359000-6835d000 r--p 000ec000 08:01 16845      /usr/lib/i386-linux-gnu/libasound.so.2.0.0
6835d000-6835e000 rw-p 000f0000 08:01 16845      /usr/lib/i386-linux-gnu/libasound.so.2.0.0
6835e000-68361000 ---p 00000000 00:00 0 
68361000-683af000 rw-p 00000000 00:00 0          [stack:6204]
683af000-683b2000 ---p 00000000 00:00 0 
683b2000-68400000 rw-p 00000000 00:00 0          [stack:6203]
68400000-684e2000 rw-p 00000000 00:00 0 
684e2000-68500000 ---p 00000000 00:00 0 
6853a000-6853d000 ---p 00000000 00:00 0 
6853d000-6858b000 rw-p 00000000 00:00 0          [stack:6201]
6858b000-685ac000 r-xp 00000000 08:01 17358      /usr/lib/i386-linux-gnu/libv4lconvert.so.0
685ac000-685ad000 r--p 00021000 08:01 17358      /usr/lib/i386-linux-gnu/libv4lconvert.so.0
685ad000-685ae000 rw-p 00022000 08:01 17358      /usr/lib/i386-linux-gnu/libv4lconvert.so.0
685ae000-68600000 rw-p 00000000 00:00 0 
68600000-686e9000 rw-p 00000000 00:00 0 
686e9000-68700000 ---p 00000000 00:00 0 
68700000-68800000 rw-p 00000000 00:00 0 
68800000-68872000 rw-p 00000000 00:00 0 
68872000-68900000 ---p 00000000 00:00 0 
68900000-689f0000 rw-p 00000000 00:00 0 
689f0000-68a00000 ---p 00000000 00:00 0 
68a13000-68a22000 r-xp 00000000 08:01 1839790    /usr/lib/jvm/java-6-openjdk-i386/jre/lib/i386/libjsoundalsa.so
68a22000-68a23000 r--p 0000e000 08:01 1839790    /usr/lib/jvm/java-6-openjdk-i386/jre/lib/i386/libjsoundalsa.so
68a23000-68a24000 rw-p 0000f000 08:01 1839790    /usr/lib/jvm/java-6-openjdk-i386/jre/lib/i386/libjsoundalsa.so
68a24000-68a2c000 r-xp 00000000 08:01 524557     /usr/lib/jni/libsynergy2416.so
68a2c000-68a2d000 r--p 00007000 08:01 524557     /usr/lib/jni/libsynergy2416.so
68a2d000-68a2e000 rw-p 00008000 08:01 524557     /usr/lib/jni/libsynergy2416.so
68a2e000-68a36000 rw-s 00018000 00:05 11511      /dev/video0
68a36000-68a3e000 rw-s 00010000 00:05 11511      /dev/video0
68a3e000-68a51000 r-xp 00000000 08:01 8712       /usr/lib/libvideo.so.0
68a51000-68a52000 r--p 00012000 08:01 8712       /usr/lib/libvideo.so.0
68a52000-68a53000 rw-p 00013000 08:01 8712       /usr/lib/libvideo.so.0
68a59000-68a61000 rw-s 00008000 00:05 11511      /dev/video0
68a61000-68a69000 rw-s 00000000 00:05 11511      /dev/video0
68a69000-68a78000 r-xp 00000000 08:01 524448     /usr/lib/jni/libv4l4j.so
68a78000-68a79000 r--p 0000e000 08:01 524448     /usr/lib/jni/libv4l4j.so
68a79000-68a7a000 rw-p 0000f000 08:01 524448     /usr/lib/jni/libv4l4j.so
68a7a000-68b00000 rw-p 00000000 00:00 0 
68b00000-68bfc000 rw-p 00000000 00:00 0 
68bfc000-68c00000 ---p 00000000 00:00 0 
68c02000-68c03000 r-xp 00000000 08:01 1839628    /usr/lib/jvm/java-6-openjdk-i386/jre/lib/i386/libjsound.so
68c03000-68c04000 r--p 00000000 08:01 1839628    /usr/lib/jvm/java-6-openjdk-i386/jre/lib/i386/libjsound.so
68c04000-68c05000 rw-p 00001000 08:01 1839628    /usr/lib/jvm/java-6-openjdk-i386/jre/lib/i386/libjsound.so
68c05000-68c08000 ---p 00000000 00:00 0 
68c08000-68c56000 rw-p 00000000 00:00 0          [stack:6200]
68c56000-68c5e000 r-xp 00000000 08:01 1839626    /usr/lib/jvm/java-6-openjdk-i386/jre/lib/i386/libnio.so
68c5e000-68c5f000 r--p 00007000 08:01 1839626    /usr/lib/jvm/java-6-openjdk-i386/jre/lib/i386/libnio.so
68c5f000-68c60000 rw-p 00008000 08:01 1839626    /usr/lib/jvm/java-6-openjdk-i386/jre/lib/i386/libnio.so
68c60000-68c75000 r-xp 00000000 08:01 1839614    /usr/lib/jvm/java-6-openjdk-i386/jre/lib/i386/libnet.so
68c75000-68c76000 r--p 00014000 08:01 1839614    /usr/lib/jvm/java-6-openjdk-i386/jre/lib/i386/libnet.so
68c76000-68c77000 rw-p 00015000 08:01 1839614    /usr/lib/jvm/java-6-openjdk-i386/jre/lib/i386/libnet.so
68c77000-68c7a000 ---p 00000000 00:00 0 
68c7a000-68cc8000 rw-p 00000000 00:00 0          [stack:6199]
68cc8000-68d16000 r--s 008b6000 08:01 2243423    /opt/eclipse-standard/plugins/com.ibm.icu_50.1.1.v201304230130.jar
68d16000-68d58000 r--s 00367000 08:01 2243377    /opt/eclipse-standard/plugins/org.eclipse.ui.workbench_3.105.1.v20130821-1411.jar
68d58000-68d9d000 r-xp 00000000 08:01 11892      /usr/lib/i386-linux-gnu/libjpeg.so.8.0.2
68d9d000-68d9e000 r--p 00044000 08:01 11892      /usr/lib/i386-linux-gnu/libjpeg.so.8.0.2
68d9e000-68d9f000 rw-p 00045000 08:01 11892      /usr/lib/i386-linux-gnu/libjpeg.so.8.0.2
68d9f000-68daf000 rw-p 00000000 00:00 0 
68daf000-68db2000 ---p 00000000 00:00 0 
68db2000-68e00000 rw-p 00000000 00:00 0          [stack:6198]
68e00000-68ee3000 rw-p 00000000 00:00 0 
68ee3000-68f00000 ---p 00000000 00:00 0 
68f00000-68f29000 rw-p 00000000 00:00 0 
68f29000-69000000 ---p 00000000 00:00 0 
69000000-690fd000 rw-p 00000000 00:00 0 
690fd000-69100000 ---p 00000000 00:00 0 
69102000-69109000 r--s 00000000 08:01 14251      /usr/lib/i386-linux-gnu/gconv/gconv-modules.cache
69109000-6910e000 r--s 00045000 08:01 2243421    /opt/eclipse-standard/plugins/org.eclipse.ui.forms_3.6.1.v20130822-1117.jar
6910e000-69121000 r--s 000e0000 08:01 2243213    /opt/eclipse-standard/plugins/org.eclipse.jface.text_3.8.101.v20130802-1147.jar
69121000-69135000 r--s 000f9000 08:01 2243526    /opt/eclipse-standard/plugins/org.eclipse.jface_3.9.1.v20130725-1141.jar
69135000-6914a000 r--s 0023a000 08:01 2243675    /opt/eclipse-standard/plugins/org.eclipse.swt.gtk.linux.x86_3.102.1.v20130827-2048.jar
6914a000-6914f000 r--s 00038000 08:01 2243571    /opt/eclipse-standard/plugins/org.eclipse.text_3.5.300.v20130515-1451.jar
6914f000-69152000 ---p 00000000 00:00 0 
69152000-691a0000 rw-p 00000000 00:00 0          [stack:6197]
691a0000-691a3000 ---p 00000000 00:00 0 
691a3000-691f1000 rw-p 00000000 00:00 0          [stack:6196]
691f1000-69286000 r-xp 00000000 08:01 16989      /usr/lib/i386-linux-gnu/libfreetype.so.6.8.0
69286000-6928a000 r--p 00094000 08:01 16989      /usr/lib/i386-linux-gnu/libfreetype.so.6.8.0
6928a000-6928b000 rw-p 00098000 08:01 16989      /usr/lib/i386-linux-gnu/libfreetype.so.6.8.0
6928b000-693bb000 r-xp 00000000 08:01 14323      /usr/lib/i386-linux-gnu/libX11.so.6.3.0
693bb000-693bc000 r--p 0012f000 08:01 14323      /usr/lib/i386-linux-gnu/libX11.so.6.3.0
693bc000-693be000 rw-p 00130000 08:01 14323      /usr/lib/i386-linux-gnu/libX11.so.6.3.0
693be000-693bf000 rw-p 00000000 00:00 0 
693bf000-69453000 r-xp 00000000 08:01 1839605    /usr/lib/jvm/java-6-openjdk-i386/jre/lib/i386/libawt.so
69453000-69454000 r--p 00093000 08:01 1839605    /usr/lib/jvm/java-6-openjdk-i386/jre/lib/i386/libawt.so
69454000-6945b000 rw-p 00094000 08:01 1839605    /usr/lib/jvm/java-6-openjdk-i386/jre/lib/i386/libawt.so
6945b000-6947f000 rw-p 00000000 00:00 0 
6947f000-69480000 ---p 00000000 00:00 0 
69480000-69500000 rw-p 00000000 00:00 0          [stack:6194]
69500000-695f0000 rw-p 00000000 00:00 0 
695f0000-69600000 ---p 00000000 00:00 0 
69600000-696f9000 rw-p 00000000 00:00 0 
696f9000-69700000 ---p 00000000 00:00 0 
69701000-69704000 r--s 0007f000 08:01 1839014    /usr/lib/jvm/java-6-openjdk-common/jre/lib/jsse.jar
69704000-6972c000 r-xp 00000000 08:01 252306     /lib/i386-linux-gnu/libpng12.so.0.46.0
6972c000-6972d000 r--p 00027000 08:01 252306     /lib/i386-linux-gnu/libpng12.so.0.46.0
6972d000-6972e000 rw-p 00028000 08:01 252306     /lib/i386-linux-gnu/libpng12.so.0.46.0
6972e000-69731000 ---p 00000000 00:00 0 
69731000-6977f000 rw-p 00000000 00:00 0          [stack:6195]
6977f000-69782000 ---p 00000000 00:00 0 
69782000-69800000 rw-p 00000000 00:00 0          [stack:6192]
69800000-698fc000 rw-p 00000000 00:00 0 
698fc000-69900000 ---p 00000000 00:00 0 
69900000-69921000 rw-p 00000000 00:00 0 
69921000-69a00000 ---p 00000000 00:00 0 
69a00000-69c00000 r--p 00000000 08:01 19412      /usr/lib/locale/locale-archive
69c00000-69d00000 rw-p 00000000 00:00 0 
69d00000-69d21000 rw-p 00000000 00:00 0 
69d21000-69e00000 ---p 00000000 00:00 0 
69e00000-69e5e000 rw-p 00000000 00:00 0 
69e5e000-69f00000 ---p 00000000 00:00 0 
69f00000-69f08000 r-xp 00000000 08:01 1839774    /usr/lib/i386-linux-gnu/libgif.so.4.1.6
69f08000-69f09000 r--p 00007000 08:01 1839774    /usr/lib/i386-linux-gnu/libgif.so.4.1.6
69f09000-69f0a000 rw-p 00008000 08:01 1839774    /usr/lib/i386-linux-gnu/libgif.so.4.1.6
69f0c000-69f20000 r--s 00140000 08:01 2243684    /opt/eclipse-standard/plugins/org.eclipse.osgi_3.9.1.v20130814-1242.jar
69f20000-69f68000 r-xp 00000000 08:01 1839595    /usr/lib/jvm/java-6-openjdk-i386/jre/lib/i386/libfontmanager.so
69f68000-69f69000 r--p 00048000 08:01 1839595    /usr/lib/jvm/java-6-openjdk-i386/jre/lib/i386/libfontmanager.so
69f69000-69f6a000 rw-p 00049000 08:01 1839595    /usr/lib/jvm/java-6-openjdk-i386/jre/lib/i386/libfontmanager.so
69f6a000-69f6d000 ---p 00000000 00:00 0 
69f6d000-69feb000 rw-p 00000000 00:00 0          [stack:6191]
69feb000-69fec000 ---p 00000000 00:00 0 
69fec000-6a06c000 rw-p 00000000 00:00 0          [stack:6187]
6a06c000-6a200000 r--s 03822000 08:01 1839584    /usr/lib/jvm/java-6-openjdk-i386/jre/lib/rt.jar
6a200000-6a221000 rw-p 00000000 00:00 0 
6a221000-6a300000 ---p 00000000 00:00 0 
6a301000-6a304000 r--s 00019000 08:01 864259     /home/chaol/workspace-java/ADP-Demo-GUI/src/com/adp/clocks/synergy2416/res/v4l4j.jar
6a304000-6a307000 r--s 0002a000 08:01 2243555    /opt/eclipse-standard/plugins/org.eclipse.equinox.registry_3.5.301.v20130717-1549.jar
6a307000-6a30b000 r-xp 00000000 08:01 13641      /usr/lib/i386-linux-gnu/libXfixes.so.3.1.0
6a30b000-6a30c000 r--p 00004000 08:01 13641      /usr/lib/i386-linux-gnu/libXfixes.so.3.1.0
6a30c000-6a30d000 rw-p 00005000 08:01 13641      /usr/lib/i386-linux-gnu/libXfixes.so.3.1.0
6a30d000-6a313000 r--s 00000000 08:01 3565       /var/cache/fontconfig/945677eb7aeaf62f1d50efc3fb3ec7d8-le32d4.cache-3
6a313000-6a316000 r--s 00000000 08:01 519519     /var/cache/fontconfig/99e8ed0e538f840c565b6ed5dad60d56-le32d4.cache-3
6a316000-6a319000 r--s 00000000 08:01 3552       /var/cache/fontconfig/2cd17615ca594fa2959ae173292e504c-le32d4.cache-3
6a319000-6a31d000 r--s 00000000 08:01 3567       /var/cache/fontconfig/a755afe4a08bf5b97852ceb7400b47bc-le32d4.cache-3
6a31d000-6a324000 r--s 00000000 08:01 1579180    /var/cache/fontconfig/6d41288fd70b0be22e8c3a91e032eec0-le32d4.cache-3
6a324000-6a32f000 r--s 00000000 08:01 3549       /var/cache/fontconfig/04aabc0a78ac019cf9454389977116d2-le32d4.cache-3
6a32f000-6a37b000 r-xp 00000000 08:01 1839789    /usr/lib/jvm/java-6-openjdk-i386/jre/lib/i386/xawt/libmawt.so
6a37b000-6a37c000 r--p 0004b000 08:01 1839789    /usr/lib/jvm/java-6-openjdk-i386/jre/lib/i386/xawt/libmawt.so
6a37c000-6a37e000 rw-p 0004c000 08:01 1839789    /usr/lib/jvm/java-6-openjdk-i386/jre/lib/i386/xawt/libmawt.so
6a37e000-6a37f000 rw-p 00000000 00:00 0 
6a37f000-6a380000 ---p 00000000 00:00 0 
6a380000-6a400000 rw-p 00000000 00:00 0          [stack:6186]
6a400000-6a421000 rw-p 00000000 00:00 0 
6a421000-6a500000 ---p 00000000 00:00 0 
6a500000-6a501000 r--s 00000000 08:01 3570       /var/cache/fontconfig/c05880de57d1f5e948fdfacc138775d9-le32d4.cache-3
6a501000-6a504000 r--s 00000000 08:01 3555       /var/cache/fontconfig/385c0604a188198f04d133e54aba7fe7-le32d4.cache-3
6a505000-6a506000 rw-p 00000000 00:00 0 
6a506000-6a50f000 r-xp 00000000 08:01 16793      /usr/lib/i386-linux-gnu/libXcursor.so.1.0.2
6a50f000-6a510000 r--p 00008000 08:01 16793      /usr/lib/i386-linux-gnu/libXcursor.so.1.0.2
6a510000-6a511000 rw-p 00009000 08:01 16793      /usr/lib/i386-linux-gnu/libXcursor.so.1.0.2
6a511000-6a513000 r--s 00010000 08:01 2243198    /opt/eclipse-standard/plugins/org.eclipse.core.runtime_3.9.0.v20130326-1255.jar
6a513000-6a516000 r--s 00018000 08:01 2243752    /opt/eclipse-standard/plugins/org.eclipse.equinox.common_3.6.200.v20130402-1505.jar
6a516000-6a519000 r--s 00018000 08:01 2243511    /opt/eclipse-standard/plugins/org.eclipse.core.commands_3.6.100.v20130515-1857.jar
6a519000-6a51a000 rw-p 00000000 00:00 0 
6a51a000-6a523000 r-xp 00000000 08:01 1839791    /usr/lib/jvm/java-6-openjdk-i386/jre/lib/i386/libsplashscreen.so
6a523000-6a524000 r--p 00008000 08:01 1839791    /usr/lib/jvm/java-6-openjdk-i386/jre/lib/i386/libsplashscreen.so
6a524000-6a525000 rw-p 00009000 08:01 1839791    /usr/lib/jvm/java-6-openjdk-i386/jre/lib/i386/libsplashscreen.so
6a525000-6a527000 rw-p 00000000 00:00 0 
6a527000-6a52e000 r--s 000fc000 08:01 1838998    /usr/lib/jvm/java-6-openjdk-common/jre/lib/resources.jar
6a52e000-6a531000 ---p 00000000 00:00 0 
6a531000-6a57f000 rw-p 00000000 00:00 0          [stack:6193]
6a57f000-6a580000 ---p 00000000 00:00 0 
6a580000-6a600000 rw-p 00000000 00:00 0          [stack:6185]
6a600000-6a621000 rw-p 00000000 00:00 0 
6a621000-6a700000 ---p 00000000 00:00 0 
6a700000-6a701000 r--s 00000000 08:01 3577       /var/cache/fontconfig/e7071f4a29fa870f4323321c154eba04-le32d4.cache-3
6a701000-6a702000 r--s 00000000 08:01 3550       /var/cache/fontconfig/0d8c3b2ac0904cb8a57a757ad11a4a08-le32d4.cache-3
6a702000-6a703000 r--s 00000000 08:01 3572       /var/cache/fontconfig/4794a0821666d79190d59a36cb4f44b5-le32d4.cache-3
6a703000-6a706000 r--s 00000000 08:01 3564       /var/cache/fontconfig/8801497958630a81b71ace7c5f9b32a8-le32d4.cache-3
6a706000-6a70c000 r--s 00000000 08:01 3565       /var/cache/fontconfig/945677eb7aeaf62f1d50efc3fb3ec7d8-le32d4.cache-3
6a70c000-6a70f000 r--s 00000000 08:01 519519     /var/cache/fontconfig/99e8ed0e538f840c565b6ed5dad60d56-le32d4.cache-3
6a70f000-6a712000 r--s 00000000 08:01 3552       /var/cache/fontconfig/2cd17615ca594fa2959ae173292e504c-le32d4.cache-3
6a712000-6a716000 r--s 00000000 08:01 3567       /var/cache/fontconfig/a755afe4a08bf5b97852ceb7400b47bc-le32d4.cache-3
6a716000-6a71d000 r--s 00000000 08:01 1579180    /var/cache/fontconfig/6d41288fd70b0be22e8c3a91e032eec0-le32d4.cache-3
6a71d000-6a728000 r--s 00000000 08:01 3549       /var/cache/fontconfig/04aabc0a78ac019cf9454389977116d2-le32d4.cache-3
6a728000-6a72b000 r--s 00000000 08:01 3555       /var/cache/fontconfig/385c0604a188198f04d133e54aba7fe7-le32d4.cache-3
6a72b000-6a72e000 r--s 00000000 08:01 3564       /var/cache/fontconfig/8801497958630a81b71ace7c5f9b32a8-le32d4.cache-3
6a72e000-6a731000 ---p 00000000 00:00 0 
6a731000-6a77f000 rw-p 00000000 00:00 0          [stack:6190]
6a77f000-6a780000 ---p 00000000 00:00 0 
6a780000-6a800000 rw-p 00000000 00:00 0          [stack:6184]
6a800000-6a821000 rw-p 00000000 00:00 0 
6a821000-6a900000 ---p 00000000 00:00 0 
6a900000-6a904000 r--s 00000000 08:01 3553       /var/cache/fontconfig/3047814df9a2f067bd2d96a2b9c36e5a-le32d4.cache-3
6a904000-6a908000 r--s 00000000 08:01 3553       /var/cache/fontconfig/3047814df9a2f067bd2d96a2b9c36e5a-le32d4.cache-3
6a908000-6a909000 r--s 00000000 08:01 3558       /var/cache/fontconfig/56cf4f4769d0f4abc89a4895d7bd3ae1-le32d4.cache-3
6a909000-6a90d000 r--s 00000000 08:01 3568       /var/cache/fontconfig/b47c4e1ecd0709278f4910c18777a504-le32d4.cache-3
6a90d000-6a91a000 r--s 00000000 08:01 3573       /var/cache/fontconfig/d52a8644073d54c13679302ca1180695-le32d4.cache-3
6a91a000-6a923000 r--s 00000000 08:01 519518     /var/cache/fontconfig/089dead882dea3570ffc31a9898cfb69-le32d4.cache-3
6a923000-6a92b000 r--s 00000000 08:01 11176      /var/cache/fontconfig/e13b20fdb08344e0e664864cc2ede53d-le32d4.cache-3
6a92b000-6a92e000 r--s 00000000 08:01 519517     /var/cache/fontconfig/7ef2298fde41cc6eeb7af42e48b7d293-le32d4.cache-3
6a92e000-6a931000 ---p 00000000 00:00 0 
6a931000-6a97f000 rw-p 00000000 00:00 0          [stack:6189]
6a97f000-6a980000 ---p 00000000 00:00 0 
6a980000-6aa00000 rw-p 00000000 00:00 0          [stack:6183]
6aa00000-6aa21000 rw-p 00000000 00:00 0 
6aa21000-6ab00000 ---p 00000000 00:00 0 
6ab00000-6ab0d000 r--s 00000000 08:01 3573       /var/cache/fontconfig/d52a8644073d54c13679302ca1180695-le32d4.cache-3
6ab0d000-6ab2c000 r-xp 00000000 08:01 17393      /usr/lib/i386-linux-gnu/libxcb.so.1.1.0
6ab2c000-6ab2d000 r--p 0001f000 08:01 17393      /usr/lib/i386-linux-gnu/libxcb.so.1.1.0
6ab2d000-6ab2e000 rw-p 00020000 08:01 17393      /usr/lib/i386-linux-gnu/libxcb.so.1.1.0
6ab2e000-6ab31000 ---p 00000000 00:00 0 
6ab31000-6ab7f000 rw-p 00000000 00:00 0          [stack:6188]
6ab7f000-6ab80000 ---p 00000000 00:00 0 
6ab80000-6ac00000 rw-p 00000000 00:00 0          [stack:6182]
6ac00000-6ac21000 rw-p 00000000 00:00 0 
6ac21000-6ad00000 ---p 00000000 00:00 0 
6ad00000-6ad21000 rw-p 00000000 00:00 0 
6ad21000-6ae00000 ---p 00000000 00:00 0 
6ae00000-6ae01000 r--s 00000000 08:01 3569       /var/cache/fontconfig/b9d506c9ac06c20b433354fa67a72993-le32d4.cache-3
6ae01000-6ae02000 r--s 00000000 08:01 3570       /var/cache/fontconfig/c05880de57d1f5e948fdfacc138775d9-le32d4.cache-3
6ae02000-6ae07000 r-xp 00000000 08:01 16797      /usr/lib/i386-linux-gnu/libXdmcp.so.6.0.0
6ae07000-6ae08000 r--p 00004000 08:01 16797      /usr/lib/i386-linux-gnu/libXdmcp.so.6.0.0
6ae08000-6ae09000 rw-p 00005000 08:01 16797      /usr/lib/i386-linux-gnu/libXdmcp.so.6.0.0
6ae09000-6ae18000 r-xp 00000000 08:01 8381       /usr/lib/i386-linux-gnu/libXi.so.6.1.0
6ae18000-6ae19000 r--p 0000e000 08:01 8381       /usr/lib/i386-linux-gnu/libXi.so.6.1.0
6ae19000-6ae1a000 rw-p 0000f000 08:01 8381       /usr/lib/i386-linux-gnu/libXi.so.6.1.0
6ae1a000-6ae22000 r-xp 00000000 08:01 16821      /usr/lib/i386-linux-gnu/libXrender.so.1.3.0
6ae22000-6ae23000 r--p 00007000 08:01 16821      /usr/lib/i386-linux-gnu/libXrender.so.1.3.0
6ae23000-6ae24000 rw-p 00008000 08:01 16821      /usr/lib/i386-linux-gnu/libXrender.so.1.3.0
6ae24000-6ae34000 r-xp 00000000 08:01 16799      /usr/lib/i386-linux-gnu/libXext.so.6.4.0
6ae34000-6ae35000 r--p 0000f000 08:01 16799      /usr/lib/i386-linux-gnu/libXext.so.6.4.0
6ae35000-6ae36000 rw-p 00010000 08:01 16799      /usr/lib/i386-linux-gnu/libXext.so.6.4.0
6ae36000-6ae37000 r--s 00000000 08:01 3577       /var/cache/fontconfig/e7071f4a29fa870f4323321c154eba04-le32d4.cache-3
6ae37000-6ae3b000 r--s 00000000 08:01 3568       /var/cache/fontconfig/b47c4e1ecd0709278f4910c18777a504-le32d4.cache-3
6ae3b000-6ae44000 r--s 00000000 08:01 519518     /var/cache/fontconfig/089dead882dea3570ffc31a9898cfb69-le32d4.cache-3
6ae44000-6ae4c000 r--s 00000000 08:01 11176      /var/cache/fontconfig/e13b20fdb08344e0e664864cc2ede53d-le32d4.cache-3
6ae4c000-6ae7f000 rw-p 00000000 00:00 0 
6ae7f000-6ae80000 ---p 00000000 00:00 0 
6ae80000-6af00000 rw-p 00000000 00:00 0          [stack:6181]
6af00000-6af21000 rw-p 00000000 00:00 0 
6af21000-6b000000 ---p 00000000 00:00 0 
6b000000-6b003000 r--s 00000000 08:01 519517     /var/cache/fontconfig/7ef2298fde41cc6eeb7af42e48b7d293-le32d4.cache-3
6b003000-6b005000 r-xp 00000000 08:01 16786      /usr/lib/i386-linux-gnu/libXau.so.6.0.0
6b005000-6b006000 r--p 00001000 08:01 16786      /usr/lib/i386-linux-gnu/libXau.so.6.0.0
6b006000-6b007000 rw-p 00002000 08:01 16786      /usr/lib/i386-linux-gnu/libXau.so.6.0.0
6b007000-6b008000 ---p 00000000 00:00 0 
6b008000-6b088000 rw-p 00000000 00:00 0          [stack:6180]
6b088000-6b089000 ---p 00000000 00:00 0 
6b089000-6b111000 rw-p 00000000 00:00 0          [stack:6179]
6b111000-6b149000 rw-p 00000000 00:00 0 
6b149000-6b15f000 rw-p 00000000 00:00 0 
6b15f000-6b29f000 rw-p 00000000 00:00 0 
6b29f000-6b2a7000 rw-p 00000000 00:00 0 
6b2a7000-6b2df000 rw-p 00000000 00:00 0 
6b2df000-6b2f5000 rw-p 00000000 00:00 0 
6b2f5000-6b434000 rw-p 00000000 00:00 0 
6b434000-6b43f000 rw-p 00000000 00:00 0 
6b43f000-6b4df000 rw-p 00000000 00:00 0 
6b4df000-6c4e0000 rw-p 00000000 00:00 0 
6c4e0000-734e0000 rw-p 00000000 00:00 0 
734e0000-75f90000 rw-p 00000000 00:00 0 
75f90000-9df90000 rw-p 00000000 00:00 0 
9df90000-9f4e0000 rw-p 00000000 00:00 0 
9f4e0000-b34e0000 rw-p 00000000 00:00 0 
b34e0000-b34e1000 r--s 00000000 08:01 3550       /var/cache/fontconfig/0d8c3b2ac0904cb8a57a757ad11a4a08-le32d4.cache-3
b34e1000-b34e2000 r--s 00000000 08:01 3572       /var/cache/fontconfig/4794a0821666d79190d59a36cb4f44b5-le32d4.cache-3
b34e2000-b34e7000 r-xp 00000000 08:01 16825      /usr/lib/i386-linux-gnu/libXtst.so.6.1.0
b34e7000-b34e8000 r--p 00004000 08:01 16825      /usr/lib/i386-linux-gnu/libXtst.so.6.1.0
b34e8000-b34e9000 rw-p 00005000 08:01 16825      /usr/lib/i386-linux-gnu/libXtst.so.6.1.0
b34e9000-b34eb000 r--s 0000f000 08:01 1838988    /usr/lib/jvm/java-6-openjdk-common/jre/lib/ext/pulse-java.jar
b34eb000-b34ee000 r--s 00077000 08:01 1838989    /usr/lib/jvm/java-6-openjdk-common/jre/lib/ext/localedata.jar
b34ee000-b34f7000 rw-p 00000000 00:00 0 
b34f7000-b35ae000 rw-p 00000000 00:00 0 
b35ae000-b37ee000 rwxp 00000000 00:00 0 
b37ee000-b65ae000 rw-p 00000000 00:00 0 
b65ae000-b65b9000 r-xp 00000000 08:01 255736     /lib/i386-linux-gnu/libnss_files-2.15.so
b65b9000-b65ba000 r--p 0000a000 08:01 255736     /lib/i386-linux-gnu/libnss_files-2.15.so
b65ba000-b65bb000 rw-p 0000b000 08:01 255736     /lib/i386-linux-gnu/libnss_files-2.15.so
b65bb000-b65c5000 r-xp 00000000 08:01 255735     /lib/i386-linux-gnu/libnss_nis-2.15.so
b65c5000-b65c6000 r--p 00009000 08:01 255735     /lib/i386-linux-gnu/libnss_nis-2.15.so
b65c6000-b65c7000 rw-p 0000a000 08:01 255735     /lib/i386-linux-gnu/libnss_nis-2.15.so
b65c7000-b65dd000 r-xp 00000000 08:01 252399     /lib/i386-linux-gnu/libnsl-2.15.so
b65dd000-b65de000 r--p 00015000 08:01 252399     /lib/i386-linux-gnu/libnsl-2.15.so
b65de000-b65df000 rw-p 00016000 08:01 252399     /lib/i386-linux-gnu/libnsl-2.15.so
b65df000-b65e1000 rw-p 00000000 00:00 0 
b65e1000-b65e8000 r-xp 00000000 08:01 255737     /lib/i386-linux-gnu/libnss_compat-2.15.so
b65e8000-b65e9000 r--p 00006000 08:01 255737     /lib/i386-linux-gnu/libnss_compat-2.15.so
b65e9000-b65ea000 rw-p 00007000 08:01 255737     /lib/i386-linux-gnu/libnss_compat-2.15.so
b65ea000-b65eb000 r--s 00000000 08:01 3558       /var/cache/fontconfig/56cf4f4769d0f4abc89a4895d7bd3ae1-le32d4.cache-3
b65eb000-b65ef000 r--s 00039000 08:01 1838987    /usr/lib/jvm/java-6-openjdk-common/jre/lib/ext/sunpkcs11.jar
b65ef000-b65f6000 r-xp 00000000 08:01 1839612    /usr/lib/jvm/java-6-openjdk-i386/jre/lib/i386/libzip.so
b65f6000-b65f7000 r--p 00006000 08:01 1839612    /usr/lib/jvm/java-6-openjdk-i386/jre/lib/i386/libzip.so
b65f7000-b65f8000 rw-p 00007000 08:01 1839612    /usr/lib/jvm/java-6-openjdk-i386/jre/lib/i386/libzip.so
b65f8000-b6600000 rw-s 00000000 08:01 900710     /tmp/hsperfdata_chaol/6173
b6600000-b6700000 rw-p 00000000 00:00 0 
b6700000-b6701000 r--s 00000000 08:01 3569       /var/cache/fontconfig/b9d506c9ac06c20b433354fa67a72993-le32d4.cache-3
b6701000-b6702000 r--s 00007000 08:01 1839824    /usr/share/java/java-atk-wrapper.jar
b6702000-b6728000 r-xp 00000000 08:01 1839598    /usr/lib/jvm/java-6-openjdk-i386/jre/lib/i386/libjava.so
b6728000-b6729000 r--p 00025000 08:01 1839598    /usr/lib/jvm/java-6-openjdk-i386/jre/lib/i386/libjava.so
b6729000-b672b000 rw-p 00026000 08:01 1839598    /usr/lib/jvm/java-6-openjdk-i386/jre/lib/i386/libjava.so
b672b000-b6732000 r-xp 00000000 08:01 252408     /lib/i386-linux-gnu/librt-2.15.so
b6732000-b6733000 r--p 00006000 08:01 252408     /lib/i386-linux-gnu/librt-2.15.so
b6733000-b6734000 rw-p 00007000 08:01 252408     /lib/i386-linux-gnu/librt-2.15.so
b6734000-b6737000 ---p 00000000 00:00 0 
b6737000-b6785000 rw-p 00000000 00:00 0          [stack:6178]
b6785000-b67a1000 r-xp 00000000 08:01 252257     /lib/i386-linux-gnu/libgcc_s.so.1
b67a1000-b67a2000 r--p 0001b000 08:01 252257     /lib/i386-linux-gnu/libgcc_s.so.1
b67a2000-b67a3000 rw-p 0001c000 08:01 252257     /lib/i386-linux-gnu/libgcc_s.so.1
b67a3000-b67cd000 r-xp 00000000 08:01 255734     /lib/i386-linux-gnu/libm-2.15.so
b67cd000-b67ce000 r--p 00029000 08:01 255734     /lib/i386-linux-gnu/libm-2.15.so
b67ce000-b67cf000 rw-p 0002a000 08:01 255734     /lib/i386-linux-gnu/libm-2.15.so
b67cf000-b68a7000 r-xp 00000000 08:01 17329      /usr/lib/i386-linux-gnu/libstdc++.so.6.0.16
b68a7000-b68a8000 ---p 000d8000 08:01 17329      /usr/lib/i386-linux-gnu/libstdc++.so.6.0.16
b68a8000-b68ac000 r--p 000d8000 08:01 17329      /usr/lib/i386-linux-gnu/libstdc++.so.6.0.16
b68ac000-b68ad000 rw-p 000dc000 08:01 17329      /usr/lib/i386-linux-gnu/libstdc++.so.6.0.16
b68ad000-b68b4000 rw-p 00000000 00:00 0 
b68b4000-b70d4000 r-xp 00000000 08:01 1839591    /usr/lib/jvm/java-6-openjdk-i386/jre/lib/i386/server/libjvm.so
b70d4000-b7119000 r--p 0081f000 08:01 1839591    /usr/lib/jvm/java-6-openjdk-i386/jre/lib/i386/server/libjvm.so
b7119000-b7128000 rw-p 00864000 08:01 1839591    /usr/lib/jvm/java-6-openjdk-i386/jre/lib/i386/server/libjvm.so
b7128000-b7544000 rw-p 00000000 00:00 0 
b7544000-b7558000 r-xp 00000000 08:01 252336     /lib/i386-linux-gnu/libz.so.1.2.3.4
b7558000-b7559000 r--p 00013000 08:01 252336     /lib/i386-linux-gnu/libz.so.1.2.3.4
b7559000-b755a000 rw-p 00014000 08:01 252336     /lib/i386-linux-gnu/libz.so.1.2.3.4
b755a000-b76fe000 r-xp 00000000 08:01 255739     /lib/i386-linux-gnu/libc-2.15.so
b76fe000-b7700000 r--p 001a4000 08:01 255739     /lib/i386-linux-gnu/libc-2.15.so
b7700000-b7701000 rw-p 001a6000 08:01 255739     /lib/i386-linux-gnu/libc-2.15.so
b7701000-b7704000 rw-p 00000000 00:00 0 
b7704000-b7707000 r-xp 00000000 08:01 255738     /lib/i386-linux-gnu/libdl-2.15.so
b7707000-b7708000 r--p 00002000 08:01 255738     /lib/i386-linux-gnu/libdl-2.15.so
b7708000-b7709000 rw-p 00003000 08:01 255738     /lib/i386-linux-gnu/libdl-2.15.so
b7709000-b770d000 r-xp 00000000 08:01 1839611    /usr/lib/jvm/java-6-openjdk-i386/jre/lib/i386/jli/libjli.so
b770d000-b770e000 r--p 00003000 08:01 1839611    /usr/lib/jvm/java-6-openjdk-i386/jre/lib/i386/jli/libjli.so
b770e000-b770f000 rw-p 00004000 08:01 1839611    /usr/lib/jvm/java-6-openjdk-i386/jre/lib/i386/jli/libjli.so
b770f000-b7710000 rw-p 00000000 00:00 0 
b7710000-b7727000 r-xp 00000000 08:01 252406     /lib/i386-linux-gnu/libpthread-2.15.so
b7727000-b7728000 r--p 00016000 08:01 252406     /lib/i386-linux-gnu/libpthread-2.15.so
b7728000-b7729000 rw-p 00017000 08:01 252406     /lib/i386-linux-gnu/libpthread-2.15.so
b7729000-b772b000 rw-p 00000000 00:00 0 
b772b000-b772d000 r--s 00001000 08:01 1838990    /usr/lib/jvm/java-6-openjdk-common/jre/lib/ext/dnsns.jar
b772d000-b7730000 r--s 00031000 08:01 1838991    /usr/lib/jvm/java-6-openjdk-common/jre/lib/ext/sunjce_provider.jar
b7730000-b7731000 r--p 005e0000 08:01 19412      /usr/lib/locale/locale-archive
b7731000-b7732000 rw-p 00000000 00:00 0 
b7732000-b7733000 r--p 00000000 00:00 0 
b7733000-b773e000 r-xp 00000000 08:01 1839627    /usr/lib/jvm/java-6-openjdk-i386/jre/lib/i386/libverify.so
b773e000-b773f000 ---p 0000b000 08:01 1839627    /usr/lib/jvm/java-6-openjdk-i386/jre/lib/i386/libverify.so
b773f000-b7740000 r--p 0000b000 08:01 1839627    /usr/lib/jvm/java-6-openjdk-i386/jre/lib/i386/libverify.so
b7740000-b7741000 rw-p 0000c000 08:01 1839627    /usr/lib/jvm/java-6-openjdk-i386/jre/lib/i386/libverify.so
b7741000-b7743000 rw-p 00000000 00:00 0 
b7743000-b7744000 r-xp 00000000 00:00 0          [vdso]
b7744000-b7764000 r-xp 00000000 08:01 252407     /lib/i386-linux-gnu/ld-2.15.so
b7764000-b7765000 r--p 0001f000 08:01 252407     /lib/i386-linux-gnu/ld-2.15.so
b7765000-b7766000 rw-p 00020000 08:01 252407     /lib/i386-linux-gnu/ld-2.15.so
bf968000-bf98a000 rw-p 00000000 00:00 0          [stack]

VM Arguments:
jvm_args: -Dfile.encoding=UTF-8 
java_command: com.adp.clocks.synergy2416.demo.MainWindow psplash:res/Background.png
Launcher Type: SUN_STANDARD

Environment Variables:
PATH=/usr/lib/lightdm/lightdm:/usr/local/sbin:/usr/local/bin:/usr/sbin:/usr/bin:/sbin:/bin:/usr/games
LD_LIBRARY_PATH=/usr/lib/jvm/java-6-openjdk-i386/jre/lib/i386/server:/usr/lib/jvm/java-6-openjdk-i386/jre/lib/i386:/usr/lib/jvm/java-6-openjdk-i386/jre/../lib/i386:/usr/lib/jni
SHELL=/bin/bash
DISPLAY=:0

Signal Handlers:
SIGSEGV: [libjvm.so+0x66e740], sa_mask[0]=0x7ffbfeff, sa_flags=0x10000004
SIGBUS: [libjvm.so+0x66e740], sa_mask[0]=0x7ffbfeff, sa_flags=0x10000004
SIGFPE: [libjvm.so+0x530480], sa_mask[0]=0x7ffbfeff, sa_flags=0x10000004
SIGPIPE: [libjvm.so+0x530480], sa_mask[0]=0x7ffbfeff, sa_flags=0x10000004
SIGXFSZ: [libjvm.so+0x530480], sa_mask[0]=0x7ffbfeff, sa_flags=0x10000004
SIGILL: [libjvm.so+0x530480], sa_mask[0]=0x7ffbfeff, sa_flags=0x10000004
SIGUSR1: SIG_DFL, sa_mask[0]=0x00000000, sa_flags=0x00000000
SIGUSR2: [libjvm.so+0x530310], sa_mask[0]=0x00000004, sa_flags=0x10000004
SIGHUP: [libjvm.so+0x5332a0], sa_mask[0]=0x7ffbfeff, sa_flags=0x10000004
SIGINT: [libjvm.so+0x5332a0], sa_mask[0]=0x7ffbfeff, sa_flags=0x10000004
SIGTERM: [libjvm.so+0x5332a0], sa_mask[0]=0x7ffbfeff, sa_flags=0x10000004
SIGQUIT: [libjvm.so+0x5332a0], sa_mask[0]=0x7ffbfeff, sa_flags=0x10000004


---------------  S Y S T E M  ---------------

OS:Ubuntu 12.04 (precise)
uname:Linux 3.8.0-35-generic #52~precise1-Ubuntu SMP Thu Jan 30 17:27:28 UTC 2014 i686
libc:glibc 2.15 NPTL 2.15 
rlimit: STACK 8192k, CORE 0k, NPROC 64475, NOFILE 4096, AS infinity
load average:0.36 0.62 1.28

/proc/meminfo:
MemTotal:        8269392 kB
MemFree:          583284 kB
Buffers:          275636 kB
Cached:          6299632 kB
SwapCached:            0 kB
Active:          4197392 kB
Inactive:        3225724 kB
Active(anon):     848764 kB
Inactive(anon):     2168 kB
Active(file):    3348628 kB
Inactive(file):  3223556 kB
Unevictable:          16 kB
Mlocked:              16 kB
HighTotal:       7457720 kB
HighFree:         443456 kB
LowTotal:         811672 kB
LowFree:          139828 kB
SwapTotal:             0 kB
SwapFree:              0 kB
Dirty:              6320 kB
Writeback:             0 kB
AnonPages:        847752 kB
Mapped:           251036 kB
Shmem:              3084 kB
Slab:             173160 kB
SReclaimable:     144572 kB
SUnreclaim:        28588 kB
KernelStack:        5184 kB
PageTables:        10924 kB
NFS_Unstable:          0 kB
Bounce:                0 kB
WritebackTmp:          0 kB
CommitLimit:     4134696 kB
Committed_AS:    4134372 kB
VmallocTotal:     122880 kB
VmallocUsed:       60944 kB
VmallocChunk:      54772 kB
HardwareCorrupted:     0 kB
AnonHugePages:         0 kB
HugePages_Total:       0
HugePages_Free:        0
HugePages_Rsvd:        0
HugePages_Surp:        0
Hugepagesize:       2048 kB
DirectMap4k:      206840 kB
DirectMap2M:      706560 kB


CPU:total 8 (4 cores per cpu, 2 threads per core) family 6 model 42 stepping 7, cmov, cx8, fxsr, mmx, sse, sse2, sse3, ssse3, sse4.1, sse4.2, popcnt, ht

Memory: 4k page, physical 8269392k(583284k free), swap 0k(0k free)

vm_info: OpenJDK Server VM (20.0-b12) for linux-x86 JRE (1.6.0_27-b27), built on Nov 16 2013 15:21:31 by "buildd" with gcc 4.6.3

time: Wed Feb 19 10:34:03 2014
elapsed time: 1 seconds

