#
# A fatal error has been detected by the Java Runtime Environment:
#
#  SIGSEGV (0xb) at pc=0x68823980, pid=3960, tid=1758563136
#
# JRE version: 6.0_27-b27
# Java VM: OpenJDK Server VM (20.0-b12 mixed mode linux-x86 )
# Derivative: IcedTea6 1.12.6
# Distribution: Ubuntu 12.04 LTS, package 6b27-1.12.6-1ubuntu0.12.04.4
# Problematic frame:
# C  [libsynergy2416.so+0x4980]  _get_pos+0x31
#
# If you would like to submit a bug report, please include
# instructions how to reproduce the bug and visit:
#   https://bugs.launchpad.net/ubuntu/+source/openjdk-6/
# The crash happened outside the Java Virtual Machine in native code.
# See problematic frame for where to report the bug.
#

---------------  T H R E A D  ---------------

Current thread (0x69cbc000):  JavaThread "SwingWorker-pool-2-thread-1" [_thread_in_native, id=4004, stack(0x68cc8000,0x68d19000)]

siginfo:si_signo=SIGSEGV: si_errno=0, si_code=1 (SEGV_MAPERR), si_addr=0x00000000

Registers:
EAX=0x00000000, EBX=0x6c016e88, ECX=0x00000000, EDX=0x00000000
ESP=0x68d17bf8, EBP=0x68d17c08, ESI=0x6c016e88, EDI=0x69cbc000
EIP=0x68823980, EFLAGS=0x00210297, CR2=0x00000000

Top of Stack: (sp=0x68d17bf8)
0x68d17bf8:   b7616ac1 b7779ff4 6c016e88 00000000
0x68d17c08:   68d17c28 688243a1 0000007b 00000002
0x68d17c18:   68d17c3c 6c016e88 6c016e88 69cbc000
0x68d17c28:   68d17c58 68822d21 0000007b 00000002
0x68d17c38:   0000007b 00000002 00000000 00000002
0x68d17c48:   0000007b 69e00468 b360a548 69cbc000
0x68d17c58:   68d17c98 b360a64a 69cbc120 68d17ca0
0x68d17c68:   68d17cac 00000002 68d17cd8 68d17cd8 

Instructions: (pc=0x68823980)
0x68823960:   00 00 7e 07 a1 10 80 82 68 eb 69 c7 45 fc 00 00
0x68823970:   00 00 eb 50 8b 15 e4 8a 82 68 8b 45 fc 8d 04 02
0x68823980:   0f b6 00 84 c0 74 39 8b 15 e0 8a 82 68 8b 45 fc
0x68823990:   69 c0 7c 05 00 00 8d 04 02 8b 10 8b 45 08 39 c2 

Register to memory mapping:

EAX=0x00000000 is an unknown value
EBX=0x6c016e88 is an oop
{method} 
 - klass: {other class}
ECX=0x00000000 is an unknown value
EDX=0x00000000 is an unknown value
ESP=0x68d17bf8 is pointing into the stack for thread: 0x69cbc000
EBP=0x68d17c08 is pointing into the stack for thread: 0x69cbc000
ESI=0x6c016e88 is an oop
{method} 
 - klass: {other class}
EDI=0x69cbc000 is a thread


Stack: [0x68cc8000,0x68d19000],  sp=0x68d17bf8,  free space=318k
Native frames: (J=compiled Java code, j=interpreted, Vv=VM code, C=native code)
C  [libsynergy2416.so+0x4980]  _get_pos+0x31
C  [libsynergy2416.so+0x53a1]  hlpCheckFingerNum+0x18
C  [libsynergy2416.so+0x3d21]  Java_com_adp_clocks_synergy2416_demo_FPU_FP_1GET_1BADGE_1STATUS+0x7b
j  com.adp.clocks.synergy2416.demo.FPU.FP_GET_BADGE_STATUS(Ljava/lang/String;I)I+0
j  com.adp.clocks.synergy2416.demo.FPU.badgeStatus(Ljava/lang/String;I)Ljava/lang/String;+2
j  com.adp.clocks.synergy2416.demo.FingerPrintDemoForm$FingerPrintBadgeStatus.doInBackground()Ljava/lang/String;+14
j  com.adp.clocks.synergy2416.demo.FingerPrintDemoForm$FingerPrintBadgeStatus.doInBackground()Ljava/lang/Object;+1
j  javax.swing.SwingWorker$1.call()Ljava/lang/Object;+14
j  java.util.concurrent.FutureTask$Sync.innerRun()V+29
j  java.util.concurrent.FutureTask.run()V+4
j  javax.swing.SwingWorker.run()V+4
j  java.util.concurrent.ThreadPoolExecutor.runWorker(Ljava/util/concurrent/ThreadPoolExecutor$Worker;)V+95
j  java.util.concurrent.ThreadPoolExecutor$Worker.run()V+5
j  java.lang.Thread.run()V+11
v  ~StubRoutines::call_stub
V  [libjvm.so+0x39b846]  JavaCalls::call_helper(JavaValue*, methodHandle*, JavaCallArguments*, Thread*)+0x2c6

Java frames: (J=compiled Java code, j=interpreted, Vv=VM code)
j  com.adp.clocks.synergy2416.demo.FPU.FP_GET_BADGE_STATUS(Ljava/lang/String;I)I+0
j  com.adp.clocks.synergy2416.demo.FPU.badgeStatus(Ljava/lang/String;I)Ljava/lang/String;+2
j  com.adp.clocks.synergy2416.demo.FingerPrintDemoForm$FingerPrintBadgeStatus.doInBackground()Ljava/lang/String;+14
j  com.adp.clocks.synergy2416.demo.FingerPrintDemoForm$FingerPrintBadgeStatus.doInBackground()Ljava/lang/Object;+1
j  javax.swing.SwingWorker$1.call()Ljava/lang/Object;+14
j  java.util.concurrent.FutureTask$Sync.innerRun()V+29
j  java.util.concurrent.FutureTask.run()V+4
j  javax.swing.SwingWorker.run()V+4
j  java.util.concurrent.ThreadPoolExecutor.runWorker(Ljava/util/concurrent/ThreadPoolExecutor$Worker;)V+95
j  java.util.concurrent.ThreadPoolExecutor$Worker.run()V+5
j  java.lang.Thread.run()V+11
v  ~StubRoutines::call_stub

---------------  P R O C E S S  ---------------

Java Threads: ( => current thread )
=>0x69cbc000 JavaThread "SwingWorker-pool-2-thread-1" [_thread_in_native, id=4004, stack(0x68cc8000,0x68d19000)]
  0x67c02400 JavaThread "pool-1-thread-3" [_thread_blocked, id=4003, stack(0x67d4d000,0x67d9e000)]
  0x67c01400 JavaThread "pool-1-thread-2" [_thread_blocked, id=4002, stack(0x67d9e000,0x67def000)]
  0x6a620c00 JavaThread "PulseAudio Eventloop Thread" daemon [_thread_in_native, id=4001, stack(0x67def000,0x67e40000)]
  0xb6605c00 JavaThread "DestroyJavaVM" [_thread_blocked, id=3965, stack(0xb67ae000,0xb67ff000)]
  0x683ef800 JavaThread "pool-1-thread-1" [_thread_blocked, id=3990, stack(0x68829000,0x6887a000)]
  0x68aa3000 JavaThread "Timer-0" [_thread_blocked, id=3989, stack(0x68c26000,0x68c77000)]
  0x68a57000 JavaThread "TimerQueue" daemon [_thread_blocked, id=3988, stack(0x68c77000,0x68cc8000)]
  0x68e30400 JavaThread "AWT-EventQueue-0" [_thread_blocked, id=3985, stack(0x6914f000,0x691a0000)]
  0x68e2f400 JavaThread "AWT-Shutdown" [_thread_blocked, id=3984, stack(0x691a0000,0x691f1000)]
  0x68e2d800 JavaThread "AWT-XAWT" daemon [_thread_in_native, id=3983, stack(0x6972e000,0x6977f000)]
  0x6987ac00 JavaThread "Java2D Disposer" daemon [_thread_blocked, id=3982, stack(0x69f19000,0x69f6a000)]
  0x69806400 JavaThread "Low Memory Detector" daemon [_thread_blocked, id=3980, stack(0x6a72e000,0x6a77f000)]
  0x69804800 JavaThread "C2 CompilerThread1" daemon [_thread_blocked, id=3979, stack(0x6977f000,0x69800000)]
  0x69802800 JavaThread "C2 CompilerThread0" daemon [_thread_blocked, id=3978, stack(0x69f6a000,0x69feb000)]
  0x69801400 JavaThread "Signal Dispatcher" daemon [_thread_blocked, id=3977, stack(0x6a92e000,0x6a97f000)]
  0xb66f0c00 JavaThread "Finalizer" daemon [_thread_blocked, id=3976, stack(0x6ab2e000,0x6ab7f000)]
  0xb66ef400 JavaThread "Reference Handler" daemon [_thread_blocked, id=3975, stack(0x6ae2e000,0x6ae7f000)]

Other Threads:
  0xb66ec800 VMThread [stack: 0x69feb000,0x6a06c000] [id=3974]
  0x69810400 WatcherThread [stack: 0x6947f000,0x69500000] [id=3981]

VM state:not at safepoint (normal execution)

VM Mutex/Monitor currently owned by a thread: None

Heap
 PSYoungGen      total 19136K, used 16388K [0x9dff0000, 0x9f540000, 0xb3540000)
  eden space 16448K, 83% used [0x9dff0000,0x9ed52630,0x9f000000)
  from space 2688K, 99% used [0x9f000000,0x9f29ed50,0x9f2a0000)
  to   space 2688K, 0% used [0x9f2a0000,0x9f2a0000,0x9f540000)
 PSOldGen        total 43712K, used 506K [0x73540000, 0x75ff0000, 0x9dff0000)
  object space 43712K, 1% used [0x73540000,0x735be810,0x75ff0000)
 PSPermGen       total 16384K, used 12269K [0x6b540000, 0x6c540000, 0x73540000)
  object space 16384K, 74% used [0x6b540000,0x6c13b678,0x6c540000)

Code Cache  [0xb3600000, 0xb3840000, 0xb6600000)
 total_blobs=351 nmethods=111 adapters=194 free_code_cache=49701632 largest_free_block=8768

Dynamic libraries:
08048000-08051000 r-xp 00000000 08:01 1839571    /usr/lib/jvm/java-6-openjdk-i386/jre/bin/java
08051000-08052000 r--p 00008000 08:01 1839571    /usr/lib/jvm/java-6-openjdk-i386/jre/bin/java
08052000-08053000 rw-p 00009000 08:01 1839571    /usr/lib/jvm/java-6-openjdk-i386/jre/bin/java
08c66000-08c87000 rw-p 00000000 00:00 0          [heap]
5f697000-63698000 rw-s 00000000 00:12 35164      /run/shm/pulse-shm-326985117
63698000-63699000 ---p 00000000 00:00 0 
63699000-63e99000 rw-p 00000000 00:00 0 
67c00000-67c31000 rw-p 00000000 00:00 0 
67c31000-67d00000 ---p 00000000 00:00 0 
67d4d000-67d50000 ---p 00000000 00:00 0 
67d50000-67d9e000 rw-p 00000000 00:00 0          [stack:4003]
67d9e000-67da1000 ---p 00000000 00:00 0 
67da1000-67def000 rw-p 00000000 00:00 0          [stack:4002]
67def000-67df2000 ---p 00000000 00:00 0 
67df2000-67e40000 rw-p 00000000 00:00 0          [stack:4001]
67e40000-67e4d000 r-xp 00000000 08:01 1839792    /usr/lib/jvm/java-6-openjdk-i386/jre/lib/i386/libpulse-java.so
67e4d000-67e4e000 r--p 0000c000 08:01 1839792    /usr/lib/jvm/java-6-openjdk-i386/jre/lib/i386/libpulse-java.so
67e4e000-67e4f000 rw-p 0000d000 08:01 1839792    /usr/lib/jvm/java-6-openjdk-i386/jre/lib/i386/libpulse-java.so
67e4f000-67e9a000 rw-s 00000000 00:04 1835016    /SYSV00000000 (deleted)
67ee5000-67ef8000 r-xp 00000000 08:01 252403     /lib/i386-linux-gnu/libresolv-2.15.so
67ef8000-67ef9000 ---p 00013000 08:01 252403     /lib/i386-linux-gnu/libresolv-2.15.so
67ef9000-67efa000 r--p 00013000 08:01 252403     /lib/i386-linux-gnu/libresolv-2.15.so
67efa000-67efb000 rw-p 00014000 08:01 252403     /lib/i386-linux-gnu/libresolv-2.15.so
67efb000-67efd000 rw-p 00000000 00:00 0 
67efd000-67f26000 r-xp 00000000 08:01 17362      /usr/lib/i386-linux-gnu/libvorbis.so.0.4.5
67f26000-67f27000 r--p 00028000 08:01 17362      /usr/lib/i386-linux-gnu/libvorbis.so.0.4.5
67f27000-67f28000 rw-p 00029000 08:01 17362      /usr/lib/i386-linux-gnu/libvorbis.so.0.4.5
67f28000-6808e000 r-xp 00000000 08:01 17364      /usr/lib/i386-linux-gnu/libvorbisenc.so.2.0.8
6808e000-6809f000 r--p 00165000 08:01 17364      /usr/lib/i386-linux-gnu/libvorbisenc.so.2.0.8
6809f000-680a0000 rw-p 00176000 08:01 17364      /usr/lib/i386-linux-gnu/libvorbisenc.so.2.0.8
680a0000-680ec000 r-xp 00000000 08:01 16731      /usr/lib/i386-linux-gnu/libFLAC.so.8.2.0
680ec000-680ed000 r--p 0004b000 08:01 16731      /usr/lib/i386-linux-gnu/libFLAC.so.8.2.0
680ed000-680ee000 rw-p 0004c000 08:01 16731      /usr/lib/i386-linux-gnu/libFLAC.so.8.2.0
680ee000-6815a000 r-xp 00000000 08:01 17307      /usr/lib/i386-linux-gnu/libsndfile.so.1.0.25
6815a000-6815b000 r--p 0006c000 08:01 17307      /usr/lib/i386-linux-gnu/libsndfile.so.1.0.25
6815b000-6815c000 rw-p 0006d000 08:01 17307      /usr/lib/i386-linux-gnu/libsndfile.so.1.0.25
6815c000-68160000 rw-p 00000000 00:00 0 
68160000-681a7000 r-xp 00000000 08:01 252249     /lib/i386-linux-gnu/libdbus-1.so.3.5.8
681a7000-681a8000 r--p 00047000 08:01 252249     /lib/i386-linux-gnu/libdbus-1.so.3.5.8
681a8000-681a9000 rw-p 00048000 08:01 252249     /lib/i386-linux-gnu/libdbus-1.so.3.5.8
681a9000-6820c000 r-xp 00000000 08:01 12624      /usr/lib/i386-linux-gnu/libpulsecommon-1.1.so
6820c000-6820d000 r--p 00062000 08:01 12624      /usr/lib/i386-linux-gnu/libpulsecommon-1.1.so
6820d000-6820e000 rw-p 00063000 08:01 12624      /usr/lib/i386-linux-gnu/libpulsecommon-1.1.so
6820e000-682fb000 r-xp 00000000 08:01 16845      /usr/lib/i386-linux-gnu/libasound.so.2.0.0
682fb000-682ff000 r--p 000ec000 08:01 16845      /usr/lib/i386-linux-gnu/libasound.so.2.0.0
682ff000-68300000 rw-p 000f0000 08:01 16845      /usr/lib/i386-linux-gnu/libasound.so.2.0.0
68300000-683ff000 rw-p 00000000 00:00 0 
683ff000-68400000 ---p 00000000 00:00 0 
6840e000-68413000 r-xp 00000000 08:01 17411      /usr/lib/i386-linux-gnu/alsa-lib/libasound_module_pcm_pulse.so
68413000-68414000 r--p 00004000 08:01 17411      /usr/lib/i386-linux-gnu/alsa-lib/libasound_module_pcm_pulse.so
68414000-68415000 rw-p 00005000 08:01 17411      /usr/lib/i386-linux-gnu/alsa-lib/libasound_module_pcm_pulse.so
68415000-6841b000 r-xp 00000000 08:01 17212      /usr/lib/i386-linux-gnu/libogg.so.0.7.1
6841b000-6841c000 r--p 00005000 08:01 17212      /usr/lib/i386-linux-gnu/libogg.so.0.7.1
6841c000-6841d000 rw-p 00006000 08:01 17212      /usr/lib/i386-linux-gnu/libogg.so.0.7.1
6841d000-68425000 r-xp 00000000 08:01 252334     /lib/i386-linux-gnu/libwrap.so.0.7.6
68425000-68426000 r--p 00007000 08:01 252334     /lib/i386-linux-gnu/libwrap.so.0.7.6
68426000-68427000 rw-p 00008000 08:01 252334     /lib/i386-linux-gnu/libwrap.so.0.7.6
68427000-68473000 r-xp 00000000 08:01 12623      /usr/lib/i386-linux-gnu/libpulse.so.0.13.5
68473000-68474000 r--p 0004b000 08:01 12623      /usr/lib/i386-linux-gnu/libpulse.so.0.13.5
68474000-68475000 rw-p 0004c000 08:01 12623      /usr/lib/i386-linux-gnu/libpulse.so.0.13.5
68479000-68480000 r--s 00000000 08:01 14251      /usr/lib/i386-linux-gnu/gconv/gconv-modules.cache
6848b000-684ac000 r-xp 00000000 08:01 17358      /usr/lib/i386-linux-gnu/libv4lconvert.so.0
684ac000-684ad000 r--p 00021000 08:01 17358      /usr/lib/i386-linux-gnu/libv4lconvert.so.0
684ad000-684ae000 rw-p 00022000 08:01 17358      /usr/lib/i386-linux-gnu/libv4lconvert.so.0
684ae000-68500000 rw-p 00000000 00:00 0 
68700000-687fb000 rw-p 00000000 00:00 0 
687fb000-68800000 ---p 00000000 00:00 0 
68806000-6880c000 r-xp 00000000 08:01 17146      /usr/lib/i386-linux-gnu/libjson.so.0.0.1
6880c000-6880d000 r--p 00005000 08:01 17146      /usr/lib/i386-linux-gnu/libjson.so.0.0.1
6880d000-6880e000 rw-p 00006000 08:01 17146      /usr/lib/i386-linux-gnu/libjson.so.0.0.1
6880e000-6881d000 r-xp 00000000 08:01 1839790    /usr/lib/jvm/java-6-openjdk-i386/jre/lib/i386/libjsoundalsa.so
6881d000-6881e000 r--p 0000e000 08:01 1839790    /usr/lib/jvm/java-6-openjdk-i386/jre/lib/i386/libjsoundalsa.so
6881e000-6881f000 rw-p 0000f000 08:01 1839790    /usr/lib/jvm/java-6-openjdk-i386/jre/lib/i386/libjsoundalsa.so
6881f000-68827000 r-xp 00000000 08:01 524557     /usr/lib/jni/libsynergy2416.so
68827000-68828000 r--p 00007000 08:01 524557     /usr/lib/jni/libsynergy2416.so
68828000-68829000 rw-p 00008000 08:01 524557     /usr/lib/jni/libsynergy2416.so
68829000-6882c000 ---p 00000000 00:00 0 
6882c000-68900000 rw-p 00000000 00:00 0          [stack:3990]
68900000-689b0000 rw-p 00000000 00:00 0 
689b0000-68a00000 ---p 00000000 00:00 0 
68a00000-68af5000 rw-p 00000000 00:00 0 
68af5000-68b00000 ---p 00000000 00:00 0 
68b00000-68bf6000 rw-p 00000000 00:00 0 
68bf6000-68c00000 ---p 00000000 00:00 0 
68c00000-68c13000 r-xp 00000000 08:01 8712       /usr/lib/libvideo.so.0
68c13000-68c14000 r--p 00012000 08:01 8712       /usr/lib/libvideo.so.0
68c14000-68c15000 rw-p 00013000 08:01 8712       /usr/lib/libvideo.so.0
68c15000-68c24000 r-xp 00000000 08:01 524448     /usr/lib/jni/libv4l4j.so
68c24000-68c25000 r--p 0000e000 08:01 524448     /usr/lib/jni/libv4l4j.so
68c25000-68c26000 rw-p 0000f000 08:01 524448     /usr/lib/jni/libv4l4j.so
68c26000-68c29000 ---p 00000000 00:00 0 
68c29000-68c77000 rw-p 00000000 00:00 0          [stack:3989]
68c77000-68c7a000 ---p 00000000 00:00 0 
68c7a000-68cc8000 rw-p 00000000 00:00 0          [stack:3988]
68cc8000-68ccb000 ---p 00000000 00:00 0 
68ccb000-68d19000 rw-p 00000000 00:00 0          [stack:4004]
68d19000-68d67000 r--s 008b6000 08:01 2243423    /opt/eclipse-standard/plugins/com.ibm.icu_50.1.1.v201304230130.jar
68d67000-68da9000 r--s 00367000 08:01 2243377    /opt/eclipse-standard/plugins/org.eclipse.ui.workbench_3.105.1.v20130821-1411.jar
68da9000-68dee000 r-xp 00000000 08:01 11892      /usr/lib/i386-linux-gnu/libjpeg.so.8.0.2
68dee000-68def000 r--p 00044000 08:01 11892      /usr/lib/i386-linux-gnu/libjpeg.so.8.0.2
68def000-68df0000 rw-p 00045000 08:01 11892      /usr/lib/i386-linux-gnu/libjpeg.so.8.0.2
68df0000-68e00000 rw-p 00000000 00:00 0 
68e00000-68e31000 rw-p 00000000 00:00 0 
68e31000-68f00000 ---p 00000000 00:00 0 
68f00000-68ff4000 rw-p 00000000 00:00 0 
68ff4000-69000000 ---p 00000000 00:00 0 
69000000-690fa000 rw-p 00000000 00:00 0 
690fa000-69100000 ---p 00000000 00:00 0 
69100000-69105000 r-xp 00000000 08:01 16847      /usr/lib/i386-linux-gnu/libasyncns.so.0.3.1
69105000-69106000 r--p 00004000 08:01 16847      /usr/lib/i386-linux-gnu/libasyncns.so.0.3.1
69106000-69107000 rw-p 00005000 08:01 16847      /usr/lib/i386-linux-gnu/libasyncns.so.0.3.1
69107000-6910f000 r-xp 00000000 08:01 1839626    /usr/lib/jvm/java-6-openjdk-i386/jre/lib/i386/libnio.so
6910f000-69110000 r--p 00007000 08:01 1839626    /usr/lib/jvm/java-6-openjdk-i386/jre/lib/i386/libnio.so
69110000-69111000 rw-p 00008000 08:01 1839626    /usr/lib/jvm/java-6-openjdk-i386/jre/lib/i386/libnio.so
69111000-69126000 r-xp 00000000 08:01 1839614    /usr/lib/jvm/java-6-openjdk-i386/jre/lib/i386/libnet.so
69126000-69127000 r--p 00014000 08:01 1839614    /usr/lib/jvm/java-6-openjdk-i386/jre/lib/i386/libnet.so
69127000-69128000 rw-p 00015000 08:01 1839614    /usr/lib/jvm/java-6-openjdk-i386/jre/lib/i386/libnet.so
69128000-6913b000 r--s 000e0000 08:01 2243213    /opt/eclipse-standard/plugins/org.eclipse.jface.text_3.8.101.v20130802-1147.jar
6913b000-6914f000 r--s 000f9000 08:01 2243526    /opt/eclipse-standard/plugins/org.eclipse.jface_3.9.1.v20130725-1141.jar
6914f000-69152000 ---p 00000000 00:00 0 
69152000-691a0000 rw-p 00000000 00:00 0          [stack:3985]
691a0000-691a3000 ---p 00000000 00:00 0 
691a3000-691f1000 rw-p 00000000 00:00 0          [stack:3984]
691f1000-69286000 r-xp 00000000 08:01 16989      /usr/lib/i386-linux-gnu/libfreetype.so.6.8.0
69286000-6928a000 r--p 00094000 08:01 16989      /usr/lib/i386-linux-gnu/libfreetype.so.6.8.0
6928a000-6928b000 rw-p 00098000 08:01 16989      /usr/lib/i386-linux-gnu/libfreetype.so.6.8.0
6928b000-693bb000 r-xp 00000000 08:01 14323      /usr/lib/i386-linux-gnu/libX11.so.6.3.0
693bb000-693bc000 r--p 0012f000 08:01 14323      /usr/lib/i386-linux-gnu/libX11.so.6.3.0
693bc000-693be000 rw-p 00130000 08:01 14323      /usr/lib/i386-linux-gnu/libX11.so.6.3.0
693be000-693bf000 rw-p 00000000 00:00 0 
693bf000-69453000 r-xp 00000000 08:01 1839605    /usr/lib/jvm/java-6-openjdk-i386/jre/lib/i386/libawt.so
69453000-69454000 r--p 00093000 08:01 1839605    /usr/lib/jvm/java-6-openjdk-i386/jre/lib/i386/libawt.so
69454000-6945b000 rw-p 00094000 08:01 1839605    /usr/lib/jvm/java-6-openjdk-i386/jre/lib/i386/libawt.so
6945b000-6947f000 rw-p 00000000 00:00 0 
6947f000-69480000 ---p 00000000 00:00 0 
69480000-69500000 rw-p 00000000 00:00 0          [stack:3981]
69500000-695f9000 rw-p 00000000 00:00 0 
695f9000-69600000 ---p 00000000 00:00 0 
69600000-696e7000 rw-p 00000000 00:00 0 
696e7000-69700000 ---p 00000000 00:00 0 
69704000-6972c000 r-xp 00000000 08:01 252306     /lib/i386-linux-gnu/libpng12.so.0.46.0
6972c000-6972d000 r--p 00027000 08:01 252306     /lib/i386-linux-gnu/libpng12.so.0.46.0
6972d000-6972e000 rw-p 00028000 08:01 252306     /lib/i386-linux-gnu/libpng12.so.0.46.0
6972e000-69731000 ---p 00000000 00:00 0 
69731000-6977f000 rw-p 00000000 00:00 0          [stack:3983]
6977f000-69782000 ---p 00000000 00:00 0 
69782000-69800000 rw-p 00000000 00:00 0          [stack:3979]
69800000-698fa000 rw-p 00000000 00:00 0 
698fa000-69900000 ---p 00000000 00:00 0 
69900000-69921000 rw-p 00000000 00:00 0 
69921000-69a00000 ---p 00000000 00:00 0 
69a00000-69c00000 r--p 00000000 08:01 19412      /usr/lib/locale/locale-archive
69c00000-69ce7000 rw-p 00000000 00:00 0 
69ce7000-69d00000 ---p 00000000 00:00 0 
69d00000-69d21000 rw-p 00000000 00:00 0 
69d21000-69e00000 ---p 00000000 00:00 0 
69e00000-69e76000 rw-p 00000000 00:00 0 
69e76000-69f00000 ---p 00000000 00:00 0 
69f01000-69f02000 r-xp 00000000 08:01 1839628    /usr/lib/jvm/java-6-openjdk-i386/jre/lib/i386/libjsound.so
69f02000-69f03000 r--p 00000000 08:01 1839628    /usr/lib/jvm/java-6-openjdk-i386/jre/lib/i386/libjsound.so
69f03000-69f04000 rw-p 00001000 08:01 1839628    /usr/lib/jvm/java-6-openjdk-i386/jre/lib/i386/libjsound.so
69f04000-69f19000 r--s 0023a000 08:01 2243675    /opt/eclipse-standard/plugins/org.eclipse.swt.gtk.linux.x86_3.102.1.v20130827-2048.jar
69f19000-69f1c000 ---p 00000000 00:00 0 
69f1c000-69f6a000 rw-p 00000000 00:00 0          [stack:3982]
69f6a000-69f6d000 ---p 00000000 00:00 0 
69f6d000-69feb000 rw-p 00000000 00:00 0          [stack:3978]
69feb000-69fec000 ---p 00000000 00:00 0 
69fec000-6a06c000 rw-p 00000000 00:00 0          [stack:3974]
6a06c000-6a200000 r--s 03822000 08:01 1839584    /usr/lib/jvm/java-6-openjdk-i386/jre/lib/rt.jar
6a200000-6a221000 rw-p 00000000 00:00 0 
6a221000-6a300000 ---p 00000000 00:00 0 
6a302000-6a305000 r--s 0007f000 08:01 1839014    /usr/lib/jvm/java-6-openjdk-common/jre/lib/jsse.jar
6a305000-6a308000 r--s 00019000 08:01 864259     /home/chaol/workspace-java/ADP-Demo-GUI/src/com/adp/clocks/synergy2416/res/v4l4j.jar
6a308000-6a30d000 r--s 00045000 08:01 2243421    /opt/eclipse-standard/plugins/org.eclipse.ui.forms_3.6.1.v20130822-1117.jar
6a30d000-6a312000 r--s 00038000 08:01 2243571    /opt/eclipse-standard/plugins/org.eclipse.text_3.5.300.v20130515-1451.jar
6a312000-6a315000 r--s 0002a000 08:01 2243555    /opt/eclipse-standard/plugins/org.eclipse.equinox.registry_3.5.301.v20130717-1549.jar
6a315000-6a31d000 r-xp 00000000 08:01 1839774    /usr/lib/i386-linux-gnu/libgif.so.4.1.6
6a31d000-6a31e000 r--p 00007000 08:01 1839774    /usr/lib/i386-linux-gnu/libgif.so.4.1.6
6a31e000-6a31f000 rw-p 00008000 08:01 1839774    /usr/lib/i386-linux-gnu/libgif.so.4.1.6
6a321000-6a335000 r--s 00140000 08:01 2243684    /opt/eclipse-standard/plugins/org.eclipse.osgi_3.9.1.v20130814-1242.jar
6a335000-6a37d000 r-xp 00000000 08:01 1839595    /usr/lib/jvm/java-6-openjdk-i386/jre/lib/i386/libfontmanager.so
6a37d000-6a37e000 r--p 00048000 08:01 1839595    /usr/lib/jvm/java-6-openjdk-i386/jre/lib/i386/libfontmanager.so
6a37e000-6a37f000 rw-p 00049000 08:01 1839595    /usr/lib/jvm/java-6-openjdk-i386/jre/lib/i386/libfontmanager.so
6a37f000-6a380000 ---p 00000000 00:00 0 
6a380000-6a400000 rw-p 00000000 00:00 0          [stack:3973]
6a400000-6a421000 rw-p 00000000 00:00 0 
6a421000-6a500000 ---p 00000000 00:00 0 
6a502000-6a506000 r-xp 00000000 08:01 13641      /usr/lib/i386-linux-gnu/libXfixes.so.3.1.0
6a506000-6a507000 r--p 00004000 08:01 13641      /usr/lib/i386-linux-gnu/libXfixes.so.3.1.0
6a507000-6a508000 rw-p 00005000 08:01 13641      /usr/lib/i386-linux-gnu/libXfixes.so.3.1.0
6a508000-6a509000 r--s 00000000 08:01 3570       /var/cache/fontconfig/c05880de57d1f5e948fdfacc138775d9-le32d4.cache-3
6a509000-6a50f000 r--s 00000000 08:01 3565       /var/cache/fontconfig/945677eb7aeaf62f1d50efc3fb3ec7d8-le32d4.cache-3
6a50f000-6a512000 r--s 00000000 08:01 519519     /var/cache/fontconfig/99e8ed0e538f840c565b6ed5dad60d56-le32d4.cache-3
6a512000-6a515000 r--s 00000000 08:01 3552       /var/cache/fontconfig/2cd17615ca594fa2959ae173292e504c-le32d4.cache-3
6a515000-6a516000 r--s 00000000 08:01 3577       /var/cache/fontconfig/e7071f4a29fa870f4323321c154eba04-le32d4.cache-3
6a516000-6a51a000 r--s 00000000 08:01 3567       /var/cache/fontconfig/a755afe4a08bf5b97852ceb7400b47bc-le32d4.cache-3
6a51a000-6a521000 r--s 00000000 08:01 1579180    /var/cache/fontconfig/6d41288fd70b0be22e8c3a91e032eec0-le32d4.cache-3
6a521000-6a52c000 r--s 00000000 08:01 3549       /var/cache/fontconfig/04aabc0a78ac019cf9454389977116d2-le32d4.cache-3
6a52c000-6a52f000 r--s 00000000 08:01 3555       /var/cache/fontconfig/385c0604a188198f04d133e54aba7fe7-le32d4.cache-3
6a52f000-6a57b000 r-xp 00000000 08:01 1839789    /usr/lib/jvm/java-6-openjdk-i386/jre/lib/i386/xawt/libmawt.so
6a57b000-6a57c000 r--p 0004b000 08:01 1839789    /usr/lib/jvm/java-6-openjdk-i386/jre/lib/i386/xawt/libmawt.so
6a57c000-6a57e000 rw-p 0004c000 08:01 1839789    /usr/lib/jvm/java-6-openjdk-i386/jre/lib/i386/xawt/libmawt.so
6a57e000-6a57f000 rw-p 00000000 00:00 0 
6a57f000-6a580000 ---p 00000000 00:00 0 
6a580000-6a600000 rw-p 00000000 00:00 0          [stack:3972]
6a600000-6a62e000 rw-p 00000000 00:00 0 
6a62e000-6a700000 ---p 00000000 00:00 0 
6a700000-6a704000 r--s 00000000 08:01 3553       /var/cache/fontconfig/3047814df9a2f067bd2d96a2b9c36e5a-le32d4.cache-3
6a704000-6a706000 rw-p 00000000 00:00 0 
6a706000-6a70f000 r-xp 00000000 08:01 16793      /usr/lib/i386-linux-gnu/libXcursor.so.1.0.2
6a70f000-6a710000 r--p 00008000 08:01 16793      /usr/lib/i386-linux-gnu/libXcursor.so.1.0.2
6a710000-6a711000 rw-p 00009000 08:01 16793      /usr/lib/i386-linux-gnu/libXcursor.so.1.0.2
6a711000-6a713000 r--s 00010000 08:01 2243198    /opt/eclipse-standard/plugins/org.eclipse.core.runtime_3.9.0.v20130326-1255.jar
6a713000-6a716000 r--s 00018000 08:01 2243752    /opt/eclipse-standard/plugins/org.eclipse.equinox.common_3.6.200.v20130402-1505.jar
6a716000-6a719000 r--s 00018000 08:01 2243511    /opt/eclipse-standard/plugins/org.eclipse.core.commands_3.6.100.v20130515-1857.jar
6a719000-6a71a000 rw-p 00000000 00:00 0 
6a71a000-6a723000 r-xp 00000000 08:01 1839791    /usr/lib/jvm/java-6-openjdk-i386/jre/lib/i386/libsplashscreen.so
6a723000-6a724000 r--p 00008000 08:01 1839791    /usr/lib/jvm/java-6-openjdk-i386/jre/lib/i386/libsplashscreen.so
6a724000-6a725000 rw-p 00009000 08:01 1839791    /usr/lib/jvm/java-6-openjdk-i386/jre/lib/i386/libsplashscreen.so
6a725000-6a727000 rw-p 00000000 00:00 0 
6a727000-6a72e000 r--s 000fc000 08:01 1838998    /usr/lib/jvm/java-6-openjdk-common/jre/lib/resources.jar
6a72e000-6a731000 ---p 00000000 00:00 0 
6a731000-6a77f000 rw-p 00000000 00:00 0          [stack:3980]
6a77f000-6a780000 ---p 00000000 00:00 0 
6a780000-6a800000 rw-p 00000000 00:00 0          [stack:3971]
6a800000-6a821000 rw-p 00000000 00:00 0 
6a821000-6a900000 ---p 00000000 00:00 0 
6a900000-6a901000 r--s 00000000 08:01 3550       /var/cache/fontconfig/0d8c3b2ac0904cb8a57a757ad11a4a08-le32d4.cache-3
6a901000-6a902000 r--s 00000000 08:01 3572       /var/cache/fontconfig/4794a0821666d79190d59a36cb4f44b5-le32d4.cache-3
6a902000-6a903000 r--s 00000000 08:01 3570       /var/cache/fontconfig/c05880de57d1f5e948fdfacc138775d9-le32d4.cache-3
6a903000-6a909000 r--s 00000000 08:01 3565       /var/cache/fontconfig/945677eb7aeaf62f1d50efc3fb3ec7d8-le32d4.cache-3
6a909000-6a90c000 r--s 00000000 08:01 519519     /var/cache/fontconfig/99e8ed0e538f840c565b6ed5dad60d56-le32d4.cache-3
6a90c000-6a90f000 r--s 00000000 08:01 3552       /var/cache/fontconfig/2cd17615ca594fa2959ae173292e504c-le32d4.cache-3
6a90f000-6a910000 r--s 00000000 08:01 3577       /var/cache/fontconfig/e7071f4a29fa870f4323321c154eba04-le32d4.cache-3
6a910000-6a911000 r--s 00000000 08:01 3550       /var/cache/fontconfig/0d8c3b2ac0904cb8a57a757ad11a4a08-le32d4.cache-3
6a911000-6a915000 r--s 00000000 08:01 3567       /var/cache/fontconfig/a755afe4a08bf5b97852ceb7400b47bc-le32d4.cache-3
6a915000-6a91c000 r--s 00000000 08:01 1579180    /var/cache/fontconfig/6d41288fd70b0be22e8c3a91e032eec0-le32d4.cache-3
6a91c000-6a927000 r--s 00000000 08:01 3549       /var/cache/fontconfig/04aabc0a78ac019cf9454389977116d2-le32d4.cache-3
6a927000-6a92a000 r--s 00000000 08:01 3555       /var/cache/fontconfig/385c0604a188198f04d133e54aba7fe7-le32d4.cache-3
6a92a000-6a92e000 r--s 00000000 08:01 3553       /var/cache/fontconfig/3047814df9a2f067bd2d96a2b9c36e5a-le32d4.cache-3
6a92e000-6a931000 ---p 00000000 00:00 0 
6a931000-6a97f000 rw-p 00000000 00:00 0          [stack:3977]
6a97f000-6a980000 ---p 00000000 00:00 0 
6a980000-6aa00000 rw-p 00000000 00:00 0          [stack:3970]
6aa00000-6aa21000 rw-p 00000000 00:00 0 
6aa21000-6ab00000 ---p 00000000 00:00 0 
6ab00000-6ab04000 r--s 00000000 08:01 3568       /var/cache/fontconfig/b47c4e1ecd0709278f4910c18777a504-le32d4.cache-3
6ab04000-6ab07000 r--s 00000000 08:01 3564       /var/cache/fontconfig/8801497958630a81b71ace7c5f9b32a8-le32d4.cache-3
6ab07000-6ab08000 r--s 00000000 08:01 3558       /var/cache/fontconfig/56cf4f4769d0f4abc89a4895d7bd3ae1-le32d4.cache-3
6ab08000-6ab09000 r--s 00000000 08:01 3569       /var/cache/fontconfig/b9d506c9ac06c20b433354fa67a72993-le32d4.cache-3
6ab09000-6ab0d000 r--s 00000000 08:01 3568       /var/cache/fontconfig/b47c4e1ecd0709278f4910c18777a504-le32d4.cache-3
6ab0d000-6ab1a000 r--s 00000000 08:01 3573       /var/cache/fontconfig/d52a8644073d54c13679302ca1180695-le32d4.cache-3
6ab1a000-6ab23000 r--s 00000000 08:01 519518     /var/cache/fontconfig/089dead882dea3570ffc31a9898cfb69-le32d4.cache-3
6ab23000-6ab2b000 r--s 00000000 08:01 11176      /var/cache/fontconfig/e13b20fdb08344e0e664864cc2ede53d-le32d4.cache-3
6ab2b000-6ab2e000 r--s 00000000 08:01 519517     /var/cache/fontconfig/7ef2298fde41cc6eeb7af42e48b7d293-le32d4.cache-3
6ab2e000-6ab31000 ---p 00000000 00:00 0 
6ab31000-6ab7f000 rw-p 00000000 00:00 0          [stack:3976]
6ab7f000-6ab80000 ---p 00000000 00:00 0 
6ab80000-6ac00000 rw-p 00000000 00:00 0          [stack:3969]
6ac00000-6ac21000 rw-p 00000000 00:00 0 
6ac21000-6ad00000 ---p 00000000 00:00 0 
6ad00000-6ad21000 rw-p 00000000 00:00 0 
6ad21000-6ae00000 ---p 00000000 00:00 0 
6ae00000-6ae0d000 r--s 00000000 08:01 3573       /var/cache/fontconfig/d52a8644073d54c13679302ca1180695-le32d4.cache-3
6ae0d000-6ae2c000 r-xp 00000000 08:01 17393      /usr/lib/i386-linux-gnu/libxcb.so.1.1.0
6ae2c000-6ae2d000 r--p 0001f000 08:01 17393      /usr/lib/i386-linux-gnu/libxcb.so.1.1.0
6ae2d000-6ae2e000 rw-p 00020000 08:01 17393      /usr/lib/i386-linux-gnu/libxcb.so.1.1.0
6ae2e000-6ae31000 ---p 00000000 00:00 0 
6ae31000-6ae7f000 rw-p 00000000 00:00 0          [stack:3975]
6ae7f000-6ae80000 ---p 00000000 00:00 0 
6ae80000-6af00000 rw-p 00000000 00:00 0          [stack:3968]
6af00000-6af21000 rw-p 00000000 00:00 0 
6af21000-6b000000 ---p 00000000 00:00 0 
6b000000-6b003000 r--s 00000000 08:01 3564       /var/cache/fontconfig/8801497958630a81b71ace7c5f9b32a8-le32d4.cache-3
6b003000-6b008000 r-xp 00000000 08:01 16797      /usr/lib/i386-linux-gnu/libXdmcp.so.6.0.0
6b008000-6b009000 r--p 00004000 08:01 16797      /usr/lib/i386-linux-gnu/libXdmcp.so.6.0.0
6b009000-6b00a000 rw-p 00005000 08:01 16797      /usr/lib/i386-linux-gnu/libXdmcp.so.6.0.0
6b00a000-6b019000 r-xp 00000000 08:01 8381       /usr/lib/i386-linux-gnu/libXi.so.6.1.0
6b019000-6b01a000 r--p 0000e000 08:01 8381       /usr/lib/i386-linux-gnu/libXi.so.6.1.0
6b01a000-6b01b000 rw-p 0000f000 08:01 8381       /usr/lib/i386-linux-gnu/libXi.so.6.1.0
6b01b000-6b020000 r-xp 00000000 08:01 16825      /usr/lib/i386-linux-gnu/libXtst.so.6.1.0
6b020000-6b021000 r--p 00004000 08:01 16825      /usr/lib/i386-linux-gnu/libXtst.so.6.1.0
6b021000-6b022000 rw-p 00005000 08:01 16825      /usr/lib/i386-linux-gnu/libXtst.so.6.1.0
6b022000-6b032000 r-xp 00000000 08:01 16799      /usr/lib/i386-linux-gnu/libXext.so.6.4.0
6b032000-6b033000 r--p 0000f000 08:01 16799      /usr/lib/i386-linux-gnu/libXext.so.6.4.0
6b033000-6b034000 rw-p 00010000 08:01 16799      /usr/lib/i386-linux-gnu/libXext.so.6.4.0
6b034000-6b067000 rw-p 00000000 00:00 0 
6b067000-6b068000 ---p 00000000 00:00 0 
6b068000-6b0e8000 rw-p 00000000 00:00 0          [stack:3967]
6b0e8000-6b0e9000 ---p 00000000 00:00 0 
6b0e9000-6b171000 rw-p 00000000 00:00 0          [stack:3966]
6b171000-6b1a9000 rw-p 00000000 00:00 0 
6b1a9000-6b1bf000 rw-p 00000000 00:00 0 
6b1bf000-6b2ff000 rw-p 00000000 00:00 0 
6b2ff000-6b307000 rw-p 00000000 00:00 0 
6b307000-6b33f000 rw-p 00000000 00:00 0 
6b33f000-6b355000 rw-p 00000000 00:00 0 
6b355000-6b494000 rw-p 00000000 00:00 0 
6b494000-6b49f000 rw-p 00000000 00:00 0 
6b49f000-6b53f000 rw-p 00000000 00:00 0 
6b53f000-6c540000 rw-p 00000000 00:00 0 
6c540000-73540000 rw-p 00000000 00:00 0 
73540000-75ff0000 rw-p 00000000 00:00 0 
75ff0000-9dff0000 rw-p 00000000 00:00 0 
9dff0000-9f540000 rw-p 00000000 00:00 0 
9f540000-b3540000 rw-p 00000000 00:00 0 
b3540000-b3549000 rw-p 00000000 00:00 0 
b3549000-b3600000 rw-p 00000000 00:00 0 
b3600000-b3840000 rwxp 00000000 00:00 0 
b3840000-b6700000 rw-p 00000000 00:00 0 
b6700000-b6701000 r--s 00000000 08:01 3572       /var/cache/fontconfig/4794a0821666d79190d59a36cb4f44b5-le32d4.cache-3
b6701000-b6703000 r-xp 00000000 08:01 16786      /usr/lib/i386-linux-gnu/libXau.so.6.0.0
b6703000-b6704000 r--p 00001000 08:01 16786      /usr/lib/i386-linux-gnu/libXau.so.6.0.0
b6704000-b6705000 rw-p 00002000 08:01 16786      /usr/lib/i386-linux-gnu/libXau.so.6.0.0
b6705000-b670d000 r-xp 00000000 08:01 16821      /usr/lib/i386-linux-gnu/libXrender.so.1.3.0
b670d000-b670e000 r--p 00007000 08:01 16821      /usr/lib/i386-linux-gnu/libXrender.so.1.3.0
b670e000-b670f000 rw-p 00008000 08:01 16821      /usr/lib/i386-linux-gnu/libXrender.so.1.3.0
b670f000-b6710000 r--s 00000000 08:01 3558       /var/cache/fontconfig/56cf4f4769d0f4abc89a4895d7bd3ae1-le32d4.cache-3
b6710000-b6711000 r--s 00000000 08:01 3569       /var/cache/fontconfig/b9d506c9ac06c20b433354fa67a72993-le32d4.cache-3
b6711000-b671a000 r--s 00000000 08:01 519518     /var/cache/fontconfig/089dead882dea3570ffc31a9898cfb69-le32d4.cache-3
b671a000-b6722000 r--s 00000000 08:01 11176      /var/cache/fontconfig/e13b20fdb08344e0e664864cc2ede53d-le32d4.cache-3
b6722000-b6725000 r--s 00000000 08:01 519517     /var/cache/fontconfig/7ef2298fde41cc6eeb7af42e48b7d293-le32d4.cache-3
b6725000-b6727000 r--s 0000f000 08:01 1838988    /usr/lib/jvm/java-6-openjdk-common/jre/lib/ext/pulse-java.jar
b6727000-b672a000 r--s 00077000 08:01 1838989    /usr/lib/jvm/java-6-openjdk-common/jre/lib/ext/localedata.jar
b672a000-b6735000 r-xp 00000000 08:01 255736     /lib/i386-linux-gnu/libnss_files-2.15.so
b6735000-b6736000 r--p 0000a000 08:01 255736     /lib/i386-linux-gnu/libnss_files-2.15.so
b6736000-b6737000 rw-p 0000b000 08:01 255736     /lib/i386-linux-gnu/libnss_files-2.15.so
b6737000-b6741000 r-xp 00000000 08:01 255735     /lib/i386-linux-gnu/libnss_nis-2.15.so
b6741000-b6742000 r--p 00009000 08:01 255735     /lib/i386-linux-gnu/libnss_nis-2.15.so
b6742000-b6743000 rw-p 0000a000 08:01 255735     /lib/i386-linux-gnu/libnss_nis-2.15.so
b6743000-b6759000 r-xp 00000000 08:01 252399     /lib/i386-linux-gnu/libnsl-2.15.so
b6759000-b675a000 r--p 00015000 08:01 252399     /lib/i386-linux-gnu/libnsl-2.15.so
b675a000-b675b000 rw-p 00016000 08:01 252399     /lib/i386-linux-gnu/libnsl-2.15.so
b675b000-b675d000 rw-p 00000000 00:00 0 
b675d000-b6764000 r-xp 00000000 08:01 255737     /lib/i386-linux-gnu/libnss_compat-2.15.so
b6764000-b6765000 r--p 00006000 08:01 255737     /lib/i386-linux-gnu/libnss_compat-2.15.so
b6765000-b6766000 rw-p 00007000 08:01 255737     /lib/i386-linux-gnu/libnss_compat-2.15.so
b6766000-b6767000 r--s 00007000 08:01 1839824    /usr/share/java/java-atk-wrapper.jar
b6767000-b676b000 r--s 00039000 08:01 1838987    /usr/lib/jvm/java-6-openjdk-common/jre/lib/ext/sunpkcs11.jar
b676b000-b6772000 r-xp 00000000 08:01 1839612    /usr/lib/jvm/java-6-openjdk-i386/jre/lib/i386/libzip.so
b6772000-b6773000 r--p 00006000 08:01 1839612    /usr/lib/jvm/java-6-openjdk-i386/jre/lib/i386/libzip.so
b6773000-b6774000 rw-p 00007000 08:01 1839612    /usr/lib/jvm/java-6-openjdk-i386/jre/lib/i386/libzip.so
b6774000-b677c000 rw-s 00000000 08:01 865049     /tmp/hsperfdata_chaol/3960
b677c000-b67a2000 r-xp 00000000 08:01 1839598    /usr/lib/jvm/java-6-openjdk-i386/jre/lib/i386/libjava.so
b67a2000-b67a3000 r--p 00025000 08:01 1839598    /usr/lib/jvm/java-6-openjdk-i386/jre/lib/i386/libjava.so
b67a3000-b67a5000 rw-p 00026000 08:01 1839598    /usr/lib/jvm/java-6-openjdk-i386/jre/lib/i386/libjava.so
b67a5000-b67ac000 r-xp 00000000 08:01 252408     /lib/i386-linux-gnu/librt-2.15.so
b67ac000-b67ad000 r--p 00006000 08:01 252408     /lib/i386-linux-gnu/librt-2.15.so
b67ad000-b67ae000 rw-p 00007000 08:01 252408     /lib/i386-linux-gnu/librt-2.15.so
b67ae000-b67b1000 ---p 00000000 00:00 0 
b67b1000-b67ff000 rw-p 00000000 00:00 0          [stack:3965]
b67ff000-b681b000 r-xp 00000000 08:01 252257     /lib/i386-linux-gnu/libgcc_s.so.1
b681b000-b681c000 r--p 0001b000 08:01 252257     /lib/i386-linux-gnu/libgcc_s.so.1
b681c000-b681d000 rw-p 0001c000 08:01 252257     /lib/i386-linux-gnu/libgcc_s.so.1
b681d000-b6847000 r-xp 00000000 08:01 255734     /lib/i386-linux-gnu/libm-2.15.so
b6847000-b6848000 r--p 00029000 08:01 255734     /lib/i386-linux-gnu/libm-2.15.so
b6848000-b6849000 rw-p 0002a000 08:01 255734     /lib/i386-linux-gnu/libm-2.15.so
b6849000-b6921000 r-xp 00000000 08:01 17329      /usr/lib/i386-linux-gnu/libstdc++.so.6.0.16
b6921000-b6922000 ---p 000d8000 08:01 17329      /usr/lib/i386-linux-gnu/libstdc++.so.6.0.16
b6922000-b6926000 r--p 000d8000 08:01 17329      /usr/lib/i386-linux-gnu/libstdc++.so.6.0.16
b6926000-b6927000 rw-p 000dc000 08:01 17329      /usr/lib/i386-linux-gnu/libstdc++.so.6.0.16
b6927000-b692e000 rw-p 00000000 00:00 0 
b692e000-b714e000 r-xp 00000000 08:01 1839591    /usr/lib/jvm/java-6-openjdk-i386/jre/lib/i386/server/libjvm.so
b714e000-b7193000 r--p 0081f000 08:01 1839591    /usr/lib/jvm/java-6-openjdk-i386/jre/lib/i386/server/libjvm.so
b7193000-b71a2000 rw-p 00864000 08:01 1839591    /usr/lib/jvm/java-6-openjdk-i386/jre/lib/i386/server/libjvm.so
b71a2000-b75be000 rw-p 00000000 00:00 0 
b75be000-b75d2000 r-xp 00000000 08:01 252336     /lib/i386-linux-gnu/libz.so.1.2.3.4
b75d2000-b75d3000 r--p 00013000 08:01 252336     /lib/i386-linux-gnu/libz.so.1.2.3.4
b75d3000-b75d4000 rw-p 00014000 08:01 252336     /lib/i386-linux-gnu/libz.so.1.2.3.4
b75d4000-b7778000 r-xp 00000000 08:01 255739     /lib/i386-linux-gnu/libc-2.15.so
b7778000-b777a000 r--p 001a4000 08:01 255739     /lib/i386-linux-gnu/libc-2.15.so
b777a000-b777b000 rw-p 001a6000 08:01 255739     /lib/i386-linux-gnu/libc-2.15.so
b777b000-b777e000 rw-p 00000000 00:00 0 
b777e000-b7781000 r-xp 00000000 08:01 255738     /lib/i386-linux-gnu/libdl-2.15.so
b7781000-b7782000 r--p 00002000 08:01 255738     /lib/i386-linux-gnu/libdl-2.15.so
b7782000-b7783000 rw-p 00003000 08:01 255738     /lib/i386-linux-gnu/libdl-2.15.so
b7783000-b7787000 r-xp 00000000 08:01 1839611    /usr/lib/jvm/java-6-openjdk-i386/jre/lib/i386/jli/libjli.so
b7787000-b7788000 r--p 00003000 08:01 1839611    /usr/lib/jvm/java-6-openjdk-i386/jre/lib/i386/jli/libjli.so
b7788000-b7789000 rw-p 00004000 08:01 1839611    /usr/lib/jvm/java-6-openjdk-i386/jre/lib/i386/jli/libjli.so
b7789000-b778a000 rw-p 00000000 00:00 0 
b778a000-b77a1000 r-xp 00000000 08:01 252406     /lib/i386-linux-gnu/libpthread-2.15.so
b77a1000-b77a2000 r--p 00016000 08:01 252406     /lib/i386-linux-gnu/libpthread-2.15.so
b77a2000-b77a3000 rw-p 00017000 08:01 252406     /lib/i386-linux-gnu/libpthread-2.15.so
b77a3000-b77a5000 rw-p 00000000 00:00 0 
b77a5000-b77a7000 r--s 00001000 08:01 1838990    /usr/lib/jvm/java-6-openjdk-common/jre/lib/ext/dnsns.jar
b77a7000-b77aa000 r--s 00031000 08:01 1838991    /usr/lib/jvm/java-6-openjdk-common/jre/lib/ext/sunjce_provider.jar
b77aa000-b77ab000 r--p 005e0000 08:01 19412      /usr/lib/locale/locale-archive
b77ab000-b77ac000 rw-p 00000000 00:00 0 
b77ac000-b77ad000 r--p 00000000 00:00 0 
b77ad000-b77b8000 r-xp 00000000 08:01 1839627    /usr/lib/jvm/java-6-openjdk-i386/jre/lib/i386/libverify.so
b77b8000-b77b9000 ---p 0000b000 08:01 1839627    /usr/lib/jvm/java-6-openjdk-i386/jre/lib/i386/libverify.so
b77b9000-b77ba000 r--p 0000b000 08:01 1839627    /usr/lib/jvm/java-6-openjdk-i386/jre/lib/i386/libverify.so
b77ba000-b77bb000 rw-p 0000c000 08:01 1839627    /usr/lib/jvm/java-6-openjdk-i386/jre/lib/i386/libverify.so
b77bb000-b77bd000 rw-p 00000000 00:00 0 
b77bd000-b77be000 r-xp 00000000 00:00 0          [vdso]
b77be000-b77de000 r-xp 00000000 08:01 252407     /lib/i386-linux-gnu/ld-2.15.so
b77de000-b77df000 r--p 0001f000 08:01 252407     /lib/i386-linux-gnu/ld-2.15.so
b77df000-b77e0000 rw-p 00020000 08:01 252407     /lib/i386-linux-gnu/ld-2.15.so
bfc66000-bfc88000 rw-p 00000000 00:00 0          [stack]

VM Arguments:
jvm_args: -Dfile.encoding=UTF-8 
java_command: com.adp.clocks.synergy2416.demo.MainWindow psplash:res/Background.png
Launcher Type: SUN_STANDARD

Environment Variables:
PATH=/usr/lib/lightdm/lightdm:/usr/local/sbin:/usr/local/bin:/usr/sbin:/usr/bin:/sbin:/bin:/usr/games
LD_LIBRARY_PATH=/usr/lib/jvm/java-6-openjdk-i386/jre/lib/i386/server:/usr/lib/jvm/java-6-openjdk-i386/jre/lib/i386:/usr/lib/jvm/java-6-openjdk-i386/jre/../lib/i386:/usr/lib/jni
SHELL=/bin/bash
DISPLAY=:0

Signal Handlers:
SIGSEGV: [libjvm.so+0x66e740], sa_mask[0]=0x7ffbfeff, sa_flags=0x10000004
SIGBUS: [libjvm.so+0x66e740], sa_mask[0]=0x7ffbfeff, sa_flags=0x10000004
SIGFPE: [libjvm.so+0x530480], sa_mask[0]=0x7ffbfeff, sa_flags=0x10000004
SIGPIPE: [libjvm.so+0x530480], sa_mask[0]=0x7ffbfeff, sa_flags=0x10000004
SIGXFSZ: [libjvm.so+0x530480], sa_mask[0]=0x7ffbfeff, sa_flags=0x10000004
SIGILL: [libjvm.so+0x530480], sa_mask[0]=0x7ffbfeff, sa_flags=0x10000004
SIGUSR1: SIG_DFL, sa_mask[0]=0x00000000, sa_flags=0x00000000
SIGUSR2: [libjvm.so+0x530310], sa_mask[0]=0x00000004, sa_flags=0x10000004
SIGHUP: [libjvm.so+0x5332a0], sa_mask[0]=0x7ffbfeff, sa_flags=0x10000004
SIGINT: [libjvm.so+0x5332a0], sa_mask[0]=0x7ffbfeff, sa_flags=0x10000004
SIGTERM: [libjvm.so+0x5332a0], sa_mask[0]=0x7ffbfeff, sa_flags=0x10000004
SIGQUIT: [libjvm.so+0x5332a0], sa_mask[0]=0x7ffbfeff, sa_flags=0x10000004


---------------  S Y S T E M  ---------------

OS:Ubuntu 12.04 (precise)
uname:Linux 3.8.0-35-generic #52~precise1-Ubuntu SMP Thu Jan 30 17:27:28 UTC 2014 i686
libc:glibc 2.15 NPTL 2.15 
rlimit: STACK 8192k, CORE 0k, NPROC 64475, NOFILE 4096, AS infinity
load average:0.45 0.23 0.16

/proc/meminfo:
MemTotal:        8269392 kB
MemFree:         5812484 kB
Buffers:          562632 kB
Cached:           743400 kB
SwapCached:            0 kB
Active:          1370592 kB
Inactive:         877164 kB
Active(anon):     943052 kB
Inactive(anon):     4048 kB
Active(file):     427540 kB
Inactive(file):   873116 kB
Unevictable:           0 kB
Mlocked:               0 kB
HighTotal:       7457720 kB
HighFree:        5739372 kB
LowTotal:         811672 kB
LowFree:           73112 kB
SwapTotal:             0 kB
SwapFree:              0 kB
Dirty:                44 kB
Writeback:             0 kB
AnonPages:        941996 kB
Mapped:           203164 kB
Shmem:              5032 kB
Slab:             125948 kB
SReclaimable:     102292 kB
SUnreclaim:        23656 kB
KernelStack:        5480 kB
PageTables:        11188 kB
NFS_Unstable:          0 kB
Bounce:                0 kB
WritebackTmp:          0 kB
CommitLimit:     4134696 kB
Committed_AS:    4080044 kB
VmallocTotal:     122880 kB
VmallocUsed:       53236 kB
VmallocChunk:      57332 kB
HardwareCorrupted:     0 kB
AnonHugePages:         0 kB
HugePages_Total:       0
HugePages_Free:        0
HugePages_Rsvd:        0
HugePages_Surp:        0
Hugepagesize:       2048 kB
DirectMap4k:       94200 kB
DirectMap2M:      819200 kB


CPU:total 8 (4 cores per cpu, 2 threads per core) family 6 model 42 stepping 7, cmov, cx8, fxsr, mmx, sse, sse2, sse3, ssse3, sse4.1, sse4.2, popcnt, ht

Memory: 4k page, physical 8269392k(5812484k free), swap 0k(0k free)

vm_info: OpenJDK Server VM (20.0-b12) for linux-x86 JRE (1.6.0_27-b27), built on Nov 16 2013 15:21:31 by "buildd" with gcc 4.6.3

time: Mon Feb 17 09:10:26 2014
elapsed time: 5 seconds

