#
# A fatal error has been detected by the Java Runtime Environment:
#
#  SIGSEGV (0xb) at pc=0x6860f8b7, pid=6224, tid=1747643200
#
# JRE version: 6.0_27-b27
# Java VM: OpenJDK Server VM (20.0-b12 mixed mode linux-x86 )
# Derivative: IcedTea6 1.12.6
# Distribution: Ubuntu 12.04 LTS, package 6b27-1.12.6-1ubuntu0.12.04.4
# Problematic frame:
# C  [libsynergy2416.so+0x48b7]  _get_enroll_count+0x22
#
# If you would like to submit a bug report, please include
# instructions how to reproduce the bug and visit:
#   https://bugs.launchpad.net/ubuntu/+source/openjdk-6/
# The crash happened outside the Java Virtual Machine in native code.
# See problematic frame for where to report the bug.
#

---------------  T H R E A D  ---------------

Current thread (0x68781800):  JavaThread "SwingWorker-pool-3-thread-1" [_thread_in_native, id=6256, stack(0x6825e000,0x682af000)]

siginfo:si_signo=SIGSEGV: si_errno=0, si_code=1 (SEGV_MAPERR), si_addr=0x00000000

Registers:
EAX=0x00000000, EBX=0x6bfba5f8, ECX=0x68781920, EDX=0x00000000
ESP=0x682add10, EBP=0x682add20, ESI=0x6bfba5f8, EDI=0x68781800
EIP=0x6860f8b7, EFLAGS=0x00210297, CR2=0x00000000

Top of Stack: (sp=0x682add10)
0x682add10:   b6c44d60 695866cc 00000000 00000000
0x682add20:   682add28 68610261 682add68 6860efc3
0x682add30:   682adde0 682addb0 b35b67d4 b35a6688
0x682add40:   00000000 682addd0 682addb0 00000000
0x682add50:   00000000 6bfba5f8 68781800 682adda0
0x682add60:   b35ae548 68781800 682adda0 b35ae64a
0x682add70:   68781920 682adda8 682adde0 682adde0
0x682add80:   682add80 6bfba5f8 682addac 6bfbcf80 

Instructions: (pc=0x6860f8b7)
0x6860f897:   e5 83 ec 10 c7 45 f8 00 00 00 00 c7 45 fc 00 00
0x6860f8a7:   00 00 eb 1b 8b 15 e4 4a 61 68 8b 45 fc 8d 04 02
0x6860f8b7:   0f b6 00 84 c0 74 04 83 45 f8 01 83 45 fc 01 a1
0x6860f8c7:   10 40 61 68 39 45 fc 7c db 8b 45 f8 c9 c3 55 89 

Register to memory mapping:

EAX=0x00000000 is an unknown value
EBX=0x6bfba5f8 is an oop
{method} 
 - klass: {other class}
ECX=0x68781920 is an unknown value
EDX=0x00000000 is an unknown value
ESP=0x682add10 is pointing into the stack for thread: 0x68781800
EBP=0x682add20 is pointing into the stack for thread: 0x68781800
ESI=0x6bfba5f8 is an oop
{method} 
 - klass: {other class}
EDI=0x68781800 is a thread


Stack: [0x6825e000,0x682af000],  sp=0x682add10,  free space=319k
Native frames: (J=compiled Java code, j=interpreted, Vv=VM code, C=native code)
C  [libsynergy2416.so+0x48b7]  _get_enroll_count+0x22
C  [libsynergy2416.so+0x5261]  hlpGetEnrollCount+0x8
C  [libsynergy2416.so+0x3fc3]  Java_com_adp_clocks_synergy2416_demo_FPU_FP_1IDENTIFY_1EMPLOYEE+0x19
j  com.adp.clocks.synergy2416.demo.FPU.FP_IDENTIFY_EMPLOYEE()I+0
j  com.adp.clocks.synergy2416.demo.FPU.identifyEmployee()Ljava/lang/String;+0
j  com.adp.clocks.synergy2416.demo.WelcomeForm$IdentifyEmployee.doInBackground()Ljava/lang/String;+11
j  com.adp.clocks.synergy2416.demo.WelcomeForm$IdentifyEmployee.doInBackground()Ljava/lang/Object;+1
j  javax.swing.SwingWorker$1.call()Ljava/lang/Object;+14
j  java.util.concurrent.FutureTask$Sync.innerRun()V+29
j  java.util.concurrent.FutureTask.run()V+4
j  javax.swing.SwingWorker.run()V+4
j  java.util.concurrent.ThreadPoolExecutor.runWorker(Ljava/util/concurrent/ThreadPoolExecutor$Worker;)V+95
j  java.util.concurrent.ThreadPoolExecutor$Worker.run()V+5
j  java.lang.Thread.run()V+11
v  ~StubRoutines::call_stub
V  [libjvm.so+0x39b846]  JavaCalls::call_helper(JavaValue*, methodHandle*, JavaCallArguments*, Thread*)+0x2c6

Java frames: (J=compiled Java code, j=interpreted, Vv=VM code)
j  com.adp.clocks.synergy2416.demo.FPU.FP_IDENTIFY_EMPLOYEE()I+0
j  com.adp.clocks.synergy2416.demo.FPU.identifyEmployee()Ljava/lang/String;+0
j  com.adp.clocks.synergy2416.demo.WelcomeForm$IdentifyEmployee.doInBackground()Ljava/lang/String;+11
j  com.adp.clocks.synergy2416.demo.WelcomeForm$IdentifyEmployee.doInBackground()Ljava/lang/Object;+1
j  javax.swing.SwingWorker$1.call()Ljava/lang/Object;+14
j  java.util.concurrent.FutureTask$Sync.innerRun()V+29
j  java.util.concurrent.FutureTask.run()V+4
j  javax.swing.SwingWorker.run()V+4
j  java.util.concurrent.ThreadPoolExecutor.runWorker(Ljava/util/concurrent/ThreadPoolExecutor$Worker;)V+95
j  java.util.concurrent.ThreadPoolExecutor$Worker.run()V+5
j  java.lang.Thread.run()V+11
v  ~StubRoutines::call_stub

---------------  P R O C E S S  ---------------

Java Threads: ( => current thread )
  0xb6605c00 JavaThread "DestroyJavaVM" [_thread_blocked, id=6229, stack(0xb672d000,0xb677e000)]
=>0x68781800 JavaThread "SwingWorker-pool-3-thread-1" [_thread_in_native, id=6256, stack(0x6825e000,0x682af000)]
  0x68780000 JavaThread "pool-1-thread-1" [_thread_in_native, id=6255, stack(0x682af000,0x68300000)]
  0x6875e000 JavaThread "pool-2-thread-1 - v4l4j push source" [_thread_in_native, id=6253, stack(0x68615000,0x68666000)]
  0x6872fc00 JavaThread "Image Fetcher 1" daemon [_thread_blocked, id=6252, stack(0x68829000,0x6887a000)]
  0x6872f000 JavaThread "TimerQueue" daemon [_thread_blocked, id=6251, stack(0x68c05000,0x68c56000)]
  0x69c27000 JavaThread "Image Fetcher 0" daemon [_thread_blocked, id=6250, stack(0x68c77000,0x68cc8000)]
  0x68f1d000 JavaThread "AWT-EventQueue-0" [_thread_in_native, id=6249, stack(0x68daf000,0x68e00000)]
  0x68f1c400 JavaThread "AWT-Shutdown" [_thread_blocked, id=6248, stack(0x6914f000,0x691a0000)]
  0x68f1b400 JavaThread "AWT-XAWT" daemon [_thread_in_native, id=6247, stack(0x691a0000,0x691f1000)]
  0x6988ac00 JavaThread "Java2D Disposer" daemon [_thread_blocked, id=6246, stack(0x6972e000,0x6977f000)]
  0x69806400 JavaThread "Low Memory Detector" daemon [_thread_blocked, id=6244, stack(0x6a52e000,0x6a57f000)]
  0x69804800 JavaThread "C2 CompilerThread1" daemon [_thread_blocked, id=6243, stack(0x6977f000,0x69800000)]
  0x69802800 JavaThread "C2 CompilerThread0" daemon [_thread_blocked, id=6242, stack(0x69f6a000,0x69feb000)]
  0x69801400 JavaThread "Signal Dispatcher" daemon [_thread_blocked, id=6241, stack(0x6a72e000,0x6a77f000)]
  0xb66f0c00 JavaThread "Finalizer" daemon [_thread_blocked, id=6240, stack(0x6a92e000,0x6a97f000)]
  0xb66ef400 JavaThread "Reference Handler" daemon [_thread_blocked, id=6239, stack(0x6ab2e000,0x6ab7f000)]

Other Threads:
  0xb66ec800 VMThread [stack: 0x69feb000,0x6a06c000] [id=6238]
  0x69810400 WatcherThread [stack: 0x6947f000,0x69500000] [id=6245]

VM state:not at safepoint (normal execution)

VM Mutex/Monitor currently owned by a thread: None

Heap
 PSYoungGen      total 19136K, used 9547K [0x9df90000, 0x9f4e0000, 0xb34e0000)
  eden space 16448K, 42% used [0x9df90000,0x9e655410,0x9efa0000)
  from space 2688K, 97% used [0x9efa0000,0x9f22d8c8,0x9f240000)
  to   space 2688K, 0% used [0x9f240000,0x9f240000,0x9f4e0000)
 PSOldGen        total 43712K, used 0K [0x734e0000, 0x75f90000, 0x9df90000)
  object space 43712K, 0% used [0x734e0000,0x734e0000,0x75f90000)
 PSPermGen       total 16384K, used 11529K [0x6b4e0000, 0x6c4e0000, 0x734e0000)
  object space 16384K, 70% used [0x6b4e0000,0x6c022758,0x6c4e0000)

Code Cache  [0xb35a4000, 0xb37e4000, 0xb65a4000)
 total_blobs=336 nmethods=102 adapters=188 free_code_cache=49713408 largest_free_block=19136

Dynamic libraries:
08048000-08051000 r-xp 00000000 08:01 1839571    /usr/lib/jvm/java-6-openjdk-i386/jre/bin/java
08051000-08052000 r--p 00008000 08:01 1839571    /usr/lib/jvm/java-6-openjdk-i386/jre/bin/java
08052000-08053000 rw-p 00009000 08:01 1839571    /usr/lib/jvm/java-6-openjdk-i386/jre/bin/java
08cde000-08cff000 rw-p 00000000 00:00 0          [heap]
67bfa000-67c0d000 r-xp 00000000 08:01 252403     /lib/i386-linux-gnu/libresolv-2.15.so
67c0d000-67c0e000 ---p 00013000 08:01 252403     /lib/i386-linux-gnu/libresolv-2.15.so
67c0e000-67c0f000 r--p 00013000 08:01 252403     /lib/i386-linux-gnu/libresolv-2.15.so
67c0f000-67c10000 rw-p 00014000 08:01 252403     /lib/i386-linux-gnu/libresolv-2.15.so
67c10000-67c12000 rw-p 00000000 00:00 0 
67c12000-67c18000 r-xp 00000000 08:01 17212      /usr/lib/i386-linux-gnu/libogg.so.0.7.1
67c18000-67c19000 r--p 00005000 08:01 17212      /usr/lib/i386-linux-gnu/libogg.so.0.7.1
67c19000-67c1a000 rw-p 00006000 08:01 17212      /usr/lib/i386-linux-gnu/libogg.so.0.7.1
67c1a000-67c43000 r-xp 00000000 08:01 17362      /usr/lib/i386-linux-gnu/libvorbis.so.0.4.5
67c43000-67c44000 r--p 00028000 08:01 17362      /usr/lib/i386-linux-gnu/libvorbis.so.0.4.5
67c44000-67c45000 rw-p 00029000 08:01 17362      /usr/lib/i386-linux-gnu/libvorbis.so.0.4.5
67c45000-67dab000 r-xp 00000000 08:01 17364      /usr/lib/i386-linux-gnu/libvorbisenc.so.2.0.8
67dab000-67dbc000 r--p 00165000 08:01 17364      /usr/lib/i386-linux-gnu/libvorbisenc.so.2.0.8
67dbc000-67dbd000 rw-p 00176000 08:01 17364      /usr/lib/i386-linux-gnu/libvorbisenc.so.2.0.8
67dbd000-67e09000 r-xp 00000000 08:01 16731      /usr/lib/i386-linux-gnu/libFLAC.so.8.2.0
67e09000-67e0a000 r--p 0004b000 08:01 16731      /usr/lib/i386-linux-gnu/libFLAC.so.8.2.0
67e0a000-67e0b000 rw-p 0004c000 08:01 16731      /usr/lib/i386-linux-gnu/libFLAC.so.8.2.0
67e0b000-67e10000 r-xp 00000000 08:01 16847      /usr/lib/i386-linux-gnu/libasyncns.so.0.3.1
67e10000-67e11000 r--p 00004000 08:01 16847      /usr/lib/i386-linux-gnu/libasyncns.so.0.3.1
67e11000-67e12000 rw-p 00005000 08:01 16847      /usr/lib/i386-linux-gnu/libasyncns.so.0.3.1
67e12000-67e7e000 r-xp 00000000 08:01 17307      /usr/lib/i386-linux-gnu/libsndfile.so.1.0.25
67e7e000-67e7f000 r--p 0006c000 08:01 17307      /usr/lib/i386-linux-gnu/libsndfile.so.1.0.25
67e7f000-67e80000 rw-p 0006d000 08:01 17307      /usr/lib/i386-linux-gnu/libsndfile.so.1.0.25
67e80000-67e84000 rw-p 00000000 00:00 0 
67e84000-67e8c000 r-xp 00000000 08:01 252334     /lib/i386-linux-gnu/libwrap.so.0.7.6
67e8c000-67e8d000 r--p 00007000 08:01 252334     /lib/i386-linux-gnu/libwrap.so.0.7.6
67e8d000-67e8e000 rw-p 00008000 08:01 252334     /lib/i386-linux-gnu/libwrap.so.0.7.6
67e8e000-67ed5000 r-xp 00000000 08:01 252249     /lib/i386-linux-gnu/libdbus-1.so.3.5.8
67ed5000-67ed6000 r--p 00047000 08:01 252249     /lib/i386-linux-gnu/libdbus-1.so.3.5.8
67ed6000-67ed7000 rw-p 00048000 08:01 252249     /lib/i386-linux-gnu/libdbus-1.so.3.5.8
67ed7000-67f3a000 r-xp 00000000 08:01 12624      /usr/lib/i386-linux-gnu/libpulsecommon-1.1.so
67f3a000-67f3b000 r--p 00062000 08:01 12624      /usr/lib/i386-linux-gnu/libpulsecommon-1.1.so
67f3b000-67f3c000 rw-p 00063000 08:01 12624      /usr/lib/i386-linux-gnu/libpulsecommon-1.1.so
67f3c000-67f88000 r-xp 00000000 08:01 12623      /usr/lib/i386-linux-gnu/libpulse.so.0.13.5
67f88000-67f89000 r--p 0004b000 08:01 12623      /usr/lib/i386-linux-gnu/libpulse.so.0.13.5
67f89000-67f8a000 rw-p 0004c000 08:01 12623      /usr/lib/i386-linux-gnu/libpulse.so.0.13.5
68145000-68232000 r-xp 00000000 08:01 16845      /usr/lib/i386-linux-gnu/libasound.so.2.0.0
68232000-68236000 r--p 000ec000 08:01 16845      /usr/lib/i386-linux-gnu/libasound.so.2.0.0
68236000-68237000 rw-p 000f0000 08:01 16845      /usr/lib/i386-linux-gnu/libasound.so.2.0.0
6824d000-6825c000 r-xp 00000000 08:01 1839790    /usr/lib/jvm/java-6-openjdk-i386/jre/lib/i386/libjsoundalsa.so
6825c000-6825d000 r--p 0000e000 08:01 1839790    /usr/lib/jvm/java-6-openjdk-i386/jre/lib/i386/libjsoundalsa.so
6825d000-6825e000 rw-p 0000f000 08:01 1839790    /usr/lib/jvm/java-6-openjdk-i386/jre/lib/i386/libjsoundalsa.so
6825e000-68261000 ---p 00000000 00:00 0 
68261000-682af000 rw-p 00000000 00:00 0          [stack:6256]
682af000-682b2000 ---p 00000000 00:00 0 
682b2000-68300000 rw-p 00000000 00:00 0          [stack:6255]
68300000-683ff000 rw-p 00000000 00:00 0 
683ff000-68400000 ---p 00000000 00:00 0 
68400000-68500000 rw-p 00000000 00:00 0 
68500000-685fa000 rw-p 00000000 00:00 0 
685fa000-68600000 ---p 00000000 00:00 0 
68603000-68609000 r-xp 00000000 08:01 17146      /usr/lib/i386-linux-gnu/libjson.so.0.0.1
68609000-6860a000 r--p 00005000 08:01 17146      /usr/lib/i386-linux-gnu/libjson.so.0.0.1
6860a000-6860b000 rw-p 00006000 08:01 17146      /usr/lib/i386-linux-gnu/libjson.so.0.0.1
6860b000-68613000 r-xp 00000000 08:01 524557     /usr/lib/jni/libsynergy2416.so
68613000-68614000 r--p 00007000 08:01 524557     /usr/lib/jni/libsynergy2416.so
68614000-68615000 rw-p 00008000 08:01 524557     /usr/lib/jni/libsynergy2416.so
68615000-68618000 ---p 00000000 00:00 0 
68618000-68666000 rw-p 00000000 00:00 0          [stack:6253]
68666000-6866e000 rw-s 00018000 00:05 11511      /dev/video0
6866e000-68676000 rw-s 00010000 00:05 11511      /dev/video0
68676000-68697000 r-xp 00000000 08:01 17358      /usr/lib/i386-linux-gnu/libv4lconvert.so.0
68697000-68698000 r--p 00021000 08:01 17358      /usr/lib/i386-linux-gnu/libv4lconvert.so.0
68698000-68699000 rw-p 00022000 08:01 17358      /usr/lib/i386-linux-gnu/libv4lconvert.so.0
68699000-686eb000 rw-p 00000000 00:00 0 
686eb000-686fe000 r-xp 00000000 08:01 8712       /usr/lib/libvideo.so.0
686fe000-686ff000 r--p 00012000 08:01 8712       /usr/lib/libvideo.so.0
686ff000-68700000 rw-p 00013000 08:01 8712       /usr/lib/libvideo.so.0
68700000-68785000 rw-p 00000000 00:00 0 
68785000-68800000 ---p 00000000 00:00 0 
68801000-68809000 rw-s 00008000 00:05 11511      /dev/video0
68809000-68811000 rw-s 00000000 00:05 11511      /dev/video0
68811000-68818000 r--s 00000000 08:01 14251      /usr/lib/i386-linux-gnu/gconv/gconv-modules.cache
68818000-68827000 r-xp 00000000 08:01 524448     /usr/lib/jni/libv4l4j.so
68827000-68828000 r--p 0000e000 08:01 524448     /usr/lib/jni/libv4l4j.so
68828000-68829000 rw-p 0000f000 08:01 524448     /usr/lib/jni/libv4l4j.so
68829000-6882c000 ---p 00000000 00:00 0 
6882c000-68900000 rw-p 00000000 00:00 0          [stack:6252]
68900000-68931000 rw-p 00000000 00:00 0 
68931000-68a00000 ---p 00000000 00:00 0 
68a00000-68af4000 rw-p 00000000 00:00 0 
68af4000-68b00000 ---p 00000000 00:00 0 
68b00000-68bff000 rw-p 00000000 00:00 0 
68bff000-68c00000 ---p 00000000 00:00 0 
68c02000-68c03000 r-xp 00000000 08:01 17403      /usr/lib/i386-linux-gnu/alsa-lib/libasound_module_conf_pulse.so
68c03000-68c04000 r--p 00000000 08:01 17403      /usr/lib/i386-linux-gnu/alsa-lib/libasound_module_conf_pulse.so
68c04000-68c05000 rw-p 00001000 08:01 17403      /usr/lib/i386-linux-gnu/alsa-lib/libasound_module_conf_pulse.so
68c05000-68c08000 ---p 00000000 00:00 0 
68c08000-68c56000 rw-p 00000000 00:00 0          [stack:6251]
68c56000-68c5e000 r-xp 00000000 08:01 1839626    /usr/lib/jvm/java-6-openjdk-i386/jre/lib/i386/libnio.so
68c5e000-68c5f000 r--p 00007000 08:01 1839626    /usr/lib/jvm/java-6-openjdk-i386/jre/lib/i386/libnio.so
68c5f000-68c60000 rw-p 00008000 08:01 1839626    /usr/lib/jvm/java-6-openjdk-i386/jre/lib/i386/libnio.so
68c60000-68c75000 r-xp 00000000 08:01 1839614    /usr/lib/jvm/java-6-openjdk-i386/jre/lib/i386/libnet.so
68c75000-68c76000 r--p 00014000 08:01 1839614    /usr/lib/jvm/java-6-openjdk-i386/jre/lib/i386/libnet.so
68c76000-68c77000 rw-p 00015000 08:01 1839614    /usr/lib/jvm/java-6-openjdk-i386/jre/lib/i386/libnet.so
68c77000-68c7a000 ---p 00000000 00:00 0 
68c7a000-68cc8000 rw-p 00000000 00:00 0          [stack:6250]
68cc8000-68d16000 r--s 008b6000 08:01 2243423    /opt/eclipse-standard/plugins/com.ibm.icu_50.1.1.v201304230130.jar
68d16000-68d58000 r--s 00367000 08:01 2243377    /opt/eclipse-standard/plugins/org.eclipse.ui.workbench_3.105.1.v20130821-1411.jar
68d58000-68d9d000 r-xp 00000000 08:01 11892      /usr/lib/i386-linux-gnu/libjpeg.so.8.0.2
68d9d000-68d9e000 r--p 00044000 08:01 11892      /usr/lib/i386-linux-gnu/libjpeg.so.8.0.2
68d9e000-68d9f000 rw-p 00045000 08:01 11892      /usr/lib/i386-linux-gnu/libjpeg.so.8.0.2
68d9f000-68daf000 rw-p 00000000 00:00 0 
68daf000-68db2000 ---p 00000000 00:00 0 
68db2000-68e00000 rw-p 00000000 00:00 0          [stack:6249]
68e00000-68efd000 rw-p 00000000 00:00 0 
68efd000-68f00000 ---p 00000000 00:00 0 
68f00000-68f29000 rw-p 00000000 00:00 0 
68f29000-69000000 ---p 00000000 00:00 0 
69000000-690f9000 rw-p 00000000 00:00 0 
690f9000-69100000 ---p 00000000 00:00 0 
69100000-69101000 r-xp 00000000 08:01 1839628    /usr/lib/jvm/java-6-openjdk-i386/jre/lib/i386/libjsound.so
69101000-69102000 r--p 00000000 08:01 1839628    /usr/lib/jvm/java-6-openjdk-i386/jre/lib/i386/libjsound.so
69102000-69103000 rw-p 00001000 08:01 1839628    /usr/lib/jvm/java-6-openjdk-i386/jre/lib/i386/libjsound.so
69103000-69106000 r--s 0007f000 08:01 1839014    /usr/lib/jvm/java-6-openjdk-common/jre/lib/jsse.jar
69106000-69109000 r--s 00019000 08:01 864259     /home/chaol/workspace-java/ADP-Demo-GUI/src/com/adp/clocks/synergy2416/res/v4l4j.jar
69109000-6910e000 r--s 00045000 08:01 2243421    /opt/eclipse-standard/plugins/org.eclipse.ui.forms_3.6.1.v20130822-1117.jar
6910e000-69121000 r--s 000e0000 08:01 2243213    /opt/eclipse-standard/plugins/org.eclipse.jface.text_3.8.101.v20130802-1147.jar
69121000-69135000 r--s 000f9000 08:01 2243526    /opt/eclipse-standard/plugins/org.eclipse.jface_3.9.1.v20130725-1141.jar
69135000-6914a000 r--s 0023a000 08:01 2243675    /opt/eclipse-standard/plugins/org.eclipse.swt.gtk.linux.x86_3.102.1.v20130827-2048.jar
6914a000-6914f000 r--s 00038000 08:01 2243571    /opt/eclipse-standard/plugins/org.eclipse.text_3.5.300.v20130515-1451.jar
6914f000-69152000 ---p 00000000 00:00 0 
69152000-691a0000 rw-p 00000000 00:00 0          [stack:6248]
691a0000-691a3000 ---p 00000000 00:00 0 
691a3000-691f1000 rw-p 00000000 00:00 0          [stack:6247]
691f1000-69286000 r-xp 00000000 08:01 16989      /usr/lib/i386-linux-gnu/libfreetype.so.6.8.0
69286000-6928a000 r--p 00094000 08:01 16989      /usr/lib/i386-linux-gnu/libfreetype.so.6.8.0
6928a000-6928b000 rw-p 00098000 08:01 16989      /usr/lib/i386-linux-gnu/libfreetype.so.6.8.0
6928b000-693bb000 r-xp 00000000 08:01 14323      /usr/lib/i386-linux-gnu/libX11.so.6.3.0
693bb000-693bc000 r--p 0012f000 08:01 14323      /usr/lib/i386-linux-gnu/libX11.so.6.3.0
693bc000-693be000 rw-p 00130000 08:01 14323      /usr/lib/i386-linux-gnu/libX11.so.6.3.0
693be000-693bf000 rw-p 00000000 00:00 0 
693bf000-69453000 r-xp 00000000 08:01 1839605    /usr/lib/jvm/java-6-openjdk-i386/jre/lib/i386/libawt.so
69453000-69454000 r--p 00093000 08:01 1839605    /usr/lib/jvm/java-6-openjdk-i386/jre/lib/i386/libawt.so
69454000-6945b000 rw-p 00094000 08:01 1839605    /usr/lib/jvm/java-6-openjdk-i386/jre/lib/i386/libawt.so
6945b000-6947f000 rw-p 00000000 00:00 0 
6947f000-69480000 ---p 00000000 00:00 0 
69480000-69500000 rw-p 00000000 00:00 0          [stack:6245]
69500000-695f9000 rw-p 00000000 00:00 0 
695f9000-69600000 ---p 00000000 00:00 0 
69600000-696fc000 rw-p 00000000 00:00 0 
696fc000-69700000 ---p 00000000 00:00 0 
69701000-69704000 r--s 0002a000 08:01 2243555    /opt/eclipse-standard/plugins/org.eclipse.equinox.registry_3.5.301.v20130717-1549.jar
69704000-6972c000 r-xp 00000000 08:01 252306     /lib/i386-linux-gnu/libpng12.so.0.46.0
6972c000-6972d000 r--p 00027000 08:01 252306     /lib/i386-linux-gnu/libpng12.so.0.46.0
6972d000-6972e000 rw-p 00028000 08:01 252306     /lib/i386-linux-gnu/libpng12.so.0.46.0
6972e000-69731000 ---p 00000000 00:00 0 
69731000-6977f000 rw-p 00000000 00:00 0          [stack:6246]
6977f000-69782000 ---p 00000000 00:00 0 
69782000-69800000 rw-p 00000000 00:00 0          [stack:6243]
69800000-698fc000 rw-p 00000000 00:00 0 
698fc000-69900000 ---p 00000000 00:00 0 
69900000-69921000 rw-p 00000000 00:00 0 
69921000-69a00000 ---p 00000000 00:00 0 
69a00000-69c00000 r--p 00000000 08:01 19412      /usr/lib/locale/locale-archive
69c00000-69d00000 rw-p 00000000 00:00 0 
69d00000-69d21000 rw-p 00000000 00:00 0 
69d21000-69e00000 ---p 00000000 00:00 0 
69e00000-69e40000 rw-p 00000000 00:00 0 
69e40000-69f00000 ---p 00000000 00:00 0 
69f00000-69f08000 r-xp 00000000 08:01 1839774    /usr/lib/i386-linux-gnu/libgif.so.4.1.6
69f08000-69f09000 r--p 00007000 08:01 1839774    /usr/lib/i386-linux-gnu/libgif.so.4.1.6
69f09000-69f0a000 rw-p 00008000 08:01 1839774    /usr/lib/i386-linux-gnu/libgif.so.4.1.6
69f0c000-69f20000 r--s 00140000 08:01 2243684    /opt/eclipse-standard/plugins/org.eclipse.osgi_3.9.1.v20130814-1242.jar
69f20000-69f68000 r-xp 00000000 08:01 1839595    /usr/lib/jvm/java-6-openjdk-i386/jre/lib/i386/libfontmanager.so
69f68000-69f69000 r--p 00048000 08:01 1839595    /usr/lib/jvm/java-6-openjdk-i386/jre/lib/i386/libfontmanager.so
69f69000-69f6a000 rw-p 00049000 08:01 1839595    /usr/lib/jvm/java-6-openjdk-i386/jre/lib/i386/libfontmanager.so
69f6a000-69f6d000 ---p 00000000 00:00 0 
69f6d000-69feb000 rw-p 00000000 00:00 0          [stack:6242]
69feb000-69fec000 ---p 00000000 00:00 0 
69fec000-6a06c000 rw-p 00000000 00:00 0          [stack:6238]
6a06c000-6a200000 r--s 03822000 08:01 1839584    /usr/lib/jvm/java-6-openjdk-i386/jre/lib/rt.jar
6a200000-6a221000 rw-p 00000000 00:00 0 
6a221000-6a300000 ---p 00000000 00:00 0 
6a300000-6a304000 r-xp 00000000 08:01 13641      /usr/lib/i386-linux-gnu/libXfixes.so.3.1.0
6a304000-6a305000 r--p 00004000 08:01 13641      /usr/lib/i386-linux-gnu/libXfixes.so.3.1.0
6a305000-6a306000 rw-p 00005000 08:01 13641      /usr/lib/i386-linux-gnu/libXfixes.so.3.1.0
6a306000-6a307000 r--s 00000000 08:01 3570       /var/cache/fontconfig/c05880de57d1f5e948fdfacc138775d9-le32d4.cache-3
6a307000-6a30d000 r--s 00000000 08:01 3565       /var/cache/fontconfig/945677eb7aeaf62f1d50efc3fb3ec7d8-le32d4.cache-3
6a30d000-6a310000 r--s 00000000 08:01 519519     /var/cache/fontconfig/99e8ed0e538f840c565b6ed5dad60d56-le32d4.cache-3
6a310000-6a313000 r--s 00000000 08:01 3552       /var/cache/fontconfig/2cd17615ca594fa2959ae173292e504c-le32d4.cache-3
6a313000-6a314000 r--s 00000000 08:01 3577       /var/cache/fontconfig/e7071f4a29fa870f4323321c154eba04-le32d4.cache-3
6a314000-6a315000 r--s 00000000 08:01 3550       /var/cache/fontconfig/0d8c3b2ac0904cb8a57a757ad11a4a08-le32d4.cache-3
6a315000-6a319000 r--s 00000000 08:01 3567       /var/cache/fontconfig/a755afe4a08bf5b97852ceb7400b47bc-le32d4.cache-3
6a319000-6a320000 r--s 00000000 08:01 1579180    /var/cache/fontconfig/6d41288fd70b0be22e8c3a91e032eec0-le32d4.cache-3
6a320000-6a32b000 r--s 00000000 08:01 3549       /var/cache/fontconfig/04aabc0a78ac019cf9454389977116d2-le32d4.cache-3
6a32b000-6a32e000 r--s 00000000 08:01 3555       /var/cache/fontconfig/385c0604a188198f04d133e54aba7fe7-le32d4.cache-3
6a32e000-6a32f000 r--s 00000000 08:01 3572       /var/cache/fontconfig/4794a0821666d79190d59a36cb4f44b5-le32d4.cache-3
6a32f000-6a37b000 r-xp 00000000 08:01 1839789    /usr/lib/jvm/java-6-openjdk-i386/jre/lib/i386/xawt/libmawt.so
6a37b000-6a37c000 r--p 0004b000 08:01 1839789    /usr/lib/jvm/java-6-openjdk-i386/jre/lib/i386/xawt/libmawt.so
6a37c000-6a37e000 rw-p 0004c000 08:01 1839789    /usr/lib/jvm/java-6-openjdk-i386/jre/lib/i386/xawt/libmawt.so
6a37e000-6a37f000 rw-p 00000000 00:00 0 
6a37f000-6a380000 ---p 00000000 00:00 0 
6a380000-6a400000 rw-p 00000000 00:00 0          [stack:6237]
6a400000-6a421000 rw-p 00000000 00:00 0 
6a421000-6a500000 ---p 00000000 00:00 0 
6a500000-6a504000 r--s 00000000 08:01 3553       /var/cache/fontconfig/3047814df9a2f067bd2d96a2b9c36e5a-le32d4.cache-3
6a505000-6a506000 rw-p 00000000 00:00 0 
6a506000-6a50f000 r-xp 00000000 08:01 16793      /usr/lib/i386-linux-gnu/libXcursor.so.1.0.2
6a50f000-6a510000 r--p 00008000 08:01 16793      /usr/lib/i386-linux-gnu/libXcursor.so.1.0.2
6a510000-6a511000 rw-p 00009000 08:01 16793      /usr/lib/i386-linux-gnu/libXcursor.so.1.0.2
6a511000-6a513000 r--s 00010000 08:01 2243198    /opt/eclipse-standard/plugins/org.eclipse.core.runtime_3.9.0.v20130326-1255.jar
6a513000-6a516000 r--s 00018000 08:01 2243752    /opt/eclipse-standard/plugins/org.eclipse.equinox.common_3.6.200.v20130402-1505.jar
6a516000-6a519000 r--s 00018000 08:01 2243511    /opt/eclipse-standard/plugins/org.eclipse.core.commands_3.6.100.v20130515-1857.jar
6a519000-6a51a000 rw-p 00000000 00:00 0 
6a51a000-6a523000 r-xp 00000000 08:01 1839791    /usr/lib/jvm/java-6-openjdk-i386/jre/lib/i386/libsplashscreen.so
6a523000-6a524000 r--p 00008000 08:01 1839791    /usr/lib/jvm/java-6-openjdk-i386/jre/lib/i386/libsplashscreen.so
6a524000-6a525000 rw-p 00009000 08:01 1839791    /usr/lib/jvm/java-6-openjdk-i386/jre/lib/i386/libsplashscreen.so
6a525000-6a527000 rw-p 00000000 00:00 0 
6a527000-6a52e000 r--s 000fc000 08:01 1838998    /usr/lib/jvm/java-6-openjdk-common/jre/lib/resources.jar
6a52e000-6a531000 ---p 00000000 00:00 0 
6a531000-6a57f000 rw-p 00000000 00:00 0          [stack:6244]
6a57f000-6a580000 ---p 00000000 00:00 0 
6a580000-6a600000 rw-p 00000000 00:00 0          [stack:6236]
6a600000-6a621000 rw-p 00000000 00:00 0 
6a621000-6a700000 ---p 00000000 00:00 0 
6a700000-6a701000 r--s 00000000 08:01 3570       /var/cache/fontconfig/c05880de57d1f5e948fdfacc138775d9-le32d4.cache-3
6a701000-6a707000 r--s 00000000 08:01 3565       /var/cache/fontconfig/945677eb7aeaf62f1d50efc3fb3ec7d8-le32d4.cache-3
6a707000-6a70a000 r--s 00000000 08:01 519519     /var/cache/fontconfig/99e8ed0e538f840c565b6ed5dad60d56-le32d4.cache-3
6a70a000-6a70d000 r--s 00000000 08:01 3552       /var/cache/fontconfig/2cd17615ca594fa2959ae173292e504c-le32d4.cache-3
6a70d000-6a70e000 r--s 00000000 08:01 3577       /var/cache/fontconfig/e7071f4a29fa870f4323321c154eba04-le32d4.cache-3
6a70e000-6a712000 r--s 00000000 08:01 3567       /var/cache/fontconfig/a755afe4a08bf5b97852ceb7400b47bc-le32d4.cache-3
6a712000-6a719000 r--s 00000000 08:01 1579180    /var/cache/fontconfig/6d41288fd70b0be22e8c3a91e032eec0-le32d4.cache-3
6a719000-6a724000 r--s 00000000 08:01 3549       /var/cache/fontconfig/04aabc0a78ac019cf9454389977116d2-le32d4.cache-3
6a724000-6a727000 r--s 00000000 08:01 3555       /var/cache/fontconfig/385c0604a188198f04d133e54aba7fe7-le32d4.cache-3
6a727000-6a72a000 r--s 00000000 08:01 3564       /var/cache/fontconfig/8801497958630a81b71ace7c5f9b32a8-le32d4.cache-3
6a72a000-6a72e000 r--s 00000000 08:01 3553       /var/cache/fontconfig/3047814df9a2f067bd2d96a2b9c36e5a-le32d4.cache-3
6a72e000-6a731000 ---p 00000000 00:00 0 
6a731000-6a77f000 rw-p 00000000 00:00 0          [stack:6241]
6a77f000-6a780000 ---p 00000000 00:00 0 
6a780000-6a800000 rw-p 00000000 00:00 0          [stack:6235]
6a800000-6a821000 rw-p 00000000 00:00 0 
6a821000-6a900000 ---p 00000000 00:00 0 
6a900000-6a904000 r--s 00000000 08:01 3568       /var/cache/fontconfig/b47c4e1ecd0709278f4910c18777a504-le32d4.cache-3
6a904000-6a907000 r--s 00000000 08:01 3564       /var/cache/fontconfig/8801497958630a81b71ace7c5f9b32a8-le32d4.cache-3
6a907000-6a908000 r--s 00000000 08:01 3558       /var/cache/fontconfig/56cf4f4769d0f4abc89a4895d7bd3ae1-le32d4.cache-3
6a908000-6a909000 r--s 00000000 08:01 3569       /var/cache/fontconfig/b9d506c9ac06c20b433354fa67a72993-le32d4.cache-3
6a909000-6a90d000 r--s 00000000 08:01 3568       /var/cache/fontconfig/b47c4e1ecd0709278f4910c18777a504-le32d4.cache-3
6a90d000-6a91a000 r--s 00000000 08:01 3573       /var/cache/fontconfig/d52a8644073d54c13679302ca1180695-le32d4.cache-3
6a91a000-6a923000 r--s 00000000 08:01 519518     /var/cache/fontconfig/089dead882dea3570ffc31a9898cfb69-le32d4.cache-3
6a923000-6a92b000 r--s 00000000 08:01 11176      /var/cache/fontconfig/e13b20fdb08344e0e664864cc2ede53d-le32d4.cache-3
6a92b000-6a92e000 r--s 00000000 08:01 519517     /var/cache/fontconfig/7ef2298fde41cc6eeb7af42e48b7d293-le32d4.cache-3
6a92e000-6a931000 ---p 00000000 00:00 0 
6a931000-6a97f000 rw-p 00000000 00:00 0          [stack:6240]
6a97f000-6a980000 ---p 00000000 00:00 0 
6a980000-6aa00000 rw-p 00000000 00:00 0          [stack:6234]
6aa00000-6aa21000 rw-p 00000000 00:00 0 
6aa21000-6ab00000 ---p 00000000 00:00 0 
6ab00000-6ab0d000 r--s 00000000 08:01 3573       /var/cache/fontconfig/d52a8644073d54c13679302ca1180695-le32d4.cache-3
6ab0d000-6ab2c000 r-xp 00000000 08:01 17393      /usr/lib/i386-linux-gnu/libxcb.so.1.1.0
6ab2c000-6ab2d000 r--p 0001f000 08:01 17393      /usr/lib/i386-linux-gnu/libxcb.so.1.1.0
6ab2d000-6ab2e000 rw-p 00020000 08:01 17393      /usr/lib/i386-linux-gnu/libxcb.so.1.1.0
6ab2e000-6ab31000 ---p 00000000 00:00 0 
6ab31000-6ab7f000 rw-p 00000000 00:00 0          [stack:6239]
6ab7f000-6ab80000 ---p 00000000 00:00 0 
6ab80000-6ac00000 rw-p 00000000 00:00 0          [stack:6233]
6ac00000-6ac21000 rw-p 00000000 00:00 0 
6ac21000-6ad00000 ---p 00000000 00:00 0 
6ad00000-6ad21000 rw-p 00000000 00:00 0 
6ad21000-6ae00000 ---p 00000000 00:00 0 
6ae00000-6ae01000 r--s 00000000 08:01 3550       /var/cache/fontconfig/0d8c3b2ac0904cb8a57a757ad11a4a08-le32d4.cache-3
6ae01000-6ae02000 r--s 00000000 08:01 3572       /var/cache/fontconfig/4794a0821666d79190d59a36cb4f44b5-le32d4.cache-3
6ae02000-6ae07000 r-xp 00000000 08:01 16797      /usr/lib/i386-linux-gnu/libXdmcp.so.6.0.0
6ae07000-6ae08000 r--p 00004000 08:01 16797      /usr/lib/i386-linux-gnu/libXdmcp.so.6.0.0
6ae08000-6ae09000 rw-p 00005000 08:01 16797      /usr/lib/i386-linux-gnu/libXdmcp.so.6.0.0
6ae09000-6ae18000 r-xp 00000000 08:01 8381       /usr/lib/i386-linux-gnu/libXi.so.6.1.0
6ae18000-6ae19000 r--p 0000e000 08:01 8381       /usr/lib/i386-linux-gnu/libXi.so.6.1.0
6ae19000-6ae1a000 rw-p 0000f000 08:01 8381       /usr/lib/i386-linux-gnu/libXi.so.6.1.0
6ae1a000-6ae22000 r-xp 00000000 08:01 16821      /usr/lib/i386-linux-gnu/libXrender.so.1.3.0
6ae22000-6ae23000 r--p 00007000 08:01 16821      /usr/lib/i386-linux-gnu/libXrender.so.1.3.0
6ae23000-6ae24000 rw-p 00008000 08:01 16821      /usr/lib/i386-linux-gnu/libXrender.so.1.3.0
6ae24000-6ae34000 r-xp 00000000 08:01 16799      /usr/lib/i386-linux-gnu/libXext.so.6.4.0
6ae34000-6ae35000 r--p 0000f000 08:01 16799      /usr/lib/i386-linux-gnu/libXext.so.6.4.0
6ae35000-6ae36000 rw-p 00010000 08:01 16799      /usr/lib/i386-linux-gnu/libXext.so.6.4.0
6ae36000-6ae37000 r--s 00000000 08:01 3558       /var/cache/fontconfig/56cf4f4769d0f4abc89a4895d7bd3ae1-le32d4.cache-3
6ae37000-6ae38000 r--s 00000000 08:01 3569       /var/cache/fontconfig/b9d506c9ac06c20b433354fa67a72993-le32d4.cache-3
6ae38000-6ae41000 r--s 00000000 08:01 519518     /var/cache/fontconfig/089dead882dea3570ffc31a9898cfb69-le32d4.cache-3
6ae41000-6ae49000 r--s 00000000 08:01 11176      /var/cache/fontconfig/e13b20fdb08344e0e664864cc2ede53d-le32d4.cache-3
6ae49000-6ae4c000 r--s 00000000 08:01 519517     /var/cache/fontconfig/7ef2298fde41cc6eeb7af42e48b7d293-le32d4.cache-3
6ae4c000-6ae7f000 rw-p 00000000 00:00 0 
6ae7f000-6ae80000 ---p 00000000 00:00 0 
6ae80000-6af00000 rw-p 00000000 00:00 0          [stack:6232]
6af00000-6af21000 rw-p 00000000 00:00 0 
6af21000-6b000000 ---p 00000000 00:00 0 
6b000000-6b005000 r-xp 00000000 08:01 16825      /usr/lib/i386-linux-gnu/libXtst.so.6.1.0
6b005000-6b006000 r--p 00004000 08:01 16825      /usr/lib/i386-linux-gnu/libXtst.so.6.1.0
6b006000-6b007000 rw-p 00005000 08:01 16825      /usr/lib/i386-linux-gnu/libXtst.so.6.1.0
6b007000-6b008000 ---p 00000000 00:00 0 
6b008000-6b088000 rw-p 00000000 00:00 0          [stack:6231]
6b088000-6b089000 ---p 00000000 00:00 0 
6b089000-6b111000 rw-p 00000000 00:00 0          [stack:6230]
6b111000-6b149000 rw-p 00000000 00:00 0 
6b149000-6b15f000 rw-p 00000000 00:00 0 
6b15f000-6b29f000 rw-p 00000000 00:00 0 
6b29f000-6b2a7000 rw-p 00000000 00:00 0 
6b2a7000-6b2df000 rw-p 00000000 00:00 0 
6b2df000-6b2f5000 rw-p 00000000 00:00 0 
6b2f5000-6b434000 rw-p 00000000 00:00 0 
6b434000-6b43f000 rw-p 00000000 00:00 0 
6b43f000-6b4df000 rw-p 00000000 00:00 0 
6b4df000-6c4e0000 rw-p 00000000 00:00 0 
6c4e0000-734e0000 rw-p 00000000 00:00 0 
734e0000-75f90000 rw-p 00000000 00:00 0 
75f90000-9df90000 rw-p 00000000 00:00 0 
9df90000-9f4e0000 rw-p 00000000 00:00 0 
9f4e0000-b34e0000 rw-p 00000000 00:00 0 
b34e0000-b34e2000 r-xp 00000000 08:01 16786      /usr/lib/i386-linux-gnu/libXau.so.6.0.0
b34e2000-b34e3000 r--p 00001000 08:01 16786      /usr/lib/i386-linux-gnu/libXau.so.6.0.0
b34e3000-b34e4000 rw-p 00002000 08:01 16786      /usr/lib/i386-linux-gnu/libXau.so.6.0.0
b34e4000-b34ed000 rw-p 00000000 00:00 0 
b34ed000-b35a4000 rw-p 00000000 00:00 0 
b35a4000-b37e4000 rwxp 00000000 00:00 0 
b37e4000-b65a4000 rw-p 00000000 00:00 0 
b65a4000-b65af000 r-xp 00000000 08:01 255736     /lib/i386-linux-gnu/libnss_files-2.15.so
b65af000-b65b0000 r--p 0000a000 08:01 255736     /lib/i386-linux-gnu/libnss_files-2.15.so
b65b0000-b65b1000 rw-p 0000b000 08:01 255736     /lib/i386-linux-gnu/libnss_files-2.15.so
b65b1000-b65bb000 r-xp 00000000 08:01 255735     /lib/i386-linux-gnu/libnss_nis-2.15.so
b65bb000-b65bc000 r--p 00009000 08:01 255735     /lib/i386-linux-gnu/libnss_nis-2.15.so
b65bc000-b65bd000 rw-p 0000a000 08:01 255735     /lib/i386-linux-gnu/libnss_nis-2.15.so
b65bd000-b65d3000 r-xp 00000000 08:01 252399     /lib/i386-linux-gnu/libnsl-2.15.so
b65d3000-b65d4000 r--p 00015000 08:01 252399     /lib/i386-linux-gnu/libnsl-2.15.so
b65d4000-b65d5000 rw-p 00016000 08:01 252399     /lib/i386-linux-gnu/libnsl-2.15.so
b65d5000-b65d7000 rw-p 00000000 00:00 0 
b65d7000-b65fd000 r-xp 00000000 08:01 1839598    /usr/lib/jvm/java-6-openjdk-i386/jre/lib/i386/libjava.so
b65fd000-b65fe000 r--p 00025000 08:01 1839598    /usr/lib/jvm/java-6-openjdk-i386/jre/lib/i386/libjava.so
b65fe000-b6600000 rw-p 00026000 08:01 1839598    /usr/lib/jvm/java-6-openjdk-i386/jre/lib/i386/libjava.so
b6600000-b6700000 rw-p 00000000 00:00 0 
b6700000-b6702000 r--s 0000f000 08:01 1838988    /usr/lib/jvm/java-6-openjdk-common/jre/lib/ext/pulse-java.jar
b6702000-b6705000 r--s 00077000 08:01 1838989    /usr/lib/jvm/java-6-openjdk-common/jre/lib/ext/localedata.jar
b6705000-b670c000 r-xp 00000000 08:01 255737     /lib/i386-linux-gnu/libnss_compat-2.15.so
b670c000-b670d000 r--p 00006000 08:01 255737     /lib/i386-linux-gnu/libnss_compat-2.15.so
b670d000-b670e000 rw-p 00007000 08:01 255737     /lib/i386-linux-gnu/libnss_compat-2.15.so
b670e000-b670f000 r--s 00007000 08:01 1839824    /usr/share/java/java-atk-wrapper.jar
b670f000-b6713000 r--s 00039000 08:01 1838987    /usr/lib/jvm/java-6-openjdk-common/jre/lib/ext/sunpkcs11.jar
b6713000-b671a000 r-xp 00000000 08:01 1839612    /usr/lib/jvm/java-6-openjdk-i386/jre/lib/i386/libzip.so
b671a000-b671b000 r--p 00006000 08:01 1839612    /usr/lib/jvm/java-6-openjdk-i386/jre/lib/i386/libzip.so
b671b000-b671c000 rw-p 00007000 08:01 1839612    /usr/lib/jvm/java-6-openjdk-i386/jre/lib/i386/libzip.so
b671c000-b6724000 rw-s 00000000 08:01 900712     /tmp/hsperfdata_chaol/6224
b6724000-b672b000 r-xp 00000000 08:01 252408     /lib/i386-linux-gnu/librt-2.15.so
b672b000-b672c000 r--p 00006000 08:01 252408     /lib/i386-linux-gnu/librt-2.15.so
b672c000-b672d000 rw-p 00007000 08:01 252408     /lib/i386-linux-gnu/librt-2.15.so
b672d000-b6730000 ---p 00000000 00:00 0 
b6730000-b677e000 rw-p 00000000 00:00 0          [stack:6229]
b677e000-b679a000 r-xp 00000000 08:01 252257     /lib/i386-linux-gnu/libgcc_s.so.1
b679a000-b679b000 r--p 0001b000 08:01 252257     /lib/i386-linux-gnu/libgcc_s.so.1
b679b000-b679c000 rw-p 0001c000 08:01 252257     /lib/i386-linux-gnu/libgcc_s.so.1
b679c000-b67c6000 r-xp 00000000 08:01 255734     /lib/i386-linux-gnu/libm-2.15.so
b67c6000-b67c7000 r--p 00029000 08:01 255734     /lib/i386-linux-gnu/libm-2.15.so
b67c7000-b67c8000 rw-p 0002a000 08:01 255734     /lib/i386-linux-gnu/libm-2.15.so
b67c8000-b68a0000 r-xp 00000000 08:01 17329      /usr/lib/i386-linux-gnu/libstdc++.so.6.0.16
b68a0000-b68a1000 ---p 000d8000 08:01 17329      /usr/lib/i386-linux-gnu/libstdc++.so.6.0.16
b68a1000-b68a5000 r--p 000d8000 08:01 17329      /usr/lib/i386-linux-gnu/libstdc++.so.6.0.16
b68a5000-b68a6000 rw-p 000dc000 08:01 17329      /usr/lib/i386-linux-gnu/libstdc++.so.6.0.16
b68a6000-b68ad000 rw-p 00000000 00:00 0 
b68ad000-b70cd000 r-xp 00000000 08:01 1839591    /usr/lib/jvm/java-6-openjdk-i386/jre/lib/i386/server/libjvm.so
b70cd000-b7112000 r--p 0081f000 08:01 1839591    /usr/lib/jvm/java-6-openjdk-i386/jre/lib/i386/server/libjvm.so
b7112000-b7121000 rw-p 00864000 08:01 1839591    /usr/lib/jvm/java-6-openjdk-i386/jre/lib/i386/server/libjvm.so
b7121000-b753d000 rw-p 00000000 00:00 0 
b753d000-b7551000 r-xp 00000000 08:01 252336     /lib/i386-linux-gnu/libz.so.1.2.3.4
b7551000-b7552000 r--p 00013000 08:01 252336     /lib/i386-linux-gnu/libz.so.1.2.3.4
b7552000-b7553000 rw-p 00014000 08:01 252336     /lib/i386-linux-gnu/libz.so.1.2.3.4
b7553000-b76f7000 r-xp 00000000 08:01 255739     /lib/i386-linux-gnu/libc-2.15.so
b76f7000-b76f9000 r--p 001a4000 08:01 255739     /lib/i386-linux-gnu/libc-2.15.so
b76f9000-b76fa000 rw-p 001a6000 08:01 255739     /lib/i386-linux-gnu/libc-2.15.so
b76fa000-b76fd000 rw-p 00000000 00:00 0 
b76fd000-b7700000 r-xp 00000000 08:01 255738     /lib/i386-linux-gnu/libdl-2.15.so
b7700000-b7701000 r--p 00002000 08:01 255738     /lib/i386-linux-gnu/libdl-2.15.so
b7701000-b7702000 rw-p 00003000 08:01 255738     /lib/i386-linux-gnu/libdl-2.15.so
b7702000-b7706000 r-xp 00000000 08:01 1839611    /usr/lib/jvm/java-6-openjdk-i386/jre/lib/i386/jli/libjli.so
b7706000-b7707000 r--p 00003000 08:01 1839611    /usr/lib/jvm/java-6-openjdk-i386/jre/lib/i386/jli/libjli.so
b7707000-b7708000 rw-p 00004000 08:01 1839611    /usr/lib/jvm/java-6-openjdk-i386/jre/lib/i386/jli/libjli.so
b7708000-b7709000 rw-p 00000000 00:00 0 
b7709000-b7720000 r-xp 00000000 08:01 252406     /lib/i386-linux-gnu/libpthread-2.15.so
b7720000-b7721000 r--p 00016000 08:01 252406     /lib/i386-linux-gnu/libpthread-2.15.so
b7721000-b7722000 rw-p 00017000 08:01 252406     /lib/i386-linux-gnu/libpthread-2.15.so
b7722000-b7724000 rw-p 00000000 00:00 0 
b7724000-b7726000 r--s 00001000 08:01 1838990    /usr/lib/jvm/java-6-openjdk-common/jre/lib/ext/dnsns.jar
b7726000-b7729000 r--s 00031000 08:01 1838991    /usr/lib/jvm/java-6-openjdk-common/jre/lib/ext/sunjce_provider.jar
b7729000-b772a000 r--p 005e0000 08:01 19412      /usr/lib/locale/locale-archive
b772a000-b772b000 rw-p 00000000 00:00 0 
b772b000-b772c000 r--p 00000000 00:00 0 
b772c000-b7737000 r-xp 00000000 08:01 1839627    /usr/lib/jvm/java-6-openjdk-i386/jre/lib/i386/libverify.so
b7737000-b7738000 ---p 0000b000 08:01 1839627    /usr/lib/jvm/java-6-openjdk-i386/jre/lib/i386/libverify.so
b7738000-b7739000 r--p 0000b000 08:01 1839627    /usr/lib/jvm/java-6-openjdk-i386/jre/lib/i386/libverify.so
b7739000-b773a000 rw-p 0000c000 08:01 1839627    /usr/lib/jvm/java-6-openjdk-i386/jre/lib/i386/libverify.so
b773a000-b773c000 rw-p 00000000 00:00 0 
b773c000-b773d000 r-xp 00000000 00:00 0          [vdso]
b773d000-b775d000 r-xp 00000000 08:01 252407     /lib/i386-linux-gnu/ld-2.15.so
b775d000-b775e000 r--p 0001f000 08:01 252407     /lib/i386-linux-gnu/ld-2.15.so
b775e000-b775f000 rw-p 00020000 08:01 252407     /lib/i386-linux-gnu/ld-2.15.so
bfcc6000-bfce8000 rw-p 00000000 00:00 0          [stack]

VM Arguments:
jvm_args: -Dfile.encoding=UTF-8 
java_command: com.adp.clocks.synergy2416.demo.MainWindow psplash:res/Background.png
Launcher Type: SUN_STANDARD

Environment Variables:
PATH=/usr/lib/lightdm/lightdm:/usr/local/sbin:/usr/local/bin:/usr/sbin:/usr/bin:/sbin:/bin:/usr/games
LD_LIBRARY_PATH=/usr/lib/jvm/java-6-openjdk-i386/jre/lib/i386/server:/usr/lib/jvm/java-6-openjdk-i386/jre/lib/i386:/usr/lib/jvm/java-6-openjdk-i386/jre/../lib/i386:/usr/lib/jni
SHELL=/bin/bash
DISPLAY=:0

Signal Handlers:
SIGSEGV: [libjvm.so+0x66e740], sa_mask[0]=0x7ffbfeff, sa_flags=0x10000004
SIGBUS: [libjvm.so+0x66e740], sa_mask[0]=0x7ffbfeff, sa_flags=0x10000004
SIGFPE: [libjvm.so+0x530480], sa_mask[0]=0x7ffbfeff, sa_flags=0x10000004
SIGPIPE: [libjvm.so+0x530480], sa_mask[0]=0x7ffbfeff, sa_flags=0x10000004
SIGXFSZ: [libjvm.so+0x530480], sa_mask[0]=0x7ffbfeff, sa_flags=0x10000004
SIGILL: [libjvm.so+0x530480], sa_mask[0]=0x7ffbfeff, sa_flags=0x10000004
SIGUSR1: SIG_DFL, sa_mask[0]=0x00000000, sa_flags=0x00000000
SIGUSR2: [libjvm.so+0x530310], sa_mask[0]=0x00000004, sa_flags=0x10000004
SIGHUP: [libjvm.so+0x5332a0], sa_mask[0]=0x7ffbfeff, sa_flags=0x10000004
SIGINT: [libjvm.so+0x5332a0], sa_mask[0]=0x7ffbfeff, sa_flags=0x10000004
SIGTERM: [libjvm.so+0x5332a0], sa_mask[0]=0x7ffbfeff, sa_flags=0x10000004
SIGQUIT: [libjvm.so+0x5332a0], sa_mask[0]=0x7ffbfeff, sa_flags=0x10000004


---------------  S Y S T E M  ---------------

OS:Ubuntu 12.04 (precise)
uname:Linux 3.8.0-35-generic #52~precise1-Ubuntu SMP Thu Jan 30 17:27:28 UTC 2014 i686
libc:glibc 2.15 NPTL 2.15 
rlimit: STACK 8192k, CORE 0k, NPROC 64475, NOFILE 4096, AS infinity
load average:0.34 0.60 1.26

/proc/meminfo:
MemTotal:        8269392 kB
MemFree:          581620 kB
Buffers:          275656 kB
Cached:          6299724 kB
SwapCached:            0 kB
Active:          4199060 kB
Inactive:        3225824 kB
Active(anon):     850424 kB
Inactive(anon):     2164 kB
Active(file):    3348636 kB
Inactive(file):  3223660 kB
Unevictable:          16 kB
Mlocked:              16 kB
HighTotal:       7457720 kB
HighFree:         441824 kB
LowTotal:         811672 kB
LowFree:          139796 kB
SwapTotal:             0 kB
SwapFree:              0 kB
Dirty:               196 kB
Writeback:             0 kB
AnonPages:        849508 kB
Mapped:           250896 kB
Shmem:              3084 kB
Slab:             173156 kB
SReclaimable:     144572 kB
SUnreclaim:        28584 kB
KernelStack:        5344 kB
PageTables:        11084 kB
NFS_Unstable:          0 kB
Bounce:                0 kB
WritebackTmp:          0 kB
CommitLimit:     4134696 kB
Committed_AS:    4134836 kB
VmallocTotal:     122880 kB
VmallocUsed:       60944 kB
VmallocChunk:      54772 kB
HardwareCorrupted:     0 kB
AnonHugePages:         0 kB
HugePages_Total:       0
HugePages_Free:        0
HugePages_Rsvd:        0
HugePages_Surp:        0
Hugepagesize:       2048 kB
DirectMap4k:      206840 kB
DirectMap2M:      706560 kB


CPU:total 8 (4 cores per cpu, 2 threads per core) family 6 model 42 stepping 7, cmov, cx8, fxsr, mmx, sse, sse2, sse3, ssse3, sse4.1, sse4.2, popcnt, ht

Memory: 4k page, physical 8269392k(581620k free), swap 0k(0k free)

vm_info: OpenJDK Server VM (20.0-b12) for linux-x86 JRE (1.6.0_27-b27), built on Nov 16 2013 15:21:31 by "buildd" with gcc 4.6.3

time: Wed Feb 19 10:34:20 2014
elapsed time: 1 seconds

