#
# A fatal error has been detected by the Java Runtime Environment:
#
#  SIGSEGV (0xb) at pc=0x68a748b7, pid=12971, tid=1747974976
#
# JRE version: 6.0_27-b27
# Java VM: OpenJDK Server VM (20.0-b12 mixed mode linux-x86 )
# Derivative: IcedTea6 1.12.6
# Distribution: Ubuntu 12.04 LTS, package 6b27-1.12.6-1ubuntu0.12.04.4
# Problematic frame:
# C  [libsynergy2416.so+0x48b7]  _get_enroll_count+0x22
#
# If you would like to submit a bug report, please include
# instructions how to reproduce the bug and visit:
#   https://bugs.launchpad.net/ubuntu/+source/openjdk-6/
# The crash happened outside the Java Virtual Machine in native code.
# See problematic frame for where to report the bug.
#

---------------  T H R E A D  ---------------

Current thread (0x687f1c00):  JavaThread "SwingWorker-pool-2-thread-1" [_thread_in_native, id=13006, stack(0x682af000,0x68300000)]

siginfo:si_signo=SIGSEGV: si_errno=0, si_code=1 (SEGV_MAPERR), si_addr=0x00000000

Registers:
EAX=0x00000000, EBX=0x6c007a90, ECX=0x687f1d20, EDX=0x00000000
ESP=0x682fec90, EBP=0x682feca0, ESI=0x6c007a90, EDI=0x687f1c00
EIP=0x68a748b7, EFLAGS=0x00210297, CR2=0x00000000

Top of Stack: (sp=0x682fec90)
0x682fec90:   b6cc8d60 6960aa44 00000000 00000000
0x682feca0:   682feca8 68a75261 682fece8 68a73fc3
0x682fecb0:   682fed60 682fed30 b36127d4 b3602688
0x682fecc0:   00000000 682fed50 682fed30 00000000
0x682fecd0:   00000000 6c007a90 687f1c00 682fed20
0x682fece0:   b360a548 687f1c00 682fed20 b360a64a
0x682fecf0:   687f1d20 682fed28 682fed60 682fed60
0x682fed00:   682fed00 6c007a90 682fed2c 6c008850 

Instructions: (pc=0x68a748b7)
0x68a74897:   e5 83 ec 10 c7 45 f8 00 00 00 00 c7 45 fc 00 00
0x68a748a7:   00 00 eb 1b 8b 15 e4 9a a7 68 8b 45 fc 8d 04 02
0x68a748b7:   0f b6 00 84 c0 74 04 83 45 f8 01 83 45 fc 01 a1
0x68a748c7:   10 90 a7 68 39 45 fc 7c db 8b 45 f8 c9 c3 55 89 

Register to memory mapping:

EAX=0x00000000 is an unknown value
EBX=0x6c007a90 is an oop
{method} 
 - klass: {other class}
ECX=0x687f1d20 is an unknown value
EDX=0x00000000 is an unknown value
ESP=0x682fec90 is pointing into the stack for thread: 0x687f1c00
EBP=0x682feca0 is pointing into the stack for thread: 0x687f1c00
ESI=0x6c007a90 is an oop
{method} 
 - klass: {other class}
EDI=0x687f1c00 is a thread


Stack: [0x682af000,0x68300000],  sp=0x682fec90,  free space=319k
Native frames: (J=compiled Java code, j=interpreted, Vv=VM code, C=native code)
C  [libsynergy2416.so+0x48b7]  _get_enroll_count+0x22
C  [libsynergy2416.so+0x5261]  hlpGetEnrollCount+0x8
C  [libsynergy2416.so+0x3fc3]  Java_com_adp_clocks_synergy2416_demo_FPU_FP_1IDENTIFY_1EMPLOYEE+0x19
j  com.adp.clocks.synergy2416.demo.FPU.FP_IDENTIFY_EMPLOYEE()I+0
j  com.adp.clocks.synergy2416.demo.FPU.identifyEmployee()Ljava/lang/String;+0
j  com.adp.clocks.synergy2416.demo.WelcomeForm$IdentifyEmployee.doInBackground()Ljava/lang/String;+0
j  com.adp.clocks.synergy2416.demo.WelcomeForm$IdentifyEmployee.doInBackground()Ljava/lang/Object;+1
j  javax.swing.SwingWorker$1.call()Ljava/lang/Object;+14
j  java.util.concurrent.FutureTask$Sync.innerRun()V+29
j  java.util.concurrent.FutureTask.run()V+4
j  javax.swing.SwingWorker.run()V+4
j  java.util.concurrent.ThreadPoolExecutor.runWorker(Ljava/util/concurrent/ThreadPoolExecutor$Worker;)V+95
j  java.util.concurrent.ThreadPoolExecutor$Worker.run()V+5
j  java.lang.Thread.run()V+11
v  ~StubRoutines::call_stub
V  [libjvm.so+0x39b846]  JavaCalls::call_helper(JavaValue*, methodHandle*, JavaCallArguments*, Thread*)+0x2c6

Java frames: (J=compiled Java code, j=interpreted, Vv=VM code)
j  com.adp.clocks.synergy2416.demo.FPU.FP_IDENTIFY_EMPLOYEE()I+0
j  com.adp.clocks.synergy2416.demo.FPU.identifyEmployee()Ljava/lang/String;+0
j  com.adp.clocks.synergy2416.demo.WelcomeForm$IdentifyEmployee.doInBackground()Ljava/lang/String;+0
j  com.adp.clocks.synergy2416.demo.WelcomeForm$IdentifyEmployee.doInBackground()Ljava/lang/Object;+1
j  javax.swing.SwingWorker$1.call()Ljava/lang/Object;+14
j  java.util.concurrent.FutureTask$Sync.innerRun()V+29
j  java.util.concurrent.FutureTask.run()V+4
j  javax.swing.SwingWorker.run()V+4
j  java.util.concurrent.ThreadPoolExecutor.runWorker(Ljava/util/concurrent/ThreadPoolExecutor$Worker;)V+95
j  java.util.concurrent.ThreadPoolExecutor$Worker.run()V+5
j  java.lang.Thread.run()V+11
v  ~StubRoutines::call_stub

---------------  P R O C E S S  ---------------

Java Threads: ( => current thread )
  0xb6605c00 JavaThread "DestroyJavaVM" [_thread_blocked, id=12976, stack(0xb67b1000,0xb6802000)]
=>0x687f1c00 JavaThread "SwingWorker-pool-2-thread-1" [_thread_in_native, id=13006, stack(0x682af000,0x68300000)]
  0x6877d800 JavaThread "pool-1-thread-1 - v4l4j push source" [_thread_in_native, id=13001, stack(0x6843a000,0x6848b000)]
  0x68739c00 JavaThread "Timer-0" [_thread_blocked, id=13000, stack(0x68c26000,0x68c77000)]
  0x6872e000 JavaThread "TimerQueue" daemon [_thread_blocked, id=12999, stack(0x68c77000,0x68cc8000)]
  0x69cc9000 JavaThread "Image Fetcher 0" daemon [_thread_blocked, id=12998, stack(0x68cc8000,0x68d19000)]
  0x68f3ac00 JavaThread "AWT-EventQueue-0" [_thread_blocked, id=12997, stack(0x6914f000,0x691a0000)]
  0x68f39800 JavaThread "AWT-Shutdown" [_thread_blocked, id=12996, stack(0x691a0000,0x691f1000)]
  0x698ff800 JavaThread "AWT-XAWT" daemon [_thread_in_native, id=12995, stack(0x6972e000,0x6977f000)]
  0x6988a000 JavaThread "Java2D Disposer" daemon [_thread_blocked, id=12994, stack(0x69f19000,0x69f6a000)]
  0x69806400 JavaThread "Low Memory Detector" daemon [_thread_blocked, id=12991, stack(0x6a72e000,0x6a77f000)]
  0x69804800 JavaThread "C2 CompilerThread1" daemon [_thread_blocked, id=12990, stack(0x6977f000,0x69800000)]
  0x69802800 JavaThread "C2 CompilerThread0" daemon [_thread_in_native, id=12989, stack(0x69f6a000,0x69feb000)]
  0x69801400 JavaThread "Signal Dispatcher" daemon [_thread_blocked, id=12988, stack(0x6a92e000,0x6a97f000)]
  0xb66f0c00 JavaThread "Finalizer" daemon [_thread_blocked, id=12987, stack(0x6ab2e000,0x6ab7f000)]
  0xb66ef400 JavaThread "Reference Handler" daemon [_thread_blocked, id=12986, stack(0x6ae2e000,0x6ae7f000)]

Other Threads:
  0xb66ec800 VMThread [stack: 0x69feb000,0x6a06c000] [id=12985]
  0x69810400 WatcherThread [stack: 0x6947f000,0x69500000] [id=12992]

VM state:not at safepoint (normal execution)

VM Mutex/Monitor currently owned by a thread: None

Heap
 PSYoungGen      total 19136K, used 9224K [0x9dff0000, 0x9f540000, 0xb3540000)
  eden space 16448K, 39% used [0x9dff0000,0x9e654860,0x9f000000)
  from space 2688K, 99% used [0x9f000000,0x9f29d7a8,0x9f2a0000)
  to   space 2688K, 0% used [0x9f2a0000,0x9f2a0000,0x9f540000)
 PSOldGen        total 43712K, used 0K [0x73540000, 0x75ff0000, 0x9dff0000)
  object space 43712K, 0% used [0x73540000,0x73540000,0x75ff0000)
 PSPermGen       total 16384K, used 11210K [0x6b540000, 0x6c540000, 0x73540000)
  object space 16384K, 68% used [0x6b540000,0x6c032a58,0x6c540000)

Code Cache  [0xb3600000, 0xb3840000, 0xb6600000)
 total_blobs=340 nmethods=107 adapters=185 free_code_cache=49672576 largest_free_block=7104

Dynamic libraries:
08048000-08051000 r-xp 00000000 08:01 1839571    /usr/lib/jvm/java-6-openjdk-i386/jre/bin/java
08051000-08052000 r--p 00008000 08:01 1839571    /usr/lib/jvm/java-6-openjdk-i386/jre/bin/java
08052000-08053000 rw-p 00009000 08:01 1839571    /usr/lib/jvm/java-6-openjdk-i386/jre/bin/java
09d34000-09db3000 rw-p 00000000 00:00 0          [heap]
68100000-68158000 rw-p 00000000 00:00 0 
68158000-68200000 ---p 00000000 00:00 0 
682af000-682b2000 ---p 00000000 00:00 0 
682b2000-68300000 rw-p 00000000 00:00 0          [stack:13006]
68300000-68399000 rw-p 00000000 00:00 0 
68399000-68400000 ---p 00000000 00:00 0 
6843a000-6843d000 ---p 00000000 00:00 0 
6843d000-6848b000 rw-p 00000000 00:00 0          [stack:13001]
6848b000-684ac000 r-xp 00000000 08:01 17358      /usr/lib/i386-linux-gnu/libv4lconvert.so.0
684ac000-684ad000 r--p 00021000 08:01 17358      /usr/lib/i386-linux-gnu/libv4lconvert.so.0
684ad000-684ae000 rw-p 00022000 08:01 17358      /usr/lib/i386-linux-gnu/libv4lconvert.so.0
684ae000-68500000 rw-p 00000000 00:00 0 
68500000-685ff000 rw-p 00000000 00:00 0 
685ff000-68600000 ---p 00000000 00:00 0 
68600000-686fe000 rw-p 00000000 00:00 0 
686fe000-68700000 ---p 00000000 00:00 0 
68700000-687f6000 rw-p 00000000 00:00 0 
687f6000-68800000 ---p 00000000 00:00 0 
68800000-688f8000 rw-p 00000000 00:00 0 
688f8000-68900000 ---p 00000000 00:00 0 
68900000-689cc000 rw-p 00000000 00:00 0 
689cc000-68a00000 ---p 00000000 00:00 0 
68a0a000-68a12000 rw-s 00018000 00:05 8893       /dev/video0
68a12000-68a1a000 rw-s 00010000 00:05 8893       /dev/video0
68a1a000-68a22000 rw-s 00008000 00:05 8893       /dev/video0
68a22000-68a2a000 rw-s 00000000 00:05 8893       /dev/video0
68a70000-68a78000 r-xp 00000000 08:01 524557     /usr/lib/jni/libsynergy2416.so
68a78000-68a79000 r--p 00007000 08:01 524557     /usr/lib/jni/libsynergy2416.so
68a79000-68a7a000 rw-p 00008000 08:01 524557     /usr/lib/jni/libsynergy2416.so
68a7a000-68b00000 rw-p 00000000 00:00 0 
68b00000-68c00000 rw-p 00000000 00:00 0 
68c00000-68c13000 r-xp 00000000 08:01 8712       /usr/lib/libvideo.so.0
68c13000-68c14000 r--p 00012000 08:01 8712       /usr/lib/libvideo.so.0
68c14000-68c15000 rw-p 00013000 08:01 8712       /usr/lib/libvideo.so.0
68c15000-68c24000 r-xp 00000000 08:01 524448     /usr/lib/jni/libv4l4j.so
68c24000-68c25000 r--p 0000e000 08:01 524448     /usr/lib/jni/libv4l4j.so
68c25000-68c26000 rw-p 0000f000 08:01 524448     /usr/lib/jni/libv4l4j.so
68c26000-68c29000 ---p 00000000 00:00 0 
68c29000-68c77000 rw-p 00000000 00:00 0          [stack:13000]
68c77000-68c7a000 ---p 00000000 00:00 0 
68c7a000-68cc8000 rw-p 00000000 00:00 0          [stack:12999]
68cc8000-68ccb000 ---p 00000000 00:00 0 
68ccb000-68d19000 rw-p 00000000 00:00 0          [stack:12998]
68d19000-68d67000 r--s 008b6000 08:01 2243423    /opt/eclipse-standard/plugins/com.ibm.icu_50.1.1.v201304230130.jar
68d67000-68da9000 r--s 00367000 08:01 2243377    /opt/eclipse-standard/plugins/org.eclipse.ui.workbench_3.105.1.v20130821-1411.jar
68da9000-68dee000 r-xp 00000000 08:01 11892      /usr/lib/i386-linux-gnu/libjpeg.so.8.0.2
68dee000-68def000 r--p 00044000 08:01 11892      /usr/lib/i386-linux-gnu/libjpeg.so.8.0.2
68def000-68df0000 rw-p 00045000 08:01 11892      /usr/lib/i386-linux-gnu/libjpeg.so.8.0.2
68df0000-68e00000 rw-p 00000000 00:00 0 
68e00000-68ee7000 rw-p 00000000 00:00 0 
68ee7000-68f00000 ---p 00000000 00:00 0 
68f00000-68f3c000 rw-p 00000000 00:00 0 
68f3c000-69000000 ---p 00000000 00:00 0 
69000000-690fa000 rw-p 00000000 00:00 0 
690fa000-69100000 ---p 00000000 00:00 0 
69100000-69107000 r--s 00000000 08:01 14251      /usr/lib/i386-linux-gnu/gconv/gconv-modules.cache
69107000-6910f000 r-xp 00000000 08:01 1839626    /usr/lib/jvm/java-6-openjdk-i386/jre/lib/i386/libnio.so
6910f000-69110000 r--p 00007000 08:01 1839626    /usr/lib/jvm/java-6-openjdk-i386/jre/lib/i386/libnio.so
69110000-69111000 rw-p 00008000 08:01 1839626    /usr/lib/jvm/java-6-openjdk-i386/jre/lib/i386/libnio.so
69111000-69126000 r-xp 00000000 08:01 1839614    /usr/lib/jvm/java-6-openjdk-i386/jre/lib/i386/libnet.so
69126000-69127000 r--p 00014000 08:01 1839614    /usr/lib/jvm/java-6-openjdk-i386/jre/lib/i386/libnet.so
69127000-69128000 rw-p 00015000 08:01 1839614    /usr/lib/jvm/java-6-openjdk-i386/jre/lib/i386/libnet.so
69128000-6913b000 r--s 000e0000 08:01 2243213    /opt/eclipse-standard/plugins/org.eclipse.jface.text_3.8.101.v20130802-1147.jar
6913b000-6914f000 r--s 000f9000 08:01 2243526    /opt/eclipse-standard/plugins/org.eclipse.jface_3.9.1.v20130725-1141.jar
6914f000-69152000 ---p 00000000 00:00 0 
69152000-691a0000 rw-p 00000000 00:00 0          [stack:12997]
691a0000-691a3000 ---p 00000000 00:00 0 
691a3000-691f1000 rw-p 00000000 00:00 0          [stack:12996]
691f1000-69286000 r-xp 00000000 08:01 16989      /usr/lib/i386-linux-gnu/libfreetype.so.6.8.0
69286000-6928a000 r--p 00094000 08:01 16989      /usr/lib/i386-linux-gnu/libfreetype.so.6.8.0
6928a000-6928b000 rw-p 00098000 08:01 16989      /usr/lib/i386-linux-gnu/libfreetype.so.6.8.0
6928b000-693bb000 r-xp 00000000 08:01 14323      /usr/lib/i386-linux-gnu/libX11.so.6.3.0
693bb000-693bc000 r--p 0012f000 08:01 14323      /usr/lib/i386-linux-gnu/libX11.so.6.3.0
693bc000-693be000 rw-p 00130000 08:01 14323      /usr/lib/i386-linux-gnu/libX11.so.6.3.0
693be000-693bf000 rw-p 00000000 00:00 0 
693bf000-69453000 r-xp 00000000 08:01 1839605    /usr/lib/jvm/java-6-openjdk-i386/jre/lib/i386/libawt.so
69453000-69454000 r--p 00093000 08:01 1839605    /usr/lib/jvm/java-6-openjdk-i386/jre/lib/i386/libawt.so
69454000-6945b000 rw-p 00094000 08:01 1839605    /usr/lib/jvm/java-6-openjdk-i386/jre/lib/i386/libawt.so
6945b000-6947f000 rw-p 00000000 00:00 0 
6947f000-69480000 ---p 00000000 00:00 0 
69480000-69500000 rw-p 00000000 00:00 0          [stack:12992]
69500000-695ff000 rw-p 00000000 00:00 0 
695ff000-69600000 ---p 00000000 00:00 0 
69600000-696ff000 rw-p 00000000 00:00 0 
696ff000-69700000 ---p 00000000 00:00 0 
69704000-6972c000 r-xp 00000000 08:01 252306     /lib/i386-linux-gnu/libpng12.so.0.46.0
6972c000-6972d000 r--p 00027000 08:01 252306     /lib/i386-linux-gnu/libpng12.so.0.46.0
6972d000-6972e000 rw-p 00028000 08:01 252306     /lib/i386-linux-gnu/libpng12.so.0.46.0
6972e000-69731000 ---p 00000000 00:00 0 
69731000-6977f000 rw-p 00000000 00:00 0          [stack:12995]
6977f000-69782000 ---p 00000000 00:00 0 
69782000-69800000 rw-p 00000000 00:00 0          [stack:12990]
69800000-69900000 rw-p 00000000 00:00 0 
69900000-69921000 rw-p 00000000 00:00 0 
69921000-69a00000 ---p 00000000 00:00 0 
69a00000-69c00000 r--p 00000000 08:01 19412      /usr/lib/locale/locale-archive
69c00000-69cff000 rw-p 00000000 00:00 0 
69cff000-69d00000 ---p 00000000 00:00 0 
69d00000-69d21000 rw-p 00000000 00:00 0 
69d21000-69e00000 ---p 00000000 00:00 0 
69e00000-69e5e000 rw-p 00000000 00:00 0 
69e5e000-69f00000 ---p 00000000 00:00 0 
69f04000-69f19000 r--s 0023a000 08:01 2243675    /opt/eclipse-standard/plugins/org.eclipse.swt.gtk.linux.x86_3.102.1.v20130827-2048.jar
69f19000-69f1c000 ---p 00000000 00:00 0 
69f1c000-69f6a000 rw-p 00000000 00:00 0          [stack:12994]
69f6a000-69f6d000 ---p 00000000 00:00 0 
69f6d000-69feb000 rw-p 00000000 00:00 0          [stack:12989]
69feb000-69fec000 ---p 00000000 00:00 0 
69fec000-6a06c000 rw-p 00000000 00:00 0          [stack:12985]
6a06c000-6a200000 r--s 03822000 08:01 1839584    /usr/lib/jvm/java-6-openjdk-i386/jre/lib/rt.jar
6a200000-6a221000 rw-p 00000000 00:00 0 
6a221000-6a300000 ---p 00000000 00:00 0 
6a305000-6a308000 r--s 0007f000 08:01 1839014    /usr/lib/jvm/java-6-openjdk-common/jre/lib/jsse.jar
6a308000-6a30b000 r--s 00019000 08:01 864259     /home/chaol/workspace-java/ADP-Demo-GUI/src/com/adp/clocks/synergy2416/res/v4l4j.jar
6a30b000-6a310000 r--s 00045000 08:01 2243421    /opt/eclipse-standard/plugins/org.eclipse.ui.forms_3.6.1.v20130822-1117.jar
6a310000-6a315000 r--s 00038000 08:01 2243571    /opt/eclipse-standard/plugins/org.eclipse.text_3.5.300.v20130515-1451.jar
6a315000-6a31d000 r-xp 00000000 08:01 1839774    /usr/lib/i386-linux-gnu/libgif.so.4.1.6
6a31d000-6a31e000 r--p 00007000 08:01 1839774    /usr/lib/i386-linux-gnu/libgif.so.4.1.6
6a31e000-6a31f000 rw-p 00008000 08:01 1839774    /usr/lib/i386-linux-gnu/libgif.so.4.1.6
6a321000-6a335000 r--s 00140000 08:01 2243684    /opt/eclipse-standard/plugins/org.eclipse.osgi_3.9.1.v20130814-1242.jar
6a335000-6a37d000 r-xp 00000000 08:01 1839595    /usr/lib/jvm/java-6-openjdk-i386/jre/lib/i386/libfontmanager.so
6a37d000-6a37e000 r--p 00048000 08:01 1839595    /usr/lib/jvm/java-6-openjdk-i386/jre/lib/i386/libfontmanager.so
6a37e000-6a37f000 rw-p 00049000 08:01 1839595    /usr/lib/jvm/java-6-openjdk-i386/jre/lib/i386/libfontmanager.so
6a37f000-6a380000 ---p 00000000 00:00 0 
6a380000-6a400000 rw-p 00000000 00:00 0          [stack:12984]
6a400000-6a421000 rw-p 00000000 00:00 0 
6a421000-6a500000 ---p 00000000 00:00 0 
6a502000-6a505000 r--s 0002a000 08:01 2243555    /opt/eclipse-standard/plugins/org.eclipse.equinox.registry_3.5.301.v20130717-1549.jar
6a505000-6a509000 r-xp 00000000 08:01 13641      /usr/lib/i386-linux-gnu/libXfixes.so.3.1.0
6a509000-6a50a000 r--p 00004000 08:01 13641      /usr/lib/i386-linux-gnu/libXfixes.so.3.1.0
6a50a000-6a50b000 rw-p 00005000 08:01 13641      /usr/lib/i386-linux-gnu/libXfixes.so.3.1.0
6a50b000-6a50c000 r--s 00000000 08:01 3570       /var/cache/fontconfig/c05880de57d1f5e948fdfacc138775d9-le32d4.cache-3
6a50c000-6a512000 r--s 00000000 08:01 3565       /var/cache/fontconfig/945677eb7aeaf62f1d50efc3fb3ec7d8-le32d4.cache-3
6a512000-6a515000 r--s 00000000 08:01 519519     /var/cache/fontconfig/99e8ed0e538f840c565b6ed5dad60d56-le32d4.cache-3
6a515000-6a518000 r--s 00000000 08:01 3552       /var/cache/fontconfig/2cd17615ca594fa2959ae173292e504c-le32d4.cache-3
6a518000-6a519000 r--s 00000000 08:01 3577       /var/cache/fontconfig/e7071f4a29fa870f4323321c154eba04-le32d4.cache-3
6a519000-6a51d000 r--s 00000000 08:01 3567       /var/cache/fontconfig/a755afe4a08bf5b97852ceb7400b47bc-le32d4.cache-3
6a51d000-6a524000 r--s 00000000 08:01 1579180    /var/cache/fontconfig/6d41288fd70b0be22e8c3a91e032eec0-le32d4.cache-3
6a524000-6a52f000 r--s 00000000 08:01 3549       /var/cache/fontconfig/04aabc0a78ac019cf9454389977116d2-le32d4.cache-3
6a52f000-6a57b000 r-xp 00000000 08:01 1839789    /usr/lib/jvm/java-6-openjdk-i386/jre/lib/i386/xawt/libmawt.so
6a57b000-6a57c000 r--p 0004b000 08:01 1839789    /usr/lib/jvm/java-6-openjdk-i386/jre/lib/i386/xawt/libmawt.so
6a57c000-6a57e000 rw-p 0004c000 08:01 1839789    /usr/lib/jvm/java-6-openjdk-i386/jre/lib/i386/xawt/libmawt.so
6a57e000-6a57f000 rw-p 00000000 00:00 0 
6a57f000-6a580000 ---p 00000000 00:00 0 
6a580000-6a600000 rw-p 00000000 00:00 0          [stack:12983]
6a600000-6a621000 rw-p 00000000 00:00 0 
6a621000-6a700000 ---p 00000000 00:00 0 
6a700000-6a701000 r--s 00000000 08:01 3550       /var/cache/fontconfig/0d8c3b2ac0904cb8a57a757ad11a4a08-le32d4.cache-3
6a701000-6a704000 r--s 00000000 08:01 3555       /var/cache/fontconfig/385c0604a188198f04d133e54aba7fe7-le32d4.cache-3
6a705000-6a706000 rw-p 00000000 00:00 0 
6a706000-6a70f000 r-xp 00000000 08:01 16793      /usr/lib/i386-linux-gnu/libXcursor.so.1.0.2
6a70f000-6a710000 r--p 00008000 08:01 16793      /usr/lib/i386-linux-gnu/libXcursor.so.1.0.2
6a710000-6a711000 rw-p 00009000 08:01 16793      /usr/lib/i386-linux-gnu/libXcursor.so.1.0.2
6a711000-6a713000 r--s 00010000 08:01 2243198    /opt/eclipse-standard/plugins/org.eclipse.core.runtime_3.9.0.v20130326-1255.jar
6a713000-6a716000 r--s 00018000 08:01 2243752    /opt/eclipse-standard/plugins/org.eclipse.equinox.common_3.6.200.v20130402-1505.jar
6a716000-6a719000 r--s 00018000 08:01 2243511    /opt/eclipse-standard/plugins/org.eclipse.core.commands_3.6.100.v20130515-1857.jar
6a719000-6a71a000 rw-p 00000000 00:00 0 
6a71a000-6a723000 r-xp 00000000 08:01 1839791    /usr/lib/jvm/java-6-openjdk-i386/jre/lib/i386/libsplashscreen.so
6a723000-6a724000 r--p 00008000 08:01 1839791    /usr/lib/jvm/java-6-openjdk-i386/jre/lib/i386/libsplashscreen.so
6a724000-6a725000 rw-p 00009000 08:01 1839791    /usr/lib/jvm/java-6-openjdk-i386/jre/lib/i386/libsplashscreen.so
6a725000-6a727000 rw-p 00000000 00:00 0 
6a727000-6a72e000 r--s 000fc000 08:01 1838998    /usr/lib/jvm/java-6-openjdk-common/jre/lib/resources.jar
6a72e000-6a731000 ---p 00000000 00:00 0 
6a731000-6a77f000 rw-p 00000000 00:00 0          [stack:12991]
6a77f000-6a780000 ---p 00000000 00:00 0 
6a780000-6a800000 rw-p 00000000 00:00 0          [stack:12982]
6a800000-6a821000 rw-p 00000000 00:00 0 
6a821000-6a900000 ---p 00000000 00:00 0 
6a900000-6a901000 r--s 00000000 08:01 3572       /var/cache/fontconfig/4794a0821666d79190d59a36cb4f44b5-le32d4.cache-3
6a901000-6a905000 r--s 00000000 08:01 3553       /var/cache/fontconfig/3047814df9a2f067bd2d96a2b9c36e5a-le32d4.cache-3
6a905000-6a906000 r--s 00000000 08:01 3570       /var/cache/fontconfig/c05880de57d1f5e948fdfacc138775d9-le32d4.cache-3
6a906000-6a90c000 r--s 00000000 08:01 3565       /var/cache/fontconfig/945677eb7aeaf62f1d50efc3fb3ec7d8-le32d4.cache-3
6a90c000-6a90f000 r--s 00000000 08:01 519519     /var/cache/fontconfig/99e8ed0e538f840c565b6ed5dad60d56-le32d4.cache-3
6a90f000-6a912000 r--s 00000000 08:01 3552       /var/cache/fontconfig/2cd17615ca594fa2959ae173292e504c-le32d4.cache-3
6a912000-6a913000 r--s 00000000 08:01 3577       /var/cache/fontconfig/e7071f4a29fa870f4323321c154eba04-le32d4.cache-3
6a913000-6a914000 r--s 00000000 08:01 3550       /var/cache/fontconfig/0d8c3b2ac0904cb8a57a757ad11a4a08-le32d4.cache-3
6a914000-6a918000 r--s 00000000 08:01 3567       /var/cache/fontconfig/a755afe4a08bf5b97852ceb7400b47bc-le32d4.cache-3
6a918000-6a91f000 r--s 00000000 08:01 1579180    /var/cache/fontconfig/6d41288fd70b0be22e8c3a91e032eec0-le32d4.cache-3
6a91f000-6a92a000 r--s 00000000 08:01 3549       /var/cache/fontconfig/04aabc0a78ac019cf9454389977116d2-le32d4.cache-3
6a92a000-6a92d000 r--s 00000000 08:01 3555       /var/cache/fontconfig/385c0604a188198f04d133e54aba7fe7-le32d4.cache-3
6a92d000-6a92e000 r--s 00000000 08:01 3572       /var/cache/fontconfig/4794a0821666d79190d59a36cb4f44b5-le32d4.cache-3
6a92e000-6a931000 ---p 00000000 00:00 0 
6a931000-6a97f000 rw-p 00000000 00:00 0          [stack:12988]
6a97f000-6a980000 ---p 00000000 00:00 0 
6a980000-6aa00000 rw-p 00000000 00:00 0          [stack:12981]
6aa00000-6aa21000 rw-p 00000000 00:00 0 
6aa21000-6ab00000 ---p 00000000 00:00 0 
6ab00000-6ab04000 r--s 00000000 08:01 3553       /var/cache/fontconfig/3047814df9a2f067bd2d96a2b9c36e5a-le32d4.cache-3
6ab04000-6ab07000 r--s 00000000 08:01 3564       /var/cache/fontconfig/8801497958630a81b71ace7c5f9b32a8-le32d4.cache-3
6ab07000-6ab08000 r--s 00000000 08:01 3558       /var/cache/fontconfig/56cf4f4769d0f4abc89a4895d7bd3ae1-le32d4.cache-3
6ab08000-6ab09000 r--s 00000000 08:01 3569       /var/cache/fontconfig/b9d506c9ac06c20b433354fa67a72993-le32d4.cache-3
6ab09000-6ab0d000 r--s 00000000 08:01 3568       /var/cache/fontconfig/b47c4e1ecd0709278f4910c18777a504-le32d4.cache-3
6ab0d000-6ab1a000 r--s 00000000 08:01 3573       /var/cache/fontconfig/d52a8644073d54c13679302ca1180695-le32d4.cache-3
6ab1a000-6ab23000 r--s 00000000 08:01 519518     /var/cache/fontconfig/089dead882dea3570ffc31a9898cfb69-le32d4.cache-3
6ab23000-6ab2b000 r--s 00000000 08:01 11176      /var/cache/fontconfig/e13b20fdb08344e0e664864cc2ede53d-le32d4.cache-3
6ab2b000-6ab2e000 r--s 00000000 08:01 519517     /var/cache/fontconfig/7ef2298fde41cc6eeb7af42e48b7d293-le32d4.cache-3
6ab2e000-6ab31000 ---p 00000000 00:00 0 
6ab31000-6ab7f000 rw-p 00000000 00:00 0          [stack:12987]
6ab7f000-6ab80000 ---p 00000000 00:00 0 
6ab80000-6ac00000 rw-p 00000000 00:00 0          [stack:12980]
6ac00000-6ac21000 rw-p 00000000 00:00 0 
6ac21000-6ad00000 ---p 00000000 00:00 0 
6ad00000-6ad21000 rw-p 00000000 00:00 0 
6ad21000-6ae00000 ---p 00000000 00:00 0 
6ae00000-6ae0d000 r--s 00000000 08:01 3573       /var/cache/fontconfig/d52a8644073d54c13679302ca1180695-le32d4.cache-3
6ae0d000-6ae2c000 r-xp 00000000 08:01 17393      /usr/lib/i386-linux-gnu/libxcb.so.1.1.0
6ae2c000-6ae2d000 r--p 0001f000 08:01 17393      /usr/lib/i386-linux-gnu/libxcb.so.1.1.0
6ae2d000-6ae2e000 rw-p 00020000 08:01 17393      /usr/lib/i386-linux-gnu/libxcb.so.1.1.0
6ae2e000-6ae31000 ---p 00000000 00:00 0 
6ae31000-6ae7f000 rw-p 00000000 00:00 0          [stack:12986]
6ae7f000-6ae80000 ---p 00000000 00:00 0 
6ae80000-6af00000 rw-p 00000000 00:00 0          [stack:12979]
6af00000-6af21000 rw-p 00000000 00:00 0 
6af21000-6b000000 ---p 00000000 00:00 0 
6b000000-6b003000 r--s 00000000 08:01 3564       /var/cache/fontconfig/8801497958630a81b71ace7c5f9b32a8-le32d4.cache-3
6b003000-6b007000 r--s 00000000 08:01 3568       /var/cache/fontconfig/b47c4e1ecd0709278f4910c18777a504-le32d4.cache-3
6b007000-6b00c000 r-xp 00000000 08:01 16797      /usr/lib/i386-linux-gnu/libXdmcp.so.6.0.0
6b00c000-6b00d000 r--p 00004000 08:01 16797      /usr/lib/i386-linux-gnu/libXdmcp.so.6.0.0
6b00d000-6b00e000 rw-p 00005000 08:01 16797      /usr/lib/i386-linux-gnu/libXdmcp.so.6.0.0
6b00e000-6b010000 r-xp 00000000 08:01 16786      /usr/lib/i386-linux-gnu/libXau.so.6.0.0
6b010000-6b011000 r--p 00001000 08:01 16786      /usr/lib/i386-linux-gnu/libXau.so.6.0.0
6b011000-6b012000 rw-p 00002000 08:01 16786      /usr/lib/i386-linux-gnu/libXau.so.6.0.0
6b012000-6b021000 r-xp 00000000 08:01 8381       /usr/lib/i386-linux-gnu/libXi.so.6.1.0
6b021000-6b022000 r--p 0000e000 08:01 8381       /usr/lib/i386-linux-gnu/libXi.so.6.1.0
6b022000-6b023000 rw-p 0000f000 08:01 8381       /usr/lib/i386-linux-gnu/libXi.so.6.1.0
6b023000-6b028000 r-xp 00000000 08:01 16825      /usr/lib/i386-linux-gnu/libXtst.so.6.1.0
6b028000-6b029000 r--p 00004000 08:01 16825      /usr/lib/i386-linux-gnu/libXtst.so.6.1.0
6b029000-6b02a000 rw-p 00005000 08:01 16825      /usr/lib/i386-linux-gnu/libXtst.so.6.1.0
6b02a000-6b032000 r-xp 00000000 08:01 16821      /usr/lib/i386-linux-gnu/libXrender.so.1.3.0
6b032000-6b033000 r--p 00007000 08:01 16821      /usr/lib/i386-linux-gnu/libXrender.so.1.3.0
6b033000-6b034000 rw-p 00008000 08:01 16821      /usr/lib/i386-linux-gnu/libXrender.so.1.3.0
6b034000-6b067000 rw-p 00000000 00:00 0 
6b067000-6b068000 ---p 00000000 00:00 0 
6b068000-6b0e8000 rw-p 00000000 00:00 0          [stack:12978]
6b0e8000-6b0e9000 ---p 00000000 00:00 0 
6b0e9000-6b171000 rw-p 00000000 00:00 0          [stack:12977]
6b171000-6b1a9000 rw-p 00000000 00:00 0 
6b1a9000-6b1bf000 rw-p 00000000 00:00 0 
6b1bf000-6b2ff000 rw-p 00000000 00:00 0 
6b2ff000-6b307000 rw-p 00000000 00:00 0 
6b307000-6b33f000 rw-p 00000000 00:00 0 
6b33f000-6b355000 rw-p 00000000 00:00 0 
6b355000-6b494000 rw-p 00000000 00:00 0 
6b494000-6b49f000 rw-p 00000000 00:00 0 
6b49f000-6b53f000 rw-p 00000000 00:00 0 
6b53f000-6c540000 rw-p 00000000 00:00 0 
6c540000-73540000 rw-p 00000000 00:00 0 
73540000-75ff0000 rw-p 00000000 00:00 0 
75ff0000-9dff0000 rw-p 00000000 00:00 0 
9dff0000-9f540000 rw-p 00000000 00:00 0 
9f540000-b3540000 rw-p 00000000 00:00 0 
b3540000-b3549000 rw-p 00000000 00:00 0 
b3549000-b3600000 rw-p 00000000 00:00 0 
b3600000-b3840000 rwxp 00000000 00:00 0 
b3840000-b6700000 rw-p 00000000 00:00 0 
b6700000-b6710000 r-xp 00000000 08:01 16799      /usr/lib/i386-linux-gnu/libXext.so.6.4.0
b6710000-b6711000 r--p 0000f000 08:01 16799      /usr/lib/i386-linux-gnu/libXext.so.6.4.0
b6711000-b6712000 rw-p 00010000 08:01 16799      /usr/lib/i386-linux-gnu/libXext.so.6.4.0
b6712000-b6713000 r--s 00000000 08:01 3558       /var/cache/fontconfig/56cf4f4769d0f4abc89a4895d7bd3ae1-le32d4.cache-3
b6713000-b6714000 r--s 00000000 08:01 3569       /var/cache/fontconfig/b9d506c9ac06c20b433354fa67a72993-le32d4.cache-3
b6714000-b671d000 r--s 00000000 08:01 519518     /var/cache/fontconfig/089dead882dea3570ffc31a9898cfb69-le32d4.cache-3
b671d000-b6725000 r--s 00000000 08:01 11176      /var/cache/fontconfig/e13b20fdb08344e0e664864cc2ede53d-le32d4.cache-3
b6725000-b6728000 r--s 00000000 08:01 519517     /var/cache/fontconfig/7ef2298fde41cc6eeb7af42e48b7d293-le32d4.cache-3
b6728000-b672a000 r--s 0000f000 08:01 1838988    /usr/lib/jvm/java-6-openjdk-common/jre/lib/ext/pulse-java.jar
b672a000-b672d000 r--s 00077000 08:01 1838989    /usr/lib/jvm/java-6-openjdk-common/jre/lib/ext/localedata.jar
b672d000-b6738000 r-xp 00000000 08:01 255736     /lib/i386-linux-gnu/libnss_files-2.15.so
b6738000-b6739000 r--p 0000a000 08:01 255736     /lib/i386-linux-gnu/libnss_files-2.15.so
b6739000-b673a000 rw-p 0000b000 08:01 255736     /lib/i386-linux-gnu/libnss_files-2.15.so
b673a000-b6744000 r-xp 00000000 08:01 255735     /lib/i386-linux-gnu/libnss_nis-2.15.so
b6744000-b6745000 r--p 00009000 08:01 255735     /lib/i386-linux-gnu/libnss_nis-2.15.so
b6745000-b6746000 rw-p 0000a000 08:01 255735     /lib/i386-linux-gnu/libnss_nis-2.15.so
b6746000-b675c000 r-xp 00000000 08:01 252399     /lib/i386-linux-gnu/libnsl-2.15.so
b675c000-b675d000 r--p 00015000 08:01 252399     /lib/i386-linux-gnu/libnsl-2.15.so
b675d000-b675e000 rw-p 00016000 08:01 252399     /lib/i386-linux-gnu/libnsl-2.15.so
b675e000-b6760000 rw-p 00000000 00:00 0 
b6760000-b6767000 r-xp 00000000 08:01 255737     /lib/i386-linux-gnu/libnss_compat-2.15.so
b6767000-b6768000 r--p 00006000 08:01 255737     /lib/i386-linux-gnu/libnss_compat-2.15.so
b6768000-b6769000 rw-p 00007000 08:01 255737     /lib/i386-linux-gnu/libnss_compat-2.15.so
b6769000-b676a000 r--s 00007000 08:01 1839824    /usr/share/java/java-atk-wrapper.jar
b676a000-b676e000 r--s 00039000 08:01 1838987    /usr/lib/jvm/java-6-openjdk-common/jre/lib/ext/sunpkcs11.jar
b676e000-b6775000 r-xp 00000000 08:01 1839612    /usr/lib/jvm/java-6-openjdk-i386/jre/lib/i386/libzip.so
b6775000-b6776000 r--p 00006000 08:01 1839612    /usr/lib/jvm/java-6-openjdk-i386/jre/lib/i386/libzip.so
b6776000-b6777000 rw-p 00007000 08:01 1839612    /usr/lib/jvm/java-6-openjdk-i386/jre/lib/i386/libzip.so
b6777000-b677f000 rw-s 00000000 08:01 873396     /tmp/hsperfdata_chaol/12971
b677f000-b67a5000 r-xp 00000000 08:01 1839598    /usr/lib/jvm/java-6-openjdk-i386/jre/lib/i386/libjava.so
b67a5000-b67a6000 r--p 00025000 08:01 1839598    /usr/lib/jvm/java-6-openjdk-i386/jre/lib/i386/libjava.so
b67a6000-b67a8000 rw-p 00026000 08:01 1839598    /usr/lib/jvm/java-6-openjdk-i386/jre/lib/i386/libjava.so
b67a8000-b67af000 r-xp 00000000 08:01 252408     /lib/i386-linux-gnu/librt-2.15.so
b67af000-b67b0000 r--p 00006000 08:01 252408     /lib/i386-linux-gnu/librt-2.15.so
b67b0000-b67b1000 rw-p 00007000 08:01 252408     /lib/i386-linux-gnu/librt-2.15.so
b67b1000-b67b4000 ---p 00000000 00:00 0 
b67b4000-b6802000 rw-p 00000000 00:00 0          [stack:12976]
b6802000-b681e000 r-xp 00000000 08:01 252257     /lib/i386-linux-gnu/libgcc_s.so.1
b681e000-b681f000 r--p 0001b000 08:01 252257     /lib/i386-linux-gnu/libgcc_s.so.1
b681f000-b6820000 rw-p 0001c000 08:01 252257     /lib/i386-linux-gnu/libgcc_s.so.1
b6820000-b684a000 r-xp 00000000 08:01 255734     /lib/i386-linux-gnu/libm-2.15.so
b684a000-b684b000 r--p 00029000 08:01 255734     /lib/i386-linux-gnu/libm-2.15.so
b684b000-b684c000 rw-p 0002a000 08:01 255734     /lib/i386-linux-gnu/libm-2.15.so
b684c000-b6924000 r-xp 00000000 08:01 17329      /usr/lib/i386-linux-gnu/libstdc++.so.6.0.16
b6924000-b6925000 ---p 000d8000 08:01 17329      /usr/lib/i386-linux-gnu/libstdc++.so.6.0.16
b6925000-b6929000 r--p 000d8000 08:01 17329      /usr/lib/i386-linux-gnu/libstdc++.so.6.0.16
b6929000-b692a000 rw-p 000dc000 08:01 17329      /usr/lib/i386-linux-gnu/libstdc++.so.6.0.16
b692a000-b6931000 rw-p 00000000 00:00 0 
b6931000-b7151000 r-xp 00000000 08:01 1839591    /usr/lib/jvm/java-6-openjdk-i386/jre/lib/i386/server/libjvm.so
b7151000-b7196000 r--p 0081f000 08:01 1839591    /usr/lib/jvm/java-6-openjdk-i386/jre/lib/i386/server/libjvm.so
b7196000-b71a5000 rw-p 00864000 08:01 1839591    /usr/lib/jvm/java-6-openjdk-i386/jre/lib/i386/server/libjvm.so
b71a5000-b75c1000 rw-p 00000000 00:00 0 
b75c1000-b75d5000 r-xp 00000000 08:01 252336     /lib/i386-linux-gnu/libz.so.1.2.3.4
b75d5000-b75d6000 r--p 00013000 08:01 252336     /lib/i386-linux-gnu/libz.so.1.2.3.4
b75d6000-b75d7000 rw-p 00014000 08:01 252336     /lib/i386-linux-gnu/libz.so.1.2.3.4
b75d7000-b777b000 r-xp 00000000 08:01 255739     /lib/i386-linux-gnu/libc-2.15.so
b777b000-b777d000 r--p 001a4000 08:01 255739     /lib/i386-linux-gnu/libc-2.15.so
b777d000-b777e000 rw-p 001a6000 08:01 255739     /lib/i386-linux-gnu/libc-2.15.so
b777e000-b7781000 rw-p 00000000 00:00 0 
b7781000-b7784000 r-xp 00000000 08:01 255738     /lib/i386-linux-gnu/libdl-2.15.so
b7784000-b7785000 r--p 00002000 08:01 255738     /lib/i386-linux-gnu/libdl-2.15.so
b7785000-b7786000 rw-p 00003000 08:01 255738     /lib/i386-linux-gnu/libdl-2.15.so
b7786000-b778a000 r-xp 00000000 08:01 1839611    /usr/lib/jvm/java-6-openjdk-i386/jre/lib/i386/jli/libjli.so
b778a000-b778b000 r--p 00003000 08:01 1839611    /usr/lib/jvm/java-6-openjdk-i386/jre/lib/i386/jli/libjli.so
b778b000-b778c000 rw-p 00004000 08:01 1839611    /usr/lib/jvm/java-6-openjdk-i386/jre/lib/i386/jli/libjli.so
b778c000-b778d000 rw-p 00000000 00:00 0 
b778d000-b77a4000 r-xp 00000000 08:01 252406     /lib/i386-linux-gnu/libpthread-2.15.so
b77a4000-b77a5000 r--p 00016000 08:01 252406     /lib/i386-linux-gnu/libpthread-2.15.so
b77a5000-b77a6000 rw-p 00017000 08:01 252406     /lib/i386-linux-gnu/libpthread-2.15.so
b77a6000-b77a8000 rw-p 00000000 00:00 0 
b77a8000-b77aa000 r--s 00001000 08:01 1838990    /usr/lib/jvm/java-6-openjdk-common/jre/lib/ext/dnsns.jar
b77aa000-b77ad000 r--s 00031000 08:01 1838991    /usr/lib/jvm/java-6-openjdk-common/jre/lib/ext/sunjce_provider.jar
b77ad000-b77ae000 r--p 005e0000 08:01 19412      /usr/lib/locale/locale-archive
b77ae000-b77af000 rw-p 00000000 00:00 0 
b77af000-b77b0000 r--p 00000000 00:00 0 
b77b0000-b77bb000 r-xp 00000000 08:01 1839627    /usr/lib/jvm/java-6-openjdk-i386/jre/lib/i386/libverify.so
b77bb000-b77bc000 ---p 0000b000 08:01 1839627    /usr/lib/jvm/java-6-openjdk-i386/jre/lib/i386/libverify.so
b77bc000-b77bd000 r--p 0000b000 08:01 1839627    /usr/lib/jvm/java-6-openjdk-i386/jre/lib/i386/libverify.so
b77bd000-b77be000 rw-p 0000c000 08:01 1839627    /usr/lib/jvm/java-6-openjdk-i386/jre/lib/i386/libverify.so
b77be000-b77c0000 rw-p 00000000 00:00 0 
b77c0000-b77c1000 r-xp 00000000 00:00 0          [vdso]
b77c1000-b77e1000 r-xp 00000000 08:01 252407     /lib/i386-linux-gnu/ld-2.15.so
b77e1000-b77e2000 r--p 0001f000 08:01 252407     /lib/i386-linux-gnu/ld-2.15.so
b77e2000-b77e3000 rw-p 00020000 08:01 252407     /lib/i386-linux-gnu/ld-2.15.so
bfdfc000-bfe1e000 rw-p 00000000 00:00 0          [stack]

VM Arguments:
jvm_args: -Dfile.encoding=UTF-8 
java_command: com.adp.clocks.synergy2416.demo.MainWindow psplash:res/Background.png
Launcher Type: SUN_STANDARD

Environment Variables:
PATH=/usr/lib/lightdm/lightdm:/usr/local/sbin:/usr/local/bin:/usr/sbin:/usr/bin:/sbin:/bin:/usr/games
LD_LIBRARY_PATH=/usr/lib/jvm/java-6-openjdk-i386/jre/lib/i386/server:/usr/lib/jvm/java-6-openjdk-i386/jre/lib/i386:/usr/lib/jvm/java-6-openjdk-i386/jre/../lib/i386:/usr/lib/jni
SHELL=/bin/bash
DISPLAY=:0

Signal Handlers:
SIGSEGV: [libjvm.so+0x66e740], sa_mask[0]=0x7ffbfeff, sa_flags=0x10000004
SIGBUS: [libjvm.so+0x66e740], sa_mask[0]=0x7ffbfeff, sa_flags=0x10000004
SIGFPE: [libjvm.so+0x530480], sa_mask[0]=0x7ffbfeff, sa_flags=0x10000004
SIGPIPE: [libjvm.so+0x530480], sa_mask[0]=0x7ffbfeff, sa_flags=0x10000004
SIGXFSZ: [libjvm.so+0x530480], sa_mask[0]=0x7ffbfeff, sa_flags=0x10000004
SIGILL: [libjvm.so+0x530480], sa_mask[0]=0x7ffbfeff, sa_flags=0x10000004
SIGUSR1: SIG_DFL, sa_mask[0]=0x00000000, sa_flags=0x00000000
SIGUSR2: [libjvm.so+0x530310], sa_mask[0]=0x00000004, sa_flags=0x10000004
SIGHUP: [libjvm.so+0x5332a0], sa_mask[0]=0x7ffbfeff, sa_flags=0x10000004
SIGINT: [libjvm.so+0x5332a0], sa_mask[0]=0x7ffbfeff, sa_flags=0x10000004
SIGTERM: [libjvm.so+0x5332a0], sa_mask[0]=0x7ffbfeff, sa_flags=0x10000004
SIGQUIT: [libjvm.so+0x5332a0], sa_mask[0]=0x7ffbfeff, sa_flags=0x10000004


---------------  S Y S T E M  ---------------

OS:Ubuntu 12.04 (precise)
uname:Linux 3.8.0-35-generic #52~precise1-Ubuntu SMP Thu Jan 30 17:27:28 UTC 2014 i686
libc:glibc 2.15 NPTL 2.15 
rlimit: STACK 8192k, CORE 0k, NPROC 64475, NOFILE 4096, AS infinity
load average:0.28 0.17 0.15

/proc/meminfo:
MemTotal:        8269392 kB
MemFree:         5397584 kB
Buffers:          499932 kB
Cached:          1246720 kB
SwapCached:            0 kB
Active:          1496336 kB
Inactive:        1145240 kB
Active(anon):     895848 kB
Inactive(anon):     2180 kB
Active(file):     600488 kB
Inactive(file):  1143060 kB
Unevictable:          16 kB
Mlocked:              16 kB
HighTotal:       7457720 kB
HighFree:        5284292 kB
LowTotal:         811672 kB
LowFree:          113292 kB
SwapTotal:             0 kB
SwapFree:              0 kB
Dirty:               168 kB
Writeback:            16 kB
AnonPages:        895076 kB
Mapped:           218604 kB
Shmem:              3104 kB
Slab:             128720 kB
SReclaimable:     102212 kB
SUnreclaim:        26508 kB
KernelStack:        5104 kB
PageTables:        11740 kB
NFS_Unstable:          0 kB
Bounce:               16 kB
WritebackTmp:          0 kB
CommitLimit:     4134696 kB
Committed_AS:    4212108 kB
VmallocTotal:     122880 kB
VmallocUsed:       53644 kB
VmallocChunk:      50676 kB
HardwareCorrupted:     0 kB
AnonHugePages:         0 kB
HugePages_Total:       0
HugePages_Free:        0
HugePages_Rsvd:        0
HugePages_Surp:        0
Hugepagesize:       2048 kB
DirectMap4k:      153592 kB
DirectMap2M:      759808 kB


CPU:total 8 (4 cores per cpu, 2 threads per core) family 6 model 42 stepping 7, cmov, cx8, fxsr, mmx, sse, sse2, sse3, ssse3, sse4.1, sse4.2, popcnt, ht

Memory: 4k page, physical 8269392k(5397584k free), swap 0k(0k free)

vm_info: OpenJDK Server VM (20.0-b12) for linux-x86 JRE (1.6.0_27-b27), built on Nov 16 2013 15:21:31 by "buildd" with gcc 4.6.3

time: Fri Feb 14 16:01:16 2014
elapsed time: 1 seconds

