#
# A fatal error has been detected by the Java Runtime Environment:
#
#  SIGSEGV (0xb) at pc=0xb36188b7, pid=7028, tid=3000326976
#
# JRE version: 6.0_27-b27
# Java VM: OpenJDK Client VM (20.0-b12 mixed mode, sharing linux-x86 )
# Derivative: IcedTea6 1.12.6
# Distribution: Ubuntu 12.04 LTS, package 6b27-1.12.6-1ubuntu0.12.04.4
# Problematic frame:
# C  [libsynergy2416.so+0x48b7]  _get_enroll_count+0x22
#
# If you would like to submit a bug report, please include
# instructions how to reproduce the bug and visit:
#   https://bugs.launchpad.net/ubuntu/+source/openjdk-6/
# The crash happened outside the Java Virtual Machine in native code.
# See problematic frame for where to report the bug.
#

---------------  T H R E A D  ---------------

Current thread (0x08cffc00):  JavaThread "SwingWorker-pool-3-thread-1" [_thread_in_native, id=7059, stack(0xb2d05000,0xb2d56000)]

siginfo:si_signo=SIGSEGV: si_errno=0, si_code=1 (SEGV_MAPERR), si_addr=0x00000000

Registers:
EAX=0x00000000, EBX=0x8eba9ac8, ECX=0x08cffd20, EDX=0x00000000
ESP=0xb2d54b90, EBP=0xb2d54ba0, ESI=0x8eba9ac8, EDI=0x08cffc00
EIP=0xb36188b7, EFLAGS=0x00210297, CR2=0x00000000

Top of Stack: (sp=0xb2d54b90)
0xb2d54b90:   b6ddebe0 08d0020c 00000000 00000000
0xb2d54ba0:   b2d54ba8 b3619261 b2d54be8 b3617fc3
0xb2d54bb0:   b2d54c60 b2d54c30 b48dd264 b48cf608
0xb2d54bc0:   00000000 b2d54c50 b2d54c30 00000000
0xb2d54bd0:   00000000 8eba9ac8 08cffc00 b2d54c20
0xb2d54be0:   b48d6fdb 08cffc00 b2d54c20 b48d70dd
0xb2d54bf0:   08cffd20 b2d54c28 b2d54c60 b2d54c60
0xb2d54c00:   b2d54c00 8eba9ac8 b2d54c2c 8ebaa868 

Instructions: (pc=0xb36188b7)
0xb3618897:   e5 83 ec 10 c7 45 f8 00 00 00 00 c7 45 fc 00 00
0xb36188a7:   00 00 eb 1b 8b 15 e4 da 61 b3 8b 45 fc 8d 04 02
0xb36188b7:   0f b6 00 84 c0 74 04 83 45 f8 01 83 45 fc 01 a1
0xb36188c7:   10 d0 61 b3 39 45 fc 7c db 8b 45 f8 c9 c3 55 89 

Register to memory mapping:

EAX=0x00000000 is an unknown value
EBX=0x8eba9ac8 is an oop
{method} 
 - klass: {other class}
ECX=0x08cffd20 is an unknown value
EDX=0x00000000 is an unknown value
ESP=0xb2d54b90 is pointing into the stack for thread: 0x08cffc00
EBP=0xb2d54ba0 is pointing into the stack for thread: 0x08cffc00
ESI=0x8eba9ac8 is an oop
{method} 
 - klass: {other class}
EDI=0x08cffc00 is a thread


Stack: [0xb2d05000,0xb2d56000],  sp=0xb2d54b90,  free space=318k
Native frames: (J=compiled Java code, j=interpreted, Vv=VM code, C=native code)
C  [libsynergy2416.so+0x48b7]  _get_enroll_count+0x22
C  [libsynergy2416.so+0x5261]  hlpGetEnrollCount+0x8
C  [libsynergy2416.so+0x3fc3]  Java_com_adp_clocks_synergy2416_demo_FPU_FP_1IDENTIFY_1EMPLOYEE+0x19
j  com.adp.clocks.synergy2416.demo.FPU.FP_IDENTIFY_EMPLOYEE()I+0
j  com.adp.clocks.synergy2416.demo.FPU.identifyEmployee()Ljava/lang/String;+0
j  com.adp.clocks.synergy2416.demo.WelcomeForm$IdentifyEmployeeWorker.doInBackground()Ljava/lang/String;+11
j  com.adp.clocks.synergy2416.demo.WelcomeForm$IdentifyEmployeeWorker.doInBackground()Ljava/lang/Object;+1
j  javax.swing.SwingWorker$1.call()Ljava/lang/Object;+14
j  java.util.concurrent.FutureTask$Sync.innerRun()V+29
j  java.util.concurrent.FutureTask.run()V+4
j  javax.swing.SwingWorker.run()V+4
j  java.util.concurrent.ThreadPoolExecutor.runWorker(Ljava/util/concurrent/ThreadPoolExecutor$Worker;)V+95
j  java.util.concurrent.ThreadPoolExecutor$Worker.run()V+5
j  java.lang.Thread.run()V+11
v  ~StubRoutines::call_stub
V  [libjvm.so+0x2116b6]  JavaCalls::call_helper(JavaValue*, methodHandle*, JavaCallArguments*, Thread*)+0x2c6

Java frames: (J=compiled Java code, j=interpreted, Vv=VM code)
j  com.adp.clocks.synergy2416.demo.FPU.FP_IDENTIFY_EMPLOYEE()I+0
j  com.adp.clocks.synergy2416.demo.FPU.identifyEmployee()Ljava/lang/String;+0
j  com.adp.clocks.synergy2416.demo.WelcomeForm$IdentifyEmployeeWorker.doInBackground()Ljava/lang/String;+11
j  com.adp.clocks.synergy2416.demo.WelcomeForm$IdentifyEmployeeWorker.doInBackground()Ljava/lang/Object;+1
j  javax.swing.SwingWorker$1.call()Ljava/lang/Object;+14
j  java.util.concurrent.FutureTask$Sync.innerRun()V+29
j  java.util.concurrent.FutureTask.run()V+4
j  javax.swing.SwingWorker.run()V+4
j  java.util.concurrent.ThreadPoolExecutor.runWorker(Ljava/util/concurrent/ThreadPoolExecutor$Worker;)V+95
j  java.util.concurrent.ThreadPoolExecutor$Worker.run()V+5
j  java.lang.Thread.run()V+11
v  ~StubRoutines::call_stub

---------------  P R O C E S S  ---------------

Java Threads: ( => current thread )
=>0x08cffc00 JavaThread "SwingWorker-pool-3-thread-1" [_thread_in_native, id=7059, stack(0xb2d05000,0xb2d56000)]
  0xb6905c00 JavaThread "DestroyJavaVM" [_thread_blocked, id=7033, stack(0xb6a51000,0xb6aa2000)]
  0x08cf0c00 JavaThread "pool-1-thread-1" [_thread_in_Java, id=7051, stack(0xb327d000,0xb32ce000)]
  0x08ccbc00 JavaThread "Timer-0" [_thread_blocked, id=7049, stack(0xb3343000,0xb3394000)]
  0x08cc8000 JavaThread "TimerQueue" daemon [_thread_blocked, id=7048, stack(0xb3394000,0xb33e5000)]
  0x08bcf000 JavaThread "Image Fetcher 1" daemon [_thread_blocked, id=7046, stack(0xb34af000,0xb3500000)]
  0x08c62800 JavaThread "Image Fetcher 3" daemon [_thread_blocked, id=7045, stack(0xb363f000,0xb3690000)]
  0xb699b400 JavaThread "AWT-EventQueue-0" [_thread_blocked, id=7044, stack(0xb37dd000,0xb382e000)]
  0xb699a000 JavaThread "AWT-Shutdown" [_thread_blocked, id=7043, stack(0xb382e000,0xb387f000)]
  0xb6999400 JavaThread "AWT-XAWT" daemon [_thread_in_native, id=7042, stack(0xb387f000,0xb38d0000)]
  0xb6965000 JavaThread "Java2D Disposer" daemon [_thread_blocked, id=7041, stack(0xb39c5000,0xb3a16000)]
  0xb693cc00 JavaThread "Low Memory Detector" daemon [_thread_blocked, id=7039, stack(0xb3e2e000,0xb3e7f000)]
  0xb693ac00 JavaThread "C1 CompilerThread0" daemon [_thread_blocked, id=7038, stack(0xb3e7f000,0xb3f00000)]
  0xb6939400 JavaThread "Signal Dispatcher" daemon [_thread_blocked, id=7037, stack(0xb420d000,0xb425e000)]
  0xb6935400 JavaThread "Finalizer" daemon [_thread_blocked, id=7036, stack(0xb425e000,0xb42af000)]
  0xb6933c00 JavaThread "Reference Handler" daemon [_thread_blocked, id=7035, stack(0xb42af000,0xb4300000)]

Other Threads:
  0xb6932000 VMThread [stack: 0xb4406000,0xb4487000] [id=7034]
  0xb693f000 WatcherThread [stack: 0xb3dad000,0xb3e2e000] [id=7040]

VM state:not at safepoint (normal execution)

VM Mutex/Monitor currently owned by a thread: None

Heap
 def new generation   total 4928K, used 4391K [0x6ea40000, 0x6ef90000, 0x794e0000)
  eden space 4416K,  89% used [0x6ea40000, 0x6ee20b88, 0x6ee90000)
  from space 512K,  82% used [0x6ee90000, 0x6eef9418, 0x6ef10000)
  to   space 512K,   0% used [0x6ef10000, 0x6ef10000, 0x6ef90000)
 tenured generation   total 10944K, used 1229K [0x794e0000, 0x79f90000, 0x8ea40000)
   the space 10944K,  11% used [0x794e0000, 0x79613498, 0x79613600, 0x79f90000)
 compacting perm gen  total 12288K, used 2155K [0x8ea40000, 0x8f640000, 0x92a40000)
   the space 12288K,  17% used [0x8ea40000, 0x8ec5ad88, 0x8ec5ae00, 0x8f640000)
    ro space 10240K,  74% used [0x92a40000, 0x931a8b40, 0x931a8c00, 0x93440000)
    rw space 12288K,  60% used [0x93440000, 0x93b8ee48, 0x93b8f000, 0x94040000)

Code Cache  [0xb48cd000, 0xb49c5000, 0xb68cd000)
 total_blobs=535 nmethods=277 adapters=194 free_code_cache=32539200 largest_free_block=64

Dynamic libraries:
08048000-08051000 r-xp 00000000 08:01 1839571    /usr/lib/jvm/java-6-openjdk-i386/jre/bin/java
08051000-08052000 r--p 00008000 08:01 1839571    /usr/lib/jvm/java-6-openjdk-i386/jre/bin/java
08052000-08053000 rw-p 00009000 08:01 1839571    /usr/lib/jvm/java-6-openjdk-i386/jre/bin/java
08bbf000-08d12000 rw-p 00000000 00:00 0          [heap]
6ea40000-6ef90000 rw-p 00000000 00:00 0 
6ef90000-794e0000 rw-p 00000000 00:00 0 
794e0000-79f90000 rw-p 00000000 00:00 0 
79f90000-8ea40000 rw-p 00000000 00:00 0 
8ea40000-8f640000 rw-p 00000000 00:00 0 
8f640000-92a40000 rw-p 00000000 00:00 0 
92a40000-931a9000 r--s 00001000 08:01 1839781    /usr/lib/jvm/java-6-openjdk-i386/jre/lib/i386/client/classes.jsa
931a9000-93440000 rw-p 00000000 00:00 0 
93440000-93b8f000 rw-p 0076a000 08:01 1839781    /usr/lib/jvm/java-6-openjdk-i386/jre/lib/i386/client/classes.jsa
93b8f000-94040000 rw-p 00000000 00:00 0 
94040000-9413d000 rw-p 00eb9000 08:01 1839781    /usr/lib/jvm/java-6-openjdk-i386/jre/lib/i386/client/classes.jsa
9413d000-94440000 rw-p 00000000 00:00 0 
94440000-94448000 r-xs 00fb6000 08:01 1839781    /usr/lib/jvm/java-6-openjdk-i386/jre/lib/i386/client/classes.jsa
94448000-94840000 rw-p 00000000 00:00 0 
ae554000-ae555000 ---p 00000000 00:00 0 
ae555000-aed55000 rw-p 00000000 00:00 0 
b2d05000-b2d08000 ---p 00000000 00:00 0 
b2d08000-b2d56000 rw-p 00000000 00:00 0          [stack:7059]
b2d56000-b2da1000 rw-s 00000000 00:04 28082204   /SYSV00000000 (deleted)
b2da1000-b2db4000 r-xp 00000000 08:01 252403     /lib/i386-linux-gnu/libresolv-2.15.so
b2db4000-b2db5000 ---p 00013000 08:01 252403     /lib/i386-linux-gnu/libresolv-2.15.so
b2db5000-b2db6000 r--p 00013000 08:01 252403     /lib/i386-linux-gnu/libresolv-2.15.so
b2db6000-b2db7000 rw-p 00014000 08:01 252403     /lib/i386-linux-gnu/libresolv-2.15.so
b2db7000-b2db9000 rw-p 00000000 00:00 0 
b2db9000-b2dbf000 r-xp 00000000 08:01 17212      /usr/lib/i386-linux-gnu/libogg.so.0.7.1
b2dbf000-b2dc0000 r--p 00005000 08:01 17212      /usr/lib/i386-linux-gnu/libogg.so.0.7.1
b2dc0000-b2dc1000 rw-p 00006000 08:01 17212      /usr/lib/i386-linux-gnu/libogg.so.0.7.1
b2dc1000-b2dea000 r-xp 00000000 08:01 17362      /usr/lib/i386-linux-gnu/libvorbis.so.0.4.5
b2dea000-b2deb000 r--p 00028000 08:01 17362      /usr/lib/i386-linux-gnu/libvorbis.so.0.4.5
b2deb000-b2dec000 rw-p 00029000 08:01 17362      /usr/lib/i386-linux-gnu/libvorbis.so.0.4.5
b2dec000-b2f52000 r-xp 00000000 08:01 17364      /usr/lib/i386-linux-gnu/libvorbisenc.so.2.0.8
b2f52000-b2f63000 r--p 00165000 08:01 17364      /usr/lib/i386-linux-gnu/libvorbisenc.so.2.0.8
b2f63000-b2f64000 rw-p 00176000 08:01 17364      /usr/lib/i386-linux-gnu/libvorbisenc.so.2.0.8
b2f64000-b2fb0000 r-xp 00000000 08:01 16731      /usr/lib/i386-linux-gnu/libFLAC.so.8.2.0
b2fb0000-b2fb1000 r--p 0004b000 08:01 16731      /usr/lib/i386-linux-gnu/libFLAC.so.8.2.0
b2fb1000-b2fb2000 rw-p 0004c000 08:01 16731      /usr/lib/i386-linux-gnu/libFLAC.so.8.2.0
b2fb2000-b301e000 r-xp 00000000 08:01 17307      /usr/lib/i386-linux-gnu/libsndfile.so.1.0.25
b301e000-b301f000 r--p 0006c000 08:01 17307      /usr/lib/i386-linux-gnu/libsndfile.so.1.0.25
b301f000-b3020000 rw-p 0006d000 08:01 17307      /usr/lib/i386-linux-gnu/libsndfile.so.1.0.25
b3020000-b3024000 rw-p 00000000 00:00 0 
b3024000-b302c000 r-xp 00000000 08:01 252334     /lib/i386-linux-gnu/libwrap.so.0.7.6
b302c000-b302d000 r--p 00007000 08:01 252334     /lib/i386-linux-gnu/libwrap.so.0.7.6
b302d000-b302e000 rw-p 00008000 08:01 252334     /lib/i386-linux-gnu/libwrap.so.0.7.6
b302e000-b3075000 r-xp 00000000 08:01 252249     /lib/i386-linux-gnu/libdbus-1.so.3.5.8
b3075000-b3076000 r--p 00047000 08:01 252249     /lib/i386-linux-gnu/libdbus-1.so.3.5.8
b3076000-b3077000 rw-p 00048000 08:01 252249     /lib/i386-linux-gnu/libdbus-1.so.3.5.8
b3077000-b30da000 r-xp 00000000 08:01 12624      /usr/lib/i386-linux-gnu/libpulsecommon-1.1.so
b30da000-b30db000 r--p 00062000 08:01 12624      /usr/lib/i386-linux-gnu/libpulsecommon-1.1.so
b30db000-b30dc000 rw-p 00063000 08:01 12624      /usr/lib/i386-linux-gnu/libpulsecommon-1.1.so
b30dc000-b3128000 r-xp 00000000 08:01 12623      /usr/lib/i386-linux-gnu/libpulse.so.0.13.5
b3128000-b3129000 r--p 0004b000 08:01 12623      /usr/lib/i386-linux-gnu/libpulse.so.0.13.5
b3129000-b312a000 rw-p 0004c000 08:01 12623      /usr/lib/i386-linux-gnu/libpulse.so.0.13.5
b312a000-b3217000 r-xp 00000000 08:01 16845      /usr/lib/i386-linux-gnu/libasound.so.2.0.0
b3217000-b321b000 r--p 000ec000 08:01 16845      /usr/lib/i386-linux-gnu/libasound.so.2.0.0
b321b000-b321c000 rw-p 000f0000 08:01 16845      /usr/lib/i386-linux-gnu/libasound.so.2.0.0
b322c000-b3232000 rw-s 00000000 00:04 28114973   /SYSV00000000 (deleted)
b3276000-b327b000 r-xp 00000000 08:01 17411      /usr/lib/i386-linux-gnu/alsa-lib/libasound_module_pcm_pulse.so
b327b000-b327c000 r--p 00004000 08:01 17411      /usr/lib/i386-linux-gnu/alsa-lib/libasound_module_pcm_pulse.so
b327c000-b327d000 rw-p 00005000 08:01 17411      /usr/lib/i386-linux-gnu/alsa-lib/libasound_module_pcm_pulse.so
b327d000-b3280000 ---p 00000000 00:00 0 
b3280000-b32ce000 rw-p 00000000 00:00 0          [stack:7051]
b32ce000-b32ef000 r-xp 00000000 08:01 17358      /usr/lib/i386-linux-gnu/libv4lconvert.so.0
b32ef000-b32f0000 r--p 00021000 08:01 17358      /usr/lib/i386-linux-gnu/libv4lconvert.so.0
b32f0000-b32f1000 rw-p 00022000 08:01 17358      /usr/lib/i386-linux-gnu/libv4lconvert.so.0
b32f1000-b3343000 rw-p 00000000 00:00 0 
b3343000-b3346000 ---p 00000000 00:00 0 
b3346000-b3394000 rw-p 00000000 00:00 0          [stack:7049]
b3394000-b3397000 ---p 00000000 00:00 0 
b3397000-b346b000 rw-p 00000000 00:00 0          [stack:7048]
b346c000-b3471000 r-xp 00000000 08:01 16847      /usr/lib/i386-linux-gnu/libasyncns.so.0.3.1
b3471000-b3472000 r--p 00004000 08:01 16847      /usr/lib/i386-linux-gnu/libasyncns.so.0.3.1
b3472000-b3473000 rw-p 00005000 08:01 16847      /usr/lib/i386-linux-gnu/libasyncns.so.0.3.1
b3473000-b3482000 r-xp 00000000 08:01 1839790    /usr/lib/jvm/java-6-openjdk-i386/jre/lib/i386/libjsoundalsa.so
b3482000-b3483000 r--p 0000e000 08:01 1839790    /usr/lib/jvm/java-6-openjdk-i386/jre/lib/i386/libjsoundalsa.so
b3483000-b3484000 rw-p 0000f000 08:01 1839790    /usr/lib/jvm/java-6-openjdk-i386/jre/lib/i386/libjsoundalsa.so
b3484000-b3497000 r-xp 00000000 08:01 8712       /usr/lib/libvideo.so.0
b3497000-b3498000 r--p 00012000 08:01 8712       /usr/lib/libvideo.so.0
b3498000-b3499000 rw-p 00013000 08:01 8712       /usr/lib/libvideo.so.0
b349d000-b34a3000 r-xp 00000000 08:01 17146      /usr/lib/i386-linux-gnu/libjson.so.0.0.1
b34a3000-b34a4000 r--p 00005000 08:01 17146      /usr/lib/i386-linux-gnu/libjson.so.0.0.1
b34a4000-b34a5000 rw-p 00006000 08:01 17146      /usr/lib/i386-linux-gnu/libjson.so.0.0.1
b34a8000-b34af000 r--s 00000000 08:01 14251      /usr/lib/i386-linux-gnu/gconv/gconv-modules.cache
b34af000-b34b2000 ---p 00000000 00:00 0 
b34b2000-b3500000 rw-p 00000000 00:00 0          [stack:7046]
b3500000-b358e000 rw-p 00000000 00:00 0 
b358e000-b3600000 ---p 00000000 00:00 0 
b3600000-b3601000 r-xp 00000000 08:01 1839628    /usr/lib/jvm/java-6-openjdk-i386/jre/lib/i386/libjsound.so
b3601000-b3602000 r--p 00000000 08:01 1839628    /usr/lib/jvm/java-6-openjdk-i386/jre/lib/i386/libjsound.so
b3602000-b3603000 rw-p 00001000 08:01 1839628    /usr/lib/jvm/java-6-openjdk-i386/jre/lib/i386/libjsound.so
b3603000-b3612000 r-xp 00000000 08:01 524448     /usr/lib/jni/libv4l4j.so
b3612000-b3613000 r--p 0000e000 08:01 524448     /usr/lib/jni/libv4l4j.so
b3613000-b3614000 rw-p 0000f000 08:01 524448     /usr/lib/jni/libv4l4j.so
b3614000-b361c000 r-xp 00000000 08:01 524557     /usr/lib/jni/libsynergy2416.so
b361c000-b361d000 r--p 00007000 08:01 524557     /usr/lib/jni/libsynergy2416.so
b361d000-b361e000 rw-p 00008000 08:01 524557     /usr/lib/jni/libsynergy2416.so
b361e000-b3626000 r-xp 00000000 08:01 1839626    /usr/lib/jvm/java-6-openjdk-i386/jre/lib/i386/libnio.so
b3626000-b3627000 r--p 00007000 08:01 1839626    /usr/lib/jvm/java-6-openjdk-i386/jre/lib/i386/libnio.so
b3627000-b3628000 rw-p 00008000 08:01 1839626    /usr/lib/jvm/java-6-openjdk-i386/jre/lib/i386/libnio.so
b3628000-b363d000 r-xp 00000000 08:01 1839614    /usr/lib/jvm/java-6-openjdk-i386/jre/lib/i386/libnet.so
b363d000-b363e000 r--p 00014000 08:01 1839614    /usr/lib/jvm/java-6-openjdk-i386/jre/lib/i386/libnet.so
b363e000-b363f000 rw-p 00015000 08:01 1839614    /usr/lib/jvm/java-6-openjdk-i386/jre/lib/i386/libnet.so
b363f000-b3642000 ---p 00000000 00:00 0 
b3642000-b3690000 rw-p 00000000 00:00 0          [stack:7045]
b3690000-b36de000 r--s 008b6000 08:01 2243423    /opt/eclipse-standard/plugins/com.ibm.icu_50.1.1.v201304230130.jar
b36de000-b3720000 r--s 00367000 08:01 2243377    /opt/eclipse-standard/plugins/org.eclipse.ui.workbench_3.105.1.v20130821-1411.jar
b3720000-b3733000 r--s 000e0000 08:01 2243213    /opt/eclipse-standard/plugins/org.eclipse.jface.text_3.8.101.v20130802-1147.jar
b3733000-b3747000 r--s 000f9000 08:01 2243526    /opt/eclipse-standard/plugins/org.eclipse.jface_3.9.1.v20130725-1141.jar
b3747000-b375c000 r--s 0023a000 08:01 2243675    /opt/eclipse-standard/plugins/org.eclipse.swt.gtk.linux.x86_3.102.1.v20130827-2048.jar
b375c000-b37a1000 r-xp 00000000 08:01 11892      /usr/lib/i386-linux-gnu/libjpeg.so.8.0.2
b37a1000-b37a2000 r--p 00044000 08:01 11892      /usr/lib/i386-linux-gnu/libjpeg.so.8.0.2
b37a2000-b37a3000 rw-p 00045000 08:01 11892      /usr/lib/i386-linux-gnu/libjpeg.so.8.0.2
b37a3000-b37b3000 rw-p 00000000 00:00 0 
b37b3000-b37db000 r-xp 00000000 08:01 252306     /lib/i386-linux-gnu/libpng12.so.0.46.0
b37db000-b37dc000 r--p 00027000 08:01 252306     /lib/i386-linux-gnu/libpng12.so.0.46.0
b37dc000-b37dd000 rw-p 00028000 08:01 252306     /lib/i386-linux-gnu/libpng12.so.0.46.0
b37dd000-b37e0000 ---p 00000000 00:00 0 
b37e0000-b382e000 rw-p 00000000 00:00 0          [stack:7044]
b382e000-b3831000 ---p 00000000 00:00 0 
b3831000-b387f000 rw-p 00000000 00:00 0          [stack:7043]
b387f000-b3882000 ---p 00000000 00:00 0 
b3882000-b38d0000 rw-p 00000000 00:00 0          [stack:7042]
b38d0000-b38d1000 r--s 00000000 08:01 3570       /var/cache/fontconfig/c05880de57d1f5e948fdfacc138775d9-le32d4.cache-3
b38d1000-b38d7000 r--s 00000000 08:01 3565       /var/cache/fontconfig/945677eb7aeaf62f1d50efc3fb3ec7d8-le32d4.cache-3
b38d7000-b38da000 r--s 00000000 08:01 519519     /var/cache/fontconfig/99e8ed0e538f840c565b6ed5dad60d56-le32d4.cache-3
b38da000-b38dd000 r--s 00000000 08:01 3552       /var/cache/fontconfig/2cd17615ca594fa2959ae173292e504c-le32d4.cache-3
b38dd000-b38de000 r--s 00000000 08:01 3577       /var/cache/fontconfig/e7071f4a29fa870f4323321c154eba04-le32d4.cache-3
b38de000-b38df000 r--s 00000000 08:01 3550       /var/cache/fontconfig/0d8c3b2ac0904cb8a57a757ad11a4a08-le32d4.cache-3
b38df000-b38e3000 r--s 00000000 08:01 3567       /var/cache/fontconfig/a755afe4a08bf5b97852ceb7400b47bc-le32d4.cache-3
b38e3000-b38ea000 r--s 00000000 08:01 1579180    /var/cache/fontconfig/6d41288fd70b0be22e8c3a91e032eec0-le32d4.cache-3
b38ea000-b38f5000 r--s 00000000 08:01 3549       /var/cache/fontconfig/04aabc0a78ac019cf9454389977116d2-le32d4.cache-3
b38f5000-b38f8000 r--s 00000000 08:01 3555       /var/cache/fontconfig/385c0604a188198f04d133e54aba7fe7-le32d4.cache-3
b38f8000-b38f9000 r--s 00000000 08:01 3572       /var/cache/fontconfig/4794a0821666d79190d59a36cb4f44b5-le32d4.cache-3
b38f9000-b38fd000 r--s 00000000 08:01 3553       /var/cache/fontconfig/3047814df9a2f067bd2d96a2b9c36e5a-le32d4.cache-3
b38fd000-b3902000 r--s 00045000 08:01 2243421    /opt/eclipse-standard/plugins/org.eclipse.ui.forms_3.6.1.v20130822-1117.jar
b3902000-b3907000 r--s 00038000 08:01 2243571    /opt/eclipse-standard/plugins/org.eclipse.text_3.5.300.v20130515-1451.jar
b3907000-b390f000 r-xp 00000000 08:01 1839774    /usr/lib/i386-linux-gnu/libgif.so.4.1.6
b390f000-b3910000 r--p 00007000 08:01 1839774    /usr/lib/i386-linux-gnu/libgif.so.4.1.6
b3910000-b3911000 rw-p 00008000 08:01 1839774    /usr/lib/i386-linux-gnu/libgif.so.4.1.6
b3911000-b3913000 rw-p 00000000 00:00 0 
b3913000-b3927000 r--s 00140000 08:01 2243684    /opt/eclipse-standard/plugins/org.eclipse.osgi_3.9.1.v20130814-1242.jar
b3927000-b3928000 r--s 00000000 08:01 3570       /var/cache/fontconfig/c05880de57d1f5e948fdfacc138775d9-le32d4.cache-3
b3928000-b392e000 r--s 00000000 08:01 3565       /var/cache/fontconfig/945677eb7aeaf62f1d50efc3fb3ec7d8-le32d4.cache-3
b392e000-b3931000 r--s 00000000 08:01 519519     /var/cache/fontconfig/99e8ed0e538f840c565b6ed5dad60d56-le32d4.cache-3
b3931000-b3934000 r--s 00000000 08:01 3552       /var/cache/fontconfig/2cd17615ca594fa2959ae173292e504c-le32d4.cache-3
b3934000-b3935000 r--s 00000000 08:01 3577       /var/cache/fontconfig/e7071f4a29fa870f4323321c154eba04-le32d4.cache-3
b3935000-b3936000 r--s 00000000 08:01 3550       /var/cache/fontconfig/0d8c3b2ac0904cb8a57a757ad11a4a08-le32d4.cache-3
b3936000-b393a000 r--s 00000000 08:01 3567       /var/cache/fontconfig/a755afe4a08bf5b97852ceb7400b47bc-le32d4.cache-3
b393a000-b3941000 r--s 00000000 08:01 1579180    /var/cache/fontconfig/6d41288fd70b0be22e8c3a91e032eec0-le32d4.cache-3
b3941000-b394c000 r--s 00000000 08:01 3549       /var/cache/fontconfig/04aabc0a78ac019cf9454389977116d2-le32d4.cache-3
b394c000-b394f000 r--s 00000000 08:01 3555       /var/cache/fontconfig/385c0604a188198f04d133e54aba7fe7-le32d4.cache-3
b394f000-b3952000 r--s 00000000 08:01 3564       /var/cache/fontconfig/8801497958630a81b71ace7c5f9b32a8-le32d4.cache-3
b3952000-b3956000 r--s 00000000 08:01 3553       /var/cache/fontconfig/3047814df9a2f067bd2d96a2b9c36e5a-le32d4.cache-3
b3956000-b395a000 r--s 00000000 08:01 3568       /var/cache/fontconfig/b47c4e1ecd0709278f4910c18777a504-le32d4.cache-3
b395a000-b3967000 r--s 00000000 08:01 3573       /var/cache/fontconfig/d52a8644073d54c13679302ca1180695-le32d4.cache-3
b3967000-b396a000 r--s 00000000 08:01 3564       /var/cache/fontconfig/8801497958630a81b71ace7c5f9b32a8-le32d4.cache-3
b396a000-b396e000 r--s 00000000 08:01 3568       /var/cache/fontconfig/b47c4e1ecd0709278f4910c18777a504-le32d4.cache-3
b396e000-b397b000 r--s 00000000 08:01 3573       /var/cache/fontconfig/d52a8644073d54c13679302ca1180695-le32d4.cache-3
b397b000-b397e000 r--s 00019000 08:01 864259     /home/chaol/workspace-java/ADP-Demo-GUI/src/com/adp/clocks/synergy2416/res/v4l4j.jar
b397e000-b3981000 r--s 0002a000 08:01 2243555    /opt/eclipse-standard/plugins/org.eclipse.equinox.registry_3.5.301.v20130717-1549.jar
b3981000-b3985000 r-xp 00000000 08:01 13641      /usr/lib/i386-linux-gnu/libXfixes.so.3.1.0
b3985000-b3986000 r--p 00004000 08:01 13641      /usr/lib/i386-linux-gnu/libXfixes.so.3.1.0
b3986000-b3987000 rw-p 00005000 08:01 13641      /usr/lib/i386-linux-gnu/libXfixes.so.3.1.0
b3987000-b3990000 r-xp 00000000 08:01 16793      /usr/lib/i386-linux-gnu/libXcursor.so.1.0.2
b3990000-b3991000 r--p 00008000 08:01 16793      /usr/lib/i386-linux-gnu/libXcursor.so.1.0.2
b3991000-b3992000 rw-p 00009000 08:01 16793      /usr/lib/i386-linux-gnu/libXcursor.so.1.0.2
b3992000-b3994000 r--s 00010000 08:01 2243198    /opt/eclipse-standard/plugins/org.eclipse.core.runtime_3.9.0.v20130326-1255.jar
b3994000-b3997000 r--s 00018000 08:01 2243752    /opt/eclipse-standard/plugins/org.eclipse.equinox.common_3.6.200.v20130402-1505.jar
b3997000-b399a000 r--s 00018000 08:01 2243511    /opt/eclipse-standard/plugins/org.eclipse.core.commands_3.6.100.v20130515-1857.jar
b399a000-b399b000 rw-p 00000000 00:00 0 
b399b000-b39a4000 r-xp 00000000 08:01 1839791    /usr/lib/jvm/java-6-openjdk-i386/jre/lib/i386/libsplashscreen.so
b39a4000-b39a5000 r--p 00008000 08:01 1839791    /usr/lib/jvm/java-6-openjdk-i386/jre/lib/i386/libsplashscreen.so
b39a5000-b39a6000 rw-p 00009000 08:01 1839791    /usr/lib/jvm/java-6-openjdk-i386/jre/lib/i386/libsplashscreen.so
b39a6000-b39a8000 rw-p 00000000 00:00 0 
b39a8000-b39af000 r--s 000fc000 08:01 1838998    /usr/lib/jvm/java-6-openjdk-common/jre/lib/resources.jar
b39af000-b39b0000 r--s 00000000 08:01 3558       /var/cache/fontconfig/56cf4f4769d0f4abc89a4895d7bd3ae1-le32d4.cache-3
b39b0000-b39b1000 r--s 00000000 08:01 3569       /var/cache/fontconfig/b9d506c9ac06c20b433354fa67a72993-le32d4.cache-3
b39b1000-b39ba000 r--s 00000000 08:01 519518     /var/cache/fontconfig/089dead882dea3570ffc31a9898cfb69-le32d4.cache-3
b39ba000-b39c2000 r--s 00000000 08:01 11176      /var/cache/fontconfig/e13b20fdb08344e0e664864cc2ede53d-le32d4.cache-3
b39c2000-b39c5000 r--s 00000000 08:01 519517     /var/cache/fontconfig/7ef2298fde41cc6eeb7af42e48b7d293-le32d4.cache-3
b39c5000-b39c8000 ---p 00000000 00:00 0 
b39c8000-b3a16000 rw-p 00000000 00:00 0          [stack:7041]
b3a16000-b3aab000 r-xp 00000000 08:01 16989      /usr/lib/i386-linux-gnu/libfreetype.so.6.8.0
b3aab000-b3aaf000 r--p 00094000 08:01 16989      /usr/lib/i386-linux-gnu/libfreetype.so.6.8.0
b3aaf000-b3ab0000 rw-p 00098000 08:01 16989      /usr/lib/i386-linux-gnu/libfreetype.so.6.8.0
b3ab0000-b3af8000 r-xp 00000000 08:01 1839595    /usr/lib/jvm/java-6-openjdk-i386/jre/lib/i386/libfontmanager.so
b3af8000-b3af9000 r--p 00048000 08:01 1839595    /usr/lib/jvm/java-6-openjdk-i386/jre/lib/i386/libfontmanager.so
b3af9000-b3afa000 rw-p 00049000 08:01 1839595    /usr/lib/jvm/java-6-openjdk-i386/jre/lib/i386/libfontmanager.so
b3afa000-b3aff000 r-xp 00000000 08:01 16797      /usr/lib/i386-linux-gnu/libXdmcp.so.6.0.0
b3aff000-b3b00000 r--p 00004000 08:01 16797      /usr/lib/i386-linux-gnu/libXdmcp.so.6.0.0
b3b00000-b3b01000 rw-p 00005000 08:01 16797      /usr/lib/i386-linux-gnu/libXdmcp.so.6.0.0
b3b01000-b3b03000 r-xp 00000000 08:01 16786      /usr/lib/i386-linux-gnu/libXau.so.6.0.0
b3b03000-b3b04000 r--p 00001000 08:01 16786      /usr/lib/i386-linux-gnu/libXau.so.6.0.0
b3b04000-b3b05000 rw-p 00002000 08:01 16786      /usr/lib/i386-linux-gnu/libXau.so.6.0.0
b3b05000-b3b24000 r-xp 00000000 08:01 17393      /usr/lib/i386-linux-gnu/libxcb.so.1.1.0
b3b24000-b3b25000 r--p 0001f000 08:01 17393      /usr/lib/i386-linux-gnu/libxcb.so.1.1.0
b3b25000-b3b26000 rw-p 00020000 08:01 17393      /usr/lib/i386-linux-gnu/libxcb.so.1.1.0
b3b26000-b3b35000 r-xp 00000000 08:01 8381       /usr/lib/i386-linux-gnu/libXi.so.6.1.0
b3b35000-b3b36000 r--p 0000e000 08:01 8381       /usr/lib/i386-linux-gnu/libXi.so.6.1.0
b3b36000-b3b37000 rw-p 0000f000 08:01 8381       /usr/lib/i386-linux-gnu/libXi.so.6.1.0
b3b37000-b3b3f000 r-xp 00000000 08:01 16821      /usr/lib/i386-linux-gnu/libXrender.so.1.3.0
b3b3f000-b3b40000 r--p 00007000 08:01 16821      /usr/lib/i386-linux-gnu/libXrender.so.1.3.0
b3b40000-b3b41000 rw-p 00008000 08:01 16821      /usr/lib/i386-linux-gnu/libXrender.so.1.3.0
b3b41000-b3c71000 r-xp 00000000 08:01 14323      /usr/lib/i386-linux-gnu/libX11.so.6.3.0
b3c71000-b3c72000 r--p 0012f000 08:01 14323      /usr/lib/i386-linux-gnu/libX11.so.6.3.0
b3c72000-b3c74000 rw-p 00130000 08:01 14323      /usr/lib/i386-linux-gnu/libX11.so.6.3.0
b3c74000-b3c75000 rw-p 00000000 00:00 0 
b3c75000-b3c85000 r-xp 00000000 08:01 16799      /usr/lib/i386-linux-gnu/libXext.so.6.4.0
b3c85000-b3c86000 r--p 0000f000 08:01 16799      /usr/lib/i386-linux-gnu/libXext.so.6.4.0
b3c86000-b3c87000 rw-p 00010000 08:01 16799      /usr/lib/i386-linux-gnu/libXext.so.6.4.0
b3c87000-b3c88000 r--s 00000000 08:01 3572       /var/cache/fontconfig/4794a0821666d79190d59a36cb4f44b5-le32d4.cache-3
b3c88000-b3c89000 r--s 00000000 08:01 3558       /var/cache/fontconfig/56cf4f4769d0f4abc89a4895d7bd3ae1-le32d4.cache-3
b3c89000-b3c92000 r--s 00000000 08:01 519518     /var/cache/fontconfig/089dead882dea3570ffc31a9898cfb69-le32d4.cache-3
b3c92000-b3c9a000 r--s 00000000 08:01 11176      /var/cache/fontconfig/e13b20fdb08344e0e664864cc2ede53d-le32d4.cache-3
b3c9a000-b3c9d000 r--s 00000000 08:01 519517     /var/cache/fontconfig/7ef2298fde41cc6eeb7af42e48b7d293-le32d4.cache-3
b3c9d000-b3ce9000 r-xp 00000000 08:01 1839789    /usr/lib/jvm/java-6-openjdk-i386/jre/lib/i386/xawt/libmawt.so
b3ce9000-b3cea000 r--p 0004b000 08:01 1839789    /usr/lib/jvm/java-6-openjdk-i386/jre/lib/i386/xawt/libmawt.so
b3cea000-b3cec000 rw-p 0004c000 08:01 1839789    /usr/lib/jvm/java-6-openjdk-i386/jre/lib/i386/xawt/libmawt.so
b3cec000-b3ced000 rw-p 00000000 00:00 0 
b3ced000-b3d81000 r-xp 00000000 08:01 1839605    /usr/lib/jvm/java-6-openjdk-i386/jre/lib/i386/libawt.so
b3d81000-b3d82000 r--p 00093000 08:01 1839605    /usr/lib/jvm/java-6-openjdk-i386/jre/lib/i386/libawt.so
b3d82000-b3d89000 rw-p 00094000 08:01 1839605    /usr/lib/jvm/java-6-openjdk-i386/jre/lib/i386/libawt.so
b3d89000-b3dad000 rw-p 00000000 00:00 0 
b3dad000-b3dae000 ---p 00000000 00:00 0 
b3dae000-b3e2e000 rw-p 00000000 00:00 0          [stack:7040]
b3e2e000-b3e31000 ---p 00000000 00:00 0 
b3e31000-b3e7f000 rw-p 00000000 00:00 0          [stack:7039]
b3e7f000-b3e82000 ---p 00000000 00:00 0 
b3e82000-b3f00000 rw-p 00000000 00:00 0          [stack:7038]
b3f00000-b4100000 r--p 00000000 08:01 19412      /usr/lib/locale/locale-archive
b4100000-b414f000 rw-p 00000000 00:00 0 
b414f000-b4200000 ---p 00000000 00:00 0 
b4200000-b4201000 r--s 00000000 08:01 3569       /var/cache/fontconfig/b9d506c9ac06c20b433354fa67a72993-le32d4.cache-3
b4201000-b4206000 r-xp 00000000 08:01 16825      /usr/lib/i386-linux-gnu/libXtst.so.6.1.0
b4206000-b4207000 r--p 00004000 08:01 16825      /usr/lib/i386-linux-gnu/libXtst.so.6.1.0
b4207000-b4208000 rw-p 00005000 08:01 16825      /usr/lib/i386-linux-gnu/libXtst.so.6.1.0
b4208000-b420a000 r--s 0000f000 08:01 1838988    /usr/lib/jvm/java-6-openjdk-common/jre/lib/ext/pulse-java.jar
b420a000-b420d000 r--s 00077000 08:01 1838989    /usr/lib/jvm/java-6-openjdk-common/jre/lib/ext/localedata.jar
b420d000-b4210000 ---p 00000000 00:00 0 
b4210000-b425e000 rw-p 00000000 00:00 0          [stack:7037]
b425e000-b4261000 ---p 00000000 00:00 0 
b4261000-b42af000 rw-p 00000000 00:00 0          [stack:7036]
b42af000-b42b2000 ---p 00000000 00:00 0 
b42b2000-b4300000 rw-p 00000000 00:00 0          [stack:7035]
b4300000-b43fb000 rw-p 00000000 00:00 0 
b43fb000-b4400000 ---p 00000000 00:00 0 
b4400000-b4402000 r--s 00001000 08:01 1838990    /usr/lib/jvm/java-6-openjdk-common/jre/lib/ext/dnsns.jar
b4402000-b4406000 r--s 00039000 08:01 1838987    /usr/lib/jvm/java-6-openjdk-common/jre/lib/ext/sunpkcs11.jar
b4406000-b4407000 ---p 00000000 00:00 0 
b4407000-b44ba000 rw-p 00000000 00:00 0          [stack:7034]
b44ba000-b464e000 r--s 03822000 08:01 1839584    /usr/lib/jvm/java-6-openjdk-i386/jre/lib/rt.jar
b464e000-b465c000 rw-p 00000000 00:00 0 
b465c000-b4676000 rw-p 00000000 00:00 0 
b4676000-b467c000 rw-p 00000000 00:00 0 
b467c000-b4721000 rw-p 00000000 00:00 0 
b4721000-b4724000 rw-p 00000000 00:00 0 
b4724000-b4776000 rw-p 00000000 00:00 0 
b4776000-b477c000 rw-p 00000000 00:00 0 
b477c000-b4821000 rw-p 00000000 00:00 0 
b4821000-b4827000 rw-p 00000000 00:00 0 
b4827000-b4841000 rw-p 00000000 00:00 0 
b4841000-b4851000 rw-p 00000000 00:00 0 
b4851000-b48cd000 rw-p 00000000 00:00 0 
b48cd000-b49cd000 rwxp 00000000 00:00 0 
b49cd000-b68cd000 rw-p 00000000 00:00 0 
b68cd000-b68d8000 r-xp 00000000 08:01 255736     /lib/i386-linux-gnu/libnss_files-2.15.so
b68d8000-b68d9000 r--p 0000a000 08:01 255736     /lib/i386-linux-gnu/libnss_files-2.15.so
b68d9000-b68da000 rw-p 0000b000 08:01 255736     /lib/i386-linux-gnu/libnss_files-2.15.so
b68da000-b68e4000 r-xp 00000000 08:01 255735     /lib/i386-linux-gnu/libnss_nis-2.15.so
b68e4000-b68e5000 r--p 00009000 08:01 255735     /lib/i386-linux-gnu/libnss_nis-2.15.so
b68e5000-b68e6000 rw-p 0000a000 08:01 255735     /lib/i386-linux-gnu/libnss_nis-2.15.so
b68e6000-b68fc000 r-xp 00000000 08:01 252399     /lib/i386-linux-gnu/libnsl-2.15.so
b68fc000-b68fd000 r--p 00015000 08:01 252399     /lib/i386-linux-gnu/libnsl-2.15.so
b68fd000-b68fe000 rw-p 00016000 08:01 252399     /lib/i386-linux-gnu/libnsl-2.15.so
b68fe000-b6900000 rw-p 00000000 00:00 0 
b6900000-b69a5000 rw-p 00000000 00:00 0 
b69a5000-b6a00000 ---p 00000000 00:00 0 
b6a00000-b6a07000 r-xp 00000000 08:01 255737     /lib/i386-linux-gnu/libnss_compat-2.15.so
b6a07000-b6a08000 r--p 00006000 08:01 255737     /lib/i386-linux-gnu/libnss_compat-2.15.so
b6a08000-b6a09000 rw-p 00007000 08:01 255737     /lib/i386-linux-gnu/libnss_compat-2.15.so
b6a09000-b6a0a000 r--s 00007000 08:01 1839824    /usr/share/java/java-atk-wrapper.jar
b6a0a000-b6a0d000 r--s 00031000 08:01 1838991    /usr/lib/jvm/java-6-openjdk-common/jre/lib/ext/sunjce_provider.jar
b6a0d000-b6a0e000 r--p 005e0000 08:01 19412      /usr/lib/locale/locale-archive
b6a0e000-b6a15000 r-xp 00000000 08:01 1839612    /usr/lib/jvm/java-6-openjdk-i386/jre/lib/i386/libzip.so
b6a15000-b6a16000 r--p 00006000 08:01 1839612    /usr/lib/jvm/java-6-openjdk-i386/jre/lib/i386/libzip.so
b6a16000-b6a17000 rw-p 00007000 08:01 1839612    /usr/lib/jvm/java-6-openjdk-i386/jre/lib/i386/libzip.so
b6a17000-b6a1f000 rw-s 00000000 08:01 944398     /tmp/hsperfdata_chaol/7028
b6a1f000-b6a45000 r-xp 00000000 08:01 1839598    /usr/lib/jvm/java-6-openjdk-i386/jre/lib/i386/libjava.so
b6a45000-b6a46000 r--p 00025000 08:01 1839598    /usr/lib/jvm/java-6-openjdk-i386/jre/lib/i386/libjava.so
b6a46000-b6a48000 rw-p 00026000 08:01 1839598    /usr/lib/jvm/java-6-openjdk-i386/jre/lib/i386/libjava.so
b6a48000-b6a4f000 r-xp 00000000 08:01 252408     /lib/i386-linux-gnu/librt-2.15.so
b6a4f000-b6a50000 r--p 00006000 08:01 252408     /lib/i386-linux-gnu/librt-2.15.so
b6a50000-b6a51000 rw-p 00007000 08:01 252408     /lib/i386-linux-gnu/librt-2.15.so
b6a51000-b6a54000 ---p 00000000 00:00 0 
b6a54000-b6aa2000 rw-p 00000000 00:00 0          [stack:7033]
b6aa2000-b6abe000 r-xp 00000000 08:01 252257     /lib/i386-linux-gnu/libgcc_s.so.1
b6abe000-b6abf000 r--p 0001b000 08:01 252257     /lib/i386-linux-gnu/libgcc_s.so.1
b6abf000-b6ac0000 rw-p 0001c000 08:01 252257     /lib/i386-linux-gnu/libgcc_s.so.1
b6ac0000-b6aea000 r-xp 00000000 08:01 255734     /lib/i386-linux-gnu/libm-2.15.so
b6aea000-b6aeb000 r--p 00029000 08:01 255734     /lib/i386-linux-gnu/libm-2.15.so
b6aeb000-b6aec000 rw-p 0002a000 08:01 255734     /lib/i386-linux-gnu/libm-2.15.so
b6aec000-b6bc4000 r-xp 00000000 08:01 17329      /usr/lib/i386-linux-gnu/libstdc++.so.6.0.16
b6bc4000-b6bc5000 ---p 000d8000 08:01 17329      /usr/lib/i386-linux-gnu/libstdc++.so.6.0.16
b6bc5000-b6bc9000 r--p 000d8000 08:01 17329      /usr/lib/i386-linux-gnu/libstdc++.so.6.0.16
b6bc9000-b6bca000 rw-p 000dc000 08:01 17329      /usr/lib/i386-linux-gnu/libstdc++.so.6.0.16
b6bca000-b6bd1000 rw-p 00000000 00:00 0 
b6bd1000-b70e6000 r-xp 00000000 08:01 1839604    /usr/lib/jvm/java-6-openjdk-i386/jre/lib/i386/client/libjvm.so
b70e6000-b70fd000 r--p 00514000 08:01 1839604    /usr/lib/jvm/java-6-openjdk-i386/jre/lib/i386/client/libjvm.so
b70fd000-b710a000 rw-p 0052b000 08:01 1839604    /usr/lib/jvm/java-6-openjdk-i386/jre/lib/i386/client/libjvm.so
b710a000-b7524000 rw-p 00000000 00:00 0 
b7524000-b7538000 r-xp 00000000 08:01 252336     /lib/i386-linux-gnu/libz.so.1.2.3.4
b7538000-b7539000 r--p 00013000 08:01 252336     /lib/i386-linux-gnu/libz.so.1.2.3.4
b7539000-b753a000 rw-p 00014000 08:01 252336     /lib/i386-linux-gnu/libz.so.1.2.3.4
b753a000-b76de000 r-xp 00000000 08:01 255739     /lib/i386-linux-gnu/libc-2.15.so
b76de000-b76e0000 r--p 001a4000 08:01 255739     /lib/i386-linux-gnu/libc-2.15.so
b76e0000-b76e1000 rw-p 001a6000 08:01 255739     /lib/i386-linux-gnu/libc-2.15.so
b76e1000-b76e4000 rw-p 00000000 00:00 0 
b76e4000-b76e7000 r-xp 00000000 08:01 255738     /lib/i386-linux-gnu/libdl-2.15.so
b76e7000-b76e8000 r--p 00002000 08:01 255738     /lib/i386-linux-gnu/libdl-2.15.so
b76e8000-b76e9000 rw-p 00003000 08:01 255738     /lib/i386-linux-gnu/libdl-2.15.so
b76e9000-b76ed000 r-xp 00000000 08:01 1839611    /usr/lib/jvm/java-6-openjdk-i386/jre/lib/i386/jli/libjli.so
b76ed000-b76ee000 r--p 00003000 08:01 1839611    /usr/lib/jvm/java-6-openjdk-i386/jre/lib/i386/jli/libjli.so
b76ee000-b76ef000 rw-p 00004000 08:01 1839611    /usr/lib/jvm/java-6-openjdk-i386/jre/lib/i386/jli/libjli.so
b76ef000-b76f0000 rw-p 00000000 00:00 0 
b76f0000-b7707000 r-xp 00000000 08:01 252406     /lib/i386-linux-gnu/libpthread-2.15.so
b7707000-b7708000 r--p 00016000 08:01 252406     /lib/i386-linux-gnu/libpthread-2.15.so
b7708000-b7709000 rw-p 00017000 08:01 252406     /lib/i386-linux-gnu/libpthread-2.15.so
b7709000-b7711000 rw-p 00000000 00:00 0 
b7711000-b7712000 rw-p 00000000 00:00 0 
b7712000-b7713000 r--p 00000000 00:00 0 
b7713000-b771e000 r-xp 00000000 08:01 1839627    /usr/lib/jvm/java-6-openjdk-i386/jre/lib/i386/libverify.so
b771e000-b771f000 ---p 0000b000 08:01 1839627    /usr/lib/jvm/java-6-openjdk-i386/jre/lib/i386/libverify.so
b771f000-b7720000 r--p 0000b000 08:01 1839627    /usr/lib/jvm/java-6-openjdk-i386/jre/lib/i386/libverify.so
b7720000-b7721000 rw-p 0000c000 08:01 1839627    /usr/lib/jvm/java-6-openjdk-i386/jre/lib/i386/libverify.so
b7721000-b7723000 rw-p 00000000 00:00 0 
b7723000-b7724000 r-xp 00000000 00:00 0          [vdso]
b7724000-b7744000 r-xp 00000000 08:01 252407     /lib/i386-linux-gnu/ld-2.15.so
b7744000-b7745000 r--p 0001f000 08:01 252407     /lib/i386-linux-gnu/ld-2.15.so
b7745000-b7746000 rw-p 00020000 08:01 252407     /lib/i386-linux-gnu/ld-2.15.so
bfc05000-bfc27000 rw-p 00000000 00:00 0          [stack]

VM Arguments:
jvm_args: -Dfile.encoding=UTF-8 
java_command: com.adp.clocks.synergy2416.demo.MainWindow psplash:res/Background.png
Launcher Type: SUN_STANDARD

Environment Variables:
PATH=/usr/lib/lightdm/lightdm:/usr/local/sbin:/usr/local/bin:/usr/sbin:/usr/bin:/sbin:/bin:/usr/games
LD_LIBRARY_PATH=/usr/lib/jvm/java-6-openjdk-i386/jre/lib/i386/client:/usr/lib/jvm/java-6-openjdk-i386/jre/lib/i386:/usr/lib/jvm/java-6-openjdk-i386/jre/../lib/i386:/usr/lib/jni
SHELL=/bin/bash
DISPLAY=:0

Signal Handlers:
SIGSEGV: [libjvm.so+0x3e8020], sa_mask[0]=0x7ffbfeff, sa_flags=0x10000004
SIGBUS: [libjvm.so+0x3e8020], sa_mask[0]=0x7ffbfeff, sa_flags=0x10000004
SIGFPE: [libjvm.so+0x304080], sa_mask[0]=0x7ffbfeff, sa_flags=0x10000004
SIGPIPE: [libjvm.so+0x304080], sa_mask[0]=0x7ffbfeff, sa_flags=0x10000004
SIGXFSZ: [libjvm.so+0x304080], sa_mask[0]=0x7ffbfeff, sa_flags=0x10000004
SIGILL: [libjvm.so+0x304080], sa_mask[0]=0x7ffbfeff, sa_flags=0x10000004
SIGUSR1: SIG_DFL, sa_mask[0]=0x00000000, sa_flags=0x00000000
SIGUSR2: [libjvm.so+0x303f10], sa_mask[0]=0x00000004, sa_flags=0x10000004
SIGHUP: [libjvm.so+0x306ea0], sa_mask[0]=0x7ffbfeff, sa_flags=0x10000004
SIGINT: [libjvm.so+0x306ea0], sa_mask[0]=0x7ffbfeff, sa_flags=0x10000004
SIGTERM: [libjvm.so+0x306ea0], sa_mask[0]=0x7ffbfeff, sa_flags=0x10000004
SIGQUIT: [libjvm.so+0x306ea0], sa_mask[0]=0x7ffbfeff, sa_flags=0x10000004


---------------  S Y S T E M  ---------------

OS:Ubuntu 12.04 (precise)
uname:Linux 3.8.0-36-generic #52~precise1-Ubuntu SMP Mon Feb 3 21:56:56 UTC 2014 i686
libc:glibc 2.15 NPTL 2.15 
rlimit: STACK 8192k, CORE 0k, NPROC 24036, NOFILE 4096, AS infinity
load average:0.15 0.40 0.37

/proc/meminfo:
MemTotal:        3093208 kB
MemFree:          798544 kB
Buffers:           77528 kB
Cached:          1214628 kB
SwapCached:            0 kB
Active:          1172316 kB
Inactive:        1033360 kB
Active(anon):     914488 kB
Inactive(anon):   330516 kB
Active(file):     257828 kB
Inactive(file):   702844 kB
Unevictable:           0 kB
Mlocked:               0 kB
HighTotal:       2222632 kB
HighFree:          73100 kB
LowTotal:         870576 kB
LowFree:          725444 kB
SwapTotal:             0 kB
SwapFree:              0 kB
Dirty:               140 kB
Writeback:             0 kB
AnonPages:        913592 kB
Mapped:           236552 kB
Shmem:            331484 kB
Slab:              42776 kB
SReclaimable:      24940 kB
SUnreclaim:        17836 kB
KernelStack:        5056 kB
PageTables:        14124 kB
NFS_Unstable:          0 kB
Bounce:                0 kB
WritebackTmp:          0 kB
CommitLimit:     1546604 kB
Committed_AS:    4895488 kB
VmallocTotal:     122880 kB
VmallocUsed:       33072 kB
VmallocChunk:      82944 kB
HardwareCorrupted:     0 kB
AnonHugePages:         0 kB
HugePages_Total:       0
HugePages_Free:        0
HugePages_Rsvd:        0
HugePages_Surp:        0
Hugepagesize:       2048 kB
DirectMap4k:       16376 kB
DirectMap2M:      897024 kB


CPU:total 2 (1 cores per cpu, 2 threads per core) family 15 model 4 stepping 9, cmov, cx8, fxsr, mmx, sse, sse2, sse3, ht

Memory: 4k page, physical 3093208k(798544k free), swap 0k(0k free)

vm_info: OpenJDK Client VM (20.0-b12) for linux-x86 JRE (1.6.0_27-b27), built on Nov 16 2013 15:23:20 by "buildd" with gcc 4.6.3

time: Thu Feb 20 00:25:40 2014
elapsed time: 2 seconds

