#
# A fatal error has been detected by the Java Runtime Environment:
#
#  SIGSEGV (0xb) at pc=0xb34d98b7, pid=7296, tid=3000654656
#
# JRE version: 6.0_27-b27
# Java VM: OpenJDK Client VM (20.0-b12 mixed mode, sharing linux-x86 )
# Derivative: IcedTea6 1.12.6
# Distribution: Ubuntu 12.04 LTS, package 6b27-1.12.6-1ubuntu0.12.04.4
# Problematic frame:
# C  [libsynergy2416.so+0x48b7]  _get_enroll_count+0x22
#
# If you would like to submit a bug report, please include
# instructions how to reproduce the bug and visit:
#   https://bugs.launchpad.net/ubuntu/+source/openjdk-6/
# The crash happened outside the Java Virtual Machine in native code.
# See problematic frame for where to report the bug.
#

---------------  T H R E A D  ---------------

Current thread (0x08db5800):  JavaThread "SwingWorker-pool-3-thread-1" [_thread_in_native, id=7327, stack(0xb2d55000,0xb2da6000)]

siginfo:si_signo=SIGSEGV: si_errno=0, si_code=1 (SEGV_MAPERR), si_addr=0x00000000

Registers:
EAX=0x00000000, EBX=0x8eba97b0, ECX=0x08db5920, EDX=0x00000000
ESP=0xb2da4a10, EBP=0xb2da4a20, ESI=0x8eba97b0, EDI=0x08db5800
EIP=0xb34d98b7, EFLAGS=0x00210297, CR2=0x00000000

Top of Stack: (sp=0xb2da4a10)
0xb2da4a10:   b6da0be0 08dbbdb4 00000000 00000000
0xb2da4a20:   b2da4a28 b34da261 b2da4a68 b34d8fc3
0xb2da4a30:   b2da4ae0 b2da4ab0 b489e264 b4890608
0xb2da4a40:   00000000 b2da4ad0 b2da4ab0 00000000
0xb2da4a50:   00000000 8eba97b0 08db5800 b2da4aa0
0xb2da4a60:   b4897fdb 08db5800 b2da4aa0 b48980dd
0xb2da4a70:   08db5920 b2da4aa8 b2da4ae0 b2da4ae0
0xb2da4a80:   b2da4a80 8eba97b0 b2da4aac 8ebaa550 

Instructions: (pc=0xb34d98b7)
0xb34d9897:   e5 83 ec 10 c7 45 f8 00 00 00 00 c7 45 fc 00 00
0xb34d98a7:   00 00 eb 1b 8b 15 e4 ea 4d b3 8b 45 fc 8d 04 02
0xb34d98b7:   0f b6 00 84 c0 74 04 83 45 f8 01 83 45 fc 01 a1
0xb34d98c7:   10 e0 4d b3 39 45 fc 7c db 8b 45 f8 c9 c3 55 89 

Register to memory mapping:

EAX=0x00000000 is an unknown value
EBX=0x8eba97b0 is an oop
{method} 
 - klass: {other class}
ECX=0x08db5920 is an unknown value
EDX=0x00000000 is an unknown value
ESP=0xb2da4a10 is pointing into the stack for thread: 0x08db5800
EBP=0xb2da4a20 is pointing into the stack for thread: 0x08db5800
ESI=0x8eba97b0 is an oop
{method} 
 - klass: {other class}
EDI=0x08db5800 is a thread


Stack: [0xb2d55000,0xb2da6000],  sp=0xb2da4a10,  free space=318k
Native frames: (J=compiled Java code, j=interpreted, Vv=VM code, C=native code)
C  [libsynergy2416.so+0x48b7]  _get_enroll_count+0x22
C  [libsynergy2416.so+0x5261]  hlpGetEnrollCount+0x8
C  [libsynergy2416.so+0x3fc3]  Java_com_adp_clocks_synergy2416_demo_FPU_FP_1IDENTIFY_1EMPLOYEE+0x19
j  com.adp.clocks.synergy2416.demo.FPU.FP_IDENTIFY_EMPLOYEE()I+0
j  com.adp.clocks.synergy2416.demo.FPU.identifyEmployee()Ljava/lang/String;+0
j  com.adp.clocks.synergy2416.demo.FPIdWorker.doInBackground()Ljava/lang/String;+8
j  com.adp.clocks.synergy2416.demo.FPIdWorker.doInBackground()Ljava/lang/Object;+1
j  javax.swing.SwingWorker$1.call()Ljava/lang/Object;+14
j  java.util.concurrent.FutureTask$Sync.innerRun()V+29
j  java.util.concurrent.FutureTask.run()V+4
j  javax.swing.SwingWorker.run()V+4
j  java.util.concurrent.ThreadPoolExecutor.runWorker(Ljava/util/concurrent/ThreadPoolExecutor$Worker;)V+95
j  java.util.concurrent.ThreadPoolExecutor$Worker.run()V+5
j  java.lang.Thread.run()V+11
v  ~StubRoutines::call_stub
V  [libjvm.so+0x2116b6]  JavaCalls::call_helper(JavaValue*, methodHandle*, JavaCallArguments*, Thread*)+0x2c6

Java frames: (J=compiled Java code, j=interpreted, Vv=VM code)
j  com.adp.clocks.synergy2416.demo.FPU.FP_IDENTIFY_EMPLOYEE()I+0
j  com.adp.clocks.synergy2416.demo.FPU.identifyEmployee()Ljava/lang/String;+0
j  com.adp.clocks.synergy2416.demo.FPIdWorker.doInBackground()Ljava/lang/String;+8
j  com.adp.clocks.synergy2416.demo.FPIdWorker.doInBackground()Ljava/lang/Object;+1
j  javax.swing.SwingWorker$1.call()Ljava/lang/Object;+14
j  java.util.concurrent.FutureTask$Sync.innerRun()V+29
j  java.util.concurrent.FutureTask.run()V+4
j  javax.swing.SwingWorker.run()V+4
j  java.util.concurrent.ThreadPoolExecutor.runWorker(Ljava/util/concurrent/ThreadPoolExecutor$Worker;)V+95
j  java.util.concurrent.ThreadPoolExecutor$Worker.run()V+5
j  java.lang.Thread.run()V+11
v  ~StubRoutines::call_stub

---------------  P R O C E S S  ---------------

Java Threads: ( => current thread )
=>0x08db5800 JavaThread "SwingWorker-pool-3-thread-1" [_thread_in_native, id=7327, stack(0xb2d55000,0xb2da6000)]
  0xb6905c00 JavaThread "DestroyJavaVM" [_thread_blocked, id=7299, stack(0xb6a13000,0xb6a64000)]
  0x08d9c800 JavaThread "pool-1-thread-1" [_thread_in_vm, id=7318, stack(0xb3298000,0xb32e9000)]
  0x08d77800 JavaThread "Timer-0" [_thread_blocked, id=7317, stack(0xb3373000,0xb33c4000)]
  0x08d73c00 JavaThread "TimerQueue" daemon [_thread_blocked, id=7316, stack(0xb33c4000,0xb3415000)]
  0x08d0f400 JavaThread "Image Fetcher 3" daemon [_thread_blocked, id=7313, stack(0xb3601000,0xb3652000)]
  0xb699b800 JavaThread "AWT-EventQueue-0" [_thread_blocked, id=7312, stack(0xb379f000,0xb37f0000)]
  0xb699a400 JavaThread "AWT-Shutdown" [_thread_blocked, id=7311, stack(0xb37f0000,0xb3841000)]
  0xb6999800 JavaThread "AWT-XAWT" daemon [_thread_in_native, id=7310, stack(0xb3841000,0xb3892000)]
  0xb6965400 JavaThread "Java2D Disposer" daemon [_thread_blocked, id=7309, stack(0xb3983000,0xb39d4000)]
  0xb693cc00 JavaThread "Low Memory Detector" daemon [_thread_blocked, id=7307, stack(0xb3daf000,0xb3e00000)]
  0xb693ac00 JavaThread "C1 CompilerThread0" daemon [_thread_blocked, id=7306, stack(0xb412e000,0xb41af000)]
  0xb6939400 JavaThread "Signal Dispatcher" daemon [_thread_blocked, id=7305, stack(0xb41af000,0xb4200000)]
  0xb6935400 JavaThread "Finalizer" daemon [_thread_blocked, id=7304, stack(0xb4325000,0xb4376000)]
  0xb6933c00 JavaThread "Reference Handler" daemon [_thread_blocked, id=7303, stack(0xb4376000,0xb43c7000)]

Other Threads:
  0xb6932000 VMThread [stack: 0xb43c7000,0xb4448000] [id=7302]
  0xb693f000 WatcherThread [stack: 0xb3d2e000,0xb3daf000] [id=7308]

VM state:not at safepoint (normal execution)

VM Mutex/Monitor currently owned by a thread: None

Heap
 def new generation   total 4928K, used 4291K [0x6ea40000, 0x6ef90000, 0x794e0000)
  eden space 4416K,  87% used [0x6ea40000, 0x6ee07a68, 0x6ee90000)
  from space 512K,  82% used [0x6ee90000, 0x6eef9418, 0x6ef10000)
  to   space 512K,   0% used [0x6ef10000, 0x6ef10000, 0x6ef90000)
 tenured generation   total 10944K, used 1231K [0x794e0000, 0x79f90000, 0x8ea40000)
   the space 10944K,  11% used [0x794e0000, 0x79613c50, 0x79613e00, 0x79f90000)
 compacting perm gen  total 12288K, used 2108K [0x8ea40000, 0x8f640000, 0x92a40000)
   the space 12288K,  17% used [0x8ea40000, 0x8ec4f2a8, 0x8ec4f400, 0x8f640000)
    ro space 10240K,  74% used [0x92a40000, 0x931a8b40, 0x931a8c00, 0x93440000)
    rw space 12288K,  60% used [0x93440000, 0x93b8ee48, 0x93b8f000, 0x94040000)

Code Cache  [0xb488e000, 0xb4986000, 0xb688e000)
 total_blobs=536 nmethods=278 adapters=194 free_code_cache=32539200 largest_free_block=64

Dynamic libraries:
08048000-08051000 r-xp 00000000 08:01 1839571    /usr/lib/jvm/java-6-openjdk-i386/jre/bin/java
08051000-08052000 r--p 00008000 08:01 1839571    /usr/lib/jvm/java-6-openjdk-i386/jre/bin/java
08052000-08053000 rw-p 00009000 08:01 1839571    /usr/lib/jvm/java-6-openjdk-i386/jre/bin/java
08c6c000-08ddf000 rw-p 00000000 00:00 0          [heap]
6ea40000-6ef90000 rw-p 00000000 00:00 0 
6ef90000-794e0000 rw-p 00000000 00:00 0 
794e0000-79f90000 rw-p 00000000 00:00 0 
79f90000-8ea40000 rw-p 00000000 00:00 0 
8ea40000-8f640000 rw-p 00000000 00:00 0 
8f640000-92a40000 rw-p 00000000 00:00 0 
92a40000-931a9000 r--s 00001000 08:01 1839781    /usr/lib/jvm/java-6-openjdk-i386/jre/lib/i386/client/classes.jsa
931a9000-93440000 rw-p 00000000 00:00 0 
93440000-93b8f000 rw-p 0076a000 08:01 1839781    /usr/lib/jvm/java-6-openjdk-i386/jre/lib/i386/client/classes.jsa
93b8f000-94040000 rw-p 00000000 00:00 0 
94040000-9413d000 rw-p 00eb9000 08:01 1839781    /usr/lib/jvm/java-6-openjdk-i386/jre/lib/i386/client/classes.jsa
9413d000-94440000 rw-p 00000000 00:00 0 
94440000-94448000 r-xs 00fb6000 08:01 1839781    /usr/lib/jvm/java-6-openjdk-i386/jre/lib/i386/client/classes.jsa
94448000-94840000 rw-p 00000000 00:00 0 
ae5a4000-ae5a5000 ---p 00000000 00:00 0 
ae5a5000-aeda5000 rw-p 00000000 00:00 0 
b2d55000-b2d58000 ---p 00000000 00:00 0 
b2d58000-b2da6000 rw-p 00000000 00:00 0          [stack:7327]
b2da6000-b2db9000 r-xp 00000000 08:01 252403     /lib/i386-linux-gnu/libresolv-2.15.so
b2db9000-b2dba000 ---p 00013000 08:01 252403     /lib/i386-linux-gnu/libresolv-2.15.so
b2dba000-b2dbb000 r--p 00013000 08:01 252403     /lib/i386-linux-gnu/libresolv-2.15.so
b2dbb000-b2dbc000 rw-p 00014000 08:01 252403     /lib/i386-linux-gnu/libresolv-2.15.so
b2dbc000-b2dbe000 rw-p 00000000 00:00 0 
b2dbe000-b2dc4000 r-xp 00000000 08:01 17212      /usr/lib/i386-linux-gnu/libogg.so.0.7.1
b2dc4000-b2dc5000 r--p 00005000 08:01 17212      /usr/lib/i386-linux-gnu/libogg.so.0.7.1
b2dc5000-b2dc6000 rw-p 00006000 08:01 17212      /usr/lib/i386-linux-gnu/libogg.so.0.7.1
b2dc6000-b2f2c000 r-xp 00000000 08:01 17364      /usr/lib/i386-linux-gnu/libvorbisenc.so.2.0.8
b2f2c000-b2f3d000 r--p 00165000 08:01 17364      /usr/lib/i386-linux-gnu/libvorbisenc.so.2.0.8
b2f3d000-b2f3e000 rw-p 00176000 08:01 17364      /usr/lib/i386-linux-gnu/libvorbisenc.so.2.0.8
b2f3e000-b2f8a000 r-xp 00000000 08:01 16731      /usr/lib/i386-linux-gnu/libFLAC.so.8.2.0
b2f8a000-b2f8b000 r--p 0004b000 08:01 16731      /usr/lib/i386-linux-gnu/libFLAC.so.8.2.0
b2f8b000-b2f8c000 rw-p 0004c000 08:01 16731      /usr/lib/i386-linux-gnu/libFLAC.so.8.2.0
b2f8c000-b2ff8000 r-xp 00000000 08:01 17307      /usr/lib/i386-linux-gnu/libsndfile.so.1.0.25
b2ff8000-b2ff9000 r--p 0006c000 08:01 17307      /usr/lib/i386-linux-gnu/libsndfile.so.1.0.25
b2ff9000-b2ffa000 rw-p 0006d000 08:01 17307      /usr/lib/i386-linux-gnu/libsndfile.so.1.0.25
b2ffa000-b2ffe000 rw-p 00000000 00:00 0 
b2ffe000-b3045000 r-xp 00000000 08:01 252249     /lib/i386-linux-gnu/libdbus-1.so.3.5.8
b3045000-b3046000 r--p 00047000 08:01 252249     /lib/i386-linux-gnu/libdbus-1.so.3.5.8
b3046000-b3047000 rw-p 00048000 08:01 252249     /lib/i386-linux-gnu/libdbus-1.so.3.5.8
b3047000-b30aa000 r-xp 00000000 08:01 12624      /usr/lib/i386-linux-gnu/libpulsecommon-1.1.so
b30aa000-b30ab000 r--p 00062000 08:01 12624      /usr/lib/i386-linux-gnu/libpulsecommon-1.1.so
b30ab000-b30ac000 rw-p 00063000 08:01 12624      /usr/lib/i386-linux-gnu/libpulsecommon-1.1.so
b30ac000-b30f8000 r-xp 00000000 08:01 12623      /usr/lib/i386-linux-gnu/libpulse.so.0.13.5
b30f8000-b30f9000 r--p 0004b000 08:01 12623      /usr/lib/i386-linux-gnu/libpulse.so.0.13.5
b30f9000-b30fa000 rw-p 0004c000 08:01 12623      /usr/lib/i386-linux-gnu/libpulse.so.0.13.5
b30fa000-b3145000 rw-s 00000000 00:04 28213276   /SYSV00000000 (deleted)
b3145000-b3232000 r-xp 00000000 08:01 16845      /usr/lib/i386-linux-gnu/libasound.so.2.0.0
b3232000-b3236000 r--p 000ec000 08:01 16845      /usr/lib/i386-linux-gnu/libasound.so.2.0.0
b3236000-b3237000 rw-p 000f0000 08:01 16845      /usr/lib/i386-linux-gnu/libasound.so.2.0.0
b323e000-b3267000 r-xp 00000000 08:01 17362      /usr/lib/i386-linux-gnu/libvorbis.so.0.4.5
b3267000-b3268000 r--p 00028000 08:01 17362      /usr/lib/i386-linux-gnu/libvorbis.so.0.4.5
b3268000-b3269000 rw-p 00029000 08:01 17362      /usr/lib/i386-linux-gnu/libvorbis.so.0.4.5
b3269000-b326e000 r-xp 00000000 08:01 16847      /usr/lib/i386-linux-gnu/libasyncns.so.0.3.1
b326e000-b326f000 r--p 00004000 08:01 16847      /usr/lib/i386-linux-gnu/libasyncns.so.0.3.1
b326f000-b3270000 rw-p 00005000 08:01 16847      /usr/lib/i386-linux-gnu/libasyncns.so.0.3.1
b3270000-b3278000 r-xp 00000000 08:01 252334     /lib/i386-linux-gnu/libwrap.so.0.7.6
b3278000-b3279000 r--p 00007000 08:01 252334     /lib/i386-linux-gnu/libwrap.so.0.7.6
b3279000-b327a000 rw-p 00008000 08:01 252334     /lib/i386-linux-gnu/libwrap.so.0.7.6
b327a000-b3280000 r-xp 00000000 08:01 17146      /usr/lib/i386-linux-gnu/libjson.so.0.0.1
b3280000-b3281000 r--p 00005000 08:01 17146      /usr/lib/i386-linux-gnu/libjson.so.0.0.1
b3281000-b3282000 rw-p 00006000 08:01 17146      /usr/lib/i386-linux-gnu/libjson.so.0.0.1
b3298000-b329b000 ---p 00000000 00:00 0 
b329b000-b32e9000 rw-p 00000000 00:00 0          [stack:7318]
b32e9000-b330a000 r-xp 00000000 08:01 17358      /usr/lib/i386-linux-gnu/libv4lconvert.so.0
b330a000-b330b000 r--p 00021000 08:01 17358      /usr/lib/i386-linux-gnu/libv4lconvert.so.0
b330b000-b330c000 rw-p 00022000 08:01 17358      /usr/lib/i386-linux-gnu/libv4lconvert.so.0
b330c000-b335e000 rw-p 00000000 00:00 0 
b335e000-b3371000 r-xp 00000000 08:01 8712       /usr/lib/libvideo.so.0
b3371000-b3372000 r--p 00012000 08:01 8712       /usr/lib/libvideo.so.0
b3372000-b3373000 rw-p 00013000 08:01 8712       /usr/lib/libvideo.so.0
b3373000-b3376000 ---p 00000000 00:00 0 
b3376000-b33c4000 rw-p 00000000 00:00 0          [stack:7317]
b33c4000-b33c7000 ---p 00000000 00:00 0 
b33c7000-b349b000 rw-p 00000000 00:00 0          [stack:7316]
b349c000-b34a1000 r-xp 00000000 08:01 17411      /usr/lib/i386-linux-gnu/alsa-lib/libasound_module_pcm_pulse.so
b34a1000-b34a2000 r--p 00004000 08:01 17411      /usr/lib/i386-linux-gnu/alsa-lib/libasound_module_pcm_pulse.so
b34a2000-b34a3000 rw-p 00005000 08:01 17411      /usr/lib/i386-linux-gnu/alsa-lib/libasound_module_pcm_pulse.so
b34a3000-b34a9000 rw-s 00000000 00:04 28246045   /SYSV00000000 (deleted)
b34a9000-b34b8000 r-xp 00000000 08:01 1839790    /usr/lib/jvm/java-6-openjdk-i386/jre/lib/i386/libjsoundalsa.so
b34b8000-b34b9000 r--p 0000e000 08:01 1839790    /usr/lib/jvm/java-6-openjdk-i386/jre/lib/i386/libjsoundalsa.so
b34b9000-b34ba000 rw-p 0000f000 08:01 1839790    /usr/lib/jvm/java-6-openjdk-i386/jre/lib/i386/libjsoundalsa.so
b34ba000-b34bb000 r-xp 00000000 08:01 1839628    /usr/lib/jvm/java-6-openjdk-i386/jre/lib/i386/libjsound.so
b34bb000-b34bc000 r--p 00000000 08:01 1839628    /usr/lib/jvm/java-6-openjdk-i386/jre/lib/i386/libjsound.so
b34bc000-b34bd000 rw-p 00001000 08:01 1839628    /usr/lib/jvm/java-6-openjdk-i386/jre/lib/i386/libjsound.so
b34bd000-b34c4000 r--s 00000000 08:01 14251      /usr/lib/i386-linux-gnu/gconv/gconv-modules.cache
b34c4000-b34d3000 r-xp 00000000 08:01 524448     /usr/lib/jni/libv4l4j.so
b34d3000-b34d4000 r--p 0000e000 08:01 524448     /usr/lib/jni/libv4l4j.so
b34d4000-b34d5000 rw-p 0000f000 08:01 524448     /usr/lib/jni/libv4l4j.so
b34d5000-b34dd000 r-xp 00000000 08:01 524557     /usr/lib/jni/libsynergy2416.so
b34dd000-b34de000 r--p 00007000 08:01 524557     /usr/lib/jni/libsynergy2416.so
b34de000-b34df000 rw-p 00008000 08:01 524557     /usr/lib/jni/libsynergy2416.so
b34df000-b34e7000 r-xp 00000000 08:01 1839626    /usr/lib/jvm/java-6-openjdk-i386/jre/lib/i386/libnio.so
b34e7000-b34e8000 r--p 00007000 08:01 1839626    /usr/lib/jvm/java-6-openjdk-i386/jre/lib/i386/libnio.so
b34e8000-b34e9000 rw-p 00008000 08:01 1839626    /usr/lib/jvm/java-6-openjdk-i386/jre/lib/i386/libnio.so
b34e9000-b34fe000 r-xp 00000000 08:01 1839614    /usr/lib/jvm/java-6-openjdk-i386/jre/lib/i386/libnet.so
b34fe000-b34ff000 r--p 00014000 08:01 1839614    /usr/lib/jvm/java-6-openjdk-i386/jre/lib/i386/libnet.so
b34ff000-b3500000 rw-p 00015000 08:01 1839614    /usr/lib/jvm/java-6-openjdk-i386/jre/lib/i386/libnet.so
b3500000-b3558000 rw-p 00000000 00:00 0 
b3558000-b3600000 ---p 00000000 00:00 0 
b3601000-b3604000 ---p 00000000 00:00 0 
b3604000-b3652000 rw-p 00000000 00:00 0          [stack:7313]
b3652000-b36a0000 r--s 008b6000 08:01 2243423    /opt/eclipse-standard/plugins/com.ibm.icu_50.1.1.v201304230130.jar
b36a0000-b36e2000 r--s 00367000 08:01 2243377    /opt/eclipse-standard/plugins/org.eclipse.ui.workbench_3.105.1.v20130821-1411.jar
b36e2000-b36f5000 r--s 000e0000 08:01 2243213    /opt/eclipse-standard/plugins/org.eclipse.jface.text_3.8.101.v20130802-1147.jar
b36f5000-b3709000 r--s 000f9000 08:01 2243526    /opt/eclipse-standard/plugins/org.eclipse.jface_3.9.1.v20130725-1141.jar
b3709000-b371e000 r--s 0023a000 08:01 2243675    /opt/eclipse-standard/plugins/org.eclipse.swt.gtk.linux.x86_3.102.1.v20130827-2048.jar
b371e000-b3763000 r-xp 00000000 08:01 11892      /usr/lib/i386-linux-gnu/libjpeg.so.8.0.2
b3763000-b3764000 r--p 00044000 08:01 11892      /usr/lib/i386-linux-gnu/libjpeg.so.8.0.2
b3764000-b3765000 rw-p 00045000 08:01 11892      /usr/lib/i386-linux-gnu/libjpeg.so.8.0.2
b3765000-b3775000 rw-p 00000000 00:00 0 
b3775000-b379d000 r-xp 00000000 08:01 252306     /lib/i386-linux-gnu/libpng12.so.0.46.0
b379d000-b379e000 r--p 00027000 08:01 252306     /lib/i386-linux-gnu/libpng12.so.0.46.0
b379e000-b379f000 rw-p 00028000 08:01 252306     /lib/i386-linux-gnu/libpng12.so.0.46.0
b379f000-b37a2000 ---p 00000000 00:00 0 
b37a2000-b37f0000 rw-p 00000000 00:00 0          [stack:7312]
b37f0000-b37f3000 ---p 00000000 00:00 0 
b37f3000-b3841000 rw-p 00000000 00:00 0          [stack:7311]
b3841000-b3844000 ---p 00000000 00:00 0 
b3844000-b3892000 rw-p 00000000 00:00 0          [stack:7310]
b3892000-b3893000 r--s 00000000 08:01 3570       /var/cache/fontconfig/c05880de57d1f5e948fdfacc138775d9-le32d4.cache-3
b3893000-b3899000 r--s 00000000 08:01 3565       /var/cache/fontconfig/945677eb7aeaf62f1d50efc3fb3ec7d8-le32d4.cache-3
b3899000-b389c000 r--s 00000000 08:01 519519     /var/cache/fontconfig/99e8ed0e538f840c565b6ed5dad60d56-le32d4.cache-3
b389c000-b389f000 r--s 00000000 08:01 3552       /var/cache/fontconfig/2cd17615ca594fa2959ae173292e504c-le32d4.cache-3
b389f000-b38a0000 r--s 00000000 08:01 3577       /var/cache/fontconfig/e7071f4a29fa870f4323321c154eba04-le32d4.cache-3
b38a0000-b38a1000 r--s 00000000 08:01 3550       /var/cache/fontconfig/0d8c3b2ac0904cb8a57a757ad11a4a08-le32d4.cache-3
b38a1000-b38a5000 r--s 00000000 08:01 3567       /var/cache/fontconfig/a755afe4a08bf5b97852ceb7400b47bc-le32d4.cache-3
b38a5000-b38ac000 r--s 00000000 08:01 1579180    /var/cache/fontconfig/6d41288fd70b0be22e8c3a91e032eec0-le32d4.cache-3
b38ac000-b38b7000 r--s 00000000 08:01 3549       /var/cache/fontconfig/04aabc0a78ac019cf9454389977116d2-le32d4.cache-3
b38b7000-b38ba000 r--s 00000000 08:01 3555       /var/cache/fontconfig/385c0604a188198f04d133e54aba7fe7-le32d4.cache-3
b38ba000-b38bb000 r--s 00000000 08:01 3572       /var/cache/fontconfig/4794a0821666d79190d59a36cb4f44b5-le32d4.cache-3
b38bb000-b38bf000 r--s 00000000 08:01 3553       /var/cache/fontconfig/3047814df9a2f067bd2d96a2b9c36e5a-le32d4.cache-3
b38bf000-b38c4000 r--s 00045000 08:01 2243421    /opt/eclipse-standard/plugins/org.eclipse.ui.forms_3.6.1.v20130822-1117.jar
b38c4000-b38c9000 r--s 00038000 08:01 2243571    /opt/eclipse-standard/plugins/org.eclipse.text_3.5.300.v20130515-1451.jar
b38c9000-b38d1000 r-xp 00000000 08:01 1839774    /usr/lib/i386-linux-gnu/libgif.so.4.1.6
b38d1000-b38d2000 r--p 00007000 08:01 1839774    /usr/lib/i386-linux-gnu/libgif.so.4.1.6
b38d2000-b38d3000 rw-p 00008000 08:01 1839774    /usr/lib/i386-linux-gnu/libgif.so.4.1.6
b38d3000-b38d5000 rw-p 00000000 00:00 0 
b38d5000-b38e9000 r--s 00140000 08:01 2243684    /opt/eclipse-standard/plugins/org.eclipse.osgi_3.9.1.v20130814-1242.jar
b38e9000-b38ea000 r--s 00000000 08:01 3570       /var/cache/fontconfig/c05880de57d1f5e948fdfacc138775d9-le32d4.cache-3
b38ea000-b38f0000 r--s 00000000 08:01 3565       /var/cache/fontconfig/945677eb7aeaf62f1d50efc3fb3ec7d8-le32d4.cache-3
b38f0000-b38f3000 r--s 00000000 08:01 519519     /var/cache/fontconfig/99e8ed0e538f840c565b6ed5dad60d56-le32d4.cache-3
b38f3000-b38f6000 r--s 00000000 08:01 3552       /var/cache/fontconfig/2cd17615ca594fa2959ae173292e504c-le32d4.cache-3
b38f6000-b38f7000 r--s 00000000 08:01 3577       /var/cache/fontconfig/e7071f4a29fa870f4323321c154eba04-le32d4.cache-3
b38f7000-b38f8000 r--s 00000000 08:01 3550       /var/cache/fontconfig/0d8c3b2ac0904cb8a57a757ad11a4a08-le32d4.cache-3
b38f8000-b38fc000 r--s 00000000 08:01 3567       /var/cache/fontconfig/a755afe4a08bf5b97852ceb7400b47bc-le32d4.cache-3
b38fc000-b3903000 r--s 00000000 08:01 1579180    /var/cache/fontconfig/6d41288fd70b0be22e8c3a91e032eec0-le32d4.cache-3
b3903000-b390e000 r--s 00000000 08:01 3549       /var/cache/fontconfig/04aabc0a78ac019cf9454389977116d2-le32d4.cache-3
b390e000-b3911000 r--s 00000000 08:01 3555       /var/cache/fontconfig/385c0604a188198f04d133e54aba7fe7-le32d4.cache-3
b3911000-b3914000 r--s 00000000 08:01 3564       /var/cache/fontconfig/8801497958630a81b71ace7c5f9b32a8-le32d4.cache-3
b3914000-b3918000 r--s 00000000 08:01 3553       /var/cache/fontconfig/3047814df9a2f067bd2d96a2b9c36e5a-le32d4.cache-3
b3918000-b3925000 r--s 00000000 08:01 3573       /var/cache/fontconfig/d52a8644073d54c13679302ca1180695-le32d4.cache-3
b3925000-b3928000 r--s 00000000 08:01 3564       /var/cache/fontconfig/8801497958630a81b71ace7c5f9b32a8-le32d4.cache-3
b3928000-b392c000 r--s 00000000 08:01 3568       /var/cache/fontconfig/b47c4e1ecd0709278f4910c18777a504-le32d4.cache-3
b392c000-b3939000 r--s 00000000 08:01 3573       /var/cache/fontconfig/d52a8644073d54c13679302ca1180695-le32d4.cache-3
b3939000-b393c000 r--s 00019000 08:01 864259     /home/chaol/workspace-java/ADP-Demo-GUI/src/com/adp/clocks/synergy2416/res/v4l4j.jar
b393c000-b393f000 r--s 0002a000 08:01 2243555    /opt/eclipse-standard/plugins/org.eclipse.equinox.registry_3.5.301.v20130717-1549.jar
b393f000-b3943000 r-xp 00000000 08:01 13641      /usr/lib/i386-linux-gnu/libXfixes.so.3.1.0
b3943000-b3944000 r--p 00004000 08:01 13641      /usr/lib/i386-linux-gnu/libXfixes.so.3.1.0
b3944000-b3945000 rw-p 00005000 08:01 13641      /usr/lib/i386-linux-gnu/libXfixes.so.3.1.0
b3945000-b394e000 r-xp 00000000 08:01 16793      /usr/lib/i386-linux-gnu/libXcursor.so.1.0.2
b394e000-b394f000 r--p 00008000 08:01 16793      /usr/lib/i386-linux-gnu/libXcursor.so.1.0.2
b394f000-b3950000 rw-p 00009000 08:01 16793      /usr/lib/i386-linux-gnu/libXcursor.so.1.0.2
b3950000-b3952000 r--s 00010000 08:01 2243198    /opt/eclipse-standard/plugins/org.eclipse.core.runtime_3.9.0.v20130326-1255.jar
b3952000-b3955000 r--s 00018000 08:01 2243752    /opt/eclipse-standard/plugins/org.eclipse.equinox.common_3.6.200.v20130402-1505.jar
b3955000-b3958000 r--s 00018000 08:01 2243511    /opt/eclipse-standard/plugins/org.eclipse.core.commands_3.6.100.v20130515-1857.jar
b3958000-b3959000 rw-p 00000000 00:00 0 
b3959000-b3962000 r-xp 00000000 08:01 1839791    /usr/lib/jvm/java-6-openjdk-i386/jre/lib/i386/libsplashscreen.so
b3962000-b3963000 r--p 00008000 08:01 1839791    /usr/lib/jvm/java-6-openjdk-i386/jre/lib/i386/libsplashscreen.so
b3963000-b3964000 rw-p 00009000 08:01 1839791    /usr/lib/jvm/java-6-openjdk-i386/jre/lib/i386/libsplashscreen.so
b3964000-b3966000 rw-p 00000000 00:00 0 
b3966000-b396d000 r--s 000fc000 08:01 1838998    /usr/lib/jvm/java-6-openjdk-common/jre/lib/resources.jar
b396d000-b396e000 r--s 00000000 08:01 3558       /var/cache/fontconfig/56cf4f4769d0f4abc89a4895d7bd3ae1-le32d4.cache-3
b396e000-b396f000 r--s 00000000 08:01 3569       /var/cache/fontconfig/b9d506c9ac06c20b433354fa67a72993-le32d4.cache-3
b396f000-b3978000 r--s 00000000 08:01 519518     /var/cache/fontconfig/089dead882dea3570ffc31a9898cfb69-le32d4.cache-3
b3978000-b3980000 r--s 00000000 08:01 11176      /var/cache/fontconfig/e13b20fdb08344e0e664864cc2ede53d-le32d4.cache-3
b3980000-b3983000 r--s 00000000 08:01 519517     /var/cache/fontconfig/7ef2298fde41cc6eeb7af42e48b7d293-le32d4.cache-3
b3983000-b3986000 ---p 00000000 00:00 0 
b3986000-b39d4000 rw-p 00000000 00:00 0          [stack:7309]
b39d4000-b3a69000 r-xp 00000000 08:01 16989      /usr/lib/i386-linux-gnu/libfreetype.so.6.8.0
b3a69000-b3a6d000 r--p 00094000 08:01 16989      /usr/lib/i386-linux-gnu/libfreetype.so.6.8.0
b3a6d000-b3a6e000 rw-p 00098000 08:01 16989      /usr/lib/i386-linux-gnu/libfreetype.so.6.8.0
b3a6e000-b3ab6000 r-xp 00000000 08:01 1839595    /usr/lib/jvm/java-6-openjdk-i386/jre/lib/i386/libfontmanager.so
b3ab6000-b3ab7000 r--p 00048000 08:01 1839595    /usr/lib/jvm/java-6-openjdk-i386/jre/lib/i386/libfontmanager.so
b3ab7000-b3ab8000 rw-p 00049000 08:01 1839595    /usr/lib/jvm/java-6-openjdk-i386/jre/lib/i386/libfontmanager.so
b3ab8000-b3ad7000 r-xp 00000000 08:01 17393      /usr/lib/i386-linux-gnu/libxcb.so.1.1.0
b3ad7000-b3ad8000 r--p 0001f000 08:01 17393      /usr/lib/i386-linux-gnu/libxcb.so.1.1.0
b3ad8000-b3ad9000 rw-p 00020000 08:01 17393      /usr/lib/i386-linux-gnu/libxcb.so.1.1.0
b3ad9000-b3ae8000 r-xp 00000000 08:01 8381       /usr/lib/i386-linux-gnu/libXi.so.6.1.0
b3ae8000-b3ae9000 r--p 0000e000 08:01 8381       /usr/lib/i386-linux-gnu/libXi.so.6.1.0
b3ae9000-b3aea000 rw-p 0000f000 08:01 8381       /usr/lib/i386-linux-gnu/libXi.so.6.1.0
b3aea000-b3c1a000 r-xp 00000000 08:01 14323      /usr/lib/i386-linux-gnu/libX11.so.6.3.0
b3c1a000-b3c1b000 r--p 0012f000 08:01 14323      /usr/lib/i386-linux-gnu/libX11.so.6.3.0
b3c1b000-b3c1d000 rw-p 00130000 08:01 14323      /usr/lib/i386-linux-gnu/libX11.so.6.3.0
b3c1d000-b3c1e000 rw-p 00000000 00:00 0 
b3c1e000-b3c6a000 r-xp 00000000 08:01 1839789    /usr/lib/jvm/java-6-openjdk-i386/jre/lib/i386/xawt/libmawt.so
b3c6a000-b3c6b000 r--p 0004b000 08:01 1839789    /usr/lib/jvm/java-6-openjdk-i386/jre/lib/i386/xawt/libmawt.so
b3c6b000-b3c6d000 rw-p 0004c000 08:01 1839789    /usr/lib/jvm/java-6-openjdk-i386/jre/lib/i386/xawt/libmawt.so
b3c6d000-b3c6e000 rw-p 00000000 00:00 0 
b3c6e000-b3d02000 r-xp 00000000 08:01 1839605    /usr/lib/jvm/java-6-openjdk-i386/jre/lib/i386/libawt.so
b3d02000-b3d03000 r--p 00093000 08:01 1839605    /usr/lib/jvm/java-6-openjdk-i386/jre/lib/i386/libawt.so
b3d03000-b3d0a000 rw-p 00094000 08:01 1839605    /usr/lib/jvm/java-6-openjdk-i386/jre/lib/i386/libawt.so
b3d0a000-b3d2e000 rw-p 00000000 00:00 0 
b3d2e000-b3d2f000 ---p 00000000 00:00 0 
b3d2f000-b3daf000 rw-p 00000000 00:00 0          [stack:7308]
b3daf000-b3db2000 ---p 00000000 00:00 0 
b3db2000-b3e00000 rw-p 00000000 00:00 0          [stack:7307]
b3e00000-b4000000 r--p 00000000 08:01 19412      /usr/lib/locale/locale-archive
b4000000-b4067000 rw-p 00000000 00:00 0 
b4067000-b4100000 ---p 00000000 00:00 0 
b4100000-b4104000 r--s 00000000 08:01 3568       /var/cache/fontconfig/b47c4e1ecd0709278f4910c18777a504-le32d4.cache-3
b4104000-b4109000 r-xp 00000000 08:01 16797      /usr/lib/i386-linux-gnu/libXdmcp.so.6.0.0
b4109000-b410a000 r--p 00004000 08:01 16797      /usr/lib/i386-linux-gnu/libXdmcp.so.6.0.0
b410a000-b410b000 rw-p 00005000 08:01 16797      /usr/lib/i386-linux-gnu/libXdmcp.so.6.0.0
b410b000-b4110000 r-xp 00000000 08:01 16825      /usr/lib/i386-linux-gnu/libXtst.so.6.1.0
b4110000-b4111000 r--p 00004000 08:01 16825      /usr/lib/i386-linux-gnu/libXtst.so.6.1.0
b4111000-b4112000 rw-p 00005000 08:01 16825      /usr/lib/i386-linux-gnu/libXtst.so.6.1.0
b4112000-b411a000 r-xp 00000000 08:01 16821      /usr/lib/i386-linux-gnu/libXrender.so.1.3.0
b411a000-b411b000 r--p 00007000 08:01 16821      /usr/lib/i386-linux-gnu/libXrender.so.1.3.0
b411b000-b411c000 rw-p 00008000 08:01 16821      /usr/lib/i386-linux-gnu/libXrender.so.1.3.0
b411c000-b412c000 r-xp 00000000 08:01 16799      /usr/lib/i386-linux-gnu/libXext.so.6.4.0
b412c000-b412d000 r--p 0000f000 08:01 16799      /usr/lib/i386-linux-gnu/libXext.so.6.4.0
b412d000-b412e000 rw-p 00010000 08:01 16799      /usr/lib/i386-linux-gnu/libXext.so.6.4.0
b412e000-b4131000 ---p 00000000 00:00 0 
b4131000-b41af000 rw-p 00000000 00:00 0          [stack:7306]
b41af000-b41b2000 ---p 00000000 00:00 0 
b41b2000-b4200000 rw-p 00000000 00:00 0          [stack:7305]
b4200000-b42fb000 rw-p 00000000 00:00 0 
b42fb000-b4300000 ---p 00000000 00:00 0 
b4300000-b4301000 r--s 00000000 08:01 3572       /var/cache/fontconfig/4794a0821666d79190d59a36cb4f44b5-le32d4.cache-3
b4301000-b4303000 r-xp 00000000 08:01 16786      /usr/lib/i386-linux-gnu/libXau.so.6.0.0
b4303000-b4304000 r--p 00001000 08:01 16786      /usr/lib/i386-linux-gnu/libXau.so.6.0.0
b4304000-b4305000 rw-p 00002000 08:01 16786      /usr/lib/i386-linux-gnu/libXau.so.6.0.0
b4305000-b4306000 r--s 00000000 08:01 3558       /var/cache/fontconfig/56cf4f4769d0f4abc89a4895d7bd3ae1-le32d4.cache-3
b4306000-b4307000 r--s 00000000 08:01 3569       /var/cache/fontconfig/b9d506c9ac06c20b433354fa67a72993-le32d4.cache-3
b4307000-b4310000 r--s 00000000 08:01 519518     /var/cache/fontconfig/089dead882dea3570ffc31a9898cfb69-le32d4.cache-3
b4310000-b4318000 r--s 00000000 08:01 11176      /var/cache/fontconfig/e13b20fdb08344e0e664864cc2ede53d-le32d4.cache-3
b4318000-b431b000 r--s 00000000 08:01 519517     /var/cache/fontconfig/7ef2298fde41cc6eeb7af42e48b7d293-le32d4.cache-3
b431b000-b431d000 r--s 0000f000 08:01 1838988    /usr/lib/jvm/java-6-openjdk-common/jre/lib/ext/pulse-java.jar
b431d000-b431e000 r--s 00007000 08:01 1839824    /usr/share/java/java-atk-wrapper.jar
b431e000-b4321000 r--s 00077000 08:01 1838989    /usr/lib/jvm/java-6-openjdk-common/jre/lib/ext/localedata.jar
b4321000-b4325000 r--s 00039000 08:01 1838987    /usr/lib/jvm/java-6-openjdk-common/jre/lib/ext/sunpkcs11.jar
b4325000-b4328000 ---p 00000000 00:00 0 
b4328000-b4376000 rw-p 00000000 00:00 0          [stack:7304]
b4376000-b4379000 ---p 00000000 00:00 0 
b4379000-b43c7000 rw-p 00000000 00:00 0          [stack:7303]
b43c7000-b43c8000 ---p 00000000 00:00 0 
b43c8000-b447b000 rw-p 00000000 00:00 0          [stack:7302]
b447b000-b460f000 r--s 03822000 08:01 1839584    /usr/lib/jvm/java-6-openjdk-i386/jre/lib/rt.jar
b460f000-b461d000 rw-p 00000000 00:00 0 
b461d000-b4637000 rw-p 00000000 00:00 0 
b4637000-b463d000 rw-p 00000000 00:00 0 
b463d000-b46e2000 rw-p 00000000 00:00 0 
b46e2000-b46e5000 rw-p 00000000 00:00 0 
b46e5000-b4737000 rw-p 00000000 00:00 0 
b4737000-b473d000 rw-p 00000000 00:00 0 
b473d000-b47e2000 rw-p 00000000 00:00 0 
b47e2000-b47e8000 rw-p 00000000 00:00 0 
b47e8000-b4802000 rw-p 00000000 00:00 0 
b4802000-b4812000 rw-p 00000000 00:00 0 
b4812000-b488e000 rw-p 00000000 00:00 0 
b488e000-b498e000 rwxp 00000000 00:00 0 
b498e000-b688e000 rw-p 00000000 00:00 0 
b688e000-b6899000 r-xp 00000000 08:01 255736     /lib/i386-linux-gnu/libnss_files-2.15.so
b6899000-b689a000 r--p 0000a000 08:01 255736     /lib/i386-linux-gnu/libnss_files-2.15.so
b689a000-b689b000 rw-p 0000b000 08:01 255736     /lib/i386-linux-gnu/libnss_files-2.15.so
b689b000-b68a5000 r-xp 00000000 08:01 255735     /lib/i386-linux-gnu/libnss_nis-2.15.so
b68a5000-b68a6000 r--p 00009000 08:01 255735     /lib/i386-linux-gnu/libnss_nis-2.15.so
b68a6000-b68a7000 rw-p 0000a000 08:01 255735     /lib/i386-linux-gnu/libnss_nis-2.15.so
b68a7000-b68bd000 r-xp 00000000 08:01 252399     /lib/i386-linux-gnu/libnsl-2.15.so
b68bd000-b68be000 r--p 00015000 08:01 252399     /lib/i386-linux-gnu/libnsl-2.15.so
b68be000-b68bf000 rw-p 00016000 08:01 252399     /lib/i386-linux-gnu/libnsl-2.15.so
b68bf000-b68c1000 rw-p 00000000 00:00 0 
b68c1000-b68c3000 r--s 00001000 08:01 1838990    /usr/lib/jvm/java-6-openjdk-common/jre/lib/ext/dnsns.jar
b68c3000-b68c6000 r--s 00031000 08:01 1838991    /usr/lib/jvm/java-6-openjdk-common/jre/lib/ext/sunjce_provider.jar
b68c6000-b68cd000 r-xp 00000000 08:01 1839612    /usr/lib/jvm/java-6-openjdk-i386/jre/lib/i386/libzip.so
b68cd000-b68ce000 r--p 00006000 08:01 1839612    /usr/lib/jvm/java-6-openjdk-i386/jre/lib/i386/libzip.so
b68ce000-b68cf000 rw-p 00007000 08:01 1839612    /usr/lib/jvm/java-6-openjdk-i386/jre/lib/i386/libzip.so
b68cf000-b68d7000 rw-s 00000000 08:01 944322     /tmp/hsperfdata_chaol/7296
b68d7000-b68fd000 r-xp 00000000 08:01 1839598    /usr/lib/jvm/java-6-openjdk-i386/jre/lib/i386/libjava.so
b68fd000-b68fe000 r--p 00025000 08:01 1839598    /usr/lib/jvm/java-6-openjdk-i386/jre/lib/i386/libjava.so
b68fe000-b6900000 rw-p 00026000 08:01 1839598    /usr/lib/jvm/java-6-openjdk-i386/jre/lib/i386/libjava.so
b6900000-b699d000 rw-p 00000000 00:00 0 
b699d000-b6a00000 ---p 00000000 00:00 0 
b6a00000-b6a01000 r--p 005e0000 08:01 19412      /usr/lib/locale/locale-archive
b6a01000-b6a08000 r-xp 00000000 08:01 255737     /lib/i386-linux-gnu/libnss_compat-2.15.so
b6a08000-b6a09000 r--p 00006000 08:01 255737     /lib/i386-linux-gnu/libnss_compat-2.15.so
b6a09000-b6a0a000 rw-p 00007000 08:01 255737     /lib/i386-linux-gnu/libnss_compat-2.15.so
b6a0a000-b6a11000 r-xp 00000000 08:01 252408     /lib/i386-linux-gnu/librt-2.15.so
b6a11000-b6a12000 r--p 00006000 08:01 252408     /lib/i386-linux-gnu/librt-2.15.so
b6a12000-b6a13000 rw-p 00007000 08:01 252408     /lib/i386-linux-gnu/librt-2.15.so
b6a13000-b6a16000 ---p 00000000 00:00 0 
b6a16000-b6a64000 rw-p 00000000 00:00 0          [stack:7299]
b6a64000-b6a80000 r-xp 00000000 08:01 252257     /lib/i386-linux-gnu/libgcc_s.so.1
b6a80000-b6a81000 r--p 0001b000 08:01 252257     /lib/i386-linux-gnu/libgcc_s.so.1
b6a81000-b6a82000 rw-p 0001c000 08:01 252257     /lib/i386-linux-gnu/libgcc_s.so.1
b6a82000-b6aac000 r-xp 00000000 08:01 255734     /lib/i386-linux-gnu/libm-2.15.so
b6aac000-b6aad000 r--p 00029000 08:01 255734     /lib/i386-linux-gnu/libm-2.15.so
b6aad000-b6aae000 rw-p 0002a000 08:01 255734     /lib/i386-linux-gnu/libm-2.15.so
b6aae000-b6b86000 r-xp 00000000 08:01 17329      /usr/lib/i386-linux-gnu/libstdc++.so.6.0.16
b6b86000-b6b87000 ---p 000d8000 08:01 17329      /usr/lib/i386-linux-gnu/libstdc++.so.6.0.16
b6b87000-b6b8b000 r--p 000d8000 08:01 17329      /usr/lib/i386-linux-gnu/libstdc++.so.6.0.16
b6b8b000-b6b8c000 rw-p 000dc000 08:01 17329      /usr/lib/i386-linux-gnu/libstdc++.so.6.0.16
b6b8c000-b6b93000 rw-p 00000000 00:00 0 
b6b93000-b70a8000 r-xp 00000000 08:01 1839604    /usr/lib/jvm/java-6-openjdk-i386/jre/lib/i386/client/libjvm.so
b70a8000-b70bf000 r--p 00514000 08:01 1839604    /usr/lib/jvm/java-6-openjdk-i386/jre/lib/i386/client/libjvm.so
b70bf000-b70cc000 rw-p 0052b000 08:01 1839604    /usr/lib/jvm/java-6-openjdk-i386/jre/lib/i386/client/libjvm.so
b70cc000-b74e6000 rw-p 00000000 00:00 0 
b74e6000-b74fa000 r-xp 00000000 08:01 252336     /lib/i386-linux-gnu/libz.so.1.2.3.4
b74fa000-b74fb000 r--p 00013000 08:01 252336     /lib/i386-linux-gnu/libz.so.1.2.3.4
b74fb000-b74fc000 rw-p 00014000 08:01 252336     /lib/i386-linux-gnu/libz.so.1.2.3.4
b74fc000-b76a0000 r-xp 00000000 08:01 255739     /lib/i386-linux-gnu/libc-2.15.so
b76a0000-b76a2000 r--p 001a4000 08:01 255739     /lib/i386-linux-gnu/libc-2.15.so
b76a2000-b76a3000 rw-p 001a6000 08:01 255739     /lib/i386-linux-gnu/libc-2.15.so
b76a3000-b76a6000 rw-p 00000000 00:00 0 
b76a6000-b76a9000 r-xp 00000000 08:01 255738     /lib/i386-linux-gnu/libdl-2.15.so
b76a9000-b76aa000 r--p 00002000 08:01 255738     /lib/i386-linux-gnu/libdl-2.15.so
b76aa000-b76ab000 rw-p 00003000 08:01 255738     /lib/i386-linux-gnu/libdl-2.15.so
b76ab000-b76af000 r-xp 00000000 08:01 1839611    /usr/lib/jvm/java-6-openjdk-i386/jre/lib/i386/jli/libjli.so
b76af000-b76b0000 r--p 00003000 08:01 1839611    /usr/lib/jvm/java-6-openjdk-i386/jre/lib/i386/jli/libjli.so
b76b0000-b76b1000 rw-p 00004000 08:01 1839611    /usr/lib/jvm/java-6-openjdk-i386/jre/lib/i386/jli/libjli.so
b76b1000-b76b2000 rw-p 00000000 00:00 0 
b76b2000-b76c9000 r-xp 00000000 08:01 252406     /lib/i386-linux-gnu/libpthread-2.15.so
b76c9000-b76ca000 r--p 00016000 08:01 252406     /lib/i386-linux-gnu/libpthread-2.15.so
b76ca000-b76cb000 rw-p 00017000 08:01 252406     /lib/i386-linux-gnu/libpthread-2.15.so
b76cb000-b76d3000 rw-p 00000000 00:00 0 
b76d3000-b76d4000 rw-p 00000000 00:00 0 
b76d4000-b76d5000 r--p 00000000 00:00 0 
b76d5000-b76e0000 r-xp 00000000 08:01 1839627    /usr/lib/jvm/java-6-openjdk-i386/jre/lib/i386/libverify.so
b76e0000-b76e1000 ---p 0000b000 08:01 1839627    /usr/lib/jvm/java-6-openjdk-i386/jre/lib/i386/libverify.so
b76e1000-b76e2000 r--p 0000b000 08:01 1839627    /usr/lib/jvm/java-6-openjdk-i386/jre/lib/i386/libverify.so
b76e2000-b76e3000 rw-p 0000c000 08:01 1839627    /usr/lib/jvm/java-6-openjdk-i386/jre/lib/i386/libverify.so
b76e3000-b76e5000 rw-p 00000000 00:00 0 
b76e5000-b76e6000 r-xp 00000000 00:00 0          [vdso]
b76e6000-b7706000 r-xp 00000000 08:01 252407     /lib/i386-linux-gnu/ld-2.15.so
b7706000-b7707000 r--p 0001f000 08:01 252407     /lib/i386-linux-gnu/ld-2.15.so
b7707000-b7708000 rw-p 00020000 08:01 252407     /lib/i386-linux-gnu/ld-2.15.so
bff0e000-bff30000 rw-p 00000000 00:00 0          [stack]

VM Arguments:
jvm_args: -Dfile.encoding=UTF-8 
java_command: com.adp.clocks.synergy2416.demo.MainWindow psplash:res/Background.png
Launcher Type: SUN_STANDARD

Environment Variables:
PATH=/usr/lib/lightdm/lightdm:/usr/local/sbin:/usr/local/bin:/usr/sbin:/usr/bin:/sbin:/bin:/usr/games
LD_LIBRARY_PATH=/usr/lib/jvm/java-6-openjdk-i386/jre/lib/i386/client:/usr/lib/jvm/java-6-openjdk-i386/jre/lib/i386:/usr/lib/jvm/java-6-openjdk-i386/jre/../lib/i386:/usr/lib/jni
SHELL=/bin/bash
DISPLAY=:0

Signal Handlers:
SIGSEGV: [libjvm.so+0x3e8020], sa_mask[0]=0x7ffbfeff, sa_flags=0x10000004
SIGBUS: [libjvm.so+0x3e8020], sa_mask[0]=0x7ffbfeff, sa_flags=0x10000004
SIGFPE: [libjvm.so+0x304080], sa_mask[0]=0x7ffbfeff, sa_flags=0x10000004
SIGPIPE: [libjvm.so+0x304080], sa_mask[0]=0x7ffbfeff, sa_flags=0x10000004
SIGXFSZ: [libjvm.so+0x304080], sa_mask[0]=0x7ffbfeff, sa_flags=0x10000004
SIGILL: [libjvm.so+0x304080], sa_mask[0]=0x7ffbfeff, sa_flags=0x10000004
SIGUSR1: SIG_DFL, sa_mask[0]=0x00000000, sa_flags=0x00000000
SIGUSR2: [libjvm.so+0x303f10], sa_mask[0]=0x00000004, sa_flags=0x10000004
SIGHUP: [libjvm.so+0x306ea0], sa_mask[0]=0x7ffbfeff, sa_flags=0x10000004
SIGINT: [libjvm.so+0x306ea0], sa_mask[0]=0x7ffbfeff, sa_flags=0x10000004
SIGTERM: [libjvm.so+0x306ea0], sa_mask[0]=0x7ffbfeff, sa_flags=0x10000004
SIGQUIT: [libjvm.so+0x306ea0], sa_mask[0]=0x7ffbfeff, sa_flags=0x10000004


---------------  S Y S T E M  ---------------

OS:Ubuntu 12.04 (precise)
uname:Linux 3.8.0-36-generic #52~precise1-Ubuntu SMP Mon Feb 3 21:56:56 UTC 2014 i686
libc:glibc 2.15 NPTL 2.15 
rlimit: STACK 8192k, CORE 0k, NPROC 24036, NOFILE 4096, AS infinity
load average:0.38 0.25 0.26

/proc/meminfo:
MemTotal:        3093208 kB
MemFree:          816348 kB
Buffers:           78304 kB
Cached:          1198636 kB
SwapCached:            0 kB
Active:          1185040 kB
Inactive:        1002892 kB
Active(anon):     911924 kB
Inactive(anon):   314428 kB
Active(file):     273116 kB
Inactive(file):   688464 kB
Unevictable:           0 kB
Mlocked:               0 kB
HighTotal:       2222632 kB
HighFree:          91672 kB
LowTotal:         870576 kB
LowFree:          724676 kB
SwapTotal:             0 kB
SwapFree:              0 kB
Dirty:               128 kB
Writeback:             0 kB
AnonPages:        911092 kB
Mapped:           233728 kB
Shmem:            315364 kB
Slab:              42784 kB
SReclaimable:      24896 kB
SUnreclaim:        17888 kB
KernelStack:        5032 kB
PageTables:        14088 kB
NFS_Unstable:          0 kB
Bounce:                0 kB
WritebackTmp:          0 kB
CommitLimit:     1546604 kB
Committed_AS:    4877332 kB
VmallocTotal:     122880 kB
VmallocUsed:       33072 kB
VmallocChunk:      82944 kB
HardwareCorrupted:     0 kB
AnonHugePages:         0 kB
HugePages_Total:       0
HugePages_Free:        0
HugePages_Rsvd:        0
HugePages_Surp:        0
Hugepagesize:       2048 kB
DirectMap4k:       16376 kB
DirectMap2M:      897024 kB


CPU:total 2 (1 cores per cpu, 2 threads per core) family 15 model 4 stepping 9, cmov, cx8, fxsr, mmx, sse, sse2, sse3, ht

Memory: 4k page, physical 3093208k(816348k free), swap 0k(0k free)

vm_info: OpenJDK Client VM (20.0-b12) for linux-x86 JRE (1.6.0_27-b27), built on Nov 16 2013 15:23:20 by "buildd" with gcc 4.6.3

time: Thu Feb 20 00:41:26 2014
elapsed time: 2 seconds

