#
# A fatal error has been detected by the Java Runtime Environment:
#
#  SIGSEGV (0xb) at pc=0x68c098b7, pid=18810, tid=1741097792
#
# JRE version: 6.0_27-b27
# Java VM: OpenJDK Server VM (20.0-b12 mixed mode linux-x86 )
# Derivative: IcedTea6 1.12.6
# Distribution: Ubuntu 12.04 LTS, package 6b27-1.12.6-1ubuntu0.12.04.4
# Problematic frame:
# C  [libsynergy2416.so+0x48b7]  _get_enroll_count+0x22
#
# If you would like to submit a bug report, please include
# instructions how to reproduce the bug and visit:
#   https://bugs.launchpad.net/ubuntu/+source/openjdk-6/
# The crash happened outside the Java Virtual Machine in native code.
# See problematic frame for where to report the bug.
#

---------------  T H R E A D  ---------------

Current thread (0x68883c00):  JavaThread "SwingWorker-pool-3-thread-1" [_thread_in_native, id=18853, stack(0x67c20000,0x67c71000)]

siginfo:si_signo=SIGSEGV: si_errno=0, si_code=1 (SEGV_MAPERR), si_addr=0x00000000

Registers:
EAX=0x00000000, EBX=0x6be54528, ECX=0x68883d20, EDX=0x00000000
ESP=0x67c6fd10, EBP=0x67c6fd20, ESI=0x6be54528, EDI=0x68883c00
EIP=0x68c098b7, EFLAGS=0x00210297, CR2=0x00000000

Top of Stack: (sp=0x67c6fd10)
0x67c6fd10:   b6ca5d60 695096f4 00000000 00000000
0x67c6fd20:   67c6fd28 68c0a261 67c6fd68 68c08fc3
0x67c6fd30:   67c6fde0 67c6fdb0 b36127d4 b3602688
0x67c6fd40:   00000000 67c6fdd0 67c6fdb0 00000000
0x67c6fd50:   00000000 6be54528 68883c00 67c6fda0
0x67c6fd60:   b360a548 68883c00 67c6fda0 b360a64a
0x67c6fd70:   68883d20 67c6fda8 67c6fde0 67c6fde0
0x67c6fd80:   67c6fd80 6be54528 67c6fdac 6be552e8 

Instructions: (pc=0x68c098b7)
0x68c09897:   e5 83 ec 10 c7 45 f8 00 00 00 00 c7 45 fc 00 00
0x68c098a7:   00 00 eb 1b 8b 15 e4 ea c0 68 8b 45 fc 8d 04 02
0x68c098b7:   0f b6 00 84 c0 74 04 83 45 f8 01 83 45 fc 01 a1
0x68c098c7:   10 e0 c0 68 39 45 fc 7c db 8b 45 f8 c9 c3 55 89 

Register to memory mapping:

EAX=0x00000000 is an unknown value
EBX=0x6be54528 is an oop
{method} 
 - klass: {other class}
ECX=0x68883d20 is an unknown value
EDX=0x00000000 is an unknown value
ESP=0x67c6fd10 is pointing into the stack for thread: 0x68883c00
EBP=0x67c6fd20 is pointing into the stack for thread: 0x68883c00
ESI=0x6be54528 is an oop
{method} 
 - klass: {other class}
EDI=0x68883c00 is a thread


Stack: [0x67c20000,0x67c71000],  sp=0x67c6fd10,  free space=319k
Native frames: (J=compiled Java code, j=interpreted, Vv=VM code, C=native code)
C  [libsynergy2416.so+0x48b7]  _get_enroll_count+0x22
C  [libsynergy2416.so+0x5261]  hlpGetEnrollCount+0x8
C  [libsynergy2416.so+0x3fc3]  Java_com_adp_clocks_synergy2416_demo_FPU_FP_1IDENTIFY_1EMPLOYEE+0x19
j  com.adp.clocks.synergy2416.demo.FPU.FP_IDENTIFY_EMPLOYEE()I+0
j  com.adp.clocks.synergy2416.demo.FPU.identifyEmployee()Ljava/lang/String;+0
j  com.adp.clocks.synergy2416.demo.FingerPrintControlForm$IdentifyEmployee.doInBackground()Ljava/lang/String;+11
j  com.adp.clocks.synergy2416.demo.FingerPrintControlForm$IdentifyEmployee.doInBackground()Ljava/lang/Object;+1
j  javax.swing.SwingWorker$1.call()Ljava/lang/Object;+14
j  java.util.concurrent.FutureTask$Sync.innerRun()V+29
j  java.util.concurrent.FutureTask.run()V+4
j  javax.swing.SwingWorker.run()V+4
j  java.util.concurrent.ThreadPoolExecutor.runWorker(Ljava/util/concurrent/ThreadPoolExecutor$Worker;)V+95
j  java.util.concurrent.ThreadPoolExecutor$Worker.run()V+5
j  java.lang.Thread.run()V+11
v  ~StubRoutines::call_stub
V  [libjvm.so+0x39b846]  JavaCalls::call_helper(JavaValue*, methodHandle*, JavaCallArguments*, Thread*)+0x2c6

Java frames: (J=compiled Java code, j=interpreted, Vv=VM code)
j  com.adp.clocks.synergy2416.demo.FPU.FP_IDENTIFY_EMPLOYEE()I+0
j  com.adp.clocks.synergy2416.demo.FPU.identifyEmployee()Ljava/lang/String;+0
j  com.adp.clocks.synergy2416.demo.FingerPrintControlForm$IdentifyEmployee.doInBackground()Ljava/lang/String;+11
j  com.adp.clocks.synergy2416.demo.FingerPrintControlForm$IdentifyEmployee.doInBackground()Ljava/lang/Object;+1
j  javax.swing.SwingWorker$1.call()Ljava/lang/Object;+14
j  java.util.concurrent.FutureTask$Sync.innerRun()V+29
j  java.util.concurrent.FutureTask.run()V+4
j  javax.swing.SwingWorker.run()V+4
j  java.util.concurrent.ThreadPoolExecutor.runWorker(Ljava/util/concurrent/ThreadPoolExecutor$Worker;)V+95
j  java.util.concurrent.ThreadPoolExecutor$Worker.run()V+5
j  java.lang.Thread.run()V+11
v  ~StubRoutines::call_stub

---------------  P R O C E S S  ---------------

Java Threads: ( => current thread )
=>0x68883c00 JavaThread "SwingWorker-pool-3-thread-1" [_thread_in_native, id=18853, stack(0x67c20000,0x67c71000)]
  0x6aa1f400 JavaThread "PulseAudio Eventloop Thread" daemon [_thread_in_native, id=18852, stack(0x67c71000,0x67cc2000)]
  0xb6605c00 JavaThread "DestroyJavaVM" [_thread_blocked, id=18815, stack(0xb678e000,0xb67df000)]
  0x68872400 JavaThread "pool-1-thread-1" [_thread_blocked, id=18842, stack(0x6815e000,0x681af000)]
  0x6884f000 JavaThread "pool-2-thread-1 - v4l4j push source" [_thread_in_native, id=18840, stack(0x681af000,0x68200000)]
  0x68834000 JavaThread "Timer-0" [_thread_blocked, id=18839, stack(0x68a29000,0x68a7a000)]
  0x6882fc00 JavaThread "Image Fetcher 3" daemon [_thread_blocked, id=18838, stack(0x68c0f000,0x68c60000)]
  0x6882ec00 JavaThread "TimerQueue" daemon [_thread_blocked, id=18837, stack(0x68c60000,0x68cb1000)]
  0x69c27000 JavaThread "Image Fetcher 0" daemon [_thread_blocked, id=18836, stack(0x68cc8000,0x68d19000)]
  0x68e37000 JavaThread "AWT-EventQueue-0" [_thread_blocked, id=18835, stack(0x6914f000,0x691a0000)]
  0x68e36400 JavaThread "AWT-Shutdown" [_thread_blocked, id=18834, stack(0x691a0000,0x691f1000)]
  0x68e35400 JavaThread "AWT-XAWT" daemon [_thread_in_native, id=18833, stack(0x69728000,0x69779000)]
  0x6988ac00 JavaThread "Java2D Disposer" daemon [_thread_blocked, id=18832, stack(0x69f19000,0x69f6a000)]
  0x69806400 JavaThread "Low Memory Detector" daemon [_thread_blocked, id=18830, stack(0x6a72e000,0x6a77f000)]
  0x69804800 JavaThread "C2 CompilerThread1" daemon [_thread_blocked, id=18829, stack(0x6977f000,0x69800000)]
  0x69802800 JavaThread "C2 CompilerThread0" daemon [_thread_blocked, id=18828, stack(0x69f6a000,0x69feb000)]
  0x69801400 JavaThread "Signal Dispatcher" daemon [_thread_blocked, id=18827, stack(0x6a92e000,0x6a97f000)]
  0xb66f0c00 JavaThread "Finalizer" daemon [_thread_blocked, id=18826, stack(0x6ab2e000,0x6ab7f000)]
  0xb66ef400 JavaThread "Reference Handler" daemon [_thread_blocked, id=18825, stack(0x6ae2e000,0x6ae7f000)]

Other Threads:
  0xb66ec800 VMThread [stack: 0x69feb000,0x6a06c000] [id=18824]
  0x69810400 WatcherThread [stack: 0x6947f000,0x69500000] [id=18831]

VM state:not at safepoint (normal execution)

VM Mutex/Monitor currently owned by a thread: None

Heap
 PSYoungGen      total 19136K, used 10794K [0x9dff0000, 0x9f540000, 0xb3540000)
  eden space 16448K, 49% used [0x9dff0000,0x9e7eabb0,0x9f000000)
  from space 2688K, 97% used [0x9f000000,0x9f28fea0,0x9f2a0000)
  to   space 2688K, 0% used [0x9f2a0000,0x9f2a0000,0x9f540000)
 PSOldGen        total 43712K, used 0K [0x73540000, 0x75ff0000, 0x9dff0000)
  object space 43712K, 0% used [0x73540000,0x73540000,0x75ff0000)
 PSPermGen       total 16384K, used 12275K [0x6b540000, 0x6c540000, 0x73540000)
  object space 16384K, 74% used [0x6b540000,0x6c13cca8,0x6c540000)

Code Cache  [0xb3600000, 0xb3840000, 0xb6600000)
 total_blobs=341 nmethods=105 adapters=190 free_code_cache=49711872 largest_free_block=11200

Dynamic libraries:
08048000-08051000 r-xp 00000000 08:01 1839571    /usr/lib/jvm/java-6-openjdk-i386/jre/bin/java
08051000-08052000 r--p 00008000 08:01 1839571    /usr/lib/jvm/java-6-openjdk-i386/jre/bin/java
08052000-08053000 rw-p 00009000 08:01 1839571    /usr/lib/jvm/java-6-openjdk-i386/jre/bin/java
09360000-09381000 rw-p 00000000 00:00 0          [heap]
5f4bf000-634c0000 rw-s 00000000 00:12 253953     /run/shm/pulse-shm-1804774242
634c0000-634c1000 ---p 00000000 00:00 0 
634c1000-63cc1000 rw-p 00000000 00:00 0 
67c20000-67c23000 ---p 00000000 00:00 0 
67c23000-67c71000 rw-p 00000000 00:00 0          [stack:18853]
67c71000-67c74000 ---p 00000000 00:00 0 
67c74000-67cc2000 rw-p 00000000 00:00 0          [stack:18852]
67cc2000-67d0d000 rw-s 00000000 00:04 66027520   /SYSV00000000 (deleted)
67d0d000-67d36000 r-xp 00000000 08:01 17362      /usr/lib/i386-linux-gnu/libvorbis.so.0.4.5
67d36000-67d37000 r--p 00028000 08:01 17362      /usr/lib/i386-linux-gnu/libvorbis.so.0.4.5
67d37000-67d38000 rw-p 00029000 08:01 17362      /usr/lib/i386-linux-gnu/libvorbis.so.0.4.5
67d38000-67e9e000 r-xp 00000000 08:01 17364      /usr/lib/i386-linux-gnu/libvorbisenc.so.2.0.8
67e9e000-67eaf000 r--p 00165000 08:01 17364      /usr/lib/i386-linux-gnu/libvorbisenc.so.2.0.8
67eaf000-67eb0000 rw-p 00176000 08:01 17364      /usr/lib/i386-linux-gnu/libvorbisenc.so.2.0.8
67eb0000-67efc000 r-xp 00000000 08:01 16731      /usr/lib/i386-linux-gnu/libFLAC.so.8.2.0
67efc000-67efd000 r--p 0004b000 08:01 16731      /usr/lib/i386-linux-gnu/libFLAC.so.8.2.0
67efd000-67efe000 rw-p 0004c000 08:01 16731      /usr/lib/i386-linux-gnu/libFLAC.so.8.2.0
67efe000-67f6a000 r-xp 00000000 08:01 17307      /usr/lib/i386-linux-gnu/libsndfile.so.1.0.25
67f6a000-67f6b000 r--p 0006c000 08:01 17307      /usr/lib/i386-linux-gnu/libsndfile.so.1.0.25
67f6b000-67f6c000 rw-p 0006d000 08:01 17307      /usr/lib/i386-linux-gnu/libsndfile.so.1.0.25
67f6c000-67f70000 rw-p 00000000 00:00 0 
67f70000-67fb7000 r-xp 00000000 08:01 252249     /lib/i386-linux-gnu/libdbus-1.so.3.5.8
67fb7000-67fb8000 r--p 00047000 08:01 252249     /lib/i386-linux-gnu/libdbus-1.so.3.5.8
67fb8000-67fb9000 rw-p 00048000 08:01 252249     /lib/i386-linux-gnu/libdbus-1.so.3.5.8
67fb9000-6801c000 r-xp 00000000 08:01 12624      /usr/lib/i386-linux-gnu/libpulsecommon-1.1.so
6801c000-6801d000 r--p 00062000 08:01 12624      /usr/lib/i386-linux-gnu/libpulsecommon-1.1.so
6801d000-6801e000 rw-p 00063000 08:01 12624      /usr/lib/i386-linux-gnu/libpulsecommon-1.1.so
6801e000-6806a000 r-xp 00000000 08:01 12623      /usr/lib/i386-linux-gnu/libpulse.so.0.13.5
6806a000-6806b000 r--p 0004b000 08:01 12623      /usr/lib/i386-linux-gnu/libpulse.so.0.13.5
6806b000-6806c000 rw-p 0004c000 08:01 12623      /usr/lib/i386-linux-gnu/libpulse.so.0.13.5
6806c000-68159000 r-xp 00000000 08:01 16845      /usr/lib/i386-linux-gnu/libasound.so.2.0.0
68159000-6815d000 r--p 000ec000 08:01 16845      /usr/lib/i386-linux-gnu/libasound.so.2.0.0
6815d000-6815e000 rw-p 000f0000 08:01 16845      /usr/lib/i386-linux-gnu/libasound.so.2.0.0
6815e000-68161000 ---p 00000000 00:00 0 
68161000-681af000 rw-p 00000000 00:00 0          [stack:18842]
681af000-681b2000 ---p 00000000 00:00 0 
681b2000-68200000 rw-p 00000000 00:00 0          [stack:18840]
68200000-682a8000 rw-p 00000000 00:00 0 
682a8000-68300000 ---p 00000000 00:00 0 
68300000-683db000 rw-p 00000000 00:00 0 
683db000-68400000 ---p 00000000 00:00 0 
68400000-684fc000 rw-p 00000000 00:00 0 
684fc000-68500000 ---p 00000000 00:00 0 
68500000-685e7000 rw-p 00000000 00:00 0 
685e7000-68600000 ---p 00000000 00:00 0 
68600000-686fb000 rw-p 00000000 00:00 0 
686fb000-68700000 ---p 00000000 00:00 0 
68706000-68719000 r-xp 00000000 08:01 252403     /lib/i386-linux-gnu/libresolv-2.15.so
68719000-6871a000 ---p 00013000 08:01 252403     /lib/i386-linux-gnu/libresolv-2.15.so
6871a000-6871b000 r--p 00013000 08:01 252403     /lib/i386-linux-gnu/libresolv-2.15.so
6871b000-6871c000 rw-p 00014000 08:01 252403     /lib/i386-linux-gnu/libresolv-2.15.so
6871c000-6871e000 rw-p 00000000 00:00 0 
6871e000-68726000 rw-s 00018000 00:05 11511      /dev/video0
68726000-68747000 r-xp 00000000 08:01 17358      /usr/lib/i386-linux-gnu/libv4lconvert.so.0
68747000-68748000 r--p 00021000 08:01 17358      /usr/lib/i386-linux-gnu/libv4lconvert.so.0
68748000-68749000 rw-p 00022000 08:01 17358      /usr/lib/i386-linux-gnu/libv4lconvert.so.0
68749000-6879b000 rw-p 00000000 00:00 0 
6879b000-687ae000 r-xp 00000000 08:01 8712       /usr/lib/libvideo.so.0
687ae000-687af000 r--p 00012000 08:01 8712       /usr/lib/libvideo.so.0
687af000-687b0000 rw-p 00013000 08:01 8712       /usr/lib/libvideo.so.0
687b5000-687bb000 r-xp 00000000 08:01 17212      /usr/lib/i386-linux-gnu/libogg.so.0.7.1
687bb000-687bc000 r--p 00005000 08:01 17212      /usr/lib/i386-linux-gnu/libogg.so.0.7.1
687bc000-687bd000 rw-p 00006000 08:01 17212      /usr/lib/i386-linux-gnu/libogg.so.0.7.1
687bd000-687c2000 r-xp 00000000 08:01 16847      /usr/lib/i386-linux-gnu/libasyncns.so.0.3.1
687c2000-687c3000 r--p 00004000 08:01 16847      /usr/lib/i386-linux-gnu/libasyncns.so.0.3.1
687c3000-687c4000 rw-p 00005000 08:01 16847      /usr/lib/i386-linux-gnu/libasyncns.so.0.3.1
687c4000-687cc000 r-xp 00000000 08:01 252334     /lib/i386-linux-gnu/libwrap.so.0.7.6
687cc000-687cd000 r--p 00007000 08:01 252334     /lib/i386-linux-gnu/libwrap.so.0.7.6
687cd000-687ce000 rw-p 00008000 08:01 252334     /lib/i386-linux-gnu/libwrap.so.0.7.6
687ce000-687d4000 r-xp 00000000 08:01 17146      /usr/lib/i386-linux-gnu/libjson.so.0.0.1
687d4000-687d5000 r--p 00005000 08:01 17146      /usr/lib/i386-linux-gnu/libjson.so.0.0.1
687d5000-687d6000 rw-p 00006000 08:01 17146      /usr/lib/i386-linux-gnu/libjson.so.0.0.1
687d9000-687e6000 r-xp 00000000 08:01 1839792    /usr/lib/jvm/java-6-openjdk-i386/jre/lib/i386/libpulse-java.so
687e6000-687e7000 r--p 0000c000 08:01 1839792    /usr/lib/jvm/java-6-openjdk-i386/jre/lib/i386/libpulse-java.so
687e7000-687e8000 rw-p 0000d000 08:01 1839792    /usr/lib/jvm/java-6-openjdk-i386/jre/lib/i386/libpulse-java.so
687e8000-687ed000 r-xp 00000000 08:01 17411      /usr/lib/i386-linux-gnu/alsa-lib/libasound_module_pcm_pulse.so
687ed000-687ee000 r--p 00004000 08:01 17411      /usr/lib/i386-linux-gnu/alsa-lib/libasound_module_pcm_pulse.so
687ee000-687ef000 rw-p 00005000 08:01 17411      /usr/lib/i386-linux-gnu/alsa-lib/libasound_module_pcm_pulse.so
687ef000-687fe000 r-xp 00000000 08:01 1839790    /usr/lib/jvm/java-6-openjdk-i386/jre/lib/i386/libjsoundalsa.so
687fe000-687ff000 r--p 0000e000 08:01 1839790    /usr/lib/jvm/java-6-openjdk-i386/jre/lib/i386/libjsoundalsa.so
687ff000-68800000 rw-p 0000f000 08:01 1839790    /usr/lib/jvm/java-6-openjdk-i386/jre/lib/i386/libjsoundalsa.so
68800000-68891000 rw-p 00000000 00:00 0 
68891000-68900000 ---p 00000000 00:00 0 
68900000-68a00000 rw-p 00000000 00:00 0 
68a00000-68a08000 rw-s 00010000 00:05 11511      /dev/video0
68a08000-68a10000 rw-s 00008000 00:05 11511      /dev/video0
68a10000-68a18000 rw-s 00000000 00:05 11511      /dev/video0
68a18000-68a27000 r-xp 00000000 08:01 524448     /usr/lib/jni/libv4l4j.so
68a27000-68a28000 r--p 0000e000 08:01 524448     /usr/lib/jni/libv4l4j.so
68a28000-68a29000 rw-p 0000f000 08:01 524448     /usr/lib/jni/libv4l4j.so
68a29000-68a2c000 ---p 00000000 00:00 0 
68a2c000-68b00000 rw-p 00000000 00:00 0          [stack:18839]
68b00000-68bef000 rw-p 00000000 00:00 0 
68bef000-68c00000 ---p 00000000 00:00 0 
68c02000-68c03000 r-xp 00000000 08:01 1839628    /usr/lib/jvm/java-6-openjdk-i386/jre/lib/i386/libjsound.so
68c03000-68c04000 r--p 00000000 08:01 1839628    /usr/lib/jvm/java-6-openjdk-i386/jre/lib/i386/libjsound.so
68c04000-68c05000 rw-p 00001000 08:01 1839628    /usr/lib/jvm/java-6-openjdk-i386/jre/lib/i386/libjsound.so
68c05000-68c0d000 r-xp 00000000 08:01 524557     /usr/lib/jni/libsynergy2416.so
68c0d000-68c0e000 r--p 00007000 08:01 524557     /usr/lib/jni/libsynergy2416.so
68c0e000-68c0f000 rw-p 00008000 08:01 524557     /usr/lib/jni/libsynergy2416.so
68c0f000-68c12000 ---p 00000000 00:00 0 
68c12000-68c60000 rw-p 00000000 00:00 0          [stack:18838]
68c60000-68c63000 ---p 00000000 00:00 0 
68c63000-68cb1000 rw-p 00000000 00:00 0          [stack:18837]
68cb1000-68cc6000 r-xp 00000000 08:01 1839614    /usr/lib/jvm/java-6-openjdk-i386/jre/lib/i386/libnet.so
68cc6000-68cc7000 r--p 00014000 08:01 1839614    /usr/lib/jvm/java-6-openjdk-i386/jre/lib/i386/libnet.so
68cc7000-68cc8000 rw-p 00015000 08:01 1839614    /usr/lib/jvm/java-6-openjdk-i386/jre/lib/i386/libnet.so
68cc8000-68ccb000 ---p 00000000 00:00 0 
68ccb000-68d19000 rw-p 00000000 00:00 0          [stack:18836]
68d19000-68d67000 r--s 008b6000 08:01 2243423    /opt/eclipse-standard/plugins/com.ibm.icu_50.1.1.v201304230130.jar
68d67000-68da9000 r--s 00367000 08:01 2243377    /opt/eclipse-standard/plugins/org.eclipse.ui.workbench_3.105.1.v20130821-1411.jar
68da9000-68dee000 r-xp 00000000 08:01 11892      /usr/lib/i386-linux-gnu/libjpeg.so.8.0.2
68dee000-68def000 r--p 00044000 08:01 11892      /usr/lib/i386-linux-gnu/libjpeg.so.8.0.2
68def000-68df0000 rw-p 00045000 08:01 11892      /usr/lib/i386-linux-gnu/libjpeg.so.8.0.2
68df0000-68e00000 rw-p 00000000 00:00 0 
68e00000-68e38000 rw-p 00000000 00:00 0 
68e38000-68f00000 ---p 00000000 00:00 0 
68f00000-68ff9000 rw-p 00000000 00:00 0 
68ff9000-69000000 ---p 00000000 00:00 0 
69000000-690fd000 rw-p 00000000 00:00 0 
690fd000-69100000 ---p 00000000 00:00 0 
69100000-69107000 r--s 00000000 08:01 14251      /usr/lib/i386-linux-gnu/gconv/gconv-modules.cache
69107000-6910f000 r-xp 00000000 08:01 1839626    /usr/lib/jvm/java-6-openjdk-i386/jre/lib/i386/libnio.so
6910f000-69110000 r--p 00007000 08:01 1839626    /usr/lib/jvm/java-6-openjdk-i386/jre/lib/i386/libnio.so
69110000-69111000 rw-p 00008000 08:01 1839626    /usr/lib/jvm/java-6-openjdk-i386/jre/lib/i386/libnio.so
69111000-69125000 r--s 000f9000 08:01 2243526    /opt/eclipse-standard/plugins/org.eclipse.jface_3.9.1.v20130725-1141.jar
69125000-6914d000 r-xp 00000000 08:01 252306     /lib/i386-linux-gnu/libpng12.so.0.46.0
6914d000-6914e000 r--p 00027000 08:01 252306     /lib/i386-linux-gnu/libpng12.so.0.46.0
6914e000-6914f000 rw-p 00028000 08:01 252306     /lib/i386-linux-gnu/libpng12.so.0.46.0
6914f000-69152000 ---p 00000000 00:00 0 
69152000-691a0000 rw-p 00000000 00:00 0          [stack:18835]
691a0000-691a3000 ---p 00000000 00:00 0 
691a3000-691f1000 rw-p 00000000 00:00 0          [stack:18834]
691f1000-69286000 r-xp 00000000 08:01 16989      /usr/lib/i386-linux-gnu/libfreetype.so.6.8.0
69286000-6928a000 r--p 00094000 08:01 16989      /usr/lib/i386-linux-gnu/libfreetype.so.6.8.0
6928a000-6928b000 rw-p 00098000 08:01 16989      /usr/lib/i386-linux-gnu/libfreetype.so.6.8.0
6928b000-693bb000 r-xp 00000000 08:01 14323      /usr/lib/i386-linux-gnu/libX11.so.6.3.0
693bb000-693bc000 r--p 0012f000 08:01 14323      /usr/lib/i386-linux-gnu/libX11.so.6.3.0
693bc000-693be000 rw-p 00130000 08:01 14323      /usr/lib/i386-linux-gnu/libX11.so.6.3.0
693be000-693bf000 rw-p 00000000 00:00 0 
693bf000-69453000 r-xp 00000000 08:01 1839605    /usr/lib/jvm/java-6-openjdk-i386/jre/lib/i386/libawt.so
69453000-69454000 r--p 00093000 08:01 1839605    /usr/lib/jvm/java-6-openjdk-i386/jre/lib/i386/libawt.so
69454000-6945b000 rw-p 00094000 08:01 1839605    /usr/lib/jvm/java-6-openjdk-i386/jre/lib/i386/libawt.so
6945b000-6947f000 rw-p 00000000 00:00 0 
6947f000-69480000 ---p 00000000 00:00 0 
69480000-69500000 rw-p 00000000 00:00 0          [stack:18831]
69500000-695fc000 rw-p 00000000 00:00 0 
695fc000-69600000 ---p 00000000 00:00 0 
69600000-696ff000 rw-p 00000000 00:00 0 
696ff000-69700000 ---p 00000000 00:00 0 
69700000-69713000 r--s 000e0000 08:01 2243213    /opt/eclipse-standard/plugins/org.eclipse.jface.text_3.8.101.v20130802-1147.jar
69713000-69728000 r--s 0023a000 08:01 2243675    /opt/eclipse-standard/plugins/org.eclipse.swt.gtk.linux.x86_3.102.1.v20130827-2048.jar
69728000-6972b000 ---p 00000000 00:00 0 
6972b000-69779000 rw-p 00000000 00:00 0          [stack:18833]
69779000-6977f000 r--s 00000000 08:01 3565       /var/cache/fontconfig/945677eb7aeaf62f1d50efc3fb3ec7d8-le32d4.cache-3
6977f000-69782000 ---p 00000000 00:00 0 
69782000-69800000 rw-p 00000000 00:00 0          [stack:18829]
69800000-698fa000 rw-p 00000000 00:00 0 
698fa000-69900000 ---p 00000000 00:00 0 
69900000-69921000 rw-p 00000000 00:00 0 
69921000-69a00000 ---p 00000000 00:00 0 
69a00000-69c00000 r--p 00000000 08:01 19412      /usr/lib/locale/locale-archive
69c00000-69d00000 rw-p 00000000 00:00 0 
69d00000-69d21000 rw-p 00000000 00:00 0 
69d21000-69e00000 ---p 00000000 00:00 0 
69e00000-69e40000 rw-p 00000000 00:00 0 
69e40000-69f00000 ---p 00000000 00:00 0 
69f01000-69f04000 r--s 0007f000 08:01 1839014    /usr/lib/jvm/java-6-openjdk-common/jre/lib/jsse.jar
69f04000-69f07000 r--s 00000000 08:01 519519     /var/cache/fontconfig/99e8ed0e538f840c565b6ed5dad60d56-le32d4.cache-3
69f07000-69f0e000 r--s 00000000 08:01 1579180    /var/cache/fontconfig/6d41288fd70b0be22e8c3a91e032eec0-le32d4.cache-3
69f0e000-69f19000 r--s 00000000 08:01 3549       /var/cache/fontconfig/04aabc0a78ac019cf9454389977116d2-le32d4.cache-3
69f19000-69f1c000 ---p 00000000 00:00 0 
69f1c000-69f6a000 rw-p 00000000 00:00 0          [stack:18832]
69f6a000-69f6d000 ---p 00000000 00:00 0 
69f6d000-69feb000 rw-p 00000000 00:00 0          [stack:18828]
69feb000-69fec000 ---p 00000000 00:00 0 
69fec000-6a06c000 rw-p 00000000 00:00 0          [stack:18824]
6a06c000-6a200000 r--s 03822000 08:01 1839584    /usr/lib/jvm/java-6-openjdk-i386/jre/lib/rt.jar
6a200000-6a221000 rw-p 00000000 00:00 0 
6a221000-6a300000 ---p 00000000 00:00 0 
6a302000-6a305000 r--s 00019000 08:01 864259     /home/chaol/workspace-java/ADP-Demo-GUI/src/com/adp/clocks/synergy2416/res/v4l4j.jar
6a305000-6a30a000 r--s 00045000 08:01 2243421    /opt/eclipse-standard/plugins/org.eclipse.ui.forms_3.6.1.v20130822-1117.jar
6a30a000-6a30f000 r--s 00038000 08:01 2243571    /opt/eclipse-standard/plugins/org.eclipse.text_3.5.300.v20130515-1451.jar
6a30f000-6a317000 r-xp 00000000 08:01 1839774    /usr/lib/i386-linux-gnu/libgif.so.4.1.6
6a317000-6a318000 r--p 00007000 08:01 1839774    /usr/lib/i386-linux-gnu/libgif.so.4.1.6
6a318000-6a319000 rw-p 00008000 08:01 1839774    /usr/lib/i386-linux-gnu/libgif.so.4.1.6
6a31b000-6a32f000 r--s 00140000 08:01 2243684    /opt/eclipse-standard/plugins/org.eclipse.osgi_3.9.1.v20130814-1242.jar
6a32f000-6a333000 r-xp 00000000 08:01 13641      /usr/lib/i386-linux-gnu/libXfixes.so.3.1.0
6a333000-6a334000 r--p 00004000 08:01 13641      /usr/lib/i386-linux-gnu/libXfixes.so.3.1.0
6a334000-6a335000 rw-p 00005000 08:01 13641      /usr/lib/i386-linux-gnu/libXfixes.so.3.1.0
6a335000-6a37d000 r-xp 00000000 08:01 1839595    /usr/lib/jvm/java-6-openjdk-i386/jre/lib/i386/libfontmanager.so
6a37d000-6a37e000 r--p 00048000 08:01 1839595    /usr/lib/jvm/java-6-openjdk-i386/jre/lib/i386/libfontmanager.so
6a37e000-6a37f000 rw-p 00049000 08:01 1839595    /usr/lib/jvm/java-6-openjdk-i386/jre/lib/i386/libfontmanager.so
6a37f000-6a380000 ---p 00000000 00:00 0 
6a380000-6a400000 rw-p 00000000 00:00 0          [stack:18823]
6a400000-6a421000 rw-p 00000000 00:00 0 
6a421000-6a500000 ---p 00000000 00:00 0 
6a500000-6a502000 rw-p 00000000 00:00 0 
6a502000-6a505000 r--s 00000000 08:01 3552       /var/cache/fontconfig/2cd17615ca594fa2959ae173292e504c-le32d4.cache-3
6a505000-6a507000 r--s 00010000 08:01 2243198    /opt/eclipse-standard/plugins/org.eclipse.core.runtime_3.9.0.v20130326-1255.jar
6a507000-6a510000 r-xp 00000000 08:01 16793      /usr/lib/i386-linux-gnu/libXcursor.so.1.0.2
6a510000-6a511000 r--p 00008000 08:01 16793      /usr/lib/i386-linux-gnu/libXcursor.so.1.0.2
6a511000-6a512000 rw-p 00009000 08:01 16793      /usr/lib/i386-linux-gnu/libXcursor.so.1.0.2
6a512000-6a515000 r--s 0002a000 08:01 2243555    /opt/eclipse-standard/plugins/org.eclipse.equinox.registry_3.5.301.v20130717-1549.jar
6a515000-6a518000 r--s 00018000 08:01 2243752    /opt/eclipse-standard/plugins/org.eclipse.equinox.common_3.6.200.v20130402-1505.jar
6a518000-6a51b000 r--s 00018000 08:01 2243511    /opt/eclipse-standard/plugins/org.eclipse.core.commands_3.6.100.v20130515-1857.jar
6a51b000-6a524000 r-xp 00000000 08:01 1839791    /usr/lib/jvm/java-6-openjdk-i386/jre/lib/i386/libsplashscreen.so
6a524000-6a525000 r--p 00008000 08:01 1839791    /usr/lib/jvm/java-6-openjdk-i386/jre/lib/i386/libsplashscreen.so
6a525000-6a526000 rw-p 00009000 08:01 1839791    /usr/lib/jvm/java-6-openjdk-i386/jre/lib/i386/libsplashscreen.so
6a526000-6a528000 rw-p 00000000 00:00 0 
6a528000-6a52f000 r--s 000fc000 08:01 1838998    /usr/lib/jvm/java-6-openjdk-common/jre/lib/resources.jar
6a52f000-6a57b000 r-xp 00000000 08:01 1839789    /usr/lib/jvm/java-6-openjdk-i386/jre/lib/i386/xawt/libmawt.so
6a57b000-6a57c000 r--p 0004b000 08:01 1839789    /usr/lib/jvm/java-6-openjdk-i386/jre/lib/i386/xawt/libmawt.so
6a57c000-6a57e000 rw-p 0004c000 08:01 1839789    /usr/lib/jvm/java-6-openjdk-i386/jre/lib/i386/xawt/libmawt.so
6a57e000-6a57f000 rw-p 00000000 00:00 0 
6a57f000-6a580000 ---p 00000000 00:00 0 
6a580000-6a600000 rw-p 00000000 00:00 0          [stack:18822]
6a600000-6a621000 rw-p 00000000 00:00 0 
6a621000-6a700000 ---p 00000000 00:00 0 
6a700000-6a701000 rw-p 00000000 00:00 0 
6a701000-6a702000 r--s 00000000 08:01 3570       /var/cache/fontconfig/c05880de57d1f5e948fdfacc138775d9-le32d4.cache-3
6a702000-6a706000 r--s 00000000 08:01 3567       /var/cache/fontconfig/a755afe4a08bf5b97852ceb7400b47bc-le32d4.cache-3
6a706000-6a709000 r--s 00000000 08:01 3555       /var/cache/fontconfig/385c0604a188198f04d133e54aba7fe7-le32d4.cache-3
6a709000-6a70c000 r--s 00000000 08:01 3564       /var/cache/fontconfig/8801497958630a81b71ace7c5f9b32a8-le32d4.cache-3
6a70c000-6a712000 r--s 00000000 08:01 3565       /var/cache/fontconfig/945677eb7aeaf62f1d50efc3fb3ec7d8-le32d4.cache-3
6a712000-6a715000 r--s 00000000 08:01 519519     /var/cache/fontconfig/99e8ed0e538f840c565b6ed5dad60d56-le32d4.cache-3
6a715000-6a718000 r--s 00000000 08:01 3552       /var/cache/fontconfig/2cd17615ca594fa2959ae173292e504c-le32d4.cache-3
6a718000-6a71c000 r--s 00000000 08:01 3567       /var/cache/fontconfig/a755afe4a08bf5b97852ceb7400b47bc-le32d4.cache-3
6a71c000-6a723000 r--s 00000000 08:01 1579180    /var/cache/fontconfig/6d41288fd70b0be22e8c3a91e032eec0-le32d4.cache-3
6a723000-6a72e000 r--s 00000000 08:01 3549       /var/cache/fontconfig/04aabc0a78ac019cf9454389977116d2-le32d4.cache-3
6a72e000-6a731000 ---p 00000000 00:00 0 
6a731000-6a77f000 rw-p 00000000 00:00 0          [stack:18830]
6a77f000-6a780000 ---p 00000000 00:00 0 
6a780000-6a800000 rw-p 00000000 00:00 0          [stack:18821]
6a800000-6a821000 rw-p 00000000 00:00 0 
6a821000-6a900000 ---p 00000000 00:00 0 
6a900000-6a901000 r--s 00000000 08:01 3577       /var/cache/fontconfig/e7071f4a29fa870f4323321c154eba04-le32d4.cache-3
6a901000-6a904000 r--s 00000000 08:01 3555       /var/cache/fontconfig/385c0604a188198f04d133e54aba7fe7-le32d4.cache-3
6a904000-6a905000 r--s 00000000 08:01 3550       /var/cache/fontconfig/0d8c3b2ac0904cb8a57a757ad11a4a08-le32d4.cache-3
6a905000-6a909000 r--s 00000000 08:01 3553       /var/cache/fontconfig/3047814df9a2f067bd2d96a2b9c36e5a-le32d4.cache-3
6a909000-6a90d000 r--s 00000000 08:01 3568       /var/cache/fontconfig/b47c4e1ecd0709278f4910c18777a504-le32d4.cache-3
6a90d000-6a91a000 r--s 00000000 08:01 3573       /var/cache/fontconfig/d52a8644073d54c13679302ca1180695-le32d4.cache-3
6a91a000-6a923000 r--s 00000000 08:01 519518     /var/cache/fontconfig/089dead882dea3570ffc31a9898cfb69-le32d4.cache-3
6a923000-6a92b000 r--s 00000000 08:01 11176      /var/cache/fontconfig/e13b20fdb08344e0e664864cc2ede53d-le32d4.cache-3
6a92b000-6a92e000 r--s 00000000 08:01 519517     /var/cache/fontconfig/7ef2298fde41cc6eeb7af42e48b7d293-le32d4.cache-3
6a92e000-6a931000 ---p 00000000 00:00 0 
6a931000-6a97f000 rw-p 00000000 00:00 0          [stack:18827]
6a97f000-6a980000 ---p 00000000 00:00 0 
6a980000-6aa00000 rw-p 00000000 00:00 0          [stack:18820]
6aa00000-6aa33000 rw-p 00000000 00:00 0 
6aa33000-6ab00000 ---p 00000000 00:00 0 
6ab00000-6ab01000 r--s 00000000 08:01 3572       /var/cache/fontconfig/4794a0821666d79190d59a36cb4f44b5-le32d4.cache-3
6ab01000-6ab02000 r--s 00000000 08:01 3558       /var/cache/fontconfig/56cf4f4769d0f4abc89a4895d7bd3ae1-le32d4.cache-3
6ab02000-6ab05000 r--s 00000000 08:01 3564       /var/cache/fontconfig/8801497958630a81b71ace7c5f9b32a8-le32d4.cache-3
6ab05000-6ab09000 r--s 00000000 08:01 3553       /var/cache/fontconfig/3047814df9a2f067bd2d96a2b9c36e5a-le32d4.cache-3
6ab09000-6ab0d000 r--s 00000000 08:01 3568       /var/cache/fontconfig/b47c4e1ecd0709278f4910c18777a504-le32d4.cache-3
6ab0d000-6ab2c000 r-xp 00000000 08:01 17393      /usr/lib/i386-linux-gnu/libxcb.so.1.1.0
6ab2c000-6ab2d000 r--p 0001f000 08:01 17393      /usr/lib/i386-linux-gnu/libxcb.so.1.1.0
6ab2d000-6ab2e000 rw-p 00020000 08:01 17393      /usr/lib/i386-linux-gnu/libxcb.so.1.1.0
6ab2e000-6ab31000 ---p 00000000 00:00 0 
6ab31000-6ab7f000 rw-p 00000000 00:00 0          [stack:18826]
6ab7f000-6ab80000 ---p 00000000 00:00 0 
6ab80000-6ac00000 rw-p 00000000 00:00 0          [stack:18819]
6ac00000-6ac21000 rw-p 00000000 00:00 0 
6ac21000-6ad00000 ---p 00000000 00:00 0 
6ad00000-6ad21000 rw-p 00000000 00:00 0 
6ad21000-6ae00000 ---p 00000000 00:00 0 
6ae00000-6ae01000 r--s 00000000 08:01 3569       /var/cache/fontconfig/b9d506c9ac06c20b433354fa67a72993-le32d4.cache-3
6ae01000-6ae02000 r--s 00000000 08:01 3570       /var/cache/fontconfig/c05880de57d1f5e948fdfacc138775d9-le32d4.cache-3
6ae02000-6ae0f000 r--s 00000000 08:01 3573       /var/cache/fontconfig/d52a8644073d54c13679302ca1180695-le32d4.cache-3
6ae0f000-6ae14000 r-xp 00000000 08:01 16797      /usr/lib/i386-linux-gnu/libXdmcp.so.6.0.0
6ae14000-6ae15000 r--p 00004000 08:01 16797      /usr/lib/i386-linux-gnu/libXdmcp.so.6.0.0
6ae15000-6ae16000 rw-p 00005000 08:01 16797      /usr/lib/i386-linux-gnu/libXdmcp.so.6.0.0
6ae16000-6ae25000 r-xp 00000000 08:01 8381       /usr/lib/i386-linux-gnu/libXi.so.6.1.0
6ae25000-6ae26000 r--p 0000e000 08:01 8381       /usr/lib/i386-linux-gnu/libXi.so.6.1.0
6ae26000-6ae27000 rw-p 0000f000 08:01 8381       /usr/lib/i386-linux-gnu/libXi.so.6.1.0
6ae27000-6ae2c000 r-xp 00000000 08:01 16825      /usr/lib/i386-linux-gnu/libXtst.so.6.1.0
6ae2c000-6ae2d000 r--p 00004000 08:01 16825      /usr/lib/i386-linux-gnu/libXtst.so.6.1.0
6ae2d000-6ae2e000 rw-p 00005000 08:01 16825      /usr/lib/i386-linux-gnu/libXtst.so.6.1.0
6ae2e000-6ae31000 ---p 00000000 00:00 0 
6ae31000-6ae7f000 rw-p 00000000 00:00 0          [stack:18825]
6ae7f000-6ae80000 ---p 00000000 00:00 0 
6ae80000-6af00000 rw-p 00000000 00:00 0          [stack:18818]
6af00000-6af21000 rw-p 00000000 00:00 0 
6af21000-6b000000 ---p 00000000 00:00 0 
6b000000-6b001000 r--s 00000000 08:01 3577       /var/cache/fontconfig/e7071f4a29fa870f4323321c154eba04-le32d4.cache-3
6b001000-6b002000 r--s 00000000 08:01 3550       /var/cache/fontconfig/0d8c3b2ac0904cb8a57a757ad11a4a08-le32d4.cache-3
6b002000-6b00a000 r-xp 00000000 08:01 16821      /usr/lib/i386-linux-gnu/libXrender.so.1.3.0
6b00a000-6b00b000 r--p 00007000 08:01 16821      /usr/lib/i386-linux-gnu/libXrender.so.1.3.0
6b00b000-6b00c000 rw-p 00008000 08:01 16821      /usr/lib/i386-linux-gnu/libXrender.so.1.3.0
6b00c000-6b01c000 r-xp 00000000 08:01 16799      /usr/lib/i386-linux-gnu/libXext.so.6.4.0
6b01c000-6b01d000 r--p 0000f000 08:01 16799      /usr/lib/i386-linux-gnu/libXext.so.6.4.0
6b01d000-6b01e000 rw-p 00010000 08:01 16799      /usr/lib/i386-linux-gnu/libXext.so.6.4.0
6b01e000-6b01f000 r--s 00000000 08:01 3572       /var/cache/fontconfig/4794a0821666d79190d59a36cb4f44b5-le32d4.cache-3
6b01f000-6b020000 r--s 00000000 08:01 3558       /var/cache/fontconfig/56cf4f4769d0f4abc89a4895d7bd3ae1-le32d4.cache-3
6b020000-6b029000 r--s 00000000 08:01 519518     /var/cache/fontconfig/089dead882dea3570ffc31a9898cfb69-le32d4.cache-3
6b029000-6b031000 r--s 00000000 08:01 11176      /var/cache/fontconfig/e13b20fdb08344e0e664864cc2ede53d-le32d4.cache-3
6b031000-6b034000 r--s 00000000 08:01 519517     /var/cache/fontconfig/7ef2298fde41cc6eeb7af42e48b7d293-le32d4.cache-3
6b034000-6b067000 rw-p 00000000 00:00 0 
6b067000-6b068000 ---p 00000000 00:00 0 
6b068000-6b0e8000 rw-p 00000000 00:00 0          [stack:18817]
6b0e8000-6b0e9000 ---p 00000000 00:00 0 
6b0e9000-6b171000 rw-p 00000000 00:00 0          [stack:18816]
6b171000-6b1a9000 rw-p 00000000 00:00 0 
6b1a9000-6b1bf000 rw-p 00000000 00:00 0 
6b1bf000-6b2ff000 rw-p 00000000 00:00 0 
6b2ff000-6b307000 rw-p 00000000 00:00 0 
6b307000-6b33f000 rw-p 00000000 00:00 0 
6b33f000-6b355000 rw-p 00000000 00:00 0 
6b355000-6b494000 rw-p 00000000 00:00 0 
6b494000-6b49f000 rw-p 00000000 00:00 0 
6b49f000-6b53f000 rw-p 00000000 00:00 0 
6b53f000-6c540000 rw-p 00000000 00:00 0 
6c540000-73540000 rw-p 00000000 00:00 0 
73540000-75ff0000 rw-p 00000000 00:00 0 
75ff0000-9dff0000 rw-p 00000000 00:00 0 
9dff0000-9f540000 rw-p 00000000 00:00 0 
9f540000-b3540000 rw-p 00000000 00:00 0 
b3540000-b3549000 rw-p 00000000 00:00 0 
b3549000-b3600000 rw-p 00000000 00:00 0 
b3600000-b3840000 rwxp 00000000 00:00 0 
b3840000-b6700000 rw-p 00000000 00:00 0 
b6700000-b6701000 r--s 00000000 08:01 3569       /var/cache/fontconfig/b9d506c9ac06c20b433354fa67a72993-le32d4.cache-3
b6701000-b6703000 r-xp 00000000 08:01 16786      /usr/lib/i386-linux-gnu/libXau.so.6.0.0
b6703000-b6704000 r--p 00001000 08:01 16786      /usr/lib/i386-linux-gnu/libXau.so.6.0.0
b6704000-b6705000 rw-p 00002000 08:01 16786      /usr/lib/i386-linux-gnu/libXau.so.6.0.0
b6705000-b6707000 r--s 0000f000 08:01 1838988    /usr/lib/jvm/java-6-openjdk-common/jre/lib/ext/pulse-java.jar
b6707000-b670a000 r--s 00077000 08:01 1838989    /usr/lib/jvm/java-6-openjdk-common/jre/lib/ext/localedata.jar
b670a000-b6715000 r-xp 00000000 08:01 255736     /lib/i386-linux-gnu/libnss_files-2.15.so
b6715000-b6716000 r--p 0000a000 08:01 255736     /lib/i386-linux-gnu/libnss_files-2.15.so
b6716000-b6717000 rw-p 0000b000 08:01 255736     /lib/i386-linux-gnu/libnss_files-2.15.so
b6717000-b6721000 r-xp 00000000 08:01 255735     /lib/i386-linux-gnu/libnss_nis-2.15.so
b6721000-b6722000 r--p 00009000 08:01 255735     /lib/i386-linux-gnu/libnss_nis-2.15.so
b6722000-b6723000 rw-p 0000a000 08:01 255735     /lib/i386-linux-gnu/libnss_nis-2.15.so
b6723000-b6739000 r-xp 00000000 08:01 252399     /lib/i386-linux-gnu/libnsl-2.15.so
b6739000-b673a000 r--p 00015000 08:01 252399     /lib/i386-linux-gnu/libnsl-2.15.so
b673a000-b673b000 rw-p 00016000 08:01 252399     /lib/i386-linux-gnu/libnsl-2.15.so
b673b000-b673d000 rw-p 00000000 00:00 0 
b673d000-b6744000 r-xp 00000000 08:01 255737     /lib/i386-linux-gnu/libnss_compat-2.15.so
b6744000-b6745000 r--p 00006000 08:01 255737     /lib/i386-linux-gnu/libnss_compat-2.15.so
b6745000-b6746000 rw-p 00007000 08:01 255737     /lib/i386-linux-gnu/libnss_compat-2.15.so
b6746000-b6747000 r--s 00007000 08:01 1839824    /usr/share/java/java-atk-wrapper.jar
b6747000-b674b000 r--s 00039000 08:01 1838987    /usr/lib/jvm/java-6-openjdk-common/jre/lib/ext/sunpkcs11.jar
b674b000-b6752000 r-xp 00000000 08:01 1839612    /usr/lib/jvm/java-6-openjdk-i386/jre/lib/i386/libzip.so
b6752000-b6753000 r--p 00006000 08:01 1839612    /usr/lib/jvm/java-6-openjdk-i386/jre/lib/i386/libzip.so
b6753000-b6754000 rw-p 00007000 08:01 1839612    /usr/lib/jvm/java-6-openjdk-i386/jre/lib/i386/libzip.so
b6754000-b675c000 rw-s 00000000 08:01 913331     /tmp/hsperfdata_chaol/18810
b675c000-b6782000 r-xp 00000000 08:01 1839598    /usr/lib/jvm/java-6-openjdk-i386/jre/lib/i386/libjava.so
b6782000-b6783000 r--p 00025000 08:01 1839598    /usr/lib/jvm/java-6-openjdk-i386/jre/lib/i386/libjava.so
b6783000-b6785000 rw-p 00026000 08:01 1839598    /usr/lib/jvm/java-6-openjdk-i386/jre/lib/i386/libjava.so
b6785000-b678c000 r-xp 00000000 08:01 252408     /lib/i386-linux-gnu/librt-2.15.so
b678c000-b678d000 r--p 00006000 08:01 252408     /lib/i386-linux-gnu/librt-2.15.so
b678d000-b678e000 rw-p 00007000 08:01 252408     /lib/i386-linux-gnu/librt-2.15.so
b678e000-b6791000 ---p 00000000 00:00 0 
b6791000-b67df000 rw-p 00000000 00:00 0          [stack:18815]
b67df000-b67fb000 r-xp 00000000 08:01 252257     /lib/i386-linux-gnu/libgcc_s.so.1
b67fb000-b67fc000 r--p 0001b000 08:01 252257     /lib/i386-linux-gnu/libgcc_s.so.1
b67fc000-b67fd000 rw-p 0001c000 08:01 252257     /lib/i386-linux-gnu/libgcc_s.so.1
b67fd000-b6827000 r-xp 00000000 08:01 255734     /lib/i386-linux-gnu/libm-2.15.so
b6827000-b6828000 r--p 00029000 08:01 255734     /lib/i386-linux-gnu/libm-2.15.so
b6828000-b6829000 rw-p 0002a000 08:01 255734     /lib/i386-linux-gnu/libm-2.15.so
b6829000-b6901000 r-xp 00000000 08:01 17329      /usr/lib/i386-linux-gnu/libstdc++.so.6.0.16
b6901000-b6902000 ---p 000d8000 08:01 17329      /usr/lib/i386-linux-gnu/libstdc++.so.6.0.16
b6902000-b6906000 r--p 000d8000 08:01 17329      /usr/lib/i386-linux-gnu/libstdc++.so.6.0.16
b6906000-b6907000 rw-p 000dc000 08:01 17329      /usr/lib/i386-linux-gnu/libstdc++.so.6.0.16
b6907000-b690e000 rw-p 00000000 00:00 0 
b690e000-b712e000 r-xp 00000000 08:01 1839591    /usr/lib/jvm/java-6-openjdk-i386/jre/lib/i386/server/libjvm.so
b712e000-b7173000 r--p 0081f000 08:01 1839591    /usr/lib/jvm/java-6-openjdk-i386/jre/lib/i386/server/libjvm.so
b7173000-b7182000 rw-p 00864000 08:01 1839591    /usr/lib/jvm/java-6-openjdk-i386/jre/lib/i386/server/libjvm.so
b7182000-b759e000 rw-p 00000000 00:00 0 
b759e000-b75b2000 r-xp 00000000 08:01 252336     /lib/i386-linux-gnu/libz.so.1.2.3.4
b75b2000-b75b3000 r--p 00013000 08:01 252336     /lib/i386-linux-gnu/libz.so.1.2.3.4
b75b3000-b75b4000 rw-p 00014000 08:01 252336     /lib/i386-linux-gnu/libz.so.1.2.3.4
b75b4000-b7758000 r-xp 00000000 08:01 255739     /lib/i386-linux-gnu/libc-2.15.so
b7758000-b775a000 r--p 001a4000 08:01 255739     /lib/i386-linux-gnu/libc-2.15.so
b775a000-b775b000 rw-p 001a6000 08:01 255739     /lib/i386-linux-gnu/libc-2.15.so
b775b000-b775e000 rw-p 00000000 00:00 0 
b775e000-b7761000 r-xp 00000000 08:01 255738     /lib/i386-linux-gnu/libdl-2.15.so
b7761000-b7762000 r--p 00002000 08:01 255738     /lib/i386-linux-gnu/libdl-2.15.so
b7762000-b7763000 rw-p 00003000 08:01 255738     /lib/i386-linux-gnu/libdl-2.15.so
b7763000-b7767000 r-xp 00000000 08:01 1839611    /usr/lib/jvm/java-6-openjdk-i386/jre/lib/i386/jli/libjli.so
b7767000-b7768000 r--p 00003000 08:01 1839611    /usr/lib/jvm/java-6-openjdk-i386/jre/lib/i386/jli/libjli.so
b7768000-b7769000 rw-p 00004000 08:01 1839611    /usr/lib/jvm/java-6-openjdk-i386/jre/lib/i386/jli/libjli.so
b7769000-b776a000 rw-p 00000000 00:00 0 
b776a000-b7781000 r-xp 00000000 08:01 252406     /lib/i386-linux-gnu/libpthread-2.15.so
b7781000-b7782000 r--p 00016000 08:01 252406     /lib/i386-linux-gnu/libpthread-2.15.so
b7782000-b7783000 rw-p 00017000 08:01 252406     /lib/i386-linux-gnu/libpthread-2.15.so
b7783000-b7785000 rw-p 00000000 00:00 0 
b7785000-b7787000 r--s 00001000 08:01 1838990    /usr/lib/jvm/java-6-openjdk-common/jre/lib/ext/dnsns.jar
b7787000-b778a000 r--s 00031000 08:01 1838991    /usr/lib/jvm/java-6-openjdk-common/jre/lib/ext/sunjce_provider.jar
b778a000-b778b000 r--p 005e0000 08:01 19412      /usr/lib/locale/locale-archive
b778b000-b778c000 rw-p 00000000 00:00 0 
b778c000-b778d000 r--p 00000000 00:00 0 
b778d000-b7798000 r-xp 00000000 08:01 1839627    /usr/lib/jvm/java-6-openjdk-i386/jre/lib/i386/libverify.so
b7798000-b7799000 ---p 0000b000 08:01 1839627    /usr/lib/jvm/java-6-openjdk-i386/jre/lib/i386/libverify.so
b7799000-b779a000 r--p 0000b000 08:01 1839627    /usr/lib/jvm/java-6-openjdk-i386/jre/lib/i386/libverify.so
b779a000-b779b000 rw-p 0000c000 08:01 1839627    /usr/lib/jvm/java-6-openjdk-i386/jre/lib/i386/libverify.so
b779b000-b779d000 rw-p 00000000 00:00 0 
b779d000-b779e000 r-xp 00000000 00:00 0          [vdso]
b779e000-b77be000 r-xp 00000000 08:01 252407     /lib/i386-linux-gnu/ld-2.15.so
b77be000-b77bf000 r--p 0001f000 08:01 252407     /lib/i386-linux-gnu/ld-2.15.so
b77bf000-b77c0000 rw-p 00020000 08:01 252407     /lib/i386-linux-gnu/ld-2.15.so
bf9a2000-bf9c4000 rw-p 00000000 00:00 0          [stack]

VM Arguments:
jvm_args: -Dfile.encoding=UTF-8 
java_command: com.adp.clocks.synergy2416.demo.MainWindow psplash:res/Background.png
Launcher Type: SUN_STANDARD

Environment Variables:
PATH=/usr/lib/lightdm/lightdm:/usr/local/sbin:/usr/local/bin:/usr/sbin:/usr/bin:/sbin:/bin:/usr/games
LD_LIBRARY_PATH=/usr/lib/jvm/java-6-openjdk-i386/jre/lib/i386/server:/usr/lib/jvm/java-6-openjdk-i386/jre/lib/i386:/usr/lib/jvm/java-6-openjdk-i386/jre/../lib/i386:/usr/lib/jni
SHELL=/bin/bash
DISPLAY=:0

Signal Handlers:
SIGSEGV: [libjvm.so+0x66e740], sa_mask[0]=0x7ffbfeff, sa_flags=0x10000004
SIGBUS: [libjvm.so+0x66e740], sa_mask[0]=0x7ffbfeff, sa_flags=0x10000004
SIGFPE: [libjvm.so+0x530480], sa_mask[0]=0x7ffbfeff, sa_flags=0x10000004
SIGPIPE: [libjvm.so+0x530480], sa_mask[0]=0x7ffbfeff, sa_flags=0x10000004
SIGXFSZ: [libjvm.so+0x530480], sa_mask[0]=0x7ffbfeff, sa_flags=0x10000004
SIGILL: [libjvm.so+0x530480], sa_mask[0]=0x7ffbfeff, sa_flags=0x10000004
SIGUSR1: SIG_DFL, sa_mask[0]=0x00000000, sa_flags=0x00000000
SIGUSR2: [libjvm.so+0x530310], sa_mask[0]=0x00000004, sa_flags=0x10000004
SIGHUP: [libjvm.so+0x5332a0], sa_mask[0]=0x7ffbfeff, sa_flags=0x10000004
SIGINT: [libjvm.so+0x5332a0], sa_mask[0]=0x7ffbfeff, sa_flags=0x10000004
SIGTERM: [libjvm.so+0x5332a0], sa_mask[0]=0x7ffbfeff, sa_flags=0x10000004
SIGQUIT: [libjvm.so+0x5332a0], sa_mask[0]=0x7ffbfeff, sa_flags=0x10000004


---------------  S Y S T E M  ---------------

OS:Ubuntu 12.04 (precise)
uname:Linux 3.8.0-35-generic #52~precise1-Ubuntu SMP Thu Jan 30 17:27:28 UTC 2014 i686
libc:glibc 2.15 NPTL 2.15 
rlimit: STACK 8192k, CORE 0k, NPROC 64475, NOFILE 4096, AS infinity
load average:0.18 0.24 0.24

/proc/meminfo:
MemTotal:        8269392 kB
MemFree:          589124 kB
Buffers:          317412 kB
Cached:          5890548 kB
SwapCached:            0 kB
Active:          4515028 kB
Inactive:        2945116 kB
Active(anon):    1253136 kB
Inactive(anon):     2468 kB
Active(file):    3261892 kB
Inactive(file):  2942648 kB
Unevictable:          32 kB
Mlocked:              32 kB
HighTotal:       7457720 kB
HighFree:         271388 kB
LowTotal:         811672 kB
LowFree:          317736 kB
SwapTotal:             0 kB
SwapFree:              0 kB
Dirty:               324 kB
Writeback:             0 kB
AnonPages:       1252136 kB
Mapped:           241976 kB
Shmem:              3420 kB
Slab:             124848 kB
SReclaimable:      96244 kB
SUnreclaim:        28604 kB
KernelStack:        5720 kB
PageTables:        16144 kB
NFS_Unstable:          0 kB
Bounce:                0 kB
WritebackTmp:          0 kB
CommitLimit:     4134696 kB
Committed_AS:    5283112 kB
VmallocTotal:     122880 kB
VmallocUsed:       60944 kB
VmallocChunk:      54772 kB
HardwareCorrupted:     0 kB
AnonHugePages:         0 kB
HugePages_Total:       0
HugePages_Free:        0
HugePages_Rsvd:        0
HugePages_Surp:        0
Hugepagesize:       2048 kB
DirectMap4k:      796664 kB
DirectMap2M:      116736 kB


CPU:total 8 (4 cores per cpu, 2 threads per core) family 6 model 42 stepping 7, cmov, cx8, fxsr, mmx, sse, sse2, sse3, ssse3, sse4.1, sse4.2, popcnt, ht

Memory: 4k page, physical 8269392k(589124k free), swap 0k(0k free)

vm_info: OpenJDK Server VM (20.0-b12) for linux-x86 JRE (1.6.0_27-b27), built on Nov 16 2013 15:21:31 by "buildd" with gcc 4.6.3

time: Wed Feb 19 17:42:54 2014
elapsed time: 1 seconds

