#
# A fatal error has been detected by the Java Runtime Environment:
#
#  SIGSEGV (0xb) at pc=0xb34fa8b7, pid=8345, tid=3000179520
#
# JRE version: 6.0_27-b27
# Java VM: OpenJDK Client VM (20.0-b12 mixed mode, sharing linux-x86 )
# Derivative: IcedTea6 1.12.6
# Distribution: Ubuntu 12.04 LTS, package 6b27-1.12.6-1ubuntu0.12.04.4
# Problematic frame:
# C  [libsynergy2416.so+0x48b7]  _get_enroll_count+0x22
#
# If you would like to submit a bug report, please include
# instructions how to reproduce the bug and visit:
#   https://bugs.launchpad.net/ubuntu/+source/openjdk-6/
# The crash happened outside the Java Virtual Machine in native code.
# See problematic frame for where to report the bug.
#

---------------  T H R E A D  ---------------

Current thread (0x09719000):  JavaThread "SwingWorker-pool-3-thread-1" [_thread_in_native, id=8377, stack(0xb2ce1000,0xb2d32000)]

siginfo:si_signo=SIGSEGV: si_errno=0, si_code=1 (SEGV_MAPERR), si_addr=0x00000000

Registers:
EAX=0x00000000, EBX=0x8eba9908, ECX=0x09719120, EDX=0x00000000
ESP=0xb2d30d10, EBP=0xb2d30d20, ESI=0x8eba9908, EDI=0x09719000
EIP=0xb34fa8b7, EFLAGS=0x00210297, CR2=0x00000000

Top of Stack: (sp=0xb2d30d10)
0xb2d30d10:   b6dc1be0 b354abc4 00000000 00000000
0xb2d30d20:   b2d30d28 b34fb261 b2d30d68 b34f9fc3
0xb2d30d30:   b2d30de0 b2d30db0 b48be264 b48b0608
0xb2d30d40:   00000000 b2d30dd0 b2d30db0 00000000
0xb2d30d50:   00000000 8eba9908 09719000 b2d30da0
0xb2d30d60:   b48b7fdb 09719000 b2d30da0 b48b80dd
0xb2d30d70:   09719120 b2d30da8 b2d30de0 b2d30de0
0xb2d30d80:   b2d30d80 8eba9908 b2d30dac 8ebaa6a8 

Instructions: (pc=0xb34fa8b7)
0xb34fa897:   e5 83 ec 10 c7 45 f8 00 00 00 00 c7 45 fc 00 00
0xb34fa8a7:   00 00 eb 1b 8b 15 e4 fa 4f b3 8b 45 fc 8d 04 02
0xb34fa8b7:   0f b6 00 84 c0 74 04 83 45 f8 01 83 45 fc 01 a1
0xb34fa8c7:   10 f0 4f b3 39 45 fc 7c db 8b 45 f8 c9 c3 55 89 

Register to memory mapping:

EAX=0x00000000 is an unknown value
EBX=0x8eba9908 is an oop
{method} 
 - klass: {other class}
ECX=0x09719120 is an unknown value
EDX=0x00000000 is an unknown value
ESP=0xb2d30d10 is pointing into the stack for thread: 0x09719000
EBP=0xb2d30d20 is pointing into the stack for thread: 0x09719000
ESI=0x8eba9908 is an oop
{method} 
 - klass: {other class}
EDI=0x09719000 is a thread


Stack: [0xb2ce1000,0xb2d32000],  sp=0xb2d30d10,  free space=319k
Native frames: (J=compiled Java code, j=interpreted, Vv=VM code, C=native code)
C  [libsynergy2416.so+0x48b7]  _get_enroll_count+0x22
C  [libsynergy2416.so+0x5261]  hlpGetEnrollCount+0x8
C  [libsynergy2416.so+0x3fc3]  Java_com_adp_clocks_synergy2416_demo_FPU_FP_1IDENTIFY_1EMPLOYEE+0x19
j  com.adp.clocks.synergy2416.demo.FPU.FP_IDENTIFY_EMPLOYEE()I+0
j  com.adp.clocks.synergy2416.demo.FPU.identifyEmployee()Ljava/lang/String;+0
j  com.adp.clocks.synergy2416.demo.FPIdWorker.doInBackground()Ljava/lang/String;+7
j  com.adp.clocks.synergy2416.demo.FPIdWorker.doInBackground()Ljava/lang/Object;+1
j  javax.swing.SwingWorker$1.call()Ljava/lang/Object;+14
j  java.util.concurrent.FutureTask$Sync.innerRun()V+29
j  java.util.concurrent.FutureTask.run()V+4
j  javax.swing.SwingWorker.run()V+4
j  java.util.concurrent.ThreadPoolExecutor.runWorker(Ljava/util/concurrent/ThreadPoolExecutor$Worker;)V+95
j  java.util.concurrent.ThreadPoolExecutor$Worker.run()V+5
j  java.lang.Thread.run()V+11
v  ~StubRoutines::call_stub
V  [libjvm.so+0x2116b6]  JavaCalls::call_helper(JavaValue*, methodHandle*, JavaCallArguments*, Thread*)+0x2c6

Java frames: (J=compiled Java code, j=interpreted, Vv=VM code)
j  com.adp.clocks.synergy2416.demo.FPU.FP_IDENTIFY_EMPLOYEE()I+0
j  com.adp.clocks.synergy2416.demo.FPU.identifyEmployee()Ljava/lang/String;+0
j  com.adp.clocks.synergy2416.demo.FPIdWorker.doInBackground()Ljava/lang/String;+7
j  com.adp.clocks.synergy2416.demo.FPIdWorker.doInBackground()Ljava/lang/Object;+1
j  javax.swing.SwingWorker$1.call()Ljava/lang/Object;+14
j  java.util.concurrent.FutureTask$Sync.innerRun()V+29
j  java.util.concurrent.FutureTask.run()V+4
j  javax.swing.SwingWorker.run()V+4
j  java.util.concurrent.ThreadPoolExecutor.runWorker(Ljava/util/concurrent/ThreadPoolExecutor$Worker;)V+95
j  java.util.concurrent.ThreadPoolExecutor$Worker.run()V+5
j  java.lang.Thread.run()V+11
v  ~StubRoutines::call_stub

---------------  P R O C E S S  ---------------

Java Threads: ( => current thread )
=>0x09719000 JavaThread "SwingWorker-pool-3-thread-1" [_thread_in_native, id=8377, stack(0xb2ce1000,0xb2d32000)]
  0x096f9c00 JavaThread "PulseAudio Eventloop Thread" daemon [_thread_in_native, id=8376, stack(0xb2d32000,0xb2d83000)]
  0xb6905c00 JavaThread "DestroyJavaVM" [_thread_blocked, id=8349, stack(0xb6a34000,0xb6a85000)]
  0x096e6000 JavaThread "pool-1-thread-1" [_thread_blocked, id=8367, stack(0xb32b9000,0xb330a000)]
  0x096c0c00 JavaThread "Timer-0" [_thread_blocked, id=8366, stack(0xb3394000,0xb33e5000)]
  0x096bd000 JavaThread "TimerQueue" daemon [_thread_blocked, id=8365, stack(0xb33e5000,0xb3436000)]
  0x09658400 JavaThread "Image Animator 3" daemon [_thread_blocked, id=8363, stack(0xb3622000,0xb3673000)]
  0xb69aac00 JavaThread "AWT-EventQueue-0" [_thread_blocked, id=8362, stack(0xb37c0000,0xb3811000)]
  0xb69aa000 JavaThread "AWT-Shutdown" [_thread_blocked, id=8361, stack(0xb3811000,0xb3862000)]
  0xb69a9000 JavaThread "AWT-XAWT" daemon [_thread_in_native, id=8360, stack(0xb3862000,0xb38b3000)]
  0xb6975000 JavaThread "Java2D Disposer" daemon [_thread_blocked, id=8359, stack(0xb3994000,0xb39e5000)]
  0xb693cc00 JavaThread "Low Memory Detector" daemon [_thread_blocked, id=8357, stack(0xb3daf000,0xb3e00000)]
  0xb693ac00 JavaThread "C1 CompilerThread0" daemon [_thread_blocked, id=8356, stack(0xb412e000,0xb41af000)]
  0xb6939400 JavaThread "Signal Dispatcher" daemon [_thread_blocked, id=8355, stack(0xb41af000,0xb4200000)]
  0xb6935400 JavaThread "Finalizer" daemon [_thread_blocked, id=8354, stack(0xb4345000,0xb4396000)]
  0xb6933c00 JavaThread "Reference Handler" daemon [_thread_blocked, id=8353, stack(0xb4396000,0xb43e7000)]

Other Threads:
  0xb6932000 VMThread [stack: 0xb43e7000,0xb4468000] [id=8352]
  0xb693f000 WatcherThread [stack: 0xb3d2e000,0xb3daf000] [id=8358]

VM state:not at safepoint (normal execution)

VM Mutex/Monitor currently owned by a thread: None

Heap
 def new generation   total 4928K, used 1745K [0x6ea40000, 0x6ef90000, 0x794e0000)
  eden space 4416K,  27% used [0x6ea40000, 0x6eb745a0, 0x6ee90000)
  from space 512K, 100% used [0x6ef10000, 0x6ef90000, 0x6ef90000)
  to   space 512K,   0% used [0x6ee90000, 0x6ee90000, 0x6ef10000)
 tenured generation   total 10944K, used 1795K [0x794e0000, 0x79f90000, 0x8ea40000)
   the space 10944K,  16% used [0x794e0000, 0x796a0e90, 0x796a1000, 0x79f90000)
 compacting perm gen  total 12288K, used 2318K [0x8ea40000, 0x8f640000, 0x92a40000)
   the space 12288K,  18% used [0x8ea40000, 0x8ec83908, 0x8ec83a00, 0x8f640000)
    ro space 10240K,  74% used [0x92a40000, 0x931a8b40, 0x931a8c00, 0x93440000)
    rw space 12288K,  60% used [0x93440000, 0x93b8ee48, 0x93b8f000, 0x94040000)

Code Cache  [0xb48ae000, 0xb49b6000, 0xb68ae000)
 total_blobs=574 nmethods=314 adapters=196 free_code_cache=32503232 largest_free_block=64

Dynamic libraries:
08048000-08051000 r-xp 00000000 08:01 1839571    /usr/lib/jvm/java-6-openjdk-i386/jre/bin/java
08051000-08052000 r--p 00008000 08:01 1839571    /usr/lib/jvm/java-6-openjdk-i386/jre/bin/java
08052000-08053000 rw-p 00009000 08:01 1839571    /usr/lib/jvm/java-6-openjdk-i386/jre/bin/java
095b5000-09729000 rw-p 00000000 00:00 0          [heap]
6ea40000-6ef90000 rw-p 00000000 00:00 0 
6ef90000-794e0000 rw-p 00000000 00:00 0 
794e0000-79f90000 rw-p 00000000 00:00 0 
79f90000-8ea40000 rw-p 00000000 00:00 0 
8ea40000-8f640000 rw-p 00000000 00:00 0 
8f640000-92a40000 rw-p 00000000 00:00 0 
92a40000-931a9000 r--s 00001000 08:01 1839781    /usr/lib/jvm/java-6-openjdk-i386/jre/lib/i386/client/classes.jsa
931a9000-93440000 rw-p 00000000 00:00 0 
93440000-93b8f000 rw-p 0076a000 08:01 1839781    /usr/lib/jvm/java-6-openjdk-i386/jre/lib/i386/client/classes.jsa
93b8f000-94040000 rw-p 00000000 00:00 0 
94040000-9413d000 rw-p 00eb9000 08:01 1839781    /usr/lib/jvm/java-6-openjdk-i386/jre/lib/i386/client/classes.jsa
9413d000-94440000 rw-p 00000000 00:00 0 
94440000-94448000 r-xs 00fb6000 08:01 1839781    /usr/lib/jvm/java-6-openjdk-i386/jre/lib/i386/client/classes.jsa
94448000-94840000 rw-p 00000000 00:00 0 
aa580000-ae581000 rw-s 00000000 00:12 57206      /run/shm/pulse-shm-4233528696
ae581000-ae582000 ---p 00000000 00:00 0 
ae582000-aed82000 rw-p 00000000 00:00 0 
b2ce1000-b2ce4000 ---p 00000000 00:00 0 
b2ce4000-b2d32000 rw-p 00000000 00:00 0          [stack:8377]
b2d32000-b2d35000 ---p 00000000 00:00 0 
b2d35000-b2d83000 rw-p 00000000 00:00 0          [stack:8376]
b2d83000-b2d96000 r-xp 00000000 08:01 252403     /lib/i386-linux-gnu/libresolv-2.15.so
b2d96000-b2d97000 ---p 00013000 08:01 252403     /lib/i386-linux-gnu/libresolv-2.15.so
b2d97000-b2d98000 r--p 00013000 08:01 252403     /lib/i386-linux-gnu/libresolv-2.15.so
b2d98000-b2d99000 rw-p 00014000 08:01 252403     /lib/i386-linux-gnu/libresolv-2.15.so
b2d99000-b2d9b000 rw-p 00000000 00:00 0 
b2d9b000-b2da1000 r-xp 00000000 08:01 17212      /usr/lib/i386-linux-gnu/libogg.so.0.7.1
b2da1000-b2da2000 r--p 00005000 08:01 17212      /usr/lib/i386-linux-gnu/libogg.so.0.7.1
b2da2000-b2da3000 rw-p 00006000 08:01 17212      /usr/lib/i386-linux-gnu/libogg.so.0.7.1
b2da3000-b2dcc000 r-xp 00000000 08:01 17362      /usr/lib/i386-linux-gnu/libvorbis.so.0.4.5
b2dcc000-b2dcd000 r--p 00028000 08:01 17362      /usr/lib/i386-linux-gnu/libvorbis.so.0.4.5
b2dcd000-b2dce000 rw-p 00029000 08:01 17362      /usr/lib/i386-linux-gnu/libvorbis.so.0.4.5
b2dce000-b2f34000 r-xp 00000000 08:01 17364      /usr/lib/i386-linux-gnu/libvorbisenc.so.2.0.8
b2f34000-b2f45000 r--p 00165000 08:01 17364      /usr/lib/i386-linux-gnu/libvorbisenc.so.2.0.8
b2f45000-b2f46000 rw-p 00176000 08:01 17364      /usr/lib/i386-linux-gnu/libvorbisenc.so.2.0.8
b2f46000-b2f92000 r-xp 00000000 08:01 16731      /usr/lib/i386-linux-gnu/libFLAC.so.8.2.0
b2f92000-b2f93000 r--p 0004b000 08:01 16731      /usr/lib/i386-linux-gnu/libFLAC.so.8.2.0
b2f93000-b2f94000 rw-p 0004c000 08:01 16731      /usr/lib/i386-linux-gnu/libFLAC.so.8.2.0
b2f94000-b2f99000 r-xp 00000000 08:01 16847      /usr/lib/i386-linux-gnu/libasyncns.so.0.3.1
b2f99000-b2f9a000 r--p 00004000 08:01 16847      /usr/lib/i386-linux-gnu/libasyncns.so.0.3.1
b2f9a000-b2f9b000 rw-p 00005000 08:01 16847      /usr/lib/i386-linux-gnu/libasyncns.so.0.3.1
b2f9b000-b3007000 r-xp 00000000 08:01 17307      /usr/lib/i386-linux-gnu/libsndfile.so.1.0.25
b3007000-b3008000 r--p 0006c000 08:01 17307      /usr/lib/i386-linux-gnu/libsndfile.so.1.0.25
b3008000-b3009000 rw-p 0006d000 08:01 17307      /usr/lib/i386-linux-gnu/libsndfile.so.1.0.25
b3009000-b300d000 rw-p 00000000 00:00 0 
b300d000-b3015000 r-xp 00000000 08:01 252334     /lib/i386-linux-gnu/libwrap.so.0.7.6
b3015000-b3016000 r--p 00007000 08:01 252334     /lib/i386-linux-gnu/libwrap.so.0.7.6
b3016000-b3017000 rw-p 00008000 08:01 252334     /lib/i386-linux-gnu/libwrap.so.0.7.6
b3017000-b305e000 r-xp 00000000 08:01 252249     /lib/i386-linux-gnu/libdbus-1.so.3.5.8
b305e000-b305f000 r--p 00047000 08:01 252249     /lib/i386-linux-gnu/libdbus-1.so.3.5.8
b305f000-b3060000 rw-p 00048000 08:01 252249     /lib/i386-linux-gnu/libdbus-1.so.3.5.8
b3060000-b30c3000 r-xp 00000000 08:01 12624      /usr/lib/i386-linux-gnu/libpulsecommon-1.1.so
b30c3000-b30c4000 r--p 00062000 08:01 12624      /usr/lib/i386-linux-gnu/libpulsecommon-1.1.so
b30c4000-b30c5000 rw-p 00063000 08:01 12624      /usr/lib/i386-linux-gnu/libpulsecommon-1.1.so
b30c5000-b30cb000 r-xp 00000000 08:01 17146      /usr/lib/i386-linux-gnu/libjson.so.0.0.1
b30cb000-b30cc000 r--p 00005000 08:01 17146      /usr/lib/i386-linux-gnu/libjson.so.0.0.1
b30cc000-b30cd000 rw-p 00006000 08:01 17146      /usr/lib/i386-linux-gnu/libjson.so.0.0.1
b30cd000-b3119000 r-xp 00000000 08:01 12623      /usr/lib/i386-linux-gnu/libpulse.so.0.13.5
b3119000-b311a000 r--p 0004b000 08:01 12623      /usr/lib/i386-linux-gnu/libpulse.so.0.13.5
b311a000-b311b000 rw-p 0004c000 08:01 12623      /usr/lib/i386-linux-gnu/libpulse.so.0.13.5
b311b000-b3208000 r-xp 00000000 08:01 16845      /usr/lib/i386-linux-gnu/libasound.so.2.0.0
b3208000-b320c000 r--p 000ec000 08:01 16845      /usr/lib/i386-linux-gnu/libasound.so.2.0.0
b320c000-b320d000 rw-p 000f0000 08:01 16845      /usr/lib/i386-linux-gnu/libasound.so.2.0.0
b3223000-b326e000 rw-s 00000000 00:04 28639260   /SYSV00000000 (deleted)
b32a1000-b32aa000 rw-s 00000000 00:04 28737566   /SYSV00000000 (deleted)
b32aa000-b32b7000 r-xp 00000000 08:01 1839792    /usr/lib/jvm/java-6-openjdk-i386/jre/lib/i386/libpulse-java.so
b32b7000-b32b8000 r--p 0000c000 08:01 1839792    /usr/lib/jvm/java-6-openjdk-i386/jre/lib/i386/libpulse-java.so
b32b8000-b32b9000 rw-p 0000d000 08:01 1839792    /usr/lib/jvm/java-6-openjdk-i386/jre/lib/i386/libpulse-java.so
b32b9000-b32bc000 ---p 00000000 00:00 0 
b32bc000-b330a000 rw-p 00000000 00:00 0          [stack:8367]
b330a000-b332b000 r-xp 00000000 08:01 17358      /usr/lib/i386-linux-gnu/libv4lconvert.so.0
b332b000-b332c000 r--p 00021000 08:01 17358      /usr/lib/i386-linux-gnu/libv4lconvert.so.0
b332c000-b332d000 rw-p 00022000 08:01 17358      /usr/lib/i386-linux-gnu/libv4lconvert.so.0
b332d000-b337f000 rw-p 00000000 00:00 0 
b337f000-b3392000 r-xp 00000000 08:01 8712       /usr/lib/libvideo.so.0
b3392000-b3393000 r--p 00012000 08:01 8712       /usr/lib/libvideo.so.0
b3393000-b3394000 rw-p 00013000 08:01 8712       /usr/lib/libvideo.so.0
b3394000-b3397000 ---p 00000000 00:00 0 
b3397000-b33e5000 rw-p 00000000 00:00 0          [stack:8366]
b33e5000-b33e8000 ---p 00000000 00:00 0 
b33e8000-b34bc000 rw-p 00000000 00:00 0          [stack:8365]
b34bd000-b34c2000 r-xp 00000000 08:01 17411      /usr/lib/i386-linux-gnu/alsa-lib/libasound_module_pcm_pulse.so
b34c2000-b34c3000 r--p 00004000 08:01 17411      /usr/lib/i386-linux-gnu/alsa-lib/libasound_module_pcm_pulse.so
b34c3000-b34c4000 rw-p 00005000 08:01 17411      /usr/lib/i386-linux-gnu/alsa-lib/libasound_module_pcm_pulse.so
b34ca000-b34d9000 r-xp 00000000 08:01 1839790    /usr/lib/jvm/java-6-openjdk-i386/jre/lib/i386/libjsoundalsa.so
b34d9000-b34da000 r--p 0000e000 08:01 1839790    /usr/lib/jvm/java-6-openjdk-i386/jre/lib/i386/libjsoundalsa.so
b34da000-b34db000 rw-p 0000f000 08:01 1839790    /usr/lib/jvm/java-6-openjdk-i386/jre/lib/i386/libjsoundalsa.so
b34db000-b34dc000 r-xp 00000000 08:01 1839628    /usr/lib/jvm/java-6-openjdk-i386/jre/lib/i386/libjsound.so
b34dc000-b34dd000 r--p 00000000 08:01 1839628    /usr/lib/jvm/java-6-openjdk-i386/jre/lib/i386/libjsound.so
b34dd000-b34de000 rw-p 00001000 08:01 1839628    /usr/lib/jvm/java-6-openjdk-i386/jre/lib/i386/libjsound.so
b34de000-b34e5000 r--s 00000000 08:01 14251      /usr/lib/i386-linux-gnu/gconv/gconv-modules.cache
b34e5000-b34f4000 r-xp 00000000 08:01 524448     /usr/lib/jni/libv4l4j.so
b34f4000-b34f5000 r--p 0000e000 08:01 524448     /usr/lib/jni/libv4l4j.so
b34f5000-b34f6000 rw-p 0000f000 08:01 524448     /usr/lib/jni/libv4l4j.so
b34f6000-b34fe000 r-xp 00000000 08:01 524557     /usr/lib/jni/libsynergy2416.so
b34fe000-b34ff000 r--p 00007000 08:01 524557     /usr/lib/jni/libsynergy2416.so
b34ff000-b3500000 rw-p 00008000 08:01 524557     /usr/lib/jni/libsynergy2416.so
b3500000-b355e000 rw-p 00000000 00:00 0 
b355e000-b3600000 ---p 00000000 00:00 0 
b3601000-b3609000 r-xp 00000000 08:01 1839626    /usr/lib/jvm/java-6-openjdk-i386/jre/lib/i386/libnio.so
b3609000-b360a000 r--p 00007000 08:01 1839626    /usr/lib/jvm/java-6-openjdk-i386/jre/lib/i386/libnio.so
b360a000-b360b000 rw-p 00008000 08:01 1839626    /usr/lib/jvm/java-6-openjdk-i386/jre/lib/i386/libnio.so
b360b000-b3620000 r-xp 00000000 08:01 1839614    /usr/lib/jvm/java-6-openjdk-i386/jre/lib/i386/libnet.so
b3620000-b3621000 r--p 00014000 08:01 1839614    /usr/lib/jvm/java-6-openjdk-i386/jre/lib/i386/libnet.so
b3621000-b3622000 rw-p 00015000 08:01 1839614    /usr/lib/jvm/java-6-openjdk-i386/jre/lib/i386/libnet.so
b3622000-b3625000 ---p 00000000 00:00 0 
b3625000-b3673000 rw-p 00000000 00:00 0          [stack:8363]
b3673000-b36c1000 r--s 008b6000 08:01 2243423    /opt/eclipse-standard/plugins/com.ibm.icu_50.1.1.v201304230130.jar
b36c1000-b3703000 r--s 00367000 08:01 2243377    /opt/eclipse-standard/plugins/org.eclipse.ui.workbench_3.105.1.v20130821-1411.jar
b3703000-b3716000 r--s 000e0000 08:01 2243213    /opt/eclipse-standard/plugins/org.eclipse.jface.text_3.8.101.v20130802-1147.jar
b3716000-b372a000 r--s 000f9000 08:01 2243526    /opt/eclipse-standard/plugins/org.eclipse.jface_3.9.1.v20130725-1141.jar
b372a000-b373f000 r--s 0023a000 08:01 2243675    /opt/eclipse-standard/plugins/org.eclipse.swt.gtk.linux.x86_3.102.1.v20130827-2048.jar
b373f000-b3784000 r-xp 00000000 08:01 11892      /usr/lib/i386-linux-gnu/libjpeg.so.8.0.2
b3784000-b3785000 r--p 00044000 08:01 11892      /usr/lib/i386-linux-gnu/libjpeg.so.8.0.2
b3785000-b3786000 rw-p 00045000 08:01 11892      /usr/lib/i386-linux-gnu/libjpeg.so.8.0.2
b3786000-b3796000 rw-p 00000000 00:00 0 
b3796000-b37be000 r-xp 00000000 08:01 252306     /lib/i386-linux-gnu/libpng12.so.0.46.0
b37be000-b37bf000 r--p 00027000 08:01 252306     /lib/i386-linux-gnu/libpng12.so.0.46.0
b37bf000-b37c0000 rw-p 00028000 08:01 252306     /lib/i386-linux-gnu/libpng12.so.0.46.0
b37c0000-b37c3000 ---p 00000000 00:00 0 
b37c3000-b3811000 rw-p 00000000 00:00 0          [stack:8362]
b3811000-b3814000 ---p 00000000 00:00 0 
b3814000-b3862000 rw-p 00000000 00:00 0          [stack:8361]
b3862000-b3865000 ---p 00000000 00:00 0 
b3865000-b38b3000 rw-p 00000000 00:00 0          [stack:8360]
b38b3000-b38b4000 r--s 00000000 08:01 3570       /var/cache/fontconfig/c05880de57d1f5e948fdfacc138775d9-le32d4.cache-3
b38b4000-b38ba000 r--s 00000000 08:01 3565       /var/cache/fontconfig/945677eb7aeaf62f1d50efc3fb3ec7d8-le32d4.cache-3
b38ba000-b38bd000 r--s 00000000 08:01 519519     /var/cache/fontconfig/99e8ed0e538f840c565b6ed5dad60d56-le32d4.cache-3
b38bd000-b38c0000 r--s 00000000 08:01 3552       /var/cache/fontconfig/2cd17615ca594fa2959ae173292e504c-le32d4.cache-3
b38c0000-b38c1000 r--s 00000000 08:01 3577       /var/cache/fontconfig/e7071f4a29fa870f4323321c154eba04-le32d4.cache-3
b38c1000-b38c2000 r--s 00000000 08:01 3550       /var/cache/fontconfig/0d8c3b2ac0904cb8a57a757ad11a4a08-le32d4.cache-3
b38c2000-b38c6000 r--s 00000000 08:01 3567       /var/cache/fontconfig/a755afe4a08bf5b97852ceb7400b47bc-le32d4.cache-3
b38c6000-b38cd000 r--s 00000000 08:01 1579180    /var/cache/fontconfig/6d41288fd70b0be22e8c3a91e032eec0-le32d4.cache-3
b38cd000-b38d8000 r--s 00000000 08:01 3549       /var/cache/fontconfig/04aabc0a78ac019cf9454389977116d2-le32d4.cache-3
b38d8000-b38db000 r--s 00000000 08:01 3555       /var/cache/fontconfig/385c0604a188198f04d133e54aba7fe7-le32d4.cache-3
b38db000-b38dc000 r--s 00000000 08:01 3572       /var/cache/fontconfig/4794a0821666d79190d59a36cb4f44b5-le32d4.cache-3
b38dc000-b38e0000 r--s 00000000 08:01 3553       /var/cache/fontconfig/3047814df9a2f067bd2d96a2b9c36e5a-le32d4.cache-3
b38e0000-b38e5000 r--s 00045000 08:01 2243421    /opt/eclipse-standard/plugins/org.eclipse.ui.forms_3.6.1.v20130822-1117.jar
b38e5000-b38ea000 r--s 00038000 08:01 2243571    /opt/eclipse-standard/plugins/org.eclipse.text_3.5.300.v20130515-1451.jar
b38ea000-b38f2000 r-xp 00000000 08:01 1839774    /usr/lib/i386-linux-gnu/libgif.so.4.1.6
b38f2000-b38f3000 r--p 00007000 08:01 1839774    /usr/lib/i386-linux-gnu/libgif.so.4.1.6
b38f3000-b38f4000 rw-p 00008000 08:01 1839774    /usr/lib/i386-linux-gnu/libgif.so.4.1.6
b38f4000-b38f6000 rw-p 00000000 00:00 0 
b38f6000-b390a000 r--s 00140000 08:01 2243684    /opt/eclipse-standard/plugins/org.eclipse.osgi_3.9.1.v20130814-1242.jar
b390a000-b390b000 r--s 00000000 08:01 3570       /var/cache/fontconfig/c05880de57d1f5e948fdfacc138775d9-le32d4.cache-3
b390b000-b3911000 r--s 00000000 08:01 3565       /var/cache/fontconfig/945677eb7aeaf62f1d50efc3fb3ec7d8-le32d4.cache-3
b3911000-b3914000 r--s 00000000 08:01 519519     /var/cache/fontconfig/99e8ed0e538f840c565b6ed5dad60d56-le32d4.cache-3
b3914000-b3917000 r--s 00000000 08:01 3552       /var/cache/fontconfig/2cd17615ca594fa2959ae173292e504c-le32d4.cache-3
b3917000-b3918000 r--s 00000000 08:01 3577       /var/cache/fontconfig/e7071f4a29fa870f4323321c154eba04-le32d4.cache-3
b3918000-b3919000 r--s 00000000 08:01 3550       /var/cache/fontconfig/0d8c3b2ac0904cb8a57a757ad11a4a08-le32d4.cache-3
b3919000-b391d000 r--s 00000000 08:01 3567       /var/cache/fontconfig/a755afe4a08bf5b97852ceb7400b47bc-le32d4.cache-3
b391d000-b3924000 r--s 00000000 08:01 1579180    /var/cache/fontconfig/6d41288fd70b0be22e8c3a91e032eec0-le32d4.cache-3
b3924000-b392f000 r--s 00000000 08:01 3549       /var/cache/fontconfig/04aabc0a78ac019cf9454389977116d2-le32d4.cache-3
b392f000-b3932000 r--s 00000000 08:01 3555       /var/cache/fontconfig/385c0604a188198f04d133e54aba7fe7-le32d4.cache-3
b3932000-b3936000 r--s 00000000 08:01 3553       /var/cache/fontconfig/3047814df9a2f067bd2d96a2b9c36e5a-le32d4.cache-3
b3936000-b3939000 r--s 00000000 08:01 3564       /var/cache/fontconfig/8801497958630a81b71ace7c5f9b32a8-le32d4.cache-3
b3939000-b393d000 r--s 00000000 08:01 3568       /var/cache/fontconfig/b47c4e1ecd0709278f4910c18777a504-le32d4.cache-3
b393d000-b394a000 r--s 00000000 08:01 3573       /var/cache/fontconfig/d52a8644073d54c13679302ca1180695-le32d4.cache-3
b394a000-b394d000 r--s 00019000 08:01 864259     /home/chaol/workspace-java/ADP-Demo-GUI/src/com/adp/clocks/synergy2416/res/v4l4j.jar
b394d000-b3950000 r--s 0002a000 08:01 2243555    /opt/eclipse-standard/plugins/org.eclipse.equinox.registry_3.5.301.v20130717-1549.jar
b3950000-b3954000 r-xp 00000000 08:01 13641      /usr/lib/i386-linux-gnu/libXfixes.so.3.1.0
b3954000-b3955000 r--p 00004000 08:01 13641      /usr/lib/i386-linux-gnu/libXfixes.so.3.1.0
b3955000-b3956000 rw-p 00005000 08:01 13641      /usr/lib/i386-linux-gnu/libXfixes.so.3.1.0
b3956000-b395f000 r-xp 00000000 08:01 16793      /usr/lib/i386-linux-gnu/libXcursor.so.1.0.2
b395f000-b3960000 r--p 00008000 08:01 16793      /usr/lib/i386-linux-gnu/libXcursor.so.1.0.2
b3960000-b3961000 rw-p 00009000 08:01 16793      /usr/lib/i386-linux-gnu/libXcursor.so.1.0.2
b3961000-b3963000 r--s 00010000 08:01 2243198    /opt/eclipse-standard/plugins/org.eclipse.core.runtime_3.9.0.v20130326-1255.jar
b3963000-b3966000 r--s 00018000 08:01 2243752    /opt/eclipse-standard/plugins/org.eclipse.equinox.common_3.6.200.v20130402-1505.jar
b3966000-b3969000 r--s 00018000 08:01 2243511    /opt/eclipse-standard/plugins/org.eclipse.core.commands_3.6.100.v20130515-1857.jar
b3969000-b396a000 rw-p 00000000 00:00 0 
b396a000-b3973000 r-xp 00000000 08:01 1839791    /usr/lib/jvm/java-6-openjdk-i386/jre/lib/i386/libsplashscreen.so
b3973000-b3974000 r--p 00008000 08:01 1839791    /usr/lib/jvm/java-6-openjdk-i386/jre/lib/i386/libsplashscreen.so
b3974000-b3975000 rw-p 00009000 08:01 1839791    /usr/lib/jvm/java-6-openjdk-i386/jre/lib/i386/libsplashscreen.so
b3975000-b3977000 rw-p 00000000 00:00 0 
b3977000-b397e000 r--s 000fc000 08:01 1838998    /usr/lib/jvm/java-6-openjdk-common/jre/lib/resources.jar
b397e000-b397f000 r--s 00000000 08:01 3558       /var/cache/fontconfig/56cf4f4769d0f4abc89a4895d7bd3ae1-le32d4.cache-3
b397f000-b3980000 r--s 00000000 08:01 3569       /var/cache/fontconfig/b9d506c9ac06c20b433354fa67a72993-le32d4.cache-3
b3980000-b3989000 r--s 00000000 08:01 519518     /var/cache/fontconfig/089dead882dea3570ffc31a9898cfb69-le32d4.cache-3
b3989000-b3991000 r--s 00000000 08:01 11176      /var/cache/fontconfig/e13b20fdb08344e0e664864cc2ede53d-le32d4.cache-3
b3991000-b3994000 r--s 00000000 08:01 519517     /var/cache/fontconfig/7ef2298fde41cc6eeb7af42e48b7d293-le32d4.cache-3
b3994000-b3997000 ---p 00000000 00:00 0 
b3997000-b39e5000 rw-p 00000000 00:00 0          [stack:8359]
b39e5000-b3a7a000 r-xp 00000000 08:01 16989      /usr/lib/i386-linux-gnu/libfreetype.so.6.8.0
b3a7a000-b3a7e000 r--p 00094000 08:01 16989      /usr/lib/i386-linux-gnu/libfreetype.so.6.8.0
b3a7e000-b3a7f000 rw-p 00098000 08:01 16989      /usr/lib/i386-linux-gnu/libfreetype.so.6.8.0
b3a7f000-b3ac7000 r-xp 00000000 08:01 1839595    /usr/lib/jvm/java-6-openjdk-i386/jre/lib/i386/libfontmanager.so
b3ac7000-b3ac8000 r--p 00048000 08:01 1839595    /usr/lib/jvm/java-6-openjdk-i386/jre/lib/i386/libfontmanager.so
b3ac8000-b3ac9000 rw-p 00049000 08:01 1839595    /usr/lib/jvm/java-6-openjdk-i386/jre/lib/i386/libfontmanager.so
b3ac9000-b3ae8000 r-xp 00000000 08:01 17393      /usr/lib/i386-linux-gnu/libxcb.so.1.1.0
b3ae8000-b3ae9000 r--p 0001f000 08:01 17393      /usr/lib/i386-linux-gnu/libxcb.so.1.1.0
b3ae9000-b3aea000 rw-p 00020000 08:01 17393      /usr/lib/i386-linux-gnu/libxcb.so.1.1.0
b3aea000-b3c1a000 r-xp 00000000 08:01 14323      /usr/lib/i386-linux-gnu/libX11.so.6.3.0
b3c1a000-b3c1b000 r--p 0012f000 08:01 14323      /usr/lib/i386-linux-gnu/libX11.so.6.3.0
b3c1b000-b3c1d000 rw-p 00130000 08:01 14323      /usr/lib/i386-linux-gnu/libX11.so.6.3.0
b3c1d000-b3c1e000 rw-p 00000000 00:00 0 
b3c1e000-b3c6a000 r-xp 00000000 08:01 1839789    /usr/lib/jvm/java-6-openjdk-i386/jre/lib/i386/xawt/libmawt.so
b3c6a000-b3c6b000 r--p 0004b000 08:01 1839789    /usr/lib/jvm/java-6-openjdk-i386/jre/lib/i386/xawt/libmawt.so
b3c6b000-b3c6d000 rw-p 0004c000 08:01 1839789    /usr/lib/jvm/java-6-openjdk-i386/jre/lib/i386/xawt/libmawt.so
b3c6d000-b3c6e000 rw-p 00000000 00:00 0 
b3c6e000-b3d02000 r-xp 00000000 08:01 1839605    /usr/lib/jvm/java-6-openjdk-i386/jre/lib/i386/libawt.so
b3d02000-b3d03000 r--p 00093000 08:01 1839605    /usr/lib/jvm/java-6-openjdk-i386/jre/lib/i386/libawt.so
b3d03000-b3d0a000 rw-p 00094000 08:01 1839605    /usr/lib/jvm/java-6-openjdk-i386/jre/lib/i386/libawt.so
b3d0a000-b3d2e000 rw-p 00000000 00:00 0 
b3d2e000-b3d2f000 ---p 00000000 00:00 0 
b3d2f000-b3daf000 rw-p 00000000 00:00 0          [stack:8358]
b3daf000-b3db2000 ---p 00000000 00:00 0 
b3db2000-b3e00000 rw-p 00000000 00:00 0          [stack:8357]
b3e00000-b4000000 r--p 00000000 08:01 19412      /usr/lib/locale/locale-archive
b4000000-b4062000 rw-p 00000000 00:00 0 
b4062000-b4100000 ---p 00000000 00:00 0 
b4100000-b4101000 r--s 00000000 08:01 3572       /var/cache/fontconfig/4794a0821666d79190d59a36cb4f44b5-le32d4.cache-3
b4101000-b4105000 r--s 00000000 08:01 3568       /var/cache/fontconfig/b47c4e1ecd0709278f4910c18777a504-le32d4.cache-3
b4105000-b4112000 r--s 00000000 08:01 3573       /var/cache/fontconfig/d52a8644073d54c13679302ca1180695-le32d4.cache-3
b4112000-b4117000 r-xp 00000000 08:01 16797      /usr/lib/i386-linux-gnu/libXdmcp.so.6.0.0
b4117000-b4118000 r--p 00004000 08:01 16797      /usr/lib/i386-linux-gnu/libXdmcp.so.6.0.0
b4118000-b4119000 rw-p 00005000 08:01 16797      /usr/lib/i386-linux-gnu/libXdmcp.so.6.0.0
b4119000-b411b000 r-xp 00000000 08:01 16786      /usr/lib/i386-linux-gnu/libXau.so.6.0.0
b411b000-b411c000 r--p 00001000 08:01 16786      /usr/lib/i386-linux-gnu/libXau.so.6.0.0
b411c000-b411d000 rw-p 00002000 08:01 16786      /usr/lib/i386-linux-gnu/libXau.so.6.0.0
b411d000-b412c000 r-xp 00000000 08:01 8381       /usr/lib/i386-linux-gnu/libXi.so.6.1.0
b412c000-b412d000 r--p 0000e000 08:01 8381       /usr/lib/i386-linux-gnu/libXi.so.6.1.0
b412d000-b412e000 rw-p 0000f000 08:01 8381       /usr/lib/i386-linux-gnu/libXi.so.6.1.0
b412e000-b4131000 ---p 00000000 00:00 0 
b4131000-b41af000 rw-p 00000000 00:00 0          [stack:8356]
b41af000-b41b2000 ---p 00000000 00:00 0 
b41b2000-b4200000 rw-p 00000000 00:00 0          [stack:8355]
b4200000-b42fb000 rw-p 00000000 00:00 0 
b42fb000-b4300000 ---p 00000000 00:00 0 
b4300000-b4303000 r--s 00000000 08:01 3564       /var/cache/fontconfig/8801497958630a81b71ace7c5f9b32a8-le32d4.cache-3
b4303000-b4308000 r-xp 00000000 08:01 16825      /usr/lib/i386-linux-gnu/libXtst.so.6.1.0
b4308000-b4309000 r--p 00004000 08:01 16825      /usr/lib/i386-linux-gnu/libXtst.so.6.1.0
b4309000-b430a000 rw-p 00005000 08:01 16825      /usr/lib/i386-linux-gnu/libXtst.so.6.1.0
b430a000-b4312000 r-xp 00000000 08:01 16821      /usr/lib/i386-linux-gnu/libXrender.so.1.3.0
b4312000-b4313000 r--p 00007000 08:01 16821      /usr/lib/i386-linux-gnu/libXrender.so.1.3.0
b4313000-b4314000 rw-p 00008000 08:01 16821      /usr/lib/i386-linux-gnu/libXrender.so.1.3.0
b4314000-b4324000 r-xp 00000000 08:01 16799      /usr/lib/i386-linux-gnu/libXext.so.6.4.0
b4324000-b4325000 r--p 0000f000 08:01 16799      /usr/lib/i386-linux-gnu/libXext.so.6.4.0
b4325000-b4326000 rw-p 00010000 08:01 16799      /usr/lib/i386-linux-gnu/libXext.so.6.4.0
b4326000-b4327000 r--s 00000000 08:01 3558       /var/cache/fontconfig/56cf4f4769d0f4abc89a4895d7bd3ae1-le32d4.cache-3
b4327000-b4328000 r--s 00000000 08:01 3569       /var/cache/fontconfig/b9d506c9ac06c20b433354fa67a72993-le32d4.cache-3
b4328000-b4331000 r--s 00000000 08:01 519518     /var/cache/fontconfig/089dead882dea3570ffc31a9898cfb69-le32d4.cache-3
b4331000-b4339000 r--s 00000000 08:01 11176      /var/cache/fontconfig/e13b20fdb08344e0e664864cc2ede53d-le32d4.cache-3
b4339000-b433c000 r--s 00000000 08:01 519517     /var/cache/fontconfig/7ef2298fde41cc6eeb7af42e48b7d293-le32d4.cache-3
b433c000-b433e000 r--s 0000f000 08:01 1838988    /usr/lib/jvm/java-6-openjdk-common/jre/lib/ext/pulse-java.jar
b433e000-b4341000 r--s 00077000 08:01 1838989    /usr/lib/jvm/java-6-openjdk-common/jre/lib/ext/localedata.jar
b4341000-b4345000 r--s 00039000 08:01 1838987    /usr/lib/jvm/java-6-openjdk-common/jre/lib/ext/sunpkcs11.jar
b4345000-b4348000 ---p 00000000 00:00 0 
b4348000-b4396000 rw-p 00000000 00:00 0          [stack:8354]
b4396000-b4399000 ---p 00000000 00:00 0 
b4399000-b43e7000 rw-p 00000000 00:00 0          [stack:8353]
b43e7000-b43e8000 ---p 00000000 00:00 0 
b43e8000-b449b000 rw-p 00000000 00:00 0          [stack:8352]
b449b000-b462f000 r--s 03822000 08:01 1839584    /usr/lib/jvm/java-6-openjdk-i386/jre/lib/rt.jar
b462f000-b463d000 rw-p 00000000 00:00 0 
b463d000-b4657000 rw-p 00000000 00:00 0 
b4657000-b465d000 rw-p 00000000 00:00 0 
b465d000-b4702000 rw-p 00000000 00:00 0 
b4702000-b4705000 rw-p 00000000 00:00 0 
b4705000-b4757000 rw-p 00000000 00:00 0 
b4757000-b475d000 rw-p 00000000 00:00 0 
b475d000-b4802000 rw-p 00000000 00:00 0 
b4802000-b4808000 rw-p 00000000 00:00 0 
b4808000-b4822000 rw-p 00000000 00:00 0 
b4822000-b4833000 rw-p 00000000 00:00 0 
b4833000-b48ae000 rw-p 00000000 00:00 0 
b48ae000-b49b6000 rwxp 00000000 00:00 0 
b49b6000-b68ae000 rw-p 00000000 00:00 0 
b68ae000-b68b9000 r-xp 00000000 08:01 255736     /lib/i386-linux-gnu/libnss_files-2.15.so
b68b9000-b68ba000 r--p 0000a000 08:01 255736     /lib/i386-linux-gnu/libnss_files-2.15.so
b68ba000-b68bb000 rw-p 0000b000 08:01 255736     /lib/i386-linux-gnu/libnss_files-2.15.so
b68bb000-b68c5000 r-xp 00000000 08:01 255735     /lib/i386-linux-gnu/libnss_nis-2.15.so
b68c5000-b68c6000 r--p 00009000 08:01 255735     /lib/i386-linux-gnu/libnss_nis-2.15.so
b68c6000-b68c7000 rw-p 0000a000 08:01 255735     /lib/i386-linux-gnu/libnss_nis-2.15.so
b68c7000-b68dd000 r-xp 00000000 08:01 252399     /lib/i386-linux-gnu/libnsl-2.15.so
b68dd000-b68de000 r--p 00015000 08:01 252399     /lib/i386-linux-gnu/libnsl-2.15.so
b68de000-b68df000 rw-p 00016000 08:01 252399     /lib/i386-linux-gnu/libnsl-2.15.so
b68df000-b68e1000 rw-p 00000000 00:00 0 
b68e1000-b68e8000 r-xp 00000000 08:01 255737     /lib/i386-linux-gnu/libnss_compat-2.15.so
b68e8000-b68e9000 r--p 00006000 08:01 255737     /lib/i386-linux-gnu/libnss_compat-2.15.so
b68e9000-b68ea000 rw-p 00007000 08:01 255737     /lib/i386-linux-gnu/libnss_compat-2.15.so
b68ea000-b68ec000 r--s 00001000 08:01 1838990    /usr/lib/jvm/java-6-openjdk-common/jre/lib/ext/dnsns.jar
b68ec000-b68ef000 r--s 00031000 08:01 1838991    /usr/lib/jvm/java-6-openjdk-common/jre/lib/ext/sunjce_provider.jar
b68ef000-b68f6000 r-xp 00000000 08:01 1839612    /usr/lib/jvm/java-6-openjdk-i386/jre/lib/i386/libzip.so
b68f6000-b68f7000 r--p 00006000 08:01 1839612    /usr/lib/jvm/java-6-openjdk-i386/jre/lib/i386/libzip.so
b68f7000-b68f8000 rw-p 00007000 08:01 1839612    /usr/lib/jvm/java-6-openjdk-i386/jre/lib/i386/libzip.so
b68f8000-b6900000 rw-s 00000000 08:01 944400     /tmp/hsperfdata_chaol/8345
b6900000-b69ac000 rw-p 00000000 00:00 0 
b69ac000-b6a00000 ---p 00000000 00:00 0 
b6a00000-b6a01000 r--s 00007000 08:01 1839824    /usr/share/java/java-atk-wrapper.jar
b6a01000-b6a02000 r--p 005e0000 08:01 19412      /usr/lib/locale/locale-archive
b6a02000-b6a28000 r-xp 00000000 08:01 1839598    /usr/lib/jvm/java-6-openjdk-i386/jre/lib/i386/libjava.so
b6a28000-b6a29000 r--p 00025000 08:01 1839598    /usr/lib/jvm/java-6-openjdk-i386/jre/lib/i386/libjava.so
b6a29000-b6a2b000 rw-p 00026000 08:01 1839598    /usr/lib/jvm/java-6-openjdk-i386/jre/lib/i386/libjava.so
b6a2b000-b6a32000 r-xp 00000000 08:01 252408     /lib/i386-linux-gnu/librt-2.15.so
b6a32000-b6a33000 r--p 00006000 08:01 252408     /lib/i386-linux-gnu/librt-2.15.so
b6a33000-b6a34000 rw-p 00007000 08:01 252408     /lib/i386-linux-gnu/librt-2.15.so
b6a34000-b6a37000 ---p 00000000 00:00 0 
b6a37000-b6a85000 rw-p 00000000 00:00 0          [stack:8349]
b6a85000-b6aa1000 r-xp 00000000 08:01 252257     /lib/i386-linux-gnu/libgcc_s.so.1
b6aa1000-b6aa2000 r--p 0001b000 08:01 252257     /lib/i386-linux-gnu/libgcc_s.so.1
b6aa2000-b6aa3000 rw-p 0001c000 08:01 252257     /lib/i386-linux-gnu/libgcc_s.so.1
b6aa3000-b6acd000 r-xp 00000000 08:01 255734     /lib/i386-linux-gnu/libm-2.15.so
b6acd000-b6ace000 r--p 00029000 08:01 255734     /lib/i386-linux-gnu/libm-2.15.so
b6ace000-b6acf000 rw-p 0002a000 08:01 255734     /lib/i386-linux-gnu/libm-2.15.so
b6acf000-b6ba7000 r-xp 00000000 08:01 17329      /usr/lib/i386-linux-gnu/libstdc++.so.6.0.16
b6ba7000-b6ba8000 ---p 000d8000 08:01 17329      /usr/lib/i386-linux-gnu/libstdc++.so.6.0.16
b6ba8000-b6bac000 r--p 000d8000 08:01 17329      /usr/lib/i386-linux-gnu/libstdc++.so.6.0.16
b6bac000-b6bad000 rw-p 000dc000 08:01 17329      /usr/lib/i386-linux-gnu/libstdc++.so.6.0.16
b6bad000-b6bb4000 rw-p 00000000 00:00 0 
b6bb4000-b70c9000 r-xp 00000000 08:01 1839604    /usr/lib/jvm/java-6-openjdk-i386/jre/lib/i386/client/libjvm.so
b70c9000-b70e0000 r--p 00514000 08:01 1839604    /usr/lib/jvm/java-6-openjdk-i386/jre/lib/i386/client/libjvm.so
b70e0000-b70ed000 rw-p 0052b000 08:01 1839604    /usr/lib/jvm/java-6-openjdk-i386/jre/lib/i386/client/libjvm.so
b70ed000-b7507000 rw-p 00000000 00:00 0 
b7507000-b751b000 r-xp 00000000 08:01 252336     /lib/i386-linux-gnu/libz.so.1.2.3.4
b751b000-b751c000 r--p 00013000 08:01 252336     /lib/i386-linux-gnu/libz.so.1.2.3.4
b751c000-b751d000 rw-p 00014000 08:01 252336     /lib/i386-linux-gnu/libz.so.1.2.3.4
b751d000-b76c1000 r-xp 00000000 08:01 255739     /lib/i386-linux-gnu/libc-2.15.so
b76c1000-b76c3000 r--p 001a4000 08:01 255739     /lib/i386-linux-gnu/libc-2.15.so
b76c3000-b76c4000 rw-p 001a6000 08:01 255739     /lib/i386-linux-gnu/libc-2.15.so
b76c4000-b76c7000 rw-p 00000000 00:00 0 
b76c7000-b76ca000 r-xp 00000000 08:01 255738     /lib/i386-linux-gnu/libdl-2.15.so
b76ca000-b76cb000 r--p 00002000 08:01 255738     /lib/i386-linux-gnu/libdl-2.15.so
b76cb000-b76cc000 rw-p 00003000 08:01 255738     /lib/i386-linux-gnu/libdl-2.15.so
b76cc000-b76d0000 r-xp 00000000 08:01 1839611    /usr/lib/jvm/java-6-openjdk-i386/jre/lib/i386/jli/libjli.so
b76d0000-b76d1000 r--p 00003000 08:01 1839611    /usr/lib/jvm/java-6-openjdk-i386/jre/lib/i386/jli/libjli.so
b76d1000-b76d2000 rw-p 00004000 08:01 1839611    /usr/lib/jvm/java-6-openjdk-i386/jre/lib/i386/jli/libjli.so
b76d2000-b76d3000 rw-p 00000000 00:00 0 
b76d3000-b76ea000 r-xp 00000000 08:01 252406     /lib/i386-linux-gnu/libpthread-2.15.so
b76ea000-b76eb000 r--p 00016000 08:01 252406     /lib/i386-linux-gnu/libpthread-2.15.so
b76eb000-b76ec000 rw-p 00017000 08:01 252406     /lib/i386-linux-gnu/libpthread-2.15.so
b76ec000-b76f4000 rw-p 00000000 00:00 0 
b76f4000-b76f5000 rw-p 00000000 00:00 0 
b76f5000-b76f6000 r--p 00000000 00:00 0 
b76f6000-b7701000 r-xp 00000000 08:01 1839627    /usr/lib/jvm/java-6-openjdk-i386/jre/lib/i386/libverify.so
b7701000-b7702000 ---p 0000b000 08:01 1839627    /usr/lib/jvm/java-6-openjdk-i386/jre/lib/i386/libverify.so
b7702000-b7703000 r--p 0000b000 08:01 1839627    /usr/lib/jvm/java-6-openjdk-i386/jre/lib/i386/libverify.so
b7703000-b7704000 rw-p 0000c000 08:01 1839627    /usr/lib/jvm/java-6-openjdk-i386/jre/lib/i386/libverify.so
b7704000-b7706000 rw-p 00000000 00:00 0 
b7706000-b7707000 r-xp 00000000 00:00 0          [vdso]
b7707000-b7727000 r-xp 00000000 08:01 252407     /lib/i386-linux-gnu/ld-2.15.so
b7727000-b7728000 r--p 0001f000 08:01 252407     /lib/i386-linux-gnu/ld-2.15.so
b7728000-b7729000 rw-p 00020000 08:01 252407     /lib/i386-linux-gnu/ld-2.15.so
bfa30000-bfa52000 rw-p 00000000 00:00 0          [stack]

VM Arguments:
jvm_args: -Dfile.encoding=UTF-8 
java_command: com.adp.clocks.synergy2416.demo.MainWindow psplash:res/Background.png
Launcher Type: SUN_STANDARD

Environment Variables:
PATH=/usr/lib/lightdm/lightdm:/usr/local/sbin:/usr/local/bin:/usr/sbin:/usr/bin:/sbin:/bin:/usr/games
LD_LIBRARY_PATH=/usr/lib/jvm/java-6-openjdk-i386/jre/lib/i386/client:/usr/lib/jvm/java-6-openjdk-i386/jre/lib/i386:/usr/lib/jvm/java-6-openjdk-i386/jre/../lib/i386:/usr/lib/jni
SHELL=/bin/bash
DISPLAY=:0

Signal Handlers:
SIGSEGV: [libjvm.so+0x3e8020], sa_mask[0]=0x7ffbfeff, sa_flags=0x10000004
SIGBUS: [libjvm.so+0x3e8020], sa_mask[0]=0x7ffbfeff, sa_flags=0x10000004
SIGFPE: [libjvm.so+0x304080], sa_mask[0]=0x7ffbfeff, sa_flags=0x10000004
SIGPIPE: [libjvm.so+0x304080], sa_mask[0]=0x7ffbfeff, sa_flags=0x10000004
SIGXFSZ: [libjvm.so+0x304080], sa_mask[0]=0x7ffbfeff, sa_flags=0x10000004
SIGILL: [libjvm.so+0x304080], sa_mask[0]=0x7ffbfeff, sa_flags=0x10000004
SIGUSR1: SIG_DFL, sa_mask[0]=0x00000000, sa_flags=0x00000000
SIGUSR2: [libjvm.so+0x303f10], sa_mask[0]=0x00000004, sa_flags=0x10000004
SIGHUP: [libjvm.so+0x306ea0], sa_mask[0]=0x7ffbfeff, sa_flags=0x10000004
SIGINT: [libjvm.so+0x306ea0], sa_mask[0]=0x7ffbfeff, sa_flags=0x10000004
SIGTERM: [libjvm.so+0x306ea0], sa_mask[0]=0x7ffbfeff, sa_flags=0x10000004
SIGQUIT: [libjvm.so+0x306ea0], sa_mask[0]=0x7ffbfeff, sa_flags=0x10000004


---------------  S Y S T E M  ---------------

OS:Ubuntu 12.04 (precise)
uname:Linux 3.8.0-36-generic #52~precise1-Ubuntu SMP Mon Feb 3 21:56:56 UTC 2014 i686
libc:glibc 2.15 NPTL 2.15 
rlimit: STACK 8192k, CORE 0k, NPROC 24036, NOFILE 4096, AS infinity
load average:0.37 0.20 0.20

/proc/meminfo:
MemTotal:        3093208 kB
MemFree:          794368 kB
Buffers:           80900 kB
Cached:          1211496 kB
SwapCached:            0 kB
Active:          1191568 kB
Inactive:        1017936 kB
Active(anon):     917988 kB
Inactive(anon):   326580 kB
Active(file):     273580 kB
Inactive(file):   691356 kB
Unevictable:           0 kB
Mlocked:               0 kB
HighTotal:       2222632 kB
HighFree:          72284 kB
LowTotal:         870576 kB
LowFree:          722084 kB
SwapTotal:             0 kB
SwapFree:              0 kB
Dirty:               112 kB
Writeback:             0 kB
AnonPages:        916988 kB
Mapped:           234360 kB
Shmem:            327464 kB
Slab:              43108 kB
SReclaimable:      25200 kB
SUnreclaim:        17908 kB
KernelStack:        5064 kB
PageTables:        14140 kB
NFS_Unstable:          0 kB
Bounce:                0 kB
WritebackTmp:          0 kB
CommitLimit:     1546604 kB
Committed_AS:    4893924 kB
VmallocTotal:     122880 kB
VmallocUsed:       33424 kB
VmallocChunk:      80960 kB
HardwareCorrupted:     0 kB
AnonHugePages:         0 kB
HugePages_Total:       0
HugePages_Free:        0
HugePages_Rsvd:        0
HugePages_Surp:        0
Hugepagesize:       2048 kB
DirectMap4k:       16376 kB
DirectMap2M:      897024 kB


CPU:total 2 (1 cores per cpu, 2 threads per core) family 15 model 4 stepping 9, cmov, cx8, fxsr, mmx, sse, sse2, sse3, ht

Memory: 4k page, physical 3093208k(794368k free), swap 0k(0k free)

vm_info: OpenJDK Client VM (20.0-b12) for linux-x86 JRE (1.6.0_27-b27), built on Nov 16 2013 15:23:20 by "buildd" with gcc 4.6.3

time: Thu Feb 20 01:24:33 2014
elapsed time: 4 seconds

